[0.945s] Invoking command in '/home/robotec/ros2_ws/build/libuvc': /usr/bin/cmake --build /home/robotec/ros2_ws/build/libuvc -- -j4 -l4
[1.122s] [ 45%] Built target uvc
[1.176s] [ 90%] Built target uvc_static
[1.201s] [100%] Built target example
[1.753s] Invoked command in '/home/robotec/ros2_ws/build/libuvc' returned '0': /usr/bin/cmake --build /home/robotec/ros2_ws/build/libuvc -- -j4 -l4
[1.777s] Invoking command in '/home/robotec/ros2_ws/build/libuvc': /usr/bin/cmake --install /home/robotec/ros2_ws/build/libuvc
[1.819s] -- Install configuration: "Release"
[1.820s] -- Up-to-date: /home/robotec/ros2_ws/install/libuvc/lib/libuvc.so.0.0.7
[1.820s] -- Up-to-date: /home/robotec/ros2_ws/install/libuvc/lib/libuvc.so.0
[1.820s] -- Up-to-date: /home/robotec/ros2_ws/install/libuvc/lib/libuvc.so
[1.820s] -- Up-to-date: /home/robotec/ros2_ws/install/libuvc/include/libuvc/libuvc.h
[1.821s] -- Up-to-date: /home/robotec/ros2_ws/install/libuvc/include/libuvc/libuvc_config.h
[1.821s] -- Up-to-date: /home/robotec/ros2_ws/install/libuvc/lib/libuvc.a
[1.821s] -- Up-to-date: /home/robotec/ros2_ws/install/libuvc/include/libuvc/libuvc.h
[1.822s] -- Up-to-date: /home/robotec/ros2_ws/install/libuvc/include/libuvc/libuvc_config.h
[1.823s] -- Up-to-date: /home/robotec/ros2_ws/install/libuvc/lib/cmake/libuvc/libuvcTargets.cmake
[1.824s] -- Up-to-date: /home/robotec/ros2_ws/install/libuvc/lib/cmake/libuvc/libuvcTargets-release.cmake
[1.827s] -- Up-to-date: /home/robotec/ros2_ws/install/libuvc/lib/cmake/libuvc/FindLibUSB.cmake
[1.828s] -- Up-to-date: /home/robotec/ros2_ws/install/libuvc/lib/cmake/libuvc/FindJpegPkg.cmake
[1.830s] -- Up-to-date: /home/robotec/ros2_ws/install/libuvc/lib/cmake/libuvc/libuvcConfigVersion.cmake
[1.830s] -- Up-to-date: /home/robotec/ros2_ws/install/libuvc/lib/pkgconfig/libuvc.pc
[1.830s] -- Up-to-date: /home/robotec/ros2_ws/install/libuvc/lib/cmake/libuvc/libuvcConfig.cmake
[1.843s] Invoked command in '/home/robotec/ros2_ws/build/libuvc' returned '0': /usr/bin/cmake --install /home/robotec/ros2_ws/build/libuvc
