[0.990s] DEBUG:colcon:Command line arguments: ['/usr/bin/colcon', 'build', '--executor', 'sequential']
[0.991s] DEBUG:colcon:Parsed command line arguments: Namespace(log_base=None, log_level=None, verb_name='build', build_base='build', install_base='install', merge_install=False, symlink_install=False, test_result_base=None, continue_on_error=False, executor='sequential', parallel_workers=4, event_handlers=None, ignore_user_meta=False, metas=['./colcon.meta'], base_paths=['.'], packages_ignore=None, packages_ignore_regex=None, paths=None, packages_up_to=None, packages_up_to_regex=None, packages_above=None, packages_above_and_dependencies=None, packages_above_depth=None, packages_select_by_dep=None, packages_skip_by_dep=None, packages_skip_up_to=None, packages_select_build_failed=False, packages_skip_build_finished=False, packages_select_test_failures=False, packages_skip_test_passed=False, packages_select=None, packages_skip=None, packages_select_regex=None, packages_skip_regex=None, packages_start=None, packages_end=None, allow_overriding=[], cmake_args=None, cmake_target=None, cmake_target_skip_unavailable=False, cmake_clean_cache=False, cmake_clean_first=False, cmake_force_configure=False, ament_cmake_args=None, catkin_cmake_args=None, catkin_skip_building_tests=False, verb_parser=<colcon_defaults.argument_parser.defaults.DefaultArgumentsDecorator object at 0xffff917f1300>, verb_extension=<colcon_core.verb.build.BuildVerb object at 0xffff9198a770>, main=<bound method BuildVerb.main of <colcon_core.verb.build.BuildVerb object at 0xffff9198a770>>)
[2.114s] Level 1:colcon.colcon_core.package_discovery:discover_packages(colcon_meta) check parameters
[2.114s] Level 1:colcon.colcon_core.package_discovery:discover_packages(recursive) check parameters
[2.114s] Level 1:colcon.colcon_core.package_discovery:discover_packages(ignore) check parameters
[2.114s] Level 1:colcon.colcon_core.package_discovery:discover_packages(path) check parameters
[2.115s] Level 1:colcon.colcon_core.package_discovery:discover_packages(colcon_meta) discover
[2.115s] Level 1:colcon.colcon_core.package_discovery:discover_packages(recursive) discover
[2.115s] INFO:colcon.colcon_core.package_discovery:Crawling recursively for packages in '/home/ras4/nuc_ws/src'
[2.116s] Level 1:colcon.colcon_core.package_identification:_identify(.) by extensions ['ignore', 'ignore_ament_install']
[2.116s] Level 1:colcon.colcon_core.package_identification:_identify(.) by extension 'ignore'
[2.116s] Level 1:colcon.colcon_core.package_identification:_identify(.) by extension 'ignore_ament_install'
[2.117s] Level 1:colcon.colcon_core.package_identification:_identify(.) by extensions ['colcon_pkg']
[2.117s] Level 1:colcon.colcon_core.package_identification:_identify(.) by extension 'colcon_pkg'
[2.117s] Level 1:colcon.colcon_core.package_identification:_identify(.) by extensions ['colcon_meta']
[2.117s] Level 1:colcon.colcon_core.package_identification:_identify(.) by extension 'colcon_meta'
[2.118s] Level 1:colcon.colcon_core.package_identification:_identify(.) by extensions ['ros']
[2.118s] Level 1:colcon.colcon_core.package_identification:_identify(.) by extension 'ros'
[2.190s] Level 1:colcon.colcon_core.package_identification:_identify(.) by extensions ['cmake', 'python']
[2.191s] Level 1:colcon.colcon_core.package_identification:_identify(.) by extension 'cmake'
[2.191s] Level 1:colcon.colcon_core.package_identification:_identify(.) by extension 'python'
[2.191s] Level 1:colcon.colcon_core.package_identification:_identify(.) by extensions ['python_setup_py']
[2.191s] Level 1:colcon.colcon_core.package_identification:_identify(.) by extension 'python_setup_py'
[2.192s] Level 1:colcon.colcon_core.package_identification:_identify(arm_pkg) by extensions ['ignore', 'ignore_ament_install']
[2.193s] Level 1:colcon.colcon_core.package_identification:_identify(arm_pkg) by extension 'ignore'
[2.193s] Level 1:colcon.colcon_core.package_identification:_identify(arm_pkg) by extension 'ignore_ament_install'
[2.193s] Level 1:colcon.colcon_core.package_identification:_identify(arm_pkg) by extensions ['colcon_pkg']
[2.193s] Level 1:colcon.colcon_core.package_identification:_identify(arm_pkg) by extension 'colcon_pkg'
[2.193s] Level 1:colcon.colcon_core.package_identification:_identify(arm_pkg) by extensions ['colcon_meta']
[2.194s] Level 1:colcon.colcon_core.package_identification:_identify(arm_pkg) by extension 'colcon_meta'
[2.194s] Level 1:colcon.colcon_core.package_identification:_identify(arm_pkg) by extensions ['ros']
[2.194s] Level 1:colcon.colcon_core.package_identification:_identify(arm_pkg) by extension 'ros'
[2.207s] DEBUG:colcon.colcon_core.package_identification:Package 'arm_pkg' with type 'ros.ament_python' and name 'arm_pkg'
[2.207s] Level 1:colcon.colcon_core.package_identification:_identify(build) by extensions ['ignore', 'ignore_ament_install']
[2.208s] Level 1:colcon.colcon_core.package_identification:_identify(build) by extension 'ignore'
[2.208s] Level 1:colcon.colcon_core.package_identification:_identify(build) ignored
[2.209s] Level 1:colcon.colcon_core.package_identification:_identify(camera_pkg) by extensions ['ignore', 'ignore_ament_install']
[2.209s] Level 1:colcon.colcon_core.package_identification:_identify(camera_pkg) by extension 'ignore'
[2.210s] Level 1:colcon.colcon_core.package_identification:_identify(camera_pkg) by extension 'ignore_ament_install'
[2.210s] Level 1:colcon.colcon_core.package_identification:_identify(camera_pkg) by extensions ['colcon_pkg']
[2.210s] Level 1:colcon.colcon_core.package_identification:_identify(camera_pkg) by extension 'colcon_pkg'
[2.210s] Level 1:colcon.colcon_core.package_identification:_identify(camera_pkg) by extensions ['colcon_meta']
[2.210s] Level 1:colcon.colcon_core.package_identification:_identify(camera_pkg) by extension 'colcon_meta'
[2.211s] Level 1:colcon.colcon_core.package_identification:_identify(camera_pkg) by extensions ['ros']
[2.211s] Level 1:colcon.colcon_core.package_identification:_identify(camera_pkg) by extension 'ros'
[2.217s] DEBUG:colcon.colcon_core.package_identification:Package 'camera_pkg' with type 'ros.ament_python' and name 'camera_pkg'
[2.217s] Level 1:colcon.colcon_core.package_identification:_identify(install) by extensions ['ignore', 'ignore_ament_install']
[2.218s] Level 1:colcon.colcon_core.package_identification:_identify(install) by extension 'ignore'
[2.218s] Level 1:colcon.colcon_core.package_identification:_identify(install) ignored
[2.219s] Level 1:colcon.colcon_core.package_identification:_identify(libuvc) by extensions ['ignore', 'ignore_ament_install']
[2.219s] Level 1:colcon.colcon_core.package_identification:_identify(libuvc) by extension 'ignore'
[2.220s] Level 1:colcon.colcon_core.package_identification:_identify(libuvc) by extension 'ignore_ament_install'
[2.220s] Level 1:colcon.colcon_core.package_identification:_identify(libuvc) by extensions ['colcon_pkg']
[2.220s] Level 1:colcon.colcon_core.package_identification:_identify(libuvc) by extension 'colcon_pkg'
[2.220s] Level 1:colcon.colcon_core.package_identification:_identify(libuvc) by extensions ['colcon_meta']
[2.220s] Level 1:colcon.colcon_core.package_identification:_identify(libuvc) by extension 'colcon_meta'
[2.220s] Level 1:colcon.colcon_core.package_identification:_identify(libuvc) by extensions ['ros']
[2.221s] Level 1:colcon.colcon_core.package_identification:_identify(libuvc) by extension 'ros'
[2.221s] Level 1:colcon.colcon_core.package_identification:_identify(libuvc) by extensions ['cmake', 'python']
[2.221s] Level 1:colcon.colcon_core.package_identification:_identify(libuvc) by extension 'cmake'
[2.221s] Level 1:colcon.colcon_core.package_identification:_identify(libuvc) by extension 'python'
[2.221s] Level 1:colcon.colcon_core.package_identification:_identify(libuvc) by extensions ['python_setup_py']
[2.221s] Level 1:colcon.colcon_core.package_identification:_identify(libuvc) by extension 'python_setup_py'
[2.222s] Level 1:colcon.colcon_core.package_identification:_identify(log) by extensions ['ignore', 'ignore_ament_install']
[2.222s] Level 1:colcon.colcon_core.package_identification:_identify(log) by extension 'ignore'
[2.223s] Level 1:colcon.colcon_core.package_identification:_identify(log) ignored
[2.223s] Level 1:colcon.colcon_core.package_identification:_identify(odometry_pkg) by extensions ['ignore', 'ignore_ament_install']
[2.224s] Level 1:colcon.colcon_core.package_identification:_identify(odometry_pkg) by extension 'ignore'
[2.224s] Level 1:colcon.colcon_core.package_identification:_identify(odometry_pkg) by extension 'ignore_ament_install'
[2.224s] Level 1:colcon.colcon_core.package_identification:_identify(odometry_pkg) by extensions ['colcon_pkg']
[2.224s] Level 1:colcon.colcon_core.package_identification:_identify(odometry_pkg) by extension 'colcon_pkg'
[2.225s] Level 1:colcon.colcon_core.package_identification:_identify(odometry_pkg) by extensions ['colcon_meta']
[2.225s] Level 1:colcon.colcon_core.package_identification:_identify(odometry_pkg) by extension 'colcon_meta'
[2.225s] Level 1:colcon.colcon_core.package_identification:_identify(odometry_pkg) by extensions ['ros']
[2.225s] Level 1:colcon.colcon_core.package_identification:_identify(odometry_pkg) by extension 'ros'
[2.230s] DEBUG:colcon.colcon_core.package_identification:Package 'odometry_pkg' with type 'ros.ament_python' and name 'odometry_pkg'
[2.231s] Level 1:colcon.colcon_core.package_identification:_identify(ros2_astra_camera) by extensions ['ignore', 'ignore_ament_install']
[2.231s] Level 1:colcon.colcon_core.package_identification:_identify(ros2_astra_camera) by extension 'ignore'
[2.232s] Level 1:colcon.colcon_core.package_identification:_identify(ros2_astra_camera) by extension 'ignore_ament_install'
[2.232s] Level 1:colcon.colcon_core.package_identification:_identify(ros2_astra_camera) by extensions ['colcon_pkg']
[2.232s] Level 1:colcon.colcon_core.package_identification:_identify(ros2_astra_camera) by extension 'colcon_pkg'
[2.232s] Level 1:colcon.colcon_core.package_identification:_identify(ros2_astra_camera) by extensions ['colcon_meta']
[2.232s] Level 1:colcon.colcon_core.package_identification:_identify(ros2_astra_camera) by extension 'colcon_meta'
[2.232s] Level 1:colcon.colcon_core.package_identification:_identify(ros2_astra_camera) by extensions ['ros']
[2.233s] Level 1:colcon.colcon_core.package_identification:_identify(ros2_astra_camera) by extension 'ros'
[2.233s] Level 1:colcon.colcon_core.package_identification:_identify(ros2_astra_camera) by extensions ['cmake', 'python']
[2.233s] Level 1:colcon.colcon_core.package_identification:_identify(ros2_astra_camera) by extension 'cmake'
[2.233s] Level 1:colcon.colcon_core.package_identification:_identify(ros2_astra_camera) by extension 'python'
[2.233s] Level 1:colcon.colcon_core.package_identification:_identify(ros2_astra_camera) by extensions ['python_setup_py']
[2.234s] Level 1:colcon.colcon_core.package_identification:_identify(ros2_astra_camera) by extension 'python_setup_py'
[2.235s] Level 1:colcon.colcon_core.package_identification:_identify(ros2_astra_camera/astra_camera) by extensions ['ignore', 'ignore_ament_install']
[2.235s] Level 1:colcon.colcon_core.package_identification:_identify(ros2_astra_camera/astra_camera) by extension 'ignore'
[2.235s] Level 1:colcon.colcon_core.package_identification:_identify(ros2_astra_camera/astra_camera) by extension 'ignore_ament_install'
[2.236s] Level 1:colcon.colcon_core.package_identification:_identify(ros2_astra_camera/astra_camera) by extensions ['colcon_pkg']
[2.236s] Level 1:colcon.colcon_core.package_identification:_identify(ros2_astra_camera/astra_camera) by extension 'colcon_pkg'
[2.236s] Level 1:colcon.colcon_core.package_identification:_identify(ros2_astra_camera/astra_camera) by extensions ['colcon_meta']
[2.236s] Level 1:colcon.colcon_core.package_identification:_identify(ros2_astra_camera/astra_camera) by extension 'colcon_meta'
[2.236s] Level 1:colcon.colcon_core.package_identification:_identify(ros2_astra_camera/astra_camera) by extensions ['ros']
[2.236s] Level 1:colcon.colcon_core.package_identification:_identify(ros2_astra_camera/astra_camera) by extension 'ros'
[2.246s] DEBUG:colcon.colcon_core.package_identification:Package 'ros2_astra_camera/astra_camera' with type 'ros.ament_cmake' and name 'astra_camera'
[2.247s] Level 1:colcon.colcon_core.package_identification:_identify(ros2_astra_camera/astra_camera_msgs) by extensions ['ignore', 'ignore_ament_install']
[2.247s] Level 1:colcon.colcon_core.package_identification:_identify(ros2_astra_camera/astra_camera_msgs) by extension 'ignore'
[2.247s] Level 1:colcon.colcon_core.package_identification:_identify(ros2_astra_camera/astra_camera_msgs) by extension 'ignore_ament_install'
[2.248s] Level 1:colcon.colcon_core.package_identification:_identify(ros2_astra_camera/astra_camera_msgs) by extensions ['colcon_pkg']
[2.248s] Level 1:colcon.colcon_core.package_identification:_identify(ros2_astra_camera/astra_camera_msgs) by extension 'colcon_pkg'
[2.248s] Level 1:colcon.colcon_core.package_identification:_identify(ros2_astra_camera/astra_camera_msgs) by extensions ['colcon_meta']
[2.248s] Level 1:colcon.colcon_core.package_identification:_identify(ros2_astra_camera/astra_camera_msgs) by extension 'colcon_meta'
[2.248s] Level 1:colcon.colcon_core.package_identification:_identify(ros2_astra_camera/astra_camera_msgs) by extensions ['ros']
[2.249s] Level 1:colcon.colcon_core.package_identification:_identify(ros2_astra_camera/astra_camera_msgs) by extension 'ros'
[2.251s] DEBUG:colcon.colcon_core.package_identification:Package 'ros2_astra_camera/astra_camera_msgs' with type 'ros.ament_cmake' and name 'astra_camera_msgs'
[2.253s] Level 1:colcon.colcon_core.package_identification:_identify(sllidar_ros2) by extensions ['ignore', 'ignore_ament_install']
[2.253s] Level 1:colcon.colcon_core.package_identification:_identify(sllidar_ros2) by extension 'ignore'
[2.253s] Level 1:colcon.colcon_core.package_identification:_identify(sllidar_ros2) by extension 'ignore_ament_install'
[2.254s] Level 1:colcon.colcon_core.package_identification:_identify(sllidar_ros2) by extensions ['colcon_pkg']
[2.254s] Level 1:colcon.colcon_core.package_identification:_identify(sllidar_ros2) by extension 'colcon_pkg'
[2.254s] Level 1:colcon.colcon_core.package_identification:_identify(sllidar_ros2) by extensions ['colcon_meta']
[2.254s] Level 1:colcon.colcon_core.package_identification:_identify(sllidar_ros2) by extension 'colcon_meta'
[2.254s] Level 1:colcon.colcon_core.package_identification:_identify(sllidar_ros2) by extensions ['ros']
[2.254s] Level 1:colcon.colcon_core.package_identification:_identify(sllidar_ros2) by extension 'ros'
[2.261s] DEBUG:colcon.colcon_core.package_identification:Package 'sllidar_ros2' with type 'ros.ament_cmake' and name 'sllidar_ros2'
[2.263s] Level 1:colcon.colcon_core.package_identification:_identify(xbox_control_pkg) by extensions ['ignore', 'ignore_ament_install']
[2.263s] Level 1:colcon.colcon_core.package_identification:_identify(xbox_control_pkg) by extension 'ignore'
[2.263s] Level 1:colcon.colcon_core.package_identification:_identify(xbox_control_pkg) by extension 'ignore_ament_install'
[2.264s] Level 1:colcon.colcon_core.package_identification:_identify(xbox_control_pkg) by extensions ['colcon_pkg']
[2.264s] Level 1:colcon.colcon_core.package_identification:_identify(xbox_control_pkg) by extension 'colcon_pkg'
[2.264s] Level 1:colcon.colcon_core.package_identification:_identify(xbox_control_pkg) by extensions ['colcon_meta']
[2.264s] Level 1:colcon.colcon_core.package_identification:_identify(xbox_control_pkg) by extension 'colcon_meta'
[2.264s] Level 1:colcon.colcon_core.package_identification:_identify(xbox_control_pkg) by extensions ['ros']
[2.264s] Level 1:colcon.colcon_core.package_identification:_identify(xbox_control_pkg) by extension 'ros'
[2.268s] DEBUG:colcon.colcon_core.package_identification:Package 'xbox_control_pkg' with type 'ros.ament_python' and name 'xbox_control_pkg'
[2.269s] Level 1:colcon.colcon_core.package_discovery:discover_packages(recursive) using defaults
[2.269s] Level 1:colcon.colcon_core.package_discovery:discover_packages(ignore) discover
[2.269s] Level 1:colcon.colcon_core.package_discovery:discover_packages(ignore) using defaults
[2.269s] Level 1:colcon.colcon_core.package_discovery:discover_packages(path) discover
[2.269s] Level 1:colcon.colcon_core.package_discovery:discover_packages(path) using defaults
[2.414s] Level 1:colcon.colcon_core.package_discovery:discover_packages(prefix_path) check parameters
[2.415s] Level 1:colcon.colcon_core.package_discovery:discover_packages(prefix_path) discover
[2.432s] DEBUG:colcon.colcon_installed_package_information.package_discovery:Found 6 installed packages in /home/ras4/nuc_ws/src/install
[2.436s] DEBUG:colcon.colcon_installed_package_information.package_discovery:Found 7 installed packages in /home/ras4/nuc_ws/install
[2.447s] DEBUG:colcon.colcon_installed_package_information.package_discovery:Found 276 installed packages in /opt/ros/humble
[2.489s] Level 1:colcon.colcon_core.package_discovery:discover_packages(prefix_path) using defaults
[2.677s] Level 5:colcon.colcon_core.verb:set package 'arm_pkg' build argument 'cmake_args' from command line to 'None'
[2.678s] Level 5:colcon.colcon_core.verb:set package 'arm_pkg' build argument 'cmake_target' from command line to 'None'
[2.678s] Level 5:colcon.colcon_core.verb:set package 'arm_pkg' build argument 'cmake_target_skip_unavailable' from command line to 'False'
[2.678s] Level 5:colcon.colcon_core.verb:set package 'arm_pkg' build argument 'cmake_clean_cache' from command line to 'False'
[2.678s] Level 5:colcon.colcon_core.verb:set package 'arm_pkg' build argument 'cmake_clean_first' from command line to 'False'
[2.678s] Level 5:colcon.colcon_core.verb:set package 'arm_pkg' build argument 'cmake_force_configure' from command line to 'False'
[2.678s] Level 5:colcon.colcon_core.verb:set package 'arm_pkg' build argument 'ament_cmake_args' from command line to 'None'
[2.678s] Level 5:colcon.colcon_core.verb:set package 'arm_pkg' build argument 'catkin_cmake_args' from command line to 'None'
[2.678s] Level 5:colcon.colcon_core.verb:set package 'arm_pkg' build argument 'catkin_skip_building_tests' from command line to 'False'
[2.679s] DEBUG:colcon.colcon_core.verb:Building package 'arm_pkg' with the following arguments: {'ament_cmake_args': None, 'build_base': '/home/ras4/nuc_ws/src/build/arm_pkg', 'catkin_cmake_args': None, 'catkin_skip_building_tests': False, 'cmake_args': None, 'cmake_clean_cache': False, 'cmake_clean_first': False, 'cmake_force_configure': False, 'cmake_target': None, 'cmake_target_skip_unavailable': False, 'install_base': '/home/ras4/nuc_ws/src/install/arm_pkg', 'merge_install': False, 'path': '/home/ras4/nuc_ws/src/arm_pkg', 'symlink_install': False, 'test_result_base': None}
[2.680s] Level 5:colcon.colcon_core.verb:set package 'astra_camera_msgs' build argument 'cmake_args' from command line to 'None'
[2.680s] Level 5:colcon.colcon_core.verb:set package 'astra_camera_msgs' build argument 'cmake_target' from command line to 'None'
[2.680s] Level 5:colcon.colcon_core.verb:set package 'astra_camera_msgs' build argument 'cmake_target_skip_unavailable' from command line to 'False'
[2.681s] Level 5:colcon.colcon_core.verb:set package 'astra_camera_msgs' build argument 'cmake_clean_cache' from command line to 'False'
[2.681s] Level 5:colcon.colcon_core.verb:set package 'astra_camera_msgs' build argument 'cmake_clean_first' from command line to 'False'
[2.681s] Level 5:colcon.colcon_core.verb:set package 'astra_camera_msgs' build argument 'cmake_force_configure' from command line to 'False'
[2.681s] Level 5:colcon.colcon_core.verb:set package 'astra_camera_msgs' build argument 'ament_cmake_args' from command line to 'None'
[2.681s] Level 5:colcon.colcon_core.verb:set package 'astra_camera_msgs' build argument 'catkin_cmake_args' from command line to 'None'
[2.681s] Level 5:colcon.colcon_core.verb:set package 'astra_camera_msgs' build argument 'catkin_skip_building_tests' from command line to 'False'
[2.681s] DEBUG:colcon.colcon_core.verb:Building package 'astra_camera_msgs' with the following arguments: {'ament_cmake_args': None, 'build_base': '/home/ras4/nuc_ws/src/build/astra_camera_msgs', 'catkin_cmake_args': None, 'catkin_skip_building_tests': False, 'cmake_args': None, 'cmake_clean_cache': False, 'cmake_clean_first': False, 'cmake_force_configure': False, 'cmake_target': None, 'cmake_target_skip_unavailable': False, 'install_base': '/home/ras4/nuc_ws/src/install/astra_camera_msgs', 'merge_install': False, 'path': '/home/ras4/nuc_ws/src/ros2_astra_camera/astra_camera_msgs', 'symlink_install': False, 'test_result_base': None}
[2.683s] Level 5:colcon.colcon_core.verb:set package 'camera_pkg' build argument 'cmake_args' from command line to 'None'
[2.683s] Level 5:colcon.colcon_core.verb:set package 'camera_pkg' build argument 'cmake_target' from command line to 'None'
[2.683s] Level 5:colcon.colcon_core.verb:set package 'camera_pkg' build argument 'cmake_target_skip_unavailable' from command line to 'False'
[2.683s] Level 5:colcon.colcon_core.verb:set package 'camera_pkg' build argument 'cmake_clean_cache' from command line to 'False'
[2.683s] Level 5:colcon.colcon_core.verb:set package 'camera_pkg' build argument 'cmake_clean_first' from command line to 'False'
[2.683s] Level 5:colcon.colcon_core.verb:set package 'camera_pkg' build argument 'cmake_force_configure' from command line to 'False'
[2.683s] Level 5:colcon.colcon_core.verb:set package 'camera_pkg' build argument 'ament_cmake_args' from command line to 'None'
[2.684s] Level 5:colcon.colcon_core.verb:set package 'camera_pkg' build argument 'catkin_cmake_args' from command line to 'None'
[2.684s] Level 5:colcon.colcon_core.verb:set package 'camera_pkg' build argument 'catkin_skip_building_tests' from command line to 'False'
[2.684s] DEBUG:colcon.colcon_core.verb:Building package 'camera_pkg' with the following arguments: {'ament_cmake_args': None, 'build_base': '/home/ras4/nuc_ws/src/build/camera_pkg', 'catkin_cmake_args': None, 'catkin_skip_building_tests': False, 'cmake_args': None, 'cmake_clean_cache': False, 'cmake_clean_first': False, 'cmake_force_configure': False, 'cmake_target': None, 'cmake_target_skip_unavailable': False, 'install_base': '/home/ras4/nuc_ws/src/install/camera_pkg', 'merge_install': False, 'path': '/home/ras4/nuc_ws/src/camera_pkg', 'symlink_install': False, 'test_result_base': None}
[2.685s] Level 5:colcon.colcon_core.verb:set package 'odometry_pkg' build argument 'cmake_args' from command line to 'None'
[2.685s] Level 5:colcon.colcon_core.verb:set package 'odometry_pkg' build argument 'cmake_target' from command line to 'None'
[2.685s] Level 5:colcon.colcon_core.verb:set package 'odometry_pkg' build argument 'cmake_target_skip_unavailable' from command line to 'False'
[2.685s] Level 5:colcon.colcon_core.verb:set package 'odometry_pkg' build argument 'cmake_clean_cache' from command line to 'False'
[2.686s] Level 5:colcon.colcon_core.verb:set package 'odometry_pkg' build argument 'cmake_clean_first' from command line to 'False'
[2.686s] Level 5:colcon.colcon_core.verb:set package 'odometry_pkg' build argument 'cmake_force_configure' from command line to 'False'
[2.686s] Level 5:colcon.colcon_core.verb:set package 'odometry_pkg' build argument 'ament_cmake_args' from command line to 'None'
[2.686s] Level 5:colcon.colcon_core.verb:set package 'odometry_pkg' build argument 'catkin_cmake_args' from command line to 'None'
[2.686s] Level 5:colcon.colcon_core.verb:set package 'odometry_pkg' build argument 'catkin_skip_building_tests' from command line to 'False'
[2.686s] DEBUG:colcon.colcon_core.verb:Building package 'odometry_pkg' with the following arguments: {'ament_cmake_args': None, 'build_base': '/home/ras4/nuc_ws/src/build/odometry_pkg', 'catkin_cmake_args': None, 'catkin_skip_building_tests': False, 'cmake_args': None, 'cmake_clean_cache': False, 'cmake_clean_first': False, 'cmake_force_configure': False, 'cmake_target': None, 'cmake_target_skip_unavailable': False, 'install_base': '/home/ras4/nuc_ws/src/install/odometry_pkg', 'merge_install': False, 'path': '/home/ras4/nuc_ws/src/odometry_pkg', 'symlink_install': False, 'test_result_base': None}
[2.687s] Level 5:colcon.colcon_core.verb:set package 'sllidar_ros2' build argument 'cmake_args' from command line to 'None'
[2.688s] Level 5:colcon.colcon_core.verb:set package 'sllidar_ros2' build argument 'cmake_target' from command line to 'None'
[2.688s] Level 5:colcon.colcon_core.verb:set package 'sllidar_ros2' build argument 'cmake_target_skip_unavailable' from command line to 'False'
[2.688s] Level 5:colcon.colcon_core.verb:set package 'sllidar_ros2' build argument 'cmake_clean_cache' from command line to 'False'
[2.688s] Level 5:colcon.colcon_core.verb:set package 'sllidar_ros2' build argument 'cmake_clean_first' from command line to 'False'
[2.688s] Level 5:colcon.colcon_core.verb:set package 'sllidar_ros2' build argument 'cmake_force_configure' from command line to 'False'
[2.688s] Level 5:colcon.colcon_core.verb:set package 'sllidar_ros2' build argument 'ament_cmake_args' from command line to 'None'
[2.688s] Level 5:colcon.colcon_core.verb:set package 'sllidar_ros2' build argument 'catkin_cmake_args' from command line to 'None'
[2.688s] Level 5:colcon.colcon_core.verb:set package 'sllidar_ros2' build argument 'catkin_skip_building_tests' from command line to 'False'
[2.688s] DEBUG:colcon.colcon_core.verb:Building package 'sllidar_ros2' with the following arguments: {'ament_cmake_args': None, 'build_base': '/home/ras4/nuc_ws/src/build/sllidar_ros2', 'catkin_cmake_args': None, 'catkin_skip_building_tests': False, 'cmake_args': None, 'cmake_clean_cache': False, 'cmake_clean_first': False, 'cmake_force_configure': False, 'cmake_target': None, 'cmake_target_skip_unavailable': False, 'install_base': '/home/ras4/nuc_ws/src/install/sllidar_ros2', 'merge_install': False, 'path': '/home/ras4/nuc_ws/src/sllidar_ros2', 'symlink_install': False, 'test_result_base': None}
[2.690s] Level 5:colcon.colcon_core.verb:set package 'xbox_control_pkg' build argument 'cmake_args' from command line to 'None'
[2.690s] Level 5:colcon.colcon_core.verb:set package 'xbox_control_pkg' build argument 'cmake_target' from command line to 'None'
[2.690s] Level 5:colcon.colcon_core.verb:set package 'xbox_control_pkg' build argument 'cmake_target_skip_unavailable' from command line to 'False'
[2.690s] Level 5:colcon.colcon_core.verb:set package 'xbox_control_pkg' build argument 'cmake_clean_cache' from command line to 'False'
[2.690s] Level 5:colcon.colcon_core.verb:set package 'xbox_control_pkg' build argument 'cmake_clean_first' from command line to 'False'
[2.690s] Level 5:colcon.colcon_core.verb:set package 'xbox_control_pkg' build argument 'cmake_force_configure' from command line to 'False'
[2.690s] Level 5:colcon.colcon_core.verb:set package 'xbox_control_pkg' build argument 'ament_cmake_args' from command line to 'None'
[2.690s] Level 5:colcon.colcon_core.verb:set package 'xbox_control_pkg' build argument 'catkin_cmake_args' from command line to 'None'
[2.691s] Level 5:colcon.colcon_core.verb:set package 'xbox_control_pkg' build argument 'catkin_skip_building_tests' from command line to 'False'
[2.691s] DEBUG:colcon.colcon_core.verb:Building package 'xbox_control_pkg' with the following arguments: {'ament_cmake_args': None, 'build_base': '/home/ras4/nuc_ws/src/build/xbox_control_pkg', 'catkin_cmake_args': None, 'catkin_skip_building_tests': False, 'cmake_args': None, 'cmake_clean_cache': False, 'cmake_clean_first': False, 'cmake_force_configure': False, 'cmake_target': None, 'cmake_target_skip_unavailable': False, 'install_base': '/home/ras4/nuc_ws/src/install/xbox_control_pkg', 'merge_install': False, 'path': '/home/ras4/nuc_ws/src/xbox_control_pkg', 'symlink_install': False, 'test_result_base': None}
[2.692s] Level 5:colcon.colcon_core.verb:set package 'astra_camera' build argument 'cmake_args' from command line to 'None'
[2.692s] Level 5:colcon.colcon_core.verb:set package 'astra_camera' build argument 'cmake_target' from command line to 'None'
[2.692s] Level 5:colcon.colcon_core.verb:set package 'astra_camera' build argument 'cmake_target_skip_unavailable' from command line to 'False'
[2.693s] Level 5:colcon.colcon_core.verb:set package 'astra_camera' build argument 'cmake_clean_cache' from command line to 'False'
[2.693s] Level 5:colcon.colcon_core.verb:set package 'astra_camera' build argument 'cmake_clean_first' from command line to 'False'
[2.693s] Level 5:colcon.colcon_core.verb:set package 'astra_camera' build argument 'cmake_force_configure' from command line to 'False'
[2.693s] Level 5:colcon.colcon_core.verb:set package 'astra_camera' build argument 'ament_cmake_args' from command line to 'None'
[2.693s] Level 5:colcon.colcon_core.verb:set package 'astra_camera' build argument 'catkin_cmake_args' from command line to 'None'
[2.693s] Level 5:colcon.colcon_core.verb:set package 'astra_camera' build argument 'catkin_skip_building_tests' from command line to 'False'
[2.693s] DEBUG:colcon.colcon_core.verb:Building package 'astra_camera' with the following arguments: {'ament_cmake_args': None, 'build_base': '/home/ras4/nuc_ws/src/build/astra_camera', 'catkin_cmake_args': None, 'catkin_skip_building_tests': False, 'cmake_args': None, 'cmake_clean_cache': False, 'cmake_clean_first': False, 'cmake_force_configure': False, 'cmake_target': None, 'cmake_target_skip_unavailable': False, 'install_base': '/home/ras4/nuc_ws/src/install/astra_camera', 'merge_install': False, 'path': '/home/ras4/nuc_ws/src/ros2_astra_camera/astra_camera', 'symlink_install': False, 'test_result_base': None}
[2.694s] INFO:colcon.colcon_core.executor:Executing jobs using 'sequential' executor
[2.697s] DEBUG:colcon.colcon_core.executor.sequential:run_until_complete 'arm_pkg'
[2.697s] INFO:colcon.colcon_ros.task.ament_python.build:Building ROS package in '/home/ras4/nuc_ws/src/arm_pkg' with build type 'ament_python'
[2.698s] Level 1:colcon.colcon_core.shell:create_environment_hook('arm_pkg', 'ament_prefix_path')
[2.721s] INFO:colcon.colcon_core.plugin_system:Skipping extension 'colcon_core.shell.bat': Not used on non-Windows systems
[2.722s] INFO:colcon.colcon_core.shell:Creating environment hook '/home/ras4/nuc_ws/src/install/arm_pkg/share/arm_pkg/hook/ament_prefix_path.ps1'
[2.726s] INFO:colcon.colcon_core.shell:Creating environment descriptor '/home/ras4/nuc_ws/src/install/arm_pkg/share/arm_pkg/hook/ament_prefix_path.dsv'
[2.731s] INFO:colcon.colcon_core.shell:Creating environment hook '/home/ras4/nuc_ws/src/install/arm_pkg/share/arm_pkg/hook/ament_prefix_path.sh'
[2.737s] INFO:colcon.colcon_core.shell:Skip shell extension 'powershell' for command environment: Not usable outside of PowerShell
[2.737s] DEBUG:colcon.colcon_core.shell:Skip shell extension 'dsv' for command environment
[3.985s] INFO:colcon.colcon_core.task.python.build:Building Python package in '/home/ras4/nuc_ws/src/arm_pkg'
[3.986s] INFO:colcon.colcon_core.shell:Skip shell extension 'powershell' for command environment: Not usable outside of PowerShell
[3.987s] DEBUG:colcon.colcon_core.shell:Skip shell extension 'dsv' for command environment
[5.651s] DEBUG:colcon.colcon_core.event_handler.log_command:Invoking command in '/home/ras4/nuc_ws/src/arm_pkg': PYTHONPATH=/home/ras4/nuc_ws/src/build/arm_pkg/prefix_override:/usr/lib/python3/dist-packages/colcon_core/task/python/colcon_distutils_commands:/home/ras4/nuc_ws/src/install/arm_pkg/lib/python3.10/site-packages:${PYTHONPATH} /usr/bin/python3 -W ignore:setup.py install is deprecated -W ignore:easy_install command is deprecated setup.py egg_info --egg-base ../build/arm_pkg build --build-base /home/ras4/nuc_ws/src/build/arm_pkg/build install --record /home/ras4/nuc_ws/src/build/arm_pkg/install.log --single-version-externally-managed install_data
[7.031s] DEBUG:colcon.colcon_core.event_handler.log_command:Invoked command in '/home/ras4/nuc_ws/src/arm_pkg' returned '0': PYTHONPATH=/home/ras4/nuc_ws/src/build/arm_pkg/prefix_override:/usr/lib/python3/dist-packages/colcon_core/task/python/colcon_distutils_commands:/home/ras4/nuc_ws/src/install/arm_pkg/lib/python3.10/site-packages:${PYTHONPATH} /usr/bin/python3 -W ignore:setup.py install is deprecated -W ignore:easy_install command is deprecated setup.py egg_info --egg-base ../build/arm_pkg build --build-base /home/ras4/nuc_ws/src/build/arm_pkg/build install --record /home/ras4/nuc_ws/src/build/arm_pkg/install.log --single-version-externally-managed install_data
[7.054s] Level 1:colcon.colcon_core.environment:checking '/home/ras4/nuc_ws/src/install/arm_pkg' for CMake module files
[7.058s] Level 1:colcon.colcon_core.environment:checking '/home/ras4/nuc_ws/src/install/arm_pkg' for CMake config files
[7.063s] Level 1:colcon.colcon_core.environment:checking '/home/ras4/nuc_ws/src/install/arm_pkg/lib'
[7.064s] Level 1:colcon.colcon_core.environment:checking '/home/ras4/nuc_ws/src/install/arm_pkg/bin'
[7.064s] Level 1:colcon.colcon_core.environment:checking '/home/ras4/nuc_ws/src/install/arm_pkg/lib/pkgconfig/arm_pkg.pc'
[7.065s] Level 1:colcon.colcon_core.environment:checking '/home/ras4/nuc_ws/src/install/arm_pkg/lib/python3.10/site-packages'
[7.065s] Level 1:colcon.colcon_core.shell:create_environment_hook('arm_pkg', 'pythonpath')
[7.066s] INFO:colcon.colcon_core.shell:Creating environment hook '/home/ras4/nuc_ws/src/install/arm_pkg/share/arm_pkg/hook/pythonpath.ps1'
[7.069s] INFO:colcon.colcon_core.shell:Creating environment descriptor '/home/ras4/nuc_ws/src/install/arm_pkg/share/arm_pkg/hook/pythonpath.dsv'
[7.071s] INFO:colcon.colcon_core.shell:Creating environment hook '/home/ras4/nuc_ws/src/install/arm_pkg/share/arm_pkg/hook/pythonpath.sh'
[7.074s] Level 1:colcon.colcon_core.environment:checking '/home/ras4/nuc_ws/src/install/arm_pkg/bin'
[7.075s] Level 1:colcon.colcon_core.environment:create_environment_scripts_only(arm_pkg)
[7.077s] INFO:colcon.colcon_core.shell:Creating package script '/home/ras4/nuc_ws/src/install/arm_pkg/share/arm_pkg/package.ps1'
[7.082s] INFO:colcon.colcon_core.shell:Creating package descriptor '/home/ras4/nuc_ws/src/install/arm_pkg/share/arm_pkg/package.dsv'
[7.086s] INFO:colcon.colcon_core.shell:Creating package script '/home/ras4/nuc_ws/src/install/arm_pkg/share/arm_pkg/package.sh'
[7.093s] INFO:colcon.colcon_core.shell:Creating package script '/home/ras4/nuc_ws/src/install/arm_pkg/share/arm_pkg/package.bash'
[7.102s] INFO:colcon.colcon_core.shell:Creating package script '/home/ras4/nuc_ws/src/install/arm_pkg/share/arm_pkg/package.zsh'
[7.108s] Level 1:colcon.colcon_core.environment:create_file_with_runtime_dependencies(/home/ras4/nuc_ws/src/install/arm_pkg/share/colcon-core/packages/arm_pkg)
[7.109s] DEBUG:colcon.colcon_core.executor.sequential:run_until_complete 'arm_pkg' finished with '0'
[7.109s] DEBUG:colcon.colcon_core.executor.sequential:run_until_complete 'astra_camera_msgs'
[7.110s] INFO:colcon.colcon_ros.task.ament_cmake.build:Building ROS package in '/home/ras4/nuc_ws/src/ros2_astra_camera/astra_camera_msgs' with build type 'ament_cmake'
[7.110s] INFO:colcon.colcon_cmake.task.cmake.build:Building CMake package in '/home/ras4/nuc_ws/src/ros2_astra_camera/astra_camera_msgs'
[7.112s] INFO:colcon.colcon_core.shell:Skip shell extension 'powershell' for command environment: Not usable outside of PowerShell
[7.112s] DEBUG:colcon.colcon_core.shell:Skip shell extension 'dsv' for command environment
[7.179s] DEBUG:colcon.colcon_core.event_handler.log_command:Invoking command in '/home/ras4/nuc_ws/src/build/astra_camera_msgs': CMAKE_PREFIX_PATH=${CMAKE_PREFIX_PATH}:/home/ras4/nuc_ws/install/xbox_control_pkg:/home/ras4/nuc_ws/install/odometry_pkg:/home/ras4/nuc_ws/install/camera_pkg:/home/ras4/nuc_ws/install/arm_pkg:/home/ras4/nuc_ws/src/install/xbox_control_pkg:/home/ras4/nuc_ws/src/install/odometry_pkg:/home/ras4/nuc_ws/src/install/camera_pkg:/home/ras4/nuc_ws/src/install/arm_pkg:/opt/ros/humble /usr/bin/cmake --build /home/ras4/nuc_ws/src/build/astra_camera_msgs -- -j4 -l4
[9.416s] DEBUG:colcon.colcon_core.event_handler.log_command:Invoked command in '/home/ras4/nuc_ws/src/build/astra_camera_msgs' returned '0': CMAKE_PREFIX_PATH=${CMAKE_PREFIX_PATH}:/home/ras4/nuc_ws/install/xbox_control_pkg:/home/ras4/nuc_ws/install/odometry_pkg:/home/ras4/nuc_ws/install/camera_pkg:/home/ras4/nuc_ws/install/arm_pkg:/home/ras4/nuc_ws/src/install/xbox_control_pkg:/home/ras4/nuc_ws/src/install/odometry_pkg:/home/ras4/nuc_ws/src/install/camera_pkg:/home/ras4/nuc_ws/src/install/arm_pkg:/opt/ros/humble /usr/bin/cmake --build /home/ras4/nuc_ws/src/build/astra_camera_msgs -- -j4 -l4
[9.467s] DEBUG:colcon.colcon_core.event_handler.log_command:Invoking command in '/home/ras4/nuc_ws/src/build/astra_camera_msgs': CMAKE_PREFIX_PATH=${CMAKE_PREFIX_PATH}:/home/ras4/nuc_ws/install/xbox_control_pkg:/home/ras4/nuc_ws/install/odometry_pkg:/home/ras4/nuc_ws/install/camera_pkg:/home/ras4/nuc_ws/install/arm_pkg:/home/ras4/nuc_ws/src/install/xbox_control_pkg:/home/ras4/nuc_ws/src/install/odometry_pkg:/home/ras4/nuc_ws/src/install/camera_pkg:/home/ras4/nuc_ws/src/install/arm_pkg:/opt/ros/humble /usr/bin/cmake --install /home/ras4/nuc_ws/src/build/astra_camera_msgs
[9.927s] Level 1:colcon.colcon_core.environment:create_environment_scripts_only(astra_camera_msgs)
[9.928s] Level 1:colcon.colcon_core.environment:checking '/home/ras4/nuc_ws/src/install/astra_camera_msgs' for CMake module files
[9.930s] DEBUG:colcon.colcon_core.event_handler.log_command:Invoked command in '/home/ras4/nuc_ws/src/build/astra_camera_msgs' returned '0': CMAKE_PREFIX_PATH=${CMAKE_PREFIX_PATH}:/home/ras4/nuc_ws/install/xbox_control_pkg:/home/ras4/nuc_ws/install/odometry_pkg:/home/ras4/nuc_ws/install/camera_pkg:/home/ras4/nuc_ws/install/arm_pkg:/home/ras4/nuc_ws/src/install/xbox_control_pkg:/home/ras4/nuc_ws/src/install/odometry_pkg:/home/ras4/nuc_ws/src/install/camera_pkg:/home/ras4/nuc_ws/src/install/arm_pkg:/opt/ros/humble /usr/bin/cmake --install /home/ras4/nuc_ws/src/build/astra_camera_msgs
[9.934s] Level 1:colcon.colcon_core.environment:checking '/home/ras4/nuc_ws/src/install/astra_camera_msgs' for CMake config files
[9.945s] Level 1:colcon.colcon_core.shell:create_environment_hook('astra_camera_msgs', 'cmake_prefix_path')
[9.947s] INFO:colcon.colcon_core.shell:Creating environment hook '/home/ras4/nuc_ws/src/install/astra_camera_msgs/share/astra_camera_msgs/hook/cmake_prefix_path.ps1'
[9.949s] INFO:colcon.colcon_core.shell:Creating environment descriptor '/home/ras4/nuc_ws/src/install/astra_camera_msgs/share/astra_camera_msgs/hook/cmake_prefix_path.dsv'
[9.951s] INFO:colcon.colcon_core.shell:Creating environment hook '/home/ras4/nuc_ws/src/install/astra_camera_msgs/share/astra_camera_msgs/hook/cmake_prefix_path.sh'
[9.954s] Level 1:colcon.colcon_core.environment:checking '/home/ras4/nuc_ws/src/install/astra_camera_msgs/lib'
[9.955s] Level 1:colcon.colcon_core.shell:create_environment_hook('astra_camera_msgs', 'ld_library_path_lib')
[9.956s] INFO:colcon.colcon_core.shell:Creating environment hook '/home/ras4/nuc_ws/src/install/astra_camera_msgs/share/astra_camera_msgs/hook/ld_library_path_lib.ps1'
[9.958s] INFO:colcon.colcon_core.shell:Creating environment descriptor '/home/ras4/nuc_ws/src/install/astra_camera_msgs/share/astra_camera_msgs/hook/ld_library_path_lib.dsv'
[9.960s] INFO:colcon.colcon_core.shell:Creating environment hook '/home/ras4/nuc_ws/src/install/astra_camera_msgs/share/astra_camera_msgs/hook/ld_library_path_lib.sh'
[9.962s] Level 1:colcon.colcon_core.environment:checking '/home/ras4/nuc_ws/src/install/astra_camera_msgs/bin'
[9.962s] Level 1:colcon.colcon_core.environment:checking '/home/ras4/nuc_ws/src/install/astra_camera_msgs/lib/pkgconfig/astra_camera_msgs.pc'
[9.963s] Level 1:colcon.colcon_core.environment:checking '/home/ras4/nuc_ws/src/install/astra_camera_msgs/lib/python3.10/site-packages'
[9.964s] Level 1:colcon.colcon_core.environment:checking '/home/ras4/nuc_ws/src/install/astra_camera_msgs/bin'
[9.965s] INFO:colcon.colcon_core.shell:Creating package script '/home/ras4/nuc_ws/src/install/astra_camera_msgs/share/astra_camera_msgs/package.ps1'
[9.968s] INFO:colcon.colcon_core.shell:Creating package descriptor '/home/ras4/nuc_ws/src/install/astra_camera_msgs/share/astra_camera_msgs/package.dsv'
[9.971s] INFO:colcon.colcon_core.shell:Creating package script '/home/ras4/nuc_ws/src/install/astra_camera_msgs/share/astra_camera_msgs/package.sh'
[9.974s] INFO:colcon.colcon_core.shell:Creating package script '/home/ras4/nuc_ws/src/install/astra_camera_msgs/share/astra_camera_msgs/package.bash'
[9.976s] INFO:colcon.colcon_core.shell:Creating package script '/home/ras4/nuc_ws/src/install/astra_camera_msgs/share/astra_camera_msgs/package.zsh'
[9.978s] Level 1:colcon.colcon_core.environment:create_file_with_runtime_dependencies(/home/ras4/nuc_ws/src/install/astra_camera_msgs/share/colcon-core/packages/astra_camera_msgs)
[9.980s] Level 1:colcon.colcon_core.environment:create_environment_scripts_only(astra_camera_msgs)
[9.981s] Level 1:colcon.colcon_core.environment:checking '/home/ras4/nuc_ws/src/install/astra_camera_msgs' for CMake module files
[9.986s] Level 1:colcon.colcon_core.environment:checking '/home/ras4/nuc_ws/src/install/astra_camera_msgs' for CMake config files
[9.994s] Level 1:colcon.colcon_core.shell:create_environment_hook('astra_camera_msgs', 'cmake_prefix_path')
[9.995s] INFO:colcon.colcon_core.shell:Creating environment hook '/home/ras4/nuc_ws/src/install/astra_camera_msgs/share/astra_camera_msgs/hook/cmake_prefix_path.ps1'
[9.997s] INFO:colcon.colcon_core.shell:Creating environment descriptor '/home/ras4/nuc_ws/src/install/astra_camera_msgs/share/astra_camera_msgs/hook/cmake_prefix_path.dsv'
[9.999s] INFO:colcon.colcon_core.shell:Creating environment hook '/home/ras4/nuc_ws/src/install/astra_camera_msgs/share/astra_camera_msgs/hook/cmake_prefix_path.sh'
[10.002s] Level 1:colcon.colcon_core.environment:checking '/home/ras4/nuc_ws/src/install/astra_camera_msgs/lib'
[10.002s] Level 1:colcon.colcon_core.shell:create_environment_hook('astra_camera_msgs', 'ld_library_path_lib')
[10.003s] INFO:colcon.colcon_core.shell:Creating environment hook '/home/ras4/nuc_ws/src/install/astra_camera_msgs/share/astra_camera_msgs/hook/ld_library_path_lib.ps1'
[10.005s] INFO:colcon.colcon_core.shell:Creating environment descriptor '/home/ras4/nuc_ws/src/install/astra_camera_msgs/share/astra_camera_msgs/hook/ld_library_path_lib.dsv'
[10.007s] INFO:colcon.colcon_core.shell:Creating environment hook '/home/ras4/nuc_ws/src/install/astra_camera_msgs/share/astra_camera_msgs/hook/ld_library_path_lib.sh'
[10.009s] Level 1:colcon.colcon_core.environment:checking '/home/ras4/nuc_ws/src/install/astra_camera_msgs/bin'
[10.009s] Level 1:colcon.colcon_core.environment:checking '/home/ras4/nuc_ws/src/install/astra_camera_msgs/lib/pkgconfig/astra_camera_msgs.pc'
[10.010s] Level 1:colcon.colcon_core.environment:checking '/home/ras4/nuc_ws/src/install/astra_camera_msgs/lib/python3.10/site-packages'
[10.011s] Level 1:colcon.colcon_core.environment:checking '/home/ras4/nuc_ws/src/install/astra_camera_msgs/bin'
[10.012s] INFO:colcon.colcon_core.shell:Creating package script '/home/ras4/nuc_ws/src/install/astra_camera_msgs/share/astra_camera_msgs/package.ps1'
[10.015s] INFO:colcon.colcon_core.shell:Creating package descriptor '/home/ras4/nuc_ws/src/install/astra_camera_msgs/share/astra_camera_msgs/package.dsv'
[10.017s] INFO:colcon.colcon_core.shell:Creating package script '/home/ras4/nuc_ws/src/install/astra_camera_msgs/share/astra_camera_msgs/package.sh'
[10.020s] INFO:colcon.colcon_core.shell:Creating package script '/home/ras4/nuc_ws/src/install/astra_camera_msgs/share/astra_camera_msgs/package.bash'
[10.022s] INFO:colcon.colcon_core.shell:Creating package script '/home/ras4/nuc_ws/src/install/astra_camera_msgs/share/astra_camera_msgs/package.zsh'
[10.024s] Level 1:colcon.colcon_core.environment:create_file_with_runtime_dependencies(/home/ras4/nuc_ws/src/install/astra_camera_msgs/share/colcon-core/packages/astra_camera_msgs)
[10.025s] DEBUG:colcon.colcon_core.executor.sequential:run_until_complete 'astra_camera_msgs' finished with '0'
[10.025s] DEBUG:colcon.colcon_core.executor.sequential:run_until_complete 'camera_pkg'
[10.026s] INFO:colcon.colcon_ros.task.ament_python.build:Building ROS package in '/home/ras4/nuc_ws/src/camera_pkg' with build type 'ament_python'
[10.026s] Level 1:colcon.colcon_core.shell:create_environment_hook('camera_pkg', 'ament_prefix_path')
[10.027s] INFO:colcon.colcon_core.shell:Creating environment hook '/home/ras4/nuc_ws/src/install/camera_pkg/share/camera_pkg/hook/ament_prefix_path.ps1'
[10.030s] INFO:colcon.colcon_core.shell:Creating environment descriptor '/home/ras4/nuc_ws/src/install/camera_pkg/share/camera_pkg/hook/ament_prefix_path.dsv'
[10.032s] INFO:colcon.colcon_core.shell:Creating environment hook '/home/ras4/nuc_ws/src/install/camera_pkg/share/camera_pkg/hook/ament_prefix_path.sh'
[10.035s] INFO:colcon.colcon_core.shell:Skip shell extension 'powershell' for command environment: Not usable outside of PowerShell
[10.035s] DEBUG:colcon.colcon_core.shell:Skip shell extension 'dsv' for command environment
[11.340s] INFO:colcon.colcon_core.task.python.build:Building Python package in '/home/ras4/nuc_ws/src/camera_pkg'
[11.341s] INFO:colcon.colcon_core.shell:Skip shell extension 'powershell' for command environment: Not usable outside of PowerShell
[11.341s] DEBUG:colcon.colcon_core.shell:Skip shell extension 'dsv' for command environment
[12.894s] DEBUG:colcon.colcon_core.event_handler.log_command:Invoking command in '/home/ras4/nuc_ws/src/camera_pkg': PYTHONPATH=/home/ras4/nuc_ws/src/build/camera_pkg/prefix_override:/usr/lib/python3/dist-packages/colcon_core/task/python/colcon_distutils_commands:/home/ras4/nuc_ws/src/install/camera_pkg/lib/python3.10/site-packages:${PYTHONPATH} /usr/bin/python3 -W ignore:setup.py install is deprecated -W ignore:easy_install command is deprecated setup.py egg_info --egg-base ../build/camera_pkg build --build-base /home/ras4/nuc_ws/src/build/camera_pkg/build install --record /home/ras4/nuc_ws/src/build/camera_pkg/install.log --single-version-externally-managed install_data
[14.268s] Level 1:colcon.colcon_core.environment:checking '/home/ras4/nuc_ws/src/install/camera_pkg' for CMake module files
[14.270s] DEBUG:colcon.colcon_core.event_handler.log_command:Invoked command in '/home/ras4/nuc_ws/src/camera_pkg' returned '0': PYTHONPATH=/home/ras4/nuc_ws/src/build/camera_pkg/prefix_override:/usr/lib/python3/dist-packages/colcon_core/task/python/colcon_distutils_commands:/home/ras4/nuc_ws/src/install/camera_pkg/lib/python3.10/site-packages:${PYTHONPATH} /usr/bin/python3 -W ignore:setup.py install is deprecated -W ignore:easy_install command is deprecated setup.py egg_info --egg-base ../build/camera_pkg build --build-base /home/ras4/nuc_ws/src/build/camera_pkg/build install --record /home/ras4/nuc_ws/src/build/camera_pkg/install.log --single-version-externally-managed install_data
[14.273s] Level 1:colcon.colcon_core.environment:checking '/home/ras4/nuc_ws/src/install/camera_pkg' for CMake config files
[14.277s] Level 1:colcon.colcon_core.environment:checking '/home/ras4/nuc_ws/src/install/camera_pkg/lib'
[14.277s] Level 1:colcon.colcon_core.environment:checking '/home/ras4/nuc_ws/src/install/camera_pkg/bin'
[14.278s] Level 1:colcon.colcon_core.environment:checking '/home/ras4/nuc_ws/src/install/camera_pkg/lib/pkgconfig/camera_pkg.pc'
[14.279s] Level 1:colcon.colcon_core.environment:checking '/home/ras4/nuc_ws/src/install/camera_pkg/lib/python3.10/site-packages'
[14.279s] Level 1:colcon.colcon_core.shell:create_environment_hook('camera_pkg', 'pythonpath')
[14.280s] INFO:colcon.colcon_core.shell:Creating environment hook '/home/ras4/nuc_ws/src/install/camera_pkg/share/camera_pkg/hook/pythonpath.ps1'
[14.283s] INFO:colcon.colcon_core.shell:Creating environment descriptor '/home/ras4/nuc_ws/src/install/camera_pkg/share/camera_pkg/hook/pythonpath.dsv'
[14.285s] INFO:colcon.colcon_core.shell:Creating environment hook '/home/ras4/nuc_ws/src/install/camera_pkg/share/camera_pkg/hook/pythonpath.sh'
[14.287s] Level 1:colcon.colcon_core.environment:checking '/home/ras4/nuc_ws/src/install/camera_pkg/bin'
[14.288s] Level 1:colcon.colcon_core.environment:create_environment_scripts_only(camera_pkg)
[14.289s] INFO:colcon.colcon_core.shell:Creating package script '/home/ras4/nuc_ws/src/install/camera_pkg/share/camera_pkg/package.ps1'
[14.291s] INFO:colcon.colcon_core.shell:Creating package descriptor '/home/ras4/nuc_ws/src/install/camera_pkg/share/camera_pkg/package.dsv'
[14.293s] INFO:colcon.colcon_core.shell:Creating package script '/home/ras4/nuc_ws/src/install/camera_pkg/share/camera_pkg/package.sh'
[14.296s] INFO:colcon.colcon_core.shell:Creating package script '/home/ras4/nuc_ws/src/install/camera_pkg/share/camera_pkg/package.bash'
[14.298s] INFO:colcon.colcon_core.shell:Creating package script '/home/ras4/nuc_ws/src/install/camera_pkg/share/camera_pkg/package.zsh'
[14.300s] Level 1:colcon.colcon_core.environment:create_file_with_runtime_dependencies(/home/ras4/nuc_ws/src/install/camera_pkg/share/colcon-core/packages/camera_pkg)
[14.302s] DEBUG:colcon.colcon_core.executor.sequential:run_until_complete 'camera_pkg' finished with '0'
[14.303s] DEBUG:colcon.colcon_core.executor.sequential:run_until_complete 'odometry_pkg'
[14.303s] INFO:colcon.colcon_ros.task.ament_python.build:Building ROS package in '/home/ras4/nuc_ws/src/odometry_pkg' with build type 'ament_python'
[14.304s] Level 1:colcon.colcon_core.shell:create_environment_hook('odometry_pkg', 'ament_prefix_path')
[14.305s] INFO:colcon.colcon_core.shell:Creating environment hook '/home/ras4/nuc_ws/src/install/odometry_pkg/share/odometry_pkg/hook/ament_prefix_path.ps1'
[14.309s] INFO:colcon.colcon_core.shell:Creating environment descriptor '/home/ras4/nuc_ws/src/install/odometry_pkg/share/odometry_pkg/hook/ament_prefix_path.dsv'
[14.311s] INFO:colcon.colcon_core.shell:Creating environment hook '/home/ras4/nuc_ws/src/install/odometry_pkg/share/odometry_pkg/hook/ament_prefix_path.sh'
[14.313s] INFO:colcon.colcon_core.shell:Skip shell extension 'powershell' for command environment: Not usable outside of PowerShell
[14.314s] DEBUG:colcon.colcon_core.shell:Skip shell extension 'dsv' for command environment
[15.571s] INFO:colcon.colcon_core.task.python.build:Building Python package in '/home/ras4/nuc_ws/src/odometry_pkg'
[15.572s] INFO:colcon.colcon_core.shell:Skip shell extension 'powershell' for command environment: Not usable outside of PowerShell
[15.572s] DEBUG:colcon.colcon_core.shell:Skip shell extension 'dsv' for command environment
[17.152s] DEBUG:colcon.colcon_core.event_handler.log_command:Invoking command in '/home/ras4/nuc_ws/src/odometry_pkg': PYTHONPATH=/home/ras4/nuc_ws/src/build/odometry_pkg/prefix_override:/usr/lib/python3/dist-packages/colcon_core/task/python/colcon_distutils_commands:/home/ras4/nuc_ws/src/install/odometry_pkg/lib/python3.10/site-packages:${PYTHONPATH} /usr/bin/python3 -W ignore:setup.py install is deprecated -W ignore:easy_install command is deprecated setup.py egg_info --egg-base ../build/odometry_pkg build --build-base /home/ras4/nuc_ws/src/build/odometry_pkg/build install --record /home/ras4/nuc_ws/src/build/odometry_pkg/install.log --single-version-externally-managed install_data
[18.535s] Level 1:colcon.colcon_core.environment:checking '/home/ras4/nuc_ws/src/install/odometry_pkg' for CMake module files
[18.537s] DEBUG:colcon.colcon_core.event_handler.log_command:Invoked command in '/home/ras4/nuc_ws/src/odometry_pkg' returned '0': PYTHONPATH=/home/ras4/nuc_ws/src/build/odometry_pkg/prefix_override:/usr/lib/python3/dist-packages/colcon_core/task/python/colcon_distutils_commands:/home/ras4/nuc_ws/src/install/odometry_pkg/lib/python3.10/site-packages:${PYTHONPATH} /usr/bin/python3 -W ignore:setup.py install is deprecated -W ignore:easy_install command is deprecated setup.py egg_info --egg-base ../build/odometry_pkg build --build-base /home/ras4/nuc_ws/src/build/odometry_pkg/build install --record /home/ras4/nuc_ws/src/build/odometry_pkg/install.log --single-version-externally-managed install_data
[18.539s] Level 1:colcon.colcon_core.environment:checking '/home/ras4/nuc_ws/src/install/odometry_pkg' for CMake config files
[18.543s] Level 1:colcon.colcon_core.environment:checking '/home/ras4/nuc_ws/src/install/odometry_pkg/lib'
[18.543s] Level 1:colcon.colcon_core.environment:checking '/home/ras4/nuc_ws/src/install/odometry_pkg/bin'
[18.543s] Level 1:colcon.colcon_core.environment:checking '/home/ras4/nuc_ws/src/install/odometry_pkg/lib/pkgconfig/odometry_pkg.pc'
[18.544s] Level 1:colcon.colcon_core.environment:checking '/home/ras4/nuc_ws/src/install/odometry_pkg/lib/python3.10/site-packages'
[18.545s] Level 1:colcon.colcon_core.shell:create_environment_hook('odometry_pkg', 'pythonpath')
[18.546s] INFO:colcon.colcon_core.shell:Creating environment hook '/home/ras4/nuc_ws/src/install/odometry_pkg/share/odometry_pkg/hook/pythonpath.ps1'
[18.548s] INFO:colcon.colcon_core.shell:Creating environment descriptor '/home/ras4/nuc_ws/src/install/odometry_pkg/share/odometry_pkg/hook/pythonpath.dsv'
[18.550s] INFO:colcon.colcon_core.shell:Creating environment hook '/home/ras4/nuc_ws/src/install/odometry_pkg/share/odometry_pkg/hook/pythonpath.sh'
[18.552s] Level 1:colcon.colcon_core.environment:checking '/home/ras4/nuc_ws/src/install/odometry_pkg/bin'
[18.553s] Level 1:colcon.colcon_core.environment:create_environment_scripts_only(odometry_pkg)
[18.554s] INFO:colcon.colcon_core.shell:Creating package script '/home/ras4/nuc_ws/src/install/odometry_pkg/share/odometry_pkg/package.ps1'
[18.556s] INFO:colcon.colcon_core.shell:Creating package descriptor '/home/ras4/nuc_ws/src/install/odometry_pkg/share/odometry_pkg/package.dsv'
[18.559s] INFO:colcon.colcon_core.shell:Creating package script '/home/ras4/nuc_ws/src/install/odometry_pkg/share/odometry_pkg/package.sh'
[18.561s] INFO:colcon.colcon_core.shell:Creating package script '/home/ras4/nuc_ws/src/install/odometry_pkg/share/odometry_pkg/package.bash'
[18.563s] INFO:colcon.colcon_core.shell:Creating package script '/home/ras4/nuc_ws/src/install/odometry_pkg/share/odometry_pkg/package.zsh'
[18.565s] Level 1:colcon.colcon_core.environment:create_file_with_runtime_dependencies(/home/ras4/nuc_ws/src/install/odometry_pkg/share/colcon-core/packages/odometry_pkg)
[18.566s] DEBUG:colcon.colcon_core.executor.sequential:run_until_complete 'odometry_pkg' finished with '0'
[18.566s] DEBUG:colcon.colcon_core.executor.sequential:run_until_complete 'sllidar_ros2'
[18.567s] INFO:colcon.colcon_ros.task.ament_cmake.build:Building ROS package in '/home/ras4/nuc_ws/src/sllidar_ros2' with build type 'ament_cmake'
[18.567s] INFO:colcon.colcon_cmake.task.cmake.build:Building CMake package in '/home/ras4/nuc_ws/src/sllidar_ros2'
[18.568s] INFO:colcon.colcon_core.shell:Skip shell extension 'powershell' for command environment: Not usable outside of PowerShell
[18.568s] DEBUG:colcon.colcon_core.shell:Skip shell extension 'dsv' for command environment
[18.622s] DEBUG:colcon.colcon_core.event_handler.log_command:Invoking command in '/home/ras4/nuc_ws/src/build/sllidar_ros2': CMAKE_PREFIX_PATH=${CMAKE_PREFIX_PATH}:/home/ras4/nuc_ws/install/xbox_control_pkg:/home/ras4/nuc_ws/install/odometry_pkg:/home/ras4/nuc_ws/install/camera_pkg:/home/ras4/nuc_ws/install/arm_pkg:/home/ras4/nuc_ws/src/install/xbox_control_pkg:/home/ras4/nuc_ws/src/install/odometry_pkg:/home/ras4/nuc_ws/src/install/camera_pkg:/home/ras4/nuc_ws/src/install/arm_pkg:/opt/ros/humble /usr/bin/cmake --build /home/ras4/nuc_ws/src/build/sllidar_ros2 -- -j4 -l4
[19.027s] DEBUG:colcon.colcon_core.event_handler.log_command:Invoked command in '/home/ras4/nuc_ws/src/build/sllidar_ros2' returned '0': CMAKE_PREFIX_PATH=${CMAKE_PREFIX_PATH}:/home/ras4/nuc_ws/install/xbox_control_pkg:/home/ras4/nuc_ws/install/odometry_pkg:/home/ras4/nuc_ws/install/camera_pkg:/home/ras4/nuc_ws/install/arm_pkg:/home/ras4/nuc_ws/src/install/xbox_control_pkg:/home/ras4/nuc_ws/src/install/odometry_pkg:/home/ras4/nuc_ws/src/install/camera_pkg:/home/ras4/nuc_ws/src/install/arm_pkg:/opt/ros/humble /usr/bin/cmake --build /home/ras4/nuc_ws/src/build/sllidar_ros2 -- -j4 -l4
[19.041s] DEBUG:colcon.colcon_core.event_handler.log_command:Invoking command in '/home/ras4/nuc_ws/src/build/sllidar_ros2': CMAKE_PREFIX_PATH=${CMAKE_PREFIX_PATH}:/home/ras4/nuc_ws/install/xbox_control_pkg:/home/ras4/nuc_ws/install/odometry_pkg:/home/ras4/nuc_ws/install/camera_pkg:/home/ras4/nuc_ws/install/arm_pkg:/home/ras4/nuc_ws/src/install/xbox_control_pkg:/home/ras4/nuc_ws/src/install/odometry_pkg:/home/ras4/nuc_ws/src/install/camera_pkg:/home/ras4/nuc_ws/src/install/arm_pkg:/opt/ros/humble /usr/bin/cmake --install /home/ras4/nuc_ws/src/build/sllidar_ros2
[19.105s] Level 1:colcon.colcon_core.environment:create_environment_scripts_only(sllidar_ros2)
[19.107s] Level 1:colcon.colcon_core.environment:checking '/home/ras4/nuc_ws/src/install/sllidar_ros2' for CMake module files
[19.108s] DEBUG:colcon.colcon_core.event_handler.log_command:Invoked command in '/home/ras4/nuc_ws/src/build/sllidar_ros2' returned '0': CMAKE_PREFIX_PATH=${CMAKE_PREFIX_PATH}:/home/ras4/nuc_ws/install/xbox_control_pkg:/home/ras4/nuc_ws/install/odometry_pkg:/home/ras4/nuc_ws/install/camera_pkg:/home/ras4/nuc_ws/install/arm_pkg:/home/ras4/nuc_ws/src/install/xbox_control_pkg:/home/ras4/nuc_ws/src/install/odometry_pkg:/home/ras4/nuc_ws/src/install/camera_pkg:/home/ras4/nuc_ws/src/install/arm_pkg:/opt/ros/humble /usr/bin/cmake --install /home/ras4/nuc_ws/src/build/sllidar_ros2
[19.111s] Level 1:colcon.colcon_core.environment:checking '/home/ras4/nuc_ws/src/install/sllidar_ros2' for CMake config files
[19.114s] Level 1:colcon.colcon_core.shell:create_environment_hook('sllidar_ros2', 'cmake_prefix_path')
[19.115s] INFO:colcon.colcon_core.shell:Creating environment hook '/home/ras4/nuc_ws/src/install/sllidar_ros2/share/sllidar_ros2/hook/cmake_prefix_path.ps1'
[19.117s] INFO:colcon.colcon_core.shell:Creating environment descriptor '/home/ras4/nuc_ws/src/install/sllidar_ros2/share/sllidar_ros2/hook/cmake_prefix_path.dsv'
[19.119s] INFO:colcon.colcon_core.shell:Creating environment hook '/home/ras4/nuc_ws/src/install/sllidar_ros2/share/sllidar_ros2/hook/cmake_prefix_path.sh'
[19.122s] Level 1:colcon.colcon_core.environment:checking '/home/ras4/nuc_ws/src/install/sllidar_ros2/lib'
[19.122s] Level 1:colcon.colcon_core.environment:checking '/home/ras4/nuc_ws/src/install/sllidar_ros2/bin'
[19.122s] Level 1:colcon.colcon_core.environment:checking '/home/ras4/nuc_ws/src/install/sllidar_ros2/lib/pkgconfig/sllidar_ros2.pc'
[19.123s] Level 1:colcon.colcon_core.environment:checking '/home/ras4/nuc_ws/src/install/sllidar_ros2/lib/python3.10/site-packages'
[19.124s] Level 1:colcon.colcon_core.environment:checking '/home/ras4/nuc_ws/src/install/sllidar_ros2/bin'
[19.125s] INFO:colcon.colcon_core.shell:Creating package script '/home/ras4/nuc_ws/src/install/sllidar_ros2/share/sllidar_ros2/package.ps1'
[19.128s] INFO:colcon.colcon_core.shell:Creating package descriptor '/home/ras4/nuc_ws/src/install/sllidar_ros2/share/sllidar_ros2/package.dsv'
[19.131s] INFO:colcon.colcon_core.shell:Creating package script '/home/ras4/nuc_ws/src/install/sllidar_ros2/share/sllidar_ros2/package.sh'
[19.134s] INFO:colcon.colcon_core.shell:Creating package script '/home/ras4/nuc_ws/src/install/sllidar_ros2/share/sllidar_ros2/package.bash'
[19.137s] INFO:colcon.colcon_core.shell:Creating package script '/home/ras4/nuc_ws/src/install/sllidar_ros2/share/sllidar_ros2/package.zsh'
[19.138s] Level 1:colcon.colcon_core.environment:create_file_with_runtime_dependencies(/home/ras4/nuc_ws/src/install/sllidar_ros2/share/colcon-core/packages/sllidar_ros2)
[19.141s] Level 1:colcon.colcon_core.environment:create_environment_scripts_only(sllidar_ros2)
[19.142s] Level 1:colcon.colcon_core.environment:checking '/home/ras4/nuc_ws/src/install/sllidar_ros2' for CMake module files
[19.145s] Level 1:colcon.colcon_core.environment:checking '/home/ras4/nuc_ws/src/install/sllidar_ros2' for CMake config files
[19.147s] Level 1:colcon.colcon_core.shell:create_environment_hook('sllidar_ros2', 'cmake_prefix_path')
[19.148s] INFO:colcon.colcon_core.shell:Creating environment hook '/home/ras4/nuc_ws/src/install/sllidar_ros2/share/sllidar_ros2/hook/cmake_prefix_path.ps1'
[19.150s] INFO:colcon.colcon_core.shell:Creating environment descriptor '/home/ras4/nuc_ws/src/install/sllidar_ros2/share/sllidar_ros2/hook/cmake_prefix_path.dsv'
[19.152s] INFO:colcon.colcon_core.shell:Creating environment hook '/home/ras4/nuc_ws/src/install/sllidar_ros2/share/sllidar_ros2/hook/cmake_prefix_path.sh'
[19.155s] Level 1:colcon.colcon_core.environment:checking '/home/ras4/nuc_ws/src/install/sllidar_ros2/lib'
[19.155s] Level 1:colcon.colcon_core.environment:checking '/home/ras4/nuc_ws/src/install/sllidar_ros2/bin'
[19.156s] Level 1:colcon.colcon_core.environment:checking '/home/ras4/nuc_ws/src/install/sllidar_ros2/lib/pkgconfig/sllidar_ros2.pc'
[19.156s] Level 1:colcon.colcon_core.environment:checking '/home/ras4/nuc_ws/src/install/sllidar_ros2/lib/python3.10/site-packages'
[19.157s] Level 1:colcon.colcon_core.environment:checking '/home/ras4/nuc_ws/src/install/sllidar_ros2/bin'
[19.158s] INFO:colcon.colcon_core.shell:Creating package script '/home/ras4/nuc_ws/src/install/sllidar_ros2/share/sllidar_ros2/package.ps1'
[19.161s] INFO:colcon.colcon_core.shell:Creating package descriptor '/home/ras4/nuc_ws/src/install/sllidar_ros2/share/sllidar_ros2/package.dsv'
[19.163s] INFO:colcon.colcon_core.shell:Creating package script '/home/ras4/nuc_ws/src/install/sllidar_ros2/share/sllidar_ros2/package.sh'
[19.165s] INFO:colcon.colcon_core.shell:Creating package script '/home/ras4/nuc_ws/src/install/sllidar_ros2/share/sllidar_ros2/package.bash'
[19.167s] INFO:colcon.colcon_core.shell:Creating package script '/home/ras4/nuc_ws/src/install/sllidar_ros2/share/sllidar_ros2/package.zsh'
[19.169s] Level 1:colcon.colcon_core.environment:create_file_with_runtime_dependencies(/home/ras4/nuc_ws/src/install/sllidar_ros2/share/colcon-core/packages/sllidar_ros2)
[19.170s] DEBUG:colcon.colcon_core.executor.sequential:run_until_complete 'sllidar_ros2' finished with '0'
[19.170s] DEBUG:colcon.colcon_core.executor.sequential:run_until_complete 'xbox_control_pkg'
[19.171s] INFO:colcon.colcon_ros.task.ament_python.build:Building ROS package in '/home/ras4/nuc_ws/src/xbox_control_pkg' with build type 'ament_python'
[19.172s] Level 1:colcon.colcon_core.shell:create_environment_hook('xbox_control_pkg', 'ament_prefix_path')
[19.173s] INFO:colcon.colcon_core.shell:Creating environment hook '/home/ras4/nuc_ws/src/install/xbox_control_pkg/share/xbox_control_pkg/hook/ament_prefix_path.ps1'
[19.175s] INFO:colcon.colcon_core.shell:Creating environment descriptor '/home/ras4/nuc_ws/src/install/xbox_control_pkg/share/xbox_control_pkg/hook/ament_prefix_path.dsv'
[19.177s] INFO:colcon.colcon_core.shell:Creating environment hook '/home/ras4/nuc_ws/src/install/xbox_control_pkg/share/xbox_control_pkg/hook/ament_prefix_path.sh'
[19.180s] INFO:colcon.colcon_core.shell:Skip shell extension 'powershell' for command environment: Not usable outside of PowerShell
[19.180s] DEBUG:colcon.colcon_core.shell:Skip shell extension 'dsv' for command environment
[20.425s] INFO:colcon.colcon_core.task.python.build:Building Python package in '/home/ras4/nuc_ws/src/xbox_control_pkg'
[20.426s] INFO:colcon.colcon_core.shell:Skip shell extension 'powershell' for command environment: Not usable outside of PowerShell
[20.426s] DEBUG:colcon.colcon_core.shell:Skip shell extension 'dsv' for command environment
[21.967s] DEBUG:colcon.colcon_core.event_handler.log_command:Invoking command in '/home/ras4/nuc_ws/src/xbox_control_pkg': PYTHONPATH=/home/ras4/nuc_ws/src/build/xbox_control_pkg/prefix_override:/usr/lib/python3/dist-packages/colcon_core/task/python/colcon_distutils_commands:/home/ras4/nuc_ws/src/install/xbox_control_pkg/lib/python3.10/site-packages:${PYTHONPATH} /usr/bin/python3 -W ignore:setup.py install is deprecated -W ignore:easy_install command is deprecated setup.py egg_info --egg-base ../build/xbox_control_pkg build --build-base /home/ras4/nuc_ws/src/build/xbox_control_pkg/build install --record /home/ras4/nuc_ws/src/build/xbox_control_pkg/install.log --single-version-externally-managed install_data
[23.341s] Level 1:colcon.colcon_core.environment:checking '/home/ras4/nuc_ws/src/install/xbox_control_pkg' for CMake module files
[23.344s] DEBUG:colcon.colcon_core.event_handler.log_command:Invoked command in '/home/ras4/nuc_ws/src/xbox_control_pkg' returned '0': PYTHONPATH=/home/ras4/nuc_ws/src/build/xbox_control_pkg/prefix_override:/usr/lib/python3/dist-packages/colcon_core/task/python/colcon_distutils_commands:/home/ras4/nuc_ws/src/install/xbox_control_pkg/lib/python3.10/site-packages:${PYTHONPATH} /usr/bin/python3 -W ignore:setup.py install is deprecated -W ignore:easy_install command is deprecated setup.py egg_info --egg-base ../build/xbox_control_pkg build --build-base /home/ras4/nuc_ws/src/build/xbox_control_pkg/build install --record /home/ras4/nuc_ws/src/build/xbox_control_pkg/install.log --single-version-externally-managed install_data
[23.345s] Level 1:colcon.colcon_core.environment:checking '/home/ras4/nuc_ws/src/install/xbox_control_pkg' for CMake config files
[23.349s] Level 1:colcon.colcon_core.environment:checking '/home/ras4/nuc_ws/src/install/xbox_control_pkg/lib'
[23.350s] Level 1:colcon.colcon_core.environment:checking '/home/ras4/nuc_ws/src/install/xbox_control_pkg/bin'
[23.350s] Level 1:colcon.colcon_core.environment:checking '/home/ras4/nuc_ws/src/install/xbox_control_pkg/lib/pkgconfig/xbox_control_pkg.pc'
[23.351s] Level 1:colcon.colcon_core.environment:checking '/home/ras4/nuc_ws/src/install/xbox_control_pkg/lib/python3.10/site-packages'
[23.352s] Level 1:colcon.colcon_core.shell:create_environment_hook('xbox_control_pkg', 'pythonpath')
[23.353s] INFO:colcon.colcon_core.shell:Creating environment hook '/home/ras4/nuc_ws/src/install/xbox_control_pkg/share/xbox_control_pkg/hook/pythonpath.ps1'
[23.356s] INFO:colcon.colcon_core.shell:Creating environment descriptor '/home/ras4/nuc_ws/src/install/xbox_control_pkg/share/xbox_control_pkg/hook/pythonpath.dsv'
[23.358s] INFO:colcon.colcon_core.shell:Creating environment hook '/home/ras4/nuc_ws/src/install/xbox_control_pkg/share/xbox_control_pkg/hook/pythonpath.sh'
[23.362s] Level 1:colcon.colcon_core.environment:checking '/home/ras4/nuc_ws/src/install/xbox_control_pkg/bin'
[23.362s] Level 1:colcon.colcon_core.environment:create_environment_scripts_only(xbox_control_pkg)
[23.364s] INFO:colcon.colcon_core.shell:Creating package script '/home/ras4/nuc_ws/src/install/xbox_control_pkg/share/xbox_control_pkg/package.ps1'
[23.367s] INFO:colcon.colcon_core.shell:Creating package descriptor '/home/ras4/nuc_ws/src/install/xbox_control_pkg/share/xbox_control_pkg/package.dsv'
[23.369s] INFO:colcon.colcon_core.shell:Creating package script '/home/ras4/nuc_ws/src/install/xbox_control_pkg/share/xbox_control_pkg/package.sh'
[23.371s] INFO:colcon.colcon_core.shell:Creating package script '/home/ras4/nuc_ws/src/install/xbox_control_pkg/share/xbox_control_pkg/package.bash'
[23.373s] INFO:colcon.colcon_core.shell:Creating package script '/home/ras4/nuc_ws/src/install/xbox_control_pkg/share/xbox_control_pkg/package.zsh'
[23.375s] Level 1:colcon.colcon_core.environment:create_file_with_runtime_dependencies(/home/ras4/nuc_ws/src/install/xbox_control_pkg/share/colcon-core/packages/xbox_control_pkg)
[23.377s] DEBUG:colcon.colcon_core.executor.sequential:run_until_complete 'xbox_control_pkg' finished with '0'
[23.377s] DEBUG:colcon.colcon_core.executor.sequential:run_until_complete 'astra_camera'
[23.378s] INFO:colcon.colcon_ros.task.ament_cmake.build:Building ROS package in '/home/ras4/nuc_ws/src/ros2_astra_camera/astra_camera' with build type 'ament_cmake'
[23.378s] INFO:colcon.colcon_cmake.task.cmake.build:Building CMake package in '/home/ras4/nuc_ws/src/ros2_astra_camera/astra_camera'
[23.379s] INFO:colcon.colcon_core.shell:Skip shell extension 'powershell' for command environment: Not usable outside of PowerShell
[23.380s] DEBUG:colcon.colcon_core.shell:Skip shell extension 'dsv' for command environment
[23.451s] DEBUG:colcon.colcon_core.event_handler.log_command:Invoking command in '/home/ras4/nuc_ws/src/build/astra_camera': CMAKE_PREFIX_PATH=/home/ras4/nuc_ws/src/install/astra_camera_msgs:/home/ras4/nuc_ws/install/sllidar_ros2:/home/ras4/nuc_ws/install/astra_camera_msgs:/home/ras4/nuc_ws/src/install/sllidar_ros2:/home/ras4/nuc_ws/install/xbox_control_pkg:/home/ras4/nuc_ws/install/odometry_pkg:/home/ras4/nuc_ws/install/camera_pkg:/home/ras4/nuc_ws/install/arm_pkg:/home/ras4/nuc_ws/src/install/xbox_control_pkg:/home/ras4/nuc_ws/src/install/odometry_pkg:/home/ras4/nuc_ws/src/install/camera_pkg:/home/ras4/nuc_ws/src/install/arm_pkg:/opt/ros/humble LD_LIBRARY_PATH=/home/ras4/nuc_ws/src/install/astra_camera_msgs/lib:/home/ras4/nuc_ws/install/astra_camera_msgs/lib:/opt/ros/humble/opt/rviz_ogre_vendor/lib:/opt/ros/humble/lib/aarch64-linux-gnu:/opt/ros/humble/lib /usr/bin/cmake --build /home/ras4/nuc_ws/src/build/astra_camera -- -j4 -l4
