[6.326s] Invoking command in '/home/ras4/nuc_ws/src/camera_pkg': PYTHONPATH=/home/ras4/nuc_ws/src/build/camera_pkg/prefix_override:/usr/lib/python3/dist-packages/colcon_core/task/python/colcon_distutils_commands:/home/ras4/nuc_ws/src/install/camera_pkg/lib/python3.10/site-packages:${PYTHONPATH} /usr/bin/python3 -W ignore:setup.py install is deprecated -W ignore:easy_install command is deprecated setup.py egg_info --egg-base ../build/camera_pkg build --build-base /home/ras4/nuc_ws/src/build/camera_pkg/build install --record /home/ras4/nuc_ws/src/build/camera_pkg/install.log --single-version-externally-managed install_data
[7.667s] /usr/lib/python3/dist-packages/setuptools/dist.py:723: UserWarning: Usage of dash-separated 'description-file' will not be supported in future versions. Please use the underscore name 'description_file' instead
[7.668s]   warnings.warn(
[7.742s] running egg_info
[7.743s] creating ../build/camera_pkg/camera_pkg.egg-info
[7.744s] writing ../build/camera_pkg/camera_pkg.egg-info/PKG-INFO
[7.747s] writing dependency_links to ../build/camera_pkg/camera_pkg.egg-info/dependency_links.txt
[7.756s] writing entry points to ../build/camera_pkg/camera_pkg.egg-info/entry_points.txt
[7.759s] writing requirements to ../build/camera_pkg/camera_pkg.egg-info/requires.txt
[7.760s] writing top-level names to ../build/camera_pkg/camera_pkg.egg-info/top_level.txt
[7.761s] writing manifest file '../build/camera_pkg/camera_pkg.egg-info/SOURCES.txt'
[7.771s] reading manifest file '../build/camera_pkg/camera_pkg.egg-info/SOURCES.txt'
[7.773s] writing manifest file '../build/camera_pkg/camera_pkg.egg-info/SOURCES.txt'
[7.774s] running build
[7.775s] running build_py
[7.779s] creating /home/ras4/nuc_ws/src/build/camera_pkg/build
[7.780s] creating /home/ras4/nuc_ws/src/build/camera_pkg/build/lib
[7.782s] creating /home/ras4/nuc_ws/src/build/camera_pkg/build/lib/camera_pkg
[7.794s] copying camera_pkg/framepublisher.py -> /home/ras4/nuc_ws/src/build/camera_pkg/build/lib/camera_pkg
[7.804s] copying camera_pkg/pixel_to_point3d.py -> /home/ras4/nuc_ws/src/build/camera_pkg/build/lib/camera_pkg
[7.805s] copying camera_pkg/__init__.py -> /home/ras4/nuc_ws/src/build/camera_pkg/build/lib/camera_pkg
[7.816s] running install
[7.816s] running install_lib
[7.820s] creating /home/ras4/nuc_ws/src/install/camera_pkg/lib/python3.10/site-packages/camera_pkg
[7.821s] copying /home/ras4/nuc_ws/src/build/camera_pkg/build/lib/camera_pkg/framepublisher.py -> /home/ras4/nuc_ws/src/install/camera_pkg/lib/python3.10/site-packages/camera_pkg
[7.824s] copying /home/ras4/nuc_ws/src/build/camera_pkg/build/lib/camera_pkg/pixel_to_point3d.py -> /home/ras4/nuc_ws/src/install/camera_pkg/lib/python3.10/site-packages/camera_pkg
[7.826s] copying /home/ras4/nuc_ws/src/build/camera_pkg/build/lib/camera_pkg/__init__.py -> /home/ras4/nuc_ws/src/install/camera_pkg/lib/python3.10/site-packages/camera_pkg
[7.839s] byte-compiling /home/ras4/nuc_ws/src/install/camera_pkg/lib/python3.10/site-packages/camera_pkg/framepublisher.py to framepublisher.cpython-310.pyc
[7.840s] byte-compiling /home/ras4/nuc_ws/src/install/camera_pkg/lib/python3.10/site-packages/camera_pkg/pixel_to_point3d.py to pixel_to_point3d.cpython-310.pyc
[7.843s] byte-compiling /home/ras4/nuc_ws/src/install/camera_pkg/lib/python3.10/site-packages/camera_pkg/__init__.py to __init__.cpython-310.pyc
[7.844s] running install_data
[7.846s] creating /home/ras4/nuc_ws/src/install/camera_pkg/share/ament_index
[7.846s] creating /home/ras4/nuc_ws/src/install/camera_pkg/share/ament_index/resource_index
[7.847s] creating /home/ras4/nuc_ws/src/install/camera_pkg/share/ament_index/resource_index/packages
[7.848s] copying resource/camera_pkg -> /home/ras4/nuc_ws/src/install/camera_pkg/share/ament_index/resource_index/packages
[7.848s] copying package.xml -> /home/ras4/nuc_ws/src/install/camera_pkg/share/camera_pkg
[7.849s] creating /home/ras4/nuc_ws/src/install/camera_pkg/share/camera_pkg/launch
[7.849s] copying launch/camera.launch.py -> /home/ras4/nuc_ws/src/install/camera_pkg/share/camera_pkg/launch
[7.864s] running install_egg_info
[7.865s] Copying ../build/camera_pkg/camera_pkg.egg-info to /home/ras4/nuc_ws/src/install/camera_pkg/lib/python3.10/site-packages/camera_pkg-0.1.0-py3.10.egg-info
[7.874s] running install_scripts
[8.057s] Installing framepublisher script to /home/ras4/nuc_ws/src/install/camera_pkg/lib/camera_pkg
[8.063s] Installing pixel_to_point3d script to /home/ras4/nuc_ws/src/install/camera_pkg/lib/camera_pkg
[8.072s] writing list of installed files to '/home/ras4/nuc_ws/src/build/camera_pkg/install.log'
[8.367s] Invoked command in '/home/ras4/nuc_ws/src/camera_pkg' returned '0': PYTHONPATH=/home/ras4/nuc_ws/src/build/camera_pkg/prefix_override:/usr/lib/python3/dist-packages/colcon_core/task/python/colcon_distutils_commands:/home/ras4/nuc_ws/src/install/camera_pkg/lib/python3.10/site-packages:${PYTHONPATH} /usr/bin/python3 -W ignore:setup.py install is deprecated -W ignore:easy_install command is deprecated setup.py egg_info --egg-base ../build/camera_pkg build --build-base /home/ras4/nuc_ws/src/build/camera_pkg/build install --record /home/ras4/nuc_ws/src/build/camera_pkg/install.log --single-version-externally-managed install_data
