[3.792s] Invoking command in '/home/ras4/nuc_ws/build/sllidar_ros2': CMAKE_PREFIX_PATH=${CMAKE_PREFIX_PATH}:/home/ras4/nuc_ws/install/xbox_control_pkg:/home/ras4/nuc_ws/install/odometry_pkg:/home/ras4/nuc_ws/install/camera_pkg:/home/ras4/nuc_ws/install/arm_pkg:/opt/ros/humble /usr/bin/cmake --build /home/ras4/nuc_ws/build/sllidar_ros2 -- -j4 -l4
[3.966s] -- Found ament_cmake: 1.3.11 (/opt/ros/humble/share/ament_cmake/cmake)
[4.900s] -- Found rclcpp: 16.0.12 (/opt/ros/humble/share/rclcpp/cmake)
[5.151s] -- Found rosidl_generator_c: 3.1.6 (/opt/ros/humble/share/rosidl_generator_c/cmake)
[5.169s] -- Found rosidl_adapter: 3.1.6 (/opt/ros/humble/share/rosidl_adapter/cmake)
[5.206s] -- Found rosidl_generator_cpp: 3.1.6 (/opt/ros/humble/share/rosidl_generator_cpp/cmake)
[5.261s] -- Using all available rosidl_typesupport_c: rosidl_typesupport_fastrtps_c;rosidl_typesupport_introspection_c
[5.335s] -- Using all available rosidl_typesupport_cpp: rosidl_typesupport_fastrtps_cpp;rosidl_typesupport_introspection_cpp
[5.533s] -- Found rmw_implementation_cmake: 6.1.2 (/opt/ros/humble/share/rmw_implementation_cmake/cmake)
[5.541s] -- Found rmw_fastrtps_cpp: 6.2.7 (/opt/ros/humble/share/rmw_fastrtps_cpp/cmake)
[6.741s] -- Using RMW implementation 'rmw_fastrtps_cpp' as default
[7.076s] -- Found sensor_msgs: 4.8.0 (/opt/ros/humble/share/sensor_msgs/cmake)
[7.252s] -- Found std_srvs: 4.8.0 (/opt/ros/humble/share/std_srvs/cmake)
[7.783s] -- Configuring done
[7.922s] -- Generating done
[7.960s] -- Build files have been written to: /home/ras4/nuc_ws/build/sllidar_ros2
[8.119s] [35m[1mConsolidate compiler generated dependencies of target sllidar_client[0m
[8.253s] [ 10%] Built target sllidar_client
[8.298s] [35m[1mConsolidate compiler generated dependencies of target sllidar_node[0m
[8.586s] [100%] Built target sllidar_node
[8.670s] Invoked command in '/home/ras4/nuc_ws/build/sllidar_ros2' returned '0': CMAKE_PREFIX_PATH=${CMAKE_PREFIX_PATH}:/home/ras4/nuc_ws/install/xbox_control_pkg:/home/ras4/nuc_ws/install/odometry_pkg:/home/ras4/nuc_ws/install/camera_pkg:/home/ras4/nuc_ws/install/arm_pkg:/opt/ros/humble /usr/bin/cmake --build /home/ras4/nuc_ws/build/sllidar_ros2 -- -j4 -l4
[8.762s] Invoking command in '/home/ras4/nuc_ws/build/sllidar_ros2': CMAKE_PREFIX_PATH=${CMAKE_PREFIX_PATH}:/home/ras4/nuc_ws/install/xbox_control_pkg:/home/ras4/nuc_ws/install/odometry_pkg:/home/ras4/nuc_ws/install/camera_pkg:/home/ras4/nuc_ws/install/arm_pkg:/opt/ros/humble /usr/bin/cmake --install /home/ras4/nuc_ws/build/sllidar_ros2
[8.852s] -- Install configuration: ""
[8.856s] -- Up-to-date: /home/ras4/nuc_ws/install/sllidar_ros2/share/sllidar_ros2/launch
[8.860s] -- Up-to-date: /home/ras4/nuc_ws/install/sllidar_ros2/share/sllidar_ros2/launch/view_sllidar_c1_launch.py
[8.867s] -- Up-to-date: /home/ras4/nuc_ws/install/sllidar_ros2/share/sllidar_ros2/launch/sllidar_s3_launch.py
[8.885s] -- Up-to-date: /home/ras4/nuc_ws/install/sllidar_ros2/share/sllidar_ros2/launch/sllidar_a2m8_launch.py
[8.887s] -- Up-to-date: /home/ras4/nuc_ws/install/sllidar_ros2/share/sllidar_ros2/launch/view_sllidar_s1_tcp_launch.py
[8.889s] -- Up-to-date: /home/ras4/nuc_ws/install/sllidar_ros2/share/sllidar_ros2/launch/sllidar_s1_tcp_launch.py
[8.891s] -- Up-to-date: /home/ras4/nuc_ws/install/sllidar_ros2/share/sllidar_ros2/launch/sllidar_c1_launch.py
[8.893s] -- Up-to-date: /home/ras4/nuc_ws/install/sllidar_ros2/share/sllidar_ros2/launch/sllidar_s1_launch.py
[8.896s] -- Up-to-date: /home/ras4/nuc_ws/install/sllidar_ros2/share/sllidar_ros2/launch/sllidar_s2_launch.py
[8.900s] -- Up-to-date: /home/ras4/nuc_ws/install/sllidar_ros2/share/sllidar_ros2/launch/view_sllidar_a2m8_launch.py
[8.902s] -- Up-to-date: /home/ras4/nuc_ws/install/sllidar_ros2/share/sllidar_ros2/launch/view_sllidar_a3_launch.py
[8.908s] -- Up-to-date: /home/ras4/nuc_ws/install/sllidar_ros2/share/sllidar_ros2/launch/view_sllidar_s2_launch.py
[8.910s] -- Up-to-date: /home/ras4/nuc_ws/install/sllidar_ros2/share/sllidar_ros2/launch/view_sllidar_a2m12_launch.py
[8.911s] -- Up-to-date: /home/ras4/nuc_ws/install/sllidar_ros2/share/sllidar_ros2/launch/view_sllidar_s1_launch.py
[8.913s] -- Up-to-date: /home/ras4/nuc_ws/install/sllidar_ros2/share/sllidar_ros2/launch/sllidar_s2e_launch.py
[8.915s] -- Up-to-date: /home/ras4/nuc_ws/install/sllidar_ros2/share/sllidar_ros2/launch/sllidar_a2m12_launch .py
[8.916s] -- Up-to-date: /home/ras4/nuc_ws/install/sllidar_ros2/share/sllidar_ros2/launch/sllidar_t1_launch.py
[8.919s] -- Up-to-date: /home/ras4/nuc_ws/install/sllidar_ros2/share/sllidar_ros2/launch/view_sllidar_a2m7_launch.py
[8.921s] -- Up-to-date: /home/ras4/nuc_ws/install/sllidar_ros2/share/sllidar_ros2/launch/view_sllidar_t1_launch.py
[8.923s] -- Up-to-date: /home/ras4/nuc_ws/install/sllidar_ros2/share/sllidar_ros2/launch/sllidar_a2m7_launch.py
[8.930s] -- Up-to-date: /home/ras4/nuc_ws/install/sllidar_ros2/share/sllidar_ros2/launch/view_sllidar_s3_launch.py
[8.933s] -- Up-to-date: /home/ras4/nuc_ws/install/sllidar_ros2/share/sllidar_ros2/launch/view_sllidar_s2e_launch.py
[8.934s] -- Up-to-date: /home/ras4/nuc_ws/install/sllidar_ros2/share/sllidar_ros2/launch/sllidar_a3_launch.py
[8.935s] -- Up-to-date: /home/ras4/nuc_ws/install/sllidar_ros2/share/sllidar_ros2/launch/sllidar_a1_launch.py
[8.940s] -- Up-to-date: /home/ras4/nuc_ws/install/sllidar_ros2/share/sllidar_ros2/launch/view_sllidar_a1_launch.py
[8.942s] -- Up-to-date: /home/ras4/nuc_ws/install/sllidar_ros2/share/sllidar_ros2/rviz
[8.946s] -- Up-to-date: /home/ras4/nuc_ws/install/sllidar_ros2/share/sllidar_ros2/rviz/sllidar_ros2.rviz
[8.949s] -- Up-to-date: /home/ras4/nuc_ws/install/sllidar_ros2/lib/sllidar_ros2/sllidar_node
[8.950s] -- Up-to-date: /home/ras4/nuc_ws/install/sllidar_ros2/lib/sllidar_ros2/sllidar_client
[8.953s] -- Up-to-date: /home/ras4/nuc_ws/install/sllidar_ros2/share/ament_index/resource_index/package_run_dependencies/sllidar_ros2
[8.955s] -- Installing: /home/ras4/nuc_ws/install/sllidar_ros2/share/ament_index/resource_index/parent_prefix_path/sllidar_ros2
[8.955s] -- Up-to-date: /home/ras4/nuc_ws/install/sllidar_ros2/share/sllidar_ros2/environment/ament_prefix_path.sh
[8.956s] -- Installing: /home/ras4/nuc_ws/install/sllidar_ros2/share/sllidar_ros2/environment/ament_prefix_path.dsv
[8.956s] -- Up-to-date: /home/ras4/nuc_ws/install/sllidar_ros2/share/sllidar_ros2/environment/path.sh
[8.957s] -- Installing: /home/ras4/nuc_ws/install/sllidar_ros2/share/sllidar_ros2/environment/path.dsv
[8.958s] -- Up-to-date: /home/ras4/nuc_ws/install/sllidar_ros2/share/sllidar_ros2/local_setup.bash
[8.958s] -- Up-to-date: /home/ras4/nuc_ws/install/sllidar_ros2/share/sllidar_ros2/local_setup.sh
[8.959s] -- Up-to-date: /home/ras4/nuc_ws/install/sllidar_ros2/share/sllidar_ros2/local_setup.zsh
[8.960s] -- Installing: /home/ras4/nuc_ws/install/sllidar_ros2/share/sllidar_ros2/local_setup.dsv
[8.960s] -- Installing: /home/ras4/nuc_ws/install/sllidar_ros2/share/sllidar_ros2/package.dsv
[8.962s] -- Up-to-date: /home/ras4/nuc_ws/install/sllidar_ros2/share/ament_index/resource_index/packages/sllidar_ros2
[8.964s] -- Up-to-date: /home/ras4/nuc_ws/install/sllidar_ros2/share/sllidar_ros2/cmake/ament_cmake_export_dependencies-extras.cmake
[8.965s] -- Up-to-date: /home/ras4/nuc_ws/install/sllidar_ros2/share/sllidar_ros2/cmake/ament_cmake_export_include_directories-extras.cmake
[8.968s] -- Up-to-date: /home/ras4/nuc_ws/install/sllidar_ros2/share/sllidar_ros2/cmake/sllidar_ros2Config.cmake
[8.969s] -- Up-to-date: /home/ras4/nuc_ws/install/sllidar_ros2/share/sllidar_ros2/cmake/sllidar_ros2Config-version.cmake
[8.969s] -- Up-to-date: /home/ras4/nuc_ws/install/sllidar_ros2/share/sllidar_ros2/package.xml
[9.069s] Invoked command in '/home/ras4/nuc_ws/build/sllidar_ros2' returned '0': CMAKE_PREFIX_PATH=${CMAKE_PREFIX_PATH}:/home/ras4/nuc_ws/install/xbox_control_pkg:/home/ras4/nuc_ws/install/odometry_pkg:/home/ras4/nuc_ws/install/camera_pkg:/home/ras4/nuc_ws/install/arm_pkg:/opt/ros/humble /usr/bin/cmake --install /home/ras4/nuc_ws/build/sllidar_ros2
