[2.950s] Invoking command in '/home/ras4/nuc_ws/src/arm_pkg': PYTHONPATH=/home/ras4/nuc_ws/src/build/arm_pkg/prefix_override:/usr/lib/python3/dist-packages/colcon_core/task/python/colcon_distutils_commands:/home/ras4/nuc_ws/src/install/arm_pkg/lib/python3.10/site-packages:${PYTHONPATH} /usr/bin/python3 -W ignore:setup.py install is deprecated -W ignore:easy_install command is deprecated setup.py egg_info --egg-base ../build/arm_pkg build --build-base /home/ras4/nuc_ws/src/build/arm_pkg/build install --record /home/ras4/nuc_ws/src/build/arm_pkg/install.log --single-version-externally-managed install_data
[4.075s] running egg_info
[4.078s] writing ../build/arm_pkg/arm_pkg.egg-info/PKG-INFO
[4.080s] writing dependency_links to ../build/arm_pkg/arm_pkg.egg-info/dependency_links.txt
[4.081s] writing entry points to ../build/arm_pkg/arm_pkg.egg-info/entry_points.txt
[4.082s] writing requirements to ../build/arm_pkg/arm_pkg.egg-info/requires.txt
[4.083s] writing top-level names to ../build/arm_pkg/arm_pkg.egg-info/top_level.txt
[4.091s] reading manifest file '../build/arm_pkg/arm_pkg.egg-info/SOURCES.txt'
[4.095s] writing manifest file '../build/arm_pkg/arm_pkg.egg-info/SOURCES.txt'
[4.096s] running build
[4.096s] running build_py
[4.099s] running install
[4.100s] running install_lib
[4.107s] running install_data
[4.109s] running install_egg_info
[4.117s] removing '/home/ras4/nuc_ws/src/install/arm_pkg/lib/python3.10/site-packages/arm_pkg-0.0.0-py3.10.egg-info' (and everything under it)
[4.118s] Copying ../build/arm_pkg/arm_pkg.egg-info to /home/ras4/nuc_ws/src/install/arm_pkg/lib/python3.10/site-packages/arm_pkg-0.0.0-py3.10.egg-info
[4.125s] running install_scripts
[4.212s] Installing clicked_point_subscriber script to /home/ras4/nuc_ws/src/install/arm_pkg/lib/arm_pkg
[4.214s] writing list of installed files to '/home/ras4/nuc_ws/src/build/arm_pkg/install.log'
[4.331s] Invoked command in '/home/ras4/nuc_ws/src/arm_pkg' returned '0': PYTHONPATH=/home/ras4/nuc_ws/src/build/arm_pkg/prefix_override:/usr/lib/python3/dist-packages/colcon_core/task/python/colcon_distutils_commands:/home/ras4/nuc_ws/src/install/arm_pkg/lib/python3.10/site-packages:${PYTHONPATH} /usr/bin/python3 -W ignore:setup.py install is deprecated -W ignore:easy_install command is deprecated setup.py egg_info --egg-base ../build/arm_pkg build --build-base /home/ras4/nuc_ws/src/build/arm_pkg/build install --record /home/ras4/nuc_ws/src/build/arm_pkg/install.log --single-version-externally-managed install_data
