[1.006s] DEBUG:colcon:Command line arguments: ['/usr/bin/colcon', 'build', '--packages-select', 'ros2_astra_camera']
[1.006s] DEBUG:colcon:Parsed command line arguments: Namespace(log_base=None, log_level=None, verb_name='build', build_base='build', install_base='install', merge_install=False, symlink_install=False, test_result_base=None, continue_on_error=False, executor='parallel', parallel_workers=4, event_handlers=None, ignore_user_meta=False, metas=['./colcon.meta'], base_paths=['.'], packages_ignore=None, packages_ignore_regex=None, paths=None, packages_up_to=None, packages_up_to_regex=None, packages_above=None, packages_above_and_dependencies=None, packages_above_depth=None, packages_select_by_dep=None, packages_skip_by_dep=None, packages_skip_up_to=None, packages_select_build_failed=False, packages_skip_build_finished=False, packages_select_test_failures=False, packages_skip_test_passed=False, packages_select=['ros2_astra_camera'], packages_skip=None, packages_select_regex=None, packages_skip_regex=None, packages_start=None, packages_end=None, allow_overriding=[], cmake_args=None, cmake_target=None, cmake_target_skip_unavailable=False, cmake_clean_cache=False, cmake_clean_first=False, cmake_force_configure=False, ament_cmake_args=None, catkin_cmake_args=None, catkin_skip_building_tests=False, verb_parser=<colcon_defaults.argument_parser.defaults.DefaultArgumentsDecorator object at 0xffffab371300>, verb_extension=<colcon_core.verb.build.BuildVerb object at 0xffffab50a770>, main=<bound method BuildVerb.main of <colcon_core.verb.build.BuildVerb object at 0xffffab50a770>>)
[2.137s] Level 1:colcon.colcon_core.package_discovery:discover_packages(colcon_meta) check parameters
[2.138s] Level 1:colcon.colcon_core.package_discovery:discover_packages(recursive) check parameters
[2.138s] Level 1:colcon.colcon_core.package_discovery:discover_packages(ignore) check parameters
[2.138s] Level 1:colcon.colcon_core.package_discovery:discover_packages(path) check parameters
[2.138s] Level 1:colcon.colcon_core.package_discovery:discover_packages(colcon_meta) discover
[2.138s] Level 1:colcon.colcon_core.package_discovery:discover_packages(recursive) discover
[2.139s] INFO:colcon.colcon_core.package_discovery:Crawling recursively for packages in '/home/ras4/nuc_ws/src'
[2.139s] Level 1:colcon.colcon_core.package_identification:_identify(.) by extensions ['ignore', 'ignore_ament_install']
[2.139s] Level 1:colcon.colcon_core.package_identification:_identify(.) by extension 'ignore'
[2.140s] Level 1:colcon.colcon_core.package_identification:_identify(.) by extension 'ignore_ament_install'
[2.140s] Level 1:colcon.colcon_core.package_identification:_identify(.) by extensions ['colcon_pkg']
[2.140s] Level 1:colcon.colcon_core.package_identification:_identify(.) by extension 'colcon_pkg'
[2.140s] Level 1:colcon.colcon_core.package_identification:_identify(.) by extensions ['colcon_meta']
[2.141s] Level 1:colcon.colcon_core.package_identification:_identify(.) by extension 'colcon_meta'
[2.141s] Level 1:colcon.colcon_core.package_identification:_identify(.) by extensions ['ros']
[2.141s] Level 1:colcon.colcon_core.package_identification:_identify(.) by extension 'ros'
[2.215s] Level 1:colcon.colcon_core.package_identification:_identify(.) by extensions ['cmake', 'python']
[2.215s] Level 1:colcon.colcon_core.package_identification:_identify(.) by extension 'cmake'
[2.216s] Level 1:colcon.colcon_core.package_identification:_identify(.) by extension 'python'
[2.216s] Level 1:colcon.colcon_core.package_identification:_identify(.) by extensions ['python_setup_py']
[2.216s] Level 1:colcon.colcon_core.package_identification:_identify(.) by extension 'python_setup_py'
[2.217s] Level 1:colcon.colcon_core.package_identification:_identify(arm_pkg) by extensions ['ignore', 'ignore_ament_install']
[2.217s] Level 1:colcon.colcon_core.package_identification:_identify(arm_pkg) by extension 'ignore'
[2.218s] Level 1:colcon.colcon_core.package_identification:_identify(arm_pkg) by extension 'ignore_ament_install'
[2.218s] Level 1:colcon.colcon_core.package_identification:_identify(arm_pkg) by extensions ['colcon_pkg']
[2.218s] Level 1:colcon.colcon_core.package_identification:_identify(arm_pkg) by extension 'colcon_pkg'
[2.218s] Level 1:colcon.colcon_core.package_identification:_identify(arm_pkg) by extensions ['colcon_meta']
[2.218s] Level 1:colcon.colcon_core.package_identification:_identify(arm_pkg) by extension 'colcon_meta'
[2.219s] Level 1:colcon.colcon_core.package_identification:_identify(arm_pkg) by extensions ['ros']
[2.219s] Level 1:colcon.colcon_core.package_identification:_identify(arm_pkg) by extension 'ros'
[2.232s] DEBUG:colcon.colcon_core.package_identification:Package 'arm_pkg' with type 'ros.ament_python' and name 'arm_pkg'
[2.233s] Level 1:colcon.colcon_core.package_identification:_identify(build) by extensions ['ignore', 'ignore_ament_install']
[2.233s] Level 1:colcon.colcon_core.package_identification:_identify(build) by extension 'ignore'
[2.233s] Level 1:colcon.colcon_core.package_identification:_identify(build) ignored
[2.234s] Level 1:colcon.colcon_core.package_identification:_identify(camera_pkg) by extensions ['ignore', 'ignore_ament_install']
[2.235s] Level 1:colcon.colcon_core.package_identification:_identify(camera_pkg) by extension 'ignore'
[2.235s] Level 1:colcon.colcon_core.package_identification:_identify(camera_pkg) by extension 'ignore_ament_install'
[2.235s] Level 1:colcon.colcon_core.package_identification:_identify(camera_pkg) by extensions ['colcon_pkg']
[2.235s] Level 1:colcon.colcon_core.package_identification:_identify(camera_pkg) by extension 'colcon_pkg'
[2.235s] Level 1:colcon.colcon_core.package_identification:_identify(camera_pkg) by extensions ['colcon_meta']
[2.236s] Level 1:colcon.colcon_core.package_identification:_identify(camera_pkg) by extension 'colcon_meta'
[2.236s] Level 1:colcon.colcon_core.package_identification:_identify(camera_pkg) by extensions ['ros']
[2.236s] Level 1:colcon.colcon_core.package_identification:_identify(camera_pkg) by extension 'ros'
[2.242s] DEBUG:colcon.colcon_core.package_identification:Package 'camera_pkg' with type 'ros.ament_python' and name 'camera_pkg'
[2.243s] Level 1:colcon.colcon_core.package_identification:_identify(install) by extensions ['ignore', 'ignore_ament_install']
[2.243s] Level 1:colcon.colcon_core.package_identification:_identify(install) by extension 'ignore'
[2.243s] Level 1:colcon.colcon_core.package_identification:_identify(install) ignored
[2.244s] Level 1:colcon.colcon_core.package_identification:_identify(libuvc) by extensions ['ignore', 'ignore_ament_install']
[2.245s] Level 1:colcon.colcon_core.package_identification:_identify(libuvc) by extension 'ignore'
[2.245s] Level 1:colcon.colcon_core.package_identification:_identify(libuvc) by extension 'ignore_ament_install'
[2.245s] Level 1:colcon.colcon_core.package_identification:_identify(libuvc) by extensions ['colcon_pkg']
[2.245s] Level 1:colcon.colcon_core.package_identification:_identify(libuvc) by extension 'colcon_pkg'
[2.245s] Level 1:colcon.colcon_core.package_identification:_identify(libuvc) by extensions ['colcon_meta']
[2.246s] Level 1:colcon.colcon_core.package_identification:_identify(libuvc) by extension 'colcon_meta'
[2.246s] Level 1:colcon.colcon_core.package_identification:_identify(libuvc) by extensions ['ros']
[2.246s] Level 1:colcon.colcon_core.package_identification:_identify(libuvc) by extension 'ros'
[2.246s] Level 1:colcon.colcon_core.package_identification:_identify(libuvc) by extensions ['cmake', 'python']
[2.246s] Level 1:colcon.colcon_core.package_identification:_identify(libuvc) by extension 'cmake'
[2.247s] Level 1:colcon.colcon_core.package_identification:_identify(libuvc) by extension 'python'
[2.247s] Level 1:colcon.colcon_core.package_identification:_identify(libuvc) by extensions ['python_setup_py']
[2.247s] Level 1:colcon.colcon_core.package_identification:_identify(libuvc) by extension 'python_setup_py'
[2.248s] Level 1:colcon.colcon_core.package_identification:_identify(log) by extensions ['ignore', 'ignore_ament_install']
[2.248s] Level 1:colcon.colcon_core.package_identification:_identify(log) by extension 'ignore'
[2.248s] Level 1:colcon.colcon_core.package_identification:_identify(log) ignored
[2.249s] Level 1:colcon.colcon_core.package_identification:_identify(odometry_pkg) by extensions ['ignore', 'ignore_ament_install']
[2.249s] Level 1:colcon.colcon_core.package_identification:_identify(odometry_pkg) by extension 'ignore'
[2.250s] Level 1:colcon.colcon_core.package_identification:_identify(odometry_pkg) by extension 'ignore_ament_install'
[2.250s] Level 1:colcon.colcon_core.package_identification:_identify(odometry_pkg) by extensions ['colcon_pkg']
[2.250s] Level 1:colcon.colcon_core.package_identification:_identify(odometry_pkg) by extension 'colcon_pkg'
[2.250s] Level 1:colcon.colcon_core.package_identification:_identify(odometry_pkg) by extensions ['colcon_meta']
[2.250s] Level 1:colcon.colcon_core.package_identification:_identify(odometry_pkg) by extension 'colcon_meta'
[2.251s] Level 1:colcon.colcon_core.package_identification:_identify(odometry_pkg) by extensions ['ros']
[2.251s] Level 1:colcon.colcon_core.package_identification:_identify(odometry_pkg) by extension 'ros'
[2.255s] DEBUG:colcon.colcon_core.package_identification:Package 'odometry_pkg' with type 'ros.ament_python' and name 'odometry_pkg'
[2.257s] Level 1:colcon.colcon_core.package_identification:_identify(ros2_astra_camera) by extensions ['ignore', 'ignore_ament_install']
[2.257s] Level 1:colcon.colcon_core.package_identification:_identify(ros2_astra_camera) by extension 'ignore'
[2.257s] Level 1:colcon.colcon_core.package_identification:_identify(ros2_astra_camera) by extension 'ignore_ament_install'
[2.258s] Level 1:colcon.colcon_core.package_identification:_identify(ros2_astra_camera) by extensions ['colcon_pkg']
[2.258s] Level 1:colcon.colcon_core.package_identification:_identify(ros2_astra_camera) by extension 'colcon_pkg'
[2.258s] Level 1:colcon.colcon_core.package_identification:_identify(ros2_astra_camera) by extensions ['colcon_meta']
[2.258s] Level 1:colcon.colcon_core.package_identification:_identify(ros2_astra_camera) by extension 'colcon_meta'
[2.258s] Level 1:colcon.colcon_core.package_identification:_identify(ros2_astra_camera) by extensions ['ros']
[2.258s] Level 1:colcon.colcon_core.package_identification:_identify(ros2_astra_camera) by extension 'ros'
[2.259s] Level 1:colcon.colcon_core.package_identification:_identify(ros2_astra_camera) by extensions ['cmake', 'python']
[2.259s] Level 1:colcon.colcon_core.package_identification:_identify(ros2_astra_camera) by extension 'cmake'
[2.259s] Level 1:colcon.colcon_core.package_identification:_identify(ros2_astra_camera) by extension 'python'
[2.259s] Level 1:colcon.colcon_core.package_identification:_identify(ros2_astra_camera) by extensions ['python_setup_py']
[2.259s] Level 1:colcon.colcon_core.package_identification:_identify(ros2_astra_camera) by extension 'python_setup_py'
[2.260s] Level 1:colcon.colcon_core.package_identification:_identify(ros2_astra_camera/astra_camera) by extensions ['ignore', 'ignore_ament_install']
[2.261s] Level 1:colcon.colcon_core.package_identification:_identify(ros2_astra_camera/astra_camera) by extension 'ignore'
[2.261s] Level 1:colcon.colcon_core.package_identification:_identify(ros2_astra_camera/astra_camera) by extension 'ignore_ament_install'
[2.261s] Level 1:colcon.colcon_core.package_identification:_identify(ros2_astra_camera/astra_camera) by extensions ['colcon_pkg']
[2.261s] Level 1:colcon.colcon_core.package_identification:_identify(ros2_astra_camera/astra_camera) by extension 'colcon_pkg'
[2.262s] Level 1:colcon.colcon_core.package_identification:_identify(ros2_astra_camera/astra_camera) by extensions ['colcon_meta']
[2.262s] Level 1:colcon.colcon_core.package_identification:_identify(ros2_astra_camera/astra_camera) by extension 'colcon_meta'
[2.262s] Level 1:colcon.colcon_core.package_identification:_identify(ros2_astra_camera/astra_camera) by extensions ['ros']
[2.262s] Level 1:colcon.colcon_core.package_identification:_identify(ros2_astra_camera/astra_camera) by extension 'ros'
[2.271s] DEBUG:colcon.colcon_core.package_identification:Package 'ros2_astra_camera/astra_camera' with type 'ros.ament_cmake' and name 'astra_camera'
[2.273s] Level 1:colcon.colcon_core.package_identification:_identify(ros2_astra_camera/astra_camera_msgs) by extensions ['ignore', 'ignore_ament_install']
[2.273s] Level 1:colcon.colcon_core.package_identification:_identify(ros2_astra_camera/astra_camera_msgs) by extension 'ignore'
[2.273s] Level 1:colcon.colcon_core.package_identification:_identify(ros2_astra_camera/astra_camera_msgs) by extension 'ignore_ament_install'
[2.274s] Level 1:colcon.colcon_core.package_identification:_identify(ros2_astra_camera/astra_camera_msgs) by extensions ['colcon_pkg']
[2.274s] Level 1:colcon.colcon_core.package_identification:_identify(ros2_astra_camera/astra_camera_msgs) by extension 'colcon_pkg'
[2.274s] Level 1:colcon.colcon_core.package_identification:_identify(ros2_astra_camera/astra_camera_msgs) by extensions ['colcon_meta']
[2.274s] Level 1:colcon.colcon_core.package_identification:_identify(ros2_astra_camera/astra_camera_msgs) by extension 'colcon_meta'
[2.274s] Level 1:colcon.colcon_core.package_identification:_identify(ros2_astra_camera/astra_camera_msgs) by extensions ['ros']
[2.274s] Level 1:colcon.colcon_core.package_identification:_identify(ros2_astra_camera/astra_camera_msgs) by extension 'ros'
[2.277s] DEBUG:colcon.colcon_core.package_identification:Package 'ros2_astra_camera/astra_camera_msgs' with type 'ros.ament_cmake' and name 'astra_camera_msgs'
[2.279s] Level 1:colcon.colcon_core.package_identification:_identify(sllidar_ros2) by extensions ['ignore', 'ignore_ament_install']
[2.279s] Level 1:colcon.colcon_core.package_identification:_identify(sllidar_ros2) by extension 'ignore'
[2.279s] Level 1:colcon.colcon_core.package_identification:_identify(sllidar_ros2) by extension 'ignore_ament_install'
[2.280s] Level 1:colcon.colcon_core.package_identification:_identify(sllidar_ros2) by extensions ['colcon_pkg']
[2.280s] Level 1:colcon.colcon_core.package_identification:_identify(sllidar_ros2) by extension 'colcon_pkg'
[2.280s] Level 1:colcon.colcon_core.package_identification:_identify(sllidar_ros2) by extensions ['colcon_meta']
[2.280s] Level 1:colcon.colcon_core.package_identification:_identify(sllidar_ros2) by extension 'colcon_meta'
[2.280s] Level 1:colcon.colcon_core.package_identification:_identify(sllidar_ros2) by extensions ['ros']
[2.280s] Level 1:colcon.colcon_core.package_identification:_identify(sllidar_ros2) by extension 'ros'
[2.287s] DEBUG:colcon.colcon_core.package_identification:Package 'sllidar_ros2' with type 'ros.ament_cmake' and name 'sllidar_ros2'
[2.289s] Level 1:colcon.colcon_core.package_identification:_identify(xbox_control_pkg) by extensions ['ignore', 'ignore_ament_install']
[2.289s] Level 1:colcon.colcon_core.package_identification:_identify(xbox_control_pkg) by extension 'ignore'
[2.289s] Level 1:colcon.colcon_core.package_identification:_identify(xbox_control_pkg) by extension 'ignore_ament_install'
[2.290s] Level 1:colcon.colcon_core.package_identification:_identify(xbox_control_pkg) by extensions ['colcon_pkg']
[2.290s] Level 1:colcon.colcon_core.package_identification:_identify(xbox_control_pkg) by extension 'colcon_pkg'
[2.290s] Level 1:colcon.colcon_core.package_identification:_identify(xbox_control_pkg) by extensions ['colcon_meta']
[2.290s] Level 1:colcon.colcon_core.package_identification:_identify(xbox_control_pkg) by extension 'colcon_meta'
[2.290s] Level 1:colcon.colcon_core.package_identification:_identify(xbox_control_pkg) by extensions ['ros']
[2.290s] Level 1:colcon.colcon_core.package_identification:_identify(xbox_control_pkg) by extension 'ros'
[2.294s] DEBUG:colcon.colcon_core.package_identification:Package 'xbox_control_pkg' with type 'ros.ament_python' and name 'xbox_control_pkg'
[2.295s] Level 1:colcon.colcon_core.package_discovery:discover_packages(recursive) using defaults
[2.295s] Level 1:colcon.colcon_core.package_discovery:discover_packages(ignore) discover
[2.295s] Level 1:colcon.colcon_core.package_discovery:discover_packages(ignore) using defaults
[2.295s] Level 1:colcon.colcon_core.package_discovery:discover_packages(path) discover
[2.295s] Level 1:colcon.colcon_core.package_discovery:discover_packages(path) using defaults
[2.296s] WARNING:colcon.colcon_core.package_selection:ignoring unknown package 'ros2_astra_camera' in --packages-select
[2.447s] INFO:colcon.colcon_core.package_selection:Skipping not selected package 'arm_pkg' in 'arm_pkg'
[2.447s] INFO:colcon.colcon_core.package_selection:Skipping not selected package 'astra_camera_msgs' in 'ros2_astra_camera/astra_camera_msgs'
[2.447s] INFO:colcon.colcon_core.package_selection:Skipping not selected package 'camera_pkg' in 'camera_pkg'
[2.447s] INFO:colcon.colcon_core.package_selection:Skipping not selected package 'odometry_pkg' in 'odometry_pkg'
[2.447s] INFO:colcon.colcon_core.package_selection:Skipping not selected package 'sllidar_ros2' in 'sllidar_ros2'
[2.447s] INFO:colcon.colcon_core.package_selection:Skipping not selected package 'xbox_control_pkg' in 'xbox_control_pkg'
[2.448s] INFO:colcon.colcon_core.package_selection:Skipping not selected package 'astra_camera' in 'ros2_astra_camera/astra_camera'
[2.450s] Level 1:colcon.colcon_core.package_discovery:discover_packages(prefix_path) check parameters
[2.450s] Level 1:colcon.colcon_core.package_discovery:discover_packages(prefix_path) discover
[2.468s] DEBUG:colcon.colcon_installed_package_information.package_discovery:Found 6 installed packages in /home/ras4/nuc_ws/src/install
[2.471s] DEBUG:colcon.colcon_installed_package_information.package_discovery:Found 7 installed packages in /home/ras4/nuc_ws/install
[2.483s] DEBUG:colcon.colcon_installed_package_information.package_discovery:Found 276 installed packages in /opt/ros/humble
[2.525s] Level 1:colcon.colcon_core.package_discovery:discover_packages(prefix_path) using defaults
[2.715s] INFO:colcon.colcon_core.executor:Executing jobs using 'parallel' executor
[2.719s] DEBUG:colcon.colcon_parallel_executor.executor.parallel:run_until_complete
[2.720s] DEBUG:colcon.colcon_parallel_executor.executor.parallel:closing loop
[2.721s] DEBUG:colcon.colcon_parallel_executor.executor.parallel:loop closed
[2.721s] DEBUG:colcon.colcon_parallel_executor.executor.parallel:run_until_complete finished with '0'
[2.722s] DEBUG:colcon.colcon_core.event_reactor:joining thread
[2.764s] INFO:colcon.colcon_core.plugin_system:Skipping extension 'colcon_notification.desktop_notification.terminal_notifier': Not used on non-Darwin systems
[2.764s] INFO:colcon.colcon_core.plugin_system:Skipping extension 'colcon_notification.desktop_notification.win32': Not used on non-Windows systems
[2.764s] INFO:colcon.colcon_notification.desktop_notification:Sending desktop notification using 'notify2'
[3.049s] DEBUG:colcon.colcon_core.event_reactor:joined thread
[3.073s] INFO:colcon.colcon_core.plugin_system:Skipping extension 'colcon_core.shell.bat': Not used on non-Windows systems
[3.074s] INFO:colcon.colcon_core.shell:Creating prefix script '/home/ras4/nuc_ws/src/install/local_setup.ps1'
[3.081s] INFO:colcon.colcon_core.shell:Creating prefix util module '/home/ras4/nuc_ws/src/install/_local_setup_util_ps1.py'
[3.091s] INFO:colcon.colcon_core.shell:Creating prefix chain script '/home/ras4/nuc_ws/src/install/setup.ps1'
[3.103s] INFO:colcon.colcon_core.shell:Creating prefix script '/home/ras4/nuc_ws/src/install/local_setup.sh'
[3.109s] INFO:colcon.colcon_core.shell:Creating prefix util module '/home/ras4/nuc_ws/src/install/_local_setup_util_sh.py'
[3.113s] INFO:colcon.colcon_core.shell:Creating prefix chain script '/home/ras4/nuc_ws/src/install/setup.sh'
[3.126s] INFO:colcon.colcon_core.shell:Creating prefix script '/home/ras4/nuc_ws/src/install/local_setup.bash'
[3.131s] INFO:colcon.colcon_core.shell:Creating prefix chain script '/home/ras4/nuc_ws/src/install/setup.bash'
[3.144s] INFO:colcon.colcon_core.shell:Creating prefix script '/home/ras4/nuc_ws/src/install/local_setup.zsh'
[3.149s] INFO:colcon.colcon_core.shell:Creating prefix chain script '/home/ras4/nuc_ws/src/install/setup.zsh'
