[1.345s] DEBUG:colcon:Command line arguments: ['/usr/bin/colcon', 'build', '--packages-select', 'xbox_control_pkg']
[1.346s] DEBUG:colcon:Parsed command line arguments: Namespace(log_base=None, log_level=None, verb_name='build', build_base='build', install_base='install', merge_install=False, symlink_install=False, test_result_base=None, continue_on_error=False, executor='parallel', parallel_workers=4, event_handlers=None, ignore_user_meta=False, metas=['./colcon.meta'], base_paths=['.'], packages_ignore=None, packages_ignore_regex=None, paths=None, packages_up_to=None, packages_up_to_regex=None, packages_above=None, packages_above_and_dependencies=None, packages_above_depth=None, packages_select_by_dep=None, packages_skip_by_dep=None, packages_skip_up_to=None, packages_select_build_failed=False, packages_skip_build_finished=False, packages_select_test_failures=False, packages_skip_test_passed=False, packages_select=['xbox_control_pkg'], packages_skip=None, packages_select_regex=None, packages_skip_regex=None, packages_start=None, packages_end=None, allow_overriding=[], cmake_args=None, cmake_target=None, cmake_target_skip_unavailable=False, cmake_clean_cache=False, cmake_clean_first=False, cmake_force_configure=False, ament_cmake_args=None, catkin_cmake_args=None, catkin_skip_building_tests=False, verb_parser=<colcon_defaults.argument_parser.defaults.DefaultArgumentsDecorator object at 0xffffb8645660>, verb_extension=<colcon_core.verb.build.BuildVerb object at 0xffffb87d3160>, main=<bound method BuildVerb.main of <colcon_core.verb.build.BuildVerb object at 0xffffb87d3160>>)
[3.633s] Level 1:colcon.colcon_core.package_discovery:discover_packages(colcon_meta) check parameters
[3.634s] Level 1:colcon.colcon_core.package_discovery:discover_packages(recursive) check parameters
[3.634s] Level 1:colcon.colcon_core.package_discovery:discover_packages(ignore) check parameters
[3.635s] Level 1:colcon.colcon_core.package_discovery:discover_packages(path) check parameters
[3.635s] Level 1:colcon.colcon_core.package_discovery:discover_packages(colcon_meta) discover
[3.635s] Level 1:colcon.colcon_core.package_discovery:discover_packages(recursive) discover
[3.636s] INFO:colcon.colcon_core.package_discovery:Crawling recursively for packages in '/home/ras4/nuc_ws'
[3.637s] Level 1:colcon.colcon_core.package_identification:_identify(.) by extensions ['ignore', 'ignore_ament_install']
[3.638s] Level 1:colcon.colcon_core.package_identification:_identify(.) by extension 'ignore'
[3.639s] Level 1:colcon.colcon_core.package_identification:_identify(.) by extension 'ignore_ament_install'
[3.639s] Level 1:colcon.colcon_core.package_identification:_identify(.) by extensions ['colcon_pkg']
[3.640s] Level 1:colcon.colcon_core.package_identification:_identify(.) by extension 'colcon_pkg'
[3.640s] Level 1:colcon.colcon_core.package_identification:_identify(.) by extensions ['colcon_meta']
[3.641s] Level 1:colcon.colcon_core.package_identification:_identify(.) by extension 'colcon_meta'
[3.641s] Level 1:colcon.colcon_core.package_identification:_identify(.) by extensions ['ros']
[3.641s] Level 1:colcon.colcon_core.package_identification:_identify(.) by extension 'ros'
[3.764s] Level 1:colcon.colcon_core.package_identification:_identify(.) by extensions ['cmake', 'python']
[3.765s] Level 1:colcon.colcon_core.package_identification:_identify(.) by extension 'cmake'
[3.765s] Level 1:colcon.colcon_core.package_identification:_identify(.) by extension 'python'
[3.766s] Level 1:colcon.colcon_core.package_identification:_identify(.) by extensions ['python_setup_py']
[3.766s] Level 1:colcon.colcon_core.package_identification:_identify(.) by extension 'python_setup_py'
[3.767s] Level 1:colcon.colcon_core.package_identification:_identify(build) by extensions ['ignore', 'ignore_ament_install']
[3.768s] Level 1:colcon.colcon_core.package_identification:_identify(build) by extension 'ignore'
[3.769s] Level 1:colcon.colcon_core.package_identification:_identify(build) ignored
[3.771s] Level 1:colcon.colcon_core.package_identification:_identify(install) by extensions ['ignore', 'ignore_ament_install']
[3.772s] Level 1:colcon.colcon_core.package_identification:_identify(install) by extension 'ignore'
[3.772s] Level 1:colcon.colcon_core.package_identification:_identify(install) ignored
[3.775s] Level 1:colcon.colcon_core.package_identification:_identify(log) by extensions ['ignore', 'ignore_ament_install']
[3.776s] Level 1:colcon.colcon_core.package_identification:_identify(log) by extension 'ignore'
[3.776s] Level 1:colcon.colcon_core.package_identification:_identify(log) ignored
[3.778s] Level 1:colcon.colcon_core.package_identification:_identify(src) by extensions ['ignore', 'ignore_ament_install']
[3.778s] Level 1:colcon.colcon_core.package_identification:_identify(src) by extension 'ignore'
[3.779s] Level 1:colcon.colcon_core.package_identification:_identify(src) by extension 'ignore_ament_install'
[3.779s] Level 1:colcon.colcon_core.package_identification:_identify(src) by extensions ['colcon_pkg']
[3.780s] Level 1:colcon.colcon_core.package_identification:_identify(src) by extension 'colcon_pkg'
[3.780s] Level 1:colcon.colcon_core.package_identification:_identify(src) by extensions ['colcon_meta']
[3.781s] Level 1:colcon.colcon_core.package_identification:_identify(src) by extension 'colcon_meta'
[3.781s] Level 1:colcon.colcon_core.package_identification:_identify(src) by extensions ['ros']
[3.782s] Level 1:colcon.colcon_core.package_identification:_identify(src) by extension 'ros'
[3.782s] Level 1:colcon.colcon_core.package_identification:_identify(src) by extensions ['cmake', 'python']
[3.783s] Level 1:colcon.colcon_core.package_identification:_identify(src) by extension 'cmake'
[3.783s] Level 1:colcon.colcon_core.package_identification:_identify(src) by extension 'python'
[3.784s] Level 1:colcon.colcon_core.package_identification:_identify(src) by extensions ['python_setup_py']
[3.784s] Level 1:colcon.colcon_core.package_identification:_identify(src) by extension 'python_setup_py'
[3.785s] Level 1:colcon.colcon_core.package_identification:_identify(src/arm_pkg) by extensions ['ignore', 'ignore_ament_install']
[3.786s] Level 1:colcon.colcon_core.package_identification:_identify(src/arm_pkg) by extension 'ignore'
[3.787s] Level 1:colcon.colcon_core.package_identification:_identify(src/arm_pkg) by extension 'ignore_ament_install'
[3.787s] Level 1:colcon.colcon_core.package_identification:_identify(src/arm_pkg) by extensions ['colcon_pkg']
[3.788s] Level 1:colcon.colcon_core.package_identification:_identify(src/arm_pkg) by extension 'colcon_pkg'
[3.788s] Level 1:colcon.colcon_core.package_identification:_identify(src/arm_pkg) by extensions ['colcon_meta']
[3.789s] Level 1:colcon.colcon_core.package_identification:_identify(src/arm_pkg) by extension 'colcon_meta'
[3.789s] Level 1:colcon.colcon_core.package_identification:_identify(src/arm_pkg) by extensions ['ros']
[3.790s] Level 1:colcon.colcon_core.package_identification:_identify(src/arm_pkg) by extension 'ros'
[3.814s] DEBUG:colcon.colcon_core.package_identification:Package 'src/arm_pkg' with type 'ros.ament_python' and name 'arm_pkg'
[3.816s] Level 1:colcon.colcon_core.package_identification:_identify(src/build) by extensions ['ignore', 'ignore_ament_install']
[3.817s] Level 1:colcon.colcon_core.package_identification:_identify(src/build) by extension 'ignore'
[3.817s] Level 1:colcon.colcon_core.package_identification:_identify(src/build) ignored
[3.819s] Level 1:colcon.colcon_core.package_identification:_identify(src/camera_pkg) by extensions ['ignore', 'ignore_ament_install']
[3.819s] Level 1:colcon.colcon_core.package_identification:_identify(src/camera_pkg) by extension 'ignore'
[3.820s] Level 1:colcon.colcon_core.package_identification:_identify(src/camera_pkg) by extension 'ignore_ament_install'
[3.821s] Level 1:colcon.colcon_core.package_identification:_identify(src/camera_pkg) by extensions ['colcon_pkg']
[3.821s] Level 1:colcon.colcon_core.package_identification:_identify(src/camera_pkg) by extension 'colcon_pkg'
[3.822s] Level 1:colcon.colcon_core.package_identification:_identify(src/camera_pkg) by extensions ['colcon_meta']
[3.822s] Level 1:colcon.colcon_core.package_identification:_identify(src/camera_pkg) by extension 'colcon_meta'
[3.823s] Level 1:colcon.colcon_core.package_identification:_identify(src/camera_pkg) by extensions ['ros']
[3.823s] Level 1:colcon.colcon_core.package_identification:_identify(src/camera_pkg) by extension 'ros'
[3.839s] DEBUG:colcon.colcon_core.package_identification:Package 'src/camera_pkg' with type 'ros.ament_python' and name 'camera_pkg'
[3.841s] Level 1:colcon.colcon_core.package_identification:_identify(src/install) by extensions ['ignore', 'ignore_ament_install']
[3.842s] Level 1:colcon.colcon_core.package_identification:_identify(src/install) by extension 'ignore'
[3.843s] Level 1:colcon.colcon_core.package_identification:_identify(src/install) ignored
[3.844s] Level 1:colcon.colcon_core.package_identification:_identify(src/libuvc) by extensions ['ignore', 'ignore_ament_install']
[3.845s] Level 1:colcon.colcon_core.package_identification:_identify(src/libuvc) by extension 'ignore'
[3.845s] Level 1:colcon.colcon_core.package_identification:_identify(src/libuvc) by extension 'ignore_ament_install'
[3.846s] Level 1:colcon.colcon_core.package_identification:_identify(src/libuvc) by extensions ['colcon_pkg']
[3.846s] Level 1:colcon.colcon_core.package_identification:_identify(src/libuvc) by extension 'colcon_pkg'
[3.847s] Level 1:colcon.colcon_core.package_identification:_identify(src/libuvc) by extensions ['colcon_meta']
[3.847s] Level 1:colcon.colcon_core.package_identification:_identify(src/libuvc) by extension 'colcon_meta'
[3.848s] Level 1:colcon.colcon_core.package_identification:_identify(src/libuvc) by extensions ['ros']
[3.848s] Level 1:colcon.colcon_core.package_identification:_identify(src/libuvc) by extension 'ros'
[3.849s] Level 1:colcon.colcon_core.package_identification:_identify(src/libuvc) by extensions ['cmake', 'python']
[3.849s] Level 1:colcon.colcon_core.package_identification:_identify(src/libuvc) by extension 'cmake'
[3.850s] Level 1:colcon.colcon_core.package_identification:_identify(src/libuvc) by extension 'python'
[3.850s] Level 1:colcon.colcon_core.package_identification:_identify(src/libuvc) by extensions ['python_setup_py']
[3.851s] Level 1:colcon.colcon_core.package_identification:_identify(src/libuvc) by extension 'python_setup_py'
[3.852s] Level 1:colcon.colcon_core.package_identification:_identify(src/log) by extensions ['ignore', 'ignore_ament_install']
[3.853s] Level 1:colcon.colcon_core.package_identification:_identify(src/log) by extension 'ignore'
[3.854s] Level 1:colcon.colcon_core.package_identification:_identify(src/log) ignored
[3.855s] Level 1:colcon.colcon_core.package_identification:_identify(src/odometry_pkg) by extensions ['ignore', 'ignore_ament_install']
[3.856s] Level 1:colcon.colcon_core.package_identification:_identify(src/odometry_pkg) by extension 'ignore'
[3.856s] Level 1:colcon.colcon_core.package_identification:_identify(src/odometry_pkg) by extension 'ignore_ament_install'
[3.857s] Level 1:colcon.colcon_core.package_identification:_identify(src/odometry_pkg) by extensions ['colcon_pkg']
[3.857s] Level 1:colcon.colcon_core.package_identification:_identify(src/odometry_pkg) by extension 'colcon_pkg'
[3.858s] Level 1:colcon.colcon_core.package_identification:_identify(src/odometry_pkg) by extensions ['colcon_meta']
[3.858s] Level 1:colcon.colcon_core.package_identification:_identify(src/odometry_pkg) by extension 'colcon_meta'
[3.859s] Level 1:colcon.colcon_core.package_identification:_identify(src/odometry_pkg) by extensions ['ros']
[3.859s] Level 1:colcon.colcon_core.package_identification:_identify(src/odometry_pkg) by extension 'ros'
[3.869s] DEBUG:colcon.colcon_core.package_identification:Package 'src/odometry_pkg' with type 'ros.ament_python' and name 'odometry_pkg'
[3.871s] Level 1:colcon.colcon_core.package_identification:_identify(src/sllidar_ros2) by extensions ['ignore', 'ignore_ament_install']
[3.871s] Level 1:colcon.colcon_core.package_identification:_identify(src/sllidar_ros2) by extension 'ignore'
[3.872s] Level 1:colcon.colcon_core.package_identification:_identify(src/sllidar_ros2) by extension 'ignore_ament_install'
[3.873s] Level 1:colcon.colcon_core.package_identification:_identify(src/sllidar_ros2) by extensions ['colcon_pkg']
[3.873s] Level 1:colcon.colcon_core.package_identification:_identify(src/sllidar_ros2) by extension 'colcon_pkg'
[3.874s] Level 1:colcon.colcon_core.package_identification:_identify(src/sllidar_ros2) by extensions ['colcon_meta']
[3.874s] Level 1:colcon.colcon_core.package_identification:_identify(src/sllidar_ros2) by extension 'colcon_meta'
[3.875s] Level 1:colcon.colcon_core.package_identification:_identify(src/sllidar_ros2) by extensions ['ros']
[3.875s] Level 1:colcon.colcon_core.package_identification:_identify(src/sllidar_ros2) by extension 'ros'
[3.882s] DEBUG:colcon.colcon_core.package_identification:Package 'src/sllidar_ros2' with type 'ros.ament_cmake' and name 'sllidar_ros2'
[3.884s] Level 1:colcon.colcon_core.package_identification:_identify(src/xbox_control_pkg) by extensions ['ignore', 'ignore_ament_install']
[3.885s] Level 1:colcon.colcon_core.package_identification:_identify(src/xbox_control_pkg) by extension 'ignore'
[3.885s] Level 1:colcon.colcon_core.package_identification:_identify(src/xbox_control_pkg) by extension 'ignore_ament_install'
[3.886s] Level 1:colcon.colcon_core.package_identification:_identify(src/xbox_control_pkg) by extensions ['colcon_pkg']
[3.886s] Level 1:colcon.colcon_core.package_identification:_identify(src/xbox_control_pkg) by extension 'colcon_pkg'
[3.887s] Level 1:colcon.colcon_core.package_identification:_identify(src/xbox_control_pkg) by extensions ['colcon_meta']
[3.887s] Level 1:colcon.colcon_core.package_identification:_identify(src/xbox_control_pkg) by extension 'colcon_meta'
[3.888s] Level 1:colcon.colcon_core.package_identification:_identify(src/xbox_control_pkg) by extensions ['ros']
[3.888s] Level 1:colcon.colcon_core.package_identification:_identify(src/xbox_control_pkg) by extension 'ros'
[3.896s] DEBUG:colcon.colcon_core.package_identification:Package 'src/xbox_control_pkg' with type 'ros.ament_python' and name 'xbox_control_pkg'
[3.897s] Level 1:colcon.colcon_core.package_discovery:discover_packages(recursive) using defaults
[3.897s] Level 1:colcon.colcon_core.package_discovery:discover_packages(ignore) discover
[3.897s] Level 1:colcon.colcon_core.package_discovery:discover_packages(ignore) using defaults
[3.898s] Level 1:colcon.colcon_core.package_discovery:discover_packages(path) discover
[3.898s] Level 1:colcon.colcon_core.package_discovery:discover_packages(path) using defaults
[4.190s] INFO:colcon.colcon_core.package_selection:Skipping not selected package 'arm_pkg' in 'src/arm_pkg'
[4.190s] INFO:colcon.colcon_core.package_selection:Skipping not selected package 'camera_pkg' in 'src/camera_pkg'
[4.190s] INFO:colcon.colcon_core.package_selection:Skipping not selected package 'odometry_pkg' in 'src/odometry_pkg'
[4.191s] INFO:colcon.colcon_core.package_selection:Skipping not selected package 'sllidar_ros2' in 'src/sllidar_ros2'
[4.195s] Level 1:colcon.colcon_core.package_discovery:discover_packages(prefix_path) check parameters
[4.196s] Level 1:colcon.colcon_core.package_discovery:discover_packages(prefix_path) discover
[4.220s] DEBUG:colcon.colcon_installed_package_information.package_discovery:Found 5 installed packages in /home/ras4/nuc_ws/install
[4.247s] DEBUG:colcon.colcon_installed_package_information.package_discovery:Found 276 installed packages in /opt/ros/humble
[4.265s] Level 1:colcon.colcon_core.package_discovery:discover_packages(prefix_path) using defaults
[4.751s] Level 5:colcon.colcon_core.verb:set package 'xbox_control_pkg' build argument 'cmake_args' from command line to 'None'
[4.752s] Level 5:colcon.colcon_core.verb:set package 'xbox_control_pkg' build argument 'cmake_target' from command line to 'None'
[4.752s] Level 5:colcon.colcon_core.verb:set package 'xbox_control_pkg' build argument 'cmake_target_skip_unavailable' from command line to 'False'
[4.753s] Level 5:colcon.colcon_core.verb:set package 'xbox_control_pkg' build argument 'cmake_clean_cache' from command line to 'False'
[4.753s] Level 5:colcon.colcon_core.verb:set package 'xbox_control_pkg' build argument 'cmake_clean_first' from command line to 'False'
[4.753s] Level 5:colcon.colcon_core.verb:set package 'xbox_control_pkg' build argument 'cmake_force_configure' from command line to 'False'
[4.754s] Level 5:colcon.colcon_core.verb:set package 'xbox_control_pkg' build argument 'ament_cmake_args' from command line to 'None'
[4.754s] Level 5:colcon.colcon_core.verb:set package 'xbox_control_pkg' build argument 'catkin_cmake_args' from command line to 'None'
[4.754s] Level 5:colcon.colcon_core.verb:set package 'xbox_control_pkg' build argument 'catkin_skip_building_tests' from command line to 'False'
[4.755s] DEBUG:colcon.colcon_core.verb:Building package 'xbox_control_pkg' with the following arguments: {'ament_cmake_args': None, 'build_base': '/home/ras4/nuc_ws/build/xbox_control_pkg', 'catkin_cmake_args': None, 'catkin_skip_building_tests': False, 'cmake_args': None, 'cmake_clean_cache': False, 'cmake_clean_first': False, 'cmake_force_configure': False, 'cmake_target': None, 'cmake_target_skip_unavailable': False, 'install_base': '/home/ras4/nuc_ws/install/xbox_control_pkg', 'merge_install': False, 'path': '/home/ras4/nuc_ws/src/xbox_control_pkg', 'symlink_install': False, 'test_result_base': None}
[4.756s] INFO:colcon.colcon_core.executor:Executing jobs using 'parallel' executor
[4.764s] DEBUG:colcon.colcon_parallel_executor.executor.parallel:run_until_complete
[4.765s] INFO:colcon.colcon_ros.task.ament_python.build:Building ROS package in '/home/ras4/nuc_ws/src/xbox_control_pkg' with build type 'ament_python'
[4.767s] Level 1:colcon.colcon_core.shell:create_environment_hook('xbox_control_pkg', 'ament_prefix_path')
[4.792s] INFO:colcon.colcon_core.plugin_system:Skipping extension 'colcon_core.shell.bat': Not used on non-Windows systems
[4.795s] INFO:colcon.colcon_core.shell:Creating environment hook '/home/ras4/nuc_ws/install/xbox_control_pkg/share/xbox_control_pkg/hook/ament_prefix_path.ps1'
[4.802s] INFO:colcon.colcon_core.shell:Creating environment descriptor '/home/ras4/nuc_ws/install/xbox_control_pkg/share/xbox_control_pkg/hook/ament_prefix_path.dsv'
[4.809s] INFO:colcon.colcon_core.shell:Creating environment hook '/home/ras4/nuc_ws/install/xbox_control_pkg/share/xbox_control_pkg/hook/ament_prefix_path.sh'
[4.818s] INFO:colcon.colcon_core.shell:Skip shell extension 'powershell' for command environment: Not usable outside of PowerShell
[4.819s] DEBUG:colcon.colcon_core.shell:Skip shell extension 'dsv' for command environment
[8.359s] INFO:colcon.colcon_core.task.python.build:Building Python package in '/home/ras4/nuc_ws/src/xbox_control_pkg'
[8.363s] INFO:colcon.colcon_core.shell:Skip shell extension 'powershell' for command environment: Not usable outside of PowerShell
[8.364s] DEBUG:colcon.colcon_core.shell:Skip shell extension 'dsv' for command environment
[13.165s] DEBUG:colcon.colcon_core.event_handler.log_command:Invoking command in '/home/ras4/nuc_ws/src/xbox_control_pkg': PYTHONPATH=/home/ras4/nuc_ws/build/xbox_control_pkg/prefix_override:/usr/lib/python3/dist-packages/colcon_core/task/python/colcon_distutils_commands:/home/ras4/nuc_ws/install/xbox_control_pkg/lib/python3.10/site-packages:${PYTHONPATH} /usr/bin/python3 -W ignore:setup.py install is deprecated -W ignore:easy_install command is deprecated setup.py egg_info --egg-base ../../build/xbox_control_pkg build --build-base /home/ras4/nuc_ws/build/xbox_control_pkg/build install --record /home/ras4/nuc_ws/build/xbox_control_pkg/install.log --single-version-externally-managed install_data
[17.088s] DEBUG:colcon.colcon_core.event_handler.log_command:Invoked command in '/home/ras4/nuc_ws/src/xbox_control_pkg' returned '0': PYTHONPATH=/home/ras4/nuc_ws/build/xbox_control_pkg/prefix_override:/usr/lib/python3/dist-packages/colcon_core/task/python/colcon_distutils_commands:/home/ras4/nuc_ws/install/xbox_control_pkg/lib/python3.10/site-packages:${PYTHONPATH} /usr/bin/python3 -W ignore:setup.py install is deprecated -W ignore:easy_install command is deprecated setup.py egg_info --egg-base ../../build/xbox_control_pkg build --build-base /home/ras4/nuc_ws/build/xbox_control_pkg/build install --record /home/ras4/nuc_ws/build/xbox_control_pkg/install.log --single-version-externally-managed install_data
[17.118s] Level 1:colcon.colcon_core.environment:checking '/home/ras4/nuc_ws/install/xbox_control_pkg' for CMake module files
[17.124s] Level 1:colcon.colcon_core.environment:checking '/home/ras4/nuc_ws/install/xbox_control_pkg' for CMake config files
[17.135s] Level 1:colcon.colcon_core.environment:checking '/home/ras4/nuc_ws/install/xbox_control_pkg/lib'
[17.137s] Level 1:colcon.colcon_core.environment:checking '/home/ras4/nuc_ws/install/xbox_control_pkg/bin'
[17.138s] Level 1:colcon.colcon_core.environment:checking '/home/ras4/nuc_ws/install/xbox_control_pkg/lib/pkgconfig/xbox_control_pkg.pc'
[17.140s] Level 1:colcon.colcon_core.environment:checking '/home/ras4/nuc_ws/install/xbox_control_pkg/lib/python3.10/site-packages'
[17.141s] Level 1:colcon.colcon_core.shell:create_environment_hook('xbox_control_pkg', 'pythonpath')
[17.143s] INFO:colcon.colcon_core.shell:Creating environment hook '/home/ras4/nuc_ws/install/xbox_control_pkg/share/xbox_control_pkg/hook/pythonpath.ps1'
[17.149s] INFO:colcon.colcon_core.shell:Creating environment descriptor '/home/ras4/nuc_ws/install/xbox_control_pkg/share/xbox_control_pkg/hook/pythonpath.dsv'
[17.153s] INFO:colcon.colcon_core.shell:Creating environment hook '/home/ras4/nuc_ws/install/xbox_control_pkg/share/xbox_control_pkg/hook/pythonpath.sh'
[17.160s] Level 1:colcon.colcon_core.environment:checking '/home/ras4/nuc_ws/install/xbox_control_pkg/bin'
[17.161s] Level 1:colcon.colcon_core.environment:create_environment_scripts_only(xbox_control_pkg)
[17.164s] INFO:colcon.colcon_core.shell:Creating package script '/home/ras4/nuc_ws/install/xbox_control_pkg/share/xbox_control_pkg/package.ps1'
[17.174s] INFO:colcon.colcon_core.shell:Creating package descriptor '/home/ras4/nuc_ws/install/xbox_control_pkg/share/xbox_control_pkg/package.dsv'
[17.181s] INFO:colcon.colcon_core.shell:Creating package script '/home/ras4/nuc_ws/install/xbox_control_pkg/share/xbox_control_pkg/package.sh'
[17.191s] INFO:colcon.colcon_core.shell:Creating package script '/home/ras4/nuc_ws/install/xbox_control_pkg/share/xbox_control_pkg/package.bash'
[17.201s] INFO:colcon.colcon_core.shell:Creating package script '/home/ras4/nuc_ws/install/xbox_control_pkg/share/xbox_control_pkg/package.zsh'
[17.210s] Level 1:colcon.colcon_core.environment:create_file_with_runtime_dependencies(/home/ras4/nuc_ws/install/xbox_control_pkg/share/colcon-core/packages/xbox_control_pkg)
[17.213s] DEBUG:colcon.colcon_parallel_executor.executor.parallel:closing loop
[17.217s] DEBUG:colcon.colcon_parallel_executor.executor.parallel:loop closed
[17.217s] DEBUG:colcon.colcon_parallel_executor.executor.parallel:run_until_complete finished with '0'
[17.218s] DEBUG:colcon.colcon_core.event_reactor:joining thread
[17.277s] INFO:colcon.colcon_core.plugin_system:Skipping extension 'colcon_notification.desktop_notification.terminal_notifier': Not used on non-Darwin systems
[17.279s] INFO:colcon.colcon_core.plugin_system:Skipping extension 'colcon_notification.desktop_notification.win32': Not used on non-Windows systems
[17.279s] INFO:colcon.colcon_notification.desktop_notification:Sending desktop notification using 'notify2'
[17.408s] DEBUG:colcon.colcon_core.event_reactor:joined thread
[17.411s] INFO:colcon.colcon_core.shell:Creating prefix script '/home/ras4/nuc_ws/install/local_setup.ps1'
[17.422s] INFO:colcon.colcon_core.shell:Creating prefix util module '/home/ras4/nuc_ws/install/_local_setup_util_ps1.py'
[17.442s] INFO:colcon.colcon_core.shell:Creating prefix chain script '/home/ras4/nuc_ws/install/setup.ps1'
[17.458s] INFO:colcon.colcon_core.shell:Creating prefix script '/home/ras4/nuc_ws/install/local_setup.sh'
[17.465s] INFO:colcon.colcon_core.shell:Creating prefix util module '/home/ras4/nuc_ws/install/_local_setup_util_sh.py'
[17.473s] INFO:colcon.colcon_core.shell:Creating prefix chain script '/home/ras4/nuc_ws/install/setup.sh'
[17.492s] INFO:colcon.colcon_core.shell:Creating prefix script '/home/ras4/nuc_ws/install/local_setup.bash'
[17.499s] INFO:colcon.colcon_core.shell:Creating prefix chain script '/home/ras4/nuc_ws/install/setup.bash'
[17.515s] INFO:colcon.colcon_core.shell:Creating prefix script '/home/ras4/nuc_ws/install/local_setup.zsh'
[17.523s] INFO:colcon.colcon_core.shell:Creating prefix chain script '/home/ras4/nuc_ws/install/setup.zsh'
