[0.759s] Invoking command in '/home/robotec/ros2_ws/src/camera_pkg': PYTHONPATH=/home/robotec/ros2_ws/build/camera_pkg/prefix_override:/usr/lib/python3/dist-packages/colcon_core/task/python/colcon_distutils_commands:/home/robotec/ros2_ws/install/camera_pkg/lib/python3.10/site-packages:${PYTHONPATH} /usr/bin/python3 -W ignore:setup.py install is deprecated -W ignore:easy_install command is deprecated setup.py egg_info --egg-base ../../build/camera_pkg build --build-base /home/robotec/ros2_ws/build/camera_pkg/build install --record /home/robotec/ros2_ws/build/camera_pkg/install.log --single-version-externally-managed install_data
[1.018s] /usr/lib/python3/dist-packages/setuptools/dist.py:723: UserWarning: Usage of dash-separated 'description-file' will not be supported in future versions. Please use the underscore name 'description_file' instead
[1.018s]   warnings.warn(
[1.034s] running egg_info
[1.035s] writing ../../build/camera_pkg/camera_pkg.egg-info/PKG-INFO
[1.036s] writing dependency_links to ../../build/camera_pkg/camera_pkg.egg-info/dependency_links.txt
[1.037s] writing entry points to ../../build/camera_pkg/camera_pkg.egg-info/entry_points.txt
[1.037s] writing requirements to ../../build/camera_pkg/camera_pkg.egg-info/requires.txt
[1.037s] writing top-level names to ../../build/camera_pkg/camera_pkg.egg-info/top_level.txt
[1.039s] reading manifest file '../../build/camera_pkg/camera_pkg.egg-info/SOURCES.txt'
[1.040s] writing manifest file '../../build/camera_pkg/camera_pkg.egg-info/SOURCES.txt'
[1.040s] running build
[1.040s] running build_py
[1.041s] copying camera_pkg/__init__.py -> /home/robotec/ros2_ws/build/camera_pkg/build/lib/camera_pkg
[1.041s] copying camera_pkg/pixel_to_point3d.py -> /home/robotec/ros2_ws/build/camera_pkg/build/lib/camera_pkg
[1.041s] running install
[1.042s] running install_lib
[1.043s] copying /home/robotec/ros2_ws/build/camera_pkg/build/lib/camera_pkg/__init__.py -> /home/robotec/ros2_ws/install/camera_pkg/lib/python3.10/site-packages/camera_pkg
[1.043s] copying /home/robotec/ros2_ws/build/camera_pkg/build/lib/camera_pkg/pixel_to_point3d.py -> /home/robotec/ros2_ws/install/camera_pkg/lib/python3.10/site-packages/camera_pkg
[1.044s] byte-compiling /home/robotec/ros2_ws/install/camera_pkg/lib/python3.10/site-packages/camera_pkg/__init__.py to __init__.cpython-310.pyc
[1.044s] byte-compiling /home/robotec/ros2_ws/install/camera_pkg/lib/python3.10/site-packages/camera_pkg/pixel_to_point3d.py to pixel_to_point3d.cpython-310.pyc
[1.045s] Sorry: TabError: inconsistent use of tabs and spaces in indentation (pixel_to_point3d.py, line 44)
[1.045s] running install_data
[1.045s] copying package.xml -> /home/robotec/ros2_ws/install/camera_pkg/share/camera_pkg
[1.045s] running install_egg_info
[1.047s] removing '/home/robotec/ros2_ws/install/camera_pkg/lib/python3.10/site-packages/camera_pkg-0.1.0-py3.10.egg-info' (and everything under it)
[1.048s] Copying ../../build/camera_pkg/camera_pkg.egg-info to /home/robotec/ros2_ws/install/camera_pkg/lib/python3.10/site-packages/camera_pkg-0.1.0-py3.10.egg-info
[1.050s] running install_scripts
[1.071s] Installing framepublisher script to /home/robotec/ros2_ws/install/camera_pkg/lib/camera_pkg
[1.071s] Installing pixel_to_point3d script to /home/robotec/ros2_ws/install/camera_pkg/lib/camera_pkg
[1.072s] writing list of installed files to '/home/robotec/ros2_ws/build/camera_pkg/install.log'
[1.101s] Invoked command in '/home/robotec/ros2_ws/src/camera_pkg' returned '0': PYTHONPATH=/home/robotec/ros2_ws/build/camera_pkg/prefix_override:/usr/lib/python3/dist-packages/colcon_core/task/python/colcon_distutils_commands:/home/robotec/ros2_ws/install/camera_pkg/lib/python3.10/site-packages:${PYTHONPATH} /usr/bin/python3 -W ignore:setup.py install is deprecated -W ignore:easy_install command is deprecated setup.py egg_info --egg-base ../../build/camera_pkg build --build-base /home/robotec/ros2_ws/build/camera_pkg/build install --record /home/robotec/ros2_ws/build/camera_pkg/install.log --single-version-externally-managed install_data
