[2.055s] Invoking command in '/home/robotec/ros2_ws/build/odometry': PYTHONPATH=/home/robotec/ros2_ws/build/odometry/prefix_override:/usr/lib/python3/dist-packages/colcon_core/task/python/colcon_distutils_commands:/home/robotec/ros2_ws/install/odometry/lib/python3.10/site-packages:${PYTHONPATH} /usr/bin/python3 -W ignore:setup.py install is deprecated -W ignore:easy_install command is deprecated setup.py develop --editable --build-directory /home/robotec/ros2_ws/build/odometry/build --no-deps symlink_data
[3.275s] running develop
[3.984s] running egg_info
[3.985s] creating odometry.egg-info
[3.986s] writing odometry.egg-info/PKG-INFO
[3.987s] writing dependency_links to odometry.egg-info/dependency_links.txt
[3.987s] writing entry points to odometry.egg-info/entry_points.txt
[3.988s] writing requirements to odometry.egg-info/requires.txt
[3.988s] writing top-level names to odometry.egg-info/top_level.txt
[3.989s] writing manifest file 'odometry.egg-info/SOURCES.txt'
[3.991s] reading manifest file 'odometry.egg-info/SOURCES.txt'
[3.995s] writing manifest file 'odometry.egg-info/SOURCES.txt'
[3.997s] running build_ext
[3.999s] Creating /home/robotec/ros2_ws/install/odometry/lib/python3.10/site-packages/odometry.egg-link (link to .)
[4.001s] Installing odometry_node script to /home/robotec/ros2_ws/install/odometry/lib/odometry
[4.002s] 
[4.003s] Installed /home/robotec/ros2_ws/build/odometry
[4.003s] running symlink_data
[4.004s] creating /home/robotec/ros2_ws/install/odometry/share/ament_index
[4.005s] creating /home/robotec/ros2_ws/install/odometry/share/ament_index/resource_index
[4.005s] creating /home/robotec/ros2_ws/install/odometry/share/ament_index/resource_index/packages
[4.006s] symbolically linking /home/robotec/ros2_ws/build/odometry/resource/odometry -> /home/robotec/ros2_ws/install/odometry/share/ament_index/resource_index/packages
[4.008s] symbolically linking /home/robotec/ros2_ws/build/odometry/package.xml -> /home/robotec/ros2_ws/install/odometry/share/odometry
[4.137s] Invoked command in '/home/robotec/ros2_ws/build/odometry' returned '0': PYTHONPATH=/home/robotec/ros2_ws/build/odometry/prefix_override:/usr/lib/python3/dist-packages/colcon_core/task/python/colcon_distutils_commands:/home/robotec/ros2_ws/install/odometry/lib/python3.10/site-packages:${PYTHONPATH} /usr/bin/python3 -W ignore:setup.py install is deprecated -W ignore:easy_install command is deprecated setup.py develop --editable --build-directory /home/robotec/ros2_ws/build/odometry/build --no-deps symlink_data
