running egg_info
creating ../../build/odometry/odometry.egg-info
writing ../../build/odometry/odometry.egg-info/PKG-INFO
writing dependency_links to ../../build/odometry/odometry.egg-info/dependency_links.txt
writing entry points to ../../build/odometry/odometry.egg-info/entry_points.txt
writing requirements to ../../build/odometry/odometry.egg-info/requires.txt
writing top-level names to ../../build/odometry/odometry.egg-info/top_level.txt
writing manifest file '../../build/odometry/odometry.egg-info/SOURCES.txt'
reading manifest file '../../build/odometry/odometry.egg-info/SOURCES.txt'
writing manifest file '../../build/odometry/odometry.egg-info/SOURCES.txt'
running build
running install
running install_data
creating /home/robotec/ros2_ws/install/odometry/share/ament_index
creating /home/robotec/ros2_ws/install/odometry/share/ament_index/resource_index
creating /home/robotec/ros2_ws/install/odometry/share/ament_index/resource_index/packages
copying resource/odometry -> /home/robotec/ros2_ws/install/odometry/share/ament_index/resource_index/packages
copying package.xml -> /home/robotec/ros2_ws/install/odometry/share/odometry
running install_egg_info
Copying ../../build/odometry/odometry.egg-info to /home/robotec/ros2_ws/install/odometry/lib/python3.10/site-packages/odometry-0.0.0-py3.10.egg-info
running install_scripts
Installing odometry_node script to /home/robotec/ros2_ws/install/odometry/lib/odometry
writing list of installed files to '/home/robotec/ros2_ws/build/odometry/install.log'
