[1.120s] Invoking command in '/home/robotec/ros2_ws/src/odometry': PYTHONPATH=/home/robotec/ros2_ws/build/odometry/prefix_override:/usr/lib/python3/dist-packages/colcon_core/task/python/colcon_distutils_commands:/home/robotec/ros2_ws/install/odometry/lib/python3.10/site-packages:${PYTHONPATH} /usr/bin/python3 -W ignore:setup.py install is deprecated -W ignore:easy_install command is deprecated setup.py egg_info --egg-base ../../build/odometry build --build-base /home/robotec/ros2_ws/build/odometry/build install --record /home/robotec/ros2_ws/build/odometry/install.log --single-version-externally-managed install_data
[1.385s] running egg_info
[1.386s] creating ../../build/odometry/odometry.egg-info
[1.386s] writing ../../build/odometry/odometry.egg-info/PKG-INFO
[1.386s] writing dependency_links to ../../build/odometry/odometry.egg-info/dependency_links.txt
[1.387s] writing entry points to ../../build/odometry/odometry.egg-info/entry_points.txt
[1.387s] writing requirements to ../../build/odometry/odometry.egg-info/requires.txt
[1.387s] writing top-level names to ../../build/odometry/odometry.egg-info/top_level.txt
[1.387s] writing manifest file '../../build/odometry/odometry.egg-info/SOURCES.txt'
[1.388s] reading manifest file '../../build/odometry/odometry.egg-info/SOURCES.txt'
[1.389s] writing manifest file '../../build/odometry/odometry.egg-info/SOURCES.txt'
[1.389s] running build
[1.389s] running install
[1.389s] running install_data
[1.389s] creating /home/robotec/ros2_ws/install/odometry/share/ament_index
[1.390s] creating /home/robotec/ros2_ws/install/odometry/share/ament_index/resource_index
[1.390s] creating /home/robotec/ros2_ws/install/odometry/share/ament_index/resource_index/packages
[1.390s] copying resource/odometry -> /home/robotec/ros2_ws/install/odometry/share/ament_index/resource_index/packages
[1.390s] copying package.xml -> /home/robotec/ros2_ws/install/odometry/share/odometry
[1.390s] running install_egg_info
[1.393s] Copying ../../build/odometry/odometry.egg-info to /home/robotec/ros2_ws/install/odometry/lib/python3.10/site-packages/odometry-0.0.0-py3.10.egg-info
[1.394s] running install_scripts
[1.417s] Installing odometry_node script to /home/robotec/ros2_ws/install/odometry/lib/odometry
[1.417s] writing list of installed files to '/home/robotec/ros2_ws/build/odometry/install.log'
[1.457s] Invoked command in '/home/robotec/ros2_ws/src/odometry' returned '0': PYTHONPATH=/home/robotec/ros2_ws/build/odometry/prefix_override:/usr/lib/python3/dist-packages/colcon_core/task/python/colcon_distutils_commands:/home/robotec/ros2_ws/install/odometry/lib/python3.10/site-packages:${PYTHONPATH} /usr/bin/python3 -W ignore:setup.py install is deprecated -W ignore:easy_install command is deprecated setup.py egg_info --egg-base ../../build/odometry build --build-base /home/robotec/ros2_ws/build/odometry/build install --record /home/robotec/ros2_ws/build/odometry/install.log --single-version-externally-managed install_data
