[3.795s] Invoking command in '/home/robotec/ros2_ws/src/arm_pkg': PYTHONPATH=/home/robotec/ros2_ws/build/arm_pkg/prefix_override:/usr/lib/python3/dist-packages/colcon_core/task/python/colcon_distutils_commands:/home/robotec/ros2_ws/install/arm_pkg/lib/python3.10/site-packages:${PYTHONPATH} /usr/bin/python3 -W ignore:setup.py install is deprecated -W ignore:easy_install command is deprecated setup.py egg_info --egg-base ../../build/arm_pkg build --build-base /home/robotec/ros2_ws/build/arm_pkg/build install --record /home/robotec/ros2_ws/build/arm_pkg/install.log --single-version-externally-managed install_data
[4.571s] running egg_info
[4.573s] writing ../../build/arm_pkg/arm_pkg.egg-info/PKG-INFO
[4.576s] writing dependency_links to ../../build/arm_pkg/arm_pkg.egg-info/dependency_links.txt
[4.583s] writing entry points to ../../build/arm_pkg/arm_pkg.egg-info/entry_points.txt
[4.583s] writing requirements to ../../build/arm_pkg/arm_pkg.egg-info/requires.txt
[4.583s] writing top-level names to ../../build/arm_pkg/arm_pkg.egg-info/top_level.txt
[4.589s] reading manifest file '../../build/arm_pkg/arm_pkg.egg-info/SOURCES.txt'
[4.593s] writing manifest file '../../build/arm_pkg/arm_pkg.egg-info/SOURCES.txt'
[4.593s] running build
[4.593s] running build_py
[4.593s] running install
[4.593s] running install_lib
[4.598s] running install_data
[4.599s] running install_egg_info
[4.607s] removing '/home/robotec/ros2_ws/install/arm_pkg/lib/python3.10/site-packages/arm_pkg-0.0.0-py3.10.egg-info' (and everything under it)
[4.610s] Copying ../../build/arm_pkg/arm_pkg.egg-info to /home/robotec/ros2_ws/install/arm_pkg/lib/python3.10/site-packages/arm_pkg-0.0.0-py3.10.egg-info
[4.629s] running install_scripts
[4.691s] Installing clicked_point_subscriber script to /home/robotec/ros2_ws/install/arm_pkg/lib/arm_pkg
[4.695s] writing list of installed files to '/home/robotec/ros2_ws/build/arm_pkg/install.log'
[5.523s] Invoked command in '/home/robotec/ros2_ws/src/arm_pkg' returned '0': PYTHONPATH=/home/robotec/ros2_ws/build/arm_pkg/prefix_override:/usr/lib/python3/dist-packages/colcon_core/task/python/colcon_distutils_commands:/home/robotec/ros2_ws/install/arm_pkg/lib/python3.10/site-packages:${PYTHONPATH} /usr/bin/python3 -W ignore:setup.py install is deprecated -W ignore:easy_install command is deprecated setup.py egg_info --egg-base ../../build/arm_pkg build --build-base /home/robotec/ros2_ws/build/arm_pkg/build install --record /home/robotec/ros2_ws/build/arm_pkg/install.log --single-version-externally-managed install_data
