[0.036s] Invoking command in '/home/robotec/ros2_ws/build/astra_camera_msgs': CMAKE_PREFIX_PATH=/opt/ros/humble /usr/bin/cmake /home/robotec/ros2_ws/src/ros2_astra_camera/astra_camera_msgs -DAMENT_CMAKE_SYMLINK_INSTALL=1 -DCMAKE_INSTALL_PREFIX=/home/robotec/ros2_ws/install/astra_camera_msgs
[0.470s] -- Found ament_cmake: 1.3.11 (/opt/ros/humble/share/ament_cmake/cmake)
[0.471s] -- Override CMake install command with custom implementation using symlinks instead of copying resources
[0.471s] -- Found rosidl_default_generators: 1.2.0 (/opt/ros/humble/share/rosidl_default_generators/cmake)
[0.471s] -- Using all available rosidl_typesupport_c: rosidl_typesupport_fastrtps_c;rosidl_typesupport_introspection_c
[0.471s] -- Found rosidl_adapter: 3.1.6 (/opt/ros/humble/share/rosidl_adapter/cmake)
[0.471s] -- Using all available rosidl_typesupport_cpp: rosidl_typesupport_fastrtps_cpp;rosidl_typesupport_introspection_cpp
[0.472s] -- Found sensor_msgs: 4.8.0 (/opt/ros/humble/share/sensor_msgs/cmake)
[1.056s] -- Found ament_cmake_ros: 0.10.0 (/opt/ros/humble/share/ament_cmake_ros/cmake)
[1.756s] -- Using all available rosidl_typesupport_c: rosidl_typesupport_fastrtps_c;rosidl_typesupport_introspection_c
[2.673s] -- Using all available rosidl_typesupport_cpp: rosidl_typesupport_fastrtps_cpp;rosidl_typesupport_introspection_cpp
[2.709s] -- Found python_cmake_module: 0.10.0 (/opt/ros/humble/share/python_cmake_module/cmake)
[2.750s] -- Using PYTHON_EXECUTABLE: /usr/bin/python3
[2.750s] -- Using PYTHON_INCLUDE_DIRS: /usr/include/python3.10
[2.751s] -- Using PYTHON_LIBRARIES: /usr/lib/x86_64-linux-gnu/libpython3.10.so
[2.840s] -- Found ament_lint_auto: 0.12.12 (/opt/ros/humble/share/ament_lint_auto/cmake)
[2.858s] -- Added test 'copyright' to check source files copyright and LICENSE
[2.861s] -- Added test 'lint_cmake' to check CMake code style
[2.863s] -- Added test 'xmllint' to check XML markup files
[2.868s] -- Configuring done
[2.945s] -- Generating done
[2.963s] -- Build files have been written to: /home/robotec/ros2_ws/build/astra_camera_msgs
[2.973s] Invoked command in '/home/robotec/ros2_ws/build/astra_camera_msgs' returned '0': CMAKE_PREFIX_PATH=/opt/ros/humble /usr/bin/cmake /home/robotec/ros2_ws/src/ros2_astra_camera/astra_camera_msgs -DAMENT_CMAKE_SYMLINK_INSTALL=1 -DCMAKE_INSTALL_PREFIX=/home/robotec/ros2_ws/install/astra_camera_msgs
[2.975s] Invoking command in '/home/robotec/ros2_ws/build/astra_camera_msgs': CMAKE_PREFIX_PATH=/opt/ros/humble /usr/bin/cmake --build /home/robotec/ros2_ws/build/astra_camera_msgs -- -j4 -l4
[3.033s] [35m[1mConsolidate compiler generated dependencies of target astra_camera_msgs__rosidl_generator_c[0m
[3.049s] [  1%] Built target astra_camera_msgs__cpp
[3.055s] [ 12%] Built target astra_camera_msgs__rosidl_generator_c
[3.062s] [ 12%] Built target ament_cmake_python_symlink_astra_camera_msgs
[3.071s] [35m[1mConsolidate compiler generated dependencies of target astra_camera_msgs__rosidl_typesupport_cpp[0m
[3.080s] [35m[1mConsolidate compiler generated dependencies of target astra_camera_msgs__rosidl_typesupport_fastrtps_cpp[0m
[3.083s] [35m[1mConsolidate compiler generated dependencies of target astra_camera_msgs__rosidl_typesupport_introspection_cpp[0m
[3.087s] [35m[1mConsolidate compiler generated dependencies of target astra_camera_msgs__rosidl_typesupport_fastrtps_c[0m
[3.100s] [ 24%] Built target astra_camera_msgs__rosidl_typesupport_cpp
[3.117s] [ 35%] Built target astra_camera_msgs__rosidl_typesupport_fastrtps_cpp
[3.119s] [ 47%] Built target astra_camera_msgs__rosidl_typesupport_introspection_cpp
[3.119s] [ 58%] Built target astra_camera_msgs__rosidl_typesupport_fastrtps_c
[3.123s] [35m[1mConsolidate compiler generated dependencies of target astra_camera_msgs__rosidl_typesupport_introspection_c[0m
[3.135s] [35m[1mConsolidate compiler generated dependencies of target astra_camera_msgs__rosidl_typesupport_c[0m
[3.146s] [ 70%] Built target astra_camera_msgs__rosidl_typesupport_introspection_c
[3.158s] [ 82%] Built target astra_camera_msgs__rosidl_typesupport_c
[3.184s] [ 82%] Built target astra_camera_msgs
[3.215s] [ 83%] Built target astra_camera_msgs__py
[3.230s] [35m[1mConsolidate compiler generated dependencies of target astra_camera_msgs__rosidl_generator_py[0m
[3.252s] [ 93%] Built target astra_camera_msgs__rosidl_generator_py
[3.272s] [35m[1mConsolidate compiler generated dependencies of target astra_camera_msgs__rosidl_typesupport_introspection_c__pyext[0m
[3.272s] [35m[1mConsolidate compiler generated dependencies of target astra_camera_msgs__rosidl_typesupport_c__pyext[0m
[3.276s] [35m[1mConsolidate compiler generated dependencies of target astra_camera_msgs__rosidl_typesupport_fastrtps_c__pyext[0m
[3.293s] [ 95%] Built target astra_camera_msgs__rosidl_typesupport_c__pyext
[3.296s] [ 97%] Built target astra_camera_msgs__rosidl_typesupport_introspection_c__pyext
[3.297s] [100%] Built target astra_camera_msgs__rosidl_typesupport_fastrtps_c__pyext
[3.456s] running egg_info
[3.457s] writing astra_camera_msgs.egg-info/PKG-INFO
[3.458s] writing dependency_links to astra_camera_msgs.egg-info/dependency_links.txt
[3.459s] writing top-level names to astra_camera_msgs.egg-info/top_level.txt
[3.464s] reading manifest file 'astra_camera_msgs.egg-info/SOURCES.txt'
[3.464s] writing manifest file 'astra_camera_msgs.egg-info/SOURCES.txt'
[3.500s] [100%] Built target ament_cmake_python_build_astra_camera_msgs_egg
[3.514s] Invoked command in '/home/robotec/ros2_ws/build/astra_camera_msgs' returned '0': CMAKE_PREFIX_PATH=/opt/ros/humble /usr/bin/cmake --build /home/robotec/ros2_ws/build/astra_camera_msgs -- -j4 -l4
[3.516s] Invoking command in '/home/robotec/ros2_ws/build/astra_camera_msgs': CMAKE_PREFIX_PATH=/opt/ros/humble /usr/bin/cmake --install /home/robotec/ros2_ws/build/astra_camera_msgs
[3.527s] -- Install configuration: ""
[3.527s] -- Execute custom install script
[3.527s] -- Up-to-date symlink: /home/robotec/ros2_ws/install/astra_camera_msgs/share/ament_index/resource_index/rosidl_interfaces/astra_camera_msgs
[3.529s] -- Up-to-date symlink: /home/robotec/ros2_ws/install/astra_camera_msgs/include/astra_camera_msgs/astra_camera_msgs/msg/detail/device_info__functions.h
[3.529s] -- Up-to-date symlink: /home/robotec/ros2_ws/install/astra_camera_msgs/include/astra_camera_msgs/astra_camera_msgs/msg/detail/device_info__struct.h
[3.529s] -- Up-to-date symlink: /home/robotec/ros2_ws/install/astra_camera_msgs/include/astra_camera_msgs/astra_camera_msgs/msg/detail/device_info__type_support.h
[3.529s] -- Up-to-date symlink: /home/robotec/ros2_ws/install/astra_camera_msgs/include/astra_camera_msgs/astra_camera_msgs/msg/detail/extrinsics__functions.h
[3.529s] -- Up-to-date symlink: /home/robotec/ros2_ws/install/astra_camera_msgs/include/astra_camera_msgs/astra_camera_msgs/msg/detail/extrinsics__struct.h
[3.530s] -- Up-to-date symlink: /home/robotec/ros2_ws/install/astra_camera_msgs/include/astra_camera_msgs/astra_camera_msgs/msg/detail/extrinsics__type_support.h
[3.530s] -- Up-to-date symlink: /home/robotec/ros2_ws/install/astra_camera_msgs/include/astra_camera_msgs/astra_camera_msgs/msg/detail/metadata__functions.h
[3.530s] -- Up-to-date symlink: /home/robotec/ros2_ws/install/astra_camera_msgs/include/astra_camera_msgs/astra_camera_msgs/msg/detail/metadata__struct.h
[3.530s] -- Up-to-date symlink: /home/robotec/ros2_ws/install/astra_camera_msgs/include/astra_camera_msgs/astra_camera_msgs/msg/detail/metadata__type_support.h
[3.531s] -- Up-to-date symlink: /home/robotec/ros2_ws/install/astra_camera_msgs/include/astra_camera_msgs/astra_camera_msgs/msg/device_info.h
[3.531s] -- Up-to-date symlink: /home/robotec/ros2_ws/install/astra_camera_msgs/include/astra_camera_msgs/astra_camera_msgs/msg/extrinsics.h
[3.531s] -- Up-to-date symlink: /home/robotec/ros2_ws/install/astra_camera_msgs/include/astra_camera_msgs/astra_camera_msgs/msg/metadata.h
[3.531s] -- Up-to-date symlink: /home/robotec/ros2_ws/install/astra_camera_msgs/include/astra_camera_msgs/astra_camera_msgs/msg/rosidl_generator_c__visibility_control.h
[3.532s] -- Up-to-date symlink: /home/robotec/ros2_ws/install/astra_camera_msgs/include/astra_camera_msgs/astra_camera_msgs/srv/detail/get_camera_info__functions.h
[3.532s] -- Up-to-date symlink: /home/robotec/ros2_ws/install/astra_camera_msgs/include/astra_camera_msgs/astra_camera_msgs/srv/detail/get_camera_info__struct.h
[3.532s] -- Up-to-date symlink: /home/robotec/ros2_ws/install/astra_camera_msgs/include/astra_camera_msgs/astra_camera_msgs/srv/detail/get_camera_info__type_support.h
[3.532s] -- Up-to-date symlink: /home/robotec/ros2_ws/install/astra_camera_msgs/include/astra_camera_msgs/astra_camera_msgs/srv/detail/get_camera_params__functions.h
[3.533s] -- Up-to-date symlink: /home/robotec/ros2_ws/install/astra_camera_msgs/include/astra_camera_msgs/astra_camera_msgs/srv/detail/get_camera_params__struct.h
[3.533s] -- Up-to-date symlink: /home/robotec/ros2_ws/install/astra_camera_msgs/include/astra_camera_msgs/astra_camera_msgs/srv/detail/get_camera_params__type_support.h
[3.533s] -- Up-to-date symlink: /home/robotec/ros2_ws/install/astra_camera_msgs/include/astra_camera_msgs/astra_camera_msgs/srv/detail/get_device_info__functions.h
[3.533s] -- Up-to-date symlink: /home/robotec/ros2_ws/install/astra_camera_msgs/include/astra_camera_msgs/astra_camera_msgs/srv/detail/get_device_info__struct.h
[3.533s] -- Up-to-date symlink: /home/robotec/ros2_ws/install/astra_camera_msgs/include/astra_camera_msgs/astra_camera_msgs/srv/detail/get_device_info__type_support.h
[3.534s] -- Up-to-date symlink: /home/robotec/ros2_ws/install/astra_camera_msgs/include/astra_camera_msgs/astra_camera_msgs/srv/detail/get_int32__functions.h
[3.534s] -- Up-to-date symlink: /home/robotec/ros2_ws/install/astra_camera_msgs/include/astra_camera_msgs/astra_camera_msgs/srv/detail/get_int32__struct.h
[3.534s] -- Up-to-date symlink: /home/robotec/ros2_ws/install/astra_camera_msgs/include/astra_camera_msgs/astra_camera_msgs/srv/detail/get_int32__type_support.h
[3.534s] -- Up-to-date symlink: /home/robotec/ros2_ws/install/astra_camera_msgs/include/astra_camera_msgs/astra_camera_msgs/srv/detail/get_string__functions.h
[3.535s] -- Up-to-date symlink: /home/robotec/ros2_ws/install/astra_camera_msgs/include/astra_camera_msgs/astra_camera_msgs/srv/detail/get_string__struct.h
[3.535s] -- Up-to-date symlink: /home/robotec/ros2_ws/install/astra_camera_msgs/include/astra_camera_msgs/astra_camera_msgs/srv/detail/get_string__type_support.h
[3.535s] -- Up-to-date symlink: /home/robotec/ros2_ws/install/astra_camera_msgs/include/astra_camera_msgs/astra_camera_msgs/srv/detail/set_int32__functions.h
[3.535s] -- Up-to-date symlink: /home/robotec/ros2_ws/install/astra_camera_msgs/include/astra_camera_msgs/astra_camera_msgs/srv/detail/set_int32__struct.h
[3.536s] -- Up-to-date symlink: /home/robotec/ros2_ws/install/astra_camera_msgs/include/astra_camera_msgs/astra_camera_msgs/srv/detail/set_int32__type_support.h
[3.536s] -- Up-to-date symlink: /home/robotec/ros2_ws/install/astra_camera_msgs/include/astra_camera_msgs/astra_camera_msgs/srv/get_camera_info.h
[3.536s] -- Up-to-date symlink: /home/robotec/ros2_ws/install/astra_camera_msgs/include/astra_camera_msgs/astra_camera_msgs/srv/get_camera_params.h
[3.536s] -- Up-to-date symlink: /home/robotec/ros2_ws/install/astra_camera_msgs/include/astra_camera_msgs/astra_camera_msgs/srv/get_device_info.h
[3.537s] -- Up-to-date symlink: /home/robotec/ros2_ws/install/astra_camera_msgs/include/astra_camera_msgs/astra_camera_msgs/srv/get_int32.h
[3.537s] -- Up-to-date symlink: /home/robotec/ros2_ws/install/astra_camera_msgs/include/astra_camera_msgs/astra_camera_msgs/srv/get_string.h
[3.537s] -- Up-to-date symlink: /home/robotec/ros2_ws/install/astra_camera_msgs/include/astra_camera_msgs/astra_camera_msgs/srv/set_int32.h
[3.537s] -- Up-to-date symlink: /home/robotec/ros2_ws/install/astra_camera_msgs/share/astra_camera_msgs/environment/library_path.sh
[3.538s] -- Up-to-date symlink: /home/robotec/ros2_ws/install/astra_camera_msgs/share/astra_camera_msgs/environment/library_path.dsv
[3.539s] -- Up-to-date symlink: /home/robotec/ros2_ws/install/astra_camera_msgs/include/astra_camera_msgs/astra_camera_msgs/msg/detail/device_info__rosidl_typesupport_fastrtps_c.h
[3.539s] -- Up-to-date symlink: /home/robotec/ros2_ws/install/astra_camera_msgs/include/astra_camera_msgs/astra_camera_msgs/msg/detail/extrinsics__rosidl_typesupport_fastrtps_c.h
[3.539s] -- Up-to-date symlink: /home/robotec/ros2_ws/install/astra_camera_msgs/include/astra_camera_msgs/astra_camera_msgs/msg/detail/metadata__rosidl_typesupport_fastrtps_c.h
[3.540s] -- Up-to-date symlink: /home/robotec/ros2_ws/install/astra_camera_msgs/include/astra_camera_msgs/astra_camera_msgs/msg/rosidl_typesupport_fastrtps_c__visibility_control.h
[3.540s] -- Up-to-date symlink: /home/robotec/ros2_ws/install/astra_camera_msgs/include/astra_camera_msgs/astra_camera_msgs/srv/detail/get_camera_info__rosidl_typesupport_fastrtps_c.h
[3.540s] -- Up-to-date symlink: /home/robotec/ros2_ws/install/astra_camera_msgs/include/astra_camera_msgs/astra_camera_msgs/srv/detail/get_camera_params__rosidl_typesupport_fastrtps_c.h
[3.540s] -- Up-to-date symlink: /home/robotec/ros2_ws/install/astra_camera_msgs/include/astra_camera_msgs/astra_camera_msgs/srv/detail/get_device_info__rosidl_typesupport_fastrtps_c.h
[3.540s] -- Up-to-date symlink: /home/robotec/ros2_ws/install/astra_camera_msgs/include/astra_camera_msgs/astra_camera_msgs/srv/detail/get_int32__rosidl_typesupport_fastrtps_c.h
[3.540s] -- Up-to-date symlink: /home/robotec/ros2_ws/install/astra_camera_msgs/include/astra_camera_msgs/astra_camera_msgs/srv/detail/get_string__rosidl_typesupport_fastrtps_c.h
[3.541s] -- Up-to-date symlink: /home/robotec/ros2_ws/install/astra_camera_msgs/include/astra_camera_msgs/astra_camera_msgs/srv/detail/set_int32__rosidl_typesupport_fastrtps_c.h
[3.542s] -- Up-to-date symlink: /home/robotec/ros2_ws/install/astra_camera_msgs/include/astra_camera_msgs/astra_camera_msgs/msg/detail/device_info__rosidl_typesupport_introspection_c.h
[3.542s] -- Up-to-date symlink: /home/robotec/ros2_ws/install/astra_camera_msgs/include/astra_camera_msgs/astra_camera_msgs/msg/detail/extrinsics__rosidl_typesupport_introspection_c.h
[3.543s] -- Up-to-date symlink: /home/robotec/ros2_ws/install/astra_camera_msgs/include/astra_camera_msgs/astra_camera_msgs/msg/detail/metadata__rosidl_typesupport_introspection_c.h
[3.543s] -- Up-to-date symlink: /home/robotec/ros2_ws/install/astra_camera_msgs/include/astra_camera_msgs/astra_camera_msgs/msg/rosidl_typesupport_introspection_c__visibility_control.h
[3.543s] -- Up-to-date symlink: /home/robotec/ros2_ws/install/astra_camera_msgs/include/astra_camera_msgs/astra_camera_msgs/srv/detail/get_camera_info__rosidl_typesupport_introspection_c.h
[3.544s] -- Up-to-date symlink: /home/robotec/ros2_ws/install/astra_camera_msgs/include/astra_camera_msgs/astra_camera_msgs/srv/detail/get_camera_params__rosidl_typesupport_introspection_c.h
[3.544s] -- Up-to-date symlink: /home/robotec/ros2_ws/install/astra_camera_msgs/include/astra_camera_msgs/astra_camera_msgs/srv/detail/get_device_info__rosidl_typesupport_introspection_c.h
[3.544s] -- Up-to-date symlink: /home/robotec/ros2_ws/install/astra_camera_msgs/include/astra_camera_msgs/astra_camera_msgs/srv/detail/get_int32__rosidl_typesupport_introspection_c.h
[3.544s] -- Up-to-date symlink: /home/robotec/ros2_ws/install/astra_camera_msgs/include/astra_camera_msgs/astra_camera_msgs/srv/detail/get_string__rosidl_typesupport_introspection_c.h
[3.545s] -- Up-to-date symlink: /home/robotec/ros2_ws/install/astra_camera_msgs/include/astra_camera_msgs/astra_camera_msgs/srv/detail/set_int32__rosidl_typesupport_introspection_c.h
[3.546s] -- Up-to-date symlink: /home/robotec/ros2_ws/install/astra_camera_msgs/include/astra_camera_msgs/astra_camera_msgs/msg/detail/device_info__builder.hpp
[3.546s] -- Up-to-date symlink: /home/robotec/ros2_ws/install/astra_camera_msgs/include/astra_camera_msgs/astra_camera_msgs/msg/detail/device_info__struct.hpp
[3.546s] -- Up-to-date symlink: /home/robotec/ros2_ws/install/astra_camera_msgs/include/astra_camera_msgs/astra_camera_msgs/msg/detail/device_info__traits.hpp
[3.547s] -- Up-to-date symlink: /home/robotec/ros2_ws/install/astra_camera_msgs/include/astra_camera_msgs/astra_camera_msgs/msg/detail/device_info__type_support.hpp
[3.547s] -- Up-to-date symlink: /home/robotec/ros2_ws/install/astra_camera_msgs/include/astra_camera_msgs/astra_camera_msgs/msg/detail/extrinsics__builder.hpp
[3.547s] -- Up-to-date symlink: /home/robotec/ros2_ws/install/astra_camera_msgs/include/astra_camera_msgs/astra_camera_msgs/msg/detail/extrinsics__struct.hpp
[3.547s] -- Up-to-date symlink: /home/robotec/ros2_ws/install/astra_camera_msgs/include/astra_camera_msgs/astra_camera_msgs/msg/detail/extrinsics__traits.hpp
[3.547s] -- Up-to-date symlink: /home/robotec/ros2_ws/install/astra_camera_msgs/include/astra_camera_msgs/astra_camera_msgs/msg/detail/extrinsics__type_support.hpp
[3.547s] -- Up-to-date symlink: /home/robotec/ros2_ws/install/astra_camera_msgs/include/astra_camera_msgs/astra_camera_msgs/msg/detail/metadata__builder.hpp
[3.548s] -- Up-to-date symlink: /home/robotec/ros2_ws/install/astra_camera_msgs/include/astra_camera_msgs/astra_camera_msgs/msg/detail/metadata__struct.hpp
[3.548s] -- Up-to-date symlink: /home/robotec/ros2_ws/install/astra_camera_msgs/include/astra_camera_msgs/astra_camera_msgs/msg/detail/metadata__traits.hpp
[3.548s] -- Up-to-date symlink: /home/robotec/ros2_ws/install/astra_camera_msgs/include/astra_camera_msgs/astra_camera_msgs/msg/detail/metadata__type_support.hpp
[3.548s] -- Up-to-date symlink: /home/robotec/ros2_ws/install/astra_camera_msgs/include/astra_camera_msgs/astra_camera_msgs/msg/device_info.hpp
[3.548s] -- Up-to-date symlink: /home/robotec/ros2_ws/install/astra_camera_msgs/include/astra_camera_msgs/astra_camera_msgs/msg/extrinsics.hpp
[3.548s] -- Up-to-date symlink: /home/robotec/ros2_ws/install/astra_camera_msgs/include/astra_camera_msgs/astra_camera_msgs/msg/metadata.hpp
[3.549s] -- Up-to-date symlink: /home/robotec/ros2_ws/install/astra_camera_msgs/include/astra_camera_msgs/astra_camera_msgs/msg/rosidl_generator_cpp__visibility_control.hpp
[3.549s] -- Up-to-date symlink: /home/robotec/ros2_ws/install/astra_camera_msgs/include/astra_camera_msgs/astra_camera_msgs/srv/detail/get_camera_info__builder.hpp
[3.549s] -- Up-to-date symlink: /home/robotec/ros2_ws/install/astra_camera_msgs/include/astra_camera_msgs/astra_camera_msgs/srv/detail/get_camera_info__struct.hpp
[3.549s] -- Up-to-date symlink: /home/robotec/ros2_ws/install/astra_camera_msgs/include/astra_camera_msgs/astra_camera_msgs/srv/detail/get_camera_info__traits.hpp
[3.549s] -- Up-to-date symlink: /home/robotec/ros2_ws/install/astra_camera_msgs/include/astra_camera_msgs/astra_camera_msgs/srv/detail/get_camera_info__type_support.hpp
[3.549s] -- Up-to-date symlink: /home/robotec/ros2_ws/install/astra_camera_msgs/include/astra_camera_msgs/astra_camera_msgs/srv/detail/get_camera_params__builder.hpp
[3.549s] -- Up-to-date symlink: /home/robotec/ros2_ws/install/astra_camera_msgs/include/astra_camera_msgs/astra_camera_msgs/srv/detail/get_camera_params__struct.hpp
[3.549s] -- Up-to-date symlink: /home/robotec/ros2_ws/install/astra_camera_msgs/include/astra_camera_msgs/astra_camera_msgs/srv/detail/get_camera_params__traits.hpp
[3.549s] -- Up-to-date symlink: /home/robotec/ros2_ws/install/astra_camera_msgs/include/astra_camera_msgs/astra_camera_msgs/srv/detail/get_camera_params__type_support.hpp
[3.550s] -- Up-to-date symlink: /home/robotec/ros2_ws/install/astra_camera_msgs/include/astra_camera_msgs/astra_camera_msgs/srv/detail/get_device_info__builder.hpp
[3.550s] -- Up-to-date symlink: /home/robotec/ros2_ws/install/astra_camera_msgs/include/astra_camera_msgs/astra_camera_msgs/srv/detail/get_device_info__struct.hpp
[3.550s] -- Up-to-date symlink: /home/robotec/ros2_ws/install/astra_camera_msgs/include/astra_camera_msgs/astra_camera_msgs/srv/detail/get_device_info__traits.hpp
[3.550s] -- Up-to-date symlink: /home/robotec/ros2_ws/install/astra_camera_msgs/include/astra_camera_msgs/astra_camera_msgs/srv/detail/get_device_info__type_support.hpp
[3.550s] -- Up-to-date symlink: /home/robotec/ros2_ws/install/astra_camera_msgs/include/astra_camera_msgs/astra_camera_msgs/srv/detail/get_int32__builder.hpp
[3.550s] -- Up-to-date symlink: /home/robotec/ros2_ws/install/astra_camera_msgs/include/astra_camera_msgs/astra_camera_msgs/srv/detail/get_int32__struct.hpp
[3.550s] -- Up-to-date symlink: /home/robotec/ros2_ws/install/astra_camera_msgs/include/astra_camera_msgs/astra_camera_msgs/srv/detail/get_int32__traits.hpp
[3.550s] -- Up-to-date symlink: /home/robotec/ros2_ws/install/astra_camera_msgs/include/astra_camera_msgs/astra_camera_msgs/srv/detail/get_int32__type_support.hpp
[3.551s] -- Up-to-date symlink: /home/robotec/ros2_ws/install/astra_camera_msgs/include/astra_camera_msgs/astra_camera_msgs/srv/detail/get_string__builder.hpp
[3.551s] -- Up-to-date symlink: /home/robotec/ros2_ws/install/astra_camera_msgs/include/astra_camera_msgs/astra_camera_msgs/srv/detail/get_string__struct.hpp
[3.551s] -- Up-to-date symlink: /home/robotec/ros2_ws/install/astra_camera_msgs/include/astra_camera_msgs/astra_camera_msgs/srv/detail/get_string__traits.hpp
[3.551s] -- Up-to-date symlink: /home/robotec/ros2_ws/install/astra_camera_msgs/include/astra_camera_msgs/astra_camera_msgs/srv/detail/get_string__type_support.hpp
[3.551s] -- Up-to-date symlink: /home/robotec/ros2_ws/install/astra_camera_msgs/include/astra_camera_msgs/astra_camera_msgs/srv/detail/set_int32__builder.hpp
[3.551s] -- Up-to-date symlink: /home/robotec/ros2_ws/install/astra_camera_msgs/include/astra_camera_msgs/astra_camera_msgs/srv/detail/set_int32__struct.hpp
[3.551s] -- Up-to-date symlink: /home/robotec/ros2_ws/install/astra_camera_msgs/include/astra_camera_msgs/astra_camera_msgs/srv/detail/set_int32__traits.hpp
[3.551s] -- Up-to-date symlink: /home/robotec/ros2_ws/install/astra_camera_msgs/include/astra_camera_msgs/astra_camera_msgs/srv/detail/set_int32__type_support.hpp
[3.551s] -- Up-to-date symlink: /home/robotec/ros2_ws/install/astra_camera_msgs/include/astra_camera_msgs/astra_camera_msgs/srv/get_camera_info.hpp
[3.552s] -- Up-to-date symlink: /home/robotec/ros2_ws/install/astra_camera_msgs/include/astra_camera_msgs/astra_camera_msgs/srv/get_camera_params.hpp
[3.552s] -- Up-to-date symlink: /home/robotec/ros2_ws/install/astra_camera_msgs/include/astra_camera_msgs/astra_camera_msgs/srv/get_device_info.hpp
[3.552s] -- Up-to-date symlink: /home/robotec/ros2_ws/install/astra_camera_msgs/include/astra_camera_msgs/astra_camera_msgs/srv/get_int32.hpp
[3.552s] -- Up-to-date symlink: /home/robotec/ros2_ws/install/astra_camera_msgs/include/astra_camera_msgs/astra_camera_msgs/srv/get_string.hpp
[3.552s] -- Up-to-date symlink: /home/robotec/ros2_ws/install/astra_camera_msgs/include/astra_camera_msgs/astra_camera_msgs/srv/set_int32.hpp
[3.555s] -- Up-to-date symlink: /home/robotec/ros2_ws/install/astra_camera_msgs/include/astra_camera_msgs/astra_camera_msgs/msg/detail/device_info__rosidl_typesupport_fastrtps_cpp.hpp
[3.555s] -- Up-to-date symlink: /home/robotec/ros2_ws/install/astra_camera_msgs/include/astra_camera_msgs/astra_camera_msgs/msg/detail/extrinsics__rosidl_typesupport_fastrtps_cpp.hpp
[3.556s] -- Up-to-date symlink: /home/robotec/ros2_ws/install/astra_camera_msgs/include/astra_camera_msgs/astra_camera_msgs/msg/detail/metadata__rosidl_typesupport_fastrtps_cpp.hpp
[3.556s] -- Up-to-date symlink: /home/robotec/ros2_ws/install/astra_camera_msgs/include/astra_camera_msgs/astra_camera_msgs/msg/rosidl_typesupport_fastrtps_cpp__visibility_control.h
[3.556s] -- Up-to-date symlink: /home/robotec/ros2_ws/install/astra_camera_msgs/include/astra_camera_msgs/astra_camera_msgs/srv/detail/get_camera_info__rosidl_typesupport_fastrtps_cpp.hpp
[3.556s] -- Up-to-date symlink: /home/robotec/ros2_ws/install/astra_camera_msgs/include/astra_camera_msgs/astra_camera_msgs/srv/detail/get_camera_params__rosidl_typesupport_fastrtps_cpp.hpp
[3.557s] -- Up-to-date symlink: /home/robotec/ros2_ws/install/astra_camera_msgs/include/astra_camera_msgs/astra_camera_msgs/srv/detail/get_device_info__rosidl_typesupport_fastrtps_cpp.hpp
[3.557s] -- Up-to-date symlink: /home/robotec/ros2_ws/install/astra_camera_msgs/include/astra_camera_msgs/astra_camera_msgs/srv/detail/get_int32__rosidl_typesupport_fastrtps_cpp.hpp
[3.557s] -- Up-to-date symlink: /home/robotec/ros2_ws/install/astra_camera_msgs/include/astra_camera_msgs/astra_camera_msgs/srv/detail/get_string__rosidl_typesupport_fastrtps_cpp.hpp
[3.557s] -- Up-to-date symlink: /home/robotec/ros2_ws/install/astra_camera_msgs/include/astra_camera_msgs/astra_camera_msgs/srv/detail/set_int32__rosidl_typesupport_fastrtps_cpp.hpp
[3.558s] -- Up-to-date symlink: /home/robotec/ros2_ws/install/astra_camera_msgs/include/astra_camera_msgs/astra_camera_msgs/msg/detail/device_info__rosidl_typesupport_introspection_cpp.hpp
[3.559s] -- Up-to-date symlink: /home/robotec/ros2_ws/install/astra_camera_msgs/include/astra_camera_msgs/astra_camera_msgs/msg/detail/extrinsics__rosidl_typesupport_introspection_cpp.hpp
[3.560s] -- Up-to-date symlink: /home/robotec/ros2_ws/install/astra_camera_msgs/include/astra_camera_msgs/astra_camera_msgs/msg/detail/metadata__rosidl_typesupport_introspection_cpp.hpp
[3.560s] -- Up-to-date symlink: /home/robotec/ros2_ws/install/astra_camera_msgs/include/astra_camera_msgs/astra_camera_msgs/srv/detail/get_camera_info__rosidl_typesupport_introspection_cpp.hpp
[3.560s] -- Up-to-date symlink: /home/robotec/ros2_ws/install/astra_camera_msgs/include/astra_camera_msgs/astra_camera_msgs/srv/detail/get_camera_params__rosidl_typesupport_introspection_cpp.hpp
[3.561s] -- Up-to-date symlink: /home/robotec/ros2_ws/install/astra_camera_msgs/include/astra_camera_msgs/astra_camera_msgs/srv/detail/get_device_info__rosidl_typesupport_introspection_cpp.hpp
[3.561s] -- Up-to-date symlink: /home/robotec/ros2_ws/install/astra_camera_msgs/include/astra_camera_msgs/astra_camera_msgs/srv/detail/get_int32__rosidl_typesupport_introspection_cpp.hpp
[3.561s] -- Up-to-date symlink: /home/robotec/ros2_ws/install/astra_camera_msgs/include/astra_camera_msgs/astra_camera_msgs/srv/detail/get_string__rosidl_typesupport_introspection_cpp.hpp
[3.561s] -- Up-to-date symlink: /home/robotec/ros2_ws/install/astra_camera_msgs/include/astra_camera_msgs/astra_camera_msgs/srv/detail/set_int32__rosidl_typesupport_introspection_cpp.hpp
[3.562s] -- Up-to-date symlink: /home/robotec/ros2_ws/install/astra_camera_msgs/share/astra_camera_msgs/environment/pythonpath.sh
[3.562s] -- Up-to-date symlink: /home/robotec/ros2_ws/install/astra_camera_msgs/share/astra_camera_msgs/environment/pythonpath.dsv
[3.562s] -- Up-to-date symlink: /home/robotec/ros2_ws/install/astra_camera_msgs/local/lib/python3.10/dist-packages/astra_camera_msgs-1.0.1-py3.10.egg-info/PKG-INFO
[3.563s] -- Up-to-date symlink: /home/robotec/ros2_ws/install/astra_camera_msgs/local/lib/python3.10/dist-packages/astra_camera_msgs-1.0.1-py3.10.egg-info/SOURCES.txt
[3.563s] -- Up-to-date symlink: /home/robotec/ros2_ws/install/astra_camera_msgs/local/lib/python3.10/dist-packages/astra_camera_msgs-1.0.1-py3.10.egg-info/dependency_links.txt
[3.563s] -- Up-to-date symlink: /home/robotec/ros2_ws/install/astra_camera_msgs/local/lib/python3.10/dist-packages/astra_camera_msgs-1.0.1-py3.10.egg-info/top_level.txt
[3.564s] -- Up-to-date symlink: /home/robotec/ros2_ws/install/astra_camera_msgs/local/lib/python3.10/dist-packages/astra_camera_msgs/__init__.py
[3.564s] -- Up-to-date symlink: /home/robotec/ros2_ws/install/astra_camera_msgs/local/lib/python3.10/dist-packages/astra_camera_msgs/_astra_camera_msgs_s.ep.rosidl_typesupport_c.c
[3.564s] -- Up-to-date symlink: /home/robotec/ros2_ws/install/astra_camera_msgs/local/lib/python3.10/dist-packages/astra_camera_msgs/_astra_camera_msgs_s.ep.rosidl_typesupport_fastrtps_c.c
[3.565s] -- Up-to-date symlink: /home/robotec/ros2_ws/install/astra_camera_msgs/local/lib/python3.10/dist-packages/astra_camera_msgs/_astra_camera_msgs_s.ep.rosidl_typesupport_introspection_c.c
[3.565s] -- Up-to-date symlink: /home/robotec/ros2_ws/install/astra_camera_msgs/local/lib/python3.10/dist-packages/astra_camera_msgs/astra_camera_msgs_s__rosidl_typesupport_c.cpython-310-x86_64-linux-gnu.so
[3.565s] -- Up-to-date symlink: /home/robotec/ros2_ws/install/astra_camera_msgs/local/lib/python3.10/dist-packages/astra_camera_msgs/astra_camera_msgs_s__rosidl_typesupport_fastrtps_c.cpython-310-x86_64-linux-gnu.so
[3.565s] -- Up-to-date symlink: /home/robotec/ros2_ws/install/astra_camera_msgs/local/lib/python3.10/dist-packages/astra_camera_msgs/astra_camera_msgs_s__rosidl_typesupport_introspection_c.cpython-310-x86_64-linux-gnu.so
[3.565s] -- Up-to-date symlink: /home/robotec/ros2_ws/install/astra_camera_msgs/local/lib/python3.10/dist-packages/astra_camera_msgs/libastra_camera_msgs__rosidl_generator_py.so
[3.566s] -- Up-to-date symlink: /home/robotec/ros2_ws/install/astra_camera_msgs/local/lib/python3.10/dist-packages/astra_camera_msgs/msg/__init__.py
[3.566s] -- Up-to-date symlink: /home/robotec/ros2_ws/install/astra_camera_msgs/local/lib/python3.10/dist-packages/astra_camera_msgs/msg/_device_info.py
[3.566s] -- Up-to-date symlink: /home/robotec/ros2_ws/install/astra_camera_msgs/local/lib/python3.10/dist-packages/astra_camera_msgs/msg/_device_info_s.c
[3.566s] -- Up-to-date symlink: /home/robotec/ros2_ws/install/astra_camera_msgs/local/lib/python3.10/dist-packages/astra_camera_msgs/msg/_extrinsics.py
[3.567s] -- Up-to-date symlink: /home/robotec/ros2_ws/install/astra_camera_msgs/local/lib/python3.10/dist-packages/astra_camera_msgs/msg/_extrinsics_s.c
[3.567s] -- Up-to-date symlink: /home/robotec/ros2_ws/install/astra_camera_msgs/local/lib/python3.10/dist-packages/astra_camera_msgs/msg/_metadata.py
[3.567s] -- Up-to-date symlink: /home/robotec/ros2_ws/install/astra_camera_msgs/local/lib/python3.10/dist-packages/astra_camera_msgs/msg/_metadata_s.c
[3.567s] -- Up-to-date symlink: /home/robotec/ros2_ws/install/astra_camera_msgs/local/lib/python3.10/dist-packages/astra_camera_msgs/srv/__init__.py
[3.567s] -- Up-to-date symlink: /home/robotec/ros2_ws/install/astra_camera_msgs/local/lib/python3.10/dist-packages/astra_camera_msgs/srv/_get_camera_info.py
[3.568s] -- Up-to-date symlink: /home/robotec/ros2_ws/install/astra_camera_msgs/local/lib/python3.10/dist-packages/astra_camera_msgs/srv/_get_camera_info_s.c
[3.568s] -- Up-to-date symlink: /home/robotec/ros2_ws/install/astra_camera_msgs/local/lib/python3.10/dist-packages/astra_camera_msgs/srv/_get_camera_params.py
[3.568s] -- Up-to-date symlink: /home/robotec/ros2_ws/install/astra_camera_msgs/local/lib/python3.10/dist-packages/astra_camera_msgs/srv/_get_camera_params_s.c
[3.568s] -- Up-to-date symlink: /home/robotec/ros2_ws/install/astra_camera_msgs/local/lib/python3.10/dist-packages/astra_camera_msgs/srv/_get_device_info.py
[3.569s] -- Up-to-date symlink: /home/robotec/ros2_ws/install/astra_camera_msgs/local/lib/python3.10/dist-packages/astra_camera_msgs/srv/_get_device_info_s.c
[3.569s] -- Up-to-date symlink: /home/robotec/ros2_ws/install/astra_camera_msgs/local/lib/python3.10/dist-packages/astra_camera_msgs/srv/_get_int32.py
[3.569s] -- Up-to-date symlink: /home/robotec/ros2_ws/install/astra_camera_msgs/local/lib/python3.10/dist-packages/astra_camera_msgs/srv/_get_int32_s.c
[3.569s] -- Up-to-date symlink: /home/robotec/ros2_ws/install/astra_camera_msgs/local/lib/python3.10/dist-packages/astra_camera_msgs/srv/_get_string.py
[3.570s] -- Up-to-date symlink: /home/robotec/ros2_ws/install/astra_camera_msgs/local/lib/python3.10/dist-packages/astra_camera_msgs/srv/_get_string_s.c
[3.570s] -- Up-to-date symlink: /home/robotec/ros2_ws/install/astra_camera_msgs/local/lib/python3.10/dist-packages/astra_camera_msgs/srv/_set_int32.py
[3.570s] -- Up-to-date symlink: /home/robotec/ros2_ws/install/astra_camera_msgs/local/lib/python3.10/dist-packages/astra_camera_msgs/srv/_set_int32_s.c
[3.570s] -- Up-to-date symlink: /home/robotec/ros2_ws/install/astra_camera_msgs/local/lib/python3.10/dist-packages/astra_camera_msgs/astra_camera_msgs_s__rosidl_typesupport_fastrtps_c.cpython-310-x86_64-linux-gnu.so
[3.571s] -- Up-to-date symlink: /home/robotec/ros2_ws/install/astra_camera_msgs/local/lib/python3.10/dist-packages/astra_camera_msgs/astra_camera_msgs_s__rosidl_typesupport_introspection_c.cpython-310-x86_64-linux-gnu.so
[3.571s] -- Up-to-date symlink: /home/robotec/ros2_ws/install/astra_camera_msgs/local/lib/python3.10/dist-packages/astra_camera_msgs/astra_camera_msgs_s__rosidl_typesupport_c.cpython-310-x86_64-linux-gnu.so
[3.571s] -- Up-to-date symlink: /home/robotec/ros2_ws/install/astra_camera_msgs/share/astra_camera_msgs/msg/DeviceInfo.idl
[3.572s] -- Up-to-date symlink: /home/robotec/ros2_ws/install/astra_camera_msgs/share/astra_camera_msgs/msg/Extrinsics.idl
[3.572s] -- Up-to-date symlink: /home/robotec/ros2_ws/install/astra_camera_msgs/share/astra_camera_msgs/msg/Metadata.idl
[3.572s] -- Up-to-date symlink: /home/robotec/ros2_ws/install/astra_camera_msgs/share/astra_camera_msgs/srv/GetDeviceInfo.idl
[3.573s] -- Up-to-date symlink: /home/robotec/ros2_ws/install/astra_camera_msgs/share/astra_camera_msgs/srv/GetCameraInfo.idl
[3.573s] -- Up-to-date symlink: /home/robotec/ros2_ws/install/astra_camera_msgs/share/astra_camera_msgs/srv/GetCameraParams.idl
[3.573s] -- Up-to-date symlink: /home/robotec/ros2_ws/install/astra_camera_msgs/share/astra_camera_msgs/srv/GetInt32.idl
[3.574s] -- Up-to-date symlink: /home/robotec/ros2_ws/install/astra_camera_msgs/share/astra_camera_msgs/srv/GetString.idl
[3.574s] -- Up-to-date symlink: /home/robotec/ros2_ws/install/astra_camera_msgs/share/astra_camera_msgs/srv/SetInt32.idl
[3.574s] -- Up-to-date symlink: /home/robotec/ros2_ws/install/astra_camera_msgs/share/astra_camera_msgs/msg/DeviceInfo.msg
[3.574s] -- Up-to-date symlink: /home/robotec/ros2_ws/install/astra_camera_msgs/share/astra_camera_msgs/msg/Extrinsics.msg
[3.575s] -- Up-to-date symlink: /home/robotec/ros2_ws/install/astra_camera_msgs/share/astra_camera_msgs/msg/Metadata.msg
[3.575s] -- Up-to-date symlink: /home/robotec/ros2_ws/install/astra_camera_msgs/share/astra_camera_msgs/srv/GetDeviceInfo.srv
[3.575s] -- Up-to-date symlink: /home/robotec/ros2_ws/install/astra_camera_msgs/share/astra_camera_msgs/srv/GetDeviceInfo_Request.msg
[3.576s] -- Up-to-date symlink: /home/robotec/ros2_ws/install/astra_camera_msgs/share/astra_camera_msgs/srv/GetDeviceInfo_Response.msg
[3.576s] -- Up-to-date symlink: /home/robotec/ros2_ws/install/astra_camera_msgs/share/astra_camera_msgs/srv/GetCameraInfo.srv
[3.577s] -- Up-to-date symlink: /home/robotec/ros2_ws/install/astra_camera_msgs/share/astra_camera_msgs/srv/GetCameraInfo_Request.msg
[3.577s] -- Up-to-date symlink: /home/robotec/ros2_ws/install/astra_camera_msgs/share/astra_camera_msgs/srv/GetCameraInfo_Response.msg
[3.577s] -- Up-to-date symlink: /home/robotec/ros2_ws/install/astra_camera_msgs/share/astra_camera_msgs/srv/GetCameraParams.srv
[3.577s] -- Up-to-date symlink: /home/robotec/ros2_ws/install/astra_camera_msgs/share/astra_camera_msgs/srv/GetCameraParams_Request.msg
[3.577s] -- Up-to-date symlink: /home/robotec/ros2_ws/install/astra_camera_msgs/share/astra_camera_msgs/srv/GetCameraParams_Response.msg
[3.578s] -- Up-to-date symlink: /home/robotec/ros2_ws/install/astra_camera_msgs/share/astra_camera_msgs/srv/GetInt32.srv
[3.578s] -- Up-to-date symlink: /home/robotec/ros2_ws/install/astra_camera_msgs/share/astra_camera_msgs/srv/GetInt32_Request.msg
[3.578s] -- Up-to-date symlink: /home/robotec/ros2_ws/install/astra_camera_msgs/share/astra_camera_msgs/srv/GetInt32_Response.msg
[3.578s] -- Up-to-date symlink: /home/robotec/ros2_ws/install/astra_camera_msgs/share/astra_camera_msgs/srv/GetString.srv
[3.579s] -- Up-to-date symlink: /home/robotec/ros2_ws/install/astra_camera_msgs/share/astra_camera_msgs/srv/GetString_Request.msg
[3.579s] -- Up-to-date symlink: /home/robotec/ros2_ws/install/astra_camera_msgs/share/astra_camera_msgs/srv/GetString_Response.msg
[3.579s] -- Up-to-date symlink: /home/robotec/ros2_ws/install/astra_camera_msgs/share/astra_camera_msgs/srv/SetInt32.srv
[3.579s] -- Up-to-date symlink: /home/robotec/ros2_ws/install/astra_camera_msgs/share/astra_camera_msgs/srv/SetInt32_Request.msg
[3.580s] -- Up-to-date symlink: /home/robotec/ros2_ws/install/astra_camera_msgs/share/astra_camera_msgs/srv/SetInt32_Response.msg
[3.580s] -- Up-to-date symlink: /home/robotec/ros2_ws/install/astra_camera_msgs/share/ament_index/resource_index/package_run_dependencies/astra_camera_msgs
[3.580s] -- Up-to-date symlink: /home/robotec/ros2_ws/install/astra_camera_msgs/share/ament_index/resource_index/parent_prefix_path/astra_camera_msgs
[3.580s] -- Up-to-date symlink: /home/robotec/ros2_ws/install/astra_camera_msgs/share/astra_camera_msgs/environment/ament_prefix_path.sh
[3.581s] -- Up-to-date symlink: /home/robotec/ros2_ws/install/astra_camera_msgs/share/astra_camera_msgs/environment/ament_prefix_path.dsv
[3.581s] -- Up-to-date symlink: /home/robotec/ros2_ws/install/astra_camera_msgs/share/astra_camera_msgs/environment/path.sh
[3.581s] -- Up-to-date symlink: /home/robotec/ros2_ws/install/astra_camera_msgs/share/astra_camera_msgs/environment/path.dsv
[3.581s] -- Up-to-date symlink: /home/robotec/ros2_ws/install/astra_camera_msgs/share/astra_camera_msgs/local_setup.bash
[3.581s] -- Up-to-date symlink: /home/robotec/ros2_ws/install/astra_camera_msgs/share/astra_camera_msgs/local_setup.sh
[3.582s] -- Up-to-date symlink: /home/robotec/ros2_ws/install/astra_camera_msgs/share/astra_camera_msgs/local_setup.zsh
[3.582s] -- Up-to-date symlink: /home/robotec/ros2_ws/install/astra_camera_msgs/share/astra_camera_msgs/local_setup.dsv
[3.582s] -- Symlinking: /home/robotec/ros2_ws/install/astra_camera_msgs/share/astra_camera_msgs/package.dsv
[3.595s] -- Up-to-date symlink: /home/robotec/ros2_ws/install/astra_camera_msgs/share/ament_index/resource_index/packages/astra_camera_msgs
[3.595s] -- Up-to-date symlink: /home/robotec/ros2_ws/install/astra_camera_msgs/share/astra_camera_msgs/cmake/rosidl_cmake-extras.cmake
[3.595s] -- Up-to-date symlink: /home/robotec/ros2_ws/install/astra_camera_msgs/share/astra_camera_msgs/cmake/ament_cmake_export_dependencies-extras.cmake
[3.596s] -- Up-to-date symlink: /home/robotec/ros2_ws/install/astra_camera_msgs/share/astra_camera_msgs/cmake/ament_cmake_export_include_directories-extras.cmake
[3.596s] -- Up-to-date symlink: /home/robotec/ros2_ws/install/astra_camera_msgs/share/astra_camera_msgs/cmake/ament_cmake_export_libraries-extras.cmake
[3.596s] -- Up-to-date symlink: /home/robotec/ros2_ws/install/astra_camera_msgs/share/astra_camera_msgs/cmake/ament_cmake_export_targets-extras.cmake
[3.596s] -- Up-to-date symlink: /home/robotec/ros2_ws/install/astra_camera_msgs/share/astra_camera_msgs/cmake/rosidl_cmake_export_typesupport_targets-extras.cmake
[3.597s] -- Up-to-date symlink: /home/robotec/ros2_ws/install/astra_camera_msgs/share/astra_camera_msgs/cmake/rosidl_cmake_export_typesupport_libraries-extras.cmake
[3.597s] -- Up-to-date symlink: /home/robotec/ros2_ws/install/astra_camera_msgs/share/astra_camera_msgs/cmake/astra_camera_msgsConfig.cmake
[3.597s] -- Up-to-date symlink: /home/robotec/ros2_ws/install/astra_camera_msgs/share/astra_camera_msgs/cmake/astra_camera_msgsConfig-version.cmake
[3.597s] -- Up-to-date symlink: /home/robotec/ros2_ws/install/astra_camera_msgs/share/astra_camera_msgs/package.xml
[3.598s] -- Up-to-date: /home/robotec/ros2_ws/install/astra_camera_msgs/lib/libastra_camera_msgs__rosidl_generator_c.so
[3.598s] -- Up-to-date: /home/robotec/ros2_ws/install/astra_camera_msgs/lib/libastra_camera_msgs__rosidl_typesupport_fastrtps_c.so
[3.599s] -- Up-to-date: /home/robotec/ros2_ws/install/astra_camera_msgs/lib/libastra_camera_msgs__rosidl_typesupport_introspection_c.so
[3.599s] -- Up-to-date: /home/robotec/ros2_ws/install/astra_camera_msgs/lib/libastra_camera_msgs__rosidl_typesupport_c.so
[3.599s] -- Up-to-date: /home/robotec/ros2_ws/install/astra_camera_msgs/lib/libastra_camera_msgs__rosidl_typesupport_fastrtps_cpp.so
[3.600s] -- Up-to-date: /home/robotec/ros2_ws/install/astra_camera_msgs/lib/libastra_camera_msgs__rosidl_typesupport_introspection_cpp.so
[3.600s] -- Up-to-date: /home/robotec/ros2_ws/install/astra_camera_msgs/lib/libastra_camera_msgs__rosidl_typesupport_cpp.so
[3.639s] Listing '/home/robotec/ros2_ws/install/astra_camera_msgs/local/lib/python3.10/dist-packages/astra_camera_msgs'...
[3.639s] Compiling '/home/robotec/ros2_ws/install/astra_camera_msgs/local/lib/python3.10/dist-packages/astra_camera_msgs/__init__.py'...
[3.639s] Listing '/home/robotec/ros2_ws/install/astra_camera_msgs/local/lib/python3.10/dist-packages/astra_camera_msgs/msg'...
[3.639s] Listing '/home/robotec/ros2_ws/install/astra_camera_msgs/local/lib/python3.10/dist-packages/astra_camera_msgs/srv'...
[3.646s] -- Up-to-date: /home/robotec/ros2_ws/install/astra_camera_msgs/lib/libastra_camera_msgs__rosidl_generator_py.so
[3.647s] -- Up-to-date: /home/robotec/ros2_ws/install/astra_camera_msgs/share/astra_camera_msgs/cmake/export_astra_camera_msgs__rosidl_generator_cExport.cmake
[3.647s] -- Up-to-date: /home/robotec/ros2_ws/install/astra_camera_msgs/share/astra_camera_msgs/cmake/export_astra_camera_msgs__rosidl_generator_cExport-noconfig.cmake
[3.647s] -- Up-to-date: /home/robotec/ros2_ws/install/astra_camera_msgs/share/astra_camera_msgs/cmake/export_astra_camera_msgs__rosidl_typesupport_fastrtps_cExport.cmake
[3.647s] -- Up-to-date: /home/robotec/ros2_ws/install/astra_camera_msgs/share/astra_camera_msgs/cmake/export_astra_camera_msgs__rosidl_typesupport_fastrtps_cExport-noconfig.cmake
[3.647s] -- Up-to-date: /home/robotec/ros2_ws/install/astra_camera_msgs/share/astra_camera_msgs/cmake/astra_camera_msgs__rosidl_typesupport_introspection_cExport.cmake
[3.647s] -- Up-to-date: /home/robotec/ros2_ws/install/astra_camera_msgs/share/astra_camera_msgs/cmake/astra_camera_msgs__rosidl_typesupport_introspection_cExport-noconfig.cmake
[3.647s] -- Up-to-date: /home/robotec/ros2_ws/install/astra_camera_msgs/share/astra_camera_msgs/cmake/astra_camera_msgs__rosidl_typesupport_cExport.cmake
[3.647s] -- Up-to-date: /home/robotec/ros2_ws/install/astra_camera_msgs/share/astra_camera_msgs/cmake/astra_camera_msgs__rosidl_typesupport_cExport-noconfig.cmake
[3.648s] -- Up-to-date: /home/robotec/ros2_ws/install/astra_camera_msgs/share/astra_camera_msgs/cmake/export_astra_camera_msgs__rosidl_generator_cppExport.cmake
[3.648s] -- Up-to-date: /home/robotec/ros2_ws/install/astra_camera_msgs/share/astra_camera_msgs/cmake/export_astra_camera_msgs__rosidl_typesupport_fastrtps_cppExport.cmake
[3.648s] -- Up-to-date: /home/robotec/ros2_ws/install/astra_camera_msgs/share/astra_camera_msgs/cmake/export_astra_camera_msgs__rosidl_typesupport_fastrtps_cppExport-noconfig.cmake
[3.648s] -- Up-to-date: /home/robotec/ros2_ws/install/astra_camera_msgs/share/astra_camera_msgs/cmake/astra_camera_msgs__rosidl_typesupport_introspection_cppExport.cmake
[3.648s] -- Up-to-date: /home/robotec/ros2_ws/install/astra_camera_msgs/share/astra_camera_msgs/cmake/astra_camera_msgs__rosidl_typesupport_introspection_cppExport-noconfig.cmake
[3.648s] -- Up-to-date: /home/robotec/ros2_ws/install/astra_camera_msgs/share/astra_camera_msgs/cmake/astra_camera_msgs__rosidl_typesupport_cppExport.cmake
[3.648s] -- Up-to-date: /home/robotec/ros2_ws/install/astra_camera_msgs/share/astra_camera_msgs/cmake/astra_camera_msgs__rosidl_typesupport_cppExport-noconfig.cmake
[3.648s] -- Up-to-date: /home/robotec/ros2_ws/install/astra_camera_msgs/share/astra_camera_msgs/cmake/export_astra_camera_msgs__rosidl_generator_pyExport.cmake
[3.649s] -- Up-to-date: /home/robotec/ros2_ws/install/astra_camera_msgs/share/astra_camera_msgs/cmake/export_astra_camera_msgs__rosidl_generator_pyExport-noconfig.cmake
[3.653s] Invoked command in '/home/robotec/ros2_ws/build/astra_camera_msgs' returned '0': CMAKE_PREFIX_PATH=/opt/ros/humble /usr/bin/cmake --install /home/robotec/ros2_ws/build/astra_camera_msgs
