[1.139s] Invoking command in '/home/robotec/ros2_ws/src/xbox_control_pkg': PYTHONPATH=/home/robotec/ros2_ws/build/xbox_control_pkg/prefix_override:/usr/lib/python3/dist-packages/colcon_core/task/python/colcon_distutils_commands:/home/robotec/ros2_ws/install/xbox_control_pkg/lib/python3.10/site-packages:${PYTHONPATH} /usr/bin/python3 -W ignore:setup.py install is deprecated -W ignore:easy_install command is deprecated setup.py egg_info --egg-base ../../build/xbox_control_pkg build --build-base /home/robotec/ros2_ws/build/xbox_control_pkg/build install --record /home/robotec/ros2_ws/build/xbox_control_pkg/install.log --single-version-externally-managed install_data
[1.482s] running egg_info
[1.483s] writing ../../build/xbox_control_pkg/xbox_control_pkg.egg-info/PKG-INFO
[1.484s] writing dependency_links to ../../build/xbox_control_pkg/xbox_control_pkg.egg-info/dependency_links.txt
[1.484s] writing entry points to ../../build/xbox_control_pkg/xbox_control_pkg.egg-info/entry_points.txt
[1.484s] writing requirements to ../../build/xbox_control_pkg/xbox_control_pkg.egg-info/requires.txt
[1.485s] writing top-level names to ../../build/xbox_control_pkg/xbox_control_pkg.egg-info/top_level.txt
[1.489s] reading manifest file '../../build/xbox_control_pkg/xbox_control_pkg.egg-info/SOURCES.txt'
[1.490s] writing manifest file '../../build/xbox_control_pkg/xbox_control_pkg.egg-info/SOURCES.txt'
[1.490s] running build
[1.490s] running build_py
[1.491s] running install
[1.491s] running install_lib
[1.493s] running install_data
[1.494s] running install_egg_info
[1.496s] removing '/home/robotec/ros2_ws/install/xbox_control_pkg/lib/python3.10/site-packages/xbox_control_pkg-0.0.0-py3.10.egg-info' (and everything under it)
[1.496s] Copying ../../build/xbox_control_pkg/xbox_control_pkg.egg-info to /home/robotec/ros2_ws/install/xbox_control_pkg/lib/python3.10/site-packages/xbox_control_pkg-0.0.0-py3.10.egg-info
[1.497s] running install_scripts
[1.523s] Installing double_ackermann_control_node script to /home/robotec/ros2_ws/install/xbox_control_pkg/lib/xbox_control_pkg
[1.523s] Installing xbox_control_node script to /home/robotec/ros2_ws/install/xbox_control_pkg/lib/xbox_control_pkg
[1.524s] writing list of installed files to '/home/robotec/ros2_ws/build/xbox_control_pkg/install.log'
[1.556s] Invoked command in '/home/robotec/ros2_ws/src/xbox_control_pkg' returned '0': PYTHONPATH=/home/robotec/ros2_ws/build/xbox_control_pkg/prefix_override:/usr/lib/python3/dist-packages/colcon_core/task/python/colcon_distutils_commands:/home/robotec/ros2_ws/install/xbox_control_pkg/lib/python3.10/site-packages:${PYTHONPATH} /usr/bin/python3 -W ignore:setup.py install is deprecated -W ignore:easy_install command is deprecated setup.py egg_info --egg-base ../../build/xbox_control_pkg build --build-base /home/robotec/ros2_ws/build/xbox_control_pkg/build install --record /home/robotec/ros2_ws/build/xbox_control_pkg/install.log --single-version-externally-managed install_data
