[7.331s] Invoking command in '/home/ras4/nuc_ws/src/camera_pkg': PYTHONPATH=/home/ras4/nuc_ws/build/camera_pkg/prefix_override:/usr/lib/python3/dist-packages/colcon_core/task/python/colcon_distutils_commands:/home/ras4/nuc_ws/install/camera_pkg/lib/python3.10/site-packages:${PYTHONPATH} /usr/bin/python3 -W ignore:setup.py install is deprecated -W ignore:easy_install command is deprecated setup.py egg_info --egg-base ../../build/camera_pkg build --build-base /home/ras4/nuc_ws/build/camera_pkg/build install --record /home/ras4/nuc_ws/build/camera_pkg/install.log --single-version-externally-managed install_data
[9.046s] /usr/lib/python3/dist-packages/setuptools/dist.py:723: UserWarning: Usage of dash-separated 'description-file' will not be supported in future versions. Please use the underscore name 'description_file' instead
[9.047s]   warnings.warn(
[9.143s] running egg_info
[9.151s] writing ../../build/camera_pkg/camera_pkg.egg-info/PKG-INFO
[9.153s] writing dependency_links to ../../build/camera_pkg/camera_pkg.egg-info/dependency_links.txt
[9.155s] writing entry points to ../../build/camera_pkg/camera_pkg.egg-info/entry_points.txt
[9.156s] writing requirements to ../../build/camera_pkg/camera_pkg.egg-info/requires.txt
[9.157s] writing top-level names to ../../build/camera_pkg/camera_pkg.egg-info/top_level.txt
[9.172s] reading manifest file '../../build/camera_pkg/camera_pkg.egg-info/SOURCES.txt'
[9.181s] writing manifest file '../../build/camera_pkg/camera_pkg.egg-info/SOURCES.txt'
[9.184s] running build
[9.187s] running build_py
[9.197s] running install
[9.205s] running install_lib
[9.224s] running install_data
[9.229s] running install_egg_info
[9.252s] removing '/home/ras4/nuc_ws/install/camera_pkg/lib/python3.10/site-packages/camera_pkg-0.1.0-py3.10.egg-info' (and everything under it)
[9.260s] Copying ../../build/camera_pkg/camera_pkg.egg-info to /home/ras4/nuc_ws/install/camera_pkg/lib/python3.10/site-packages/camera_pkg-0.1.0-py3.10.egg-info
[9.283s] running install_scripts
[9.455s] Installing framepublisher script to /home/ras4/nuc_ws/install/camera_pkg/lib/camera_pkg
[9.459s] Installing pixel_to_point3d script to /home/ras4/nuc_ws/install/camera_pkg/lib/camera_pkg
[9.465s] writing list of installed files to '/home/ras4/nuc_ws/build/camera_pkg/install.log'
[9.689s] Invoked command in '/home/ras4/nuc_ws/src/camera_pkg' returned '0': PYTHONPATH=/home/ras4/nuc_ws/build/camera_pkg/prefix_override:/usr/lib/python3/dist-packages/colcon_core/task/python/colcon_distutils_commands:/home/ras4/nuc_ws/install/camera_pkg/lib/python3.10/site-packages:${PYTHONPATH} /usr/bin/python3 -W ignore:setup.py install is deprecated -W ignore:easy_install command is deprecated setup.py egg_info --egg-base ../../build/camera_pkg build --build-base /home/ras4/nuc_ws/build/camera_pkg/build install --record /home/ras4/nuc_ws/build/camera_pkg/install.log --single-version-externally-managed install_data
