[0.465s] DEBUG:colcon:Command line arguments: ['/usr/bin/colcon', 'build']
[0.465s] DEBUG:colcon:Parsed command line arguments: Namespace(log_base=None, log_level=None, verb_name='build', build_base='build', install_base='install', merge_install=False, symlink_install=False, test_result_base=None, continue_on_error=False, executor='parallel', parallel_workers=4, event_handlers=None, ignore_user_meta=False, metas=['./colcon.meta'], base_paths=['.'], packages_ignore=None, packages_ignore_regex=None, paths=None, packages_up_to=None, packages_up_to_regex=None, packages_above=None, packages_above_and_dependencies=None, packages_above_depth=None, packages_select_by_dep=None, packages_skip_by_dep=None, packages_skip_up_to=None, packages_select_build_failed=False, packages_skip_build_finished=False, packages_select_test_failures=False, packages_skip_test_passed=False, packages_select=None, packages_skip=None, packages_select_regex=None, packages_skip_regex=None, packages_start=None, packages_end=None, allow_overriding=[], cmake_args=None, cmake_target=None, cmake_target_skip_unavailable=False, cmake_clean_cache=False, cmake_clean_first=False, cmake_force_configure=False, ament_cmake_args=None, catkin_cmake_args=None, catkin_skip_building_tests=False, verb_parser=<colcon_defaults.argument_parser.defaults.DefaultArgumentsDecorator object at 0xffffa1194b20>, verb_extension=<colcon_core.verb.build.BuildVerb object at 0xffffa13266b0>, main=<bound method BuildVerb.main of <colcon_core.verb.build.BuildVerb object at 0xffffa13266b0>>)
[1.236s] Level 1:colcon.colcon_core.package_discovery:discover_packages(colcon_meta) check parameters
[1.237s] Level 1:colcon.colcon_core.package_discovery:discover_packages(recursive) check parameters
[1.237s] Level 1:colcon.colcon_core.package_discovery:discover_packages(ignore) check parameters
[1.237s] Level 1:colcon.colcon_core.package_discovery:discover_packages(path) check parameters
[1.237s] Level 1:colcon.colcon_core.package_discovery:discover_packages(colcon_meta) discover
[1.237s] Level 1:colcon.colcon_core.package_discovery:discover_packages(recursive) discover
[1.237s] INFO:colcon.colcon_core.package_discovery:Crawling recursively for packages in '/home/ras4/nuc_ws'
[1.238s] Level 1:colcon.colcon_core.package_identification:_identify(.) by extensions ['ignore', 'ignore_ament_install']
[1.239s] Level 1:colcon.colcon_core.package_identification:_identify(.) by extension 'ignore'
[1.239s] Level 1:colcon.colcon_core.package_identification:_identify(.) by extension 'ignore_ament_install'
[1.239s] Level 1:colcon.colcon_core.package_identification:_identify(.) by extensions ['colcon_pkg']
[1.239s] Level 1:colcon.colcon_core.package_identification:_identify(.) by extension 'colcon_pkg'
[1.240s] Level 1:colcon.colcon_core.package_identification:_identify(.) by extensions ['colcon_meta']
[1.240s] Level 1:colcon.colcon_core.package_identification:_identify(.) by extension 'colcon_meta'
[1.240s] Level 1:colcon.colcon_core.package_identification:_identify(.) by extensions ['ros']
[1.240s] Level 1:colcon.colcon_core.package_identification:_identify(.) by extension 'ros'
[1.287s] Level 1:colcon.colcon_core.package_identification:_identify(.) by extensions ['cmake', 'python']
[1.287s] Level 1:colcon.colcon_core.package_identification:_identify(.) by extension 'cmake'
[1.288s] Level 1:colcon.colcon_core.package_identification:_identify(.) by extension 'python'
[1.288s] Level 1:colcon.colcon_core.package_identification:_identify(.) by extensions ['python_setup_py']
[1.288s] Level 1:colcon.colcon_core.package_identification:_identify(.) by extension 'python_setup_py'
[1.288s] Level 1:colcon.colcon_core.package_identification:_identify(build) by extensions ['ignore', 'ignore_ament_install']
[1.289s] Level 1:colcon.colcon_core.package_identification:_identify(build) by extension 'ignore'
[1.289s] Level 1:colcon.colcon_core.package_identification:_identify(build) ignored
[1.290s] Level 1:colcon.colcon_core.package_identification:_identify(install) by extensions ['ignore', 'ignore_ament_install']
[1.290s] Level 1:colcon.colcon_core.package_identification:_identify(install) by extension 'ignore'
[1.290s] Level 1:colcon.colcon_core.package_identification:_identify(install) ignored
[1.291s] Level 1:colcon.colcon_core.package_identification:_identify(log) by extensions ['ignore', 'ignore_ament_install']
[1.291s] Level 1:colcon.colcon_core.package_identification:_identify(log) by extension 'ignore'
[1.291s] Level 1:colcon.colcon_core.package_identification:_identify(log) ignored
[1.292s] Level 1:colcon.colcon_core.package_identification:_identify(src) by extensions ['ignore', 'ignore_ament_install']
[1.292s] Level 1:colcon.colcon_core.package_identification:_identify(src) by extension 'ignore'
[1.292s] Level 1:colcon.colcon_core.package_identification:_identify(src) by extension 'ignore_ament_install'
[1.293s] Level 1:colcon.colcon_core.package_identification:_identify(src) by extensions ['colcon_pkg']
[1.293s] Level 1:colcon.colcon_core.package_identification:_identify(src) by extension 'colcon_pkg'
[1.293s] Level 1:colcon.colcon_core.package_identification:_identify(src) by extensions ['colcon_meta']
[1.293s] Level 1:colcon.colcon_core.package_identification:_identify(src) by extension 'colcon_meta'
[1.293s] Level 1:colcon.colcon_core.package_identification:_identify(src) by extensions ['ros']
[1.293s] Level 1:colcon.colcon_core.package_identification:_identify(src) by extension 'ros'
[1.294s] Level 1:colcon.colcon_core.package_identification:_identify(src) by extensions ['cmake', 'python']
[1.294s] Level 1:colcon.colcon_core.package_identification:_identify(src) by extension 'cmake'
[1.294s] Level 1:colcon.colcon_core.package_identification:_identify(src) by extension 'python'
[1.294s] Level 1:colcon.colcon_core.package_identification:_identify(src) by extensions ['python_setup_py']
[1.294s] Level 1:colcon.colcon_core.package_identification:_identify(src) by extension 'python_setup_py'
[1.295s] Level 1:colcon.colcon_core.package_identification:_identify(src/arm_pkg) by extensions ['ignore', 'ignore_ament_install']
[1.295s] Level 1:colcon.colcon_core.package_identification:_identify(src/arm_pkg) by extension 'ignore'
[1.295s] Level 1:colcon.colcon_core.package_identification:_identify(src/arm_pkg) by extension 'ignore_ament_install'
[1.295s] Level 1:colcon.colcon_core.package_identification:_identify(src/arm_pkg) by extensions ['colcon_pkg']
[1.296s] Level 1:colcon.colcon_core.package_identification:_identify(src/arm_pkg) by extension 'colcon_pkg'
[1.296s] Level 1:colcon.colcon_core.package_identification:_identify(src/arm_pkg) by extensions ['colcon_meta']
[1.296s] Level 1:colcon.colcon_core.package_identification:_identify(src/arm_pkg) by extension 'colcon_meta'
[1.296s] Level 1:colcon.colcon_core.package_identification:_identify(src/arm_pkg) by extensions ['ros']
[1.296s] Level 1:colcon.colcon_core.package_identification:_identify(src/arm_pkg) by extension 'ros'
[1.305s] DEBUG:colcon.colcon_core.package_identification:Package 'src/arm_pkg' with type 'ros.ament_python' and name 'arm_pkg'
[1.306s] Level 1:colcon.colcon_core.package_identification:_identify(src/build) by extensions ['ignore', 'ignore_ament_install']
[1.306s] Level 1:colcon.colcon_core.package_identification:_identify(src/build) by extension 'ignore'
[1.307s] Level 1:colcon.colcon_core.package_identification:_identify(src/build) ignored
[1.307s] Level 1:colcon.colcon_core.package_identification:_identify(src/camera_pkg) by extensions ['ignore', 'ignore_ament_install']
[1.307s] Level 1:colcon.colcon_core.package_identification:_identify(src/camera_pkg) by extension 'ignore'
[1.308s] Level 1:colcon.colcon_core.package_identification:_identify(src/camera_pkg) by extension 'ignore_ament_install'
[1.308s] Level 1:colcon.colcon_core.package_identification:_identify(src/camera_pkg) by extensions ['colcon_pkg']
[1.308s] Level 1:colcon.colcon_core.package_identification:_identify(src/camera_pkg) by extension 'colcon_pkg'
[1.308s] Level 1:colcon.colcon_core.package_identification:_identify(src/camera_pkg) by extensions ['colcon_meta']
[1.308s] Level 1:colcon.colcon_core.package_identification:_identify(src/camera_pkg) by extension 'colcon_meta'
[1.308s] Level 1:colcon.colcon_core.package_identification:_identify(src/camera_pkg) by extensions ['ros']
[1.309s] Level 1:colcon.colcon_core.package_identification:_identify(src/camera_pkg) by extension 'ros'
[1.314s] DEBUG:colcon.colcon_core.package_identification:Package 'src/camera_pkg' with type 'ros.ament_python' and name 'camera_pkg'
[1.315s] Level 1:colcon.colcon_core.package_identification:_identify(src/install) by extensions ['ignore', 'ignore_ament_install']
[1.316s] Level 1:colcon.colcon_core.package_identification:_identify(src/install) by extension 'ignore'
[1.316s] Level 1:colcon.colcon_core.package_identification:_identify(src/install) ignored
[1.316s] Level 1:colcon.colcon_core.package_identification:_identify(src/libuvc) by extensions ['ignore', 'ignore_ament_install']
[1.316s] Level 1:colcon.colcon_core.package_identification:_identify(src/libuvc) by extension 'ignore'
[1.317s] Level 1:colcon.colcon_core.package_identification:_identify(src/libuvc) by extension 'ignore_ament_install'
[1.317s] Level 1:colcon.colcon_core.package_identification:_identify(src/libuvc) by extensions ['colcon_pkg']
[1.317s] Level 1:colcon.colcon_core.package_identification:_identify(src/libuvc) by extension 'colcon_pkg'
[1.317s] Level 1:colcon.colcon_core.package_identification:_identify(src/libuvc) by extensions ['colcon_meta']
[1.317s] Level 1:colcon.colcon_core.package_identification:_identify(src/libuvc) by extension 'colcon_meta'
[1.317s] Level 1:colcon.colcon_core.package_identification:_identify(src/libuvc) by extensions ['ros']
[1.318s] Level 1:colcon.colcon_core.package_identification:_identify(src/libuvc) by extension 'ros'
[1.318s] Level 1:colcon.colcon_core.package_identification:_identify(src/libuvc) by extensions ['cmake', 'python']
[1.318s] Level 1:colcon.colcon_core.package_identification:_identify(src/libuvc) by extension 'cmake'
[1.318s] Level 1:colcon.colcon_core.package_identification:_identify(src/libuvc) by extension 'python'
[1.318s] Level 1:colcon.colcon_core.package_identification:_identify(src/libuvc) by extensions ['python_setup_py']
[1.319s] Level 1:colcon.colcon_core.package_identification:_identify(src/libuvc) by extension 'python_setup_py'
[1.319s] Level 1:colcon.colcon_core.package_identification:_identify(src/log) by extensions ['ignore', 'ignore_ament_install']
[1.319s] Level 1:colcon.colcon_core.package_identification:_identify(src/log) by extension 'ignore'
[1.320s] Level 1:colcon.colcon_core.package_identification:_identify(src/log) ignored
[1.320s] Level 1:colcon.colcon_core.package_identification:_identify(src/odometry_pkg) by extensions ['ignore', 'ignore_ament_install']
[1.320s] Level 1:colcon.colcon_core.package_identification:_identify(src/odometry_pkg) by extension 'ignore'
[1.321s] Level 1:colcon.colcon_core.package_identification:_identify(src/odometry_pkg) by extension 'ignore_ament_install'
[1.321s] Level 1:colcon.colcon_core.package_identification:_identify(src/odometry_pkg) by extensions ['colcon_pkg']
[1.321s] Level 1:colcon.colcon_core.package_identification:_identify(src/odometry_pkg) by extension 'colcon_pkg'
[1.321s] Level 1:colcon.colcon_core.package_identification:_identify(src/odometry_pkg) by extensions ['colcon_meta']
[1.321s] Level 1:colcon.colcon_core.package_identification:_identify(src/odometry_pkg) by extension 'colcon_meta'
[1.321s] Level 1:colcon.colcon_core.package_identification:_identify(src/odometry_pkg) by extensions ['ros']
[1.321s] Level 1:colcon.colcon_core.package_identification:_identify(src/odometry_pkg) by extension 'ros'
[1.325s] DEBUG:colcon.colcon_core.package_identification:Package 'src/odometry_pkg' with type 'ros.ament_python' and name 'odometry_pkg'
[1.326s] Level 1:colcon.colcon_core.package_identification:_identify(src/sllidar_ros2) by extensions ['ignore', 'ignore_ament_install']
[1.326s] Level 1:colcon.colcon_core.package_identification:_identify(src/sllidar_ros2) by extension 'ignore'
[1.326s] Level 1:colcon.colcon_core.package_identification:_identify(src/sllidar_ros2) by extension 'ignore_ament_install'
[1.327s] Level 1:colcon.colcon_core.package_identification:_identify(src/sllidar_ros2) by extensions ['colcon_pkg']
[1.327s] Level 1:colcon.colcon_core.package_identification:_identify(src/sllidar_ros2) by extension 'colcon_pkg'
[1.327s] Level 1:colcon.colcon_core.package_identification:_identify(src/sllidar_ros2) by extensions ['colcon_meta']
[1.327s] Level 1:colcon.colcon_core.package_identification:_identify(src/sllidar_ros2) by extension 'colcon_meta'
[1.327s] Level 1:colcon.colcon_core.package_identification:_identify(src/sllidar_ros2) by extensions ['ros']
[1.327s] Level 1:colcon.colcon_core.package_identification:_identify(src/sllidar_ros2) by extension 'ros'
[1.330s] DEBUG:colcon.colcon_core.package_identification:Package 'src/sllidar_ros2' with type 'ros.ament_cmake' and name 'sllidar_ros2'
[1.331s] Level 1:colcon.colcon_core.package_identification:_identify(src/xbox_control_pkg) by extensions ['ignore', 'ignore_ament_install']
[1.331s] Level 1:colcon.colcon_core.package_identification:_identify(src/xbox_control_pkg) by extension 'ignore'
[1.331s] Level 1:colcon.colcon_core.package_identification:_identify(src/xbox_control_pkg) by extension 'ignore_ament_install'
[1.331s] Level 1:colcon.colcon_core.package_identification:_identify(src/xbox_control_pkg) by extensions ['colcon_pkg']
[1.332s] Level 1:colcon.colcon_core.package_identification:_identify(src/xbox_control_pkg) by extension 'colcon_pkg'
[1.332s] Level 1:colcon.colcon_core.package_identification:_identify(src/xbox_control_pkg) by extensions ['colcon_meta']
[1.332s] Level 1:colcon.colcon_core.package_identification:_identify(src/xbox_control_pkg) by extension 'colcon_meta'
[1.332s] Level 1:colcon.colcon_core.package_identification:_identify(src/xbox_control_pkg) by extensions ['ros']
[1.332s] Level 1:colcon.colcon_core.package_identification:_identify(src/xbox_control_pkg) by extension 'ros'
[1.335s] DEBUG:colcon.colcon_core.package_identification:Package 'src/xbox_control_pkg' with type 'ros.ament_python' and name 'xbox_control_pkg'
[1.335s] Level 1:colcon.colcon_core.package_discovery:discover_packages(recursive) using defaults
[1.336s] Level 1:colcon.colcon_core.package_discovery:discover_packages(ignore) discover
[1.336s] Level 1:colcon.colcon_core.package_discovery:discover_packages(ignore) using defaults
[1.336s] Level 1:colcon.colcon_core.package_discovery:discover_packages(path) discover
[1.336s] Level 1:colcon.colcon_core.package_discovery:discover_packages(path) using defaults
[1.417s] Level 1:colcon.colcon_core.package_discovery:discover_packages(prefix_path) check parameters
[1.418s] Level 1:colcon.colcon_core.package_discovery:discover_packages(prefix_path) discover
[1.427s] DEBUG:colcon.colcon_installed_package_information.package_discovery:Found 5 installed packages in /home/ras4/nuc_ws/install
[1.435s] DEBUG:colcon.colcon_installed_package_information.package_discovery:Found 276 installed packages in /opt/ros/humble
[1.482s] Level 1:colcon.colcon_core.package_discovery:discover_packages(prefix_path) using defaults
[1.647s] Level 5:colcon.colcon_core.verb:set package 'arm_pkg' build argument 'cmake_args' from command line to 'None'
[1.648s] Level 5:colcon.colcon_core.verb:set package 'arm_pkg' build argument 'cmake_target' from command line to 'None'
[1.648s] Level 5:colcon.colcon_core.verb:set package 'arm_pkg' build argument 'cmake_target_skip_unavailable' from command line to 'False'
[1.648s] Level 5:colcon.colcon_core.verb:set package 'arm_pkg' build argument 'cmake_clean_cache' from command line to 'False'
[1.648s] Level 5:colcon.colcon_core.verb:set package 'arm_pkg' build argument 'cmake_clean_first' from command line to 'False'
[1.648s] Level 5:colcon.colcon_core.verb:set package 'arm_pkg' build argument 'cmake_force_configure' from command line to 'False'
[1.648s] Level 5:colcon.colcon_core.verb:set package 'arm_pkg' build argument 'ament_cmake_args' from command line to 'None'
[1.648s] Level 5:colcon.colcon_core.verb:set package 'arm_pkg' build argument 'catkin_cmake_args' from command line to 'None'
[1.648s] Level 5:colcon.colcon_core.verb:set package 'arm_pkg' build argument 'catkin_skip_building_tests' from command line to 'False'
[1.649s] DEBUG:colcon.colcon_core.verb:Building package 'arm_pkg' with the following arguments: {'ament_cmake_args': None, 'build_base': '/home/ras4/nuc_ws/build/arm_pkg', 'catkin_cmake_args': None, 'catkin_skip_building_tests': False, 'cmake_args': None, 'cmake_clean_cache': False, 'cmake_clean_first': False, 'cmake_force_configure': False, 'cmake_target': None, 'cmake_target_skip_unavailable': False, 'install_base': '/home/ras4/nuc_ws/install/arm_pkg', 'merge_install': False, 'path': '/home/ras4/nuc_ws/src/arm_pkg', 'symlink_install': False, 'test_result_base': None}
[1.650s] Level 5:colcon.colcon_core.verb:set package 'camera_pkg' build argument 'cmake_args' from command line to 'None'
[1.650s] Level 5:colcon.colcon_core.verb:set package 'camera_pkg' build argument 'cmake_target' from command line to 'None'
[1.650s] Level 5:colcon.colcon_core.verb:set package 'camera_pkg' build argument 'cmake_target_skip_unavailable' from command line to 'False'
[1.650s] Level 5:colcon.colcon_core.verb:set package 'camera_pkg' build argument 'cmake_clean_cache' from command line to 'False'
[1.650s] Level 5:colcon.colcon_core.verb:set package 'camera_pkg' build argument 'cmake_clean_first' from command line to 'False'
[1.651s] Level 5:colcon.colcon_core.verb:set package 'camera_pkg' build argument 'cmake_force_configure' from command line to 'False'
[1.651s] Level 5:colcon.colcon_core.verb:set package 'camera_pkg' build argument 'ament_cmake_args' from command line to 'None'
[1.651s] Level 5:colcon.colcon_core.verb:set package 'camera_pkg' build argument 'catkin_cmake_args' from command line to 'None'
[1.651s] Level 5:colcon.colcon_core.verb:set package 'camera_pkg' build argument 'catkin_skip_building_tests' from command line to 'False'
[1.651s] DEBUG:colcon.colcon_core.verb:Building package 'camera_pkg' with the following arguments: {'ament_cmake_args': None, 'build_base': '/home/ras4/nuc_ws/build/camera_pkg', 'catkin_cmake_args': None, 'catkin_skip_building_tests': False, 'cmake_args': None, 'cmake_clean_cache': False, 'cmake_clean_first': False, 'cmake_force_configure': False, 'cmake_target': None, 'cmake_target_skip_unavailable': False, 'install_base': '/home/ras4/nuc_ws/install/camera_pkg', 'merge_install': False, 'path': '/home/ras4/nuc_ws/src/camera_pkg', 'symlink_install': False, 'test_result_base': None}
[1.652s] Level 5:colcon.colcon_core.verb:set package 'odometry_pkg' build argument 'cmake_args' from command line to 'None'
[1.652s] Level 5:colcon.colcon_core.verb:set package 'odometry_pkg' build argument 'cmake_target' from command line to 'None'
[1.653s] Level 5:colcon.colcon_core.verb:set package 'odometry_pkg' build argument 'cmake_target_skip_unavailable' from command line to 'False'
[1.653s] Level 5:colcon.colcon_core.verb:set package 'odometry_pkg' build argument 'cmake_clean_cache' from command line to 'False'
[1.653s] Level 5:colcon.colcon_core.verb:set package 'odometry_pkg' build argument 'cmake_clean_first' from command line to 'False'
[1.653s] Level 5:colcon.colcon_core.verb:set package 'odometry_pkg' build argument 'cmake_force_configure' from command line to 'False'
[1.653s] Level 5:colcon.colcon_core.verb:set package 'odometry_pkg' build argument 'ament_cmake_args' from command line to 'None'
[1.653s] Level 5:colcon.colcon_core.verb:set package 'odometry_pkg' build argument 'catkin_cmake_args' from command line to 'None'
[1.653s] Level 5:colcon.colcon_core.verb:set package 'odometry_pkg' build argument 'catkin_skip_building_tests' from command line to 'False'
[1.653s] DEBUG:colcon.colcon_core.verb:Building package 'odometry_pkg' with the following arguments: {'ament_cmake_args': None, 'build_base': '/home/ras4/nuc_ws/build/odometry_pkg', 'catkin_cmake_args': None, 'catkin_skip_building_tests': False, 'cmake_args': None, 'cmake_clean_cache': False, 'cmake_clean_first': False, 'cmake_force_configure': False, 'cmake_target': None, 'cmake_target_skip_unavailable': False, 'install_base': '/home/ras4/nuc_ws/install/odometry_pkg', 'merge_install': False, 'path': '/home/ras4/nuc_ws/src/odometry_pkg', 'symlink_install': False, 'test_result_base': None}
[1.655s] Level 5:colcon.colcon_core.verb:set package 'sllidar_ros2' build argument 'cmake_args' from command line to 'None'
[1.655s] Level 5:colcon.colcon_core.verb:set package 'sllidar_ros2' build argument 'cmake_target' from command line to 'None'
[1.655s] Level 5:colcon.colcon_core.verb:set package 'sllidar_ros2' build argument 'cmake_target_skip_unavailable' from command line to 'False'
[1.655s] Level 5:colcon.colcon_core.verb:set package 'sllidar_ros2' build argument 'cmake_clean_cache' from command line to 'False'
[1.655s] Level 5:colcon.colcon_core.verb:set package 'sllidar_ros2' build argument 'cmake_clean_first' from command line to 'False'
[1.655s] Level 5:colcon.colcon_core.verb:set package 'sllidar_ros2' build argument 'cmake_force_configure' from command line to 'False'
[1.655s] Level 5:colcon.colcon_core.verb:set package 'sllidar_ros2' build argument 'ament_cmake_args' from command line to 'None'
[1.656s] Level 5:colcon.colcon_core.verb:set package 'sllidar_ros2' build argument 'catkin_cmake_args' from command line to 'None'
[1.656s] Level 5:colcon.colcon_core.verb:set package 'sllidar_ros2' build argument 'catkin_skip_building_tests' from command line to 'False'
[1.656s] DEBUG:colcon.colcon_core.verb:Building package 'sllidar_ros2' with the following arguments: {'ament_cmake_args': None, 'build_base': '/home/ras4/nuc_ws/build/sllidar_ros2', 'catkin_cmake_args': None, 'catkin_skip_building_tests': False, 'cmake_args': None, 'cmake_clean_cache': False, 'cmake_clean_first': False, 'cmake_force_configure': False, 'cmake_target': None, 'cmake_target_skip_unavailable': False, 'install_base': '/home/ras4/nuc_ws/install/sllidar_ros2', 'merge_install': False, 'path': '/home/ras4/nuc_ws/src/sllidar_ros2', 'symlink_install': False, 'test_result_base': None}
[1.657s] Level 5:colcon.colcon_core.verb:set package 'xbox_control_pkg' build argument 'cmake_args' from command line to 'None'
[1.657s] Level 5:colcon.colcon_core.verb:set package 'xbox_control_pkg' build argument 'cmake_target' from command line to 'None'
[1.657s] Level 5:colcon.colcon_core.verb:set package 'xbox_control_pkg' build argument 'cmake_target_skip_unavailable' from command line to 'False'
[1.658s] Level 5:colcon.colcon_core.verb:set package 'xbox_control_pkg' build argument 'cmake_clean_cache' from command line to 'False'
[1.658s] Level 5:colcon.colcon_core.verb:set package 'xbox_control_pkg' build argument 'cmake_clean_first' from command line to 'False'
[1.658s] Level 5:colcon.colcon_core.verb:set package 'xbox_control_pkg' build argument 'cmake_force_configure' from command line to 'False'
[1.658s] Level 5:colcon.colcon_core.verb:set package 'xbox_control_pkg' build argument 'ament_cmake_args' from command line to 'None'
[1.658s] Level 5:colcon.colcon_core.verb:set package 'xbox_control_pkg' build argument 'catkin_cmake_args' from command line to 'None'
[1.658s] Level 5:colcon.colcon_core.verb:set package 'xbox_control_pkg' build argument 'catkin_skip_building_tests' from command line to 'False'
[1.658s] DEBUG:colcon.colcon_core.verb:Building package 'xbox_control_pkg' with the following arguments: {'ament_cmake_args': None, 'build_base': '/home/ras4/nuc_ws/build/xbox_control_pkg', 'catkin_cmake_args': None, 'catkin_skip_building_tests': False, 'cmake_args': None, 'cmake_clean_cache': False, 'cmake_clean_first': False, 'cmake_force_configure': False, 'cmake_target': None, 'cmake_target_skip_unavailable': False, 'install_base': '/home/ras4/nuc_ws/install/xbox_control_pkg', 'merge_install': False, 'path': '/home/ras4/nuc_ws/src/xbox_control_pkg', 'symlink_install': False, 'test_result_base': None}
[1.659s] INFO:colcon.colcon_core.executor:Executing jobs using 'parallel' executor
[1.662s] DEBUG:colcon.colcon_parallel_executor.executor.parallel:run_until_complete
[1.663s] INFO:colcon.colcon_ros.task.ament_python.build:Building ROS package in '/home/ras4/nuc_ws/src/arm_pkg' with build type 'ament_python'
[1.664s] Level 1:colcon.colcon_core.shell:create_environment_hook('arm_pkg', 'ament_prefix_path')
[1.673s] INFO:colcon.colcon_core.plugin_system:Skipping extension 'colcon_core.shell.bat': Not used on non-Windows systems
[1.675s] INFO:colcon.colcon_core.shell:Creating environment hook '/home/ras4/nuc_ws/install/arm_pkg/share/arm_pkg/hook/ament_prefix_path.ps1'
[1.678s] INFO:colcon.colcon_core.shell:Creating environment descriptor '/home/ras4/nuc_ws/install/arm_pkg/share/arm_pkg/hook/ament_prefix_path.dsv'
[1.680s] INFO:colcon.colcon_core.shell:Creating environment hook '/home/ras4/nuc_ws/install/arm_pkg/share/arm_pkg/hook/ament_prefix_path.sh'
[1.684s] INFO:colcon.colcon_core.shell:Skip shell extension 'powershell' for command environment: Not usable outside of PowerShell
[1.684s] DEBUG:colcon.colcon_core.shell:Skip shell extension 'dsv' for command environment
[1.705s] INFO:colcon.colcon_ros.task.ament_python.build:Building ROS package in '/home/ras4/nuc_ws/src/camera_pkg' with build type 'ament_python'
[1.705s] Level 1:colcon.colcon_core.shell:create_environment_hook('camera_pkg', 'ament_prefix_path')
[1.708s] INFO:colcon.colcon_core.shell:Creating environment hook '/home/ras4/nuc_ws/install/camera_pkg/share/camera_pkg/hook/ament_prefix_path.ps1'
[1.712s] INFO:colcon.colcon_core.shell:Creating environment descriptor '/home/ras4/nuc_ws/install/camera_pkg/share/camera_pkg/hook/ament_prefix_path.dsv'
[1.714s] INFO:colcon.colcon_core.shell:Creating environment hook '/home/ras4/nuc_ws/install/camera_pkg/share/camera_pkg/hook/ament_prefix_path.sh'
[1.717s] INFO:colcon.colcon_core.shell:Skip shell extension 'powershell' for command environment: Not usable outside of PowerShell
[1.717s] DEBUG:colcon.colcon_core.shell:Skip shell extension 'dsv' for command environment
[1.738s] INFO:colcon.colcon_ros.task.ament_python.build:Building ROS package in '/home/ras4/nuc_ws/src/odometry_pkg' with build type 'ament_python'
[1.739s] Level 1:colcon.colcon_core.shell:create_environment_hook('odometry_pkg', 'ament_prefix_path')
[1.741s] INFO:colcon.colcon_core.shell:Creating environment hook '/home/ras4/nuc_ws/install/odometry_pkg/share/odometry_pkg/hook/ament_prefix_path.ps1'
[1.746s] INFO:colcon.colcon_core.shell:Creating environment descriptor '/home/ras4/nuc_ws/install/odometry_pkg/share/odometry_pkg/hook/ament_prefix_path.dsv'
[1.748s] INFO:colcon.colcon_core.shell:Creating environment hook '/home/ras4/nuc_ws/install/odometry_pkg/share/odometry_pkg/hook/ament_prefix_path.sh'
[1.751s] INFO:colcon.colcon_core.shell:Skip shell extension 'powershell' for command environment: Not usable outside of PowerShell
[1.751s] DEBUG:colcon.colcon_core.shell:Skip shell extension 'dsv' for command environment
[1.772s] INFO:colcon.colcon_ros.task.ament_cmake.build:Building ROS package in '/home/ras4/nuc_ws/src/sllidar_ros2' with build type 'ament_cmake'
[1.773s] INFO:colcon.colcon_cmake.task.cmake.build:Building CMake package in '/home/ras4/nuc_ws/src/sllidar_ros2'
[1.774s] INFO:colcon.colcon_core.shell:Skip shell extension 'powershell' for command environment: Not usable outside of PowerShell
[1.775s] DEBUG:colcon.colcon_core.shell:Skip shell extension 'dsv' for command environment
[3.042s] INFO:colcon.colcon_core.task.python.build:Building Python package in '/home/ras4/nuc_ws/src/arm_pkg'
[3.044s] INFO:colcon.colcon_core.shell:Skip shell extension 'powershell' for command environment: Not usable outside of PowerShell
[3.044s] DEBUG:colcon.colcon_core.shell:Skip shell extension 'dsv' for command environment
[4.320s] INFO:colcon.colcon_core.task.python.build:Building Python package in '/home/ras4/nuc_ws/src/camera_pkg'
[4.321s] INFO:colcon.colcon_core.shell:Skip shell extension 'powershell' for command environment: Not usable outside of PowerShell
[4.321s] DEBUG:colcon.colcon_core.shell:Skip shell extension 'dsv' for command environment
[5.588s] INFO:colcon.colcon_core.task.python.build:Building Python package in '/home/ras4/nuc_ws/src/odometry_pkg'
[5.589s] INFO:colcon.colcon_core.shell:Skip shell extension 'powershell' for command environment: Not usable outside of PowerShell
[5.589s] DEBUG:colcon.colcon_core.shell:Skip shell extension 'dsv' for command environment
[5.627s] DEBUG:colcon.colcon_core.event_handler.log_command:Invoking command in '/home/ras4/nuc_ws/build/sllidar_ros2': CMAKE_PREFIX_PATH=${CMAKE_PREFIX_PATH}:/home/ras4/nuc_ws/install/xbox_control_pkg:/home/ras4/nuc_ws/install/odometry_pkg:/home/ras4/nuc_ws/install/camera_pkg:/home/ras4/nuc_ws/install/arm_pkg:/opt/ros/humble /usr/bin/cmake --build /home/ras4/nuc_ws/build/sllidar_ros2 -- -j4 -l4
[6.209s] DEBUG:colcon.colcon_core.event_handler.log_command:Invoked command in '/home/ras4/nuc_ws/build/sllidar_ros2' returned '0': CMAKE_PREFIX_PATH=${CMAKE_PREFIX_PATH}:/home/ras4/nuc_ws/install/xbox_control_pkg:/home/ras4/nuc_ws/install/odometry_pkg:/home/ras4/nuc_ws/install/camera_pkg:/home/ras4/nuc_ws/install/arm_pkg:/opt/ros/humble /usr/bin/cmake --build /home/ras4/nuc_ws/build/sllidar_ros2 -- -j4 -l4
[6.263s] DEBUG:colcon.colcon_core.event_handler.log_command:Invoking command in '/home/ras4/nuc_ws/build/sllidar_ros2': CMAKE_PREFIX_PATH=${CMAKE_PREFIX_PATH}:/home/ras4/nuc_ws/install/xbox_control_pkg:/home/ras4/nuc_ws/install/odometry_pkg:/home/ras4/nuc_ws/install/camera_pkg:/home/ras4/nuc_ws/install/arm_pkg:/opt/ros/humble /usr/bin/cmake --install /home/ras4/nuc_ws/build/sllidar_ros2
[6.346s] Level 1:colcon.colcon_core.environment:create_environment_scripts_only(sllidar_ros2)
[6.368s] DEBUG:colcon.colcon_core.event_handler.log_command:Invoked command in '/home/ras4/nuc_ws/build/sllidar_ros2' returned '0': CMAKE_PREFIX_PATH=${CMAKE_PREFIX_PATH}:/home/ras4/nuc_ws/install/xbox_control_pkg:/home/ras4/nuc_ws/install/odometry_pkg:/home/ras4/nuc_ws/install/camera_pkg:/home/ras4/nuc_ws/install/arm_pkg:/opt/ros/humble /usr/bin/cmake --install /home/ras4/nuc_ws/build/sllidar_ros2
[6.372s] Level 1:colcon.colcon_core.environment:checking '/home/ras4/nuc_ws/install/sllidar_ros2' for CMake module files
[6.376s] Level 1:colcon.colcon_core.environment:checking '/home/ras4/nuc_ws/install/sllidar_ros2' for CMake config files
[6.379s] Level 1:colcon.colcon_core.shell:create_environment_hook('sllidar_ros2', 'cmake_prefix_path')
[6.380s] INFO:colcon.colcon_core.shell:Creating environment hook '/home/ras4/nuc_ws/install/sllidar_ros2/share/sllidar_ros2/hook/cmake_prefix_path.ps1'
[6.383s] INFO:colcon.colcon_core.shell:Creating environment descriptor '/home/ras4/nuc_ws/install/sllidar_ros2/share/sllidar_ros2/hook/cmake_prefix_path.dsv'
[6.385s] INFO:colcon.colcon_core.shell:Creating environment hook '/home/ras4/nuc_ws/install/sllidar_ros2/share/sllidar_ros2/hook/cmake_prefix_path.sh'
[6.389s] Level 1:colcon.colcon_core.environment:checking '/home/ras4/nuc_ws/install/sllidar_ros2/lib'
[6.391s] Level 1:colcon.colcon_core.environment:checking '/home/ras4/nuc_ws/install/sllidar_ros2/bin'
[6.391s] Level 1:colcon.colcon_core.environment:checking '/home/ras4/nuc_ws/install/sllidar_ros2/lib/pkgconfig/sllidar_ros2.pc'
[6.392s] Level 1:colcon.colcon_core.environment:checking '/home/ras4/nuc_ws/install/sllidar_ros2/lib/python3.10/site-packages'
[6.394s] Level 1:colcon.colcon_core.environment:checking '/home/ras4/nuc_ws/install/sllidar_ros2/bin'
[6.396s] INFO:colcon.colcon_core.shell:Creating package script '/home/ras4/nuc_ws/install/sllidar_ros2/share/sllidar_ros2/package.ps1'
[6.403s] INFO:colcon.colcon_core.shell:Creating package descriptor '/home/ras4/nuc_ws/install/sllidar_ros2/share/sllidar_ros2/package.dsv'
[6.406s] INFO:colcon.colcon_core.shell:Creating package script '/home/ras4/nuc_ws/install/sllidar_ros2/share/sllidar_ros2/package.sh'
[6.410s] INFO:colcon.colcon_core.shell:Creating package script '/home/ras4/nuc_ws/install/sllidar_ros2/share/sllidar_ros2/package.bash'
[6.414s] INFO:colcon.colcon_core.shell:Creating package script '/home/ras4/nuc_ws/install/sllidar_ros2/share/sllidar_ros2/package.zsh'
[6.418s] Level 1:colcon.colcon_core.environment:create_file_with_runtime_dependencies(/home/ras4/nuc_ws/install/sllidar_ros2/share/colcon-core/packages/sllidar_ros2)
[6.422s] Level 1:colcon.colcon_core.environment:create_environment_scripts_only(sllidar_ros2)
[6.424s] Level 1:colcon.colcon_core.environment:checking '/home/ras4/nuc_ws/install/sllidar_ros2' for CMake module files
[6.428s] Level 1:colcon.colcon_core.environment:checking '/home/ras4/nuc_ws/install/sllidar_ros2' for CMake config files
[6.431s] Level 1:colcon.colcon_core.shell:create_environment_hook('sllidar_ros2', 'cmake_prefix_path')
[6.432s] INFO:colcon.colcon_core.shell:Creating environment hook '/home/ras4/nuc_ws/install/sllidar_ros2/share/sllidar_ros2/hook/cmake_prefix_path.ps1'
[6.435s] INFO:colcon.colcon_core.shell:Creating environment descriptor '/home/ras4/nuc_ws/install/sllidar_ros2/share/sllidar_ros2/hook/cmake_prefix_path.dsv'
[6.437s] INFO:colcon.colcon_core.shell:Creating environment hook '/home/ras4/nuc_ws/install/sllidar_ros2/share/sllidar_ros2/hook/cmake_prefix_path.sh'
[6.441s] Level 1:colcon.colcon_core.environment:checking '/home/ras4/nuc_ws/install/sllidar_ros2/lib'
[6.441s] Level 1:colcon.colcon_core.environment:checking '/home/ras4/nuc_ws/install/sllidar_ros2/bin'
[6.442s] Level 1:colcon.colcon_core.environment:checking '/home/ras4/nuc_ws/install/sllidar_ros2/lib/pkgconfig/sllidar_ros2.pc'
[6.444s] Level 1:colcon.colcon_core.environment:checking '/home/ras4/nuc_ws/install/sllidar_ros2/lib/python3.10/site-packages'
[6.447s] Level 1:colcon.colcon_core.environment:checking '/home/ras4/nuc_ws/install/sllidar_ros2/bin'
[6.449s] INFO:colcon.colcon_core.shell:Creating package script '/home/ras4/nuc_ws/install/sllidar_ros2/share/sllidar_ros2/package.ps1'
[6.454s] INFO:colcon.colcon_core.shell:Creating package descriptor '/home/ras4/nuc_ws/install/sllidar_ros2/share/sllidar_ros2/package.dsv'
[6.457s] INFO:colcon.colcon_core.shell:Creating package script '/home/ras4/nuc_ws/install/sllidar_ros2/share/sllidar_ros2/package.sh'
[6.460s] INFO:colcon.colcon_core.shell:Creating package script '/home/ras4/nuc_ws/install/sllidar_ros2/share/sllidar_ros2/package.bash'
[6.462s] INFO:colcon.colcon_core.shell:Creating package script '/home/ras4/nuc_ws/install/sllidar_ros2/share/sllidar_ros2/package.zsh'
[6.465s] Level 1:colcon.colcon_core.environment:create_file_with_runtime_dependencies(/home/ras4/nuc_ws/install/sllidar_ros2/share/colcon-core/packages/sllidar_ros2)
[6.469s] INFO:colcon.colcon_ros.task.ament_python.build:Building ROS package in '/home/ras4/nuc_ws/src/xbox_control_pkg' with build type 'ament_python'
[6.471s] Level 1:colcon.colcon_core.shell:create_environment_hook('xbox_control_pkg', 'ament_prefix_path')
[6.472s] INFO:colcon.colcon_core.shell:Creating environment hook '/home/ras4/nuc_ws/install/xbox_control_pkg/share/xbox_control_pkg/hook/ament_prefix_path.ps1'
[6.474s] INFO:colcon.colcon_core.shell:Creating environment descriptor '/home/ras4/nuc_ws/install/xbox_control_pkg/share/xbox_control_pkg/hook/ament_prefix_path.dsv'
[6.477s] INFO:colcon.colcon_core.shell:Creating environment hook '/home/ras4/nuc_ws/install/xbox_control_pkg/share/xbox_control_pkg/hook/ament_prefix_path.sh'
[6.480s] INFO:colcon.colcon_core.shell:Skip shell extension 'powershell' for command environment: Not usable outside of PowerShell
[6.481s] DEBUG:colcon.colcon_core.shell:Skip shell extension 'dsv' for command environment
[8.571s] INFO:colcon.colcon_core.task.python.build:Building Python package in '/home/ras4/nuc_ws/src/xbox_control_pkg'
[8.572s] INFO:colcon.colcon_core.shell:Skip shell extension 'powershell' for command environment: Not usable outside of PowerShell
[8.572s] DEBUG:colcon.colcon_core.shell:Skip shell extension 'dsv' for command environment
[8.613s] DEBUG:colcon.colcon_core.event_handler.log_command:Invoking command in '/home/ras4/nuc_ws/src/arm_pkg': PYTHONPATH=/home/ras4/nuc_ws/build/arm_pkg/prefix_override:/usr/lib/python3/dist-packages/colcon_core/task/python/colcon_distutils_commands:/home/ras4/nuc_ws/install/arm_pkg/lib/python3.10/site-packages:${PYTHONPATH} /usr/bin/python3 -W ignore:setup.py install is deprecated -W ignore:easy_install command is deprecated setup.py egg_info --egg-base ../../build/arm_pkg build --build-base /home/ras4/nuc_ws/build/arm_pkg/build install --record /home/ras4/nuc_ws/build/arm_pkg/install.log --single-version-externally-managed install_data
[8.627s] DEBUG:colcon.colcon_core.event_handler.log_command:Invoking command in '/home/ras4/nuc_ws/src/camera_pkg': PYTHONPATH=/home/ras4/nuc_ws/build/camera_pkg/prefix_override:/usr/lib/python3/dist-packages/colcon_core/task/python/colcon_distutils_commands:/home/ras4/nuc_ws/install/camera_pkg/lib/python3.10/site-packages:${PYTHONPATH} /usr/bin/python3 -W ignore:setup.py install is deprecated -W ignore:easy_install command is deprecated setup.py egg_info --egg-base ../../build/camera_pkg build --build-base /home/ras4/nuc_ws/build/camera_pkg/build install --record /home/ras4/nuc_ws/build/camera_pkg/install.log --single-version-externally-managed install_data
[8.632s] DEBUG:colcon.colcon_core.event_handler.log_command:Invoking command in '/home/ras4/nuc_ws/src/odometry_pkg': PYTHONPATH=/home/ras4/nuc_ws/build/odometry_pkg/prefix_override:/usr/lib/python3/dist-packages/colcon_core/task/python/colcon_distutils_commands:/home/ras4/nuc_ws/install/odometry_pkg/lib/python3.10/site-packages:${PYTHONPATH} /usr/bin/python3 -W ignore:setup.py install is deprecated -W ignore:easy_install command is deprecated setup.py egg_info --egg-base ../../build/odometry_pkg build --build-base /home/ras4/nuc_ws/build/odometry_pkg/build install --record /home/ras4/nuc_ws/build/odometry_pkg/install.log --single-version-externally-managed install_data
[10.687s] Level 1:colcon.colcon_core.environment:checking '/home/ras4/nuc_ws/install/arm_pkg' for CMake module files
[10.690s] DEBUG:colcon.colcon_core.event_handler.log_command:Invoked command in '/home/ras4/nuc_ws/src/arm_pkg' returned '0': PYTHONPATH=/home/ras4/nuc_ws/build/arm_pkg/prefix_override:/usr/lib/python3/dist-packages/colcon_core/task/python/colcon_distutils_commands:/home/ras4/nuc_ws/install/arm_pkg/lib/python3.10/site-packages:${PYTHONPATH} /usr/bin/python3 -W ignore:setup.py install is deprecated -W ignore:easy_install command is deprecated setup.py egg_info --egg-base ../../build/arm_pkg build --build-base /home/ras4/nuc_ws/build/arm_pkg/build install --record /home/ras4/nuc_ws/build/arm_pkg/install.log --single-version-externally-managed install_data
[10.692s] Level 1:colcon.colcon_core.environment:checking '/home/ras4/nuc_ws/install/arm_pkg' for CMake config files
[10.702s] Level 1:colcon.colcon_core.environment:checking '/home/ras4/nuc_ws/install/arm_pkg/lib'
[10.713s] Level 1:colcon.colcon_core.environment:checking '/home/ras4/nuc_ws/install/arm_pkg/bin'
[10.713s] Level 1:colcon.colcon_core.environment:checking '/home/ras4/nuc_ws/install/arm_pkg/lib/pkgconfig/arm_pkg.pc'
[10.714s] Level 1:colcon.colcon_core.environment:checking '/home/ras4/nuc_ws/install/arm_pkg/lib/python3.10/site-packages'
[10.715s] Level 1:colcon.colcon_core.shell:create_environment_hook('arm_pkg', 'pythonpath')
[10.716s] INFO:colcon.colcon_core.shell:Creating environment hook '/home/ras4/nuc_ws/install/arm_pkg/share/arm_pkg/hook/pythonpath.ps1'
[10.719s] INFO:colcon.colcon_core.shell:Creating environment descriptor '/home/ras4/nuc_ws/install/arm_pkg/share/arm_pkg/hook/pythonpath.dsv'
[10.722s] INFO:colcon.colcon_core.shell:Creating environment hook '/home/ras4/nuc_ws/install/arm_pkg/share/arm_pkg/hook/pythonpath.sh'
[10.733s] Level 1:colcon.colcon_core.environment:checking '/home/ras4/nuc_ws/install/arm_pkg/bin'
[10.739s] Level 1:colcon.colcon_core.environment:create_environment_scripts_only(arm_pkg)
[10.742s] INFO:colcon.colcon_core.shell:Creating package script '/home/ras4/nuc_ws/install/arm_pkg/share/arm_pkg/package.ps1'
[10.753s] INFO:colcon.colcon_core.shell:Creating package descriptor '/home/ras4/nuc_ws/install/arm_pkg/share/arm_pkg/package.dsv'
[10.761s] INFO:colcon.colcon_core.shell:Creating package script '/home/ras4/nuc_ws/install/arm_pkg/share/arm_pkg/package.sh'
[10.771s] INFO:colcon.colcon_core.shell:Creating package script '/home/ras4/nuc_ws/install/arm_pkg/share/arm_pkg/package.bash'
[10.778s] INFO:colcon.colcon_core.shell:Creating package script '/home/ras4/nuc_ws/install/arm_pkg/share/arm_pkg/package.zsh'
[10.785s] Level 1:colcon.colcon_core.environment:create_file_with_runtime_dependencies(/home/ras4/nuc_ws/install/arm_pkg/share/colcon-core/packages/arm_pkg)
[10.923s] Level 1:colcon.colcon_core.environment:checking '/home/ras4/nuc_ws/install/camera_pkg' for CMake module files
[10.926s] Level 1:colcon.colcon_core.environment:checking '/home/ras4/nuc_ws/install/camera_pkg' for CMake config files
[10.928s] DEBUG:colcon.colcon_core.event_handler.log_command:Invoked command in '/home/ras4/nuc_ws/src/camera_pkg' returned '0': PYTHONPATH=/home/ras4/nuc_ws/build/camera_pkg/prefix_override:/usr/lib/python3/dist-packages/colcon_core/task/python/colcon_distutils_commands:/home/ras4/nuc_ws/install/camera_pkg/lib/python3.10/site-packages:${PYTHONPATH} /usr/bin/python3 -W ignore:setup.py install is deprecated -W ignore:easy_install command is deprecated setup.py egg_info --egg-base ../../build/camera_pkg build --build-base /home/ras4/nuc_ws/build/camera_pkg/build install --record /home/ras4/nuc_ws/build/camera_pkg/install.log --single-version-externally-managed install_data
[10.932s] Level 1:colcon.colcon_core.environment:checking '/home/ras4/nuc_ws/install/camera_pkg/lib'
[10.932s] Level 1:colcon.colcon_core.environment:checking '/home/ras4/nuc_ws/install/camera_pkg/bin'
[10.933s] Level 1:colcon.colcon_core.environment:checking '/home/ras4/nuc_ws/install/camera_pkg/lib/pkgconfig/camera_pkg.pc'
[10.934s] Level 1:colcon.colcon_core.environment:checking '/home/ras4/nuc_ws/install/camera_pkg/lib/python3.10/site-packages'
[10.934s] Level 1:colcon.colcon_core.shell:create_environment_hook('camera_pkg', 'pythonpath')
[10.935s] INFO:colcon.colcon_core.shell:Creating environment hook '/home/ras4/nuc_ws/install/camera_pkg/share/camera_pkg/hook/pythonpath.ps1'
[10.938s] INFO:colcon.colcon_core.shell:Creating environment descriptor '/home/ras4/nuc_ws/install/camera_pkg/share/camera_pkg/hook/pythonpath.dsv'
[10.940s] INFO:colcon.colcon_core.shell:Creating environment hook '/home/ras4/nuc_ws/install/camera_pkg/share/camera_pkg/hook/pythonpath.sh'
[10.946s] Level 1:colcon.colcon_core.environment:checking '/home/ras4/nuc_ws/install/camera_pkg/bin'
[10.947s] Level 1:colcon.colcon_core.environment:create_environment_scripts_only(camera_pkg)
[10.949s] INFO:colcon.colcon_core.shell:Creating package script '/home/ras4/nuc_ws/install/camera_pkg/share/camera_pkg/package.ps1'
[10.957s] INFO:colcon.colcon_core.shell:Creating package descriptor '/home/ras4/nuc_ws/install/camera_pkg/share/camera_pkg/package.dsv'
[10.962s] INFO:colcon.colcon_core.shell:Creating package script '/home/ras4/nuc_ws/install/camera_pkg/share/camera_pkg/package.sh'
[10.967s] INFO:colcon.colcon_core.shell:Creating package script '/home/ras4/nuc_ws/install/camera_pkg/share/camera_pkg/package.bash'
[10.971s] INFO:colcon.colcon_core.shell:Creating package script '/home/ras4/nuc_ws/install/camera_pkg/share/camera_pkg/package.zsh'
[10.980s] Level 1:colcon.colcon_core.environment:create_file_with_runtime_dependencies(/home/ras4/nuc_ws/install/camera_pkg/share/colcon-core/packages/camera_pkg)
[11.195s] Level 1:colcon.colcon_core.environment:checking '/home/ras4/nuc_ws/install/odometry_pkg' for CMake module files
[11.199s] DEBUG:colcon.colcon_core.event_handler.log_command:Invoking command in '/home/ras4/nuc_ws/src/xbox_control_pkg': PYTHONPATH=/home/ras4/nuc_ws/build/xbox_control_pkg/prefix_override:/usr/lib/python3/dist-packages/colcon_core/task/python/colcon_distutils_commands:/home/ras4/nuc_ws/install/xbox_control_pkg/lib/python3.10/site-packages:${PYTHONPATH} /usr/bin/python3 -W ignore:setup.py install is deprecated -W ignore:easy_install command is deprecated setup.py egg_info --egg-base ../../build/xbox_control_pkg build --build-base /home/ras4/nuc_ws/build/xbox_control_pkg/build install --record /home/ras4/nuc_ws/build/xbox_control_pkg/install.log --single-version-externally-managed install_data
[11.201s] DEBUG:colcon.colcon_core.event_handler.log_command:Invoked command in '/home/ras4/nuc_ws/src/odometry_pkg' returned '0': PYTHONPATH=/home/ras4/nuc_ws/build/odometry_pkg/prefix_override:/usr/lib/python3/dist-packages/colcon_core/task/python/colcon_distutils_commands:/home/ras4/nuc_ws/install/odometry_pkg/lib/python3.10/site-packages:${PYTHONPATH} /usr/bin/python3 -W ignore:setup.py install is deprecated -W ignore:easy_install command is deprecated setup.py egg_info --egg-base ../../build/odometry_pkg build --build-base /home/ras4/nuc_ws/build/odometry_pkg/build install --record /home/ras4/nuc_ws/build/odometry_pkg/install.log --single-version-externally-managed install_data
[11.203s] Level 1:colcon.colcon_core.environment:checking '/home/ras4/nuc_ws/install/odometry_pkg' for CMake config files
[11.209s] Level 1:colcon.colcon_core.environment:checking '/home/ras4/nuc_ws/install/odometry_pkg/lib'
[11.210s] Level 1:colcon.colcon_core.environment:checking '/home/ras4/nuc_ws/install/odometry_pkg/bin'
[11.211s] Level 1:colcon.colcon_core.environment:checking '/home/ras4/nuc_ws/install/odometry_pkg/lib/pkgconfig/odometry_pkg.pc'
[11.212s] Level 1:colcon.colcon_core.environment:checking '/home/ras4/nuc_ws/install/odometry_pkg/lib/python3.10/site-packages'
[11.212s] Level 1:colcon.colcon_core.shell:create_environment_hook('odometry_pkg', 'pythonpath')
[11.213s] INFO:colcon.colcon_core.shell:Creating environment hook '/home/ras4/nuc_ws/install/odometry_pkg/share/odometry_pkg/hook/pythonpath.ps1'
[11.215s] INFO:colcon.colcon_core.shell:Creating environment descriptor '/home/ras4/nuc_ws/install/odometry_pkg/share/odometry_pkg/hook/pythonpath.dsv'
[11.217s] INFO:colcon.colcon_core.shell:Creating environment hook '/home/ras4/nuc_ws/install/odometry_pkg/share/odometry_pkg/hook/pythonpath.sh'
[11.221s] Level 1:colcon.colcon_core.environment:checking '/home/ras4/nuc_ws/install/odometry_pkg/bin'
[11.221s] Level 1:colcon.colcon_core.environment:create_environment_scripts_only(odometry_pkg)
[11.223s] INFO:colcon.colcon_core.shell:Creating package script '/home/ras4/nuc_ws/install/odometry_pkg/share/odometry_pkg/package.ps1'
[11.226s] INFO:colcon.colcon_core.shell:Creating package descriptor '/home/ras4/nuc_ws/install/odometry_pkg/share/odometry_pkg/package.dsv'
[11.229s] INFO:colcon.colcon_core.shell:Creating package script '/home/ras4/nuc_ws/install/odometry_pkg/share/odometry_pkg/package.sh'
[11.231s] INFO:colcon.colcon_core.shell:Creating package script '/home/ras4/nuc_ws/install/odometry_pkg/share/odometry_pkg/package.bash'
[11.233s] INFO:colcon.colcon_core.shell:Creating package script '/home/ras4/nuc_ws/install/odometry_pkg/share/odometry_pkg/package.zsh'
[11.236s] Level 1:colcon.colcon_core.environment:create_file_with_runtime_dependencies(/home/ras4/nuc_ws/install/odometry_pkg/share/colcon-core/packages/odometry_pkg)
[12.596s] Level 1:colcon.colcon_core.environment:checking '/home/ras4/nuc_ws/install/xbox_control_pkg' for CMake module files
[12.598s] DEBUG:colcon.colcon_core.event_handler.log_command:Invoked command in '/home/ras4/nuc_ws/src/xbox_control_pkg' returned '0': PYTHONPATH=/home/ras4/nuc_ws/build/xbox_control_pkg/prefix_override:/usr/lib/python3/dist-packages/colcon_core/task/python/colcon_distutils_commands:/home/ras4/nuc_ws/install/xbox_control_pkg/lib/python3.10/site-packages:${PYTHONPATH} /usr/bin/python3 -W ignore:setup.py install is deprecated -W ignore:easy_install command is deprecated setup.py egg_info --egg-base ../../build/xbox_control_pkg build --build-base /home/ras4/nuc_ws/build/xbox_control_pkg/build install --record /home/ras4/nuc_ws/build/xbox_control_pkg/install.log --single-version-externally-managed install_data
[12.600s] Level 1:colcon.colcon_core.environment:checking '/home/ras4/nuc_ws/install/xbox_control_pkg' for CMake config files
[12.604s] Level 1:colcon.colcon_core.environment:checking '/home/ras4/nuc_ws/install/xbox_control_pkg/lib'
[12.604s] Level 1:colcon.colcon_core.environment:checking '/home/ras4/nuc_ws/install/xbox_control_pkg/bin'
[12.604s] Level 1:colcon.colcon_core.environment:checking '/home/ras4/nuc_ws/install/xbox_control_pkg/lib/pkgconfig/xbox_control_pkg.pc'
[12.605s] Level 1:colcon.colcon_core.environment:checking '/home/ras4/nuc_ws/install/xbox_control_pkg/lib/python3.10/site-packages'
[12.606s] Level 1:colcon.colcon_core.shell:create_environment_hook('xbox_control_pkg', 'pythonpath')
[12.607s] INFO:colcon.colcon_core.shell:Creating environment hook '/home/ras4/nuc_ws/install/xbox_control_pkg/share/xbox_control_pkg/hook/pythonpath.ps1'
[12.612s] INFO:colcon.colcon_core.shell:Creating environment descriptor '/home/ras4/nuc_ws/install/xbox_control_pkg/share/xbox_control_pkg/hook/pythonpath.dsv'
[12.614s] INFO:colcon.colcon_core.shell:Creating environment hook '/home/ras4/nuc_ws/install/xbox_control_pkg/share/xbox_control_pkg/hook/pythonpath.sh'
[12.617s] Level 1:colcon.colcon_core.environment:checking '/home/ras4/nuc_ws/install/xbox_control_pkg/bin'
[12.617s] Level 1:colcon.colcon_core.environment:create_environment_scripts_only(xbox_control_pkg)
[12.619s] INFO:colcon.colcon_core.shell:Creating package script '/home/ras4/nuc_ws/install/xbox_control_pkg/share/xbox_control_pkg/package.ps1'
[12.621s] INFO:colcon.colcon_core.shell:Creating package descriptor '/home/ras4/nuc_ws/install/xbox_control_pkg/share/xbox_control_pkg/package.dsv'
[12.623s] INFO:colcon.colcon_core.shell:Creating package script '/home/ras4/nuc_ws/install/xbox_control_pkg/share/xbox_control_pkg/package.sh'
[12.626s] INFO:colcon.colcon_core.shell:Creating package script '/home/ras4/nuc_ws/install/xbox_control_pkg/share/xbox_control_pkg/package.bash'
[12.629s] INFO:colcon.colcon_core.shell:Creating package script '/home/ras4/nuc_ws/install/xbox_control_pkg/share/xbox_control_pkg/package.zsh'
[12.630s] Level 1:colcon.colcon_core.environment:create_file_with_runtime_dependencies(/home/ras4/nuc_ws/install/xbox_control_pkg/share/colcon-core/packages/xbox_control_pkg)
[12.632s] DEBUG:colcon.colcon_parallel_executor.executor.parallel:closing loop
[12.633s] DEBUG:colcon.colcon_parallel_executor.executor.parallel:loop closed
[12.633s] DEBUG:colcon.colcon_parallel_executor.executor.parallel:run_until_complete finished with '0'
[12.634s] DEBUG:colcon.colcon_core.event_reactor:joining thread
[12.660s] INFO:colcon.colcon_core.plugin_system:Skipping extension 'colcon_notification.desktop_notification.terminal_notifier': Not used on non-Darwin systems
[12.661s] INFO:colcon.colcon_core.plugin_system:Skipping extension 'colcon_notification.desktop_notification.win32': Not used on non-Windows systems
[12.661s] INFO:colcon.colcon_notification.desktop_notification:Sending desktop notification using 'notify2'
[12.716s] DEBUG:colcon.colcon_core.event_reactor:joined thread
[12.717s] INFO:colcon.colcon_core.shell:Creating prefix script '/home/ras4/nuc_ws/install/local_setup.ps1'
[12.721s] INFO:colcon.colcon_core.shell:Creating prefix util module '/home/ras4/nuc_ws/install/_local_setup_util_ps1.py'
[12.729s] INFO:colcon.colcon_core.shell:Creating prefix chain script '/home/ras4/nuc_ws/install/setup.ps1'
[12.736s] INFO:colcon.colcon_core.shell:Creating prefix script '/home/ras4/nuc_ws/install/local_setup.sh'
[12.739s] INFO:colcon.colcon_core.shell:Creating prefix util module '/home/ras4/nuc_ws/install/_local_setup_util_sh.py'
[12.742s] INFO:colcon.colcon_core.shell:Creating prefix chain script '/home/ras4/nuc_ws/install/setup.sh'
[12.749s] INFO:colcon.colcon_core.shell:Creating prefix script '/home/ras4/nuc_ws/install/local_setup.bash'
[12.752s] INFO:colcon.colcon_core.shell:Creating prefix chain script '/home/ras4/nuc_ws/install/setup.bash'
[12.758s] INFO:colcon.colcon_core.shell:Creating prefix script '/home/ras4/nuc_ws/install/local_setup.zsh'
[12.761s] INFO:colcon.colcon_core.shell:Creating prefix chain script '/home/ras4/nuc_ws/install/setup.zsh'
