[2.029s] Invoking command in '/home/robotec/ros2_ws/src/camera_pkg': PYTHONPATH=/home/robotec/ros2_ws/build/camera_pkg/prefix_override:/usr/lib/python3/dist-packages/colcon_core/task/python/colcon_distutils_commands:/home/robotec/ros2_ws/install/camera_pkg/lib/python3.10/site-packages:${PYTHONPATH} /usr/bin/python3 -W ignore:setup.py install is deprecated -W ignore:easy_install command is deprecated setup.py egg_info --egg-base ../../build/camera_pkg build --build-base /home/robotec/ros2_ws/build/camera_pkg/build install --record /home/robotec/ros2_ws/build/camera_pkg/install.log --single-version-externally-managed install_data
[2.544s] /usr/lib/python3/dist-packages/setuptools/dist.py:723: UserWarning: Usage of dash-separated 'description-file' will not be supported in future versions. Please use the underscore name 'description_file' instead
[2.544s]   warnings.warn(
[2.569s] running egg_info
[2.569s] writing ../../build/camera_pkg/camera_pkg.egg-info/PKG-INFO
[2.573s] writing dependency_links to ../../build/camera_pkg/camera_pkg.egg-info/dependency_links.txt
[2.573s] writing entry points to ../../build/camera_pkg/camera_pkg.egg-info/entry_points.txt
[2.574s] writing requirements to ../../build/camera_pkg/camera_pkg.egg-info/requires.txt
[2.574s] writing top-level names to ../../build/camera_pkg/camera_pkg.egg-info/top_level.txt
[2.575s] reading manifest file '../../build/camera_pkg/camera_pkg.egg-info/SOURCES.txt'
[2.577s] writing manifest file '../../build/camera_pkg/camera_pkg.egg-info/SOURCES.txt'
[2.578s] running build
[2.578s] running build_py
[2.580s] running install
[2.581s] running install_lib
[2.584s] running install_data
[2.585s] running install_egg_info
[2.589s] removing '/home/robotec/ros2_ws/install/camera_pkg/lib/python3.10/site-packages/camera_pkg-0.1.0-py3.10.egg-info' (and everything under it)
[2.591s] Copying ../../build/camera_pkg/camera_pkg.egg-info to /home/robotec/ros2_ws/install/camera_pkg/lib/python3.10/site-packages/camera_pkg-0.1.0-py3.10.egg-info
[2.592s] running install_scripts
[2.632s] Installing framepublisher script to /home/robotec/ros2_ws/install/camera_pkg/lib/camera_pkg
[2.634s] Installing pixel_to_point3d script to /home/robotec/ros2_ws/install/camera_pkg/lib/camera_pkg
[2.635s] writing list of installed files to '/home/robotec/ros2_ws/build/camera_pkg/install.log'
[2.797s] Invoked command in '/home/robotec/ros2_ws/src/camera_pkg' returned '0': PYTHONPATH=/home/robotec/ros2_ws/build/camera_pkg/prefix_override:/usr/lib/python3/dist-packages/colcon_core/task/python/colcon_distutils_commands:/home/robotec/ros2_ws/install/camera_pkg/lib/python3.10/site-packages:${PYTHONPATH} /usr/bin/python3 -W ignore:setup.py install is deprecated -W ignore:easy_install command is deprecated setup.py egg_info --egg-base ../../build/camera_pkg build --build-base /home/robotec/ros2_ws/build/camera_pkg/build install --record /home/robotec/ros2_ws/build/camera_pkg/install.log --single-version-externally-managed install_data
