running develop
Removing /home/robotec/ros2_ws/install/xbox_control_pkg/lib/python3.10/site-packages/xbox-control-pkg.egg-link (link to .)
running egg_info
writing ../../build/xbox_control_pkg/xbox_control_pkg.egg-info/PKG-INFO
writing dependency_links to ../../build/xbox_control_pkg/xbox_control_pkg.egg-info/dependency_links.txt
writing entry points to ../../build/xbox_control_pkg/xbox_control_pkg.egg-info/entry_points.txt
writing requirements to ../../build/xbox_control_pkg/xbox_control_pkg.egg-info/requires.txt
writing top-level names to ../../build/xbox_control_pkg/xbox_control_pkg.egg-info/top_level.txt
reading manifest file '../../build/xbox_control_pkg/xbox_control_pkg.egg-info/SOURCES.txt'
writing manifest file '../../build/xbox_control_pkg/xbox_control_pkg.egg-info/SOURCES.txt'
running build
running build_py
creating /home/robotec/ros2_ws/build/xbox_control_pkg/build
creating /home/robotec/ros2_ws/build/xbox_control_pkg/build/lib
creating /home/robotec/ros2_ws/build/xbox_control_pkg/build/lib/xbox_control_pkg
copying xbox_control_pkg/xbox_control_node.py -> /home/robotec/ros2_ws/build/xbox_control_pkg/build/lib/xbox_control_pkg
copying xbox_control_pkg/__init__.py -> /home/robotec/ros2_ws/build/xbox_control_pkg/build/lib/xbox_control_pkg
running install
running install_lib
creating /home/robotec/ros2_ws/install/xbox_control_pkg/lib/python3.10/site-packages/xbox_control_pkg
copying /home/robotec/ros2_ws/build/xbox_control_pkg/build/lib/xbox_control_pkg/xbox_control_node.py -> /home/robotec/ros2_ws/install/xbox_control_pkg/lib/python3.10/site-packages/xbox_control_pkg
copying /home/robotec/ros2_ws/build/xbox_control_pkg/build/lib/xbox_control_pkg/__init__.py -> /home/robotec/ros2_ws/install/xbox_control_pkg/lib/python3.10/site-packages/xbox_control_pkg
byte-compiling /home/robotec/ros2_ws/install/xbox_control_pkg/lib/python3.10/site-packages/xbox_control_pkg/xbox_control_node.py to xbox_control_node.cpython-310.pyc
byte-compiling /home/robotec/ros2_ws/install/xbox_control_pkg/lib/python3.10/site-packages/xbox_control_pkg/__init__.py to __init__.cpython-310.pyc
running install_data
copying resource/xbox_control_pkg -> /home/robotec/ros2_ws/install/xbox_control_pkg/share/ament_index/resource_index/packages
copying package.xml -> /home/robotec/ros2_ws/install/xbox_control_pkg/share/xbox_control_pkg
running install_egg_info
Copying ../../build/xbox_control_pkg/xbox_control_pkg.egg-info to /home/robotec/ros2_ws/install/xbox_control_pkg/lib/python3.10/site-packages/xbox_control_pkg-0.0.0-py3.10.egg-info
running install_scripts
Installing xbox_control_node script to /home/robotec/ros2_ws/install/xbox_control_pkg/lib/xbox_control_pkg
writing list of installed files to '/home/robotec/ros2_ws/build/xbox_control_pkg/install.log'
