[2.129s] Invoking command in '/home/robotec/ros2_ws/build/camera_pkg': PYTHONPATH=/home/robotec/ros2_ws/build/camera_pkg/prefix_override:/usr/lib/python3/dist-packages/colcon_core/task/python/colcon_distutils_commands:/home/robotec/ros2_ws/install/camera_pkg/lib/python3.10/site-packages:${PYTHONPATH} /usr/bin/python3 -W ignore:setup.py install is deprecated -W ignore:easy_install command is deprecated setup.py develop --editable --build-directory /home/robotec/ros2_ws/build/camera_pkg/build --no-deps symlink_data --force
[2.865s] /usr/lib/python3/dist-packages/setuptools/dist.py:723: UserWarning: Usage of dash-separated 'description-file' will not be supported in future versions. Please use the underscore name 'description_file' instead
[2.865s]   warnings.warn(
[2.939s] running develop
[3.682s] running egg_info
[3.682s] writing camera_pkg.egg-info/PKG-INFO
[3.683s] writing dependency_links to camera_pkg.egg-info/dependency_links.txt
[3.683s] writing entry points to camera_pkg.egg-info/entry_points.txt
[3.683s] writing requirements to camera_pkg.egg-info/requires.txt
[3.684s] writing top-level names to camera_pkg.egg-info/top_level.txt
[3.693s] reading manifest file 'camera_pkg.egg-info/SOURCES.txt'
[3.693s] writing manifest file 'camera_pkg.egg-info/SOURCES.txt'
[3.702s] running build_ext
[3.703s] Creating /home/robotec/ros2_ws/install/camera_pkg/lib/python3.10/site-packages/camera-pkg.egg-link (link to .)
[3.707s] Installing framepublisher script to /home/robotec/ros2_ws/install/camera_pkg/lib/camera_pkg
[3.708s] 
[3.711s] Installed /home/robotec/ros2_ws/build/camera_pkg
[3.711s] running symlink_data
[3.712s] symbolically linking /home/robotec/ros2_ws/build/camera_pkg/resource/camera_pkg -> /home/robotec/ros2_ws/install/camera_pkg/share/ament_index/resource_index/packages
[3.718s] symbolically linking /home/robotec/ros2_ws/build/camera_pkg/package.xml -> /home/robotec/ros2_ws/install/camera_pkg/share/camera_pkg
[3.878s] Invoked command in '/home/robotec/ros2_ws/build/camera_pkg' returned '0': PYTHONPATH=/home/robotec/ros2_ws/build/camera_pkg/prefix_override:/usr/lib/python3/dist-packages/colcon_core/task/python/colcon_distutils_commands:/home/robotec/ros2_ws/install/camera_pkg/lib/python3.10/site-packages:${PYTHONPATH} /usr/bin/python3 -W ignore:setup.py install is deprecated -W ignore:easy_install command is deprecated setup.py develop --editable --build-directory /home/robotec/ros2_ws/build/camera_pkg/build --no-deps symlink_data --force
