[1.407s] Invoking command in '/home/robotec/ros2_ws/src/xbox_control_pkg': PYTHONPATH=/home/robotec/ros2_ws/build/xbox_control_pkg/prefix_override:/usr/lib/python3/dist-packages/colcon_core/task/python/colcon_distutils_commands:/home/robotec/ros2_ws/install/xbox_control_pkg/lib/python3.10/site-packages:${PYTHONPATH} /usr/bin/python3 -W ignore:setup.py install is deprecated -W ignore:easy_install command is deprecated setup.py egg_info --egg-base ../../build/xbox_control_pkg build --build-base /home/robotec/ros2_ws/build/xbox_control_pkg/build install --record /home/robotec/ros2_ws/build/xbox_control_pkg/install.log --single-version-externally-managed install_data
[1.834s] running egg_info
[1.835s] writing ../../build/xbox_control_pkg/xbox_control_pkg.egg-info/PKG-INFO
[1.835s] writing dependency_links to ../../build/xbox_control_pkg/xbox_control_pkg.egg-info/dependency_links.txt
[1.835s] writing entry points to ../../build/xbox_control_pkg/xbox_control_pkg.egg-info/entry_points.txt
[1.836s] writing requirements to ../../build/xbox_control_pkg/xbox_control_pkg.egg-info/requires.txt
[1.836s] writing top-level names to ../../build/xbox_control_pkg/xbox_control_pkg.egg-info/top_level.txt
[1.838s] reading manifest file '../../build/xbox_control_pkg/xbox_control_pkg.egg-info/SOURCES.txt'
[1.839s] writing manifest file '../../build/xbox_control_pkg/xbox_control_pkg.egg-info/SOURCES.txt'
[1.840s] running build
[1.840s] running build_py
[1.840s] copying xbox_control_pkg/xbox_control_node.py -> /home/robotec/ros2_ws/build/xbox_control_pkg/build/lib/xbox_control_pkg
[1.841s] running install
[1.841s] running install_lib
[1.842s] copying /home/robotec/ros2_ws/build/xbox_control_pkg/build/lib/xbox_control_pkg/xbox_control_node.py -> /home/robotec/ros2_ws/install/xbox_control_pkg/lib/python3.10/site-packages/xbox_control_pkg
[1.843s] byte-compiling /home/robotec/ros2_ws/install/xbox_control_pkg/lib/python3.10/site-packages/xbox_control_pkg/xbox_control_node.py to xbox_control_node.cpython-310.pyc
[1.846s] running install_data
[1.847s] copying package.xml -> /home/robotec/ros2_ws/install/xbox_control_pkg/share/xbox_control_pkg
[1.847s] running install_egg_info
[1.849s] removing '/home/robotec/ros2_ws/install/xbox_control_pkg/lib/python3.10/site-packages/xbox_control_pkg-0.0.0-py3.10.egg-info' (and everything under it)
[1.849s] Copying ../../build/xbox_control_pkg/xbox_control_pkg.egg-info to /home/robotec/ros2_ws/install/xbox_control_pkg/lib/python3.10/site-packages/xbox_control_pkg-0.0.0-py3.10.egg-info
[1.851s] running install_scripts
[1.874s] Installing double_ackermann_control_node script to /home/robotec/ros2_ws/install/xbox_control_pkg/lib/xbox_control_pkg
[1.875s] Installing xbox_control_node script to /home/robotec/ros2_ws/install/xbox_control_pkg/lib/xbox_control_pkg
[1.875s] writing list of installed files to '/home/robotec/ros2_ws/build/xbox_control_pkg/install.log'
[1.908s] Invoked command in '/home/robotec/ros2_ws/src/xbox_control_pkg' returned '0': PYTHONPATH=/home/robotec/ros2_ws/build/xbox_control_pkg/prefix_override:/usr/lib/python3/dist-packages/colcon_core/task/python/colcon_distutils_commands:/home/robotec/ros2_ws/install/xbox_control_pkg/lib/python3.10/site-packages:${PYTHONPATH} /usr/bin/python3 -W ignore:setup.py install is deprecated -W ignore:easy_install command is deprecated setup.py egg_info --egg-base ../../build/xbox_control_pkg build --build-base /home/robotec/ros2_ws/build/xbox_control_pkg/build install --record /home/robotec/ros2_ws/build/xbox_control_pkg/install.log --single-version-externally-managed install_data
