[0.013s] Invoking command in '/home/robotec/ros2_ws/build/libuvc': /usr/bin/cmake /home/robotec/ros2_ws/src/libuvc -DCMAKE_BUILD_TYPE=Release -DCMAKE_INSTALL_PREFIX=/home/robotec/ros2_ws/install/libuvc
[0.137s] -- The C compiler identification is GNU 11.4.0
[0.152s] -- Detecting C compiler ABI info
[0.240s] -- Detecting C compiler ABI info - done
[0.248s] -- Check for working C compiler: /usr/bin/cc - skipped
[0.249s] -- Detecting C compile features
[0.249s] -- Detecting C compile features - done
[0.250s] -- No target type selected, default to both shared and static library
[0.258s] -- Found PkgConfig: /usr/bin/pkg-config (found version "0.29.2") 
[0.260s] -- Checking for module 'libusb-1.0'
[0.277s] --   Found libusb-1.0, version 1.0.25
[0.316s] -- libusb-1.0 found using pkgconfig
[0.375s] -- Found JPEG: /usr/lib/x86_64-linux-gnu/libjpeg.so (found version "80") 
[0.375s] -- Found JPEG library using standard module
[0.377s] [33mCMake Warning (dev) at /usr/share/cmake-3.22/Modules/FindPackageHandleStandardArgs.cmake:438 (message):
[0.377s]   The package name passed to `find_package_handle_standard_args` (JPEG) does
[0.377s]   not match the name of the calling package (JpegPkg).  This can lead to
[0.377s]   problems in calling code that expects `find_package` result variables
[0.377s]   (e.g., `_FOUND`) to follow a certain pattern.
[0.377s] Call Stack (most recent call first):
[0.377s]   cmake/FindJpegPkg.cmake:58 (find_package_handle_standard_args)
[0.378s]   CMakeLists.txt:45 (find_package)
[0.378s] This warning is for project developers.  Use -Wno-dev to suppress it.
[0.378s] [0m
[0.378s] -- Found JPEG: /usr/lib/x86_64-linux-gnu/libjpeg.so  
[0.378s] -- Building libuvc with JPEG support.
[0.379s] -- Looking for pthread.h
[0.472s] -- Looking for pthread.h - found
[0.473s] -- Performing Test CMAKE_HAVE_LIBC_PTHREAD
[0.557s] -- Performing Test CMAKE_HAVE_LIBC_PTHREAD - Success
[0.558s] -- Found Threads: TRUE  
[0.565s] -- Configuring done
[0.573s] -- Generating done
[0.576s] -- Build files have been written to: /home/robotec/ros2_ws/build/libuvc
[0.582s] Invoked command in '/home/robotec/ros2_ws/build/libuvc' returned '0': /usr/bin/cmake /home/robotec/ros2_ws/src/libuvc -DCMAKE_BUILD_TYPE=Release -DCMAKE_INSTALL_PREFIX=/home/robotec/ros2_ws/install/libuvc
[0.585s] Invoking command in '/home/robotec/ros2_ws/build/libuvc': /usr/bin/cmake --build /home/robotec/ros2_ws/build/libuvc -- -j4 -l4
[0.649s] [  4%] [32mBuilding C object CMakeFiles/uvc.dir/src/ctrl-gen.c.o[0m
[0.652s] [  9%] [32mBuilding C object CMakeFiles/uvc.dir/src/ctrl.c.o[0m
[0.657s] [ 13%] [32mBuilding C object CMakeFiles/uvc.dir/src/device.c.o[0m
[0.662s] [ 18%] [32mBuilding C object CMakeFiles/uvc_static.dir/src/ctrl.c.o[0m
[0.810s] [ 22%] [32mBuilding C object CMakeFiles/uvc.dir/src/diag.c.o[0m
[0.812s] [ 27%] [32mBuilding C object CMakeFiles/uvc_static.dir/src/ctrl-gen.c.o[0m
[1.102s] [ 31%] [32mBuilding C object CMakeFiles/uvc.dir/src/frame.c.o[0m
[1.347s] [ 36%] [32mBuilding C object CMakeFiles/uvc_static.dir/src/device.c.o[0m
[1.388s] [ 40%] [32mBuilding C object CMakeFiles/uvc_static.dir/src/diag.c.o[0m
[1.582s] [ 45%] [32mBuilding C object CMakeFiles/uvc.dir/src/init.c.o[0m
[1.650s] [ 50%] [32mBuilding C object CMakeFiles/uvc.dir/src/stream.c.o[0m
[1.715s] [ 54%] [32mBuilding C object CMakeFiles/uvc.dir/src/misc.c.o[0m
[1.799s] [ 59%] [32mBuilding C object CMakeFiles/uvc_static.dir/src/frame.c.o[0m
[1.818s] [ 63%] [32mBuilding C object CMakeFiles/uvc.dir/src/frame-mjpeg.c.o[0m
[2.044s] [ 68%] [32mBuilding C object CMakeFiles/uvc_static.dir/src/init.c.o[0m
[2.056s] [ 72%] [32mBuilding C object CMakeFiles/uvc_static.dir/src/stream.c.o[0m
[2.184s] [ 77%] [32mBuilding C object CMakeFiles/uvc_static.dir/src/misc.c.o[0m
[2.273s] [ 81%] [32mBuilding C object CMakeFiles/uvc_static.dir/src/frame-mjpeg.c.o[0m
[2.364s] [ 86%] [32m[1mLinking C shared library libuvc.so[0m
[2.473s] [ 86%] Built target uvc
[2.499s] [ 90%] [32mBuilding C object CMakeFiles/example.dir/src/example.c.o[0m
[2.593s] [ 95%] [32m[1mLinking C executable example[0m
[2.660s] [ 95%] Built target example
[2.690s] [100%] [32m[1mLinking C static library libuvc.a[0m
[2.732s] [100%] Built target uvc_static
[2.745s] Invoked command in '/home/robotec/ros2_ws/build/libuvc' returned '0': /usr/bin/cmake --build /home/robotec/ros2_ws/build/libuvc -- -j4 -l4
[2.759s] Invoking command in '/home/robotec/ros2_ws/build/libuvc': /usr/bin/cmake --install /home/robotec/ros2_ws/build/libuvc
[2.766s] -- Install configuration: "Release"
[2.766s] -- Installing: /home/robotec/ros2_ws/install/libuvc/lib/libuvc.so.0.0.7
[2.767s] -- Installing: /home/robotec/ros2_ws/install/libuvc/lib/libuvc.so.0
[2.767s] -- Installing: /home/robotec/ros2_ws/install/libuvc/lib/libuvc.so
[2.767s] -- Installing: /home/robotec/ros2_ws/install/libuvc/include/libuvc/libuvc.h
[2.767s] -- Installing: /home/robotec/ros2_ws/install/libuvc/include/libuvc/libuvc_config.h
[2.768s] -- Installing: /home/robotec/ros2_ws/install/libuvc/lib/libuvc.a
[2.768s] -- Up-to-date: /home/robotec/ros2_ws/install/libuvc/include/libuvc/libuvc.h
[2.768s] -- Up-to-date: /home/robotec/ros2_ws/install/libuvc/include/libuvc/libuvc_config.h
[2.768s] -- Installing: /home/robotec/ros2_ws/install/libuvc/lib/cmake/libuvc/libuvcTargets.cmake
[2.768s] -- Installing: /home/robotec/ros2_ws/install/libuvc/lib/cmake/libuvc/libuvcTargets-release.cmake
[2.769s] -- Installing: /home/robotec/ros2_ws/install/libuvc/lib/cmake/libuvc/FindLibUSB.cmake
[2.769s] -- Installing: /home/robotec/ros2_ws/install/libuvc/lib/cmake/libuvc/FindJpegPkg.cmake
[2.769s] -- Installing: /home/robotec/ros2_ws/install/libuvc/lib/cmake/libuvc/libuvcConfigVersion.cmake
[2.769s] -- Installing: /home/robotec/ros2_ws/install/libuvc/lib/pkgconfig/libuvc.pc
[2.769s] -- Installing: /home/robotec/ros2_ws/install/libuvc/lib/cmake/libuvc/libuvcConfig.cmake
[2.771s] Invoked command in '/home/robotec/ros2_ws/build/libuvc' returned '0': /usr/bin/cmake --install /home/robotec/ros2_ws/build/libuvc
