[0.179s] DEBUG:colcon:Command line arguments: ['/usr/bin/colcon', 'build', '--symlink-install']
[0.179s] DEBUG:colcon:Parsed command line arguments: Namespace(log_base=None, log_level=None, verb_name='build', build_base='build', install_base='install', merge_install=False, symlink_install=True, test_result_base=None, continue_on_error=False, executor='parallel', parallel_workers=4, event_handlers=None, ignore_user_meta=False, metas=['./colcon.meta'], base_paths=['.'], packages_ignore=None, packages_ignore_regex=None, paths=None, packages_up_to=None, packages_up_to_regex=None, packages_above=None, packages_above_and_dependencies=None, packages_above_depth=None, packages_select_by_dep=None, packages_skip_by_dep=None, packages_skip_up_to=None, packages_select_build_failed=False, packages_skip_build_finished=False, packages_select_test_failures=False, packages_skip_test_passed=False, packages_select=None, packages_skip=None, packages_select_regex=None, packages_skip_regex=None, packages_start=None, packages_end=None, allow_overriding=[], cmake_args=None, cmake_target=None, cmake_target_skip_unavailable=False, cmake_clean_cache=False, cmake_clean_first=False, cmake_force_configure=False, ament_cmake_args=None, catkin_cmake_args=None, catkin_skip_building_tests=False, verb_parser=<colcon_defaults.argument_parser.defaults.DefaultArgumentsDecorator object at 0x7401d1f515a0>, verb_extension=<colcon_core.verb.build.BuildVerb object at 0x7401d20c6bc0>, main=<bound method BuildVerb.main of <colcon_core.verb.build.BuildVerb object at 0x7401d20c6bc0>>)
[0.498s] Level 1:colcon.colcon_core.package_discovery:discover_packages(colcon_meta) check parameters
[0.498s] Level 1:colcon.colcon_core.package_discovery:discover_packages(recursive) check parameters
[0.499s] Level 1:colcon.colcon_core.package_discovery:discover_packages(ignore) check parameters
[0.499s] Level 1:colcon.colcon_core.package_discovery:discover_packages(path) check parameters
[0.499s] Level 1:colcon.colcon_core.package_discovery:discover_packages(colcon_meta) discover
[0.499s] Level 1:colcon.colcon_core.package_discovery:discover_packages(recursive) discover
[0.499s] INFO:colcon.colcon_core.package_discovery:Crawling recursively for packages in '/home/robotec/ros2_ws'
[0.499s] Level 1:colcon.colcon_core.package_identification:_identify(.) by extensions ['ignore', 'ignore_ament_install']
[0.499s] Level 1:colcon.colcon_core.package_identification:_identify(.) by extension 'ignore'
[0.499s] Level 1:colcon.colcon_core.package_identification:_identify(.) by extension 'ignore_ament_install'
[0.499s] Level 1:colcon.colcon_core.package_identification:_identify(.) by extensions ['colcon_pkg']
[0.499s] Level 1:colcon.colcon_core.package_identification:_identify(.) by extension 'colcon_pkg'
[0.499s] Level 1:colcon.colcon_core.package_identification:_identify(.) by extensions ['colcon_meta']
[0.499s] Level 1:colcon.colcon_core.package_identification:_identify(.) by extension 'colcon_meta'
[0.499s] Level 1:colcon.colcon_core.package_identification:_identify(.) by extensions ['ros']
[0.499s] Level 1:colcon.colcon_core.package_identification:_identify(.) by extension 'ros'
[0.521s] Level 1:colcon.colcon_core.package_identification:_identify(.) by extensions ['cmake', 'python']
[0.521s] Level 1:colcon.colcon_core.package_identification:_identify(.) by extension 'cmake'
[0.522s] Level 1:colcon.colcon_core.package_identification:_identify(.) by extension 'python'
[0.522s] Level 1:colcon.colcon_core.package_identification:_identify(.) by extensions ['python_setup_py']
[0.522s] Level 1:colcon.colcon_core.package_identification:_identify(.) by extension 'python_setup_py'
[0.522s] Level 1:colcon.colcon_core.package_identification:_identify(build) by extensions ['ignore', 'ignore_ament_install']
[0.522s] Level 1:colcon.colcon_core.package_identification:_identify(build) by extension 'ignore'
[0.522s] Level 1:colcon.colcon_core.package_identification:_identify(build) ignored
[0.522s] Level 1:colcon.colcon_core.package_identification:_identify(install) by extensions ['ignore', 'ignore_ament_install']
[0.522s] Level 1:colcon.colcon_core.package_identification:_identify(install) by extension 'ignore'
[0.522s] Level 1:colcon.colcon_core.package_identification:_identify(install) ignored
[0.523s] Level 1:colcon.colcon_core.package_identification:_identify(log) by extensions ['ignore', 'ignore_ament_install']
[0.523s] Level 1:colcon.colcon_core.package_identification:_identify(log) by extension 'ignore'
[0.523s] Level 1:colcon.colcon_core.package_identification:_identify(log) ignored
[0.523s] Level 1:colcon.colcon_core.package_identification:_identify(src) by extensions ['ignore', 'ignore_ament_install']
[0.523s] Level 1:colcon.colcon_core.package_identification:_identify(src) by extension 'ignore'
[0.523s] Level 1:colcon.colcon_core.package_identification:_identify(src) by extension 'ignore_ament_install'
[0.523s] Level 1:colcon.colcon_core.package_identification:_identify(src) by extensions ['colcon_pkg']
[0.523s] Level 1:colcon.colcon_core.package_identification:_identify(src) by extension 'colcon_pkg'
[0.523s] Level 1:colcon.colcon_core.package_identification:_identify(src) by extensions ['colcon_meta']
[0.523s] Level 1:colcon.colcon_core.package_identification:_identify(src) by extension 'colcon_meta'
[0.523s] Level 1:colcon.colcon_core.package_identification:_identify(src) by extensions ['ros']
[0.523s] Level 1:colcon.colcon_core.package_identification:_identify(src) by extension 'ros'
[0.523s] Level 1:colcon.colcon_core.package_identification:_identify(src) by extensions ['cmake', 'python']
[0.523s] Level 1:colcon.colcon_core.package_identification:_identify(src) by extension 'cmake'
[0.523s] Level 1:colcon.colcon_core.package_identification:_identify(src) by extension 'python'
[0.523s] Level 1:colcon.colcon_core.package_identification:_identify(src) by extensions ['python_setup_py']
[0.524s] Level 1:colcon.colcon_core.package_identification:_identify(src) by extension 'python_setup_py'
[0.524s] Level 1:colcon.colcon_core.package_identification:_identify(src/camera_pkg) by extensions ['ignore', 'ignore_ament_install']
[0.524s] Level 1:colcon.colcon_core.package_identification:_identify(src/camera_pkg) by extension 'ignore'
[0.524s] Level 1:colcon.colcon_core.package_identification:_identify(src/camera_pkg) by extension 'ignore_ament_install'
[0.524s] Level 1:colcon.colcon_core.package_identification:_identify(src/camera_pkg) by extensions ['colcon_pkg']
[0.524s] Level 1:colcon.colcon_core.package_identification:_identify(src/camera_pkg) by extension 'colcon_pkg'
[0.524s] Level 1:colcon.colcon_core.package_identification:_identify(src/camera_pkg) by extensions ['colcon_meta']
[0.524s] Level 1:colcon.colcon_core.package_identification:_identify(src/camera_pkg) by extension 'colcon_meta'
[0.524s] Level 1:colcon.colcon_core.package_identification:_identify(src/camera_pkg) by extensions ['ros']
[0.524s] Level 1:colcon.colcon_core.package_identification:_identify(src/camera_pkg) by extension 'ros'
[0.528s] DEBUG:colcon.colcon_core.package_identification:Package 'src/camera_pkg' with type 'ros.ament_python' and name 'camera_pkg'
[0.528s] Level 1:colcon.colcon_core.package_identification:_identify(src/libuvc) by extensions ['ignore', 'ignore_ament_install']
[0.529s] Level 1:colcon.colcon_core.package_identification:_identify(src/libuvc) by extension 'ignore'
[0.529s] Level 1:colcon.colcon_core.package_identification:_identify(src/libuvc) by extension 'ignore_ament_install'
[0.529s] Level 1:colcon.colcon_core.package_identification:_identify(src/libuvc) by extensions ['colcon_pkg']
[0.529s] Level 1:colcon.colcon_core.package_identification:_identify(src/libuvc) by extension 'colcon_pkg'
[0.529s] Level 1:colcon.colcon_core.package_identification:_identify(src/libuvc) by extensions ['colcon_meta']
[0.529s] Level 1:colcon.colcon_core.package_identification:_identify(src/libuvc) by extension 'colcon_meta'
[0.529s] Level 1:colcon.colcon_core.package_identification:_identify(src/libuvc) by extensions ['ros']
[0.529s] Level 1:colcon.colcon_core.package_identification:_identify(src/libuvc) by extension 'ros'
[0.529s] Level 1:colcon.colcon_core.package_identification:_identify(src/libuvc) by extensions ['cmake', 'python']
[0.529s] Level 1:colcon.colcon_core.package_identification:_identify(src/libuvc) by extension 'cmake'
[0.542s] Level 1:colcon.colcon_core.package_identification:_identify(src/libuvc) by extension 'python'
[0.542s] DEBUG:colcon.colcon_core.package_identification:Package 'src/libuvc' with type 'cmake' and name 'libuvc'
[0.543s] Level 1:colcon.colcon_core.package_identification:_identify(src/odometry) by extensions ['ignore', 'ignore_ament_install']
[0.543s] Level 1:colcon.colcon_core.package_identification:_identify(src/odometry) by extension 'ignore'
[0.543s] Level 1:colcon.colcon_core.package_identification:_identify(src/odometry) by extension 'ignore_ament_install'
[0.543s] Level 1:colcon.colcon_core.package_identification:_identify(src/odometry) by extensions ['colcon_pkg']
[0.543s] Level 1:colcon.colcon_core.package_identification:_identify(src/odometry) by extension 'colcon_pkg'
[0.543s] Level 1:colcon.colcon_core.package_identification:_identify(src/odometry) by extensions ['colcon_meta']
[0.543s] Level 1:colcon.colcon_core.package_identification:_identify(src/odometry) by extension 'colcon_meta'
[0.543s] Level 1:colcon.colcon_core.package_identification:_identify(src/odometry) by extensions ['ros']
[0.543s] Level 1:colcon.colcon_core.package_identification:_identify(src/odometry) by extension 'ros'
[0.544s] DEBUG:colcon.colcon_core.package_identification:Package 'src/odometry' with type 'ros.ament_python' and name 'odometry'
[0.544s] Level 1:colcon.colcon_core.package_identification:_identify(src/ros2_astra_camera) by extensions ['ignore', 'ignore_ament_install']
[0.544s] Level 1:colcon.colcon_core.package_identification:_identify(src/ros2_astra_camera) by extension 'ignore'
[0.545s] Level 1:colcon.colcon_core.package_identification:_identify(src/ros2_astra_camera) by extension 'ignore_ament_install'
[0.545s] Level 1:colcon.colcon_core.package_identification:_identify(src/ros2_astra_camera) by extensions ['colcon_pkg']
[0.545s] Level 1:colcon.colcon_core.package_identification:_identify(src/ros2_astra_camera) by extension 'colcon_pkg'
[0.545s] Level 1:colcon.colcon_core.package_identification:_identify(src/ros2_astra_camera) by extensions ['colcon_meta']
[0.545s] Level 1:colcon.colcon_core.package_identification:_identify(src/ros2_astra_camera) by extension 'colcon_meta'
[0.545s] Level 1:colcon.colcon_core.package_identification:_identify(src/ros2_astra_camera) by extensions ['ros']
[0.545s] Level 1:colcon.colcon_core.package_identification:_identify(src/ros2_astra_camera) by extension 'ros'
[0.545s] Level 1:colcon.colcon_core.package_identification:_identify(src/ros2_astra_camera) by extensions ['cmake', 'python']
[0.545s] Level 1:colcon.colcon_core.package_identification:_identify(src/ros2_astra_camera) by extension 'cmake'
[0.545s] Level 1:colcon.colcon_core.package_identification:_identify(src/ros2_astra_camera) by extension 'python'
[0.545s] Level 1:colcon.colcon_core.package_identification:_identify(src/ros2_astra_camera) by extensions ['python_setup_py']
[0.545s] Level 1:colcon.colcon_core.package_identification:_identify(src/ros2_astra_camera) by extension 'python_setup_py'
[0.545s] Level 1:colcon.colcon_core.package_identification:_identify(src/ros2_astra_camera/astra_camera) by extensions ['ignore', 'ignore_ament_install']
[0.545s] Level 1:colcon.colcon_core.package_identification:_identify(src/ros2_astra_camera/astra_camera) by extension 'ignore'
[0.545s] Level 1:colcon.colcon_core.package_identification:_identify(src/ros2_astra_camera/astra_camera) by extension 'ignore_ament_install'
[0.545s] Level 1:colcon.colcon_core.package_identification:_identify(src/ros2_astra_camera/astra_camera) by extensions ['colcon_pkg']
[0.546s] Level 1:colcon.colcon_core.package_identification:_identify(src/ros2_astra_camera/astra_camera) by extension 'colcon_pkg'
[0.546s] Level 1:colcon.colcon_core.package_identification:_identify(src/ros2_astra_camera/astra_camera) by extensions ['colcon_meta']
[0.546s] Level 1:colcon.colcon_core.package_identification:_identify(src/ros2_astra_camera/astra_camera) by extension 'colcon_meta'
[0.546s] Level 1:colcon.colcon_core.package_identification:_identify(src/ros2_astra_camera/astra_camera) by extensions ['ros']
[0.546s] Level 1:colcon.colcon_core.package_identification:_identify(src/ros2_astra_camera/astra_camera) by extension 'ros'
[0.548s] DEBUG:colcon.colcon_core.package_identification:Package 'src/ros2_astra_camera/astra_camera' with type 'ros.ament_cmake' and name 'astra_camera'
[0.549s] Level 1:colcon.colcon_core.package_identification:_identify(src/ros2_astra_camera/astra_camera_msgs) by extensions ['ignore', 'ignore_ament_install']
[0.549s] Level 1:colcon.colcon_core.package_identification:_identify(src/ros2_astra_camera/astra_camera_msgs) by extension 'ignore'
[0.549s] Level 1:colcon.colcon_core.package_identification:_identify(src/ros2_astra_camera/astra_camera_msgs) by extension 'ignore_ament_install'
[0.549s] Level 1:colcon.colcon_core.package_identification:_identify(src/ros2_astra_camera/astra_camera_msgs) by extensions ['colcon_pkg']
[0.549s] Level 1:colcon.colcon_core.package_identification:_identify(src/ros2_astra_camera/astra_camera_msgs) by extension 'colcon_pkg'
[0.549s] Level 1:colcon.colcon_core.package_identification:_identify(src/ros2_astra_camera/astra_camera_msgs) by extensions ['colcon_meta']
[0.549s] Level 1:colcon.colcon_core.package_identification:_identify(src/ros2_astra_camera/astra_camera_msgs) by extension 'colcon_meta'
[0.549s] Level 1:colcon.colcon_core.package_identification:_identify(src/ros2_astra_camera/astra_camera_msgs) by extensions ['ros']
[0.549s] Level 1:colcon.colcon_core.package_identification:_identify(src/ros2_astra_camera/astra_camera_msgs) by extension 'ros'
[0.550s] DEBUG:colcon.colcon_core.package_identification:Package 'src/ros2_astra_camera/astra_camera_msgs' with type 'ros.ament_cmake' and name 'astra_camera_msgs'
[0.550s] Level 1:colcon.colcon_core.package_identification:_identify(src/sllidar_ros2) by extensions ['ignore', 'ignore_ament_install']
[0.550s] Level 1:colcon.colcon_core.package_identification:_identify(src/sllidar_ros2) by extension 'ignore'
[0.550s] Level 1:colcon.colcon_core.package_identification:_identify(src/sllidar_ros2) by extension 'ignore_ament_install'
[0.550s] Level 1:colcon.colcon_core.package_identification:_identify(src/sllidar_ros2) by extensions ['colcon_pkg']
[0.550s] Level 1:colcon.colcon_core.package_identification:_identify(src/sllidar_ros2) by extension 'colcon_pkg'
[0.550s] Level 1:colcon.colcon_core.package_identification:_identify(src/sllidar_ros2) by extensions ['colcon_meta']
[0.551s] Level 1:colcon.colcon_core.package_identification:_identify(src/sllidar_ros2) by extension 'colcon_meta'
[0.551s] Level 1:colcon.colcon_core.package_identification:_identify(src/sllidar_ros2) by extensions ['ros']
[0.551s] Level 1:colcon.colcon_core.package_identification:_identify(src/sllidar_ros2) by extension 'ros'
[0.552s] DEBUG:colcon.colcon_core.package_identification:Package 'src/sllidar_ros2' with type 'ros.ament_cmake' and name 'sllidar_ros2'
[0.552s] Level 1:colcon.colcon_core.package_discovery:discover_packages(recursive) using defaults
[0.552s] Level 1:colcon.colcon_core.package_discovery:discover_packages(ignore) discover
[0.552s] Level 1:colcon.colcon_core.package_discovery:discover_packages(ignore) using defaults
[0.552s] Level 1:colcon.colcon_core.package_discovery:discover_packages(path) discover
[0.552s] Level 1:colcon.colcon_core.package_discovery:discover_packages(path) using defaults
[0.613s] Level 1:colcon.colcon_core.package_discovery:discover_packages(prefix_path) check parameters
[0.614s] Level 1:colcon.colcon_core.package_discovery:discover_packages(prefix_path) discover
[0.619s] DEBUG:colcon.colcon_installed_package_information.package_discovery:Found 6 installed packages in /home/robotec/ros2_ws/install
[0.620s] DEBUG:colcon.colcon_installed_package_information.package_discovery:Found 335 installed packages in /opt/ros/humble
[0.622s] Level 1:colcon.colcon_core.package_discovery:discover_packages(prefix_path) using defaults
[0.692s] Level 5:colcon.colcon_core.verb:set package 'astra_camera_msgs' build argument 'cmake_args' from command line to 'None'
[0.692s] Level 5:colcon.colcon_core.verb:set package 'astra_camera_msgs' build argument 'cmake_target' from command line to 'None'
[0.692s] Level 5:colcon.colcon_core.verb:set package 'astra_camera_msgs' build argument 'cmake_target_skip_unavailable' from command line to 'False'
[0.692s] Level 5:colcon.colcon_core.verb:set package 'astra_camera_msgs' build argument 'cmake_clean_cache' from command line to 'False'
[0.692s] Level 5:colcon.colcon_core.verb:set package 'astra_camera_msgs' build argument 'cmake_clean_first' from command line to 'False'
[0.692s] Level 5:colcon.colcon_core.verb:set package 'astra_camera_msgs' build argument 'cmake_force_configure' from command line to 'False'
[0.692s] Level 5:colcon.colcon_core.verb:set package 'astra_camera_msgs' build argument 'ament_cmake_args' from command line to 'None'
[0.692s] Level 5:colcon.colcon_core.verb:set package 'astra_camera_msgs' build argument 'catkin_cmake_args' from command line to 'None'
[0.692s] Level 5:colcon.colcon_core.verb:set package 'astra_camera_msgs' build argument 'catkin_skip_building_tests' from command line to 'False'
[0.692s] DEBUG:colcon.colcon_core.verb:Building package 'astra_camera_msgs' with the following arguments: {'ament_cmake_args': None, 'build_base': '/home/robotec/ros2_ws/build/astra_camera_msgs', 'catkin_cmake_args': None, 'catkin_skip_building_tests': False, 'cmake_args': None, 'cmake_clean_cache': False, 'cmake_clean_first': False, 'cmake_force_configure': False, 'cmake_target': None, 'cmake_target_skip_unavailable': False, 'install_base': '/home/robotec/ros2_ws/install/astra_camera_msgs', 'merge_install': False, 'path': '/home/robotec/ros2_ws/src/ros2_astra_camera/astra_camera_msgs', 'symlink_install': True, 'test_result_base': None}
[0.693s] Level 5:colcon.colcon_core.verb:set package 'camera_pkg' build argument 'cmake_args' from command line to 'None'
[0.693s] Level 5:colcon.colcon_core.verb:set package 'camera_pkg' build argument 'cmake_target' from command line to 'None'
[0.693s] Level 5:colcon.colcon_core.verb:set package 'camera_pkg' build argument 'cmake_target_skip_unavailable' from command line to 'False'
[0.693s] Level 5:colcon.colcon_core.verb:set package 'camera_pkg' build argument 'cmake_clean_cache' from command line to 'False'
[0.693s] Level 5:colcon.colcon_core.verb:set package 'camera_pkg' build argument 'cmake_clean_first' from command line to 'False'
[0.693s] Level 5:colcon.colcon_core.verb:set package 'camera_pkg' build argument 'cmake_force_configure' from command line to 'False'
[0.693s] Level 5:colcon.colcon_core.verb:set package 'camera_pkg' build argument 'ament_cmake_args' from command line to 'None'
[0.693s] Level 5:colcon.colcon_core.verb:set package 'camera_pkg' build argument 'catkin_cmake_args' from command line to 'None'
[0.693s] Level 5:colcon.colcon_core.verb:set package 'camera_pkg' build argument 'catkin_skip_building_tests' from command line to 'False'
[0.693s] DEBUG:colcon.colcon_core.verb:Building package 'camera_pkg' with the following arguments: {'ament_cmake_args': None, 'build_base': '/home/robotec/ros2_ws/build/camera_pkg', 'catkin_cmake_args': None, 'catkin_skip_building_tests': False, 'cmake_args': None, 'cmake_clean_cache': False, 'cmake_clean_first': False, 'cmake_force_configure': False, 'cmake_target': None, 'cmake_target_skip_unavailable': False, 'install_base': '/home/robotec/ros2_ws/install/camera_pkg', 'merge_install': False, 'path': '/home/robotec/ros2_ws/src/camera_pkg', 'symlink_install': True, 'test_result_base': None}
[0.693s] Level 5:colcon.colcon_core.verb:set package 'libuvc' build argument 'cmake_args' from command line to 'None'
[0.693s] Level 5:colcon.colcon_core.verb:set package 'libuvc' build argument 'cmake_target' from command line to 'None'
[0.693s] Level 5:colcon.colcon_core.verb:set package 'libuvc' build argument 'cmake_target_skip_unavailable' from command line to 'False'
[0.693s] Level 5:colcon.colcon_core.verb:set package 'libuvc' build argument 'cmake_clean_cache' from command line to 'False'
[0.693s] Level 5:colcon.colcon_core.verb:set package 'libuvc' build argument 'cmake_clean_first' from command line to 'False'
[0.693s] Level 5:colcon.colcon_core.verb:set package 'libuvc' build argument 'cmake_force_configure' from command line to 'False'
[0.693s] Level 5:colcon.colcon_core.verb:set package 'libuvc' build argument 'ament_cmake_args' from command line to 'None'
[0.693s] Level 5:colcon.colcon_core.verb:set package 'libuvc' build argument 'catkin_cmake_args' from command line to 'None'
[0.693s] Level 5:colcon.colcon_core.verb:set package 'libuvc' build argument 'catkin_skip_building_tests' from command line to 'False'
[0.694s] DEBUG:colcon.colcon_core.verb:Building package 'libuvc' with the following arguments: {'ament_cmake_args': None, 'build_base': '/home/robotec/ros2_ws/build/libuvc', 'catkin_cmake_args': None, 'catkin_skip_building_tests': False, 'cmake_args': None, 'cmake_clean_cache': False, 'cmake_clean_first': False, 'cmake_force_configure': False, 'cmake_target': None, 'cmake_target_skip_unavailable': False, 'install_base': '/home/robotec/ros2_ws/install/libuvc', 'merge_install': False, 'path': '/home/robotec/ros2_ws/src/libuvc', 'symlink_install': True, 'test_result_base': None}
[0.694s] Level 5:colcon.colcon_core.verb:set package 'odometry' build argument 'cmake_args' from command line to 'None'
[0.694s] Level 5:colcon.colcon_core.verb:set package 'odometry' build argument 'cmake_target' from command line to 'None'
[0.694s] Level 5:colcon.colcon_core.verb:set package 'odometry' build argument 'cmake_target_skip_unavailable' from command line to 'False'
[0.694s] Level 5:colcon.colcon_core.verb:set package 'odometry' build argument 'cmake_clean_cache' from command line to 'False'
[0.694s] Level 5:colcon.colcon_core.verb:set package 'odometry' build argument 'cmake_clean_first' from command line to 'False'
[0.694s] Level 5:colcon.colcon_core.verb:set package 'odometry' build argument 'cmake_force_configure' from command line to 'False'
[0.694s] Level 5:colcon.colcon_core.verb:set package 'odometry' build argument 'ament_cmake_args' from command line to 'None'
[0.694s] Level 5:colcon.colcon_core.verb:set package 'odometry' build argument 'catkin_cmake_args' from command line to 'None'
[0.694s] Level 5:colcon.colcon_core.verb:set package 'odometry' build argument 'catkin_skip_building_tests' from command line to 'False'
[0.694s] DEBUG:colcon.colcon_core.verb:Building package 'odometry' with the following arguments: {'ament_cmake_args': None, 'build_base': '/home/robotec/ros2_ws/build/odometry', 'catkin_cmake_args': None, 'catkin_skip_building_tests': False, 'cmake_args': None, 'cmake_clean_cache': False, 'cmake_clean_first': False, 'cmake_force_configure': False, 'cmake_target': None, 'cmake_target_skip_unavailable': False, 'install_base': '/home/robotec/ros2_ws/install/odometry', 'merge_install': False, 'path': '/home/robotec/ros2_ws/src/odometry', 'symlink_install': True, 'test_result_base': None}
[0.695s] Level 5:colcon.colcon_core.verb:set package 'sllidar_ros2' build argument 'cmake_args' from command line to 'None'
[0.695s] Level 5:colcon.colcon_core.verb:set package 'sllidar_ros2' build argument 'cmake_target' from command line to 'None'
[0.695s] Level 5:colcon.colcon_core.verb:set package 'sllidar_ros2' build argument 'cmake_target_skip_unavailable' from command line to 'False'
[0.695s] Level 5:colcon.colcon_core.verb:set package 'sllidar_ros2' build argument 'cmake_clean_cache' from command line to 'False'
[0.695s] Level 5:colcon.colcon_core.verb:set package 'sllidar_ros2' build argument 'cmake_clean_first' from command line to 'False'
[0.695s] Level 5:colcon.colcon_core.verb:set package 'sllidar_ros2' build argument 'cmake_force_configure' from command line to 'False'
[0.695s] Level 5:colcon.colcon_core.verb:set package 'sllidar_ros2' build argument 'ament_cmake_args' from command line to 'None'
[0.695s] Level 5:colcon.colcon_core.verb:set package 'sllidar_ros2' build argument 'catkin_cmake_args' from command line to 'None'
[0.695s] Level 5:colcon.colcon_core.verb:set package 'sllidar_ros2' build argument 'catkin_skip_building_tests' from command line to 'False'
[0.695s] DEBUG:colcon.colcon_core.verb:Building package 'sllidar_ros2' with the following arguments: {'ament_cmake_args': None, 'build_base': '/home/robotec/ros2_ws/build/sllidar_ros2', 'catkin_cmake_args': None, 'catkin_skip_building_tests': False, 'cmake_args': None, 'cmake_clean_cache': False, 'cmake_clean_first': False, 'cmake_force_configure': False, 'cmake_target': None, 'cmake_target_skip_unavailable': False, 'install_base': '/home/robotec/ros2_ws/install/sllidar_ros2', 'merge_install': False, 'path': '/home/robotec/ros2_ws/src/sllidar_ros2', 'symlink_install': True, 'test_result_base': None}
[0.695s] Level 5:colcon.colcon_core.verb:set package 'astra_camera' build argument 'cmake_args' from command line to 'None'
[0.695s] Level 5:colcon.colcon_core.verb:set package 'astra_camera' build argument 'cmake_target' from command line to 'None'
[0.695s] Level 5:colcon.colcon_core.verb:set package 'astra_camera' build argument 'cmake_target_skip_unavailable' from command line to 'False'
[0.695s] Level 5:colcon.colcon_core.verb:set package 'astra_camera' build argument 'cmake_clean_cache' from command line to 'False'
[0.695s] Level 5:colcon.colcon_core.verb:set package 'astra_camera' build argument 'cmake_clean_first' from command line to 'False'
[0.695s] Level 5:colcon.colcon_core.verb:set package 'astra_camera' build argument 'cmake_force_configure' from command line to 'False'
[0.695s] Level 5:colcon.colcon_core.verb:set package 'astra_camera' build argument 'ament_cmake_args' from command line to 'None'
[0.695s] Level 5:colcon.colcon_core.verb:set package 'astra_camera' build argument 'catkin_cmake_args' from command line to 'None'
[0.695s] Level 5:colcon.colcon_core.verb:set package 'astra_camera' build argument 'catkin_skip_building_tests' from command line to 'False'
[0.696s] DEBUG:colcon.colcon_core.verb:Building package 'astra_camera' with the following arguments: {'ament_cmake_args': None, 'build_base': '/home/robotec/ros2_ws/build/astra_camera', 'catkin_cmake_args': None, 'catkin_skip_building_tests': False, 'cmake_args': None, 'cmake_clean_cache': False, 'cmake_clean_first': False, 'cmake_force_configure': False, 'cmake_target': None, 'cmake_target_skip_unavailable': False, 'install_base': '/home/robotec/ros2_ws/install/astra_camera', 'merge_install': False, 'path': '/home/robotec/ros2_ws/src/ros2_astra_camera/astra_camera', 'symlink_install': True, 'test_result_base': None}
[0.696s] INFO:colcon.colcon_core.executor:Executing jobs using 'parallel' executor
[0.697s] DEBUG:colcon.colcon_parallel_executor.executor.parallel:run_until_complete
[0.697s] INFO:colcon.colcon_ros.task.ament_cmake.build:Building ROS package in '/home/robotec/ros2_ws/src/ros2_astra_camera/astra_camera_msgs' with build type 'ament_cmake'
[0.697s] INFO:colcon.colcon_cmake.task.cmake.build:Building CMake package in '/home/robotec/ros2_ws/src/ros2_astra_camera/astra_camera_msgs'
[0.703s] INFO:colcon.colcon_core.plugin_system:Skipping extension 'colcon_core.shell.bat': Not used on non-Windows systems
[0.704s] INFO:colcon.colcon_core.shell:Skip shell extension 'powershell' for command environment: Not usable outside of PowerShell
[0.704s] DEBUG:colcon.colcon_core.shell:Skip shell extension 'dsv' for command environment
[0.712s] INFO:colcon.colcon_ros.task.ament_python.build:Building ROS package in '/home/robotec/ros2_ws/src/camera_pkg' with build type 'ament_python'
[0.712s] Level 1:colcon.colcon_core.shell:create_environment_hook('camera_pkg', 'ament_prefix_path')
[0.712s] INFO:colcon.colcon_core.shell:Creating environment hook '/home/robotec/ros2_ws/install/camera_pkg/share/camera_pkg/hook/ament_prefix_path.ps1'
[0.714s] INFO:colcon.colcon_core.shell:Creating environment descriptor '/home/robotec/ros2_ws/install/camera_pkg/share/camera_pkg/hook/ament_prefix_path.dsv'
[0.714s] INFO:colcon.colcon_core.shell:Creating environment hook '/home/robotec/ros2_ws/install/camera_pkg/share/camera_pkg/hook/ament_prefix_path.sh'
[0.715s] INFO:colcon.colcon_core.shell:Skip shell extension 'powershell' for command environment: Not usable outside of PowerShell
[0.715s] DEBUG:colcon.colcon_core.shell:Skip shell extension 'dsv' for command environment
[0.719s] INFO:colcon.colcon_cmake.task.cmake.build:Building CMake package in '/home/robotec/ros2_ws/src/libuvc'
[0.719s] INFO:colcon.colcon_core.shell:Skip shell extension 'powershell' for command environment: Not usable outside of PowerShell
[0.719s] DEBUG:colcon.colcon_core.shell:Skip shell extension 'dsv' for command environment
[0.724s] INFO:colcon.colcon_ros.task.ament_python.build:Building ROS package in '/home/robotec/ros2_ws/src/odometry' with build type 'ament_python'
[0.724s] Level 1:colcon.colcon_core.shell:create_environment_hook('odometry', 'ament_prefix_path')
[0.724s] INFO:colcon.colcon_core.shell:Creating environment hook '/home/robotec/ros2_ws/install/odometry/share/odometry/hook/ament_prefix_path.ps1'
[0.726s] INFO:colcon.colcon_core.shell:Creating environment descriptor '/home/robotec/ros2_ws/install/odometry/share/odometry/hook/ament_prefix_path.dsv'
[0.727s] INFO:colcon.colcon_core.shell:Creating environment hook '/home/robotec/ros2_ws/install/odometry/share/odometry/hook/ament_prefix_path.sh'
[0.730s] INFO:colcon.colcon_core.shell:Skip shell extension 'powershell' for command environment: Not usable outside of PowerShell
[0.730s] DEBUG:colcon.colcon_core.shell:Skip shell extension 'dsv' for command environment
[0.752s] DEBUG:colcon.colcon_core.event_handler.log_command:Invoking command in '/home/robotec/ros2_ws/build/astra_camera_msgs': CMAKE_PREFIX_PATH=${CMAKE_PREFIX_PATH}:/home/robotec/ros2_ws/install/odometry:/home/robotec/ros2_ws/install/camera_pkg:/opt/ros/humble /usr/bin/cmake --build /home/robotec/ros2_ws/build/astra_camera_msgs -- -j4 -l4
[1.493s] INFO:colcon.colcon_core.task.python.build:Building Python package in '/home/robotec/ros2_ws/src/camera_pkg'
[1.494s] INFO:colcon.colcon_core.shell:Skip shell extension 'powershell' for command environment: Not usable outside of PowerShell
[1.494s] DEBUG:colcon.colcon_core.shell:Skip shell extension 'dsv' for command environment
[1.506s] DEBUG:colcon.colcon_core.event_handler.log_command:Invoking command in '/home/robotec/ros2_ws/build/libuvc': /usr/bin/cmake --build /home/robotec/ros2_ws/build/libuvc -- -j4 -l4
[1.980s] INFO:colcon.colcon_core.task.python.build:Building Python package in '/home/robotec/ros2_ws/src/odometry'
[1.980s] INFO:colcon.colcon_core.shell:Skip shell extension 'powershell' for command environment: Not usable outside of PowerShell
[1.980s] DEBUG:colcon.colcon_core.shell:Skip shell extension 'dsv' for command environment
[1.990s] DEBUG:colcon.colcon_core.event_handler.log_command:Invoked command in '/home/robotec/ros2_ws/build/libuvc' returned '0': /usr/bin/cmake --build /home/robotec/ros2_ws/build/libuvc -- -j4 -l4
[2.001s] DEBUG:colcon.colcon_core.event_handler.log_command:Invoking command in '/home/robotec/ros2_ws/build/libuvc': /usr/bin/cmake --install /home/robotec/ros2_ws/build/libuvc
[2.002s] DEBUG:colcon.colcon_core.event_handler.log_command:Invoked command in '/home/robotec/ros2_ws/build/astra_camera_msgs' returned '0': CMAKE_PREFIX_PATH=${CMAKE_PREFIX_PATH}:/home/robotec/ros2_ws/install/odometry:/home/robotec/ros2_ws/install/camera_pkg:/opt/ros/humble /usr/bin/cmake --build /home/robotec/ros2_ws/build/astra_camera_msgs -- -j4 -l4
[2.007s] DEBUG:colcon.colcon_core.event_handler.log_command:Invoking command in '/home/robotec/ros2_ws/build/astra_camera_msgs': CMAKE_PREFIX_PATH=${CMAKE_PREFIX_PATH}:/home/robotec/ros2_ws/install/odometry:/home/robotec/ros2_ws/install/camera_pkg:/opt/ros/humble /usr/bin/cmake --install /home/robotec/ros2_ws/build/astra_camera_msgs
[2.025s] Level 1:colcon.colcon_core.environment:create_environment_scripts_only(libuvc)
[2.026s] DEBUG:colcon.colcon_core.event_handler.log_command:Invoked command in '/home/robotec/ros2_ws/build/libuvc' returned '0': /usr/bin/cmake --install /home/robotec/ros2_ws/build/libuvc
[2.048s] Level 1:colcon.colcon_core.environment:checking '/home/robotec/ros2_ws/install/libuvc' for CMake module files
[2.049s] Level 1:colcon.colcon_core.shell:create_environment_hook('libuvc', 'cmake_module_path')
[2.050s] INFO:colcon.colcon_core.shell:Creating environment hook '/home/robotec/ros2_ws/install/libuvc/share/libuvc/hook/cmake_module_path.ps1'
[2.052s] INFO:colcon.colcon_core.shell:Creating environment descriptor '/home/robotec/ros2_ws/install/libuvc/share/libuvc/hook/cmake_module_path.dsv'
[2.053s] INFO:colcon.colcon_core.shell:Creating environment hook '/home/robotec/ros2_ws/install/libuvc/share/libuvc/hook/cmake_module_path.sh'
[2.054s] Level 1:colcon.colcon_core.shell:create_environment_hook('libuvc', 'cmake_module_path1')
[2.055s] INFO:colcon.colcon_core.shell:Creating environment hook '/home/robotec/ros2_ws/install/libuvc/share/libuvc/hook/cmake_module_path1.ps1'
[2.058s] INFO:colcon.colcon_core.shell:Creating environment descriptor '/home/robotec/ros2_ws/install/libuvc/share/libuvc/hook/cmake_module_path1.dsv'
[2.075s] INFO:colcon.colcon_core.shell:Creating environment hook '/home/robotec/ros2_ws/install/libuvc/share/libuvc/hook/cmake_module_path1.sh'
[2.078s] Level 1:colcon.colcon_core.environment:checking '/home/robotec/ros2_ws/install/libuvc' for CMake config files
[2.082s] Level 1:colcon.colcon_core.shell:create_environment_hook('libuvc', 'cmake_prefix_path')
[2.083s] INFO:colcon.colcon_core.shell:Creating environment hook '/home/robotec/ros2_ws/install/libuvc/share/libuvc/hook/cmake_prefix_path.ps1'
[2.084s] INFO:colcon.colcon_core.shell:Creating environment descriptor '/home/robotec/ros2_ws/install/libuvc/share/libuvc/hook/cmake_prefix_path.dsv'
[2.086s] INFO:colcon.colcon_core.shell:Creating environment hook '/home/robotec/ros2_ws/install/libuvc/share/libuvc/hook/cmake_prefix_path.sh'
[2.090s] Level 1:colcon.colcon_core.environment:checking '/home/robotec/ros2_ws/install/libuvc/lib'
[2.091s] Level 1:colcon.colcon_core.shell:create_environment_hook('libuvc', 'ld_library_path_lib')
[2.092s] INFO:colcon.colcon_core.shell:Creating environment hook '/home/robotec/ros2_ws/install/libuvc/share/libuvc/hook/ld_library_path_lib.ps1'
[2.095s] INFO:colcon.colcon_core.shell:Creating environment descriptor '/home/robotec/ros2_ws/install/libuvc/share/libuvc/hook/ld_library_path_lib.dsv'
[2.096s] INFO:colcon.colcon_core.shell:Creating environment hook '/home/robotec/ros2_ws/install/libuvc/share/libuvc/hook/ld_library_path_lib.sh'
[2.098s] Level 1:colcon.colcon_core.environment:checking '/home/robotec/ros2_ws/install/libuvc/bin'
[2.099s] Level 1:colcon.colcon_core.environment:checking '/home/robotec/ros2_ws/install/libuvc/lib/pkgconfig/libuvc.pc'
[2.100s] Level 1:colcon.colcon_core.shell:create_environment_hook('libuvc', 'pkg_config')
[2.102s] INFO:colcon.colcon_core.shell:Creating environment hook '/home/robotec/ros2_ws/install/libuvc/share/libuvc/hook/pkg_config.ps1'
[2.112s] INFO:colcon.colcon_core.shell:Creating environment descriptor '/home/robotec/ros2_ws/install/libuvc/share/libuvc/hook/pkg_config.dsv'
[2.113s] INFO:colcon.colcon_core.shell:Creating environment hook '/home/robotec/ros2_ws/install/libuvc/share/libuvc/hook/pkg_config.sh'
[2.119s] Level 1:colcon.colcon_core.environment:checking '/home/robotec/ros2_ws/install/libuvc/lib/python3.10/site-packages'
[2.119s] Level 1:colcon.colcon_core.environment:checking '/home/robotec/ros2_ws/install/libuvc/bin'
[2.120s] INFO:colcon.colcon_core.shell:Creating package script '/home/robotec/ros2_ws/install/libuvc/share/libuvc/package.ps1'
[2.124s] INFO:colcon.colcon_core.shell:Creating package descriptor '/home/robotec/ros2_ws/install/libuvc/share/libuvc/package.dsv'
[2.132s] INFO:colcon.colcon_core.shell:Creating package script '/home/robotec/ros2_ws/install/libuvc/share/libuvc/package.sh'
[2.145s] INFO:colcon.colcon_core.shell:Creating package script '/home/robotec/ros2_ws/install/libuvc/share/libuvc/package.bash'
[2.149s] INFO:colcon.colcon_core.shell:Creating package script '/home/robotec/ros2_ws/install/libuvc/share/libuvc/package.zsh'
[2.153s] Level 1:colcon.colcon_core.environment:create_file_with_runtime_dependencies(/home/robotec/ros2_ws/install/libuvc/share/colcon-core/packages/libuvc)
[2.156s] INFO:colcon.colcon_ros.task.ament_cmake.build:Building ROS package in '/home/robotec/ros2_ws/src/sllidar_ros2' with build type 'ament_cmake'
[2.157s] INFO:colcon.colcon_cmake.task.cmake.build:Building CMake package in '/home/robotec/ros2_ws/src/sllidar_ros2'
[2.158s] INFO:colcon.colcon_core.shell:Skip shell extension 'powershell' for command environment: Not usable outside of PowerShell
[2.158s] DEBUG:colcon.colcon_core.shell:Skip shell extension 'dsv' for command environment
[2.221s] DEBUG:colcon.colcon_core.event_handler.log_command:Invoking command in '/home/robotec/ros2_ws/build/sllidar_ros2': CMAKE_PREFIX_PATH=${CMAKE_PREFIX_PATH}:/home/robotec/ros2_ws/install/odometry:/home/robotec/ros2_ws/install/camera_pkg:/opt/ros/humble /usr/bin/cmake --build /home/robotec/ros2_ws/build/sllidar_ros2 -- -j4 -l4
[2.458s] Level 1:colcon.colcon_core.environment:create_environment_scripts_only(astra_camera_msgs)
[2.459s] Level 1:colcon.colcon_core.environment:checking '/home/robotec/ros2_ws/install/astra_camera_msgs' for CMake module files
[2.460s] Level 1:colcon.colcon_core.environment:checking '/home/robotec/ros2_ws/install/astra_camera_msgs' for CMake config files
[2.461s] Level 1:colcon.colcon_core.shell:create_environment_hook('astra_camera_msgs', 'cmake_prefix_path')
[2.461s] INFO:colcon.colcon_core.shell:Creating environment hook '/home/robotec/ros2_ws/install/astra_camera_msgs/share/astra_camera_msgs/hook/cmake_prefix_path.ps1'
[2.462s] DEBUG:colcon.colcon_core.event_handler.log_command:Invoked command in '/home/robotec/ros2_ws/build/astra_camera_msgs' returned '0': CMAKE_PREFIX_PATH=${CMAKE_PREFIX_PATH}:/home/robotec/ros2_ws/install/odometry:/home/robotec/ros2_ws/install/camera_pkg:/opt/ros/humble /usr/bin/cmake --install /home/robotec/ros2_ws/build/astra_camera_msgs
[2.463s] INFO:colcon.colcon_core.shell:Creating environment descriptor '/home/robotec/ros2_ws/install/astra_camera_msgs/share/astra_camera_msgs/hook/cmake_prefix_path.dsv'
[2.464s] INFO:colcon.colcon_core.shell:Creating environment hook '/home/robotec/ros2_ws/install/astra_camera_msgs/share/astra_camera_msgs/hook/cmake_prefix_path.sh'
[2.466s] Level 1:colcon.colcon_core.environment:checking '/home/robotec/ros2_ws/install/astra_camera_msgs/lib'
[2.466s] Level 1:colcon.colcon_core.shell:create_environment_hook('astra_camera_msgs', 'ld_library_path_lib')
[2.467s] INFO:colcon.colcon_core.shell:Creating environment hook '/home/robotec/ros2_ws/install/astra_camera_msgs/share/astra_camera_msgs/hook/ld_library_path_lib.ps1'
[2.469s] INFO:colcon.colcon_core.shell:Creating environment descriptor '/home/robotec/ros2_ws/install/astra_camera_msgs/share/astra_camera_msgs/hook/ld_library_path_lib.dsv'
[2.470s] INFO:colcon.colcon_core.shell:Creating environment hook '/home/robotec/ros2_ws/install/astra_camera_msgs/share/astra_camera_msgs/hook/ld_library_path_lib.sh'
[2.471s] Level 1:colcon.colcon_core.environment:checking '/home/robotec/ros2_ws/install/astra_camera_msgs/bin'
[2.471s] Level 1:colcon.colcon_core.environment:checking '/home/robotec/ros2_ws/install/astra_camera_msgs/lib/pkgconfig/astra_camera_msgs.pc'
[2.472s] Level 1:colcon.colcon_core.environment:checking '/home/robotec/ros2_ws/install/astra_camera_msgs/lib/python3.10/site-packages'
[2.473s] Level 1:colcon.colcon_core.environment:checking '/home/robotec/ros2_ws/install/astra_camera_msgs/bin'
[2.474s] INFO:colcon.colcon_core.shell:Creating package script '/home/robotec/ros2_ws/install/astra_camera_msgs/share/astra_camera_msgs/package.ps1'
[2.477s] INFO:colcon.colcon_core.shell:Creating package descriptor '/home/robotec/ros2_ws/install/astra_camera_msgs/share/astra_camera_msgs/package.dsv'
[2.479s] INFO:colcon.colcon_core.shell:Creating package script '/home/robotec/ros2_ws/install/astra_camera_msgs/share/astra_camera_msgs/package.sh'
[2.490s] INFO:colcon.colcon_core.shell:Creating package script '/home/robotec/ros2_ws/install/astra_camera_msgs/share/astra_camera_msgs/package.bash'
[2.492s] INFO:colcon.colcon_core.shell:Creating package script '/home/robotec/ros2_ws/install/astra_camera_msgs/share/astra_camera_msgs/package.zsh'
[2.495s] Level 1:colcon.colcon_core.environment:create_file_with_runtime_dependencies(/home/robotec/ros2_ws/install/astra_camera_msgs/share/colcon-core/packages/astra_camera_msgs)
[2.500s] Level 1:colcon.colcon_core.environment:create_environment_scripts_only(astra_camera_msgs)
[2.500s] Level 1:colcon.colcon_core.environment:checking '/home/robotec/ros2_ws/install/astra_camera_msgs' for CMake module files
[2.503s] Level 1:colcon.colcon_core.environment:checking '/home/robotec/ros2_ws/install/astra_camera_msgs' for CMake config files
[2.504s] Level 1:colcon.colcon_core.shell:create_environment_hook('astra_camera_msgs', 'cmake_prefix_path')
[2.505s] INFO:colcon.colcon_core.shell:Creating environment hook '/home/robotec/ros2_ws/install/astra_camera_msgs/share/astra_camera_msgs/hook/cmake_prefix_path.ps1'
[2.506s] INFO:colcon.colcon_core.shell:Creating environment descriptor '/home/robotec/ros2_ws/install/astra_camera_msgs/share/astra_camera_msgs/hook/cmake_prefix_path.dsv'
[2.507s] INFO:colcon.colcon_core.shell:Creating environment hook '/home/robotec/ros2_ws/install/astra_camera_msgs/share/astra_camera_msgs/hook/cmake_prefix_path.sh'
[2.509s] Level 1:colcon.colcon_core.environment:checking '/home/robotec/ros2_ws/install/astra_camera_msgs/lib'
[2.509s] Level 1:colcon.colcon_core.shell:create_environment_hook('astra_camera_msgs', 'ld_library_path_lib')
[2.510s] INFO:colcon.colcon_core.shell:Creating environment hook '/home/robotec/ros2_ws/install/astra_camera_msgs/share/astra_camera_msgs/hook/ld_library_path_lib.ps1'
[2.512s] INFO:colcon.colcon_core.shell:Creating environment descriptor '/home/robotec/ros2_ws/install/astra_camera_msgs/share/astra_camera_msgs/hook/ld_library_path_lib.dsv'
[2.516s] INFO:colcon.colcon_core.shell:Creating environment hook '/home/robotec/ros2_ws/install/astra_camera_msgs/share/astra_camera_msgs/hook/ld_library_path_lib.sh'
[2.518s] Level 1:colcon.colcon_core.environment:checking '/home/robotec/ros2_ws/install/astra_camera_msgs/bin'
[2.518s] Level 1:colcon.colcon_core.environment:checking '/home/robotec/ros2_ws/install/astra_camera_msgs/lib/pkgconfig/astra_camera_msgs.pc'
[2.519s] Level 1:colcon.colcon_core.environment:checking '/home/robotec/ros2_ws/install/astra_camera_msgs/lib/python3.10/site-packages'
[2.520s] Level 1:colcon.colcon_core.environment:checking '/home/robotec/ros2_ws/install/astra_camera_msgs/bin'
[2.521s] INFO:colcon.colcon_core.shell:Creating package script '/home/robotec/ros2_ws/install/astra_camera_msgs/share/astra_camera_msgs/package.ps1'
[2.522s] INFO:colcon.colcon_core.shell:Creating package descriptor '/home/robotec/ros2_ws/install/astra_camera_msgs/share/astra_camera_msgs/package.dsv'
[2.523s] INFO:colcon.colcon_core.shell:Creating package script '/home/robotec/ros2_ws/install/astra_camera_msgs/share/astra_camera_msgs/package.sh'
[2.524s] INFO:colcon.colcon_core.shell:Creating package script '/home/robotec/ros2_ws/install/astra_camera_msgs/share/astra_camera_msgs/package.bash'
[2.525s] INFO:colcon.colcon_core.shell:Creating package script '/home/robotec/ros2_ws/install/astra_camera_msgs/share/astra_camera_msgs/package.zsh'
[2.526s] Level 1:colcon.colcon_core.environment:create_file_with_runtime_dependencies(/home/robotec/ros2_ws/install/astra_camera_msgs/share/colcon-core/packages/astra_camera_msgs)
[2.527s] INFO:colcon.colcon_ros.task.ament_cmake.build:Building ROS package in '/home/robotec/ros2_ws/src/ros2_astra_camera/astra_camera' with build type 'ament_cmake'
[2.527s] INFO:colcon.colcon_cmake.task.cmake.build:Building CMake package in '/home/robotec/ros2_ws/src/ros2_astra_camera/astra_camera'
[2.529s] INFO:colcon.colcon_core.shell:Skip shell extension 'powershell' for command environment: Not usable outside of PowerShell
[2.530s] DEBUG:colcon.colcon_core.shell:Skip shell extension 'dsv' for command environment
[2.594s] DEBUG:colcon.colcon_core.event_handler.log_command:Invoking command in '/home/robotec/ros2_ws/build/astra_camera': CMAKE_PREFIX_PATH=/home/robotec/ros2_ws/install/astra_camera_msgs:/home/robotec/ros2_ws/install/sllidar_ros2:/home/robotec/ros2_ws/install/libuvc:/home/robotec/ros2_ws/install/astra_camera:/home/robotec/ros2_ws/install/odometry:/home/robotec/ros2_ws/install/camera_pkg:/opt/ros/humble LD_LIBRARY_PATH=/home/robotec/ros2_ws/install/astra_camera_msgs/lib:/home/robotec/ros2_ws/install/libuvc/lib:/home/robotec/ros2_ws/install/astra_camera/lib:/opt/ros/humble/opt/rviz_ogre_vendor/lib:/opt/ros/humble/lib/x86_64-linux-gnu:/opt/ros/humble/lib /usr/bin/cmake --build /home/robotec/ros2_ws/build/astra_camera -- -j4 -l4
[2.610s] DEBUG:colcon.colcon_core.event_handler.log_command:Invoked command in '/home/robotec/ros2_ws/build/sllidar_ros2' returned '0': CMAKE_PREFIX_PATH=${CMAKE_PREFIX_PATH}:/home/robotec/ros2_ws/install/odometry:/home/robotec/ros2_ws/install/camera_pkg:/opt/ros/humble /usr/bin/cmake --build /home/robotec/ros2_ws/build/sllidar_ros2 -- -j4 -l4
[2.631s] DEBUG:colcon.colcon_core.event_handler.log_command:Invoking command in '/home/robotec/ros2_ws/build/sllidar_ros2': CMAKE_PREFIX_PATH=${CMAKE_PREFIX_PATH}:/home/robotec/ros2_ws/install/odometry:/home/robotec/ros2_ws/install/camera_pkg:/opt/ros/humble /usr/bin/cmake --install /home/robotec/ros2_ws/build/sllidar_ros2
[2.825s] Level 1:colcon.colcon_core.environment:create_environment_scripts_only(sllidar_ros2)
[2.826s] Level 1:colcon.colcon_core.environment:checking '/home/robotec/ros2_ws/install/sllidar_ros2' for CMake module files
[2.827s] DEBUG:colcon.colcon_core.event_handler.log_command:Invoked command in '/home/robotec/ros2_ws/build/sllidar_ros2' returned '0': CMAKE_PREFIX_PATH=${CMAKE_PREFIX_PATH}:/home/robotec/ros2_ws/install/odometry:/home/robotec/ros2_ws/install/camera_pkg:/opt/ros/humble /usr/bin/cmake --install /home/robotec/ros2_ws/build/sllidar_ros2
[2.830s] Level 1:colcon.colcon_core.environment:checking '/home/robotec/ros2_ws/install/sllidar_ros2' for CMake config files
[2.832s] Level 1:colcon.colcon_core.shell:create_environment_hook('sllidar_ros2', 'cmake_prefix_path')
[2.832s] INFO:colcon.colcon_core.shell:Creating environment hook '/home/robotec/ros2_ws/install/sllidar_ros2/share/sllidar_ros2/hook/cmake_prefix_path.ps1'
[2.838s] INFO:colcon.colcon_core.shell:Creating environment descriptor '/home/robotec/ros2_ws/install/sllidar_ros2/share/sllidar_ros2/hook/cmake_prefix_path.dsv'
[2.840s] INFO:colcon.colcon_core.shell:Creating environment hook '/home/robotec/ros2_ws/install/sllidar_ros2/share/sllidar_ros2/hook/cmake_prefix_path.sh'
[2.847s] Level 1:colcon.colcon_core.environment:checking '/home/robotec/ros2_ws/install/sllidar_ros2/lib'
[2.849s] Level 1:colcon.colcon_core.environment:checking '/home/robotec/ros2_ws/install/sllidar_ros2/bin'
[2.851s] Level 1:colcon.colcon_core.environment:checking '/home/robotec/ros2_ws/install/sllidar_ros2/lib/pkgconfig/sllidar_ros2.pc'
[2.852s] Level 1:colcon.colcon_core.environment:checking '/home/robotec/ros2_ws/install/sllidar_ros2/lib/python3.10/site-packages'
[2.852s] Level 1:colcon.colcon_core.environment:checking '/home/robotec/ros2_ws/install/sllidar_ros2/bin'
[2.853s] INFO:colcon.colcon_core.shell:Creating package script '/home/robotec/ros2_ws/install/sllidar_ros2/share/sllidar_ros2/package.ps1'
[2.854s] INFO:colcon.colcon_core.shell:Creating package descriptor '/home/robotec/ros2_ws/install/sllidar_ros2/share/sllidar_ros2/package.dsv'
[2.855s] INFO:colcon.colcon_core.shell:Creating package script '/home/robotec/ros2_ws/install/sllidar_ros2/share/sllidar_ros2/package.sh'
[2.856s] INFO:colcon.colcon_core.shell:Creating package script '/home/robotec/ros2_ws/install/sllidar_ros2/share/sllidar_ros2/package.bash'
[2.856s] INFO:colcon.colcon_core.shell:Creating package script '/home/robotec/ros2_ws/install/sllidar_ros2/share/sllidar_ros2/package.zsh'
[2.857s] Level 1:colcon.colcon_core.environment:create_file_with_runtime_dependencies(/home/robotec/ros2_ws/install/sllidar_ros2/share/colcon-core/packages/sllidar_ros2)
[2.858s] Level 1:colcon.colcon_core.environment:create_environment_scripts_only(sllidar_ros2)
[2.859s] Level 1:colcon.colcon_core.environment:checking '/home/robotec/ros2_ws/install/sllidar_ros2' for CMake module files
[2.861s] Level 1:colcon.colcon_core.environment:checking '/home/robotec/ros2_ws/install/sllidar_ros2' for CMake config files
[2.863s] Level 1:colcon.colcon_core.shell:create_environment_hook('sllidar_ros2', 'cmake_prefix_path')
[2.864s] INFO:colcon.colcon_core.shell:Creating environment hook '/home/robotec/ros2_ws/install/sllidar_ros2/share/sllidar_ros2/hook/cmake_prefix_path.ps1'
[2.865s] INFO:colcon.colcon_core.shell:Creating environment descriptor '/home/robotec/ros2_ws/install/sllidar_ros2/share/sllidar_ros2/hook/cmake_prefix_path.dsv'
[2.866s] INFO:colcon.colcon_core.shell:Creating environment hook '/home/robotec/ros2_ws/install/sllidar_ros2/share/sllidar_ros2/hook/cmake_prefix_path.sh'
[2.867s] Level 1:colcon.colcon_core.environment:checking '/home/robotec/ros2_ws/install/sllidar_ros2/lib'
[2.867s] Level 1:colcon.colcon_core.environment:checking '/home/robotec/ros2_ws/install/sllidar_ros2/bin'
[2.867s] Level 1:colcon.colcon_core.environment:checking '/home/robotec/ros2_ws/install/sllidar_ros2/lib/pkgconfig/sllidar_ros2.pc'
[2.868s] Level 1:colcon.colcon_core.environment:checking '/home/robotec/ros2_ws/install/sllidar_ros2/lib/python3.10/site-packages'
[2.868s] Level 1:colcon.colcon_core.environment:checking '/home/robotec/ros2_ws/install/sllidar_ros2/bin'
[2.872s] INFO:colcon.colcon_core.shell:Creating package script '/home/robotec/ros2_ws/install/sllidar_ros2/share/sllidar_ros2/package.ps1'
[2.879s] INFO:colcon.colcon_core.shell:Creating package descriptor '/home/robotec/ros2_ws/install/sllidar_ros2/share/sllidar_ros2/package.dsv'
[2.886s] INFO:colcon.colcon_core.shell:Creating package script '/home/robotec/ros2_ws/install/sllidar_ros2/share/sllidar_ros2/package.sh'
[2.888s] INFO:colcon.colcon_core.shell:Creating package script '/home/robotec/ros2_ws/install/sllidar_ros2/share/sllidar_ros2/package.bash'
[2.890s] INFO:colcon.colcon_core.shell:Creating package script '/home/robotec/ros2_ws/install/sllidar_ros2/share/sllidar_ros2/package.zsh'
[2.891s] Level 1:colcon.colcon_core.environment:create_file_with_runtime_dependencies(/home/robotec/ros2_ws/install/sllidar_ros2/share/colcon-core/packages/sllidar_ros2)
[3.216s] DEBUG:colcon.colcon_core.event_handler.log_command:Invoked command in '/home/robotec/ros2_ws/build/astra_camera' returned '0': CMAKE_PREFIX_PATH=/home/robotec/ros2_ws/install/astra_camera_msgs:/home/robotec/ros2_ws/install/sllidar_ros2:/home/robotec/ros2_ws/install/libuvc:/home/robotec/ros2_ws/install/astra_camera:/home/robotec/ros2_ws/install/odometry:/home/robotec/ros2_ws/install/camera_pkg:/opt/ros/humble LD_LIBRARY_PATH=/home/robotec/ros2_ws/install/astra_camera_msgs/lib:/home/robotec/ros2_ws/install/libuvc/lib:/home/robotec/ros2_ws/install/astra_camera/lib:/opt/ros/humble/opt/rviz_ogre_vendor/lib:/opt/ros/humble/lib/x86_64-linux-gnu:/opt/ros/humble/lib /usr/bin/cmake --build /home/robotec/ros2_ws/build/astra_camera -- -j4 -l4
[3.219s] DEBUG:colcon.colcon_core.event_handler.log_command:Invoking command in '/home/robotec/ros2_ws/build/astra_camera': CMAKE_PREFIX_PATH=/home/robotec/ros2_ws/install/astra_camera_msgs:/home/robotec/ros2_ws/install/sllidar_ros2:/home/robotec/ros2_ws/install/libuvc:/home/robotec/ros2_ws/install/astra_camera:/home/robotec/ros2_ws/install/odometry:/home/robotec/ros2_ws/install/camera_pkg:/opt/ros/humble LD_LIBRARY_PATH=/home/robotec/ros2_ws/install/astra_camera_msgs/lib:/home/robotec/ros2_ws/install/libuvc/lib:/home/robotec/ros2_ws/install/astra_camera/lib:/opt/ros/humble/opt/rviz_ogre_vendor/lib:/opt/ros/humble/lib/x86_64-linux-gnu:/opt/ros/humble/lib /usr/bin/cmake --install /home/robotec/ros2_ws/build/astra_camera
[3.293s] Level 1:colcon.colcon_core.environment:create_environment_scripts_only(astra_camera)
[3.294s] Level 1:colcon.colcon_core.environment:checking '/home/robotec/ros2_ws/install/astra_camera' for CMake module files
[3.296s] DEBUG:colcon.colcon_core.event_handler.log_command:Invoked command in '/home/robotec/ros2_ws/build/astra_camera' returned '0': CMAKE_PREFIX_PATH=/home/robotec/ros2_ws/install/astra_camera_msgs:/home/robotec/ros2_ws/install/sllidar_ros2:/home/robotec/ros2_ws/install/libuvc:/home/robotec/ros2_ws/install/astra_camera:/home/robotec/ros2_ws/install/odometry:/home/robotec/ros2_ws/install/camera_pkg:/opt/ros/humble LD_LIBRARY_PATH=/home/robotec/ros2_ws/install/astra_camera_msgs/lib:/home/robotec/ros2_ws/install/libuvc/lib:/home/robotec/ros2_ws/install/astra_camera/lib:/opt/ros/humble/opt/rviz_ogre_vendor/lib:/opt/ros/humble/lib/x86_64-linux-gnu:/opt/ros/humble/lib /usr/bin/cmake --install /home/robotec/ros2_ws/build/astra_camera
[3.298s] Level 1:colcon.colcon_core.environment:checking '/home/robotec/ros2_ws/install/astra_camera' for CMake config files
[3.299s] Level 1:colcon.colcon_core.shell:create_environment_hook('astra_camera', 'cmake_prefix_path')
[3.302s] INFO:colcon.colcon_core.shell:Creating environment hook '/home/robotec/ros2_ws/install/astra_camera/share/astra_camera/hook/cmake_prefix_path.ps1'
[3.304s] INFO:colcon.colcon_core.shell:Creating environment descriptor '/home/robotec/ros2_ws/install/astra_camera/share/astra_camera/hook/cmake_prefix_path.dsv'
[3.305s] INFO:colcon.colcon_core.shell:Creating environment hook '/home/robotec/ros2_ws/install/astra_camera/share/astra_camera/hook/cmake_prefix_path.sh'
[3.307s] Level 1:colcon.colcon_core.environment:checking '/home/robotec/ros2_ws/install/astra_camera/lib'
[3.307s] Level 1:colcon.colcon_core.shell:create_environment_hook('astra_camera', 'ld_library_path_lib')
[3.309s] INFO:colcon.colcon_core.shell:Creating environment hook '/home/robotec/ros2_ws/install/astra_camera/share/astra_camera/hook/ld_library_path_lib.ps1'
[3.311s] INFO:colcon.colcon_core.shell:Creating environment descriptor '/home/robotec/ros2_ws/install/astra_camera/share/astra_camera/hook/ld_library_path_lib.dsv'
[3.319s] INFO:colcon.colcon_core.shell:Creating environment hook '/home/robotec/ros2_ws/install/astra_camera/share/astra_camera/hook/ld_library_path_lib.sh'
[3.320s] Level 1:colcon.colcon_core.environment:checking '/home/robotec/ros2_ws/install/astra_camera/bin'
[3.321s] Level 1:colcon.colcon_core.environment:checking '/home/robotec/ros2_ws/install/astra_camera/lib/pkgconfig/astra_camera.pc'
[3.321s] Level 1:colcon.colcon_core.environment:checking '/home/robotec/ros2_ws/install/astra_camera/lib/python3.10/site-packages'
[3.322s] Level 1:colcon.colcon_core.environment:checking '/home/robotec/ros2_ws/install/astra_camera/bin'
[3.322s] INFO:colcon.colcon_core.shell:Creating package script '/home/robotec/ros2_ws/install/astra_camera/share/astra_camera/package.ps1'
[3.324s] INFO:colcon.colcon_core.shell:Creating package descriptor '/home/robotec/ros2_ws/install/astra_camera/share/astra_camera/package.dsv'
[3.325s] INFO:colcon.colcon_core.shell:Creating package script '/home/robotec/ros2_ws/install/astra_camera/share/astra_camera/package.sh'
[3.326s] INFO:colcon.colcon_core.shell:Creating package script '/home/robotec/ros2_ws/install/astra_camera/share/astra_camera/package.bash'
[3.327s] INFO:colcon.colcon_core.shell:Creating package script '/home/robotec/ros2_ws/install/astra_camera/share/astra_camera/package.zsh'
[3.327s] Level 1:colcon.colcon_core.environment:create_file_with_runtime_dependencies(/home/robotec/ros2_ws/install/astra_camera/share/colcon-core/packages/astra_camera)
[3.329s] Level 1:colcon.colcon_core.environment:create_environment_scripts_only(astra_camera)
[3.329s] Level 1:colcon.colcon_core.environment:checking '/home/robotec/ros2_ws/install/astra_camera' for CMake module files
[3.330s] Level 1:colcon.colcon_core.environment:checking '/home/robotec/ros2_ws/install/astra_camera' for CMake config files
[3.331s] Level 1:colcon.colcon_core.shell:create_environment_hook('astra_camera', 'cmake_prefix_path')
[3.331s] INFO:colcon.colcon_core.shell:Creating environment hook '/home/robotec/ros2_ws/install/astra_camera/share/astra_camera/hook/cmake_prefix_path.ps1'
[3.332s] INFO:colcon.colcon_core.shell:Creating environment descriptor '/home/robotec/ros2_ws/install/astra_camera/share/astra_camera/hook/cmake_prefix_path.dsv'
[3.334s] INFO:colcon.colcon_core.shell:Creating environment hook '/home/robotec/ros2_ws/install/astra_camera/share/astra_camera/hook/cmake_prefix_path.sh'
[3.335s] Level 1:colcon.colcon_core.environment:checking '/home/robotec/ros2_ws/install/astra_camera/lib'
[3.335s] Level 1:colcon.colcon_core.shell:create_environment_hook('astra_camera', 'ld_library_path_lib')
[3.336s] INFO:colcon.colcon_core.shell:Creating environment hook '/home/robotec/ros2_ws/install/astra_camera/share/astra_camera/hook/ld_library_path_lib.ps1'
[3.337s] INFO:colcon.colcon_core.shell:Creating environment descriptor '/home/robotec/ros2_ws/install/astra_camera/share/astra_camera/hook/ld_library_path_lib.dsv'
[3.339s] INFO:colcon.colcon_core.shell:Creating environment hook '/home/robotec/ros2_ws/install/astra_camera/share/astra_camera/hook/ld_library_path_lib.sh'
[3.340s] Level 1:colcon.colcon_core.environment:checking '/home/robotec/ros2_ws/install/astra_camera/bin'
[3.341s] Level 1:colcon.colcon_core.environment:checking '/home/robotec/ros2_ws/install/astra_camera/lib/pkgconfig/astra_camera.pc'
[3.341s] Level 1:colcon.colcon_core.environment:checking '/home/robotec/ros2_ws/install/astra_camera/lib/python3.10/site-packages'
[3.342s] Level 1:colcon.colcon_core.environment:checking '/home/robotec/ros2_ws/install/astra_camera/bin'
[3.343s] INFO:colcon.colcon_core.shell:Creating package script '/home/robotec/ros2_ws/install/astra_camera/share/astra_camera/package.ps1'
[3.344s] INFO:colcon.colcon_core.shell:Creating package descriptor '/home/robotec/ros2_ws/install/astra_camera/share/astra_camera/package.dsv'
[3.346s] INFO:colcon.colcon_core.shell:Creating package script '/home/robotec/ros2_ws/install/astra_camera/share/astra_camera/package.sh'
[3.351s] INFO:colcon.colcon_core.shell:Creating package script '/home/robotec/ros2_ws/install/astra_camera/share/astra_camera/package.bash'
[3.353s] INFO:colcon.colcon_core.shell:Creating package script '/home/robotec/ros2_ws/install/astra_camera/share/astra_camera/package.zsh'
[3.355s] Level 1:colcon.colcon_core.environment:create_file_with_runtime_dependencies(/home/robotec/ros2_ws/install/astra_camera/share/colcon-core/packages/astra_camera)
[3.384s] DEBUG:colcon.colcon_core.event_handler.log_command:Invoking command in '/home/robotec/ros2_ws/build/odometry': PYTHONPATH=/home/robotec/ros2_ws/build/odometry/prefix_override:/usr/lib/python3/dist-packages/colcon_core/task/python/colcon_distutils_commands:/home/robotec/ros2_ws/install/odometry/lib/python3.10/site-packages:${PYTHONPATH} /usr/bin/python3 -W ignore:setup.py install is deprecated -W ignore:easy_install command is deprecated setup.py develop --editable --build-directory /home/robotec/ros2_ws/build/odometry/build --no-deps symlink_data
[3.391s] DEBUG:colcon.colcon_core.event_handler.log_command:Invoking command in '/home/robotec/ros2_ws/build/camera_pkg': PYTHONPATH=/home/robotec/ros2_ws/build/camera_pkg/prefix_override:/usr/lib/python3/dist-packages/colcon_core/task/python/colcon_distutils_commands:/home/robotec/ros2_ws/install/camera_pkg/lib/python3.10/site-packages:${PYTHONPATH} /usr/bin/python3 -W ignore:setup.py install is deprecated -W ignore:easy_install command is deprecated setup.py develop --editable --build-directory /home/robotec/ros2_ws/build/camera_pkg/build --no-deps symlink_data
[4.550s] Level 1:colcon.colcon_core.shell:create_environment_hook('camera_pkg', 'pythonpath_develop')
[4.551s] INFO:colcon.colcon_core.shell:Creating environment hook '/home/robotec/ros2_ws/build/camera_pkg/share/camera_pkg/hook/pythonpath_develop.ps1'
[4.551s] DEBUG:colcon.colcon_core.event_handler.log_command:Invoked command in '/home/robotec/ros2_ws/build/camera_pkg' returned '0': PYTHONPATH=/home/robotec/ros2_ws/build/camera_pkg/prefix_override:/usr/lib/python3/dist-packages/colcon_core/task/python/colcon_distutils_commands:/home/robotec/ros2_ws/install/camera_pkg/lib/python3.10/site-packages:${PYTHONPATH} /usr/bin/python3 -W ignore:setup.py install is deprecated -W ignore:easy_install command is deprecated setup.py develop --editable --build-directory /home/robotec/ros2_ws/build/camera_pkg/build --no-deps symlink_data
[4.552s] INFO:colcon.colcon_core.shell:Creating environment descriptor '/home/robotec/ros2_ws/build/camera_pkg/share/camera_pkg/hook/pythonpath_develop.dsv'
[4.553s] INFO:colcon.colcon_core.shell:Creating environment hook '/home/robotec/ros2_ws/build/camera_pkg/share/camera_pkg/hook/pythonpath_develop.sh'
[4.553s] Level 1:colcon.colcon_core.environment:checking '/home/robotec/ros2_ws/install/camera_pkg' for CMake module files
[4.554s] Level 1:colcon.colcon_core.environment:checking '/home/robotec/ros2_ws/install/camera_pkg' for CMake config files
[4.555s] Level 1:colcon.colcon_core.environment:checking '/home/robotec/ros2_ws/install/camera_pkg/lib'
[4.555s] Level 1:colcon.colcon_core.environment:checking '/home/robotec/ros2_ws/install/camera_pkg/bin'
[4.555s] Level 1:colcon.colcon_core.environment:checking '/home/robotec/ros2_ws/install/camera_pkg/lib/pkgconfig/camera_pkg.pc'
[4.555s] Level 1:colcon.colcon_core.environment:checking '/home/robotec/ros2_ws/install/camera_pkg/lib/python3.10/site-packages'
[4.555s] Level 1:colcon.colcon_core.shell:create_environment_hook('camera_pkg', 'pythonpath')
[4.556s] INFO:colcon.colcon_core.shell:Creating environment hook '/home/robotec/ros2_ws/install/camera_pkg/share/camera_pkg/hook/pythonpath.ps1'
[4.556s] INFO:colcon.colcon_core.shell:Creating environment descriptor '/home/robotec/ros2_ws/install/camera_pkg/share/camera_pkg/hook/pythonpath.dsv'
[4.557s] INFO:colcon.colcon_core.shell:Creating environment hook '/home/robotec/ros2_ws/install/camera_pkg/share/camera_pkg/hook/pythonpath.sh'
[4.558s] Level 1:colcon.colcon_core.environment:checking '/home/robotec/ros2_ws/install/camera_pkg/bin'
[4.558s] Level 1:colcon.colcon_core.environment:create_environment_scripts_only(camera_pkg)
[4.559s] INFO:colcon.colcon_core.shell:Creating package script '/home/robotec/ros2_ws/install/camera_pkg/share/camera_pkg/package.ps1'
[4.560s] INFO:colcon.colcon_core.shell:Creating package descriptor '/home/robotec/ros2_ws/install/camera_pkg/share/camera_pkg/package.dsv'
[4.560s] INFO:colcon.colcon_core.shell:Creating package script '/home/robotec/ros2_ws/install/camera_pkg/share/camera_pkg/package.sh'
[4.561s] INFO:colcon.colcon_core.shell:Creating package script '/home/robotec/ros2_ws/install/camera_pkg/share/camera_pkg/package.bash'
[4.562s] INFO:colcon.colcon_core.shell:Creating package script '/home/robotec/ros2_ws/install/camera_pkg/share/camera_pkg/package.zsh'
[4.562s] Level 1:colcon.colcon_core.environment:create_file_with_runtime_dependencies(/home/robotec/ros2_ws/install/camera_pkg/share/colcon-core/packages/camera_pkg)
[4.580s] Level 1:colcon.colcon_core.shell:create_environment_hook('odometry', 'pythonpath_develop')
[4.581s] DEBUG:colcon.colcon_core.event_handler.log_command:Invoked command in '/home/robotec/ros2_ws/build/odometry' returned '0': PYTHONPATH=/home/robotec/ros2_ws/build/odometry/prefix_override:/usr/lib/python3/dist-packages/colcon_core/task/python/colcon_distutils_commands:/home/robotec/ros2_ws/install/odometry/lib/python3.10/site-packages:${PYTHONPATH} /usr/bin/python3 -W ignore:setup.py install is deprecated -W ignore:easy_install command is deprecated setup.py develop --editable --build-directory /home/robotec/ros2_ws/build/odometry/build --no-deps symlink_data
[4.581s] INFO:colcon.colcon_core.shell:Creating environment hook '/home/robotec/ros2_ws/build/odometry/share/odometry/hook/pythonpath_develop.ps1'
[4.582s] INFO:colcon.colcon_core.shell:Creating environment descriptor '/home/robotec/ros2_ws/build/odometry/share/odometry/hook/pythonpath_develop.dsv'
[4.582s] INFO:colcon.colcon_core.shell:Creating environment hook '/home/robotec/ros2_ws/build/odometry/share/odometry/hook/pythonpath_develop.sh'
[4.583s] Level 1:colcon.colcon_core.environment:checking '/home/robotec/ros2_ws/install/odometry' for CMake module files
[4.583s] Level 1:colcon.colcon_core.environment:checking '/home/robotec/ros2_ws/install/odometry' for CMake config files
[4.584s] Level 1:colcon.colcon_core.environment:checking '/home/robotec/ros2_ws/install/odometry/lib'
[4.584s] Level 1:colcon.colcon_core.environment:checking '/home/robotec/ros2_ws/install/odometry/bin'
[4.584s] Level 1:colcon.colcon_core.environment:checking '/home/robotec/ros2_ws/install/odometry/lib/pkgconfig/odometry.pc'
[4.584s] Level 1:colcon.colcon_core.environment:checking '/home/robotec/ros2_ws/install/odometry/lib/python3.10/site-packages'
[4.585s] Level 1:colcon.colcon_core.shell:create_environment_hook('odometry', 'pythonpath')
[4.585s] INFO:colcon.colcon_core.shell:Creating environment hook '/home/robotec/ros2_ws/install/odometry/share/odometry/hook/pythonpath.ps1'
[4.585s] INFO:colcon.colcon_core.shell:Creating environment descriptor '/home/robotec/ros2_ws/install/odometry/share/odometry/hook/pythonpath.dsv'
[4.586s] INFO:colcon.colcon_core.shell:Creating environment hook '/home/robotec/ros2_ws/install/odometry/share/odometry/hook/pythonpath.sh'
[4.586s] Level 1:colcon.colcon_core.environment:checking '/home/robotec/ros2_ws/install/odometry/bin'
[4.586s] Level 1:colcon.colcon_core.environment:create_environment_scripts_only(odometry)
[4.587s] INFO:colcon.colcon_core.shell:Creating package script '/home/robotec/ros2_ws/install/odometry/share/odometry/package.ps1'
[4.587s] INFO:colcon.colcon_core.shell:Creating package descriptor '/home/robotec/ros2_ws/install/odometry/share/odometry/package.dsv'
[4.588s] INFO:colcon.colcon_core.shell:Creating package script '/home/robotec/ros2_ws/install/odometry/share/odometry/package.sh'
[4.588s] INFO:colcon.colcon_core.shell:Creating package script '/home/robotec/ros2_ws/install/odometry/share/odometry/package.bash'
[4.589s] INFO:colcon.colcon_core.shell:Creating package script '/home/robotec/ros2_ws/install/odometry/share/odometry/package.zsh'
[4.589s] Level 1:colcon.colcon_core.environment:create_file_with_runtime_dependencies(/home/robotec/ros2_ws/install/odometry/share/colcon-core/packages/odometry)
[4.589s] DEBUG:colcon.colcon_parallel_executor.executor.parallel:closing loop
[4.590s] DEBUG:colcon.colcon_parallel_executor.executor.parallel:loop closed
[4.590s] DEBUG:colcon.colcon_parallel_executor.executor.parallel:run_until_complete finished with '0'
[4.590s] DEBUG:colcon.colcon_core.event_reactor:joining thread
[4.599s] INFO:colcon.colcon_core.plugin_system:Skipping extension 'colcon_notification.desktop_notification.terminal_notifier': Not used on non-Darwin systems
[4.599s] INFO:colcon.colcon_core.plugin_system:Skipping extension 'colcon_notification.desktop_notification.win32': Not used on non-Windows systems
[4.600s] INFO:colcon.colcon_notification.desktop_notification:Sending desktop notification using 'notify2'
[4.623s] DEBUG:colcon.colcon_core.event_reactor:joined thread
[4.624s] INFO:colcon.colcon_core.shell:Creating prefix script '/home/robotec/ros2_ws/install/local_setup.ps1'
[4.626s] INFO:colcon.colcon_core.shell:Creating prefix util module '/home/robotec/ros2_ws/install/_local_setup_util_ps1.py'
[4.631s] INFO:colcon.colcon_core.shell:Creating prefix chain script '/home/robotec/ros2_ws/install/setup.ps1'
[4.635s] INFO:colcon.colcon_core.shell:Creating prefix script '/home/robotec/ros2_ws/install/local_setup.sh'
[4.640s] INFO:colcon.colcon_core.shell:Creating prefix util module '/home/robotec/ros2_ws/install/_local_setup_util_sh.py'
[4.643s] INFO:colcon.colcon_core.shell:Creating prefix chain script '/home/robotec/ros2_ws/install/setup.sh'
[4.646s] INFO:colcon.colcon_core.shell:Creating prefix script '/home/robotec/ros2_ws/install/local_setup.bash'
[4.648s] INFO:colcon.colcon_core.shell:Creating prefix chain script '/home/robotec/ros2_ws/install/setup.bash'
[4.650s] INFO:colcon.colcon_core.shell:Creating prefix script '/home/robotec/ros2_ws/install/local_setup.zsh'
[4.651s] INFO:colcon.colcon_core.shell:Creating prefix chain script '/home/robotec/ros2_ws/install/setup.zsh'
