[2.531s] Invoking command in '/home/robotec/ros2_ws/src/arm_pkg': PYTHONPATH=/home/robotec/ros2_ws/build/arm_pkg/prefix_override:/usr/lib/python3/dist-packages/colcon_core/task/python/colcon_distutils_commands:/home/robotec/ros2_ws/install/arm_pkg/lib/python3.10/site-packages:${PYTHONPATH} /usr/bin/python3 -W ignore:setup.py install is deprecated -W ignore:easy_install command is deprecated setup.py egg_info --egg-base ../../build/arm_pkg build --build-base /home/robotec/ros2_ws/build/arm_pkg/build install --record /home/robotec/ros2_ws/build/arm_pkg/install.log --single-version-externally-managed install_data
[3.099s] running egg_info
[3.100s] writing ../../build/arm_pkg/arm_pkg.egg-info/PKG-INFO
[3.101s] writing dependency_links to ../../build/arm_pkg/arm_pkg.egg-info/dependency_links.txt
[3.101s] writing entry points to ../../build/arm_pkg/arm_pkg.egg-info/entry_points.txt
[3.103s] writing requirements to ../../build/arm_pkg/arm_pkg.egg-info/requires.txt
[3.103s] writing top-level names to ../../build/arm_pkg/arm_pkg.egg-info/top_level.txt
[3.105s] reading manifest file '../../build/arm_pkg/arm_pkg.egg-info/SOURCES.txt'
[3.107s] writing manifest file '../../build/arm_pkg/arm_pkg.egg-info/SOURCES.txt'
[3.107s] running build
[3.108s] running build_py
[3.110s] running install
[3.110s] running install_lib
[3.113s] running install_data
[3.115s] running install_egg_info
[3.120s] removing '/home/robotec/ros2_ws/install/arm_pkg/lib/python3.10/site-packages/arm_pkg-0.0.0-py3.10.egg-info' (and everything under it)
[3.120s] Copying ../../build/arm_pkg/arm_pkg.egg-info to /home/robotec/ros2_ws/install/arm_pkg/lib/python3.10/site-packages/arm_pkg-0.0.0-py3.10.egg-info
[3.121s] running install_scripts
[3.169s] Installing clicked_point_subscriber script to /home/robotec/ros2_ws/install/arm_pkg/lib/arm_pkg
[3.173s] writing list of installed files to '/home/robotec/ros2_ws/build/arm_pkg/install.log'
[3.263s] Invoked command in '/home/robotec/ros2_ws/src/arm_pkg' returned '0': PYTHONPATH=/home/robotec/ros2_ws/build/arm_pkg/prefix_override:/usr/lib/python3/dist-packages/colcon_core/task/python/colcon_distutils_commands:/home/robotec/ros2_ws/install/arm_pkg/lib/python3.10/site-packages:${PYTHONPATH} /usr/bin/python3 -W ignore:setup.py install is deprecated -W ignore:easy_install command is deprecated setup.py egg_info --egg-base ../../build/arm_pkg build --build-base /home/robotec/ros2_ws/build/arm_pkg/build install --record /home/robotec/ros2_ws/build/arm_pkg/install.log --single-version-externally-managed install_data
