[2.840s] Invoking command in '/home/ras4/nuc_ws/src/xbox_control_pkg': PYTHONPATH=/home/ras4/nuc_ws/build/xbox_control_pkg/prefix_override:/usr/lib/python3/dist-packages/colcon_core/task/python/colcon_distutils_commands:/home/ras4/nuc_ws/install/xbox_control_pkg/lib/python3.10/site-packages:${PYTHONPATH} /usr/bin/python3 -W ignore:setup.py install is deprecated -W ignore:easy_install command is deprecated setup.py egg_info --egg-base ../../build/xbox_control_pkg build --build-base /home/ras4/nuc_ws/build/xbox_control_pkg/build install --record /home/ras4/nuc_ws/build/xbox_control_pkg/install.log --single-version-externally-managed install_data
[3.905s] running egg_info
[3.907s] writing ../../build/xbox_control_pkg/xbox_control_pkg.egg-info/PKG-INFO
[3.908s] writing dependency_links to ../../build/xbox_control_pkg/xbox_control_pkg.egg-info/dependency_links.txt
[3.909s] writing entry points to ../../build/xbox_control_pkg/xbox_control_pkg.egg-info/entry_points.txt
[3.910s] writing requirements to ../../build/xbox_control_pkg/xbox_control_pkg.egg-info/requires.txt
[3.911s] writing top-level names to ../../build/xbox_control_pkg/xbox_control_pkg.egg-info/top_level.txt
[3.919s] reading manifest file '../../build/xbox_control_pkg/xbox_control_pkg.egg-info/SOURCES.txt'
[3.923s] writing manifest file '../../build/xbox_control_pkg/xbox_control_pkg.egg-info/SOURCES.txt'
[3.924s] running build
[3.925s] running build_py
[3.925s] running install
[3.927s] running install_lib
[3.932s] running install_data
[3.932s] running install_egg_info
[3.940s] removing '/home/ras4/nuc_ws/install/xbox_control_pkg/lib/python3.10/site-packages/xbox_control_pkg-0.0.0-py3.10.egg-info' (and everything under it)
[3.941s] Copying ../../build/xbox_control_pkg/xbox_control_pkg.egg-info to /home/ras4/nuc_ws/install/xbox_control_pkg/lib/python3.10/site-packages/xbox_control_pkg-0.0.0-py3.10.egg-info
[3.946s] running install_scripts
[4.028s] Installing control_rizz_node script to /home/ras4/nuc_ws/install/xbox_control_pkg/lib/xbox_control_pkg
[4.028s] Installing xbox_control_node script to /home/ras4/nuc_ws/install/xbox_control_pkg/lib/xbox_control_pkg
[4.030s] writing list of installed files to '/home/ras4/nuc_ws/build/xbox_control_pkg/install.log'
[4.148s] Invoked command in '/home/ras4/nuc_ws/src/xbox_control_pkg' returned '0': PYTHONPATH=/home/ras4/nuc_ws/build/xbox_control_pkg/prefix_override:/usr/lib/python3/dist-packages/colcon_core/task/python/colcon_distutils_commands:/home/ras4/nuc_ws/install/xbox_control_pkg/lib/python3.10/site-packages:${PYTHONPATH} /usr/bin/python3 -W ignore:setup.py install is deprecated -W ignore:easy_install command is deprecated setup.py egg_info --egg-base ../../build/xbox_control_pkg build --build-base /home/ras4/nuc_ws/build/xbox_control_pkg/build install --record /home/ras4/nuc_ws/build/xbox_control_pkg/install.log --single-version-externally-managed install_data
