[2.898s] Invoking command in '/home/ras4/nuc_ws/src/xbox_control_pkg': PYTHONPATH=/home/ras4/nuc_ws/build/xbox_control_pkg/prefix_override:/usr/lib/python3/dist-packages/colcon_core/task/python/colcon_distutils_commands:/home/ras4/nuc_ws/install/xbox_control_pkg/lib/python3.10/site-packages:${PYTHONPATH} /usr/bin/python3 -W ignore:setup.py install is deprecated -W ignore:easy_install command is deprecated setup.py egg_info --egg-base ../../build/xbox_control_pkg build --build-base /home/ras4/nuc_ws/build/xbox_control_pkg/build install --record /home/ras4/nuc_ws/build/xbox_control_pkg/install.log --single-version-externally-managed install_data
[4.079s] running egg_info
[4.082s] writing ../../build/xbox_control_pkg/xbox_control_pkg.egg-info/PKG-INFO
[4.084s] writing dependency_links to ../../build/xbox_control_pkg/xbox_control_pkg.egg-info/dependency_links.txt
[4.086s] writing entry points to ../../build/xbox_control_pkg/xbox_control_pkg.egg-info/entry_points.txt
[4.087s] writing requirements to ../../build/xbox_control_pkg/xbox_control_pkg.egg-info/requires.txt
[4.087s] writing top-level names to ../../build/xbox_control_pkg/xbox_control_pkg.egg-info/top_level.txt
[4.095s] reading manifest file '../../build/xbox_control_pkg/xbox_control_pkg.egg-info/SOURCES.txt'
[4.099s] writing manifest file '../../build/xbox_control_pkg/xbox_control_pkg.egg-info/SOURCES.txt'
[4.100s] running build
[4.100s] running build_py
[4.101s] copying xbox_control_pkg/xbox_control_node.py -> /home/ras4/nuc_ws/build/xbox_control_pkg/build/lib/xbox_control_pkg
[4.102s] running install
[4.103s] running install_lib
[4.107s] copying /home/ras4/nuc_ws/build/xbox_control_pkg/build/lib/xbox_control_pkg/xbox_control_node.py -> /home/ras4/nuc_ws/install/xbox_control_pkg/lib/python3.10/site-packages/xbox_control_pkg
[4.110s] byte-compiling /home/ras4/nuc_ws/install/xbox_control_pkg/lib/python3.10/site-packages/xbox_control_pkg/xbox_control_node.py to xbox_control_node.cpython-310.pyc
[4.114s] running install_data
[4.115s] running install_egg_info
[4.122s] removing '/home/ras4/nuc_ws/install/xbox_control_pkg/lib/python3.10/site-packages/xbox_control_pkg-0.0.0-py3.10.egg-info' (and everything under it)
[4.124s] Copying ../../build/xbox_control_pkg/xbox_control_pkg.egg-info to /home/ras4/nuc_ws/install/xbox_control_pkg/lib/python3.10/site-packages/xbox_control_pkg-0.0.0-py3.10.egg-info
[4.129s] running install_scripts
[4.213s] Installing control_rizz_node script to /home/ras4/nuc_ws/install/xbox_control_pkg/lib/xbox_control_pkg
[4.214s] Installing xbox_control_node script to /home/ras4/nuc_ws/install/xbox_control_pkg/lib/xbox_control_pkg
[4.216s] writing list of installed files to '/home/ras4/nuc_ws/build/xbox_control_pkg/install.log'
[4.354s] Invoked command in '/home/ras4/nuc_ws/src/xbox_control_pkg' returned '0': PYTHONPATH=/home/ras4/nuc_ws/build/xbox_control_pkg/prefix_override:/usr/lib/python3/dist-packages/colcon_core/task/python/colcon_distutils_commands:/home/ras4/nuc_ws/install/xbox_control_pkg/lib/python3.10/site-packages:${PYTHONPATH} /usr/bin/python3 -W ignore:setup.py install is deprecated -W ignore:easy_install command is deprecated setup.py egg_info --egg-base ../../build/xbox_control_pkg build --build-base /home/ras4/nuc_ws/build/xbox_control_pkg/build install --record /home/ras4/nuc_ws/build/xbox_control_pkg/install.log --single-version-externally-managed install_data
