[3.853s] Invoking command in '/home/ras4/nuc_ws/build/sllidar_ros2': CMAKE_PREFIX_PATH=${CMAKE_PREFIX_PATH}:/home/ras4/nuc_ws/install/xbox_control_pkg:/home/ras4/nuc_ws/install/odometry_pkg:/home/ras4/nuc_ws/install/camera_pkg:/home/ras4/nuc_ws/install/arm_pkg:/opt/ros/humble /usr/bin/cmake --build /home/ras4/nuc_ws/build/sllidar_ros2 -- -j4 -l4
[4.320s] [ 90%] Built target sllidar_node
[4.356s] [100%] Built target sllidar_client
[4.435s] Invoked command in '/home/ras4/nuc_ws/build/sllidar_ros2' returned '0': CMAKE_PREFIX_PATH=${CMAKE_PREFIX_PATH}:/home/ras4/nuc_ws/install/xbox_control_pkg:/home/ras4/nuc_ws/install/odometry_pkg:/home/ras4/nuc_ws/install/camera_pkg:/home/ras4/nuc_ws/install/arm_pkg:/opt/ros/humble /usr/bin/cmake --build /home/ras4/nuc_ws/build/sllidar_ros2 -- -j4 -l4
[4.489s] Invoking command in '/home/ras4/nuc_ws/build/sllidar_ros2': CMAKE_PREFIX_PATH=${CMAKE_PREFIX_PATH}:/home/ras4/nuc_ws/install/xbox_control_pkg:/home/ras4/nuc_ws/install/odometry_pkg:/home/ras4/nuc_ws/install/camera_pkg:/home/ras4/nuc_ws/install/arm_pkg:/opt/ros/humble /usr/bin/cmake --install /home/ras4/nuc_ws/build/sllidar_ros2
[4.531s] -- Install configuration: ""
[4.531s] -- Up-to-date: /home/ras4/nuc_ws/install/sllidar_ros2/share/sllidar_ros2/launch
[4.532s] -- Up-to-date: /home/ras4/nuc_ws/install/sllidar_ros2/share/sllidar_ros2/launch/view_sllidar_c1_launch.py
[4.533s] -- Up-to-date: /home/ras4/nuc_ws/install/sllidar_ros2/share/sllidar_ros2/launch/sllidar_s3_launch.py
[4.533s] -- Up-to-date: /home/ras4/nuc_ws/install/sllidar_ros2/share/sllidar_ros2/launch/sllidar_a2m8_launch.py
[4.534s] -- Up-to-date: /home/ras4/nuc_ws/install/sllidar_ros2/share/sllidar_ros2/launch/view_sllidar_s1_tcp_launch.py
[4.535s] -- Up-to-date: /home/ras4/nuc_ws/install/sllidar_ros2/share/sllidar_ros2/launch/sllidar_s1_tcp_launch.py
[4.535s] -- Up-to-date: /home/ras4/nuc_ws/install/sllidar_ros2/share/sllidar_ros2/launch/sllidar_c1_launch.py
[4.537s] -- Up-to-date: /home/ras4/nuc_ws/install/sllidar_ros2/share/sllidar_ros2/launch/sllidar_s1_launch.py
[4.537s] -- Up-to-date: /home/ras4/nuc_ws/install/sllidar_ros2/share/sllidar_ros2/launch/sllidar_s2_launch.py
[4.545s] -- Up-to-date: /home/ras4/nuc_ws/install/sllidar_ros2/share/sllidar_ros2/launch/view_sllidar_a2m8_launch.py
[4.546s] -- Up-to-date: /home/ras4/nuc_ws/install/sllidar_ros2/share/sllidar_ros2/launch/view_sllidar_a3_launch.py
[4.546s] -- Up-to-date: /home/ras4/nuc_ws/install/sllidar_ros2/share/sllidar_ros2/launch/view_sllidar_s2_launch.py
[4.547s] -- Up-to-date: /home/ras4/nuc_ws/install/sllidar_ros2/share/sllidar_ros2/launch/view_sllidar_a2m12_launch.py
[4.547s] -- Up-to-date: /home/ras4/nuc_ws/install/sllidar_ros2/share/sllidar_ros2/launch/view_sllidar_s1_launch.py
[4.547s] -- Up-to-date: /home/ras4/nuc_ws/install/sllidar_ros2/share/sllidar_ros2/launch/sllidar_s2e_launch.py
[4.548s] -- Up-to-date: /home/ras4/nuc_ws/install/sllidar_ros2/share/sllidar_ros2/launch/sllidar_a2m12_launch .py
[4.549s] -- Up-to-date: /home/ras4/nuc_ws/install/sllidar_ros2/share/sllidar_ros2/launch/sllidar_t1_launch.py
[4.549s] -- Up-to-date: /home/ras4/nuc_ws/install/sllidar_ros2/share/sllidar_ros2/launch/view_sllidar_a2m7_launch.py
[4.550s] -- Up-to-date: /home/ras4/nuc_ws/install/sllidar_ros2/share/sllidar_ros2/launch/view_sllidar_t1_launch.py
[4.550s] -- Up-to-date: /home/ras4/nuc_ws/install/sllidar_ros2/share/sllidar_ros2/launch/sllidar_a2m7_launch.py
[4.551s] -- Up-to-date: /home/ras4/nuc_ws/install/sllidar_ros2/share/sllidar_ros2/launch/view_sllidar_s3_launch.py
[4.551s] -- Up-to-date: /home/ras4/nuc_ws/install/sllidar_ros2/share/sllidar_ros2/launch/view_sllidar_s2e_launch.py
[4.552s] -- Up-to-date: /home/ras4/nuc_ws/install/sllidar_ros2/share/sllidar_ros2/launch/sllidar_a3_launch.py
[4.554s] -- Up-to-date: /home/ras4/nuc_ws/install/sllidar_ros2/share/sllidar_ros2/launch/sllidar_a1_launch.py
[4.561s] -- Up-to-date: /home/ras4/nuc_ws/install/sllidar_ros2/share/sllidar_ros2/launch/view_sllidar_a1_launch.py
[4.562s] -- Up-to-date: /home/ras4/nuc_ws/install/sllidar_ros2/share/sllidar_ros2/rviz
[4.562s] -- Up-to-date: /home/ras4/nuc_ws/install/sllidar_ros2/share/sllidar_ros2/rviz/sllidar_ros2.rviz
[4.563s] -- Up-to-date: /home/ras4/nuc_ws/install/sllidar_ros2/lib/sllidar_ros2/sllidar_node
[4.564s] -- Up-to-date: /home/ras4/nuc_ws/install/sllidar_ros2/lib/sllidar_ros2/sllidar_client
[4.565s] -- Up-to-date: /home/ras4/nuc_ws/install/sllidar_ros2/share/ament_index/resource_index/package_run_dependencies/sllidar_ros2
[4.567s] -- Up-to-date: /home/ras4/nuc_ws/install/sllidar_ros2/share/ament_index/resource_index/parent_prefix_path/sllidar_ros2
[4.569s] -- Up-to-date: /home/ras4/nuc_ws/install/sllidar_ros2/share/sllidar_ros2/environment/ament_prefix_path.sh
[4.585s] -- Up-to-date: /home/ras4/nuc_ws/install/sllidar_ros2/share/sllidar_ros2/environment/ament_prefix_path.dsv
[4.586s] -- Up-to-date: /home/ras4/nuc_ws/install/sllidar_ros2/share/sllidar_ros2/environment/path.sh
[4.586s] -- Up-to-date: /home/ras4/nuc_ws/install/sllidar_ros2/share/sllidar_ros2/environment/path.dsv
[4.587s] -- Up-to-date: /home/ras4/nuc_ws/install/sllidar_ros2/share/sllidar_ros2/local_setup.bash
[4.587s] -- Up-to-date: /home/ras4/nuc_ws/install/sllidar_ros2/share/sllidar_ros2/local_setup.sh
[4.588s] -- Up-to-date: /home/ras4/nuc_ws/install/sllidar_ros2/share/sllidar_ros2/local_setup.zsh
[4.588s] -- Up-to-date: /home/ras4/nuc_ws/install/sllidar_ros2/share/sllidar_ros2/local_setup.dsv
[4.589s] -- Installing: /home/ras4/nuc_ws/install/sllidar_ros2/share/sllidar_ros2/package.dsv
[4.590s] -- Up-to-date: /home/ras4/nuc_ws/install/sllidar_ros2/share/ament_index/resource_index/packages/sllidar_ros2
[4.590s] -- Up-to-date: /home/ras4/nuc_ws/install/sllidar_ros2/share/sllidar_ros2/cmake/ament_cmake_export_dependencies-extras.cmake
[4.591s] -- Up-to-date: /home/ras4/nuc_ws/install/sllidar_ros2/share/sllidar_ros2/cmake/ament_cmake_export_include_directories-extras.cmake
[4.592s] -- Up-to-date: /home/ras4/nuc_ws/install/sllidar_ros2/share/sllidar_ros2/cmake/sllidar_ros2Config.cmake
[4.592s] -- Up-to-date: /home/ras4/nuc_ws/install/sllidar_ros2/share/sllidar_ros2/cmake/sllidar_ros2Config-version.cmake
[4.593s] -- Up-to-date: /home/ras4/nuc_ws/install/sllidar_ros2/share/sllidar_ros2/package.xml
[4.594s] Invoked command in '/home/ras4/nuc_ws/build/sllidar_ros2' returned '0': CMAKE_PREFIX_PATH=${CMAKE_PREFIX_PATH}:/home/ras4/nuc_ws/install/xbox_control_pkg:/home/ras4/nuc_ws/install/odometry_pkg:/home/ras4/nuc_ws/install/camera_pkg:/home/ras4/nuc_ws/install/arm_pkg:/opt/ros/humble /usr/bin/cmake --install /home/ras4/nuc_ws/build/sllidar_ros2
