[0.980s] DEBUG:colcon:Command line arguments: ['/usr/bin/colcon', 'build', '--executor', 'sequential']
[0.980s] DEBUG:colcon:Parsed command line arguments: Namespace(log_base=None, log_level=None, verb_name='build', build_base='build', install_base='install', merge_install=False, symlink_install=False, test_result_base=None, continue_on_error=False, executor='sequential', parallel_workers=4, event_handlers=None, ignore_user_meta=False, metas=['./colcon.meta'], base_paths=['.'], packages_ignore=None, packages_ignore_regex=None, paths=None, packages_up_to=None, packages_up_to_regex=None, packages_above=None, packages_above_and_dependencies=None, packages_above_depth=None, packages_select_by_dep=None, packages_skip_by_dep=None, packages_skip_up_to=None, packages_select_build_failed=False, packages_skip_build_finished=False, packages_select_test_failures=False, packages_skip_test_passed=False, packages_select=None, packages_skip=None, packages_select_regex=None, packages_skip_regex=None, packages_start=None, packages_end=None, allow_overriding=[], cmake_args=None, cmake_target=None, cmake_target_skip_unavailable=False, cmake_clean_cache=False, cmake_clean_first=False, cmake_force_configure=False, ament_cmake_args=None, catkin_cmake_args=None, catkin_skip_building_tests=False, verb_parser=<colcon_defaults.argument_parser.defaults.DefaultArgumentsDecorator object at 0xffff8f431300>, verb_extension=<colcon_core.verb.build.BuildVerb object at 0xffff8f5ca770>, main=<bound method BuildVerb.main of <colcon_core.verb.build.BuildVerb object at 0xffff8f5ca770>>)
[2.117s] Level 1:colcon.colcon_core.package_discovery:discover_packages(colcon_meta) check parameters
[2.117s] Level 1:colcon.colcon_core.package_discovery:discover_packages(recursive) check parameters
[2.117s] Level 1:colcon.colcon_core.package_discovery:discover_packages(ignore) check parameters
[2.118s] Level 1:colcon.colcon_core.package_discovery:discover_packages(path) check parameters
[2.118s] Level 1:colcon.colcon_core.package_discovery:discover_packages(colcon_meta) discover
[2.118s] Level 1:colcon.colcon_core.package_discovery:discover_packages(recursive) discover
[2.118s] INFO:colcon.colcon_core.package_discovery:Crawling recursively for packages in '/home/ras4/nuc_ws/src'
[2.119s] Level 1:colcon.colcon_core.package_identification:_identify(.) by extensions ['ignore', 'ignore_ament_install']
[2.119s] Level 1:colcon.colcon_core.package_identification:_identify(.) by extension 'ignore'
[2.119s] Level 1:colcon.colcon_core.package_identification:_identify(.) by extension 'ignore_ament_install'
[2.119s] Level 1:colcon.colcon_core.package_identification:_identify(.) by extensions ['colcon_pkg']
[2.120s] Level 1:colcon.colcon_core.package_identification:_identify(.) by extension 'colcon_pkg'
[2.120s] Level 1:colcon.colcon_core.package_identification:_identify(.) by extensions ['colcon_meta']
[2.120s] Level 1:colcon.colcon_core.package_identification:_identify(.) by extension 'colcon_meta'
[2.120s] Level 1:colcon.colcon_core.package_identification:_identify(.) by extensions ['ros']
[2.120s] Level 1:colcon.colcon_core.package_identification:_identify(.) by extension 'ros'
[2.193s] Level 1:colcon.colcon_core.package_identification:_identify(.) by extensions ['cmake', 'python']
[2.193s] Level 1:colcon.colcon_core.package_identification:_identify(.) by extension 'cmake'
[2.193s] Level 1:colcon.colcon_core.package_identification:_identify(.) by extension 'python'
[2.193s] Level 1:colcon.colcon_core.package_identification:_identify(.) by extensions ['python_setup_py']
[2.193s] Level 1:colcon.colcon_core.package_identification:_identify(.) by extension 'python_setup_py'
[2.195s] Level 1:colcon.colcon_core.package_identification:_identify(arm_pkg) by extensions ['ignore', 'ignore_ament_install']
[2.195s] Level 1:colcon.colcon_core.package_identification:_identify(arm_pkg) by extension 'ignore'
[2.195s] Level 1:colcon.colcon_core.package_identification:_identify(arm_pkg) by extension 'ignore_ament_install'
[2.195s] Level 1:colcon.colcon_core.package_identification:_identify(arm_pkg) by extensions ['colcon_pkg']
[2.196s] Level 1:colcon.colcon_core.package_identification:_identify(arm_pkg) by extension 'colcon_pkg'
[2.196s] Level 1:colcon.colcon_core.package_identification:_identify(arm_pkg) by extensions ['colcon_meta']
[2.196s] Level 1:colcon.colcon_core.package_identification:_identify(arm_pkg) by extension 'colcon_meta'
[2.196s] Level 1:colcon.colcon_core.package_identification:_identify(arm_pkg) by extensions ['ros']
[2.196s] Level 1:colcon.colcon_core.package_identification:_identify(arm_pkg) by extension 'ros'
[2.209s] DEBUG:colcon.colcon_core.package_identification:Package 'arm_pkg' with type 'ros.ament_python' and name 'arm_pkg'
[2.210s] Level 1:colcon.colcon_core.package_identification:_identify(build) by extensions ['ignore', 'ignore_ament_install']
[2.210s] Level 1:colcon.colcon_core.package_identification:_identify(build) by extension 'ignore'
[2.210s] Level 1:colcon.colcon_core.package_identification:_identify(build) ignored
[2.211s] Level 1:colcon.colcon_core.package_identification:_identify(camera_pkg) by extensions ['ignore', 'ignore_ament_install']
[2.212s] Level 1:colcon.colcon_core.package_identification:_identify(camera_pkg) by extension 'ignore'
[2.212s] Level 1:colcon.colcon_core.package_identification:_identify(camera_pkg) by extension 'ignore_ament_install'
[2.212s] Level 1:colcon.colcon_core.package_identification:_identify(camera_pkg) by extensions ['colcon_pkg']
[2.212s] Level 1:colcon.colcon_core.package_identification:_identify(camera_pkg) by extension 'colcon_pkg'
[2.213s] Level 1:colcon.colcon_core.package_identification:_identify(camera_pkg) by extensions ['colcon_meta']
[2.213s] Level 1:colcon.colcon_core.package_identification:_identify(camera_pkg) by extension 'colcon_meta'
[2.213s] Level 1:colcon.colcon_core.package_identification:_identify(camera_pkg) by extensions ['ros']
[2.213s] Level 1:colcon.colcon_core.package_identification:_identify(camera_pkg) by extension 'ros'
[2.219s] DEBUG:colcon.colcon_core.package_identification:Package 'camera_pkg' with type 'ros.ament_python' and name 'camera_pkg'
[2.220s] Level 1:colcon.colcon_core.package_identification:_identify(install) by extensions ['ignore', 'ignore_ament_install']
[2.220s] Level 1:colcon.colcon_core.package_identification:_identify(install) by extension 'ignore'
[2.220s] Level 1:colcon.colcon_core.package_identification:_identify(install) ignored
[2.221s] Level 1:colcon.colcon_core.package_identification:_identify(libuvc) by extensions ['ignore', 'ignore_ament_install']
[2.222s] Level 1:colcon.colcon_core.package_identification:_identify(libuvc) by extension 'ignore'
[2.222s] Level 1:colcon.colcon_core.package_identification:_identify(libuvc) by extension 'ignore_ament_install'
[2.222s] Level 1:colcon.colcon_core.package_identification:_identify(libuvc) by extensions ['colcon_pkg']
[2.222s] Level 1:colcon.colcon_core.package_identification:_identify(libuvc) by extension 'colcon_pkg'
[2.223s] Level 1:colcon.colcon_core.package_identification:_identify(libuvc) by extensions ['colcon_meta']
[2.223s] Level 1:colcon.colcon_core.package_identification:_identify(libuvc) by extension 'colcon_meta'
[2.223s] Level 1:colcon.colcon_core.package_identification:_identify(libuvc) by extensions ['ros']
[2.223s] Level 1:colcon.colcon_core.package_identification:_identify(libuvc) by extension 'ros'
[2.223s] Level 1:colcon.colcon_core.package_identification:_identify(libuvc) by extensions ['cmake', 'python']
[2.224s] Level 1:colcon.colcon_core.package_identification:_identify(libuvc) by extension 'cmake'
[2.224s] Level 1:colcon.colcon_core.package_identification:_identify(libuvc) by extension 'python'
[2.224s] Level 1:colcon.colcon_core.package_identification:_identify(libuvc) by extensions ['python_setup_py']
[2.224s] Level 1:colcon.colcon_core.package_identification:_identify(libuvc) by extension 'python_setup_py'
[2.225s] Level 1:colcon.colcon_core.package_identification:_identify(log) by extensions ['ignore', 'ignore_ament_install']
[2.225s] Level 1:colcon.colcon_core.package_identification:_identify(log) by extension 'ignore'
[2.225s] Level 1:colcon.colcon_core.package_identification:_identify(log) ignored
[2.226s] Level 1:colcon.colcon_core.package_identification:_identify(odometry_pkg) by extensions ['ignore', 'ignore_ament_install']
[2.226s] Level 1:colcon.colcon_core.package_identification:_identify(odometry_pkg) by extension 'ignore'
[2.227s] Level 1:colcon.colcon_core.package_identification:_identify(odometry_pkg) by extension 'ignore_ament_install'
[2.227s] Level 1:colcon.colcon_core.package_identification:_identify(odometry_pkg) by extensions ['colcon_pkg']
[2.227s] Level 1:colcon.colcon_core.package_identification:_identify(odometry_pkg) by extension 'colcon_pkg'
[2.227s] Level 1:colcon.colcon_core.package_identification:_identify(odometry_pkg) by extensions ['colcon_meta']
[2.227s] Level 1:colcon.colcon_core.package_identification:_identify(odometry_pkg) by extension 'colcon_meta'
[2.228s] Level 1:colcon.colcon_core.package_identification:_identify(odometry_pkg) by extensions ['ros']
[2.228s] Level 1:colcon.colcon_core.package_identification:_identify(odometry_pkg) by extension 'ros'
[2.232s] DEBUG:colcon.colcon_core.package_identification:Package 'odometry_pkg' with type 'ros.ament_python' and name 'odometry_pkg'
[2.234s] Level 1:colcon.colcon_core.package_identification:_identify(ros2_astra_camera) by extensions ['ignore', 'ignore_ament_install']
[2.234s] Level 1:colcon.colcon_core.package_identification:_identify(ros2_astra_camera) by extension 'ignore'
[2.234s] Level 1:colcon.colcon_core.package_identification:_identify(ros2_astra_camera) by extension 'ignore_ament_install'
[2.235s] Level 1:colcon.colcon_core.package_identification:_identify(ros2_astra_camera) by extensions ['colcon_pkg']
[2.235s] Level 1:colcon.colcon_core.package_identification:_identify(ros2_astra_camera) by extension 'colcon_pkg'
[2.235s] Level 1:colcon.colcon_core.package_identification:_identify(ros2_astra_camera) by extensions ['colcon_meta']
[2.235s] Level 1:colcon.colcon_core.package_identification:_identify(ros2_astra_camera) by extension 'colcon_meta'
[2.235s] Level 1:colcon.colcon_core.package_identification:_identify(ros2_astra_camera) by extensions ['ros']
[2.235s] Level 1:colcon.colcon_core.package_identification:_identify(ros2_astra_camera) by extension 'ros'
[2.236s] Level 1:colcon.colcon_core.package_identification:_identify(ros2_astra_camera) by extensions ['cmake', 'python']
[2.236s] Level 1:colcon.colcon_core.package_identification:_identify(ros2_astra_camera) by extension 'cmake'
[2.236s] Level 1:colcon.colcon_core.package_identification:_identify(ros2_astra_camera) by extension 'python'
[2.236s] Level 1:colcon.colcon_core.package_identification:_identify(ros2_astra_camera) by extensions ['python_setup_py']
[2.236s] Level 1:colcon.colcon_core.package_identification:_identify(ros2_astra_camera) by extension 'python_setup_py'
[2.237s] Level 1:colcon.colcon_core.package_identification:_identify(ros2_astra_camera/astra_camera) by extensions ['ignore', 'ignore_ament_install']
[2.238s] Level 1:colcon.colcon_core.package_identification:_identify(ros2_astra_camera/astra_camera) by extension 'ignore'
[2.238s] Level 1:colcon.colcon_core.package_identification:_identify(ros2_astra_camera/astra_camera) by extension 'ignore_ament_install'
[2.238s] Level 1:colcon.colcon_core.package_identification:_identify(ros2_astra_camera/astra_camera) by extensions ['colcon_pkg']
[2.238s] Level 1:colcon.colcon_core.package_identification:_identify(ros2_astra_camera/astra_camera) by extension 'colcon_pkg'
[2.239s] Level 1:colcon.colcon_core.package_identification:_identify(ros2_astra_camera/astra_camera) by extensions ['colcon_meta']
[2.239s] Level 1:colcon.colcon_core.package_identification:_identify(ros2_astra_camera/astra_camera) by extension 'colcon_meta'
[2.239s] Level 1:colcon.colcon_core.package_identification:_identify(ros2_astra_camera/astra_camera) by extensions ['ros']
[2.239s] Level 1:colcon.colcon_core.package_identification:_identify(ros2_astra_camera/astra_camera) by extension 'ros'
[2.248s] DEBUG:colcon.colcon_core.package_identification:Package 'ros2_astra_camera/astra_camera' with type 'ros.ament_cmake' and name 'astra_camera'
[2.249s] Level 1:colcon.colcon_core.package_identification:_identify(ros2_astra_camera/astra_camera_msgs) by extensions ['ignore', 'ignore_ament_install']
[2.250s] Level 1:colcon.colcon_core.package_identification:_identify(ros2_astra_camera/astra_camera_msgs) by extension 'ignore'
[2.250s] Level 1:colcon.colcon_core.package_identification:_identify(ros2_astra_camera/astra_camera_msgs) by extension 'ignore_ament_install'
[2.250s] Level 1:colcon.colcon_core.package_identification:_identify(ros2_astra_camera/astra_camera_msgs) by extensions ['colcon_pkg']
[2.251s] Level 1:colcon.colcon_core.package_identification:_identify(ros2_astra_camera/astra_camera_msgs) by extension 'colcon_pkg'
[2.251s] Level 1:colcon.colcon_core.package_identification:_identify(ros2_astra_camera/astra_camera_msgs) by extensions ['colcon_meta']
[2.251s] Level 1:colcon.colcon_core.package_identification:_identify(ros2_astra_camera/astra_camera_msgs) by extension 'colcon_meta'
[2.251s] Level 1:colcon.colcon_core.package_identification:_identify(ros2_astra_camera/astra_camera_msgs) by extensions ['ros']
[2.251s] Level 1:colcon.colcon_core.package_identification:_identify(ros2_astra_camera/astra_camera_msgs) by extension 'ros'
[2.254s] DEBUG:colcon.colcon_core.package_identification:Package 'ros2_astra_camera/astra_camera_msgs' with type 'ros.ament_cmake' and name 'astra_camera_msgs'
[2.255s] Level 1:colcon.colcon_core.package_identification:_identify(sllidar_ros2) by extensions ['ignore', 'ignore_ament_install']
[2.256s] Level 1:colcon.colcon_core.package_identification:_identify(sllidar_ros2) by extension 'ignore'
[2.256s] Level 1:colcon.colcon_core.package_identification:_identify(sllidar_ros2) by extension 'ignore_ament_install'
[2.256s] Level 1:colcon.colcon_core.package_identification:_identify(sllidar_ros2) by extensions ['colcon_pkg']
[2.256s] Level 1:colcon.colcon_core.package_identification:_identify(sllidar_ros2) by extension 'colcon_pkg'
[2.257s] Level 1:colcon.colcon_core.package_identification:_identify(sllidar_ros2) by extensions ['colcon_meta']
[2.257s] Level 1:colcon.colcon_core.package_identification:_identify(sllidar_ros2) by extension 'colcon_meta'
[2.257s] Level 1:colcon.colcon_core.package_identification:_identify(sllidar_ros2) by extensions ['ros']
[2.257s] Level 1:colcon.colcon_core.package_identification:_identify(sllidar_ros2) by extension 'ros'
[2.264s] DEBUG:colcon.colcon_core.package_identification:Package 'sllidar_ros2' with type 'ros.ament_cmake' and name 'sllidar_ros2'
[2.265s] Level 1:colcon.colcon_core.package_identification:_identify(xbox_control_pkg) by extensions ['ignore', 'ignore_ament_install']
[2.266s] Level 1:colcon.colcon_core.package_identification:_identify(xbox_control_pkg) by extension 'ignore'
[2.266s] Level 1:colcon.colcon_core.package_identification:_identify(xbox_control_pkg) by extension 'ignore_ament_install'
[2.266s] Level 1:colcon.colcon_core.package_identification:_identify(xbox_control_pkg) by extensions ['colcon_pkg']
[2.266s] Level 1:colcon.colcon_core.package_identification:_identify(xbox_control_pkg) by extension 'colcon_pkg'
[2.267s] Level 1:colcon.colcon_core.package_identification:_identify(xbox_control_pkg) by extensions ['colcon_meta']
[2.267s] Level 1:colcon.colcon_core.package_identification:_identify(xbox_control_pkg) by extension 'colcon_meta'
[2.267s] Level 1:colcon.colcon_core.package_identification:_identify(xbox_control_pkg) by extensions ['ros']
[2.267s] Level 1:colcon.colcon_core.package_identification:_identify(xbox_control_pkg) by extension 'ros'
[2.271s] DEBUG:colcon.colcon_core.package_identification:Package 'xbox_control_pkg' with type 'ros.ament_python' and name 'xbox_control_pkg'
[2.271s] Level 1:colcon.colcon_core.package_discovery:discover_packages(recursive) using defaults
[2.272s] Level 1:colcon.colcon_core.package_discovery:discover_packages(ignore) discover
[2.272s] Level 1:colcon.colcon_core.package_discovery:discover_packages(ignore) using defaults
[2.272s] Level 1:colcon.colcon_core.package_discovery:discover_packages(path) discover
[2.272s] Level 1:colcon.colcon_core.package_discovery:discover_packages(path) using defaults
[2.417s] Level 1:colcon.colcon_core.package_discovery:discover_packages(prefix_path) check parameters
[2.417s] Level 1:colcon.colcon_core.package_discovery:discover_packages(prefix_path) discover
[2.434s] DEBUG:colcon.colcon_installed_package_information.package_discovery:Found 6 installed packages in /home/ras4/nuc_ws/src/install
[2.437s] DEBUG:colcon.colcon_installed_package_information.package_discovery:Found 7 installed packages in /home/ras4/nuc_ws/install
[2.449s] DEBUG:colcon.colcon_installed_package_information.package_discovery:Found 276 installed packages in /opt/ros/humble
[2.492s] Level 1:colcon.colcon_core.package_discovery:discover_packages(prefix_path) using defaults
[2.681s] Level 5:colcon.colcon_core.verb:set package 'arm_pkg' build argument 'cmake_args' from command line to 'None'
[2.681s] Level 5:colcon.colcon_core.verb:set package 'arm_pkg' build argument 'cmake_target' from command line to 'None'
[2.681s] Level 5:colcon.colcon_core.verb:set package 'arm_pkg' build argument 'cmake_target_skip_unavailable' from command line to 'False'
[2.681s] Level 5:colcon.colcon_core.verb:set package 'arm_pkg' build argument 'cmake_clean_cache' from command line to 'False'
[2.681s] Level 5:colcon.colcon_core.verb:set package 'arm_pkg' build argument 'cmake_clean_first' from command line to 'False'
[2.681s] Level 5:colcon.colcon_core.verb:set package 'arm_pkg' build argument 'cmake_force_configure' from command line to 'False'
[2.681s] Level 5:colcon.colcon_core.verb:set package 'arm_pkg' build argument 'ament_cmake_args' from command line to 'None'
[2.681s] Level 5:colcon.colcon_core.verb:set package 'arm_pkg' build argument 'catkin_cmake_args' from command line to 'None'
[2.682s] Level 5:colcon.colcon_core.verb:set package 'arm_pkg' build argument 'catkin_skip_building_tests' from command line to 'False'
[2.682s] DEBUG:colcon.colcon_core.verb:Building package 'arm_pkg' with the following arguments: {'ament_cmake_args': None, 'build_base': '/home/ras4/nuc_ws/src/build/arm_pkg', 'catkin_cmake_args': None, 'catkin_skip_building_tests': False, 'cmake_args': None, 'cmake_clean_cache': False, 'cmake_clean_first': False, 'cmake_force_configure': False, 'cmake_target': None, 'cmake_target_skip_unavailable': False, 'install_base': '/home/ras4/nuc_ws/src/install/arm_pkg', 'merge_install': False, 'path': '/home/ras4/nuc_ws/src/arm_pkg', 'symlink_install': False, 'test_result_base': None}
[2.683s] Level 5:colcon.colcon_core.verb:set package 'astra_camera_msgs' build argument 'cmake_args' from command line to 'None'
[2.683s] Level 5:colcon.colcon_core.verb:set package 'astra_camera_msgs' build argument 'cmake_target' from command line to 'None'
[2.683s] Level 5:colcon.colcon_core.verb:set package 'astra_camera_msgs' build argument 'cmake_target_skip_unavailable' from command line to 'False'
[2.684s] Level 5:colcon.colcon_core.verb:set package 'astra_camera_msgs' build argument 'cmake_clean_cache' from command line to 'False'
[2.684s] Level 5:colcon.colcon_core.verb:set package 'astra_camera_msgs' build argument 'cmake_clean_first' from command line to 'False'
[2.684s] Level 5:colcon.colcon_core.verb:set package 'astra_camera_msgs' build argument 'cmake_force_configure' from command line to 'False'
[2.684s] Level 5:colcon.colcon_core.verb:set package 'astra_camera_msgs' build argument 'ament_cmake_args' from command line to 'None'
[2.684s] Level 5:colcon.colcon_core.verb:set package 'astra_camera_msgs' build argument 'catkin_cmake_args' from command line to 'None'
[2.684s] Level 5:colcon.colcon_core.verb:set package 'astra_camera_msgs' build argument 'catkin_skip_building_tests' from command line to 'False'
[2.684s] DEBUG:colcon.colcon_core.verb:Building package 'astra_camera_msgs' with the following arguments: {'ament_cmake_args': None, 'build_base': '/home/ras4/nuc_ws/src/build/astra_camera_msgs', 'catkin_cmake_args': None, 'catkin_skip_building_tests': False, 'cmake_args': None, 'cmake_clean_cache': False, 'cmake_clean_first': False, 'cmake_force_configure': False, 'cmake_target': None, 'cmake_target_skip_unavailable': False, 'install_base': '/home/ras4/nuc_ws/src/install/astra_camera_msgs', 'merge_install': False, 'path': '/home/ras4/nuc_ws/src/ros2_astra_camera/astra_camera_msgs', 'symlink_install': False, 'test_result_base': None}
[2.686s] Level 5:colcon.colcon_core.verb:set package 'camera_pkg' build argument 'cmake_args' from command line to 'None'
[2.686s] Level 5:colcon.colcon_core.verb:set package 'camera_pkg' build argument 'cmake_target' from command line to 'None'
[2.686s] Level 5:colcon.colcon_core.verb:set package 'camera_pkg' build argument 'cmake_target_skip_unavailable' from command line to 'False'
[2.686s] Level 5:colcon.colcon_core.verb:set package 'camera_pkg' build argument 'cmake_clean_cache' from command line to 'False'
[2.686s] Level 5:colcon.colcon_core.verb:set package 'camera_pkg' build argument 'cmake_clean_first' from command line to 'False'
[2.686s] Level 5:colcon.colcon_core.verb:set package 'camera_pkg' build argument 'cmake_force_configure' from command line to 'False'
[2.687s] Level 5:colcon.colcon_core.verb:set package 'camera_pkg' build argument 'ament_cmake_args' from command line to 'None'
[2.687s] Level 5:colcon.colcon_core.verb:set package 'camera_pkg' build argument 'catkin_cmake_args' from command line to 'None'
[2.687s] Level 5:colcon.colcon_core.verb:set package 'camera_pkg' build argument 'catkin_skip_building_tests' from command line to 'False'
[2.687s] DEBUG:colcon.colcon_core.verb:Building package 'camera_pkg' with the following arguments: {'ament_cmake_args': None, 'build_base': '/home/ras4/nuc_ws/src/build/camera_pkg', 'catkin_cmake_args': None, 'catkin_skip_building_tests': False, 'cmake_args': None, 'cmake_clean_cache': False, 'cmake_clean_first': False, 'cmake_force_configure': False, 'cmake_target': None, 'cmake_target_skip_unavailable': False, 'install_base': '/home/ras4/nuc_ws/src/install/camera_pkg', 'merge_install': False, 'path': '/home/ras4/nuc_ws/src/camera_pkg', 'symlink_install': False, 'test_result_base': None}
[2.688s] Level 5:colcon.colcon_core.verb:set package 'odometry_pkg' build argument 'cmake_args' from command line to 'None'
[2.688s] Level 5:colcon.colcon_core.verb:set package 'odometry_pkg' build argument 'cmake_target' from command line to 'None'
[2.689s] Level 5:colcon.colcon_core.verb:set package 'odometry_pkg' build argument 'cmake_target_skip_unavailable' from command line to 'False'
[2.689s] Level 5:colcon.colcon_core.verb:set package 'odometry_pkg' build argument 'cmake_clean_cache' from command line to 'False'
[2.689s] Level 5:colcon.colcon_core.verb:set package 'odometry_pkg' build argument 'cmake_clean_first' from command line to 'False'
[2.689s] Level 5:colcon.colcon_core.verb:set package 'odometry_pkg' build argument 'cmake_force_configure' from command line to 'False'
[2.689s] Level 5:colcon.colcon_core.verb:set package 'odometry_pkg' build argument 'ament_cmake_args' from command line to 'None'
[2.689s] Level 5:colcon.colcon_core.verb:set package 'odometry_pkg' build argument 'catkin_cmake_args' from command line to 'None'
[2.689s] Level 5:colcon.colcon_core.verb:set package 'odometry_pkg' build argument 'catkin_skip_building_tests' from command line to 'False'
[2.689s] DEBUG:colcon.colcon_core.verb:Building package 'odometry_pkg' with the following arguments: {'ament_cmake_args': None, 'build_base': '/home/ras4/nuc_ws/src/build/odometry_pkg', 'catkin_cmake_args': None, 'catkin_skip_building_tests': False, 'cmake_args': None, 'cmake_clean_cache': False, 'cmake_clean_first': False, 'cmake_force_configure': False, 'cmake_target': None, 'cmake_target_skip_unavailable': False, 'install_base': '/home/ras4/nuc_ws/src/install/odometry_pkg', 'merge_install': False, 'path': '/home/ras4/nuc_ws/src/odometry_pkg', 'symlink_install': False, 'test_result_base': None}
[2.691s] Level 5:colcon.colcon_core.verb:set package 'sllidar_ros2' build argument 'cmake_args' from command line to 'None'
[2.691s] Level 5:colcon.colcon_core.verb:set package 'sllidar_ros2' build argument 'cmake_target' from command line to 'None'
[2.691s] Level 5:colcon.colcon_core.verb:set package 'sllidar_ros2' build argument 'cmake_target_skip_unavailable' from command line to 'False'
[2.691s] Level 5:colcon.colcon_core.verb:set package 'sllidar_ros2' build argument 'cmake_clean_cache' from command line to 'False'
[2.691s] Level 5:colcon.colcon_core.verb:set package 'sllidar_ros2' build argument 'cmake_clean_first' from command line to 'False'
[2.691s] Level 5:colcon.colcon_core.verb:set package 'sllidar_ros2' build argument 'cmake_force_configure' from command line to 'False'
[2.691s] Level 5:colcon.colcon_core.verb:set package 'sllidar_ros2' build argument 'ament_cmake_args' from command line to 'None'
[2.692s] Level 5:colcon.colcon_core.verb:set package 'sllidar_ros2' build argument 'catkin_cmake_args' from command line to 'None'
[2.692s] Level 5:colcon.colcon_core.verb:set package 'sllidar_ros2' build argument 'catkin_skip_building_tests' from command line to 'False'
[2.692s] DEBUG:colcon.colcon_core.verb:Building package 'sllidar_ros2' with the following arguments: {'ament_cmake_args': None, 'build_base': '/home/ras4/nuc_ws/src/build/sllidar_ros2', 'catkin_cmake_args': None, 'catkin_skip_building_tests': False, 'cmake_args': None, 'cmake_clean_cache': False, 'cmake_clean_first': False, 'cmake_force_configure': False, 'cmake_target': None, 'cmake_target_skip_unavailable': False, 'install_base': '/home/ras4/nuc_ws/src/install/sllidar_ros2', 'merge_install': False, 'path': '/home/ras4/nuc_ws/src/sllidar_ros2', 'symlink_install': False, 'test_result_base': None}
[2.693s] Level 5:colcon.colcon_core.verb:set package 'xbox_control_pkg' build argument 'cmake_args' from command line to 'None'
[2.693s] Level 5:colcon.colcon_core.verb:set package 'xbox_control_pkg' build argument 'cmake_target' from command line to 'None'
[2.693s] Level 5:colcon.colcon_core.verb:set package 'xbox_control_pkg' build argument 'cmake_target_skip_unavailable' from command line to 'False'
[2.693s] Level 5:colcon.colcon_core.verb:set package 'xbox_control_pkg' build argument 'cmake_clean_cache' from command line to 'False'
[2.694s] Level 5:colcon.colcon_core.verb:set package 'xbox_control_pkg' build argument 'cmake_clean_first' from command line to 'False'
[2.694s] Level 5:colcon.colcon_core.verb:set package 'xbox_control_pkg' build argument 'cmake_force_configure' from command line to 'False'
[2.694s] Level 5:colcon.colcon_core.verb:set package 'xbox_control_pkg' build argument 'ament_cmake_args' from command line to 'None'
[2.694s] Level 5:colcon.colcon_core.verb:set package 'xbox_control_pkg' build argument 'catkin_cmake_args' from command line to 'None'
[2.694s] Level 5:colcon.colcon_core.verb:set package 'xbox_control_pkg' build argument 'catkin_skip_building_tests' from command line to 'False'
[2.694s] DEBUG:colcon.colcon_core.verb:Building package 'xbox_control_pkg' with the following arguments: {'ament_cmake_args': None, 'build_base': '/home/ras4/nuc_ws/src/build/xbox_control_pkg', 'catkin_cmake_args': None, 'catkin_skip_building_tests': False, 'cmake_args': None, 'cmake_clean_cache': False, 'cmake_clean_first': False, 'cmake_force_configure': False, 'cmake_target': None, 'cmake_target_skip_unavailable': False, 'install_base': '/home/ras4/nuc_ws/src/install/xbox_control_pkg', 'merge_install': False, 'path': '/home/ras4/nuc_ws/src/xbox_control_pkg', 'symlink_install': False, 'test_result_base': None}
[2.695s] Level 5:colcon.colcon_core.verb:set package 'astra_camera' build argument 'cmake_args' from command line to 'None'
[2.696s] Level 5:colcon.colcon_core.verb:set package 'astra_camera' build argument 'cmake_target' from command line to 'None'
[2.696s] Level 5:colcon.colcon_core.verb:set package 'astra_camera' build argument 'cmake_target_skip_unavailable' from command line to 'False'
[2.696s] Level 5:colcon.colcon_core.verb:set package 'astra_camera' build argument 'cmake_clean_cache' from command line to 'False'
[2.696s] Level 5:colcon.colcon_core.verb:set package 'astra_camera' build argument 'cmake_clean_first' from command line to 'False'
[2.696s] Level 5:colcon.colcon_core.verb:set package 'astra_camera' build argument 'cmake_force_configure' from command line to 'False'
[2.696s] Level 5:colcon.colcon_core.verb:set package 'astra_camera' build argument 'ament_cmake_args' from command line to 'None'
[2.696s] Level 5:colcon.colcon_core.verb:set package 'astra_camera' build argument 'catkin_cmake_args' from command line to 'None'
[2.696s] Level 5:colcon.colcon_core.verb:set package 'astra_camera' build argument 'catkin_skip_building_tests' from command line to 'False'
[2.697s] DEBUG:colcon.colcon_core.verb:Building package 'astra_camera' with the following arguments: {'ament_cmake_args': None, 'build_base': '/home/ras4/nuc_ws/src/build/astra_camera', 'catkin_cmake_args': None, 'catkin_skip_building_tests': False, 'cmake_args': None, 'cmake_clean_cache': False, 'cmake_clean_first': False, 'cmake_force_configure': False, 'cmake_target': None, 'cmake_target_skip_unavailable': False, 'install_base': '/home/ras4/nuc_ws/src/install/astra_camera', 'merge_install': False, 'path': '/home/ras4/nuc_ws/src/ros2_astra_camera/astra_camera', 'symlink_install': False, 'test_result_base': None}
[2.697s] INFO:colcon.colcon_core.executor:Executing jobs using 'sequential' executor
[2.700s] DEBUG:colcon.colcon_core.executor.sequential:run_until_complete 'arm_pkg'
[2.701s] INFO:colcon.colcon_ros.task.ament_python.build:Building ROS package in '/home/ras4/nuc_ws/src/arm_pkg' with build type 'ament_python'
[2.702s] Level 1:colcon.colcon_core.shell:create_environment_hook('arm_pkg', 'ament_prefix_path')
[2.721s] INFO:colcon.colcon_core.plugin_system:Skipping extension 'colcon_core.shell.bat': Not used on non-Windows systems
[2.723s] INFO:colcon.colcon_core.shell:Creating environment hook '/home/ras4/nuc_ws/src/install/arm_pkg/share/arm_pkg/hook/ament_prefix_path.ps1'
[2.728s] INFO:colcon.colcon_core.shell:Creating environment descriptor '/home/ras4/nuc_ws/src/install/arm_pkg/share/arm_pkg/hook/ament_prefix_path.dsv'
[2.733s] INFO:colcon.colcon_core.shell:Creating environment hook '/home/ras4/nuc_ws/src/install/arm_pkg/share/arm_pkg/hook/ament_prefix_path.sh'
[2.737s] INFO:colcon.colcon_core.shell:Skip shell extension 'powershell' for command environment: Not usable outside of PowerShell
[2.738s] DEBUG:colcon.colcon_core.shell:Skip shell extension 'dsv' for command environment
[4.000s] INFO:colcon.colcon_core.task.python.build:Building Python package in '/home/ras4/nuc_ws/src/arm_pkg'
[4.001s] INFO:colcon.colcon_core.shell:Skip shell extension 'powershell' for command environment: Not usable outside of PowerShell
[4.001s] DEBUG:colcon.colcon_core.shell:Skip shell extension 'dsv' for command environment
[5.665s] DEBUG:colcon.colcon_core.event_handler.log_command:Invoking command in '/home/ras4/nuc_ws/src/arm_pkg': PYTHONPATH=/home/ras4/nuc_ws/src/build/arm_pkg/prefix_override:/usr/lib/python3/dist-packages/colcon_core/task/python/colcon_distutils_commands:/home/ras4/nuc_ws/src/install/arm_pkg/lib/python3.10/site-packages:${PYTHONPATH} /usr/bin/python3 -W ignore:setup.py install is deprecated -W ignore:easy_install command is deprecated setup.py egg_info --egg-base ../build/arm_pkg build --build-base /home/ras4/nuc_ws/src/build/arm_pkg/build install --record /home/ras4/nuc_ws/src/build/arm_pkg/install.log --single-version-externally-managed install_data
[7.051s] DEBUG:colcon.colcon_core.event_handler.log_command:Invoked command in '/home/ras4/nuc_ws/src/arm_pkg' returned '0': PYTHONPATH=/home/ras4/nuc_ws/src/build/arm_pkg/prefix_override:/usr/lib/python3/dist-packages/colcon_core/task/python/colcon_distutils_commands:/home/ras4/nuc_ws/src/install/arm_pkg/lib/python3.10/site-packages:${PYTHONPATH} /usr/bin/python3 -W ignore:setup.py install is deprecated -W ignore:easy_install command is deprecated setup.py egg_info --egg-base ../build/arm_pkg build --build-base /home/ras4/nuc_ws/src/build/arm_pkg/build install --record /home/ras4/nuc_ws/src/build/arm_pkg/install.log --single-version-externally-managed install_data
[7.075s] Level 1:colcon.colcon_core.environment:checking '/home/ras4/nuc_ws/src/install/arm_pkg' for CMake module files
[7.078s] Level 1:colcon.colcon_core.environment:checking '/home/ras4/nuc_ws/src/install/arm_pkg' for CMake config files
[7.083s] Level 1:colcon.colcon_core.environment:checking '/home/ras4/nuc_ws/src/install/arm_pkg/lib'
[7.084s] Level 1:colcon.colcon_core.environment:checking '/home/ras4/nuc_ws/src/install/arm_pkg/bin'
[7.084s] Level 1:colcon.colcon_core.environment:checking '/home/ras4/nuc_ws/src/install/arm_pkg/lib/pkgconfig/arm_pkg.pc'
[7.085s] Level 1:colcon.colcon_core.environment:checking '/home/ras4/nuc_ws/src/install/arm_pkg/lib/python3.10/site-packages'
[7.085s] Level 1:colcon.colcon_core.shell:create_environment_hook('arm_pkg', 'pythonpath')
[7.086s] INFO:colcon.colcon_core.shell:Creating environment hook '/home/ras4/nuc_ws/src/install/arm_pkg/share/arm_pkg/hook/pythonpath.ps1'
[7.089s] INFO:colcon.colcon_core.shell:Creating environment descriptor '/home/ras4/nuc_ws/src/install/arm_pkg/share/arm_pkg/hook/pythonpath.dsv'
[7.091s] INFO:colcon.colcon_core.shell:Creating environment hook '/home/ras4/nuc_ws/src/install/arm_pkg/share/arm_pkg/hook/pythonpath.sh'
[7.094s] Level 1:colcon.colcon_core.environment:checking '/home/ras4/nuc_ws/src/install/arm_pkg/bin'
[7.094s] Level 1:colcon.colcon_core.environment:create_environment_scripts_only(arm_pkg)
[7.095s] INFO:colcon.colcon_core.shell:Creating package script '/home/ras4/nuc_ws/src/install/arm_pkg/share/arm_pkg/package.ps1'
[7.100s] INFO:colcon.colcon_core.shell:Creating package descriptor '/home/ras4/nuc_ws/src/install/arm_pkg/share/arm_pkg/package.dsv'
[7.103s] INFO:colcon.colcon_core.shell:Creating package script '/home/ras4/nuc_ws/src/install/arm_pkg/share/arm_pkg/package.sh'
[7.107s] INFO:colcon.colcon_core.shell:Creating package script '/home/ras4/nuc_ws/src/install/arm_pkg/share/arm_pkg/package.bash'
[7.112s] INFO:colcon.colcon_core.shell:Creating package script '/home/ras4/nuc_ws/src/install/arm_pkg/share/arm_pkg/package.zsh'
[7.116s] Level 1:colcon.colcon_core.environment:create_file_with_runtime_dependencies(/home/ras4/nuc_ws/src/install/arm_pkg/share/colcon-core/packages/arm_pkg)
[7.118s] DEBUG:colcon.colcon_core.executor.sequential:run_until_complete 'arm_pkg' finished with '0'
[7.118s] DEBUG:colcon.colcon_core.executor.sequential:run_until_complete 'astra_camera_msgs'
[7.119s] INFO:colcon.colcon_ros.task.ament_cmake.build:Building ROS package in '/home/ras4/nuc_ws/src/ros2_astra_camera/astra_camera_msgs' with build type 'ament_cmake'
[7.119s] INFO:colcon.colcon_cmake.task.cmake.build:Building CMake package in '/home/ras4/nuc_ws/src/ros2_astra_camera/astra_camera_msgs'
[7.120s] INFO:colcon.colcon_core.shell:Skip shell extension 'powershell' for command environment: Not usable outside of PowerShell
[7.121s] DEBUG:colcon.colcon_core.shell:Skip shell extension 'dsv' for command environment
[7.181s] DEBUG:colcon.colcon_core.event_handler.log_command:Invoking command in '/home/ras4/nuc_ws/src/build/astra_camera_msgs': CMAKE_PREFIX_PATH=${CMAKE_PREFIX_PATH}:/home/ras4/nuc_ws/install/xbox_control_pkg:/home/ras4/nuc_ws/install/odometry_pkg:/home/ras4/nuc_ws/install/camera_pkg:/home/ras4/nuc_ws/install/arm_pkg:/home/ras4/nuc_ws/src/install/xbox_control_pkg:/home/ras4/nuc_ws/src/install/odometry_pkg:/home/ras4/nuc_ws/src/install/camera_pkg:/home/ras4/nuc_ws/src/install/arm_pkg:/opt/ros/humble /usr/bin/cmake --build /home/ras4/nuc_ws/src/build/astra_camera_msgs -- -j4 -l4
[9.434s] DEBUG:colcon.colcon_core.event_handler.log_command:Invoked command in '/home/ras4/nuc_ws/src/build/astra_camera_msgs' returned '0': CMAKE_PREFIX_PATH=${CMAKE_PREFIX_PATH}:/home/ras4/nuc_ws/install/xbox_control_pkg:/home/ras4/nuc_ws/install/odometry_pkg:/home/ras4/nuc_ws/install/camera_pkg:/home/ras4/nuc_ws/install/arm_pkg:/home/ras4/nuc_ws/src/install/xbox_control_pkg:/home/ras4/nuc_ws/src/install/odometry_pkg:/home/ras4/nuc_ws/src/install/camera_pkg:/home/ras4/nuc_ws/src/install/arm_pkg:/opt/ros/humble /usr/bin/cmake --build /home/ras4/nuc_ws/src/build/astra_camera_msgs -- -j4 -l4
[9.483s] DEBUG:colcon.colcon_core.event_handler.log_command:Invoking command in '/home/ras4/nuc_ws/src/build/astra_camera_msgs': CMAKE_PREFIX_PATH=${CMAKE_PREFIX_PATH}:/home/ras4/nuc_ws/install/xbox_control_pkg:/home/ras4/nuc_ws/install/odometry_pkg:/home/ras4/nuc_ws/install/camera_pkg:/home/ras4/nuc_ws/install/arm_pkg:/home/ras4/nuc_ws/src/install/xbox_control_pkg:/home/ras4/nuc_ws/src/install/odometry_pkg:/home/ras4/nuc_ws/src/install/camera_pkg:/home/ras4/nuc_ws/src/install/arm_pkg:/opt/ros/humble /usr/bin/cmake --install /home/ras4/nuc_ws/src/build/astra_camera_msgs
[9.950s] Level 1:colcon.colcon_core.environment:create_environment_scripts_only(astra_camera_msgs)
[9.951s] Level 1:colcon.colcon_core.environment:checking '/home/ras4/nuc_ws/src/install/astra_camera_msgs' for CMake module files
[9.953s] DEBUG:colcon.colcon_core.event_handler.log_command:Invoked command in '/home/ras4/nuc_ws/src/build/astra_camera_msgs' returned '0': CMAKE_PREFIX_PATH=${CMAKE_PREFIX_PATH}:/home/ras4/nuc_ws/install/xbox_control_pkg:/home/ras4/nuc_ws/install/odometry_pkg:/home/ras4/nuc_ws/install/camera_pkg:/home/ras4/nuc_ws/install/arm_pkg:/home/ras4/nuc_ws/src/install/xbox_control_pkg:/home/ras4/nuc_ws/src/install/odometry_pkg:/home/ras4/nuc_ws/src/install/camera_pkg:/home/ras4/nuc_ws/src/install/arm_pkg:/opt/ros/humble /usr/bin/cmake --install /home/ras4/nuc_ws/src/build/astra_camera_msgs
[9.957s] Level 1:colcon.colcon_core.environment:checking '/home/ras4/nuc_ws/src/install/astra_camera_msgs' for CMake config files
[9.967s] Level 1:colcon.colcon_core.shell:create_environment_hook('astra_camera_msgs', 'cmake_prefix_path')
[9.968s] INFO:colcon.colcon_core.shell:Creating environment hook '/home/ras4/nuc_ws/src/install/astra_camera_msgs/share/astra_camera_msgs/hook/cmake_prefix_path.ps1'
[9.970s] INFO:colcon.colcon_core.shell:Creating environment descriptor '/home/ras4/nuc_ws/src/install/astra_camera_msgs/share/astra_camera_msgs/hook/cmake_prefix_path.dsv'
[9.973s] INFO:colcon.colcon_core.shell:Creating environment hook '/home/ras4/nuc_ws/src/install/astra_camera_msgs/share/astra_camera_msgs/hook/cmake_prefix_path.sh'
[9.977s] Level 1:colcon.colcon_core.environment:checking '/home/ras4/nuc_ws/src/install/astra_camera_msgs/lib'
[9.977s] Level 1:colcon.colcon_core.shell:create_environment_hook('astra_camera_msgs', 'ld_library_path_lib')
[9.978s] INFO:colcon.colcon_core.shell:Creating environment hook '/home/ras4/nuc_ws/src/install/astra_camera_msgs/share/astra_camera_msgs/hook/ld_library_path_lib.ps1'
[9.980s] INFO:colcon.colcon_core.shell:Creating environment descriptor '/home/ras4/nuc_ws/src/install/astra_camera_msgs/share/astra_camera_msgs/hook/ld_library_path_lib.dsv'
[9.982s] INFO:colcon.colcon_core.shell:Creating environment hook '/home/ras4/nuc_ws/src/install/astra_camera_msgs/share/astra_camera_msgs/hook/ld_library_path_lib.sh'
[9.985s] Level 1:colcon.colcon_core.environment:checking '/home/ras4/nuc_ws/src/install/astra_camera_msgs/bin'
[9.985s] Level 1:colcon.colcon_core.environment:checking '/home/ras4/nuc_ws/src/install/astra_camera_msgs/lib/pkgconfig/astra_camera_msgs.pc'
[9.986s] Level 1:colcon.colcon_core.environment:checking '/home/ras4/nuc_ws/src/install/astra_camera_msgs/lib/python3.10/site-packages'
[9.987s] Level 1:colcon.colcon_core.environment:checking '/home/ras4/nuc_ws/src/install/astra_camera_msgs/bin'
[9.988s] INFO:colcon.colcon_core.shell:Creating package script '/home/ras4/nuc_ws/src/install/astra_camera_msgs/share/astra_camera_msgs/package.ps1'
[9.990s] INFO:colcon.colcon_core.shell:Creating package descriptor '/home/ras4/nuc_ws/src/install/astra_camera_msgs/share/astra_camera_msgs/package.dsv'
[9.992s] INFO:colcon.colcon_core.shell:Creating package script '/home/ras4/nuc_ws/src/install/astra_camera_msgs/share/astra_camera_msgs/package.sh'
[9.995s] INFO:colcon.colcon_core.shell:Creating package script '/home/ras4/nuc_ws/src/install/astra_camera_msgs/share/astra_camera_msgs/package.bash'
[9.997s] INFO:colcon.colcon_core.shell:Creating package script '/home/ras4/nuc_ws/src/install/astra_camera_msgs/share/astra_camera_msgs/package.zsh'
[9.999s] Level 1:colcon.colcon_core.environment:create_file_with_runtime_dependencies(/home/ras4/nuc_ws/src/install/astra_camera_msgs/share/colcon-core/packages/astra_camera_msgs)
[10.002s] Level 1:colcon.colcon_core.environment:create_environment_scripts_only(astra_camera_msgs)
[10.003s] Level 1:colcon.colcon_core.environment:checking '/home/ras4/nuc_ws/src/install/astra_camera_msgs' for CMake module files
[10.007s] Level 1:colcon.colcon_core.environment:checking '/home/ras4/nuc_ws/src/install/astra_camera_msgs' for CMake config files
[10.015s] Level 1:colcon.colcon_core.shell:create_environment_hook('astra_camera_msgs', 'cmake_prefix_path')
[10.016s] INFO:colcon.colcon_core.shell:Creating environment hook '/home/ras4/nuc_ws/src/install/astra_camera_msgs/share/astra_camera_msgs/hook/cmake_prefix_path.ps1'
[10.018s] INFO:colcon.colcon_core.shell:Creating environment descriptor '/home/ras4/nuc_ws/src/install/astra_camera_msgs/share/astra_camera_msgs/hook/cmake_prefix_path.dsv'
[10.020s] INFO:colcon.colcon_core.shell:Creating environment hook '/home/ras4/nuc_ws/src/install/astra_camera_msgs/share/astra_camera_msgs/hook/cmake_prefix_path.sh'
[10.022s] Level 1:colcon.colcon_core.environment:checking '/home/ras4/nuc_ws/src/install/astra_camera_msgs/lib'
[10.023s] Level 1:colcon.colcon_core.shell:create_environment_hook('astra_camera_msgs', 'ld_library_path_lib')
[10.024s] INFO:colcon.colcon_core.shell:Creating environment hook '/home/ras4/nuc_ws/src/install/astra_camera_msgs/share/astra_camera_msgs/hook/ld_library_path_lib.ps1'
[10.026s] INFO:colcon.colcon_core.shell:Creating environment descriptor '/home/ras4/nuc_ws/src/install/astra_camera_msgs/share/astra_camera_msgs/hook/ld_library_path_lib.dsv'
[10.027s] INFO:colcon.colcon_core.shell:Creating environment hook '/home/ras4/nuc_ws/src/install/astra_camera_msgs/share/astra_camera_msgs/hook/ld_library_path_lib.sh'
[10.029s] Level 1:colcon.colcon_core.environment:checking '/home/ras4/nuc_ws/src/install/astra_camera_msgs/bin'
[10.030s] Level 1:colcon.colcon_core.environment:checking '/home/ras4/nuc_ws/src/install/astra_camera_msgs/lib/pkgconfig/astra_camera_msgs.pc'
[10.031s] Level 1:colcon.colcon_core.environment:checking '/home/ras4/nuc_ws/src/install/astra_camera_msgs/lib/python3.10/site-packages'
[10.031s] Level 1:colcon.colcon_core.environment:checking '/home/ras4/nuc_ws/src/install/astra_camera_msgs/bin'
[10.033s] INFO:colcon.colcon_core.shell:Creating package script '/home/ras4/nuc_ws/src/install/astra_camera_msgs/share/astra_camera_msgs/package.ps1'
[10.035s] INFO:colcon.colcon_core.shell:Creating package descriptor '/home/ras4/nuc_ws/src/install/astra_camera_msgs/share/astra_camera_msgs/package.dsv'
[10.038s] INFO:colcon.colcon_core.shell:Creating package script '/home/ras4/nuc_ws/src/install/astra_camera_msgs/share/astra_camera_msgs/package.sh'
[10.040s] INFO:colcon.colcon_core.shell:Creating package script '/home/ras4/nuc_ws/src/install/astra_camera_msgs/share/astra_camera_msgs/package.bash'
[10.042s] INFO:colcon.colcon_core.shell:Creating package script '/home/ras4/nuc_ws/src/install/astra_camera_msgs/share/astra_camera_msgs/package.zsh'
[10.045s] Level 1:colcon.colcon_core.environment:create_file_with_runtime_dependencies(/home/ras4/nuc_ws/src/install/astra_camera_msgs/share/colcon-core/packages/astra_camera_msgs)
[10.046s] DEBUG:colcon.colcon_core.executor.sequential:run_until_complete 'astra_camera_msgs' finished with '0'
[10.046s] DEBUG:colcon.colcon_core.executor.sequential:run_until_complete 'camera_pkg'
[10.047s] INFO:colcon.colcon_ros.task.ament_python.build:Building ROS package in '/home/ras4/nuc_ws/src/camera_pkg' with build type 'ament_python'
[10.047s] Level 1:colcon.colcon_core.shell:create_environment_hook('camera_pkg', 'ament_prefix_path')
[10.048s] INFO:colcon.colcon_core.shell:Creating environment hook '/home/ras4/nuc_ws/src/install/camera_pkg/share/camera_pkg/hook/ament_prefix_path.ps1'
[10.051s] INFO:colcon.colcon_core.shell:Creating environment descriptor '/home/ras4/nuc_ws/src/install/camera_pkg/share/camera_pkg/hook/ament_prefix_path.dsv'
[10.053s] INFO:colcon.colcon_core.shell:Creating environment hook '/home/ras4/nuc_ws/src/install/camera_pkg/share/camera_pkg/hook/ament_prefix_path.sh'
[10.057s] INFO:colcon.colcon_core.shell:Skip shell extension 'powershell' for command environment: Not usable outside of PowerShell
[10.057s] DEBUG:colcon.colcon_core.shell:Skip shell extension 'dsv' for command environment
[11.357s] INFO:colcon.colcon_core.task.python.build:Building Python package in '/home/ras4/nuc_ws/src/camera_pkg'
[11.358s] INFO:colcon.colcon_core.shell:Skip shell extension 'powershell' for command environment: Not usable outside of PowerShell
[11.358s] DEBUG:colcon.colcon_core.shell:Skip shell extension 'dsv' for command environment
[12.907s] DEBUG:colcon.colcon_core.event_handler.log_command:Invoking command in '/home/ras4/nuc_ws/src/camera_pkg': PYTHONPATH=/home/ras4/nuc_ws/src/build/camera_pkg/prefix_override:/usr/lib/python3/dist-packages/colcon_core/task/python/colcon_distutils_commands:/home/ras4/nuc_ws/src/install/camera_pkg/lib/python3.10/site-packages:${PYTHONPATH} /usr/bin/python3 -W ignore:setup.py install is deprecated -W ignore:easy_install command is deprecated setup.py egg_info --egg-base ../build/camera_pkg build --build-base /home/ras4/nuc_ws/src/build/camera_pkg/build install --record /home/ras4/nuc_ws/src/build/camera_pkg/install.log --single-version-externally-managed install_data
[14.288s] Level 1:colcon.colcon_core.environment:checking '/home/ras4/nuc_ws/src/install/camera_pkg' for CMake module files
[14.290s] DEBUG:colcon.colcon_core.event_handler.log_command:Invoked command in '/home/ras4/nuc_ws/src/camera_pkg' returned '0': PYTHONPATH=/home/ras4/nuc_ws/src/build/camera_pkg/prefix_override:/usr/lib/python3/dist-packages/colcon_core/task/python/colcon_distutils_commands:/home/ras4/nuc_ws/src/install/camera_pkg/lib/python3.10/site-packages:${PYTHONPATH} /usr/bin/python3 -W ignore:setup.py install is deprecated -W ignore:easy_install command is deprecated setup.py egg_info --egg-base ../build/camera_pkg build --build-base /home/ras4/nuc_ws/src/build/camera_pkg/build install --record /home/ras4/nuc_ws/src/build/camera_pkg/install.log --single-version-externally-managed install_data
[14.292s] Level 1:colcon.colcon_core.environment:checking '/home/ras4/nuc_ws/src/install/camera_pkg' for CMake config files
[14.297s] Level 1:colcon.colcon_core.environment:checking '/home/ras4/nuc_ws/src/install/camera_pkg/lib'
[14.297s] Level 1:colcon.colcon_core.environment:checking '/home/ras4/nuc_ws/src/install/camera_pkg/bin'
[14.298s] Level 1:colcon.colcon_core.environment:checking '/home/ras4/nuc_ws/src/install/camera_pkg/lib/pkgconfig/camera_pkg.pc'
[14.299s] Level 1:colcon.colcon_core.environment:checking '/home/ras4/nuc_ws/src/install/camera_pkg/lib/python3.10/site-packages'
[14.299s] Level 1:colcon.colcon_core.shell:create_environment_hook('camera_pkg', 'pythonpath')
[14.301s] INFO:colcon.colcon_core.shell:Creating environment hook '/home/ras4/nuc_ws/src/install/camera_pkg/share/camera_pkg/hook/pythonpath.ps1'
[14.303s] INFO:colcon.colcon_core.shell:Creating environment descriptor '/home/ras4/nuc_ws/src/install/camera_pkg/share/camera_pkg/hook/pythonpath.dsv'
[14.305s] INFO:colcon.colcon_core.shell:Creating environment hook '/home/ras4/nuc_ws/src/install/camera_pkg/share/camera_pkg/hook/pythonpath.sh'
[14.308s] Level 1:colcon.colcon_core.environment:checking '/home/ras4/nuc_ws/src/install/camera_pkg/bin'
[14.309s] Level 1:colcon.colcon_core.environment:create_environment_scripts_only(camera_pkg)
[14.310s] INFO:colcon.colcon_core.shell:Creating package script '/home/ras4/nuc_ws/src/install/camera_pkg/share/camera_pkg/package.ps1'
[14.313s] INFO:colcon.colcon_core.shell:Creating package descriptor '/home/ras4/nuc_ws/src/install/camera_pkg/share/camera_pkg/package.dsv'
[14.316s] INFO:colcon.colcon_core.shell:Creating package script '/home/ras4/nuc_ws/src/install/camera_pkg/share/camera_pkg/package.sh'
[14.318s] INFO:colcon.colcon_core.shell:Creating package script '/home/ras4/nuc_ws/src/install/camera_pkg/share/camera_pkg/package.bash'
[14.320s] INFO:colcon.colcon_core.shell:Creating package script '/home/ras4/nuc_ws/src/install/camera_pkg/share/camera_pkg/package.zsh'
[14.322s] Level 1:colcon.colcon_core.environment:create_file_with_runtime_dependencies(/home/ras4/nuc_ws/src/install/camera_pkg/share/colcon-core/packages/camera_pkg)
[14.323s] DEBUG:colcon.colcon_core.executor.sequential:run_until_complete 'camera_pkg' finished with '0'
[14.324s] DEBUG:colcon.colcon_core.executor.sequential:run_until_complete 'odometry_pkg'
[14.325s] INFO:colcon.colcon_ros.task.ament_python.build:Building ROS package in '/home/ras4/nuc_ws/src/odometry_pkg' with build type 'ament_python'
[14.325s] Level 1:colcon.colcon_core.shell:create_environment_hook('odometry_pkg', 'ament_prefix_path')
[14.326s] INFO:colcon.colcon_core.shell:Creating environment hook '/home/ras4/nuc_ws/src/install/odometry_pkg/share/odometry_pkg/hook/ament_prefix_path.ps1'
[14.330s] INFO:colcon.colcon_core.shell:Creating environment descriptor '/home/ras4/nuc_ws/src/install/odometry_pkg/share/odometry_pkg/hook/ament_prefix_path.dsv'
[14.334s] INFO:colcon.colcon_core.shell:Creating environment hook '/home/ras4/nuc_ws/src/install/odometry_pkg/share/odometry_pkg/hook/ament_prefix_path.sh'
[14.338s] INFO:colcon.colcon_core.shell:Skip shell extension 'powershell' for command environment: Not usable outside of PowerShell
[14.338s] DEBUG:colcon.colcon_core.shell:Skip shell extension 'dsv' for command environment
[15.596s] INFO:colcon.colcon_core.task.python.build:Building Python package in '/home/ras4/nuc_ws/src/odometry_pkg'
[15.597s] INFO:colcon.colcon_core.shell:Skip shell extension 'powershell' for command environment: Not usable outside of PowerShell
[15.597s] DEBUG:colcon.colcon_core.shell:Skip shell extension 'dsv' for command environment
[17.157s] DEBUG:colcon.colcon_core.event_handler.log_command:Invoking command in '/home/ras4/nuc_ws/src/odometry_pkg': PYTHONPATH=/home/ras4/nuc_ws/src/build/odometry_pkg/prefix_override:/usr/lib/python3/dist-packages/colcon_core/task/python/colcon_distutils_commands:/home/ras4/nuc_ws/src/install/odometry_pkg/lib/python3.10/site-packages:${PYTHONPATH} /usr/bin/python3 -W ignore:setup.py install is deprecated -W ignore:easy_install command is deprecated setup.py egg_info --egg-base ../build/odometry_pkg build --build-base /home/ras4/nuc_ws/src/build/odometry_pkg/build install --record /home/ras4/nuc_ws/src/build/odometry_pkg/install.log --single-version-externally-managed install_data
[18.548s] Level 1:colcon.colcon_core.environment:checking '/home/ras4/nuc_ws/src/install/odometry_pkg' for CMake module files
[18.550s] DEBUG:colcon.colcon_core.event_handler.log_command:Invoked command in '/home/ras4/nuc_ws/src/odometry_pkg' returned '0': PYTHONPATH=/home/ras4/nuc_ws/src/build/odometry_pkg/prefix_override:/usr/lib/python3/dist-packages/colcon_core/task/python/colcon_distutils_commands:/home/ras4/nuc_ws/src/install/odometry_pkg/lib/python3.10/site-packages:${PYTHONPATH} /usr/bin/python3 -W ignore:setup.py install is deprecated -W ignore:easy_install command is deprecated setup.py egg_info --egg-base ../build/odometry_pkg build --build-base /home/ras4/nuc_ws/src/build/odometry_pkg/build install --record /home/ras4/nuc_ws/src/build/odometry_pkg/install.log --single-version-externally-managed install_data
[18.551s] Level 1:colcon.colcon_core.environment:checking '/home/ras4/nuc_ws/src/install/odometry_pkg' for CMake config files
[18.555s] Level 1:colcon.colcon_core.environment:checking '/home/ras4/nuc_ws/src/install/odometry_pkg/lib'
[18.555s] Level 1:colcon.colcon_core.environment:checking '/home/ras4/nuc_ws/src/install/odometry_pkg/bin'
[18.555s] Level 1:colcon.colcon_core.environment:checking '/home/ras4/nuc_ws/src/install/odometry_pkg/lib/pkgconfig/odometry_pkg.pc'
[18.556s] Level 1:colcon.colcon_core.environment:checking '/home/ras4/nuc_ws/src/install/odometry_pkg/lib/python3.10/site-packages'
[18.556s] Level 1:colcon.colcon_core.shell:create_environment_hook('odometry_pkg', 'pythonpath')
[18.557s] INFO:colcon.colcon_core.shell:Creating environment hook '/home/ras4/nuc_ws/src/install/odometry_pkg/share/odometry_pkg/hook/pythonpath.ps1'
[18.560s] INFO:colcon.colcon_core.shell:Creating environment descriptor '/home/ras4/nuc_ws/src/install/odometry_pkg/share/odometry_pkg/hook/pythonpath.dsv'
[18.562s] INFO:colcon.colcon_core.shell:Creating environment hook '/home/ras4/nuc_ws/src/install/odometry_pkg/share/odometry_pkg/hook/pythonpath.sh'
[18.564s] Level 1:colcon.colcon_core.environment:checking '/home/ras4/nuc_ws/src/install/odometry_pkg/bin'
[18.565s] Level 1:colcon.colcon_core.environment:create_environment_scripts_only(odometry_pkg)
[18.566s] INFO:colcon.colcon_core.shell:Creating package script '/home/ras4/nuc_ws/src/install/odometry_pkg/share/odometry_pkg/package.ps1'
[18.569s] INFO:colcon.colcon_core.shell:Creating package descriptor '/home/ras4/nuc_ws/src/install/odometry_pkg/share/odometry_pkg/package.dsv'
[18.571s] INFO:colcon.colcon_core.shell:Creating package script '/home/ras4/nuc_ws/src/install/odometry_pkg/share/odometry_pkg/package.sh'
[18.573s] INFO:colcon.colcon_core.shell:Creating package script '/home/ras4/nuc_ws/src/install/odometry_pkg/share/odometry_pkg/package.bash'
[18.575s] INFO:colcon.colcon_core.shell:Creating package script '/home/ras4/nuc_ws/src/install/odometry_pkg/share/odometry_pkg/package.zsh'
[18.577s] Level 1:colcon.colcon_core.environment:create_file_with_runtime_dependencies(/home/ras4/nuc_ws/src/install/odometry_pkg/share/colcon-core/packages/odometry_pkg)
[18.578s] DEBUG:colcon.colcon_core.executor.sequential:run_until_complete 'odometry_pkg' finished with '0'
[18.578s] DEBUG:colcon.colcon_core.executor.sequential:run_until_complete 'sllidar_ros2'
[18.579s] INFO:colcon.colcon_ros.task.ament_cmake.build:Building ROS package in '/home/ras4/nuc_ws/src/sllidar_ros2' with build type 'ament_cmake'
[18.579s] INFO:colcon.colcon_cmake.task.cmake.build:Building CMake package in '/home/ras4/nuc_ws/src/sllidar_ros2'
[18.580s] INFO:colcon.colcon_core.shell:Skip shell extension 'powershell' for command environment: Not usable outside of PowerShell
[18.581s] DEBUG:colcon.colcon_core.shell:Skip shell extension 'dsv' for command environment
[18.639s] DEBUG:colcon.colcon_core.event_handler.log_command:Invoking command in '/home/ras4/nuc_ws/src/build/sllidar_ros2': CMAKE_PREFIX_PATH=${CMAKE_PREFIX_PATH}:/home/ras4/nuc_ws/install/xbox_control_pkg:/home/ras4/nuc_ws/install/odometry_pkg:/home/ras4/nuc_ws/install/camera_pkg:/home/ras4/nuc_ws/install/arm_pkg:/home/ras4/nuc_ws/src/install/xbox_control_pkg:/home/ras4/nuc_ws/src/install/odometry_pkg:/home/ras4/nuc_ws/src/install/camera_pkg:/home/ras4/nuc_ws/src/install/arm_pkg:/opt/ros/humble /usr/bin/cmake --build /home/ras4/nuc_ws/src/build/sllidar_ros2 -- -j4 -l4
[19.033s] DEBUG:colcon.colcon_core.event_handler.log_command:Invoked command in '/home/ras4/nuc_ws/src/build/sllidar_ros2' returned '0': CMAKE_PREFIX_PATH=${CMAKE_PREFIX_PATH}:/home/ras4/nuc_ws/install/xbox_control_pkg:/home/ras4/nuc_ws/install/odometry_pkg:/home/ras4/nuc_ws/install/camera_pkg:/home/ras4/nuc_ws/install/arm_pkg:/home/ras4/nuc_ws/src/install/xbox_control_pkg:/home/ras4/nuc_ws/src/install/odometry_pkg:/home/ras4/nuc_ws/src/install/camera_pkg:/home/ras4/nuc_ws/src/install/arm_pkg:/opt/ros/humble /usr/bin/cmake --build /home/ras4/nuc_ws/src/build/sllidar_ros2 -- -j4 -l4
[19.047s] DEBUG:colcon.colcon_core.event_handler.log_command:Invoking command in '/home/ras4/nuc_ws/src/build/sllidar_ros2': CMAKE_PREFIX_PATH=${CMAKE_PREFIX_PATH}:/home/ras4/nuc_ws/install/xbox_control_pkg:/home/ras4/nuc_ws/install/odometry_pkg:/home/ras4/nuc_ws/install/camera_pkg:/home/ras4/nuc_ws/install/arm_pkg:/home/ras4/nuc_ws/src/install/xbox_control_pkg:/home/ras4/nuc_ws/src/install/odometry_pkg:/home/ras4/nuc_ws/src/install/camera_pkg:/home/ras4/nuc_ws/src/install/arm_pkg:/opt/ros/humble /usr/bin/cmake --install /home/ras4/nuc_ws/src/build/sllidar_ros2
[19.114s] Level 1:colcon.colcon_core.environment:create_environment_scripts_only(sllidar_ros2)
[19.115s] Level 1:colcon.colcon_core.environment:checking '/home/ras4/nuc_ws/src/install/sllidar_ros2' for CMake module files
[19.117s] DEBUG:colcon.colcon_core.event_handler.log_command:Invoked command in '/home/ras4/nuc_ws/src/build/sllidar_ros2' returned '0': CMAKE_PREFIX_PATH=${CMAKE_PREFIX_PATH}:/home/ras4/nuc_ws/install/xbox_control_pkg:/home/ras4/nuc_ws/install/odometry_pkg:/home/ras4/nuc_ws/install/camera_pkg:/home/ras4/nuc_ws/install/arm_pkg:/home/ras4/nuc_ws/src/install/xbox_control_pkg:/home/ras4/nuc_ws/src/install/odometry_pkg:/home/ras4/nuc_ws/src/install/camera_pkg:/home/ras4/nuc_ws/src/install/arm_pkg:/opt/ros/humble /usr/bin/cmake --install /home/ras4/nuc_ws/src/build/sllidar_ros2
[19.120s] Level 1:colcon.colcon_core.environment:checking '/home/ras4/nuc_ws/src/install/sllidar_ros2' for CMake config files
[19.123s] Level 1:colcon.colcon_core.shell:create_environment_hook('sllidar_ros2', 'cmake_prefix_path')
[19.124s] INFO:colcon.colcon_core.shell:Creating environment hook '/home/ras4/nuc_ws/src/install/sllidar_ros2/share/sllidar_ros2/hook/cmake_prefix_path.ps1'
[19.126s] INFO:colcon.colcon_core.shell:Creating environment descriptor '/home/ras4/nuc_ws/src/install/sllidar_ros2/share/sllidar_ros2/hook/cmake_prefix_path.dsv'
[19.129s] INFO:colcon.colcon_core.shell:Creating environment hook '/home/ras4/nuc_ws/src/install/sllidar_ros2/share/sllidar_ros2/hook/cmake_prefix_path.sh'
[19.133s] Level 1:colcon.colcon_core.environment:checking '/home/ras4/nuc_ws/src/install/sllidar_ros2/lib'
[19.133s] Level 1:colcon.colcon_core.environment:checking '/home/ras4/nuc_ws/src/install/sllidar_ros2/bin'
[19.133s] Level 1:colcon.colcon_core.environment:checking '/home/ras4/nuc_ws/src/install/sllidar_ros2/lib/pkgconfig/sllidar_ros2.pc'
[19.134s] Level 1:colcon.colcon_core.environment:checking '/home/ras4/nuc_ws/src/install/sllidar_ros2/lib/python3.10/site-packages'
[19.135s] Level 1:colcon.colcon_core.environment:checking '/home/ras4/nuc_ws/src/install/sllidar_ros2/bin'
[19.137s] INFO:colcon.colcon_core.shell:Creating package script '/home/ras4/nuc_ws/src/install/sllidar_ros2/share/sllidar_ros2/package.ps1'
[19.140s] INFO:colcon.colcon_core.shell:Creating package descriptor '/home/ras4/nuc_ws/src/install/sllidar_ros2/share/sllidar_ros2/package.dsv'
[19.142s] INFO:colcon.colcon_core.shell:Creating package script '/home/ras4/nuc_ws/src/install/sllidar_ros2/share/sllidar_ros2/package.sh'
[19.144s] INFO:colcon.colcon_core.shell:Creating package script '/home/ras4/nuc_ws/src/install/sllidar_ros2/share/sllidar_ros2/package.bash'
[19.145s] INFO:colcon.colcon_core.shell:Creating package script '/home/ras4/nuc_ws/src/install/sllidar_ros2/share/sllidar_ros2/package.zsh'
[19.147s] Level 1:colcon.colcon_core.environment:create_file_with_runtime_dependencies(/home/ras4/nuc_ws/src/install/sllidar_ros2/share/colcon-core/packages/sllidar_ros2)
[19.150s] Level 1:colcon.colcon_core.environment:create_environment_scripts_only(sllidar_ros2)
[19.151s] Level 1:colcon.colcon_core.environment:checking '/home/ras4/nuc_ws/src/install/sllidar_ros2' for CMake module files
[19.154s] Level 1:colcon.colcon_core.environment:checking '/home/ras4/nuc_ws/src/install/sllidar_ros2' for CMake config files
[19.156s] Level 1:colcon.colcon_core.shell:create_environment_hook('sllidar_ros2', 'cmake_prefix_path')
[19.157s] INFO:colcon.colcon_core.shell:Creating environment hook '/home/ras4/nuc_ws/src/install/sllidar_ros2/share/sllidar_ros2/hook/cmake_prefix_path.ps1'
[19.159s] INFO:colcon.colcon_core.shell:Creating environment descriptor '/home/ras4/nuc_ws/src/install/sllidar_ros2/share/sllidar_ros2/hook/cmake_prefix_path.dsv'
[19.161s] INFO:colcon.colcon_core.shell:Creating environment hook '/home/ras4/nuc_ws/src/install/sllidar_ros2/share/sllidar_ros2/hook/cmake_prefix_path.sh'
[19.163s] Level 1:colcon.colcon_core.environment:checking '/home/ras4/nuc_ws/src/install/sllidar_ros2/lib'
[19.164s] Level 1:colcon.colcon_core.environment:checking '/home/ras4/nuc_ws/src/install/sllidar_ros2/bin'
[19.164s] Level 1:colcon.colcon_core.environment:checking '/home/ras4/nuc_ws/src/install/sllidar_ros2/lib/pkgconfig/sllidar_ros2.pc'
[19.165s] Level 1:colcon.colcon_core.environment:checking '/home/ras4/nuc_ws/src/install/sllidar_ros2/lib/python3.10/site-packages'
[19.166s] Level 1:colcon.colcon_core.environment:checking '/home/ras4/nuc_ws/src/install/sllidar_ros2/bin'
[19.167s] INFO:colcon.colcon_core.shell:Creating package script '/home/ras4/nuc_ws/src/install/sllidar_ros2/share/sllidar_ros2/package.ps1'
[19.169s] INFO:colcon.colcon_core.shell:Creating package descriptor '/home/ras4/nuc_ws/src/install/sllidar_ros2/share/sllidar_ros2/package.dsv'
[19.172s] INFO:colcon.colcon_core.shell:Creating package script '/home/ras4/nuc_ws/src/install/sllidar_ros2/share/sllidar_ros2/package.sh'
[19.174s] INFO:colcon.colcon_core.shell:Creating package script '/home/ras4/nuc_ws/src/install/sllidar_ros2/share/sllidar_ros2/package.bash'
[19.176s] INFO:colcon.colcon_core.shell:Creating package script '/home/ras4/nuc_ws/src/install/sllidar_ros2/share/sllidar_ros2/package.zsh'
[19.178s] Level 1:colcon.colcon_core.environment:create_file_with_runtime_dependencies(/home/ras4/nuc_ws/src/install/sllidar_ros2/share/colcon-core/packages/sllidar_ros2)
[19.179s] DEBUG:colcon.colcon_core.executor.sequential:run_until_complete 'sllidar_ros2' finished with '0'
[19.179s] DEBUG:colcon.colcon_core.executor.sequential:run_until_complete 'xbox_control_pkg'
[19.180s] INFO:colcon.colcon_ros.task.ament_python.build:Building ROS package in '/home/ras4/nuc_ws/src/xbox_control_pkg' with build type 'ament_python'
[19.180s] Level 1:colcon.colcon_core.shell:create_environment_hook('xbox_control_pkg', 'ament_prefix_path')
[19.181s] INFO:colcon.colcon_core.shell:Creating environment hook '/home/ras4/nuc_ws/src/install/xbox_control_pkg/share/xbox_control_pkg/hook/ament_prefix_path.ps1'
[19.184s] INFO:colcon.colcon_core.shell:Creating environment descriptor '/home/ras4/nuc_ws/src/install/xbox_control_pkg/share/xbox_control_pkg/hook/ament_prefix_path.dsv'
[19.186s] INFO:colcon.colcon_core.shell:Creating environment hook '/home/ras4/nuc_ws/src/install/xbox_control_pkg/share/xbox_control_pkg/hook/ament_prefix_path.sh'
[19.189s] INFO:colcon.colcon_core.shell:Skip shell extension 'powershell' for command environment: Not usable outside of PowerShell
[19.189s] DEBUG:colcon.colcon_core.shell:Skip shell extension 'dsv' for command environment
[20.463s] INFO:colcon.colcon_core.task.python.build:Building Python package in '/home/ras4/nuc_ws/src/xbox_control_pkg'
[20.464s] INFO:colcon.colcon_core.shell:Skip shell extension 'powershell' for command environment: Not usable outside of PowerShell
[20.465s] DEBUG:colcon.colcon_core.shell:Skip shell extension 'dsv' for command environment
[22.011s] DEBUG:colcon.colcon_core.event_handler.log_command:Invoking command in '/home/ras4/nuc_ws/src/xbox_control_pkg': PYTHONPATH=/home/ras4/nuc_ws/src/build/xbox_control_pkg/prefix_override:/usr/lib/python3/dist-packages/colcon_core/task/python/colcon_distutils_commands:/home/ras4/nuc_ws/src/install/xbox_control_pkg/lib/python3.10/site-packages:${PYTHONPATH} /usr/bin/python3 -W ignore:setup.py install is deprecated -W ignore:easy_install command is deprecated setup.py egg_info --egg-base ../build/xbox_control_pkg build --build-base /home/ras4/nuc_ws/src/build/xbox_control_pkg/build install --record /home/ras4/nuc_ws/src/build/xbox_control_pkg/install.log --single-version-externally-managed install_data
[23.383s] Level 1:colcon.colcon_core.environment:checking '/home/ras4/nuc_ws/src/install/xbox_control_pkg' for CMake module files
[23.384s] DEBUG:colcon.colcon_core.event_handler.log_command:Invoked command in '/home/ras4/nuc_ws/src/xbox_control_pkg' returned '0': PYTHONPATH=/home/ras4/nuc_ws/src/build/xbox_control_pkg/prefix_override:/usr/lib/python3/dist-packages/colcon_core/task/python/colcon_distutils_commands:/home/ras4/nuc_ws/src/install/xbox_control_pkg/lib/python3.10/site-packages:${PYTHONPATH} /usr/bin/python3 -W ignore:setup.py install is deprecated -W ignore:easy_install command is deprecated setup.py egg_info --egg-base ../build/xbox_control_pkg build --build-base /home/ras4/nuc_ws/src/build/xbox_control_pkg/build install --record /home/ras4/nuc_ws/src/build/xbox_control_pkg/install.log --single-version-externally-managed install_data
[23.386s] Level 1:colcon.colcon_core.environment:checking '/home/ras4/nuc_ws/src/install/xbox_control_pkg' for CMake config files
[23.389s] Level 1:colcon.colcon_core.environment:checking '/home/ras4/nuc_ws/src/install/xbox_control_pkg/lib'
[23.390s] Level 1:colcon.colcon_core.environment:checking '/home/ras4/nuc_ws/src/install/xbox_control_pkg/bin'
[23.390s] Level 1:colcon.colcon_core.environment:checking '/home/ras4/nuc_ws/src/install/xbox_control_pkg/lib/pkgconfig/xbox_control_pkg.pc'
[23.391s] Level 1:colcon.colcon_core.environment:checking '/home/ras4/nuc_ws/src/install/xbox_control_pkg/lib/python3.10/site-packages'
[23.392s] Level 1:colcon.colcon_core.shell:create_environment_hook('xbox_control_pkg', 'pythonpath')
[23.392s] INFO:colcon.colcon_core.shell:Creating environment hook '/home/ras4/nuc_ws/src/install/xbox_control_pkg/share/xbox_control_pkg/hook/pythonpath.ps1'
[23.395s] INFO:colcon.colcon_core.shell:Creating environment descriptor '/home/ras4/nuc_ws/src/install/xbox_control_pkg/share/xbox_control_pkg/hook/pythonpath.dsv'
[23.397s] INFO:colcon.colcon_core.shell:Creating environment hook '/home/ras4/nuc_ws/src/install/xbox_control_pkg/share/xbox_control_pkg/hook/pythonpath.sh'
[23.400s] Level 1:colcon.colcon_core.environment:checking '/home/ras4/nuc_ws/src/install/xbox_control_pkg/bin'
[23.400s] Level 1:colcon.colcon_core.environment:create_environment_scripts_only(xbox_control_pkg)
[23.401s] INFO:colcon.colcon_core.shell:Creating package script '/home/ras4/nuc_ws/src/install/xbox_control_pkg/share/xbox_control_pkg/package.ps1'
[23.404s] INFO:colcon.colcon_core.shell:Creating package descriptor '/home/ras4/nuc_ws/src/install/xbox_control_pkg/share/xbox_control_pkg/package.dsv'
[23.406s] INFO:colcon.colcon_core.shell:Creating package script '/home/ras4/nuc_ws/src/install/xbox_control_pkg/share/xbox_control_pkg/package.sh'
[23.408s] INFO:colcon.colcon_core.shell:Creating package script '/home/ras4/nuc_ws/src/install/xbox_control_pkg/share/xbox_control_pkg/package.bash'
[23.410s] INFO:colcon.colcon_core.shell:Creating package script '/home/ras4/nuc_ws/src/install/xbox_control_pkg/share/xbox_control_pkg/package.zsh'
[23.412s] Level 1:colcon.colcon_core.environment:create_file_with_runtime_dependencies(/home/ras4/nuc_ws/src/install/xbox_control_pkg/share/colcon-core/packages/xbox_control_pkg)
[23.413s] DEBUG:colcon.colcon_core.executor.sequential:run_until_complete 'xbox_control_pkg' finished with '0'
[23.414s] DEBUG:colcon.colcon_core.executor.sequential:run_until_complete 'astra_camera'
[23.415s] INFO:colcon.colcon_ros.task.ament_cmake.build:Building ROS package in '/home/ras4/nuc_ws/src/ros2_astra_camera/astra_camera' with build type 'ament_cmake'
[23.415s] INFO:colcon.colcon_cmake.task.cmake.build:Building CMake package in '/home/ras4/nuc_ws/src/ros2_astra_camera/astra_camera'
[23.416s] INFO:colcon.colcon_core.shell:Skip shell extension 'powershell' for command environment: Not usable outside of PowerShell
[23.416s] DEBUG:colcon.colcon_core.shell:Skip shell extension 'dsv' for command environment
[23.489s] DEBUG:colcon.colcon_core.event_handler.log_command:Invoking command in '/home/ras4/nuc_ws/src/build/astra_camera': CMAKE_PREFIX_PATH=/home/ras4/nuc_ws/src/install/astra_camera_msgs:/home/ras4/nuc_ws/install/sllidar_ros2:/home/ras4/nuc_ws/install/astra_camera_msgs:/home/ras4/nuc_ws/src/install/sllidar_ros2:/home/ras4/nuc_ws/install/xbox_control_pkg:/home/ras4/nuc_ws/install/odometry_pkg:/home/ras4/nuc_ws/install/camera_pkg:/home/ras4/nuc_ws/install/arm_pkg:/home/ras4/nuc_ws/src/install/xbox_control_pkg:/home/ras4/nuc_ws/src/install/odometry_pkg:/home/ras4/nuc_ws/src/install/camera_pkg:/home/ras4/nuc_ws/src/install/arm_pkg:/opt/ros/humble LD_LIBRARY_PATH=/home/ras4/nuc_ws/src/install/astra_camera_msgs/lib:/home/ras4/nuc_ws/install/astra_camera_msgs/lib:/opt/ros/humble/opt/rviz_ogre_vendor/lib:/opt/ros/humble/lib/aarch64-linux-gnu:/opt/ros/humble/lib /usr/bin/cmake --build /home/ras4/nuc_ws/src/build/astra_camera -- -j4 -l4
