[3.755s] Invoking command in '/home/ras4/nuc_ws/build/sllidar_ros2': CMAKE_PREFIX_PATH=${CMAKE_PREFIX_PATH}:/home/ras4/nuc_ws/install/xbox_control_pkg:/home/ras4/nuc_ws/install/odometry_pkg:/home/ras4/nuc_ws/install/camera_pkg:/home/ras4/nuc_ws/install/arm_pkg:/opt/ros/humble /usr/bin/cmake --build /home/ras4/nuc_ws/build/sllidar_ros2 -- -j4 -l4
[4.363s] [35m[1mConsolidate compiler generated dependencies of target sllidar_client[0m
[4.426s] [35m[1mConsolidate compiler generated dependencies of target sllidar_node[0m
[4.666s] [ 10%] Built target sllidar_client
[4.691s] [100%] Built target sllidar_node
[4.756s] Invoked command in '/home/ras4/nuc_ws/build/sllidar_ros2' returned '0': CMAKE_PREFIX_PATH=${CMAKE_PREFIX_PATH}:/home/ras4/nuc_ws/install/xbox_control_pkg:/home/ras4/nuc_ws/install/odometry_pkg:/home/ras4/nuc_ws/install/camera_pkg:/home/ras4/nuc_ws/install/arm_pkg:/opt/ros/humble /usr/bin/cmake --build /home/ras4/nuc_ws/build/sllidar_ros2 -- -j4 -l4
[4.815s] Invoking command in '/home/ras4/nuc_ws/build/sllidar_ros2': CMAKE_PREFIX_PATH=${CMAKE_PREFIX_PATH}:/home/ras4/nuc_ws/install/xbox_control_pkg:/home/ras4/nuc_ws/install/odometry_pkg:/home/ras4/nuc_ws/install/camera_pkg:/home/ras4/nuc_ws/install/arm_pkg:/opt/ros/humble /usr/bin/cmake --install /home/ras4/nuc_ws/build/sllidar_ros2
[4.863s] -- Install configuration: ""
[4.869s] -- Up-to-date: /home/ras4/nuc_ws/install/sllidar_ros2/share/sllidar_ros2/launch
[4.871s] -- Up-to-date: /home/ras4/nuc_ws/install/sllidar_ros2/share/sllidar_ros2/launch/view_sllidar_c1_launch.py
[4.873s] -- Up-to-date: /home/ras4/nuc_ws/install/sllidar_ros2/share/sllidar_ros2/launch/sllidar_s3_launch.py
[4.875s] -- Up-to-date: /home/ras4/nuc_ws/install/sllidar_ros2/share/sllidar_ros2/launch/sllidar_a2m8_launch.py
[4.876s] -- Up-to-date: /home/ras4/nuc_ws/install/sllidar_ros2/share/sllidar_ros2/launch/view_sllidar_s1_tcp_launch.py
[4.878s] -- Up-to-date: /home/ras4/nuc_ws/install/sllidar_ros2/share/sllidar_ros2/launch/sllidar_s1_tcp_launch.py
[4.880s] -- Up-to-date: /home/ras4/nuc_ws/install/sllidar_ros2/share/sllidar_ros2/launch/sllidar_c1_launch.py
[4.881s] -- Up-to-date: /home/ras4/nuc_ws/install/sllidar_ros2/share/sllidar_ros2/launch/sllidar_s1_launch.py
[4.882s] -- Up-to-date: /home/ras4/nuc_ws/install/sllidar_ros2/share/sllidar_ros2/launch/sllidar_s2_launch.py
[4.884s] -- Up-to-date: /home/ras4/nuc_ws/install/sllidar_ros2/share/sllidar_ros2/launch/view_sllidar_a2m8_launch.py
[4.885s] -- Up-to-date: /home/ras4/nuc_ws/install/sllidar_ros2/share/sllidar_ros2/launch/view_sllidar_a3_launch.py
[4.887s] -- Up-to-date: /home/ras4/nuc_ws/install/sllidar_ros2/share/sllidar_ros2/launch/view_sllidar_s2_launch.py
[4.888s] -- Up-to-date: /home/ras4/nuc_ws/install/sllidar_ros2/share/sllidar_ros2/launch/view_sllidar_a2m12_launch.py
[4.890s] -- Up-to-date: /home/ras4/nuc_ws/install/sllidar_ros2/share/sllidar_ros2/launch/view_sllidar_s1_launch.py
[4.891s] -- Up-to-date: /home/ras4/nuc_ws/install/sllidar_ros2/share/sllidar_ros2/launch/sllidar_s2e_launch.py
[4.892s] -- Up-to-date: /home/ras4/nuc_ws/install/sllidar_ros2/share/sllidar_ros2/launch/sllidar_a2m12_launch .py
[4.894s] -- Up-to-date: /home/ras4/nuc_ws/install/sllidar_ros2/share/sllidar_ros2/launch/sllidar_t1_launch.py
[4.895s] -- Up-to-date: /home/ras4/nuc_ws/install/sllidar_ros2/share/sllidar_ros2/launch/view_sllidar_a2m7_launch.py
[4.897s] -- Up-to-date: /home/ras4/nuc_ws/install/sllidar_ros2/share/sllidar_ros2/launch/view_sllidar_t1_launch.py
[4.898s] -- Up-to-date: /home/ras4/nuc_ws/install/sllidar_ros2/share/sllidar_ros2/launch/sllidar_a2m7_launch.py
[4.900s] -- Up-to-date: /home/ras4/nuc_ws/install/sllidar_ros2/share/sllidar_ros2/launch/view_sllidar_s3_launch.py
[4.901s] -- Up-to-date: /home/ras4/nuc_ws/install/sllidar_ros2/share/sllidar_ros2/launch/view_sllidar_s2e_launch.py
[4.903s] -- Up-to-date: /home/ras4/nuc_ws/install/sllidar_ros2/share/sllidar_ros2/launch/sllidar_a3_launch.py
[4.904s] -- Up-to-date: /home/ras4/nuc_ws/install/sllidar_ros2/share/sllidar_ros2/launch/sllidar_a1_launch.py
[4.906s] -- Up-to-date: /home/ras4/nuc_ws/install/sllidar_ros2/share/sllidar_ros2/launch/view_sllidar_a1_launch.py
[4.907s] -- Up-to-date: /home/ras4/nuc_ws/install/sllidar_ros2/share/sllidar_ros2/rviz
[4.910s] -- Up-to-date: /home/ras4/nuc_ws/install/sllidar_ros2/share/sllidar_ros2/rviz/sllidar_ros2.rviz
[4.916s] -- Up-to-date: /home/ras4/nuc_ws/install/sllidar_ros2/lib/sllidar_ros2/sllidar_node
[4.922s] -- Up-to-date: /home/ras4/nuc_ws/install/sllidar_ros2/lib/sllidar_ros2/sllidar_client
[4.925s] -- Up-to-date: /home/ras4/nuc_ws/install/sllidar_ros2/share/ament_index/resource_index/package_run_dependencies/sllidar_ros2
[4.927s] -- Up-to-date: /home/ras4/nuc_ws/install/sllidar_ros2/share/ament_index/resource_index/parent_prefix_path/sllidar_ros2
[4.929s] -- Up-to-date: /home/ras4/nuc_ws/install/sllidar_ros2/share/sllidar_ros2/environment/ament_prefix_path.sh
[4.930s] -- Up-to-date: /home/ras4/nuc_ws/install/sllidar_ros2/share/sllidar_ros2/environment/ament_prefix_path.dsv
[4.932s] -- Up-to-date: /home/ras4/nuc_ws/install/sllidar_ros2/share/sllidar_ros2/environment/path.sh
[4.933s] -- Up-to-date: /home/ras4/nuc_ws/install/sllidar_ros2/share/sllidar_ros2/environment/path.dsv
[4.935s] -- Up-to-date: /home/ras4/nuc_ws/install/sllidar_ros2/share/sllidar_ros2/local_setup.bash
[4.936s] -- Up-to-date: /home/ras4/nuc_ws/install/sllidar_ros2/share/sllidar_ros2/local_setup.sh
[4.938s] -- Up-to-date: /home/ras4/nuc_ws/install/sllidar_ros2/share/sllidar_ros2/local_setup.zsh
[4.940s] -- Up-to-date: /home/ras4/nuc_ws/install/sllidar_ros2/share/sllidar_ros2/local_setup.dsv
[4.941s] -- Installing: /home/ras4/nuc_ws/install/sllidar_ros2/share/sllidar_ros2/package.dsv
[4.945s] -- Up-to-date: /home/ras4/nuc_ws/install/sllidar_ros2/share/ament_index/resource_index/packages/sllidar_ros2
[4.948s] -- Up-to-date: /home/ras4/nuc_ws/install/sllidar_ros2/share/sllidar_ros2/cmake/ament_cmake_export_dependencies-extras.cmake
[4.949s] -- Up-to-date: /home/ras4/nuc_ws/install/sllidar_ros2/share/sllidar_ros2/cmake/ament_cmake_export_include_directories-extras.cmake
[4.952s] -- Up-to-date: /home/ras4/nuc_ws/install/sllidar_ros2/share/sllidar_ros2/cmake/sllidar_ros2Config.cmake
[4.955s] -- Up-to-date: /home/ras4/nuc_ws/install/sllidar_ros2/share/sllidar_ros2/cmake/sllidar_ros2Config-version.cmake
[4.956s] -- Up-to-date: /home/ras4/nuc_ws/install/sllidar_ros2/share/sllidar_ros2/package.xml
[4.972s] Invoked command in '/home/ras4/nuc_ws/build/sllidar_ros2' returned '0': CMAKE_PREFIX_PATH=${CMAKE_PREFIX_PATH}:/home/ras4/nuc_ws/install/xbox_control_pkg:/home/ras4/nuc_ws/install/odometry_pkg:/home/ras4/nuc_ws/install/camera_pkg:/home/ras4/nuc_ws/install/arm_pkg:/opt/ros/humble /usr/bin/cmake --install /home/ras4/nuc_ws/build/sllidar_ros2
