[0.193s] DEBUG:colcon:Command line arguments: ['/usr/bin/colcon', 'build', '--symlink-install']
[0.194s] DEBUG:colcon:Parsed command line arguments: Namespace(log_base=None, log_level=None, verb_name='build', build_base='build', install_base='install', merge_install=False, symlink_install=True, test_result_base=None, continue_on_error=False, executor='parallel', parallel_workers=4, event_handlers=None, ignore_user_meta=False, metas=['./colcon.meta'], base_paths=['.'], packages_ignore=None, packages_ignore_regex=None, paths=None, packages_up_to=None, packages_up_to_regex=None, packages_above=None, packages_above_and_dependencies=None, packages_above_depth=None, packages_select_by_dep=None, packages_skip_by_dep=None, packages_skip_up_to=None, packages_select_build_failed=False, packages_skip_build_finished=False, packages_select_test_failures=False, packages_skip_test_passed=False, packages_select=None, packages_skip=None, packages_select_regex=None, packages_skip_regex=None, packages_start=None, packages_end=None, allow_overriding=[], cmake_args=None, cmake_target=None, cmake_target_skip_unavailable=False, cmake_clean_cache=False, cmake_clean_first=False, cmake_force_configure=False, ament_cmake_args=None, catkin_cmake_args=None, catkin_skip_building_tests=False, verb_parser=<colcon_defaults.argument_parser.defaults.DefaultArgumentsDecorator object at 0x7eb175f5d5a0>, verb_extension=<colcon_core.verb.build.BuildVerb object at 0x7eb1760d2bc0>, main=<bound method BuildVerb.main of <colcon_core.verb.build.BuildVerb object at 0x7eb1760d2bc0>>)
[0.470s] Level 1:colcon.colcon_core.package_discovery:discover_packages(colcon_meta) check parameters
[0.470s] Level 1:colcon.colcon_core.package_discovery:discover_packages(recursive) check parameters
[0.471s] Level 1:colcon.colcon_core.package_discovery:discover_packages(ignore) check parameters
[0.471s] Level 1:colcon.colcon_core.package_discovery:discover_packages(path) check parameters
[0.471s] Level 1:colcon.colcon_core.package_discovery:discover_packages(colcon_meta) discover
[0.471s] Level 1:colcon.colcon_core.package_discovery:discover_packages(recursive) discover
[0.471s] INFO:colcon.colcon_core.package_discovery:Crawling recursively for packages in '/home/robotec/ros2_ws'
[0.471s] Level 1:colcon.colcon_core.package_identification:_identify(.) by extensions ['ignore', 'ignore_ament_install']
[0.471s] Level 1:colcon.colcon_core.package_identification:_identify(.) by extension 'ignore'
[0.471s] Level 1:colcon.colcon_core.package_identification:_identify(.) by extension 'ignore_ament_install'
[0.472s] Level 1:colcon.colcon_core.package_identification:_identify(.) by extensions ['colcon_pkg']
[0.472s] Level 1:colcon.colcon_core.package_identification:_identify(.) by extension 'colcon_pkg'
[0.472s] Level 1:colcon.colcon_core.package_identification:_identify(.) by extensions ['colcon_meta']
[0.472s] Level 1:colcon.colcon_core.package_identification:_identify(.) by extension 'colcon_meta'
[0.472s] Level 1:colcon.colcon_core.package_identification:_identify(.) by extensions ['ros']
[0.472s] Level 1:colcon.colcon_core.package_identification:_identify(.) by extension 'ros'
[0.494s] Level 1:colcon.colcon_core.package_identification:_identify(.) by extensions ['cmake', 'python']
[0.494s] Level 1:colcon.colcon_core.package_identification:_identify(.) by extension 'cmake'
[0.494s] Level 1:colcon.colcon_core.package_identification:_identify(.) by extension 'python'
[0.494s] Level 1:colcon.colcon_core.package_identification:_identify(.) by extensions ['python_setup_py']
[0.494s] Level 1:colcon.colcon_core.package_identification:_identify(.) by extension 'python_setup_py'
[0.495s] Level 1:colcon.colcon_core.package_identification:_identify(build) by extensions ['ignore', 'ignore_ament_install']
[0.495s] Level 1:colcon.colcon_core.package_identification:_identify(build) by extension 'ignore'
[0.495s] Level 1:colcon.colcon_core.package_identification:_identify(build) ignored
[0.495s] Level 1:colcon.colcon_core.package_identification:_identify(install) by extensions ['ignore', 'ignore_ament_install']
[0.495s] Level 1:colcon.colcon_core.package_identification:_identify(install) by extension 'ignore'
[0.495s] Level 1:colcon.colcon_core.package_identification:_identify(install) ignored
[0.495s] Level 1:colcon.colcon_core.package_identification:_identify(log) by extensions ['ignore', 'ignore_ament_install']
[0.495s] Level 1:colcon.colcon_core.package_identification:_identify(log) by extension 'ignore'
[0.496s] Level 1:colcon.colcon_core.package_identification:_identify(log) ignored
[0.496s] Level 1:colcon.colcon_core.package_identification:_identify(src) by extensions ['ignore', 'ignore_ament_install']
[0.496s] Level 1:colcon.colcon_core.package_identification:_identify(src) by extension 'ignore'
[0.496s] Level 1:colcon.colcon_core.package_identification:_identify(src) by extension 'ignore_ament_install'
[0.496s] Level 1:colcon.colcon_core.package_identification:_identify(src) by extensions ['colcon_pkg']
[0.496s] Level 1:colcon.colcon_core.package_identification:_identify(src) by extension 'colcon_pkg'
[0.496s] Level 1:colcon.colcon_core.package_identification:_identify(src) by extensions ['colcon_meta']
[0.496s] Level 1:colcon.colcon_core.package_identification:_identify(src) by extension 'colcon_meta'
[0.496s] Level 1:colcon.colcon_core.package_identification:_identify(src) by extensions ['ros']
[0.496s] Level 1:colcon.colcon_core.package_identification:_identify(src) by extension 'ros'
[0.496s] Level 1:colcon.colcon_core.package_identification:_identify(src) by extensions ['cmake', 'python']
[0.496s] Level 1:colcon.colcon_core.package_identification:_identify(src) by extension 'cmake'
[0.496s] Level 1:colcon.colcon_core.package_identification:_identify(src) by extension 'python'
[0.496s] Level 1:colcon.colcon_core.package_identification:_identify(src) by extensions ['python_setup_py']
[0.497s] Level 1:colcon.colcon_core.package_identification:_identify(src) by extension 'python_setup_py'
[0.497s] Level 1:colcon.colcon_core.package_identification:_identify(src/camera_pkg) by extensions ['ignore', 'ignore_ament_install']
[0.497s] Level 1:colcon.colcon_core.package_identification:_identify(src/camera_pkg) by extension 'ignore'
[0.497s] Level 1:colcon.colcon_core.package_identification:_identify(src/camera_pkg) by extension 'ignore_ament_install'
[0.497s] Level 1:colcon.colcon_core.package_identification:_identify(src/camera_pkg) by extensions ['colcon_pkg']
[0.497s] Level 1:colcon.colcon_core.package_identification:_identify(src/camera_pkg) by extension 'colcon_pkg'
[0.497s] Level 1:colcon.colcon_core.package_identification:_identify(src/camera_pkg) by extensions ['colcon_meta']
[0.497s] Level 1:colcon.colcon_core.package_identification:_identify(src/camera_pkg) by extension 'colcon_meta'
[0.497s] Level 1:colcon.colcon_core.package_identification:_identify(src/camera_pkg) by extensions ['ros']
[0.497s] Level 1:colcon.colcon_core.package_identification:_identify(src/camera_pkg) by extension 'ros'
[0.503s] DEBUG:colcon.colcon_core.package_identification:Package 'src/camera_pkg' with type 'ros.ament_python' and name 'camera_pkg'
[0.503s] Level 1:colcon.colcon_core.package_identification:_identify(src/libuvc) by extensions ['ignore', 'ignore_ament_install']
[0.504s] Level 1:colcon.colcon_core.package_identification:_identify(src/libuvc) by extension 'ignore'
[0.504s] Level 1:colcon.colcon_core.package_identification:_identify(src/libuvc) by extension 'ignore_ament_install'
[0.504s] Level 1:colcon.colcon_core.package_identification:_identify(src/libuvc) by extensions ['colcon_pkg']
[0.504s] Level 1:colcon.colcon_core.package_identification:_identify(src/libuvc) by extension 'colcon_pkg'
[0.504s] Level 1:colcon.colcon_core.package_identification:_identify(src/libuvc) by extensions ['colcon_meta']
[0.504s] Level 1:colcon.colcon_core.package_identification:_identify(src/libuvc) by extension 'colcon_meta'
[0.505s] Level 1:colcon.colcon_core.package_identification:_identify(src/libuvc) by extensions ['ros']
[0.505s] Level 1:colcon.colcon_core.package_identification:_identify(src/libuvc) by extension 'ros'
[0.505s] Level 1:colcon.colcon_core.package_identification:_identify(src/libuvc) by extensions ['cmake', 'python']
[0.505s] Level 1:colcon.colcon_core.package_identification:_identify(src/libuvc) by extension 'cmake'
[0.515s] Level 1:colcon.colcon_core.package_identification:_identify(src/libuvc) by extension 'python'
[0.515s] DEBUG:colcon.colcon_core.package_identification:Package 'src/libuvc' with type 'cmake' and name 'libuvc'
[0.515s] Level 1:colcon.colcon_core.package_identification:_identify(src/odometry) by extensions ['ignore', 'ignore_ament_install']
[0.515s] Level 1:colcon.colcon_core.package_identification:_identify(src/odometry) by extension 'ignore'
[0.516s] Level 1:colcon.colcon_core.package_identification:_identify(src/odometry) by extension 'ignore_ament_install'
[0.516s] Level 1:colcon.colcon_core.package_identification:_identify(src/odometry) by extensions ['colcon_pkg']
[0.516s] Level 1:colcon.colcon_core.package_identification:_identify(src/odometry) by extension 'colcon_pkg'
[0.516s] Level 1:colcon.colcon_core.package_identification:_identify(src/odometry) by extensions ['colcon_meta']
[0.516s] Level 1:colcon.colcon_core.package_identification:_identify(src/odometry) by extension 'colcon_meta'
[0.516s] Level 1:colcon.colcon_core.package_identification:_identify(src/odometry) by extensions ['ros']
[0.516s] Level 1:colcon.colcon_core.package_identification:_identify(src/odometry) by extension 'ros'
[0.517s] DEBUG:colcon.colcon_core.package_identification:Package 'src/odometry' with type 'ros.ament_python' and name 'odometry'
[0.517s] Level 1:colcon.colcon_core.package_identification:_identify(src/ros2_astra_camera) by extensions ['ignore', 'ignore_ament_install']
[0.517s] Level 1:colcon.colcon_core.package_identification:_identify(src/ros2_astra_camera) by extension 'ignore'
[0.517s] Level 1:colcon.colcon_core.package_identification:_identify(src/ros2_astra_camera) by extension 'ignore_ament_install'
[0.517s] Level 1:colcon.colcon_core.package_identification:_identify(src/ros2_astra_camera) by extensions ['colcon_pkg']
[0.517s] Level 1:colcon.colcon_core.package_identification:_identify(src/ros2_astra_camera) by extension 'colcon_pkg'
[0.517s] Level 1:colcon.colcon_core.package_identification:_identify(src/ros2_astra_camera) by extensions ['colcon_meta']
[0.517s] Level 1:colcon.colcon_core.package_identification:_identify(src/ros2_astra_camera) by extension 'colcon_meta'
[0.517s] Level 1:colcon.colcon_core.package_identification:_identify(src/ros2_astra_camera) by extensions ['ros']
[0.517s] Level 1:colcon.colcon_core.package_identification:_identify(src/ros2_astra_camera) by extension 'ros'
[0.517s] Level 1:colcon.colcon_core.package_identification:_identify(src/ros2_astra_camera) by extensions ['cmake', 'python']
[0.517s] Level 1:colcon.colcon_core.package_identification:_identify(src/ros2_astra_camera) by extension 'cmake'
[0.518s] Level 1:colcon.colcon_core.package_identification:_identify(src/ros2_astra_camera) by extension 'python'
[0.518s] Level 1:colcon.colcon_core.package_identification:_identify(src/ros2_astra_camera) by extensions ['python_setup_py']
[0.518s] Level 1:colcon.colcon_core.package_identification:_identify(src/ros2_astra_camera) by extension 'python_setup_py'
[0.518s] Level 1:colcon.colcon_core.package_identification:_identify(src/ros2_astra_camera/astra_camera) by extensions ['ignore', 'ignore_ament_install']
[0.518s] Level 1:colcon.colcon_core.package_identification:_identify(src/ros2_astra_camera/astra_camera) by extension 'ignore'
[0.518s] Level 1:colcon.colcon_core.package_identification:_identify(src/ros2_astra_camera/astra_camera) by extension 'ignore_ament_install'
[0.518s] Level 1:colcon.colcon_core.package_identification:_identify(src/ros2_astra_camera/astra_camera) by extensions ['colcon_pkg']
[0.518s] Level 1:colcon.colcon_core.package_identification:_identify(src/ros2_astra_camera/astra_camera) by extension 'colcon_pkg'
[0.518s] Level 1:colcon.colcon_core.package_identification:_identify(src/ros2_astra_camera/astra_camera) by extensions ['colcon_meta']
[0.518s] Level 1:colcon.colcon_core.package_identification:_identify(src/ros2_astra_camera/astra_camera) by extension 'colcon_meta'
[0.518s] Level 1:colcon.colcon_core.package_identification:_identify(src/ros2_astra_camera/astra_camera) by extensions ['ros']
[0.518s] Level 1:colcon.colcon_core.package_identification:_identify(src/ros2_astra_camera/astra_camera) by extension 'ros'
[0.520s] DEBUG:colcon.colcon_core.package_identification:Package 'src/ros2_astra_camera/astra_camera' with type 'ros.ament_cmake' and name 'astra_camera'
[0.521s] Level 1:colcon.colcon_core.package_identification:_identify(src/ros2_astra_camera/astra_camera_msgs) by extensions ['ignore', 'ignore_ament_install']
[0.521s] Level 1:colcon.colcon_core.package_identification:_identify(src/ros2_astra_camera/astra_camera_msgs) by extension 'ignore'
[0.521s] Level 1:colcon.colcon_core.package_identification:_identify(src/ros2_astra_camera/astra_camera_msgs) by extension 'ignore_ament_install'
[0.521s] Level 1:colcon.colcon_core.package_identification:_identify(src/ros2_astra_camera/astra_camera_msgs) by extensions ['colcon_pkg']
[0.521s] Level 1:colcon.colcon_core.package_identification:_identify(src/ros2_astra_camera/astra_camera_msgs) by extension 'colcon_pkg'
[0.521s] Level 1:colcon.colcon_core.package_identification:_identify(src/ros2_astra_camera/astra_camera_msgs) by extensions ['colcon_meta']
[0.521s] Level 1:colcon.colcon_core.package_identification:_identify(src/ros2_astra_camera/astra_camera_msgs) by extension 'colcon_meta'
[0.521s] Level 1:colcon.colcon_core.package_identification:_identify(src/ros2_astra_camera/astra_camera_msgs) by extensions ['ros']
[0.521s] Level 1:colcon.colcon_core.package_identification:_identify(src/ros2_astra_camera/astra_camera_msgs) by extension 'ros'
[0.522s] DEBUG:colcon.colcon_core.package_identification:Package 'src/ros2_astra_camera/astra_camera_msgs' with type 'ros.ament_cmake' and name 'astra_camera_msgs'
[0.522s] Level 1:colcon.colcon_core.package_identification:_identify(src/sllidar_ros2) by extensions ['ignore', 'ignore_ament_install']
[0.522s] Level 1:colcon.colcon_core.package_identification:_identify(src/sllidar_ros2) by extension 'ignore'
[0.522s] Level 1:colcon.colcon_core.package_identification:_identify(src/sllidar_ros2) by extension 'ignore_ament_install'
[0.522s] Level 1:colcon.colcon_core.package_identification:_identify(src/sllidar_ros2) by extensions ['colcon_pkg']
[0.522s] Level 1:colcon.colcon_core.package_identification:_identify(src/sllidar_ros2) by extension 'colcon_pkg'
[0.522s] Level 1:colcon.colcon_core.package_identification:_identify(src/sllidar_ros2) by extensions ['colcon_meta']
[0.522s] Level 1:colcon.colcon_core.package_identification:_identify(src/sllidar_ros2) by extension 'colcon_meta'
[0.522s] Level 1:colcon.colcon_core.package_identification:_identify(src/sllidar_ros2) by extensions ['ros']
[0.522s] Level 1:colcon.colcon_core.package_identification:_identify(src/sllidar_ros2) by extension 'ros'
[0.523s] DEBUG:colcon.colcon_core.package_identification:Package 'src/sllidar_ros2' with type 'ros.ament_cmake' and name 'sllidar_ros2'
[0.523s] Level 1:colcon.colcon_core.package_discovery:discover_packages(recursive) using defaults
[0.523s] Level 1:colcon.colcon_core.package_discovery:discover_packages(ignore) discover
[0.523s] Level 1:colcon.colcon_core.package_discovery:discover_packages(ignore) using defaults
[0.523s] Level 1:colcon.colcon_core.package_discovery:discover_packages(path) discover
[0.523s] Level 1:colcon.colcon_core.package_discovery:discover_packages(path) using defaults
[0.570s] Level 1:colcon.colcon_core.package_discovery:discover_packages(prefix_path) check parameters
[0.570s] Level 1:colcon.colcon_core.package_discovery:discover_packages(prefix_path) discover
[0.573s] DEBUG:colcon.colcon_installed_package_information.package_discovery:Found 6 installed packages in /home/robotec/ros2_ws/install
[0.574s] DEBUG:colcon.colcon_installed_package_information.package_discovery:Found 335 installed packages in /opt/ros/humble
[0.576s] Level 1:colcon.colcon_core.package_discovery:discover_packages(prefix_path) using defaults
[0.636s] Level 5:colcon.colcon_core.verb:set package 'astra_camera_msgs' build argument 'cmake_args' from command line to 'None'
[0.636s] Level 5:colcon.colcon_core.verb:set package 'astra_camera_msgs' build argument 'cmake_target' from command line to 'None'
[0.636s] Level 5:colcon.colcon_core.verb:set package 'astra_camera_msgs' build argument 'cmake_target_skip_unavailable' from command line to 'False'
[0.636s] Level 5:colcon.colcon_core.verb:set package 'astra_camera_msgs' build argument 'cmake_clean_cache' from command line to 'False'
[0.636s] Level 5:colcon.colcon_core.verb:set package 'astra_camera_msgs' build argument 'cmake_clean_first' from command line to 'False'
[0.636s] Level 5:colcon.colcon_core.verb:set package 'astra_camera_msgs' build argument 'cmake_force_configure' from command line to 'False'
[0.636s] Level 5:colcon.colcon_core.verb:set package 'astra_camera_msgs' build argument 'ament_cmake_args' from command line to 'None'
[0.636s] Level 5:colcon.colcon_core.verb:set package 'astra_camera_msgs' build argument 'catkin_cmake_args' from command line to 'None'
[0.636s] Level 5:colcon.colcon_core.verb:set package 'astra_camera_msgs' build argument 'catkin_skip_building_tests' from command line to 'False'
[0.636s] DEBUG:colcon.colcon_core.verb:Building package 'astra_camera_msgs' with the following arguments: {'ament_cmake_args': None, 'build_base': '/home/robotec/ros2_ws/build/astra_camera_msgs', 'catkin_cmake_args': None, 'catkin_skip_building_tests': False, 'cmake_args': None, 'cmake_clean_cache': False, 'cmake_clean_first': False, 'cmake_force_configure': False, 'cmake_target': None, 'cmake_target_skip_unavailable': False, 'install_base': '/home/robotec/ros2_ws/install/astra_camera_msgs', 'merge_install': False, 'path': '/home/robotec/ros2_ws/src/ros2_astra_camera/astra_camera_msgs', 'symlink_install': True, 'test_result_base': None}
[0.636s] Level 5:colcon.colcon_core.verb:set package 'camera_pkg' build argument 'cmake_args' from command line to 'None'
[0.636s] Level 5:colcon.colcon_core.verb:set package 'camera_pkg' build argument 'cmake_target' from command line to 'None'
[0.637s] Level 5:colcon.colcon_core.verb:set package 'camera_pkg' build argument 'cmake_target_skip_unavailable' from command line to 'False'
[0.637s] Level 5:colcon.colcon_core.verb:set package 'camera_pkg' build argument 'cmake_clean_cache' from command line to 'False'
[0.637s] Level 5:colcon.colcon_core.verb:set package 'camera_pkg' build argument 'cmake_clean_first' from command line to 'False'
[0.637s] Level 5:colcon.colcon_core.verb:set package 'camera_pkg' build argument 'cmake_force_configure' from command line to 'False'
[0.637s] Level 5:colcon.colcon_core.verb:set package 'camera_pkg' build argument 'ament_cmake_args' from command line to 'None'
[0.637s] Level 5:colcon.colcon_core.verb:set package 'camera_pkg' build argument 'catkin_cmake_args' from command line to 'None'
[0.637s] Level 5:colcon.colcon_core.verb:set package 'camera_pkg' build argument 'catkin_skip_building_tests' from command line to 'False'
[0.637s] DEBUG:colcon.colcon_core.verb:Building package 'camera_pkg' with the following arguments: {'ament_cmake_args': None, 'build_base': '/home/robotec/ros2_ws/build/camera_pkg', 'catkin_cmake_args': None, 'catkin_skip_building_tests': False, 'cmake_args': None, 'cmake_clean_cache': False, 'cmake_clean_first': False, 'cmake_force_configure': False, 'cmake_target': None, 'cmake_target_skip_unavailable': False, 'install_base': '/home/robotec/ros2_ws/install/camera_pkg', 'merge_install': False, 'path': '/home/robotec/ros2_ws/src/camera_pkg', 'symlink_install': True, 'test_result_base': None}
[0.637s] Level 5:colcon.colcon_core.verb:set package 'libuvc' build argument 'cmake_args' from command line to 'None'
[0.637s] Level 5:colcon.colcon_core.verb:set package 'libuvc' build argument 'cmake_target' from command line to 'None'
[0.637s] Level 5:colcon.colcon_core.verb:set package 'libuvc' build argument 'cmake_target_skip_unavailable' from command line to 'False'
[0.637s] Level 5:colcon.colcon_core.verb:set package 'libuvc' build argument 'cmake_clean_cache' from command line to 'False'
[0.637s] Level 5:colcon.colcon_core.verb:set package 'libuvc' build argument 'cmake_clean_first' from command line to 'False'
[0.637s] Level 5:colcon.colcon_core.verb:set package 'libuvc' build argument 'cmake_force_configure' from command line to 'False'
[0.637s] Level 5:colcon.colcon_core.verb:set package 'libuvc' build argument 'ament_cmake_args' from command line to 'None'
[0.637s] Level 5:colcon.colcon_core.verb:set package 'libuvc' build argument 'catkin_cmake_args' from command line to 'None'
[0.637s] Level 5:colcon.colcon_core.verb:set package 'libuvc' build argument 'catkin_skip_building_tests' from command line to 'False'
[0.637s] DEBUG:colcon.colcon_core.verb:Building package 'libuvc' with the following arguments: {'ament_cmake_args': None, 'build_base': '/home/robotec/ros2_ws/build/libuvc', 'catkin_cmake_args': None, 'catkin_skip_building_tests': False, 'cmake_args': None, 'cmake_clean_cache': False, 'cmake_clean_first': False, 'cmake_force_configure': False, 'cmake_target': None, 'cmake_target_skip_unavailable': False, 'install_base': '/home/robotec/ros2_ws/install/libuvc', 'merge_install': False, 'path': '/home/robotec/ros2_ws/src/libuvc', 'symlink_install': True, 'test_result_base': None}
[0.638s] Level 5:colcon.colcon_core.verb:set package 'odometry' build argument 'cmake_args' from command line to 'None'
[0.638s] Level 5:colcon.colcon_core.verb:set package 'odometry' build argument 'cmake_target' from command line to 'None'
[0.638s] Level 5:colcon.colcon_core.verb:set package 'odometry' build argument 'cmake_target_skip_unavailable' from command line to 'False'
[0.638s] Level 5:colcon.colcon_core.verb:set package 'odometry' build argument 'cmake_clean_cache' from command line to 'False'
[0.638s] Level 5:colcon.colcon_core.verb:set package 'odometry' build argument 'cmake_clean_first' from command line to 'False'
[0.638s] Level 5:colcon.colcon_core.verb:set package 'odometry' build argument 'cmake_force_configure' from command line to 'False'
[0.638s] Level 5:colcon.colcon_core.verb:set package 'odometry' build argument 'ament_cmake_args' from command line to 'None'
[0.638s] Level 5:colcon.colcon_core.verb:set package 'odometry' build argument 'catkin_cmake_args' from command line to 'None'
[0.638s] Level 5:colcon.colcon_core.verb:set package 'odometry' build argument 'catkin_skip_building_tests' from command line to 'False'
[0.638s] DEBUG:colcon.colcon_core.verb:Building package 'odometry' with the following arguments: {'ament_cmake_args': None, 'build_base': '/home/robotec/ros2_ws/build/odometry', 'catkin_cmake_args': None, 'catkin_skip_building_tests': False, 'cmake_args': None, 'cmake_clean_cache': False, 'cmake_clean_first': False, 'cmake_force_configure': False, 'cmake_target': None, 'cmake_target_skip_unavailable': False, 'install_base': '/home/robotec/ros2_ws/install/odometry', 'merge_install': False, 'path': '/home/robotec/ros2_ws/src/odometry', 'symlink_install': True, 'test_result_base': None}
[0.638s] Level 5:colcon.colcon_core.verb:set package 'sllidar_ros2' build argument 'cmake_args' from command line to 'None'
[0.638s] Level 5:colcon.colcon_core.verb:set package 'sllidar_ros2' build argument 'cmake_target' from command line to 'None'
[0.638s] Level 5:colcon.colcon_core.verb:set package 'sllidar_ros2' build argument 'cmake_target_skip_unavailable' from command line to 'False'
[0.639s] Level 5:colcon.colcon_core.verb:set package 'sllidar_ros2' build argument 'cmake_clean_cache' from command line to 'False'
[0.639s] Level 5:colcon.colcon_core.verb:set package 'sllidar_ros2' build argument 'cmake_clean_first' from command line to 'False'
[0.639s] Level 5:colcon.colcon_core.verb:set package 'sllidar_ros2' build argument 'cmake_force_configure' from command line to 'False'
[0.639s] Level 5:colcon.colcon_core.verb:set package 'sllidar_ros2' build argument 'ament_cmake_args' from command line to 'None'
[0.639s] Level 5:colcon.colcon_core.verb:set package 'sllidar_ros2' build argument 'catkin_cmake_args' from command line to 'None'
[0.639s] Level 5:colcon.colcon_core.verb:set package 'sllidar_ros2' build argument 'catkin_skip_building_tests' from command line to 'False'
[0.639s] DEBUG:colcon.colcon_core.verb:Building package 'sllidar_ros2' with the following arguments: {'ament_cmake_args': None, 'build_base': '/home/robotec/ros2_ws/build/sllidar_ros2', 'catkin_cmake_args': None, 'catkin_skip_building_tests': False, 'cmake_args': None, 'cmake_clean_cache': False, 'cmake_clean_first': False, 'cmake_force_configure': False, 'cmake_target': None, 'cmake_target_skip_unavailable': False, 'install_base': '/home/robotec/ros2_ws/install/sllidar_ros2', 'merge_install': False, 'path': '/home/robotec/ros2_ws/src/sllidar_ros2', 'symlink_install': True, 'test_result_base': None}
[0.639s] Level 5:colcon.colcon_core.verb:set package 'astra_camera' build argument 'cmake_args' from command line to 'None'
[0.639s] Level 5:colcon.colcon_core.verb:set package 'astra_camera' build argument 'cmake_target' from command line to 'None'
[0.639s] Level 5:colcon.colcon_core.verb:set package 'astra_camera' build argument 'cmake_target_skip_unavailable' from command line to 'False'
[0.639s] Level 5:colcon.colcon_core.verb:set package 'astra_camera' build argument 'cmake_clean_cache' from command line to 'False'
[0.639s] Level 5:colcon.colcon_core.verb:set package 'astra_camera' build argument 'cmake_clean_first' from command line to 'False'
[0.639s] Level 5:colcon.colcon_core.verb:set package 'astra_camera' build argument 'cmake_force_configure' from command line to 'False'
[0.639s] Level 5:colcon.colcon_core.verb:set package 'astra_camera' build argument 'ament_cmake_args' from command line to 'None'
[0.639s] Level 5:colcon.colcon_core.verb:set package 'astra_camera' build argument 'catkin_cmake_args' from command line to 'None'
[0.639s] Level 5:colcon.colcon_core.verb:set package 'astra_camera' build argument 'catkin_skip_building_tests' from command line to 'False'
[0.639s] DEBUG:colcon.colcon_core.verb:Building package 'astra_camera' with the following arguments: {'ament_cmake_args': None, 'build_base': '/home/robotec/ros2_ws/build/astra_camera', 'catkin_cmake_args': None, 'catkin_skip_building_tests': False, 'cmake_args': None, 'cmake_clean_cache': False, 'cmake_clean_first': False, 'cmake_force_configure': False, 'cmake_target': None, 'cmake_target_skip_unavailable': False, 'install_base': '/home/robotec/ros2_ws/install/astra_camera', 'merge_install': False, 'path': '/home/robotec/ros2_ws/src/ros2_astra_camera/astra_camera', 'symlink_install': True, 'test_result_base': None}
[0.639s] INFO:colcon.colcon_core.executor:Executing jobs using 'parallel' executor
[0.641s] DEBUG:colcon.colcon_parallel_executor.executor.parallel:run_until_complete
[0.641s] INFO:colcon.colcon_ros.task.ament_cmake.build:Building ROS package in '/home/robotec/ros2_ws/src/ros2_astra_camera/astra_camera_msgs' with build type 'ament_cmake'
[0.641s] INFO:colcon.colcon_cmake.task.cmake.build:Building CMake package in '/home/robotec/ros2_ws/src/ros2_astra_camera/astra_camera_msgs'
[0.643s] INFO:colcon.colcon_core.plugin_system:Skipping extension 'colcon_core.shell.bat': Not used on non-Windows systems
[0.644s] INFO:colcon.colcon_core.shell:Skip shell extension 'powershell' for command environment: Not usable outside of PowerShell
[0.644s] DEBUG:colcon.colcon_core.shell:Skip shell extension 'dsv' for command environment
[0.648s] INFO:colcon.colcon_ros.task.ament_python.build:Building ROS package in '/home/robotec/ros2_ws/src/camera_pkg' with build type 'ament_python'
[0.648s] Level 1:colcon.colcon_core.shell:create_environment_hook('camera_pkg', 'ament_prefix_path')
[0.649s] INFO:colcon.colcon_core.shell:Creating environment hook '/home/robotec/ros2_ws/install/camera_pkg/share/camera_pkg/hook/ament_prefix_path.ps1'
[0.650s] INFO:colcon.colcon_core.shell:Creating environment descriptor '/home/robotec/ros2_ws/install/camera_pkg/share/camera_pkg/hook/ament_prefix_path.dsv'
[0.650s] INFO:colcon.colcon_core.shell:Creating environment hook '/home/robotec/ros2_ws/install/camera_pkg/share/camera_pkg/hook/ament_prefix_path.sh'
[0.651s] INFO:colcon.colcon_core.shell:Skip shell extension 'powershell' for command environment: Not usable outside of PowerShell
[0.652s] DEBUG:colcon.colcon_core.shell:Skip shell extension 'dsv' for command environment
[0.660s] INFO:colcon.colcon_cmake.task.cmake.build:Building CMake package in '/home/robotec/ros2_ws/src/libuvc'
[0.663s] INFO:colcon.colcon_core.shell:Skip shell extension 'powershell' for command environment: Not usable outside of PowerShell
[0.668s] DEBUG:colcon.colcon_core.shell:Skip shell extension 'dsv' for command environment
[0.698s] INFO:colcon.colcon_ros.task.ament_python.build:Building ROS package in '/home/robotec/ros2_ws/src/odometry' with build type 'ament_python'
[0.699s] Level 1:colcon.colcon_core.shell:create_environment_hook('odometry', 'ament_prefix_path')
[0.700s] INFO:colcon.colcon_core.shell:Creating environment hook '/home/robotec/ros2_ws/install/odometry/share/odometry/hook/ament_prefix_path.ps1'
[0.709s] INFO:colcon.colcon_core.shell:Creating environment descriptor '/home/robotec/ros2_ws/install/odometry/share/odometry/hook/ament_prefix_path.dsv'
[0.711s] INFO:colcon.colcon_core.shell:Creating environment hook '/home/robotec/ros2_ws/install/odometry/share/odometry/hook/ament_prefix_path.sh'
[0.713s] INFO:colcon.colcon_core.shell:Skip shell extension 'powershell' for command environment: Not usable outside of PowerShell
[0.713s] DEBUG:colcon.colcon_core.shell:Skip shell extension 'dsv' for command environment
[0.742s] DEBUG:colcon.colcon_core.event_handler.log_command:Invoking command in '/home/robotec/ros2_ws/build/astra_camera_msgs': CMAKE_PREFIX_PATH=${CMAKE_PREFIX_PATH}:/home/robotec/ros2_ws/install/odometry:/home/robotec/ros2_ws/install/camera_pkg:/opt/ros/humble /usr/bin/cmake --build /home/robotec/ros2_ws/build/astra_camera_msgs -- -j4 -l4
[1.436s] INFO:colcon.colcon_core.task.python.build:Building Python package in '/home/robotec/ros2_ws/src/camera_pkg'
[1.436s] INFO:colcon.colcon_core.shell:Skip shell extension 'powershell' for command environment: Not usable outside of PowerShell
[1.436s] DEBUG:colcon.colcon_core.shell:Skip shell extension 'dsv' for command environment
[1.458s] DEBUG:colcon.colcon_core.event_handler.log_command:Invoking command in '/home/robotec/ros2_ws/build/libuvc': /usr/bin/cmake --build /home/robotec/ros2_ws/build/libuvc -- -j4 -l4
[2.147s] INFO:colcon.colcon_core.task.python.build:Building Python package in '/home/robotec/ros2_ws/src/odometry'
[2.148s] INFO:colcon.colcon_core.shell:Skip shell extension 'powershell' for command environment: Not usable outside of PowerShell
[2.148s] DEBUG:colcon.colcon_core.shell:Skip shell extension 'dsv' for command environment
[2.178s] DEBUG:colcon.colcon_core.event_handler.log_command:Invoked command in '/home/robotec/ros2_ws/build/libuvc' returned '0': /usr/bin/cmake --build /home/robotec/ros2_ws/build/libuvc -- -j4 -l4
[2.204s] DEBUG:colcon.colcon_core.event_handler.log_command:Invoking command in '/home/robotec/ros2_ws/build/libuvc': /usr/bin/cmake --install /home/robotec/ros2_ws/build/libuvc
[2.268s] Level 1:colcon.colcon_core.environment:create_environment_scripts_only(libuvc)
[2.276s] DEBUG:colcon.colcon_core.event_handler.log_command:Invoked command in '/home/robotec/ros2_ws/build/libuvc' returned '0': /usr/bin/cmake --install /home/robotec/ros2_ws/build/libuvc
[2.282s] Level 1:colcon.colcon_core.environment:checking '/home/robotec/ros2_ws/install/libuvc' for CMake module files
[2.283s] Level 1:colcon.colcon_core.shell:create_environment_hook('libuvc', 'cmake_module_path')
[2.284s] INFO:colcon.colcon_core.shell:Creating environment hook '/home/robotec/ros2_ws/install/libuvc/share/libuvc/hook/cmake_module_path.ps1'
[2.286s] INFO:colcon.colcon_core.shell:Creating environment descriptor '/home/robotec/ros2_ws/install/libuvc/share/libuvc/hook/cmake_module_path.dsv'
[2.287s] INFO:colcon.colcon_core.shell:Creating environment hook '/home/robotec/ros2_ws/install/libuvc/share/libuvc/hook/cmake_module_path.sh'
[2.288s] Level 1:colcon.colcon_core.shell:create_environment_hook('libuvc', 'cmake_module_path1')
[2.292s] INFO:colcon.colcon_core.shell:Creating environment hook '/home/robotec/ros2_ws/install/libuvc/share/libuvc/hook/cmake_module_path1.ps1'
[2.295s] INFO:colcon.colcon_core.shell:Creating environment descriptor '/home/robotec/ros2_ws/install/libuvc/share/libuvc/hook/cmake_module_path1.dsv'
[2.297s] INFO:colcon.colcon_core.shell:Creating environment hook '/home/robotec/ros2_ws/install/libuvc/share/libuvc/hook/cmake_module_path1.sh'
[2.301s] Level 1:colcon.colcon_core.environment:checking '/home/robotec/ros2_ws/install/libuvc' for CMake config files
[2.302s] Level 1:colcon.colcon_core.shell:create_environment_hook('libuvc', 'cmake_prefix_path')
[2.303s] INFO:colcon.colcon_core.shell:Creating environment hook '/home/robotec/ros2_ws/install/libuvc/share/libuvc/hook/cmake_prefix_path.ps1'
[2.307s] INFO:colcon.colcon_core.shell:Creating environment descriptor '/home/robotec/ros2_ws/install/libuvc/share/libuvc/hook/cmake_prefix_path.dsv'
[2.308s] INFO:colcon.colcon_core.shell:Creating environment hook '/home/robotec/ros2_ws/install/libuvc/share/libuvc/hook/cmake_prefix_path.sh'
[2.318s] Level 1:colcon.colcon_core.environment:checking '/home/robotec/ros2_ws/install/libuvc/lib'
[2.319s] Level 1:colcon.colcon_core.shell:create_environment_hook('libuvc', 'ld_library_path_lib')
[2.320s] INFO:colcon.colcon_core.shell:Creating environment hook '/home/robotec/ros2_ws/install/libuvc/share/libuvc/hook/ld_library_path_lib.ps1'
[2.326s] INFO:colcon.colcon_core.shell:Creating environment descriptor '/home/robotec/ros2_ws/install/libuvc/share/libuvc/hook/ld_library_path_lib.dsv'
[2.327s] INFO:colcon.colcon_core.shell:Creating environment hook '/home/robotec/ros2_ws/install/libuvc/share/libuvc/hook/ld_library_path_lib.sh'
[2.330s] Level 1:colcon.colcon_core.environment:checking '/home/robotec/ros2_ws/install/libuvc/bin'
[2.330s] Level 1:colcon.colcon_core.environment:checking '/home/robotec/ros2_ws/install/libuvc/lib/pkgconfig/libuvc.pc'
[2.330s] Level 1:colcon.colcon_core.shell:create_environment_hook('libuvc', 'pkg_config')
[2.331s] INFO:colcon.colcon_core.shell:Creating environment hook '/home/robotec/ros2_ws/install/libuvc/share/libuvc/hook/pkg_config.ps1'
[2.333s] INFO:colcon.colcon_core.shell:Creating environment descriptor '/home/robotec/ros2_ws/install/libuvc/share/libuvc/hook/pkg_config.dsv'
[2.338s] INFO:colcon.colcon_core.shell:Creating environment hook '/home/robotec/ros2_ws/install/libuvc/share/libuvc/hook/pkg_config.sh'
[2.341s] Level 1:colcon.colcon_core.environment:checking '/home/robotec/ros2_ws/install/libuvc/lib/python3.10/site-packages'
[2.341s] Level 1:colcon.colcon_core.environment:checking '/home/robotec/ros2_ws/install/libuvc/bin'
[2.343s] INFO:colcon.colcon_core.shell:Creating package script '/home/robotec/ros2_ws/install/libuvc/share/libuvc/package.ps1'
[2.348s] INFO:colcon.colcon_core.shell:Creating package descriptor '/home/robotec/ros2_ws/install/libuvc/share/libuvc/package.dsv'
[2.354s] INFO:colcon.colcon_core.shell:Creating package script '/home/robotec/ros2_ws/install/libuvc/share/libuvc/package.sh'
[2.357s] INFO:colcon.colcon_core.shell:Creating package script '/home/robotec/ros2_ws/install/libuvc/share/libuvc/package.bash'
[2.360s] INFO:colcon.colcon_core.shell:Creating package script '/home/robotec/ros2_ws/install/libuvc/share/libuvc/package.zsh'
[2.362s] Level 1:colcon.colcon_core.environment:create_file_with_runtime_dependencies(/home/robotec/ros2_ws/install/libuvc/share/colcon-core/packages/libuvc)
[2.364s] INFO:colcon.colcon_ros.task.ament_cmake.build:Building ROS package in '/home/robotec/ros2_ws/src/sllidar_ros2' with build type 'ament_cmake'
[2.364s] INFO:colcon.colcon_cmake.task.cmake.build:Building CMake package in '/home/robotec/ros2_ws/src/sllidar_ros2'
[2.365s] INFO:colcon.colcon_core.shell:Skip shell extension 'powershell' for command environment: Not usable outside of PowerShell
[2.365s] DEBUG:colcon.colcon_core.shell:Skip shell extension 'dsv' for command environment
[2.458s] DEBUG:colcon.colcon_core.event_handler.log_command:Invoking command in '/home/robotec/ros2_ws/build/sllidar_ros2': CMAKE_PREFIX_PATH=${CMAKE_PREFIX_PATH}:/home/robotec/ros2_ws/install/odometry:/home/robotec/ros2_ws/install/camera_pkg:/opt/ros/humble /usr/bin/cmake --build /home/robotec/ros2_ws/build/sllidar_ros2 -- -j4 -l4
[2.877s] DEBUG:colcon.colcon_core.event_handler.log_command:Invoked command in '/home/robotec/ros2_ws/build/sllidar_ros2' returned '0': CMAKE_PREFIX_PATH=${CMAKE_PREFIX_PATH}:/home/robotec/ros2_ws/install/odometry:/home/robotec/ros2_ws/install/camera_pkg:/opt/ros/humble /usr/bin/cmake --build /home/robotec/ros2_ws/build/sllidar_ros2 -- -j4 -l4
[2.878s] DEBUG:colcon.colcon_core.event_handler.log_command:Invoking command in '/home/robotec/ros2_ws/build/sllidar_ros2': CMAKE_PREFIX_PATH=${CMAKE_PREFIX_PATH}:/home/robotec/ros2_ws/install/odometry:/home/robotec/ros2_ws/install/camera_pkg:/opt/ros/humble /usr/bin/cmake --install /home/robotec/ros2_ws/build/sllidar_ros2
[2.987s] Level 1:colcon.colcon_core.environment:create_environment_scripts_only(sllidar_ros2)
[2.988s] Level 1:colcon.colcon_core.environment:checking '/home/robotec/ros2_ws/install/sllidar_ros2' for CMake module files
[2.989s] Level 1:colcon.colcon_core.environment:checking '/home/robotec/ros2_ws/install/sllidar_ros2' for CMake config files
[2.989s] Level 1:colcon.colcon_core.shell:create_environment_hook('sllidar_ros2', 'cmake_prefix_path')
[2.993s] INFO:colcon.colcon_core.shell:Creating environment hook '/home/robotec/ros2_ws/install/sllidar_ros2/share/sllidar_ros2/hook/cmake_prefix_path.ps1'
[2.994s] DEBUG:colcon.colcon_core.event_handler.log_command:Invoked command in '/home/robotec/ros2_ws/build/sllidar_ros2' returned '0': CMAKE_PREFIX_PATH=${CMAKE_PREFIX_PATH}:/home/robotec/ros2_ws/install/odometry:/home/robotec/ros2_ws/install/camera_pkg:/opt/ros/humble /usr/bin/cmake --install /home/robotec/ros2_ws/build/sllidar_ros2
[2.995s] INFO:colcon.colcon_core.shell:Creating environment descriptor '/home/robotec/ros2_ws/install/sllidar_ros2/share/sllidar_ros2/hook/cmake_prefix_path.dsv'
[2.998s] INFO:colcon.colcon_core.shell:Creating environment hook '/home/robotec/ros2_ws/install/sllidar_ros2/share/sllidar_ros2/hook/cmake_prefix_path.sh'
[3.001s] Level 1:colcon.colcon_core.environment:checking '/home/robotec/ros2_ws/install/sllidar_ros2/lib'
[3.004s] Level 1:colcon.colcon_core.environment:checking '/home/robotec/ros2_ws/install/sllidar_ros2/bin'
[3.004s] Level 1:colcon.colcon_core.environment:checking '/home/robotec/ros2_ws/install/sllidar_ros2/lib/pkgconfig/sllidar_ros2.pc'
[3.005s] Level 1:colcon.colcon_core.environment:checking '/home/robotec/ros2_ws/install/sllidar_ros2/lib/python3.10/site-packages'
[3.005s] Level 1:colcon.colcon_core.environment:checking '/home/robotec/ros2_ws/install/sllidar_ros2/bin'
[3.006s] INFO:colcon.colcon_core.shell:Creating package script '/home/robotec/ros2_ws/install/sllidar_ros2/share/sllidar_ros2/package.ps1'
[3.010s] INFO:colcon.colcon_core.shell:Creating package descriptor '/home/robotec/ros2_ws/install/sllidar_ros2/share/sllidar_ros2/package.dsv'
[3.013s] INFO:colcon.colcon_core.shell:Creating package script '/home/robotec/ros2_ws/install/sllidar_ros2/share/sllidar_ros2/package.sh'
[3.015s] INFO:colcon.colcon_core.shell:Creating package script '/home/robotec/ros2_ws/install/sllidar_ros2/share/sllidar_ros2/package.bash'
[3.018s] INFO:colcon.colcon_core.shell:Creating package script '/home/robotec/ros2_ws/install/sllidar_ros2/share/sllidar_ros2/package.zsh'
[3.018s] Level 1:colcon.colcon_core.environment:create_file_with_runtime_dependencies(/home/robotec/ros2_ws/install/sllidar_ros2/share/colcon-core/packages/sllidar_ros2)
[3.019s] Level 1:colcon.colcon_core.environment:create_environment_scripts_only(sllidar_ros2)
[3.021s] Level 1:colcon.colcon_core.environment:checking '/home/robotec/ros2_ws/install/sllidar_ros2' for CMake module files
[3.024s] Level 1:colcon.colcon_core.environment:checking '/home/robotec/ros2_ws/install/sllidar_ros2' for CMake config files
[3.028s] Level 1:colcon.colcon_core.shell:create_environment_hook('sllidar_ros2', 'cmake_prefix_path')
[3.032s] INFO:colcon.colcon_core.shell:Creating environment hook '/home/robotec/ros2_ws/install/sllidar_ros2/share/sllidar_ros2/hook/cmake_prefix_path.ps1'
[3.033s] INFO:colcon.colcon_core.shell:Creating environment descriptor '/home/robotec/ros2_ws/install/sllidar_ros2/share/sllidar_ros2/hook/cmake_prefix_path.dsv'
[3.034s] INFO:colcon.colcon_core.shell:Creating environment hook '/home/robotec/ros2_ws/install/sllidar_ros2/share/sllidar_ros2/hook/cmake_prefix_path.sh'
[3.044s] Level 1:colcon.colcon_core.environment:checking '/home/robotec/ros2_ws/install/sllidar_ros2/lib'
[3.044s] Level 1:colcon.colcon_core.environment:checking '/home/robotec/ros2_ws/install/sllidar_ros2/bin'
[3.045s] Level 1:colcon.colcon_core.environment:checking '/home/robotec/ros2_ws/install/sllidar_ros2/lib/pkgconfig/sllidar_ros2.pc'
[3.046s] Level 1:colcon.colcon_core.environment:checking '/home/robotec/ros2_ws/install/sllidar_ros2/lib/python3.10/site-packages'
[3.046s] Level 1:colcon.colcon_core.environment:checking '/home/robotec/ros2_ws/install/sllidar_ros2/bin'
[3.050s] INFO:colcon.colcon_core.shell:Creating package script '/home/robotec/ros2_ws/install/sllidar_ros2/share/sllidar_ros2/package.ps1'
[3.051s] INFO:colcon.colcon_core.shell:Creating package descriptor '/home/robotec/ros2_ws/install/sllidar_ros2/share/sllidar_ros2/package.dsv'
[3.052s] INFO:colcon.colcon_core.shell:Creating package script '/home/robotec/ros2_ws/install/sllidar_ros2/share/sllidar_ros2/package.sh'
[3.053s] INFO:colcon.colcon_core.shell:Creating package script '/home/robotec/ros2_ws/install/sllidar_ros2/share/sllidar_ros2/package.bash'
[3.054s] INFO:colcon.colcon_core.shell:Creating package script '/home/robotec/ros2_ws/install/sllidar_ros2/share/sllidar_ros2/package.zsh'
[3.054s] Level 1:colcon.colcon_core.environment:create_file_with_runtime_dependencies(/home/robotec/ros2_ws/install/sllidar_ros2/share/colcon-core/packages/sllidar_ros2)
[3.058s] DEBUG:colcon.colcon_core.event_handler.log_command:Invoked command in '/home/robotec/ros2_ws/build/astra_camera_msgs' returned '0': CMAKE_PREFIX_PATH=${CMAKE_PREFIX_PATH}:/home/robotec/ros2_ws/install/odometry:/home/robotec/ros2_ws/install/camera_pkg:/opt/ros/humble /usr/bin/cmake --build /home/robotec/ros2_ws/build/astra_camera_msgs -- -j4 -l4
[3.063s] DEBUG:colcon.colcon_core.event_handler.log_command:Invoking command in '/home/robotec/ros2_ws/build/astra_camera_msgs': CMAKE_PREFIX_PATH=${CMAKE_PREFIX_PATH}:/home/robotec/ros2_ws/install/odometry:/home/robotec/ros2_ws/install/camera_pkg:/opt/ros/humble /usr/bin/cmake --install /home/robotec/ros2_ws/build/astra_camera_msgs
[3.317s] DEBUG:colcon.colcon_core.event_handler.log_command:Invoking command in '/home/robotec/ros2_ws/build/camera_pkg': PYTHONPATH=/home/robotec/ros2_ws/build/camera_pkg/prefix_override:/usr/lib/python3/dist-packages/colcon_core/task/python/colcon_distutils_commands:/home/robotec/ros2_ws/install/camera_pkg/lib/python3.10/site-packages:${PYTHONPATH} /usr/bin/python3 -W ignore:setup.py install is deprecated -W ignore:easy_install command is deprecated setup.py develop --editable --build-directory /home/robotec/ros2_ws/build/camera_pkg/build --no-deps symlink_data
[3.405s] Level 1:colcon.colcon_core.environment:create_environment_scripts_only(astra_camera_msgs)
[3.406s] Level 1:colcon.colcon_core.environment:checking '/home/robotec/ros2_ws/install/astra_camera_msgs' for CMake module files
[3.409s] DEBUG:colcon.colcon_core.event_handler.log_command:Invoked command in '/home/robotec/ros2_ws/build/astra_camera_msgs' returned '0': CMAKE_PREFIX_PATH=${CMAKE_PREFIX_PATH}:/home/robotec/ros2_ws/install/odometry:/home/robotec/ros2_ws/install/camera_pkg:/opt/ros/humble /usr/bin/cmake --install /home/robotec/ros2_ws/build/astra_camera_msgs
[3.410s] Level 1:colcon.colcon_core.environment:checking '/home/robotec/ros2_ws/install/astra_camera_msgs' for CMake config files
[3.410s] Level 1:colcon.colcon_core.shell:create_environment_hook('astra_camera_msgs', 'cmake_prefix_path')
[3.411s] INFO:colcon.colcon_core.shell:Creating environment hook '/home/robotec/ros2_ws/install/astra_camera_msgs/share/astra_camera_msgs/hook/cmake_prefix_path.ps1'
[3.412s] INFO:colcon.colcon_core.shell:Creating environment descriptor '/home/robotec/ros2_ws/install/astra_camera_msgs/share/astra_camera_msgs/hook/cmake_prefix_path.dsv'
[3.412s] INFO:colcon.colcon_core.shell:Creating environment hook '/home/robotec/ros2_ws/install/astra_camera_msgs/share/astra_camera_msgs/hook/cmake_prefix_path.sh'
[3.413s] Level 1:colcon.colcon_core.environment:checking '/home/robotec/ros2_ws/install/astra_camera_msgs/lib'
[3.413s] Level 1:colcon.colcon_core.shell:create_environment_hook('astra_camera_msgs', 'ld_library_path_lib')
[3.414s] INFO:colcon.colcon_core.shell:Creating environment hook '/home/robotec/ros2_ws/install/astra_camera_msgs/share/astra_camera_msgs/hook/ld_library_path_lib.ps1'
[3.415s] INFO:colcon.colcon_core.shell:Creating environment descriptor '/home/robotec/ros2_ws/install/astra_camera_msgs/share/astra_camera_msgs/hook/ld_library_path_lib.dsv'
[3.416s] INFO:colcon.colcon_core.shell:Creating environment hook '/home/robotec/ros2_ws/install/astra_camera_msgs/share/astra_camera_msgs/hook/ld_library_path_lib.sh'
[3.417s] Level 1:colcon.colcon_core.environment:checking '/home/robotec/ros2_ws/install/astra_camera_msgs/bin'
[3.417s] Level 1:colcon.colcon_core.environment:checking '/home/robotec/ros2_ws/install/astra_camera_msgs/lib/pkgconfig/astra_camera_msgs.pc'
[3.417s] Level 1:colcon.colcon_core.environment:checking '/home/robotec/ros2_ws/install/astra_camera_msgs/lib/python3.10/site-packages'
[3.417s] Level 1:colcon.colcon_core.environment:checking '/home/robotec/ros2_ws/install/astra_camera_msgs/bin'
[3.418s] INFO:colcon.colcon_core.shell:Creating package script '/home/robotec/ros2_ws/install/astra_camera_msgs/share/astra_camera_msgs/package.ps1'
[3.419s] INFO:colcon.colcon_core.shell:Creating package descriptor '/home/robotec/ros2_ws/install/astra_camera_msgs/share/astra_camera_msgs/package.dsv'
[3.420s] INFO:colcon.colcon_core.shell:Creating package script '/home/robotec/ros2_ws/install/astra_camera_msgs/share/astra_camera_msgs/package.sh'
[3.421s] INFO:colcon.colcon_core.shell:Creating package script '/home/robotec/ros2_ws/install/astra_camera_msgs/share/astra_camera_msgs/package.bash'
[3.422s] INFO:colcon.colcon_core.shell:Creating package script '/home/robotec/ros2_ws/install/astra_camera_msgs/share/astra_camera_msgs/package.zsh'
[3.422s] Level 1:colcon.colcon_core.environment:create_file_with_runtime_dependencies(/home/robotec/ros2_ws/install/astra_camera_msgs/share/colcon-core/packages/astra_camera_msgs)
[3.423s] Level 1:colcon.colcon_core.environment:create_environment_scripts_only(astra_camera_msgs)
[3.424s] Level 1:colcon.colcon_core.environment:checking '/home/robotec/ros2_ws/install/astra_camera_msgs' for CMake module files
[3.425s] Level 1:colcon.colcon_core.environment:checking '/home/robotec/ros2_ws/install/astra_camera_msgs' for CMake config files
[3.426s] Level 1:colcon.colcon_core.shell:create_environment_hook('astra_camera_msgs', 'cmake_prefix_path')
[3.426s] INFO:colcon.colcon_core.shell:Creating environment hook '/home/robotec/ros2_ws/install/astra_camera_msgs/share/astra_camera_msgs/hook/cmake_prefix_path.ps1'
[3.427s] INFO:colcon.colcon_core.shell:Creating environment descriptor '/home/robotec/ros2_ws/install/astra_camera_msgs/share/astra_camera_msgs/hook/cmake_prefix_path.dsv'
[3.428s] INFO:colcon.colcon_core.shell:Creating environment hook '/home/robotec/ros2_ws/install/astra_camera_msgs/share/astra_camera_msgs/hook/cmake_prefix_path.sh'
[3.430s] Level 1:colcon.colcon_core.environment:checking '/home/robotec/ros2_ws/install/astra_camera_msgs/lib'
[3.430s] Level 1:colcon.colcon_core.shell:create_environment_hook('astra_camera_msgs', 'ld_library_path_lib')
[3.433s] INFO:colcon.colcon_core.shell:Creating environment hook '/home/robotec/ros2_ws/install/astra_camera_msgs/share/astra_camera_msgs/hook/ld_library_path_lib.ps1'
[3.441s] INFO:colcon.colcon_core.shell:Creating environment descriptor '/home/robotec/ros2_ws/install/astra_camera_msgs/share/astra_camera_msgs/hook/ld_library_path_lib.dsv'
[3.449s] INFO:colcon.colcon_core.shell:Creating environment hook '/home/robotec/ros2_ws/install/astra_camera_msgs/share/astra_camera_msgs/hook/ld_library_path_lib.sh'
[3.450s] Level 1:colcon.colcon_core.environment:checking '/home/robotec/ros2_ws/install/astra_camera_msgs/bin'
[3.451s] Level 1:colcon.colcon_core.environment:checking '/home/robotec/ros2_ws/install/astra_camera_msgs/lib/pkgconfig/astra_camera_msgs.pc'
[3.451s] Level 1:colcon.colcon_core.environment:checking '/home/robotec/ros2_ws/install/astra_camera_msgs/lib/python3.10/site-packages'
[3.452s] Level 1:colcon.colcon_core.environment:checking '/home/robotec/ros2_ws/install/astra_camera_msgs/bin'
[3.453s] INFO:colcon.colcon_core.shell:Creating package script '/home/robotec/ros2_ws/install/astra_camera_msgs/share/astra_camera_msgs/package.ps1'
[3.454s] INFO:colcon.colcon_core.shell:Creating package descriptor '/home/robotec/ros2_ws/install/astra_camera_msgs/share/astra_camera_msgs/package.dsv'
[3.455s] INFO:colcon.colcon_core.shell:Creating package script '/home/robotec/ros2_ws/install/astra_camera_msgs/share/astra_camera_msgs/package.sh'
[3.457s] INFO:colcon.colcon_core.shell:Creating package script '/home/robotec/ros2_ws/install/astra_camera_msgs/share/astra_camera_msgs/package.bash'
[3.458s] INFO:colcon.colcon_core.shell:Creating package script '/home/robotec/ros2_ws/install/astra_camera_msgs/share/astra_camera_msgs/package.zsh'
[3.459s] Level 1:colcon.colcon_core.environment:create_file_with_runtime_dependencies(/home/robotec/ros2_ws/install/astra_camera_msgs/share/colcon-core/packages/astra_camera_msgs)
[3.470s] INFO:colcon.colcon_ros.task.ament_cmake.build:Building ROS package in '/home/robotec/ros2_ws/src/ros2_astra_camera/astra_camera' with build type 'ament_cmake'
[3.475s] INFO:colcon.colcon_cmake.task.cmake.build:Building CMake package in '/home/robotec/ros2_ws/src/ros2_astra_camera/astra_camera'
[3.476s] INFO:colcon.colcon_core.shell:Skip shell extension 'powershell' for command environment: Not usable outside of PowerShell
[3.476s] DEBUG:colcon.colcon_core.shell:Skip shell extension 'dsv' for command environment
[3.564s] DEBUG:colcon.colcon_core.event_handler.log_command:Invoking command in '/home/robotec/ros2_ws/build/astra_camera': CMAKE_PREFIX_PATH=/home/robotec/ros2_ws/install/astra_camera_msgs:/home/robotec/ros2_ws/install/sllidar_ros2:/home/robotec/ros2_ws/install/libuvc:/home/robotec/ros2_ws/install/astra_camera:/home/robotec/ros2_ws/install/odometry:/home/robotec/ros2_ws/install/camera_pkg:/opt/ros/humble LD_LIBRARY_PATH=/home/robotec/ros2_ws/install/astra_camera_msgs/lib:/home/robotec/ros2_ws/install/libuvc/lib:/home/robotec/ros2_ws/install/astra_camera/lib:/opt/ros/humble/opt/rviz_ogre_vendor/lib:/opt/ros/humble/lib/x86_64-linux-gnu:/opt/ros/humble/lib /usr/bin/cmake --build /home/robotec/ros2_ws/build/astra_camera -- -j4 -l4
[3.669s] DEBUG:colcon.colcon_core.event_handler.log_command:Invoking command in '/home/robotec/ros2_ws/build/odometry': PYTHONPATH=/home/robotec/ros2_ws/build/odometry/prefix_override:/usr/lib/python3/dist-packages/colcon_core/task/python/colcon_distutils_commands:/home/robotec/ros2_ws/install/odometry/lib/python3.10/site-packages:${PYTHONPATH} /usr/bin/python3 -W ignore:setup.py install is deprecated -W ignore:easy_install command is deprecated setup.py develop --editable --build-directory /home/robotec/ros2_ws/build/odometry/build --no-deps symlink_data
[4.039s] DEBUG:colcon.colcon_core.event_handler.log_command:Invoked command in '/home/robotec/ros2_ws/build/astra_camera' returned '0': CMAKE_PREFIX_PATH=/home/robotec/ros2_ws/install/astra_camera_msgs:/home/robotec/ros2_ws/install/sllidar_ros2:/home/robotec/ros2_ws/install/libuvc:/home/robotec/ros2_ws/install/astra_camera:/home/robotec/ros2_ws/install/odometry:/home/robotec/ros2_ws/install/camera_pkg:/opt/ros/humble LD_LIBRARY_PATH=/home/robotec/ros2_ws/install/astra_camera_msgs/lib:/home/robotec/ros2_ws/install/libuvc/lib:/home/robotec/ros2_ws/install/astra_camera/lib:/opt/ros/humble/opt/rviz_ogre_vendor/lib:/opt/ros/humble/lib/x86_64-linux-gnu:/opt/ros/humble/lib /usr/bin/cmake --build /home/robotec/ros2_ws/build/astra_camera -- -j4 -l4
[4.052s] DEBUG:colcon.colcon_core.event_handler.log_command:Invoking command in '/home/robotec/ros2_ws/build/astra_camera': CMAKE_PREFIX_PATH=/home/robotec/ros2_ws/install/astra_camera_msgs:/home/robotec/ros2_ws/install/sllidar_ros2:/home/robotec/ros2_ws/install/libuvc:/home/robotec/ros2_ws/install/astra_camera:/home/robotec/ros2_ws/install/odometry:/home/robotec/ros2_ws/install/camera_pkg:/opt/ros/humble LD_LIBRARY_PATH=/home/robotec/ros2_ws/install/astra_camera_msgs/lib:/home/robotec/ros2_ws/install/libuvc/lib:/home/robotec/ros2_ws/install/astra_camera/lib:/opt/ros/humble/opt/rviz_ogre_vendor/lib:/opt/ros/humble/lib/x86_64-linux-gnu:/opt/ros/humble/lib /usr/bin/cmake --install /home/robotec/ros2_ws/build/astra_camera
[4.121s] Level 1:colcon.colcon_core.environment:create_environment_scripts_only(astra_camera)
[4.122s] Level 1:colcon.colcon_core.environment:checking '/home/robotec/ros2_ws/install/astra_camera' for CMake module files
[4.123s] Level 1:colcon.colcon_core.environment:checking '/home/robotec/ros2_ws/install/astra_camera' for CMake config files
[4.123s] Level 1:colcon.colcon_core.shell:create_environment_hook('astra_camera', 'cmake_prefix_path')
[4.124s] INFO:colcon.colcon_core.shell:Creating environment hook '/home/robotec/ros2_ws/install/astra_camera/share/astra_camera/hook/cmake_prefix_path.ps1'
[4.124s] DEBUG:colcon.colcon_core.event_handler.log_command:Invoked command in '/home/robotec/ros2_ws/build/astra_camera' returned '0': CMAKE_PREFIX_PATH=/home/robotec/ros2_ws/install/astra_camera_msgs:/home/robotec/ros2_ws/install/sllidar_ros2:/home/robotec/ros2_ws/install/libuvc:/home/robotec/ros2_ws/install/astra_camera:/home/robotec/ros2_ws/install/odometry:/home/robotec/ros2_ws/install/camera_pkg:/opt/ros/humble LD_LIBRARY_PATH=/home/robotec/ros2_ws/install/astra_camera_msgs/lib:/home/robotec/ros2_ws/install/libuvc/lib:/home/robotec/ros2_ws/install/astra_camera/lib:/opt/ros/humble/opt/rviz_ogre_vendor/lib:/opt/ros/humble/lib/x86_64-linux-gnu:/opt/ros/humble/lib /usr/bin/cmake --install /home/robotec/ros2_ws/build/astra_camera
[4.125s] INFO:colcon.colcon_core.shell:Creating environment descriptor '/home/robotec/ros2_ws/install/astra_camera/share/astra_camera/hook/cmake_prefix_path.dsv'
[4.126s] INFO:colcon.colcon_core.shell:Creating environment hook '/home/robotec/ros2_ws/install/astra_camera/share/astra_camera/hook/cmake_prefix_path.sh'
[4.127s] Level 1:colcon.colcon_core.environment:checking '/home/robotec/ros2_ws/install/astra_camera/lib'
[4.127s] Level 1:colcon.colcon_core.shell:create_environment_hook('astra_camera', 'ld_library_path_lib')
[4.127s] INFO:colcon.colcon_core.shell:Creating environment hook '/home/robotec/ros2_ws/install/astra_camera/share/astra_camera/hook/ld_library_path_lib.ps1'
[4.128s] INFO:colcon.colcon_core.shell:Creating environment descriptor '/home/robotec/ros2_ws/install/astra_camera/share/astra_camera/hook/ld_library_path_lib.dsv'
[4.129s] INFO:colcon.colcon_core.shell:Creating environment hook '/home/robotec/ros2_ws/install/astra_camera/share/astra_camera/hook/ld_library_path_lib.sh'
[4.130s] Level 1:colcon.colcon_core.environment:checking '/home/robotec/ros2_ws/install/astra_camera/bin'
[4.130s] Level 1:colcon.colcon_core.environment:checking '/home/robotec/ros2_ws/install/astra_camera/lib/pkgconfig/astra_camera.pc'
[4.131s] Level 1:colcon.colcon_core.environment:checking '/home/robotec/ros2_ws/install/astra_camera/lib/python3.10/site-packages'
[4.131s] Level 1:colcon.colcon_core.environment:checking '/home/robotec/ros2_ws/install/astra_camera/bin'
[4.132s] INFO:colcon.colcon_core.shell:Creating package script '/home/robotec/ros2_ws/install/astra_camera/share/astra_camera/package.ps1'
[4.133s] INFO:colcon.colcon_core.shell:Creating package descriptor '/home/robotec/ros2_ws/install/astra_camera/share/astra_camera/package.dsv'
[4.134s] INFO:colcon.colcon_core.shell:Creating package script '/home/robotec/ros2_ws/install/astra_camera/share/astra_camera/package.sh'
[4.134s] INFO:colcon.colcon_core.shell:Creating package script '/home/robotec/ros2_ws/install/astra_camera/share/astra_camera/package.bash'
[4.135s] INFO:colcon.colcon_core.shell:Creating package script '/home/robotec/ros2_ws/install/astra_camera/share/astra_camera/package.zsh'
[4.136s] Level 1:colcon.colcon_core.environment:create_file_with_runtime_dependencies(/home/robotec/ros2_ws/install/astra_camera/share/colcon-core/packages/astra_camera)
[4.137s] Level 1:colcon.colcon_core.environment:create_environment_scripts_only(astra_camera)
[4.137s] Level 1:colcon.colcon_core.environment:checking '/home/robotec/ros2_ws/install/astra_camera' for CMake module files
[4.139s] Level 1:colcon.colcon_core.environment:checking '/home/robotec/ros2_ws/install/astra_camera' for CMake config files
[4.154s] Level 1:colcon.colcon_core.shell:create_environment_hook('astra_camera', 'cmake_prefix_path')
[4.154s] INFO:colcon.colcon_core.shell:Creating environment hook '/home/robotec/ros2_ws/install/astra_camera/share/astra_camera/hook/cmake_prefix_path.ps1'
[4.157s] INFO:colcon.colcon_core.shell:Creating environment descriptor '/home/robotec/ros2_ws/install/astra_camera/share/astra_camera/hook/cmake_prefix_path.dsv'
[4.158s] INFO:colcon.colcon_core.shell:Creating environment hook '/home/robotec/ros2_ws/install/astra_camera/share/astra_camera/hook/cmake_prefix_path.sh'
[4.159s] Level 1:colcon.colcon_core.environment:checking '/home/robotec/ros2_ws/install/astra_camera/lib'
[4.159s] Level 1:colcon.colcon_core.shell:create_environment_hook('astra_camera', 'ld_library_path_lib')
[4.159s] INFO:colcon.colcon_core.shell:Creating environment hook '/home/robotec/ros2_ws/install/astra_camera/share/astra_camera/hook/ld_library_path_lib.ps1'
[4.160s] INFO:colcon.colcon_core.shell:Creating environment descriptor '/home/robotec/ros2_ws/install/astra_camera/share/astra_camera/hook/ld_library_path_lib.dsv'
[4.161s] INFO:colcon.colcon_core.shell:Creating environment hook '/home/robotec/ros2_ws/install/astra_camera/share/astra_camera/hook/ld_library_path_lib.sh'
[4.162s] Level 1:colcon.colcon_core.environment:checking '/home/robotec/ros2_ws/install/astra_camera/bin'
[4.162s] Level 1:colcon.colcon_core.environment:checking '/home/robotec/ros2_ws/install/astra_camera/lib/pkgconfig/astra_camera.pc'
[4.162s] Level 1:colcon.colcon_core.environment:checking '/home/robotec/ros2_ws/install/astra_camera/lib/python3.10/site-packages'
[4.162s] Level 1:colcon.colcon_core.environment:checking '/home/robotec/ros2_ws/install/astra_camera/bin'
[4.163s] INFO:colcon.colcon_core.shell:Creating package script '/home/robotec/ros2_ws/install/astra_camera/share/astra_camera/package.ps1'
[4.164s] INFO:colcon.colcon_core.shell:Creating package descriptor '/home/robotec/ros2_ws/install/astra_camera/share/astra_camera/package.dsv'
[4.168s] INFO:colcon.colcon_core.shell:Creating package script '/home/robotec/ros2_ws/install/astra_camera/share/astra_camera/package.sh'
[4.170s] INFO:colcon.colcon_core.shell:Creating package script '/home/robotec/ros2_ws/install/astra_camera/share/astra_camera/package.bash'
[4.173s] INFO:colcon.colcon_core.shell:Creating package script '/home/robotec/ros2_ws/install/astra_camera/share/astra_camera/package.zsh'
[4.176s] Level 1:colcon.colcon_core.environment:create_file_with_runtime_dependencies(/home/robotec/ros2_ws/install/astra_camera/share/colcon-core/packages/astra_camera)
[4.793s] Level 1:colcon.colcon_core.shell:create_environment_hook('camera_pkg', 'pythonpath_develop')
[4.794s] INFO:colcon.colcon_core.shell:Creating environment hook '/home/robotec/ros2_ws/build/camera_pkg/share/camera_pkg/hook/pythonpath_develop.ps1'
[4.795s] INFO:colcon.colcon_core.shell:Creating environment descriptor '/home/robotec/ros2_ws/build/camera_pkg/share/camera_pkg/hook/pythonpath_develop.dsv'
[4.796s] DEBUG:colcon.colcon_core.event_handler.log_command:Invoked command in '/home/robotec/ros2_ws/build/camera_pkg' returned '0': PYTHONPATH=/home/robotec/ros2_ws/build/camera_pkg/prefix_override:/usr/lib/python3/dist-packages/colcon_core/task/python/colcon_distutils_commands:/home/robotec/ros2_ws/install/camera_pkg/lib/python3.10/site-packages:${PYTHONPATH} /usr/bin/python3 -W ignore:setup.py install is deprecated -W ignore:easy_install command is deprecated setup.py develop --editable --build-directory /home/robotec/ros2_ws/build/camera_pkg/build --no-deps symlink_data
[4.797s] INFO:colcon.colcon_core.shell:Creating environment hook '/home/robotec/ros2_ws/build/camera_pkg/share/camera_pkg/hook/pythonpath_develop.sh'
[4.798s] Level 1:colcon.colcon_core.environment:checking '/home/robotec/ros2_ws/install/camera_pkg' for CMake module files
[4.799s] Level 1:colcon.colcon_core.environment:checking '/home/robotec/ros2_ws/install/camera_pkg' for CMake config files
[4.800s] Level 1:colcon.colcon_core.environment:checking '/home/robotec/ros2_ws/install/camera_pkg/lib'
[4.800s] Level 1:colcon.colcon_core.environment:checking '/home/robotec/ros2_ws/install/camera_pkg/bin'
[4.800s] Level 1:colcon.colcon_core.environment:checking '/home/robotec/ros2_ws/install/camera_pkg/lib/pkgconfig/camera_pkg.pc'
[4.801s] Level 1:colcon.colcon_core.environment:checking '/home/robotec/ros2_ws/install/camera_pkg/lib/python3.10/site-packages'
[4.801s] Level 1:colcon.colcon_core.shell:create_environment_hook('camera_pkg', 'pythonpath')
[4.802s] INFO:colcon.colcon_core.shell:Creating environment hook '/home/robotec/ros2_ws/install/camera_pkg/share/camera_pkg/hook/pythonpath.ps1'
[4.803s] INFO:colcon.colcon_core.shell:Creating environment descriptor '/home/robotec/ros2_ws/install/camera_pkg/share/camera_pkg/hook/pythonpath.dsv'
[4.803s] INFO:colcon.colcon_core.shell:Creating environment hook '/home/robotec/ros2_ws/install/camera_pkg/share/camera_pkg/hook/pythonpath.sh'
[4.804s] Level 1:colcon.colcon_core.environment:checking '/home/robotec/ros2_ws/install/camera_pkg/bin'
[4.805s] Level 1:colcon.colcon_core.environment:create_environment_scripts_only(camera_pkg)
[4.806s] INFO:colcon.colcon_core.shell:Creating package script '/home/robotec/ros2_ws/install/camera_pkg/share/camera_pkg/package.ps1'
[4.807s] INFO:colcon.colcon_core.shell:Creating package descriptor '/home/robotec/ros2_ws/install/camera_pkg/share/camera_pkg/package.dsv'
[4.808s] INFO:colcon.colcon_core.shell:Creating package script '/home/robotec/ros2_ws/install/camera_pkg/share/camera_pkg/package.sh'
[4.810s] INFO:colcon.colcon_core.shell:Creating package script '/home/robotec/ros2_ws/install/camera_pkg/share/camera_pkg/package.bash'
[4.811s] INFO:colcon.colcon_core.shell:Creating package script '/home/robotec/ros2_ws/install/camera_pkg/share/camera_pkg/package.zsh'
[4.812s] Level 1:colcon.colcon_core.environment:create_file_with_runtime_dependencies(/home/robotec/ros2_ws/install/camera_pkg/share/colcon-core/packages/camera_pkg)
[4.816s] Level 1:colcon.colcon_core.shell:create_environment_hook('odometry', 'pythonpath_develop')
[4.817s] INFO:colcon.colcon_core.shell:Creating environment hook '/home/robotec/ros2_ws/build/odometry/share/odometry/hook/pythonpath_develop.ps1'
[4.816s] DEBUG:colcon.colcon_core.event_handler.log_command:Invoked command in '/home/robotec/ros2_ws/build/odometry' returned '0': PYTHONPATH=/home/robotec/ros2_ws/build/odometry/prefix_override:/usr/lib/python3/dist-packages/colcon_core/task/python/colcon_distutils_commands:/home/robotec/ros2_ws/install/odometry/lib/python3.10/site-packages:${PYTHONPATH} /usr/bin/python3 -W ignore:setup.py install is deprecated -W ignore:easy_install command is deprecated setup.py develop --editable --build-directory /home/robotec/ros2_ws/build/odometry/build --no-deps symlink_data
[4.818s] INFO:colcon.colcon_core.shell:Creating environment descriptor '/home/robotec/ros2_ws/build/odometry/share/odometry/hook/pythonpath_develop.dsv'
[4.819s] INFO:colcon.colcon_core.shell:Creating environment hook '/home/robotec/ros2_ws/build/odometry/share/odometry/hook/pythonpath_develop.sh'
[4.820s] Level 1:colcon.colcon_core.environment:checking '/home/robotec/ros2_ws/install/odometry' for CMake module files
[4.821s] Level 1:colcon.colcon_core.environment:checking '/home/robotec/ros2_ws/install/odometry' for CMake config files
[4.822s] Level 1:colcon.colcon_core.environment:checking '/home/robotec/ros2_ws/install/odometry/lib'
[4.822s] Level 1:colcon.colcon_core.environment:checking '/home/robotec/ros2_ws/install/odometry/bin'
[4.822s] Level 1:colcon.colcon_core.environment:checking '/home/robotec/ros2_ws/install/odometry/lib/pkgconfig/odometry.pc'
[4.823s] Level 1:colcon.colcon_core.environment:checking '/home/robotec/ros2_ws/install/odometry/lib/python3.10/site-packages'
[4.823s] Level 1:colcon.colcon_core.shell:create_environment_hook('odometry', 'pythonpath')
[4.823s] INFO:colcon.colcon_core.shell:Creating environment hook '/home/robotec/ros2_ws/install/odometry/share/odometry/hook/pythonpath.ps1'
[4.825s] INFO:colcon.colcon_core.shell:Creating environment descriptor '/home/robotec/ros2_ws/install/odometry/share/odometry/hook/pythonpath.dsv'
[4.826s] INFO:colcon.colcon_core.shell:Creating environment hook '/home/robotec/ros2_ws/install/odometry/share/odometry/hook/pythonpath.sh'
[4.827s] Level 1:colcon.colcon_core.environment:checking '/home/robotec/ros2_ws/install/odometry/bin'
[4.827s] Level 1:colcon.colcon_core.environment:create_environment_scripts_only(odometry)
[4.828s] INFO:colcon.colcon_core.shell:Creating package script '/home/robotec/ros2_ws/install/odometry/share/odometry/package.ps1'
[4.829s] INFO:colcon.colcon_core.shell:Creating package descriptor '/home/robotec/ros2_ws/install/odometry/share/odometry/package.dsv'
[4.830s] INFO:colcon.colcon_core.shell:Creating package script '/home/robotec/ros2_ws/install/odometry/share/odometry/package.sh'
[4.831s] INFO:colcon.colcon_core.shell:Creating package script '/home/robotec/ros2_ws/install/odometry/share/odometry/package.bash'
[4.835s] INFO:colcon.colcon_core.shell:Creating package script '/home/robotec/ros2_ws/install/odometry/share/odometry/package.zsh'
[4.836s] Level 1:colcon.colcon_core.environment:create_file_with_runtime_dependencies(/home/robotec/ros2_ws/install/odometry/share/colcon-core/packages/odometry)
[4.837s] DEBUG:colcon.colcon_parallel_executor.executor.parallel:closing loop
[4.838s] DEBUG:colcon.colcon_parallel_executor.executor.parallel:loop closed
[4.838s] DEBUG:colcon.colcon_parallel_executor.executor.parallel:run_until_complete finished with '0'
[4.838s] DEBUG:colcon.colcon_core.event_reactor:joining thread
[4.868s] INFO:colcon.colcon_core.plugin_system:Skipping extension 'colcon_notification.desktop_notification.terminal_notifier': Not used on non-Darwin systems
[4.869s] INFO:colcon.colcon_core.plugin_system:Skipping extension 'colcon_notification.desktop_notification.win32': Not used on non-Windows systems
[4.869s] INFO:colcon.colcon_notification.desktop_notification:Sending desktop notification using 'notify2'
[4.911s] DEBUG:colcon.colcon_core.event_reactor:joined thread
[4.912s] INFO:colcon.colcon_core.shell:Creating prefix script '/home/robotec/ros2_ws/install/local_setup.ps1'
[4.915s] INFO:colcon.colcon_core.shell:Creating prefix util module '/home/robotec/ros2_ws/install/_local_setup_util_ps1.py'
[4.921s] INFO:colcon.colcon_core.shell:Creating prefix chain script '/home/robotec/ros2_ws/install/setup.ps1'
[4.929s] INFO:colcon.colcon_core.shell:Creating prefix script '/home/robotec/ros2_ws/install/local_setup.sh'
[4.930s] INFO:colcon.colcon_core.shell:Creating prefix util module '/home/robotec/ros2_ws/install/_local_setup_util_sh.py'
[4.933s] INFO:colcon.colcon_core.shell:Creating prefix chain script '/home/robotec/ros2_ws/install/setup.sh'
[4.940s] INFO:colcon.colcon_core.shell:Creating prefix script '/home/robotec/ros2_ws/install/local_setup.bash'
[4.943s] INFO:colcon.colcon_core.shell:Creating prefix chain script '/home/robotec/ros2_ws/install/setup.bash'
[4.946s] INFO:colcon.colcon_core.shell:Creating prefix script '/home/robotec/ros2_ws/install/local_setup.zsh'
[4.948s] INFO:colcon.colcon_core.shell:Creating prefix chain script '/home/robotec/ros2_ws/install/setup.zsh'
