running develop
running egg_info
creating xbox_control_pkg.egg-info
writing xbox_control_pkg.egg-info/PKG-INFO
writing dependency_links to xbox_control_pkg.egg-info/dependency_links.txt
writing entry points to xbox_control_pkg.egg-info/entry_points.txt
writing requirements to xbox_control_pkg.egg-info/requires.txt
writing top-level names to xbox_control_pkg.egg-info/top_level.txt
writing manifest file 'xbox_control_pkg.egg-info/SOURCES.txt'
reading manifest file 'xbox_control_pkg.egg-info/SOURCES.txt'
writing manifest file 'xbox_control_pkg.egg-info/SOURCES.txt'
running build_ext
Creating /home/robotec/ros2_ws/install/xbox_control_pkg/lib/python3.10/site-packages/xbox-control-pkg.egg-link (link to .)
Installing xbox_control_node script to /home/robotec/ros2_ws/install/xbox_control_pkg/lib/xbox_control_pkg

Installed /home/robotec/ros2_ws/build/xbox_control_pkg
running symlink_data
creating /home/robotec/ros2_ws/install/xbox_control_pkg/share/ament_index
creating /home/robotec/ros2_ws/install/xbox_control_pkg/share/ament_index/resource_index
creating /home/robotec/ros2_ws/install/xbox_control_pkg/share/ament_index/resource_index/packages
symbolically linking /home/robotec/ros2_ws/build/xbox_control_pkg/resource/xbox_control_pkg -> /home/robotec/ros2_ws/install/xbox_control_pkg/share/ament_index/resource_index/packages
symbolically linking /home/robotec/ros2_ws/build/xbox_control_pkg/package.xml -> /home/robotec/ros2_ws/install/xbox_control_pkg/share/xbox_control_pkg
