[0.980s] Invoking command in '/home/robotec/ros2_ws/build/xbox_control_pkg': PYTHONPATH=/home/robotec/ros2_ws/build/xbox_control_pkg/prefix_override:/usr/lib/python3/dist-packages/colcon_core/task/python/colcon_distutils_commands:/home/robotec/ros2_ws/install/xbox_control_pkg/lib/python3.10/site-packages:${PYTHONPATH} /usr/bin/python3 -W ignore:setup.py install is deprecated -W ignore:easy_install command is deprecated setup.py develop --editable --build-directory /home/robotec/ros2_ws/build/xbox_control_pkg/build --no-deps symlink_data
[1.295s] running develop
[1.514s] running egg_info
[1.514s] creating xbox_control_pkg.egg-info
[1.514s] writing xbox_control_pkg.egg-info/PKG-INFO
[1.514s] writing dependency_links to xbox_control_pkg.egg-info/dependency_links.txt
[1.514s] writing entry points to xbox_control_pkg.egg-info/entry_points.txt
[1.515s] writing requirements to xbox_control_pkg.egg-info/requires.txt
[1.515s] writing top-level names to xbox_control_pkg.egg-info/top_level.txt
[1.515s] writing manifest file 'xbox_control_pkg.egg-info/SOURCES.txt'
[1.517s] reading manifest file 'xbox_control_pkg.egg-info/SOURCES.txt'
[1.518s] writing manifest file 'xbox_control_pkg.egg-info/SOURCES.txt'
[1.519s] running build_ext
[1.519s] Creating /home/robotec/ros2_ws/install/xbox_control_pkg/lib/python3.10/site-packages/xbox-control-pkg.egg-link (link to .)
[1.520s] Installing xbox_control_node script to /home/robotec/ros2_ws/install/xbox_control_pkg/lib/xbox_control_pkg
[1.520s] 
[1.521s] Installed /home/robotec/ros2_ws/build/xbox_control_pkg
[1.521s] running symlink_data
[1.521s] creating /home/robotec/ros2_ws/install/xbox_control_pkg/share/ament_index
[1.521s] creating /home/robotec/ros2_ws/install/xbox_control_pkg/share/ament_index/resource_index
[1.521s] creating /home/robotec/ros2_ws/install/xbox_control_pkg/share/ament_index/resource_index/packages
[1.521s] symbolically linking /home/robotec/ros2_ws/build/xbox_control_pkg/resource/xbox_control_pkg -> /home/robotec/ros2_ws/install/xbox_control_pkg/share/ament_index/resource_index/packages
[1.521s] symbolically linking /home/robotec/ros2_ws/build/xbox_control_pkg/package.xml -> /home/robotec/ros2_ws/install/xbox_control_pkg/share/xbox_control_pkg
[1.562s] Invoked command in '/home/robotec/ros2_ws/build/xbox_control_pkg' returned '0': PYTHONPATH=/home/robotec/ros2_ws/build/xbox_control_pkg/prefix_override:/usr/lib/python3/dist-packages/colcon_core/task/python/colcon_distutils_commands:/home/robotec/ros2_ws/install/xbox_control_pkg/lib/python3.10/site-packages:${PYTHONPATH} /usr/bin/python3 -W ignore:setup.py install is deprecated -W ignore:easy_install command is deprecated setup.py develop --editable --build-directory /home/robotec/ros2_ws/build/xbox_control_pkg/build --no-deps symlink_data
