[7.136s] Invoking command in '/home/ras4/nuc_ws/src/odometry_pkg': PYTHONPATH=/home/ras4/nuc_ws/build/odometry_pkg/prefix_override:/usr/lib/python3/dist-packages/colcon_core/task/python/colcon_distutils_commands:/home/ras4/nuc_ws/install/odometry_pkg/lib/python3.10/site-packages:${PYTHONPATH} /usr/bin/python3 -W ignore:setup.py install is deprecated -W ignore:easy_install command is deprecated setup.py egg_info --egg-base ../../build/odometry_pkg build --build-base /home/ras4/nuc_ws/build/odometry_pkg/build install --record /home/ras4/nuc_ws/build/odometry_pkg/install.log --single-version-externally-managed install_data
[8.928s] running egg_info
[8.935s] writing ../../build/odometry_pkg/odometry_pkg.egg-info/PKG-INFO
[8.936s] writing dependency_links to ../../build/odometry_pkg/odometry_pkg.egg-info/dependency_links.txt
[8.938s] writing entry points to ../../build/odometry_pkg/odometry_pkg.egg-info/entry_points.txt
[8.939s] writing requirements to ../../build/odometry_pkg/odometry_pkg.egg-info/requires.txt
[8.940s] writing top-level names to ../../build/odometry_pkg/odometry_pkg.egg-info/top_level.txt
[8.965s] reading manifest file '../../build/odometry_pkg/odometry_pkg.egg-info/SOURCES.txt'
[8.972s] writing manifest file '../../build/odometry_pkg/odometry_pkg.egg-info/SOURCES.txt'
[8.973s] running build
[8.973s] running build_py
[8.979s] running install
[8.982s] running install_lib
[8.994s] running install_data
[8.995s] running install_egg_info
[9.007s] removing '/home/ras4/nuc_ws/install/odometry_pkg/lib/python3.10/site-packages/odometry_pkg-0.0.0-py3.10.egg-info' (and everything under it)
[9.010s] Copying ../../build/odometry_pkg/odometry_pkg.egg-info to /home/ras4/nuc_ws/install/odometry_pkg/lib/python3.10/site-packages/odometry_pkg-0.0.0-py3.10.egg-info
[9.020s] running install_scripts
[9.147s] Installing imu_vesc_listener script to /home/ras4/nuc_ws/install/odometry_pkg/lib/odometry_pkg
[9.149s] Installing odometry_node script to /home/ras4/nuc_ws/install/odometry_pkg/lib/odometry_pkg
[9.150s] Installing rpm_test_publisher script to /home/ras4/nuc_ws/install/odometry_pkg/lib/odometry_pkg
[9.152s] Installing rpmtrue_publisher script to /home/ras4/nuc_ws/install/odometry_pkg/lib/odometry_pkg
[9.156s] writing list of installed files to '/home/ras4/nuc_ws/build/odometry_pkg/install.log'
[9.427s] Invoked command in '/home/ras4/nuc_ws/src/odometry_pkg' returned '0': PYTHONPATH=/home/ras4/nuc_ws/build/odometry_pkg/prefix_override:/usr/lib/python3/dist-packages/colcon_core/task/python/colcon_distutils_commands:/home/ras4/nuc_ws/install/odometry_pkg/lib/python3.10/site-packages:${PYTHONPATH} /usr/bin/python3 -W ignore:setup.py install is deprecated -W ignore:easy_install command is deprecated setup.py egg_info --egg-base ../../build/odometry_pkg build --build-base /home/ras4/nuc_ws/build/odometry_pkg/build install --record /home/ras4/nuc_ws/build/odometry_pkg/install.log --single-version-externally-managed install_data
