[6.097s] Invoking command in '/home/ras4/nuc_ws/src/xbox_control_pkg': PYTHONPATH=/home/ras4/nuc_ws/src/build/xbox_control_pkg/prefix_override:/usr/lib/python3/dist-packages/colcon_core/task/python/colcon_distutils_commands:/home/ras4/nuc_ws/src/install/xbox_control_pkg/lib/python3.10/site-packages:${PYTHONPATH} /usr/bin/python3 -W ignore:setup.py install is deprecated -W ignore:easy_install command is deprecated setup.py egg_info --egg-base ../build/xbox_control_pkg build --build-base /home/ras4/nuc_ws/src/build/xbox_control_pkg/build install --record /home/ras4/nuc_ws/src/build/xbox_control_pkg/install.log --single-version-externally-managed install_data
[7.623s] running egg_info
[7.627s] creating ../build/xbox_control_pkg/xbox_control_pkg.egg-info
[7.628s] writing ../build/xbox_control_pkg/xbox_control_pkg.egg-info/PKG-INFO
[7.630s] writing dependency_links to ../build/xbox_control_pkg/xbox_control_pkg.egg-info/dependency_links.txt
[7.631s] writing entry points to ../build/xbox_control_pkg/xbox_control_pkg.egg-info/entry_points.txt
[7.632s] writing requirements to ../build/xbox_control_pkg/xbox_control_pkg.egg-info/requires.txt
[7.634s] writing top-level names to ../build/xbox_control_pkg/xbox_control_pkg.egg-info/top_level.txt
[7.635s] writing manifest file '../build/xbox_control_pkg/xbox_control_pkg.egg-info/SOURCES.txt'
[7.653s] reading manifest file '../build/xbox_control_pkg/xbox_control_pkg.egg-info/SOURCES.txt'
[7.657s] writing manifest file '../build/xbox_control_pkg/xbox_control_pkg.egg-info/SOURCES.txt'
[7.659s] running build
[7.660s] running build_py
[7.660s] creating /home/ras4/nuc_ws/src/build/xbox_control_pkg/build
[7.661s] creating /home/ras4/nuc_ws/src/build/xbox_control_pkg/build/lib
[7.662s] creating /home/ras4/nuc_ws/src/build/xbox_control_pkg/build/lib/xbox_control_pkg
[7.663s] copying xbox_control_pkg/xbox_control_node.py -> /home/ras4/nuc_ws/src/build/xbox_control_pkg/build/lib/xbox_control_pkg
[7.664s] copying xbox_control_pkg/__init__.py -> /home/ras4/nuc_ws/src/build/xbox_control_pkg/build/lib/xbox_control_pkg
[7.665s] running install
[7.667s] running install_lib
[7.672s] creating /home/ras4/nuc_ws/src/install/xbox_control_pkg/lib/python3.10/site-packages/xbox_control_pkg
[7.673s] copying /home/ras4/nuc_ws/src/build/xbox_control_pkg/build/lib/xbox_control_pkg/xbox_control_node.py -> /home/ras4/nuc_ws/src/install/xbox_control_pkg/lib/python3.10/site-packages/xbox_control_pkg
[7.674s] copying /home/ras4/nuc_ws/src/build/xbox_control_pkg/build/lib/xbox_control_pkg/__init__.py -> /home/ras4/nuc_ws/src/install/xbox_control_pkg/lib/python3.10/site-packages/xbox_control_pkg
[7.678s] byte-compiling /home/ras4/nuc_ws/src/install/xbox_control_pkg/lib/python3.10/site-packages/xbox_control_pkg/xbox_control_node.py to xbox_control_node.cpython-310.pyc
[7.683s] byte-compiling /home/ras4/nuc_ws/src/install/xbox_control_pkg/lib/python3.10/site-packages/xbox_control_pkg/__init__.py to __init__.cpython-310.pyc
[7.686s] running install_data
[7.686s] creating /home/ras4/nuc_ws/src/install/xbox_control_pkg/share/ament_index
[7.687s] creating /home/ras4/nuc_ws/src/install/xbox_control_pkg/share/ament_index/resource_index
[7.688s] creating /home/ras4/nuc_ws/src/install/xbox_control_pkg/share/ament_index/resource_index/packages
[7.689s] copying resource/xbox_control_pkg -> /home/ras4/nuc_ws/src/install/xbox_control_pkg/share/ament_index/resource_index/packages
[7.690s] copying package.xml -> /home/ras4/nuc_ws/src/install/xbox_control_pkg/share/xbox_control_pkg
[7.691s] running install_egg_info
[7.711s] Copying ../build/xbox_control_pkg/xbox_control_pkg.egg-info to /home/ras4/nuc_ws/src/install/xbox_control_pkg/lib/python3.10/site-packages/xbox_control_pkg-0.0.0-py3.10.egg-info
[7.723s] running install_scripts
[7.826s] Installing double_ackermann_control_node script to /home/ras4/nuc_ws/src/install/xbox_control_pkg/lib/xbox_control_pkg
[7.827s] Installing xbox_control_node script to /home/ras4/nuc_ws/src/install/xbox_control_pkg/lib/xbox_control_pkg
[7.828s] writing list of installed files to '/home/ras4/nuc_ws/src/build/xbox_control_pkg/install.log'
[8.131s] Invoked command in '/home/ras4/nuc_ws/src/xbox_control_pkg' returned '0': PYTHONPATH=/home/ras4/nuc_ws/src/build/xbox_control_pkg/prefix_override:/usr/lib/python3/dist-packages/colcon_core/task/python/colcon_distutils_commands:/home/ras4/nuc_ws/src/install/xbox_control_pkg/lib/python3.10/site-packages:${PYTHONPATH} /usr/bin/python3 -W ignore:setup.py install is deprecated -W ignore:easy_install command is deprecated setup.py egg_info --egg-base ../build/xbox_control_pkg build --build-base /home/ras4/nuc_ws/src/build/xbox_control_pkg/build install --record /home/ras4/nuc_ws/src/build/xbox_control_pkg/install.log --single-version-externally-managed install_data
