[0.633s] DEBUG:colcon:Command line arguments: ['/usr/bin/colcon', 'build', '--packages-select', 'xbox_control_pkg']
[0.633s] DEBUG:colcon:Parsed command line arguments: Namespace(log_base=None, log_level=None, verb_name='build', build_base='build', install_base='install', merge_install=False, symlink_install=False, test_result_base=None, continue_on_error=False, executor='parallel', parallel_workers=4, event_handlers=None, ignore_user_meta=False, metas=['./colcon.meta'], base_paths=['.'], packages_ignore=None, packages_ignore_regex=None, paths=None, packages_up_to=None, packages_up_to_regex=None, packages_above=None, packages_above_and_dependencies=None, packages_above_depth=None, packages_select_by_dep=None, packages_skip_by_dep=None, packages_skip_up_to=None, packages_select_build_failed=False, packages_skip_build_finished=False, packages_select_test_failures=False, packages_skip_test_passed=False, packages_select=['xbox_control_pkg'], packages_skip=None, packages_select_regex=None, packages_skip_regex=None, packages_start=None, packages_end=None, allow_overriding=[], cmake_args=None, cmake_target=None, cmake_target_skip_unavailable=False, cmake_clean_cache=False, cmake_clean_first=False, cmake_force_configure=False, ament_cmake_args=None, catkin_cmake_args=None, catkin_skip_building_tests=False, verb_parser=<colcon_defaults.argument_parser.defaults.DefaultArgumentsDecorator object at 0xffff982e49d0>, verb_extension=<colcon_core.verb.build.BuildVerb object at 0xffff9847de40>, main=<bound method BuildVerb.main of <colcon_core.verb.build.BuildVerb object at 0xffff9847de40>>)
[1.756s] Level 1:colcon.colcon_core.package_discovery:discover_packages(colcon_meta) check parameters
[1.756s] Level 1:colcon.colcon_core.package_discovery:discover_packages(recursive) check parameters
[1.756s] Level 1:colcon.colcon_core.package_discovery:discover_packages(ignore) check parameters
[1.757s] Level 1:colcon.colcon_core.package_discovery:discover_packages(path) check parameters
[1.757s] Level 1:colcon.colcon_core.package_discovery:discover_packages(colcon_meta) discover
[1.757s] Level 1:colcon.colcon_core.package_discovery:discover_packages(recursive) discover
[1.757s] INFO:colcon.colcon_core.package_discovery:Crawling recursively for packages in '/home/ras4/nuc_ws'
[1.758s] Level 1:colcon.colcon_core.package_identification:_identify(.) by extensions ['ignore', 'ignore_ament_install']
[1.758s] Level 1:colcon.colcon_core.package_identification:_identify(.) by extension 'ignore'
[1.758s] Level 1:colcon.colcon_core.package_identification:_identify(.) by extension 'ignore_ament_install'
[1.758s] Level 1:colcon.colcon_core.package_identification:_identify(.) by extensions ['colcon_pkg']
[1.759s] Level 1:colcon.colcon_core.package_identification:_identify(.) by extension 'colcon_pkg'
[1.759s] Level 1:colcon.colcon_core.package_identification:_identify(.) by extensions ['colcon_meta']
[1.759s] Level 1:colcon.colcon_core.package_identification:_identify(.) by extension 'colcon_meta'
[1.759s] Level 1:colcon.colcon_core.package_identification:_identify(.) by extensions ['ros']
[1.759s] Level 1:colcon.colcon_core.package_identification:_identify(.) by extension 'ros'
[1.828s] Level 1:colcon.colcon_core.package_identification:_identify(.) by extensions ['cmake', 'python']
[1.828s] Level 1:colcon.colcon_core.package_identification:_identify(.) by extension 'cmake'
[1.829s] Level 1:colcon.colcon_core.package_identification:_identify(.) by extension 'python'
[1.829s] Level 1:colcon.colcon_core.package_identification:_identify(.) by extensions ['python_setup_py']
[1.829s] Level 1:colcon.colcon_core.package_identification:_identify(.) by extension 'python_setup_py'
[1.829s] Level 1:colcon.colcon_core.package_identification:_identify(build) by extensions ['ignore', 'ignore_ament_install']
[1.830s] Level 1:colcon.colcon_core.package_identification:_identify(build) by extension 'ignore'
[1.830s] Level 1:colcon.colcon_core.package_identification:_identify(build) ignored
[1.831s] Level 1:colcon.colcon_core.package_identification:_identify(install) by extensions ['ignore', 'ignore_ament_install']
[1.831s] Level 1:colcon.colcon_core.package_identification:_identify(install) by extension 'ignore'
[1.831s] Level 1:colcon.colcon_core.package_identification:_identify(install) ignored
[1.832s] Level 1:colcon.colcon_core.package_identification:_identify(log) by extensions ['ignore', 'ignore_ament_install']
[1.832s] Level 1:colcon.colcon_core.package_identification:_identify(log) by extension 'ignore'
[1.832s] Level 1:colcon.colcon_core.package_identification:_identify(log) ignored
[1.833s] Level 1:colcon.colcon_core.package_identification:_identify(src) by extensions ['ignore', 'ignore_ament_install']
[1.833s] Level 1:colcon.colcon_core.package_identification:_identify(src) by extension 'ignore'
[1.833s] Level 1:colcon.colcon_core.package_identification:_identify(src) by extension 'ignore_ament_install'
[1.833s] Level 1:colcon.colcon_core.package_identification:_identify(src) by extensions ['colcon_pkg']
[1.833s] Level 1:colcon.colcon_core.package_identification:_identify(src) by extension 'colcon_pkg'
[1.833s] Level 1:colcon.colcon_core.package_identification:_identify(src) by extensions ['colcon_meta']
[1.834s] Level 1:colcon.colcon_core.package_identification:_identify(src) by extension 'colcon_meta'
[1.834s] Level 1:colcon.colcon_core.package_identification:_identify(src) by extensions ['ros']
[1.834s] Level 1:colcon.colcon_core.package_identification:_identify(src) by extension 'ros'
[1.834s] Level 1:colcon.colcon_core.package_identification:_identify(src) by extensions ['cmake', 'python']
[1.834s] Level 1:colcon.colcon_core.package_identification:_identify(src) by extension 'cmake'
[1.834s] Level 1:colcon.colcon_core.package_identification:_identify(src) by extension 'python'
[1.835s] Level 1:colcon.colcon_core.package_identification:_identify(src) by extensions ['python_setup_py']
[1.835s] Level 1:colcon.colcon_core.package_identification:_identify(src) by extension 'python_setup_py'
[1.835s] Level 1:colcon.colcon_core.package_identification:_identify(src/arm_pkg) by extensions ['ignore', 'ignore_ament_install']
[1.836s] Level 1:colcon.colcon_core.package_identification:_identify(src/arm_pkg) by extension 'ignore'
[1.836s] Level 1:colcon.colcon_core.package_identification:_identify(src/arm_pkg) by extension 'ignore_ament_install'
[1.836s] Level 1:colcon.colcon_core.package_identification:_identify(src/arm_pkg) by extensions ['colcon_pkg']
[1.836s] Level 1:colcon.colcon_core.package_identification:_identify(src/arm_pkg) by extension 'colcon_pkg'
[1.836s] Level 1:colcon.colcon_core.package_identification:_identify(src/arm_pkg) by extensions ['colcon_meta']
[1.836s] Level 1:colcon.colcon_core.package_identification:_identify(src/arm_pkg) by extension 'colcon_meta'
[1.837s] Level 1:colcon.colcon_core.package_identification:_identify(src/arm_pkg) by extensions ['ros']
[1.837s] Level 1:colcon.colcon_core.package_identification:_identify(src/arm_pkg) by extension 'ros'
[1.849s] DEBUG:colcon.colcon_core.package_identification:Package 'src/arm_pkg' with type 'ros.ament_python' and name 'arm_pkg'
[1.850s] Level 1:colcon.colcon_core.package_identification:_identify(src/build) by extensions ['ignore', 'ignore_ament_install']
[1.850s] Level 1:colcon.colcon_core.package_identification:_identify(src/build) by extension 'ignore'
[1.850s] Level 1:colcon.colcon_core.package_identification:_identify(src/build) ignored
[1.851s] Level 1:colcon.colcon_core.package_identification:_identify(src/camera_pkg) by extensions ['ignore', 'ignore_ament_install']
[1.851s] Level 1:colcon.colcon_core.package_identification:_identify(src/camera_pkg) by extension 'ignore'
[1.852s] Level 1:colcon.colcon_core.package_identification:_identify(src/camera_pkg) by extension 'ignore_ament_install'
[1.852s] Level 1:colcon.colcon_core.package_identification:_identify(src/camera_pkg) by extensions ['colcon_pkg']
[1.852s] Level 1:colcon.colcon_core.package_identification:_identify(src/camera_pkg) by extension 'colcon_pkg'
[1.852s] Level 1:colcon.colcon_core.package_identification:_identify(src/camera_pkg) by extensions ['colcon_meta']
[1.852s] Level 1:colcon.colcon_core.package_identification:_identify(src/camera_pkg) by extension 'colcon_meta'
[1.853s] Level 1:colcon.colcon_core.package_identification:_identify(src/camera_pkg) by extensions ['ros']
[1.853s] Level 1:colcon.colcon_core.package_identification:_identify(src/camera_pkg) by extension 'ros'
[1.859s] DEBUG:colcon.colcon_core.package_identification:Package 'src/camera_pkg' with type 'ros.ament_python' and name 'camera_pkg'
[1.860s] Level 1:colcon.colcon_core.package_identification:_identify(src/install) by extensions ['ignore', 'ignore_ament_install']
[1.860s] Level 1:colcon.colcon_core.package_identification:_identify(src/install) by extension 'ignore'
[1.860s] Level 1:colcon.colcon_core.package_identification:_identify(src/install) ignored
[1.860s] Level 1:colcon.colcon_core.package_identification:_identify(src/libuvc) by extensions ['ignore', 'ignore_ament_install']
[1.861s] Level 1:colcon.colcon_core.package_identification:_identify(src/libuvc) by extension 'ignore'
[1.861s] Level 1:colcon.colcon_core.package_identification:_identify(src/libuvc) by extension 'ignore_ament_install'
[1.861s] Level 1:colcon.colcon_core.package_identification:_identify(src/libuvc) by extensions ['colcon_pkg']
[1.861s] Level 1:colcon.colcon_core.package_identification:_identify(src/libuvc) by extension 'colcon_pkg'
[1.862s] Level 1:colcon.colcon_core.package_identification:_identify(src/libuvc) by extensions ['colcon_meta']
[1.862s] Level 1:colcon.colcon_core.package_identification:_identify(src/libuvc) by extension 'colcon_meta'
[1.862s] Level 1:colcon.colcon_core.package_identification:_identify(src/libuvc) by extensions ['ros']
[1.862s] Level 1:colcon.colcon_core.package_identification:_identify(src/libuvc) by extension 'ros'
[1.862s] Level 1:colcon.colcon_core.package_identification:_identify(src/libuvc) by extensions ['cmake', 'python']
[1.862s] Level 1:colcon.colcon_core.package_identification:_identify(src/libuvc) by extension 'cmake'
[1.863s] Level 1:colcon.colcon_core.package_identification:_identify(src/libuvc) by extension 'python'
[1.863s] Level 1:colcon.colcon_core.package_identification:_identify(src/libuvc) by extensions ['python_setup_py']
[1.863s] Level 1:colcon.colcon_core.package_identification:_identify(src/libuvc) by extension 'python_setup_py'
[1.864s] Level 1:colcon.colcon_core.package_identification:_identify(src/log) by extensions ['ignore', 'ignore_ament_install']
[1.864s] Level 1:colcon.colcon_core.package_identification:_identify(src/log) by extension 'ignore'
[1.864s] Level 1:colcon.colcon_core.package_identification:_identify(src/log) ignored
[1.865s] Level 1:colcon.colcon_core.package_identification:_identify(src/odometry_pkg) by extensions ['ignore', 'ignore_ament_install']
[1.865s] Level 1:colcon.colcon_core.package_identification:_identify(src/odometry_pkg) by extension 'ignore'
[1.865s] Level 1:colcon.colcon_core.package_identification:_identify(src/odometry_pkg) by extension 'ignore_ament_install'
[1.865s] Level 1:colcon.colcon_core.package_identification:_identify(src/odometry_pkg) by extensions ['colcon_pkg']
[1.866s] Level 1:colcon.colcon_core.package_identification:_identify(src/odometry_pkg) by extension 'colcon_pkg'
[1.866s] Level 1:colcon.colcon_core.package_identification:_identify(src/odometry_pkg) by extensions ['colcon_meta']
[1.866s] Level 1:colcon.colcon_core.package_identification:_identify(src/odometry_pkg) by extension 'colcon_meta'
[1.866s] Level 1:colcon.colcon_core.package_identification:_identify(src/odometry_pkg) by extensions ['ros']
[1.866s] Level 1:colcon.colcon_core.package_identification:_identify(src/odometry_pkg) by extension 'ros'
[1.870s] DEBUG:colcon.colcon_core.package_identification:Package 'src/odometry_pkg' with type 'ros.ament_python' and name 'odometry_pkg'
[1.871s] Level 1:colcon.colcon_core.package_identification:_identify(src/sllidar_ros2) by extensions ['ignore', 'ignore_ament_install']
[1.872s] Level 1:colcon.colcon_core.package_identification:_identify(src/sllidar_ros2) by extension 'ignore'
[1.872s] Level 1:colcon.colcon_core.package_identification:_identify(src/sllidar_ros2) by extension 'ignore_ament_install'
[1.872s] Level 1:colcon.colcon_core.package_identification:_identify(src/sllidar_ros2) by extensions ['colcon_pkg']
[1.872s] Level 1:colcon.colcon_core.package_identification:_identify(src/sllidar_ros2) by extension 'colcon_pkg'
[1.872s] Level 1:colcon.colcon_core.package_identification:_identify(src/sllidar_ros2) by extensions ['colcon_meta']
[1.872s] Level 1:colcon.colcon_core.package_identification:_identify(src/sllidar_ros2) by extension 'colcon_meta'
[1.873s] Level 1:colcon.colcon_core.package_identification:_identify(src/sllidar_ros2) by extensions ['ros']
[1.873s] Level 1:colcon.colcon_core.package_identification:_identify(src/sllidar_ros2) by extension 'ros'
[1.876s] DEBUG:colcon.colcon_core.package_identification:Package 'src/sllidar_ros2' with type 'ros.ament_cmake' and name 'sllidar_ros2'
[1.877s] Level 1:colcon.colcon_core.package_identification:_identify(src/xbox_control_pkg) by extensions ['ignore', 'ignore_ament_install']
[1.877s] Level 1:colcon.colcon_core.package_identification:_identify(src/xbox_control_pkg) by extension 'ignore'
[1.877s] Level 1:colcon.colcon_core.package_identification:_identify(src/xbox_control_pkg) by extension 'ignore_ament_install'
[1.877s] Level 1:colcon.colcon_core.package_identification:_identify(src/xbox_control_pkg) by extensions ['colcon_pkg']
[1.878s] Level 1:colcon.colcon_core.package_identification:_identify(src/xbox_control_pkg) by extension 'colcon_pkg'
[1.878s] Level 1:colcon.colcon_core.package_identification:_identify(src/xbox_control_pkg) by extensions ['colcon_meta']
[1.878s] Level 1:colcon.colcon_core.package_identification:_identify(src/xbox_control_pkg) by extension 'colcon_meta'
[1.878s] Level 1:colcon.colcon_core.package_identification:_identify(src/xbox_control_pkg) by extensions ['ros']
[1.878s] Level 1:colcon.colcon_core.package_identification:_identify(src/xbox_control_pkg) by extension 'ros'
[1.882s] DEBUG:colcon.colcon_core.package_identification:Package 'src/xbox_control_pkg' with type 'ros.ament_python' and name 'xbox_control_pkg'
[1.882s] Level 1:colcon.colcon_core.package_discovery:discover_packages(recursive) using defaults
[1.882s] Level 1:colcon.colcon_core.package_discovery:discover_packages(ignore) discover
[1.882s] Level 1:colcon.colcon_core.package_discovery:discover_packages(ignore) using defaults
[1.882s] Level 1:colcon.colcon_core.package_discovery:discover_packages(path) discover
[1.882s] Level 1:colcon.colcon_core.package_discovery:discover_packages(path) using defaults
[1.988s] INFO:colcon.colcon_core.package_selection:Skipping not selected package 'arm_pkg' in 'src/arm_pkg'
[1.988s] INFO:colcon.colcon_core.package_selection:Skipping not selected package 'camera_pkg' in 'src/camera_pkg'
[1.988s] INFO:colcon.colcon_core.package_selection:Skipping not selected package 'odometry_pkg' in 'src/odometry_pkg'
[1.988s] INFO:colcon.colcon_core.package_selection:Skipping not selected package 'sllidar_ros2' in 'src/sllidar_ros2'
[1.991s] Level 1:colcon.colcon_core.package_discovery:discover_packages(prefix_path) check parameters
[1.991s] Level 1:colcon.colcon_core.package_discovery:discover_packages(prefix_path) discover
[2.011s] DEBUG:colcon.colcon_installed_package_information.package_discovery:Found 5 installed packages in /home/ras4/nuc_ws/install
[2.020s] DEBUG:colcon.colcon_installed_package_information.package_discovery:Found 276 installed packages in /opt/ros/humble
[2.063s] Level 1:colcon.colcon_core.package_discovery:discover_packages(prefix_path) using defaults
[2.233s] Level 5:colcon.colcon_core.verb:set package 'xbox_control_pkg' build argument 'cmake_args' from command line to 'None'
[2.233s] Level 5:colcon.colcon_core.verb:set package 'xbox_control_pkg' build argument 'cmake_target' from command line to 'None'
[2.233s] Level 5:colcon.colcon_core.verb:set package 'xbox_control_pkg' build argument 'cmake_target_skip_unavailable' from command line to 'False'
[2.233s] Level 5:colcon.colcon_core.verb:set package 'xbox_control_pkg' build argument 'cmake_clean_cache' from command line to 'False'
[2.234s] Level 5:colcon.colcon_core.verb:set package 'xbox_control_pkg' build argument 'cmake_clean_first' from command line to 'False'
[2.234s] Level 5:colcon.colcon_core.verb:set package 'xbox_control_pkg' build argument 'cmake_force_configure' from command line to 'False'
[2.234s] Level 5:colcon.colcon_core.verb:set package 'xbox_control_pkg' build argument 'ament_cmake_args' from command line to 'None'
[2.234s] Level 5:colcon.colcon_core.verb:set package 'xbox_control_pkg' build argument 'catkin_cmake_args' from command line to 'None'
[2.234s] Level 5:colcon.colcon_core.verb:set package 'xbox_control_pkg' build argument 'catkin_skip_building_tests' from command line to 'False'
[2.234s] DEBUG:colcon.colcon_core.verb:Building package 'xbox_control_pkg' with the following arguments: {'ament_cmake_args': None, 'build_base': '/home/ras4/nuc_ws/build/xbox_control_pkg', 'catkin_cmake_args': None, 'catkin_skip_building_tests': False, 'cmake_args': None, 'cmake_clean_cache': False, 'cmake_clean_first': False, 'cmake_force_configure': False, 'cmake_target': None, 'cmake_target_skip_unavailable': False, 'install_base': '/home/ras4/nuc_ws/install/xbox_control_pkg', 'merge_install': False, 'path': '/home/ras4/nuc_ws/src/xbox_control_pkg', 'symlink_install': False, 'test_result_base': None}
[2.235s] INFO:colcon.colcon_core.executor:Executing jobs using 'parallel' executor
[2.238s] DEBUG:colcon.colcon_parallel_executor.executor.parallel:run_until_complete
[2.239s] INFO:colcon.colcon_ros.task.ament_python.build:Building ROS package in '/home/ras4/nuc_ws/src/xbox_control_pkg' with build type 'ament_python'
[2.240s] Level 1:colcon.colcon_core.shell:create_environment_hook('xbox_control_pkg', 'ament_prefix_path')
[2.261s] INFO:colcon.colcon_core.plugin_system:Skipping extension 'colcon_core.shell.bat': Not used on non-Windows systems
[2.262s] INFO:colcon.colcon_core.shell:Creating environment hook '/home/ras4/nuc_ws/install/xbox_control_pkg/share/xbox_control_pkg/hook/ament_prefix_path.ps1'
[2.267s] INFO:colcon.colcon_core.shell:Creating environment descriptor '/home/ras4/nuc_ws/install/xbox_control_pkg/share/xbox_control_pkg/hook/ament_prefix_path.dsv'
[2.271s] INFO:colcon.colcon_core.shell:Creating environment hook '/home/ras4/nuc_ws/install/xbox_control_pkg/share/xbox_control_pkg/hook/ament_prefix_path.sh'
[2.277s] INFO:colcon.colcon_core.shell:Skip shell extension 'powershell' for command environment: Not usable outside of PowerShell
[2.277s] DEBUG:colcon.colcon_core.shell:Skip shell extension 'dsv' for command environment
[3.494s] INFO:colcon.colcon_core.task.python.build:Building Python package in '/home/ras4/nuc_ws/src/xbox_control_pkg'
[3.495s] INFO:colcon.colcon_core.shell:Skip shell extension 'powershell' for command environment: Not usable outside of PowerShell
[3.495s] DEBUG:colcon.colcon_core.shell:Skip shell extension 'dsv' for command environment
[5.198s] DEBUG:colcon.colcon_core.event_handler.log_command:Invoking command in '/home/ras4/nuc_ws/src/xbox_control_pkg': PYTHONPATH=/home/ras4/nuc_ws/build/xbox_control_pkg/prefix_override:/usr/lib/python3/dist-packages/colcon_core/task/python/colcon_distutils_commands:/home/ras4/nuc_ws/install/xbox_control_pkg/lib/python3.10/site-packages:${PYTHONPATH} /usr/bin/python3 -W ignore:setup.py install is deprecated -W ignore:easy_install command is deprecated setup.py egg_info --egg-base ../../build/xbox_control_pkg build --build-base /home/ras4/nuc_ws/build/xbox_control_pkg/build install --record /home/ras4/nuc_ws/build/xbox_control_pkg/install.log --single-version-externally-managed install_data
[6.525s] DEBUG:colcon.colcon_core.event_handler.log_command:Invoked command in '/home/ras4/nuc_ws/src/xbox_control_pkg' returned '0': PYTHONPATH=/home/ras4/nuc_ws/build/xbox_control_pkg/prefix_override:/usr/lib/python3/dist-packages/colcon_core/task/python/colcon_distutils_commands:/home/ras4/nuc_ws/install/xbox_control_pkg/lib/python3.10/site-packages:${PYTHONPATH} /usr/bin/python3 -W ignore:setup.py install is deprecated -W ignore:easy_install command is deprecated setup.py egg_info --egg-base ../../build/xbox_control_pkg build --build-base /home/ras4/nuc_ws/build/xbox_control_pkg/build install --record /home/ras4/nuc_ws/build/xbox_control_pkg/install.log --single-version-externally-managed install_data
[6.550s] Level 1:colcon.colcon_core.environment:checking '/home/ras4/nuc_ws/install/xbox_control_pkg' for CMake module files
[6.553s] Level 1:colcon.colcon_core.environment:checking '/home/ras4/nuc_ws/install/xbox_control_pkg' for CMake config files
[6.558s] Level 1:colcon.colcon_core.environment:checking '/home/ras4/nuc_ws/install/xbox_control_pkg/lib'
[6.559s] Level 1:colcon.colcon_core.environment:checking '/home/ras4/nuc_ws/install/xbox_control_pkg/bin'
[6.560s] Level 1:colcon.colcon_core.environment:checking '/home/ras4/nuc_ws/install/xbox_control_pkg/lib/pkgconfig/xbox_control_pkg.pc'
[6.561s] Level 1:colcon.colcon_core.environment:checking '/home/ras4/nuc_ws/install/xbox_control_pkg/lib/python3.10/site-packages'
[6.561s] Level 1:colcon.colcon_core.shell:create_environment_hook('xbox_control_pkg', 'pythonpath')
[6.562s] INFO:colcon.colcon_core.shell:Creating environment hook '/home/ras4/nuc_ws/install/xbox_control_pkg/share/xbox_control_pkg/hook/pythonpath.ps1'
[6.564s] INFO:colcon.colcon_core.shell:Creating environment descriptor '/home/ras4/nuc_ws/install/xbox_control_pkg/share/xbox_control_pkg/hook/pythonpath.dsv'
[6.566s] INFO:colcon.colcon_core.shell:Creating environment hook '/home/ras4/nuc_ws/install/xbox_control_pkg/share/xbox_control_pkg/hook/pythonpath.sh'
[6.569s] Level 1:colcon.colcon_core.environment:checking '/home/ras4/nuc_ws/install/xbox_control_pkg/bin'
[6.569s] Level 1:colcon.colcon_core.environment:create_environment_scripts_only(xbox_control_pkg)
[6.570s] INFO:colcon.colcon_core.shell:Creating package script '/home/ras4/nuc_ws/install/xbox_control_pkg/share/xbox_control_pkg/package.ps1'
[6.575s] INFO:colcon.colcon_core.shell:Creating package descriptor '/home/ras4/nuc_ws/install/xbox_control_pkg/share/xbox_control_pkg/package.dsv'
[6.578s] INFO:colcon.colcon_core.shell:Creating package script '/home/ras4/nuc_ws/install/xbox_control_pkg/share/xbox_control_pkg/package.sh'
[6.582s] INFO:colcon.colcon_core.shell:Creating package script '/home/ras4/nuc_ws/install/xbox_control_pkg/share/xbox_control_pkg/package.bash'
[6.587s] INFO:colcon.colcon_core.shell:Creating package script '/home/ras4/nuc_ws/install/xbox_control_pkg/share/xbox_control_pkg/package.zsh'
[6.593s] Level 1:colcon.colcon_core.environment:create_file_with_runtime_dependencies(/home/ras4/nuc_ws/install/xbox_control_pkg/share/colcon-core/packages/xbox_control_pkg)
[6.594s] DEBUG:colcon.colcon_parallel_executor.executor.parallel:closing loop
[6.595s] DEBUG:colcon.colcon_parallel_executor.executor.parallel:loop closed
[6.596s] DEBUG:colcon.colcon_parallel_executor.executor.parallel:run_until_complete finished with '0'
[6.596s] DEBUG:colcon.colcon_core.event_reactor:joining thread
[6.627s] INFO:colcon.colcon_core.plugin_system:Skipping extension 'colcon_notification.desktop_notification.terminal_notifier': Not used on non-Darwin systems
[6.628s] INFO:colcon.colcon_core.plugin_system:Skipping extension 'colcon_notification.desktop_notification.win32': Not used on non-Windows systems
[6.628s] INFO:colcon.colcon_notification.desktop_notification:Sending desktop notification using 'notify2'
[6.728s] DEBUG:colcon.colcon_core.event_reactor:joined thread
[6.730s] INFO:colcon.colcon_core.shell:Creating prefix script '/home/ras4/nuc_ws/install/local_setup.ps1'
[6.737s] INFO:colcon.colcon_core.shell:Creating prefix util module '/home/ras4/nuc_ws/install/_local_setup_util_ps1.py'
[6.746s] INFO:colcon.colcon_core.shell:Creating prefix chain script '/home/ras4/nuc_ws/install/setup.ps1'
[6.754s] INFO:colcon.colcon_core.shell:Creating prefix script '/home/ras4/nuc_ws/install/local_setup.sh'
[6.759s] INFO:colcon.colcon_core.shell:Creating prefix util module '/home/ras4/nuc_ws/install/_local_setup_util_sh.py'
[6.763s] INFO:colcon.colcon_core.shell:Creating prefix chain script '/home/ras4/nuc_ws/install/setup.sh'
[6.773s] INFO:colcon.colcon_core.shell:Creating prefix script '/home/ras4/nuc_ws/install/local_setup.bash'
[6.778s] INFO:colcon.colcon_core.shell:Creating prefix chain script '/home/ras4/nuc_ws/install/setup.bash'
[6.787s] INFO:colcon.colcon_core.shell:Creating prefix script '/home/ras4/nuc_ws/install/local_setup.zsh'
[6.792s] INFO:colcon.colcon_core.shell:Creating prefix chain script '/home/ras4/nuc_ws/install/setup.zsh'
