[0.052s] Invoking command in '/home/ras4/nuc_ws/src/build/sllidar_ros2': CMAKE_PREFIX_PATH=${CMAKE_PREFIX_PATH}:/home/ras4/nuc_ws/install/xbox_control_pkg:/home/ras4/nuc_ws/install/odometry_pkg:/home/ras4/nuc_ws/install/camera_pkg:/home/ras4/nuc_ws/install/arm_pkg:/home/ras4/nuc_ws/src/install/xbox_control_pkg:/home/ras4/nuc_ws/src/install/odometry_pkg:/home/ras4/nuc_ws/src/install/camera_pkg:/home/ras4/nuc_ws/src/install/arm_pkg:/opt/ros/humble /usr/bin/cmake --build /home/ras4/nuc_ws/src/build/sllidar_ros2 -- -j4 -l4
[0.399s] [ 10%] Built target sllidar_client
[0.413s] [100%] Built target sllidar_node
[0.456s] Invoked command in '/home/ras4/nuc_ws/src/build/sllidar_ros2' returned '0': CMAKE_PREFIX_PATH=${CMAKE_PREFIX_PATH}:/home/ras4/nuc_ws/install/xbox_control_pkg:/home/ras4/nuc_ws/install/odometry_pkg:/home/ras4/nuc_ws/install/camera_pkg:/home/ras4/nuc_ws/install/arm_pkg:/home/ras4/nuc_ws/src/install/xbox_control_pkg:/home/ras4/nuc_ws/src/install/odometry_pkg:/home/ras4/nuc_ws/src/install/camera_pkg:/home/ras4/nuc_ws/src/install/arm_pkg:/opt/ros/humble /usr/bin/cmake --build /home/ras4/nuc_ws/src/build/sllidar_ros2 -- -j4 -l4
[0.470s] Invoking command in '/home/ras4/nuc_ws/src/build/sllidar_ros2': CMAKE_PREFIX_PATH=${CMAKE_PREFIX_PATH}:/home/ras4/nuc_ws/install/xbox_control_pkg:/home/ras4/nuc_ws/install/odometry_pkg:/home/ras4/nuc_ws/install/camera_pkg:/home/ras4/nuc_ws/install/arm_pkg:/home/ras4/nuc_ws/src/install/xbox_control_pkg:/home/ras4/nuc_ws/src/install/odometry_pkg:/home/ras4/nuc_ws/src/install/camera_pkg:/home/ras4/nuc_ws/src/install/arm_pkg:/opt/ros/humble /usr/bin/cmake --install /home/ras4/nuc_ws/src/build/sllidar_ros2
[0.500s] -- Install configuration: ""
[0.500s] -- Up-to-date: /home/ras4/nuc_ws/src/install/sllidar_ros2/share/sllidar_ros2/launch
[0.502s] -- Up-to-date: /home/ras4/nuc_ws/src/install/sllidar_ros2/share/sllidar_ros2/launch/view_sllidar_c1_launch.py
[0.502s] -- Up-to-date: /home/ras4/nuc_ws/src/install/sllidar_ros2/share/sllidar_ros2/launch/sllidar_s3_launch.py
[0.503s] -- Up-to-date: /home/ras4/nuc_ws/src/install/sllidar_ros2/share/sllidar_ros2/launch/sllidar_a2m8_launch.py
[0.503s] -- Up-to-date: /home/ras4/nuc_ws/src/install/sllidar_ros2/share/sllidar_ros2/launch/view_sllidar_s1_tcp_launch.py
[0.503s] -- Up-to-date: /home/ras4/nuc_ws/src/install/sllidar_ros2/share/sllidar_ros2/launch/sllidar_s1_tcp_launch.py
[0.504s] -- Up-to-date: /home/ras4/nuc_ws/src/install/sllidar_ros2/share/sllidar_ros2/launch/sllidar_c1_launch.py
[0.504s] -- Up-to-date: /home/ras4/nuc_ws/src/install/sllidar_ros2/share/sllidar_ros2/launch/sllidar_s1_launch.py
[0.505s] -- Up-to-date: /home/ras4/nuc_ws/src/install/sllidar_ros2/share/sllidar_ros2/launch/sllidar_s2_launch.py
[0.505s] -- Up-to-date: /home/ras4/nuc_ws/src/install/sllidar_ros2/share/sllidar_ros2/launch/view_sllidar_a2m8_launch.py
[0.506s] -- Up-to-date: /home/ras4/nuc_ws/src/install/sllidar_ros2/share/sllidar_ros2/launch/view_sllidar_a3_launch.py
[0.506s] -- Up-to-date: /home/ras4/nuc_ws/src/install/sllidar_ros2/share/sllidar_ros2/launch/view_sllidar_s2_launch.py
[0.506s] -- Up-to-date: /home/ras4/nuc_ws/src/install/sllidar_ros2/share/sllidar_ros2/launch/view_sllidar_a2m12_launch.py
[0.507s] -- Up-to-date: /home/ras4/nuc_ws/src/install/sllidar_ros2/share/sllidar_ros2/launch/view_sllidar_s1_launch.py
[0.507s] -- Up-to-date: /home/ras4/nuc_ws/src/install/sllidar_ros2/share/sllidar_ros2/launch/sllidar_s2e_launch.py
[0.508s] -- Up-to-date: /home/ras4/nuc_ws/src/install/sllidar_ros2/share/sllidar_ros2/launch/sllidar_a2m12_launch .py
[0.508s] -- Up-to-date: /home/ras4/nuc_ws/src/install/sllidar_ros2/share/sllidar_ros2/launch/sllidar_t1_launch.py
[0.509s] -- Up-to-date: /home/ras4/nuc_ws/src/install/sllidar_ros2/share/sllidar_ros2/launch/view_sllidar_a2m7_launch.py
[0.509s] -- Up-to-date: /home/ras4/nuc_ws/src/install/sllidar_ros2/share/sllidar_ros2/launch/view_sllidar_t1_launch.py
[0.510s] -- Up-to-date: /home/ras4/nuc_ws/src/install/sllidar_ros2/share/sllidar_ros2/launch/sllidar_a2m7_launch.py
[0.510s] -- Up-to-date: /home/ras4/nuc_ws/src/install/sllidar_ros2/share/sllidar_ros2/launch/view_sllidar_s3_launch.py
[0.510s] -- Up-to-date: /home/ras4/nuc_ws/src/install/sllidar_ros2/share/sllidar_ros2/launch/view_sllidar_s2e_launch.py
[0.511s] -- Up-to-date: /home/ras4/nuc_ws/src/install/sllidar_ros2/share/sllidar_ros2/launch/sllidar_a3_launch.py
[0.511s] -- Up-to-date: /home/ras4/nuc_ws/src/install/sllidar_ros2/share/sllidar_ros2/launch/sllidar_a1_launch.py
[0.512s] -- Up-to-date: /home/ras4/nuc_ws/src/install/sllidar_ros2/share/sllidar_ros2/launch/view_sllidar_a1_launch.py
[0.512s] -- Up-to-date: /home/ras4/nuc_ws/src/install/sllidar_ros2/share/sllidar_ros2/rviz
[0.512s] -- Up-to-date: /home/ras4/nuc_ws/src/install/sllidar_ros2/share/sllidar_ros2/rviz/sllidar_ros2.rviz
[0.513s] -- Up-to-date: /home/ras4/nuc_ws/src/install/sllidar_ros2/lib/sllidar_ros2/sllidar_node
[0.517s] -- Up-to-date: /home/ras4/nuc_ws/src/install/sllidar_ros2/lib/sllidar_ros2/sllidar_client
[0.519s] -- Up-to-date: /home/ras4/nuc_ws/src/install/sllidar_ros2/share/ament_index/resource_index/package_run_dependencies/sllidar_ros2
[0.520s] -- Up-to-date: /home/ras4/nuc_ws/src/install/sllidar_ros2/share/ament_index/resource_index/parent_prefix_path/sllidar_ros2
[0.521s] -- Up-to-date: /home/ras4/nuc_ws/src/install/sllidar_ros2/share/sllidar_ros2/environment/ament_prefix_path.sh
[0.521s] -- Up-to-date: /home/ras4/nuc_ws/src/install/sllidar_ros2/share/sllidar_ros2/environment/ament_prefix_path.dsv
[0.522s] -- Up-to-date: /home/ras4/nuc_ws/src/install/sllidar_ros2/share/sllidar_ros2/environment/path.sh
[0.522s] -- Up-to-date: /home/ras4/nuc_ws/src/install/sllidar_ros2/share/sllidar_ros2/environment/path.dsv
[0.523s] -- Up-to-date: /home/ras4/nuc_ws/src/install/sllidar_ros2/share/sllidar_ros2/local_setup.bash
[0.523s] -- Up-to-date: /home/ras4/nuc_ws/src/install/sllidar_ros2/share/sllidar_ros2/local_setup.sh
[0.524s] -- Up-to-date: /home/ras4/nuc_ws/src/install/sllidar_ros2/share/sllidar_ros2/local_setup.zsh
[0.524s] -- Up-to-date: /home/ras4/nuc_ws/src/install/sllidar_ros2/share/sllidar_ros2/local_setup.dsv
[0.525s] -- Installing: /home/ras4/nuc_ws/src/install/sllidar_ros2/share/sllidar_ros2/package.dsv
[0.527s] -- Up-to-date: /home/ras4/nuc_ws/src/install/sllidar_ros2/share/ament_index/resource_index/packages/sllidar_ros2
[0.528s] -- Up-to-date: /home/ras4/nuc_ws/src/install/sllidar_ros2/share/sllidar_ros2/cmake/ament_cmake_export_dependencies-extras.cmake
[0.529s] -- Up-to-date: /home/ras4/nuc_ws/src/install/sllidar_ros2/share/sllidar_ros2/cmake/ament_cmake_export_include_directories-extras.cmake
[0.529s] -- Up-to-date: /home/ras4/nuc_ws/src/install/sllidar_ros2/share/sllidar_ros2/cmake/sllidar_ros2Config.cmake
[0.530s] -- Up-to-date: /home/ras4/nuc_ws/src/install/sllidar_ros2/share/sllidar_ros2/cmake/sllidar_ros2Config-version.cmake
[0.530s] -- Up-to-date: /home/ras4/nuc_ws/src/install/sllidar_ros2/share/sllidar_ros2/package.xml
[0.538s] Invoked command in '/home/ras4/nuc_ws/src/build/sllidar_ros2' returned '0': CMAKE_PREFIX_PATH=${CMAKE_PREFIX_PATH}:/home/ras4/nuc_ws/install/xbox_control_pkg:/home/ras4/nuc_ws/install/odometry_pkg:/home/ras4/nuc_ws/install/camera_pkg:/home/ras4/nuc_ws/install/arm_pkg:/home/ras4/nuc_ws/src/install/xbox_control_pkg:/home/ras4/nuc_ws/src/install/odometry_pkg:/home/ras4/nuc_ws/src/install/camera_pkg:/home/ras4/nuc_ws/src/install/arm_pkg:/opt/ros/humble /usr/bin/cmake --install /home/ras4/nuc_ws/src/build/sllidar_ros2
