[7.881s] Invoking command in '/home/ras4/nuc_ws/src/camera_pkg': PYTHONPATH=/home/ras4/nuc_ws/build/camera_pkg/prefix_override:/usr/lib/python3/dist-packages/colcon_core/task/python/colcon_distutils_commands:/home/ras4/nuc_ws/install/camera_pkg/lib/python3.10/site-packages:${PYTHONPATH} /usr/bin/python3 -W ignore:setup.py install is deprecated -W ignore:easy_install command is deprecated setup.py egg_info --egg-base ../../build/camera_pkg build --build-base /home/ras4/nuc_ws/build/camera_pkg/build install --record /home/ras4/nuc_ws/build/camera_pkg/install.log --single-version-externally-managed install_data
[9.855s] /usr/lib/python3/dist-packages/setuptools/dist.py:723: UserWarning: Usage of dash-separated 'description-file' will not be supported in future versions. Please use the underscore name 'description_file' instead
[9.856s]   warnings.warn(
[9.987s] running egg_info
[9.989s] writing ../../build/camera_pkg/camera_pkg.egg-info/PKG-INFO
[9.994s] writing dependency_links to ../../build/camera_pkg/camera_pkg.egg-info/dependency_links.txt
[10.002s] writing entry points to ../../build/camera_pkg/camera_pkg.egg-info/entry_points.txt
[10.003s] writing requirements to ../../build/camera_pkg/camera_pkg.egg-info/requires.txt
[10.004s] writing top-level names to ../../build/camera_pkg/camera_pkg.egg-info/top_level.txt
[10.022s] reading manifest file '../../build/camera_pkg/camera_pkg.egg-info/SOURCES.txt'
[10.034s] writing manifest file '../../build/camera_pkg/camera_pkg.egg-info/SOURCES.txt'
[10.039s] running build
[10.041s] running build_py
[10.054s] running install
[10.062s] running install_lib
[10.107s] running install_data
[10.119s] running install_egg_info
[10.140s] removing '/home/ras4/nuc_ws/install/camera_pkg/lib/python3.10/site-packages/camera_pkg-0.1.0-py3.10.egg-info' (and everything under it)
[10.146s] Copying ../../build/camera_pkg/camera_pkg.egg-info to /home/ras4/nuc_ws/install/camera_pkg/lib/python3.10/site-packages/camera_pkg-0.1.0-py3.10.egg-info
[10.175s] running install_scripts
[10.304s] Installing framepublisher script to /home/ras4/nuc_ws/install/camera_pkg/lib/camera_pkg
[10.305s] Installing pixel_to_point3d script to /home/ras4/nuc_ws/install/camera_pkg/lib/camera_pkg
[10.310s] writing list of installed files to '/home/ras4/nuc_ws/build/camera_pkg/install.log'
[10.530s] Invoked command in '/home/ras4/nuc_ws/src/camera_pkg' returned '0': PYTHONPATH=/home/ras4/nuc_ws/build/camera_pkg/prefix_override:/usr/lib/python3/dist-packages/colcon_core/task/python/colcon_distutils_commands:/home/ras4/nuc_ws/install/camera_pkg/lib/python3.10/site-packages:${PYTHONPATH} /usr/bin/python3 -W ignore:setup.py install is deprecated -W ignore:easy_install command is deprecated setup.py egg_info --egg-base ../../build/camera_pkg build --build-base /home/ras4/nuc_ws/build/camera_pkg/build install --record /home/ras4/nuc_ws/build/camera_pkg/install.log --single-version-externally-managed install_data
