running develop
Removing /home/robotec/ros2_ws/install/arm_pkg/lib/python3.10/site-packages/arm-pkg.egg-link (link to .)
running egg_info
writing ../../build/arm_pkg/arm_pkg.egg-info/PKG-INFO
writing dependency_links to ../../build/arm_pkg/arm_pkg.egg-info/dependency_links.txt
writing entry points to ../../build/arm_pkg/arm_pkg.egg-info/entry_points.txt
writing requirements to ../../build/arm_pkg/arm_pkg.egg-info/requires.txt
writing top-level names to ../../build/arm_pkg/arm_pkg.egg-info/top_level.txt
reading manifest file '../../build/arm_pkg/arm_pkg.egg-info/SOURCES.txt'
writing manifest file '../../build/arm_pkg/arm_pkg.egg-info/SOURCES.txt'
running build
running build_py
creating /home/robotec/ros2_ws/build/arm_pkg/build
creating /home/robotec/ros2_ws/build/arm_pkg/build/lib
creating /home/robotec/ros2_ws/build/arm_pkg/build/lib/arm_pkg
copying arm_pkg/clicked_point_subscriber.py -> /home/robotec/ros2_ws/build/arm_pkg/build/lib/arm_pkg
copying arm_pkg/__init__.py -> /home/robotec/ros2_ws/build/arm_pkg/build/lib/arm_pkg
running install
running install_lib
creating /home/robotec/ros2_ws/install/arm_pkg/lib/python3.10/site-packages/arm_pkg
copying /home/robotec/ros2_ws/build/arm_pkg/build/lib/arm_pkg/clicked_point_subscriber.py -> /home/robotec/ros2_ws/install/arm_pkg/lib/python3.10/site-packages/arm_pkg
copying /home/robotec/ros2_ws/build/arm_pkg/build/lib/arm_pkg/__init__.py -> /home/robotec/ros2_ws/install/arm_pkg/lib/python3.10/site-packages/arm_pkg
byte-compiling /home/robotec/ros2_ws/install/arm_pkg/lib/python3.10/site-packages/arm_pkg/clicked_point_subscriber.py to clicked_point_subscriber.cpython-310.pyc
byte-compiling /home/robotec/ros2_ws/install/arm_pkg/lib/python3.10/site-packages/arm_pkg/__init__.py to __init__.cpython-310.pyc
running install_data
copying resource/arm_pkg -> /home/robotec/ros2_ws/install/arm_pkg/share/ament_index/resource_index/packages
copying package.xml -> /home/robotec/ros2_ws/install/arm_pkg/share/arm_pkg
copying launch/arm.launch.py -> /home/robotec/ros2_ws/install/arm_pkg/share/arm_pkg/launch
running install_egg_info
Copying ../../build/arm_pkg/arm_pkg.egg-info to /home/robotec/ros2_ws/install/arm_pkg/lib/python3.10/site-packages/arm_pkg-0.0.0-py3.10.egg-info
running install_scripts
Installing clicked_point_subscriber script to /home/robotec/ros2_ws/install/arm_pkg/lib/arm_pkg
writing list of installed files to '/home/robotec/ros2_ws/build/arm_pkg/install.log'
