[0.457s] DEBUG:colcon:Command line arguments: ['/usr/bin/colcon', 'build']
[0.458s] DEBUG:colcon:Parsed command line arguments: Namespace(log_base=None, log_level=None, verb_name='build', build_base='build', install_base='install', merge_install=False, symlink_install=False, test_result_base=None, continue_on_error=False, executor='parallel', parallel_workers=4, event_handlers=None, ignore_user_meta=False, metas=['./colcon.meta'], base_paths=['.'], packages_ignore=None, packages_ignore_regex=None, paths=None, packages_up_to=None, packages_up_to_regex=None, packages_above=None, packages_above_and_dependencies=None, packages_above_depth=None, packages_select_by_dep=None, packages_skip_by_dep=None, packages_skip_up_to=None, packages_select_build_failed=False, packages_skip_build_finished=False, packages_select_test_failures=False, packages_skip_test_passed=False, packages_select=None, packages_skip=None, packages_select_regex=None, packages_skip_regex=None, packages_start=None, packages_end=None, allow_overriding=[], cmake_args=None, cmake_target=None, cmake_target_skip_unavailable=False, cmake_clean_cache=False, cmake_clean_first=False, cmake_force_configure=False, ament_cmake_args=None, catkin_cmake_args=None, catkin_skip_building_tests=False, verb_parser=<colcon_defaults.argument_parser.defaults.DefaultArgumentsDecorator object at 0xffff9bd249d0>, verb_extension=<colcon_core.verb.build.BuildVerb object at 0xffff9bebde40>, main=<bound method BuildVerb.main of <colcon_core.verb.build.BuildVerb object at 0xffff9bebde40>>)
[1.265s] Level 1:colcon.colcon_core.package_discovery:discover_packages(colcon_meta) check parameters
[1.266s] Level 1:colcon.colcon_core.package_discovery:discover_packages(recursive) check parameters
[1.266s] Level 1:colcon.colcon_core.package_discovery:discover_packages(ignore) check parameters
[1.266s] Level 1:colcon.colcon_core.package_discovery:discover_packages(path) check parameters
[1.266s] Level 1:colcon.colcon_core.package_discovery:discover_packages(colcon_meta) discover
[1.266s] Level 1:colcon.colcon_core.package_discovery:discover_packages(recursive) discover
[1.266s] INFO:colcon.colcon_core.package_discovery:Crawling recursively for packages in '/home/ras4/nuc_ws'
[1.267s] Level 1:colcon.colcon_core.package_identification:_identify(.) by extensions ['ignore', 'ignore_ament_install']
[1.268s] Level 1:colcon.colcon_core.package_identification:_identify(.) by extension 'ignore'
[1.268s] Level 1:colcon.colcon_core.package_identification:_identify(.) by extension 'ignore_ament_install'
[1.268s] Level 1:colcon.colcon_core.package_identification:_identify(.) by extensions ['colcon_pkg']
[1.268s] Level 1:colcon.colcon_core.package_identification:_identify(.) by extension 'colcon_pkg'
[1.269s] Level 1:colcon.colcon_core.package_identification:_identify(.) by extensions ['colcon_meta']
[1.269s] Level 1:colcon.colcon_core.package_identification:_identify(.) by extension 'colcon_meta'
[1.269s] Level 1:colcon.colcon_core.package_identification:_identify(.) by extensions ['ros']
[1.269s] Level 1:colcon.colcon_core.package_identification:_identify(.) by extension 'ros'
[1.318s] Level 1:colcon.colcon_core.package_identification:_identify(.) by extensions ['cmake', 'python']
[1.318s] Level 1:colcon.colcon_core.package_identification:_identify(.) by extension 'cmake'
[1.318s] Level 1:colcon.colcon_core.package_identification:_identify(.) by extension 'python'
[1.318s] Level 1:colcon.colcon_core.package_identification:_identify(.) by extensions ['python_setup_py']
[1.318s] Level 1:colcon.colcon_core.package_identification:_identify(.) by extension 'python_setup_py'
[1.319s] Level 1:colcon.colcon_core.package_identification:_identify(build) by extensions ['ignore', 'ignore_ament_install']
[1.319s] Level 1:colcon.colcon_core.package_identification:_identify(build) by extension 'ignore'
[1.319s] Level 1:colcon.colcon_core.package_identification:_identify(build) ignored
[1.321s] Level 1:colcon.colcon_core.package_identification:_identify(install) by extensions ['ignore', 'ignore_ament_install']
[1.321s] Level 1:colcon.colcon_core.package_identification:_identify(install) by extension 'ignore'
[1.321s] Level 1:colcon.colcon_core.package_identification:_identify(install) ignored
[1.322s] Level 1:colcon.colcon_core.package_identification:_identify(log) by extensions ['ignore', 'ignore_ament_install']
[1.322s] Level 1:colcon.colcon_core.package_identification:_identify(log) by extension 'ignore'
[1.322s] Level 1:colcon.colcon_core.package_identification:_identify(log) ignored
[1.323s] Level 1:colcon.colcon_core.package_identification:_identify(src) by extensions ['ignore', 'ignore_ament_install']
[1.323s] Level 1:colcon.colcon_core.package_identification:_identify(src) by extension 'ignore'
[1.323s] Level 1:colcon.colcon_core.package_identification:_identify(src) by extension 'ignore_ament_install'
[1.323s] Level 1:colcon.colcon_core.package_identification:_identify(src) by extensions ['colcon_pkg']
[1.324s] Level 1:colcon.colcon_core.package_identification:_identify(src) by extension 'colcon_pkg'
[1.324s] Level 1:colcon.colcon_core.package_identification:_identify(src) by extensions ['colcon_meta']
[1.324s] Level 1:colcon.colcon_core.package_identification:_identify(src) by extension 'colcon_meta'
[1.324s] Level 1:colcon.colcon_core.package_identification:_identify(src) by extensions ['ros']
[1.324s] Level 1:colcon.colcon_core.package_identification:_identify(src) by extension 'ros'
[1.324s] Level 1:colcon.colcon_core.package_identification:_identify(src) by extensions ['cmake', 'python']
[1.325s] Level 1:colcon.colcon_core.package_identification:_identify(src) by extension 'cmake'
[1.325s] Level 1:colcon.colcon_core.package_identification:_identify(src) by extension 'python'
[1.325s] Level 1:colcon.colcon_core.package_identification:_identify(src) by extensions ['python_setup_py']
[1.325s] Level 1:colcon.colcon_core.package_identification:_identify(src) by extension 'python_setup_py'
[1.325s] Level 1:colcon.colcon_core.package_identification:_identify(src/arm_pkg) by extensions ['ignore', 'ignore_ament_install']
[1.326s] Level 1:colcon.colcon_core.package_identification:_identify(src/arm_pkg) by extension 'ignore'
[1.326s] Level 1:colcon.colcon_core.package_identification:_identify(src/arm_pkg) by extension 'ignore_ament_install'
[1.326s] Level 1:colcon.colcon_core.package_identification:_identify(src/arm_pkg) by extensions ['colcon_pkg']
[1.326s] Level 1:colcon.colcon_core.package_identification:_identify(src/arm_pkg) by extension 'colcon_pkg'
[1.326s] Level 1:colcon.colcon_core.package_identification:_identify(src/arm_pkg) by extensions ['colcon_meta']
[1.327s] Level 1:colcon.colcon_core.package_identification:_identify(src/arm_pkg) by extension 'colcon_meta'
[1.327s] Level 1:colcon.colcon_core.package_identification:_identify(src/arm_pkg) by extensions ['ros']
[1.327s] Level 1:colcon.colcon_core.package_identification:_identify(src/arm_pkg) by extension 'ros'
[1.336s] DEBUG:colcon.colcon_core.package_identification:Package 'src/arm_pkg' with type 'ros.ament_python' and name 'arm_pkg'
[1.337s] Level 1:colcon.colcon_core.package_identification:_identify(src/build) by extensions ['ignore', 'ignore_ament_install']
[1.337s] Level 1:colcon.colcon_core.package_identification:_identify(src/build) by extension 'ignore'
[1.337s] Level 1:colcon.colcon_core.package_identification:_identify(src/build) ignored
[1.338s] Level 1:colcon.colcon_core.package_identification:_identify(src/camera_pkg) by extensions ['ignore', 'ignore_ament_install']
[1.338s] Level 1:colcon.colcon_core.package_identification:_identify(src/camera_pkg) by extension 'ignore'
[1.338s] Level 1:colcon.colcon_core.package_identification:_identify(src/camera_pkg) by extension 'ignore_ament_install'
[1.339s] Level 1:colcon.colcon_core.package_identification:_identify(src/camera_pkg) by extensions ['colcon_pkg']
[1.339s] Level 1:colcon.colcon_core.package_identification:_identify(src/camera_pkg) by extension 'colcon_pkg'
[1.339s] Level 1:colcon.colcon_core.package_identification:_identify(src/camera_pkg) by extensions ['colcon_meta']
[1.339s] Level 1:colcon.colcon_core.package_identification:_identify(src/camera_pkg) by extension 'colcon_meta'
[1.339s] Level 1:colcon.colcon_core.package_identification:_identify(src/camera_pkg) by extensions ['ros']
[1.339s] Level 1:colcon.colcon_core.package_identification:_identify(src/camera_pkg) by extension 'ros'
[1.345s] DEBUG:colcon.colcon_core.package_identification:Package 'src/camera_pkg' with type 'ros.ament_python' and name 'camera_pkg'
[1.346s] Level 1:colcon.colcon_core.package_identification:_identify(src/install) by extensions ['ignore', 'ignore_ament_install']
[1.346s] Level 1:colcon.colcon_core.package_identification:_identify(src/install) by extension 'ignore'
[1.347s] Level 1:colcon.colcon_core.package_identification:_identify(src/install) ignored
[1.347s] Level 1:colcon.colcon_core.package_identification:_identify(src/libuvc) by extensions ['ignore', 'ignore_ament_install']
[1.347s] Level 1:colcon.colcon_core.package_identification:_identify(src/libuvc) by extension 'ignore'
[1.347s] Level 1:colcon.colcon_core.package_identification:_identify(src/libuvc) by extension 'ignore_ament_install'
[1.348s] Level 1:colcon.colcon_core.package_identification:_identify(src/libuvc) by extensions ['colcon_pkg']
[1.348s] Level 1:colcon.colcon_core.package_identification:_identify(src/libuvc) by extension 'colcon_pkg'
[1.348s] Level 1:colcon.colcon_core.package_identification:_identify(src/libuvc) by extensions ['colcon_meta']
[1.348s] Level 1:colcon.colcon_core.package_identification:_identify(src/libuvc) by extension 'colcon_meta'
[1.348s] Level 1:colcon.colcon_core.package_identification:_identify(src/libuvc) by extensions ['ros']
[1.348s] Level 1:colcon.colcon_core.package_identification:_identify(src/libuvc) by extension 'ros'
[1.349s] Level 1:colcon.colcon_core.package_identification:_identify(src/libuvc) by extensions ['cmake', 'python']
[1.349s] Level 1:colcon.colcon_core.package_identification:_identify(src/libuvc) by extension 'cmake'
[1.349s] Level 1:colcon.colcon_core.package_identification:_identify(src/libuvc) by extension 'python'
[1.349s] Level 1:colcon.colcon_core.package_identification:_identify(src/libuvc) by extensions ['python_setup_py']
[1.349s] Level 1:colcon.colcon_core.package_identification:_identify(src/libuvc) by extension 'python_setup_py'
[1.350s] Level 1:colcon.colcon_core.package_identification:_identify(src/log) by extensions ['ignore', 'ignore_ament_install']
[1.350s] Level 1:colcon.colcon_core.package_identification:_identify(src/log) by extension 'ignore'
[1.350s] Level 1:colcon.colcon_core.package_identification:_identify(src/log) ignored
[1.351s] Level 1:colcon.colcon_core.package_identification:_identify(src/odometry_pkg) by extensions ['ignore', 'ignore_ament_install']
[1.351s] Level 1:colcon.colcon_core.package_identification:_identify(src/odometry_pkg) by extension 'ignore'
[1.351s] Level 1:colcon.colcon_core.package_identification:_identify(src/odometry_pkg) by extension 'ignore_ament_install'
[1.351s] Level 1:colcon.colcon_core.package_identification:_identify(src/odometry_pkg) by extensions ['colcon_pkg']
[1.351s] Level 1:colcon.colcon_core.package_identification:_identify(src/odometry_pkg) by extension 'colcon_pkg'
[1.352s] Level 1:colcon.colcon_core.package_identification:_identify(src/odometry_pkg) by extensions ['colcon_meta']
[1.352s] Level 1:colcon.colcon_core.package_identification:_identify(src/odometry_pkg) by extension 'colcon_meta'
[1.352s] Level 1:colcon.colcon_core.package_identification:_identify(src/odometry_pkg) by extensions ['ros']
[1.352s] Level 1:colcon.colcon_core.package_identification:_identify(src/odometry_pkg) by extension 'ros'
[1.356s] DEBUG:colcon.colcon_core.package_identification:Package 'src/odometry_pkg' with type 'ros.ament_python' and name 'odometry_pkg'
[1.357s] Level 1:colcon.colcon_core.package_identification:_identify(src/sllidar_ros2) by extensions ['ignore', 'ignore_ament_install']
[1.357s] Level 1:colcon.colcon_core.package_identification:_identify(src/sllidar_ros2) by extension 'ignore'
[1.357s] Level 1:colcon.colcon_core.package_identification:_identify(src/sllidar_ros2) by extension 'ignore_ament_install'
[1.357s] Level 1:colcon.colcon_core.package_identification:_identify(src/sllidar_ros2) by extensions ['colcon_pkg']
[1.357s] Level 1:colcon.colcon_core.package_identification:_identify(src/sllidar_ros2) by extension 'colcon_pkg'
[1.358s] Level 1:colcon.colcon_core.package_identification:_identify(src/sllidar_ros2) by extensions ['colcon_meta']
[1.358s] Level 1:colcon.colcon_core.package_identification:_identify(src/sllidar_ros2) by extension 'colcon_meta'
[1.358s] Level 1:colcon.colcon_core.package_identification:_identify(src/sllidar_ros2) by extensions ['ros']
[1.358s] Level 1:colcon.colcon_core.package_identification:_identify(src/sllidar_ros2) by extension 'ros'
[1.361s] DEBUG:colcon.colcon_core.package_identification:Package 'src/sllidar_ros2' with type 'ros.ament_cmake' and name 'sllidar_ros2'
[1.361s] Level 1:colcon.colcon_core.package_identification:_identify(src/xbox_control_pkg) by extensions ['ignore', 'ignore_ament_install']
[1.362s] Level 1:colcon.colcon_core.package_identification:_identify(src/xbox_control_pkg) by extension 'ignore'
[1.362s] Level 1:colcon.colcon_core.package_identification:_identify(src/xbox_control_pkg) by extension 'ignore_ament_install'
[1.362s] Level 1:colcon.colcon_core.package_identification:_identify(src/xbox_control_pkg) by extensions ['colcon_pkg']
[1.362s] Level 1:colcon.colcon_core.package_identification:_identify(src/xbox_control_pkg) by extension 'colcon_pkg'
[1.362s] Level 1:colcon.colcon_core.package_identification:_identify(src/xbox_control_pkg) by extensions ['colcon_meta']
[1.363s] Level 1:colcon.colcon_core.package_identification:_identify(src/xbox_control_pkg) by extension 'colcon_meta'
[1.363s] Level 1:colcon.colcon_core.package_identification:_identify(src/xbox_control_pkg) by extensions ['ros']
[1.363s] Level 1:colcon.colcon_core.package_identification:_identify(src/xbox_control_pkg) by extension 'ros'
[1.366s] DEBUG:colcon.colcon_core.package_identification:Package 'src/xbox_control_pkg' with type 'ros.ament_python' and name 'xbox_control_pkg'
[1.366s] Level 1:colcon.colcon_core.package_discovery:discover_packages(recursive) using defaults
[1.366s] Level 1:colcon.colcon_core.package_discovery:discover_packages(ignore) discover
[1.366s] Level 1:colcon.colcon_core.package_discovery:discover_packages(ignore) using defaults
[1.367s] Level 1:colcon.colcon_core.package_discovery:discover_packages(path) discover
[1.367s] Level 1:colcon.colcon_core.package_discovery:discover_packages(path) using defaults
[1.451s] Level 1:colcon.colcon_core.package_discovery:discover_packages(prefix_path) check parameters
[1.451s] Level 1:colcon.colcon_core.package_discovery:discover_packages(prefix_path) discover
[1.461s] DEBUG:colcon.colcon_installed_package_information.package_discovery:Found 5 installed packages in /home/ras4/nuc_ws/install
[1.470s] DEBUG:colcon.colcon_installed_package_information.package_discovery:Found 276 installed packages in /opt/ros/humble
[1.519s] Level 1:colcon.colcon_core.package_discovery:discover_packages(prefix_path) using defaults
[1.776s] Level 5:colcon.colcon_core.verb:set package 'arm_pkg' build argument 'cmake_args' from command line to 'None'
[1.776s] Level 5:colcon.colcon_core.verb:set package 'arm_pkg' build argument 'cmake_target' from command line to 'None'
[1.776s] Level 5:colcon.colcon_core.verb:set package 'arm_pkg' build argument 'cmake_target_skip_unavailable' from command line to 'False'
[1.776s] Level 5:colcon.colcon_core.verb:set package 'arm_pkg' build argument 'cmake_clean_cache' from command line to 'False'
[1.777s] Level 5:colcon.colcon_core.verb:set package 'arm_pkg' build argument 'cmake_clean_first' from command line to 'False'
[1.777s] Level 5:colcon.colcon_core.verb:set package 'arm_pkg' build argument 'cmake_force_configure' from command line to 'False'
[1.777s] Level 5:colcon.colcon_core.verb:set package 'arm_pkg' build argument 'ament_cmake_args' from command line to 'None'
[1.777s] Level 5:colcon.colcon_core.verb:set package 'arm_pkg' build argument 'catkin_cmake_args' from command line to 'None'
[1.777s] Level 5:colcon.colcon_core.verb:set package 'arm_pkg' build argument 'catkin_skip_building_tests' from command line to 'False'
[1.777s] DEBUG:colcon.colcon_core.verb:Building package 'arm_pkg' with the following arguments: {'ament_cmake_args': None, 'build_base': '/home/ras4/nuc_ws/build/arm_pkg', 'catkin_cmake_args': None, 'catkin_skip_building_tests': False, 'cmake_args': None, 'cmake_clean_cache': False, 'cmake_clean_first': False, 'cmake_force_configure': False, 'cmake_target': None, 'cmake_target_skip_unavailable': False, 'install_base': '/home/ras4/nuc_ws/install/arm_pkg', 'merge_install': False, 'path': '/home/ras4/nuc_ws/src/arm_pkg', 'symlink_install': False, 'test_result_base': None}
[1.779s] Level 5:colcon.colcon_core.verb:set package 'camera_pkg' build argument 'cmake_args' from command line to 'None'
[1.779s] Level 5:colcon.colcon_core.verb:set package 'camera_pkg' build argument 'cmake_target' from command line to 'None'
[1.779s] Level 5:colcon.colcon_core.verb:set package 'camera_pkg' build argument 'cmake_target_skip_unavailable' from command line to 'False'
[1.779s] Level 5:colcon.colcon_core.verb:set package 'camera_pkg' build argument 'cmake_clean_cache' from command line to 'False'
[1.779s] Level 5:colcon.colcon_core.verb:set package 'camera_pkg' build argument 'cmake_clean_first' from command line to 'False'
[1.779s] Level 5:colcon.colcon_core.verb:set package 'camera_pkg' build argument 'cmake_force_configure' from command line to 'False'
[1.779s] Level 5:colcon.colcon_core.verb:set package 'camera_pkg' build argument 'ament_cmake_args' from command line to 'None'
[1.780s] Level 5:colcon.colcon_core.verb:set package 'camera_pkg' build argument 'catkin_cmake_args' from command line to 'None'
[1.780s] Level 5:colcon.colcon_core.verb:set package 'camera_pkg' build argument 'catkin_skip_building_tests' from command line to 'False'
[1.780s] DEBUG:colcon.colcon_core.verb:Building package 'camera_pkg' with the following arguments: {'ament_cmake_args': None, 'build_base': '/home/ras4/nuc_ws/build/camera_pkg', 'catkin_cmake_args': None, 'catkin_skip_building_tests': False, 'cmake_args': None, 'cmake_clean_cache': False, 'cmake_clean_first': False, 'cmake_force_configure': False, 'cmake_target': None, 'cmake_target_skip_unavailable': False, 'install_base': '/home/ras4/nuc_ws/install/camera_pkg', 'merge_install': False, 'path': '/home/ras4/nuc_ws/src/camera_pkg', 'symlink_install': False, 'test_result_base': None}
[1.781s] Level 5:colcon.colcon_core.verb:set package 'odometry_pkg' build argument 'cmake_args' from command line to 'None'
[1.781s] Level 5:colcon.colcon_core.verb:set package 'odometry_pkg' build argument 'cmake_target' from command line to 'None'
[1.782s] Level 5:colcon.colcon_core.verb:set package 'odometry_pkg' build argument 'cmake_target_skip_unavailable' from command line to 'False'
[1.782s] Level 5:colcon.colcon_core.verb:set package 'odometry_pkg' build argument 'cmake_clean_cache' from command line to 'False'
[1.782s] Level 5:colcon.colcon_core.verb:set package 'odometry_pkg' build argument 'cmake_clean_first' from command line to 'False'
[1.782s] Level 5:colcon.colcon_core.verb:set package 'odometry_pkg' build argument 'cmake_force_configure' from command line to 'False'
[1.782s] Level 5:colcon.colcon_core.verb:set package 'odometry_pkg' build argument 'ament_cmake_args' from command line to 'None'
[1.782s] Level 5:colcon.colcon_core.verb:set package 'odometry_pkg' build argument 'catkin_cmake_args' from command line to 'None'
[1.782s] Level 5:colcon.colcon_core.verb:set package 'odometry_pkg' build argument 'catkin_skip_building_tests' from command line to 'False'
[1.782s] DEBUG:colcon.colcon_core.verb:Building package 'odometry_pkg' with the following arguments: {'ament_cmake_args': None, 'build_base': '/home/ras4/nuc_ws/build/odometry_pkg', 'catkin_cmake_args': None, 'catkin_skip_building_tests': False, 'cmake_args': None, 'cmake_clean_cache': False, 'cmake_clean_first': False, 'cmake_force_configure': False, 'cmake_target': None, 'cmake_target_skip_unavailable': False, 'install_base': '/home/ras4/nuc_ws/install/odometry_pkg', 'merge_install': False, 'path': '/home/ras4/nuc_ws/src/odometry_pkg', 'symlink_install': False, 'test_result_base': None}
[1.784s] Level 5:colcon.colcon_core.verb:set package 'sllidar_ros2' build argument 'cmake_args' from command line to 'None'
[1.784s] Level 5:colcon.colcon_core.verb:set package 'sllidar_ros2' build argument 'cmake_target' from command line to 'None'
[1.784s] Level 5:colcon.colcon_core.verb:set package 'sllidar_ros2' build argument 'cmake_target_skip_unavailable' from command line to 'False'
[1.784s] Level 5:colcon.colcon_core.verb:set package 'sllidar_ros2' build argument 'cmake_clean_cache' from command line to 'False'
[1.784s] Level 5:colcon.colcon_core.verb:set package 'sllidar_ros2' build argument 'cmake_clean_first' from command line to 'False'
[1.784s] Level 5:colcon.colcon_core.verb:set package 'sllidar_ros2' build argument 'cmake_force_configure' from command line to 'False'
[1.784s] Level 5:colcon.colcon_core.verb:set package 'sllidar_ros2' build argument 'ament_cmake_args' from command line to 'None'
[1.785s] Level 5:colcon.colcon_core.verb:set package 'sllidar_ros2' build argument 'catkin_cmake_args' from command line to 'None'
[1.785s] Level 5:colcon.colcon_core.verb:set package 'sllidar_ros2' build argument 'catkin_skip_building_tests' from command line to 'False'
[1.785s] DEBUG:colcon.colcon_core.verb:Building package 'sllidar_ros2' with the following arguments: {'ament_cmake_args': None, 'build_base': '/home/ras4/nuc_ws/build/sllidar_ros2', 'catkin_cmake_args': None, 'catkin_skip_building_tests': False, 'cmake_args': None, 'cmake_clean_cache': False, 'cmake_clean_first': False, 'cmake_force_configure': False, 'cmake_target': None, 'cmake_target_skip_unavailable': False, 'install_base': '/home/ras4/nuc_ws/install/sllidar_ros2', 'merge_install': False, 'path': '/home/ras4/nuc_ws/src/sllidar_ros2', 'symlink_install': False, 'test_result_base': None}
[1.786s] Level 5:colcon.colcon_core.verb:set package 'xbox_control_pkg' build argument 'cmake_args' from command line to 'None'
[1.786s] Level 5:colcon.colcon_core.verb:set package 'xbox_control_pkg' build argument 'cmake_target' from command line to 'None'
[1.786s] Level 5:colcon.colcon_core.verb:set package 'xbox_control_pkg' build argument 'cmake_target_skip_unavailable' from command line to 'False'
[1.786s] Level 5:colcon.colcon_core.verb:set package 'xbox_control_pkg' build argument 'cmake_clean_cache' from command line to 'False'
[1.787s] Level 5:colcon.colcon_core.verb:set package 'xbox_control_pkg' build argument 'cmake_clean_first' from command line to 'False'
[1.787s] Level 5:colcon.colcon_core.verb:set package 'xbox_control_pkg' build argument 'cmake_force_configure' from command line to 'False'
[1.787s] Level 5:colcon.colcon_core.verb:set package 'xbox_control_pkg' build argument 'ament_cmake_args' from command line to 'None'
[1.787s] Level 5:colcon.colcon_core.verb:set package 'xbox_control_pkg' build argument 'catkin_cmake_args' from command line to 'None'
[1.787s] Level 5:colcon.colcon_core.verb:set package 'xbox_control_pkg' build argument 'catkin_skip_building_tests' from command line to 'False'
[1.787s] DEBUG:colcon.colcon_core.verb:Building package 'xbox_control_pkg' with the following arguments: {'ament_cmake_args': None, 'build_base': '/home/ras4/nuc_ws/build/xbox_control_pkg', 'catkin_cmake_args': None, 'catkin_skip_building_tests': False, 'cmake_args': None, 'cmake_clean_cache': False, 'cmake_clean_first': False, 'cmake_force_configure': False, 'cmake_target': None, 'cmake_target_skip_unavailable': False, 'install_base': '/home/ras4/nuc_ws/install/xbox_control_pkg', 'merge_install': False, 'path': '/home/ras4/nuc_ws/src/xbox_control_pkg', 'symlink_install': False, 'test_result_base': None}
[1.788s] INFO:colcon.colcon_core.executor:Executing jobs using 'parallel' executor
[1.791s] DEBUG:colcon.colcon_parallel_executor.executor.parallel:run_until_complete
[1.792s] INFO:colcon.colcon_ros.task.ament_python.build:Building ROS package in '/home/ras4/nuc_ws/src/arm_pkg' with build type 'ament_python'
[1.793s] Level 1:colcon.colcon_core.shell:create_environment_hook('arm_pkg', 'ament_prefix_path')
[1.804s] INFO:colcon.colcon_core.plugin_system:Skipping extension 'colcon_core.shell.bat': Not used on non-Windows systems
[1.805s] INFO:colcon.colcon_core.shell:Creating environment hook '/home/ras4/nuc_ws/install/arm_pkg/share/arm_pkg/hook/ament_prefix_path.ps1'
[1.809s] INFO:colcon.colcon_core.shell:Creating environment descriptor '/home/ras4/nuc_ws/install/arm_pkg/share/arm_pkg/hook/ament_prefix_path.dsv'
[1.813s] INFO:colcon.colcon_core.shell:Creating environment hook '/home/ras4/nuc_ws/install/arm_pkg/share/arm_pkg/hook/ament_prefix_path.sh'
[1.816s] INFO:colcon.colcon_core.shell:Skip shell extension 'powershell' for command environment: Not usable outside of PowerShell
[1.817s] DEBUG:colcon.colcon_core.shell:Skip shell extension 'dsv' for command environment
[1.839s] INFO:colcon.colcon_ros.task.ament_python.build:Building ROS package in '/home/ras4/nuc_ws/src/camera_pkg' with build type 'ament_python'
[1.839s] Level 1:colcon.colcon_core.shell:create_environment_hook('camera_pkg', 'ament_prefix_path')
[1.841s] INFO:colcon.colcon_core.shell:Creating environment hook '/home/ras4/nuc_ws/install/camera_pkg/share/camera_pkg/hook/ament_prefix_path.ps1'
[1.844s] INFO:colcon.colcon_core.shell:Creating environment descriptor '/home/ras4/nuc_ws/install/camera_pkg/share/camera_pkg/hook/ament_prefix_path.dsv'
[1.847s] INFO:colcon.colcon_core.shell:Creating environment hook '/home/ras4/nuc_ws/install/camera_pkg/share/camera_pkg/hook/ament_prefix_path.sh'
[1.851s] INFO:colcon.colcon_core.shell:Skip shell extension 'powershell' for command environment: Not usable outside of PowerShell
[1.851s] DEBUG:colcon.colcon_core.shell:Skip shell extension 'dsv' for command environment
[1.874s] INFO:colcon.colcon_ros.task.ament_python.build:Building ROS package in '/home/ras4/nuc_ws/src/odometry_pkg' with build type 'ament_python'
[1.875s] Level 1:colcon.colcon_core.shell:create_environment_hook('odometry_pkg', 'ament_prefix_path')
[1.877s] INFO:colcon.colcon_core.shell:Creating environment hook '/home/ras4/nuc_ws/install/odometry_pkg/share/odometry_pkg/hook/ament_prefix_path.ps1'
[1.880s] INFO:colcon.colcon_core.shell:Creating environment descriptor '/home/ras4/nuc_ws/install/odometry_pkg/share/odometry_pkg/hook/ament_prefix_path.dsv'
[1.883s] INFO:colcon.colcon_core.shell:Creating environment hook '/home/ras4/nuc_ws/install/odometry_pkg/share/odometry_pkg/hook/ament_prefix_path.sh'
[1.886s] INFO:colcon.colcon_core.shell:Skip shell extension 'powershell' for command environment: Not usable outside of PowerShell
[1.887s] DEBUG:colcon.colcon_core.shell:Skip shell extension 'dsv' for command environment
[1.909s] INFO:colcon.colcon_ros.task.ament_cmake.build:Building ROS package in '/home/ras4/nuc_ws/src/sllidar_ros2' with build type 'ament_cmake'
[1.910s] INFO:colcon.colcon_cmake.task.cmake.build:Building CMake package in '/home/ras4/nuc_ws/src/sllidar_ros2'
[1.912s] INFO:colcon.colcon_core.shell:Skip shell extension 'powershell' for command environment: Not usable outside of PowerShell
[1.912s] DEBUG:colcon.colcon_core.shell:Skip shell extension 'dsv' for command environment
[3.189s] INFO:colcon.colcon_core.task.python.build:Building Python package in '/home/ras4/nuc_ws/src/arm_pkg'
[3.190s] INFO:colcon.colcon_core.shell:Skip shell extension 'powershell' for command environment: Not usable outside of PowerShell
[3.190s] DEBUG:colcon.colcon_core.shell:Skip shell extension 'dsv' for command environment
[4.459s] INFO:colcon.colcon_core.task.python.build:Building Python package in '/home/ras4/nuc_ws/src/camera_pkg'
[4.461s] INFO:colcon.colcon_core.shell:Skip shell extension 'powershell' for command environment: Not usable outside of PowerShell
[4.461s] DEBUG:colcon.colcon_core.shell:Skip shell extension 'dsv' for command environment
[5.718s] INFO:colcon.colcon_core.task.python.build:Building Python package in '/home/ras4/nuc_ws/src/odometry_pkg'
[5.720s] INFO:colcon.colcon_core.shell:Skip shell extension 'powershell' for command environment: Not usable outside of PowerShell
[5.721s] DEBUG:colcon.colcon_core.shell:Skip shell extension 'dsv' for command environment
[5.777s] DEBUG:colcon.colcon_core.event_handler.log_command:Invoking command in '/home/ras4/nuc_ws/build/sllidar_ros2': CMAKE_PREFIX_PATH=${CMAKE_PREFIX_PATH}:/home/ras4/nuc_ws/install/xbox_control_pkg:/home/ras4/nuc_ws/install/odometry_pkg:/home/ras4/nuc_ws/install/camera_pkg:/home/ras4/nuc_ws/install/arm_pkg:/opt/ros/humble /usr/bin/cmake --build /home/ras4/nuc_ws/build/sllidar_ros2 -- -j4 -l4
[6.370s] DEBUG:colcon.colcon_core.event_handler.log_command:Invoked command in '/home/ras4/nuc_ws/build/sllidar_ros2' returned '0': CMAKE_PREFIX_PATH=${CMAKE_PREFIX_PATH}:/home/ras4/nuc_ws/install/xbox_control_pkg:/home/ras4/nuc_ws/install/odometry_pkg:/home/ras4/nuc_ws/install/camera_pkg:/home/ras4/nuc_ws/install/arm_pkg:/opt/ros/humble /usr/bin/cmake --build /home/ras4/nuc_ws/build/sllidar_ros2 -- -j4 -l4
[6.419s] DEBUG:colcon.colcon_core.event_handler.log_command:Invoking command in '/home/ras4/nuc_ws/build/sllidar_ros2': CMAKE_PREFIX_PATH=${CMAKE_PREFIX_PATH}:/home/ras4/nuc_ws/install/xbox_control_pkg:/home/ras4/nuc_ws/install/odometry_pkg:/home/ras4/nuc_ws/install/camera_pkg:/home/ras4/nuc_ws/install/arm_pkg:/opt/ros/humble /usr/bin/cmake --install /home/ras4/nuc_ws/build/sllidar_ros2
[6.545s] Level 1:colcon.colcon_core.environment:create_environment_scripts_only(sllidar_ros2)
[6.559s] Level 1:colcon.colcon_core.environment:checking '/home/ras4/nuc_ws/install/sllidar_ros2' for CMake module files
[6.562s] DEBUG:colcon.colcon_core.event_handler.log_command:Invoked command in '/home/ras4/nuc_ws/build/sllidar_ros2' returned '0': CMAKE_PREFIX_PATH=${CMAKE_PREFIX_PATH}:/home/ras4/nuc_ws/install/xbox_control_pkg:/home/ras4/nuc_ws/install/odometry_pkg:/home/ras4/nuc_ws/install/camera_pkg:/home/ras4/nuc_ws/install/arm_pkg:/opt/ros/humble /usr/bin/cmake --install /home/ras4/nuc_ws/build/sllidar_ros2
[6.565s] Level 1:colcon.colcon_core.environment:checking '/home/ras4/nuc_ws/install/sllidar_ros2' for CMake config files
[6.570s] Level 1:colcon.colcon_core.shell:create_environment_hook('sllidar_ros2', 'cmake_prefix_path')
[6.572s] INFO:colcon.colcon_core.shell:Creating environment hook '/home/ras4/nuc_ws/install/sllidar_ros2/share/sllidar_ros2/hook/cmake_prefix_path.ps1'
[6.575s] INFO:colcon.colcon_core.shell:Creating environment descriptor '/home/ras4/nuc_ws/install/sllidar_ros2/share/sllidar_ros2/hook/cmake_prefix_path.dsv'
[6.579s] INFO:colcon.colcon_core.shell:Creating environment hook '/home/ras4/nuc_ws/install/sllidar_ros2/share/sllidar_ros2/hook/cmake_prefix_path.sh'
[6.583s] Level 1:colcon.colcon_core.environment:checking '/home/ras4/nuc_ws/install/sllidar_ros2/lib'
[6.584s] Level 1:colcon.colcon_core.environment:checking '/home/ras4/nuc_ws/install/sllidar_ros2/bin'
[6.585s] Level 1:colcon.colcon_core.environment:checking '/home/ras4/nuc_ws/install/sllidar_ros2/lib/pkgconfig/sllidar_ros2.pc'
[6.587s] Level 1:colcon.colcon_core.environment:checking '/home/ras4/nuc_ws/install/sllidar_ros2/lib/python3.10/site-packages'
[6.589s] Level 1:colcon.colcon_core.environment:checking '/home/ras4/nuc_ws/install/sllidar_ros2/bin'
[6.590s] INFO:colcon.colcon_core.shell:Creating package script '/home/ras4/nuc_ws/install/sllidar_ros2/share/sllidar_ros2/package.ps1'
[6.597s] INFO:colcon.colcon_core.shell:Creating package descriptor '/home/ras4/nuc_ws/install/sllidar_ros2/share/sllidar_ros2/package.dsv'
[6.600s] INFO:colcon.colcon_core.shell:Creating package script '/home/ras4/nuc_ws/install/sllidar_ros2/share/sllidar_ros2/package.sh'
[6.604s] INFO:colcon.colcon_core.shell:Creating package script '/home/ras4/nuc_ws/install/sllidar_ros2/share/sllidar_ros2/package.bash'
[6.609s] INFO:colcon.colcon_core.shell:Creating package script '/home/ras4/nuc_ws/install/sllidar_ros2/share/sllidar_ros2/package.zsh'
[6.612s] Level 1:colcon.colcon_core.environment:create_file_with_runtime_dependencies(/home/ras4/nuc_ws/install/sllidar_ros2/share/colcon-core/packages/sllidar_ros2)
[6.616s] Level 1:colcon.colcon_core.environment:create_environment_scripts_only(sllidar_ros2)
[6.617s] Level 1:colcon.colcon_core.environment:checking '/home/ras4/nuc_ws/install/sllidar_ros2' for CMake module files
[6.621s] Level 1:colcon.colcon_core.environment:checking '/home/ras4/nuc_ws/install/sllidar_ros2' for CMake config files
[6.624s] Level 1:colcon.colcon_core.shell:create_environment_hook('sllidar_ros2', 'cmake_prefix_path')
[6.626s] INFO:colcon.colcon_core.shell:Creating environment hook '/home/ras4/nuc_ws/install/sllidar_ros2/share/sllidar_ros2/hook/cmake_prefix_path.ps1'
[6.629s] INFO:colcon.colcon_core.shell:Creating environment descriptor '/home/ras4/nuc_ws/install/sllidar_ros2/share/sllidar_ros2/hook/cmake_prefix_path.dsv'
[6.632s] INFO:colcon.colcon_core.shell:Creating environment hook '/home/ras4/nuc_ws/install/sllidar_ros2/share/sllidar_ros2/hook/cmake_prefix_path.sh'
[6.636s] Level 1:colcon.colcon_core.environment:checking '/home/ras4/nuc_ws/install/sllidar_ros2/lib'
[6.636s] Level 1:colcon.colcon_core.environment:checking '/home/ras4/nuc_ws/install/sllidar_ros2/bin'
[6.637s] Level 1:colcon.colcon_core.environment:checking '/home/ras4/nuc_ws/install/sllidar_ros2/lib/pkgconfig/sllidar_ros2.pc'
[6.638s] Level 1:colcon.colcon_core.environment:checking '/home/ras4/nuc_ws/install/sllidar_ros2/lib/python3.10/site-packages'
[6.640s] Level 1:colcon.colcon_core.environment:checking '/home/ras4/nuc_ws/install/sllidar_ros2/bin'
[6.641s] INFO:colcon.colcon_core.shell:Creating package script '/home/ras4/nuc_ws/install/sllidar_ros2/share/sllidar_ros2/package.ps1'
[6.644s] INFO:colcon.colcon_core.shell:Creating package descriptor '/home/ras4/nuc_ws/install/sllidar_ros2/share/sllidar_ros2/package.dsv'
[6.647s] INFO:colcon.colcon_core.shell:Creating package script '/home/ras4/nuc_ws/install/sllidar_ros2/share/sllidar_ros2/package.sh'
[6.650s] INFO:colcon.colcon_core.shell:Creating package script '/home/ras4/nuc_ws/install/sllidar_ros2/share/sllidar_ros2/package.bash'
[6.653s] INFO:colcon.colcon_core.shell:Creating package script '/home/ras4/nuc_ws/install/sllidar_ros2/share/sllidar_ros2/package.zsh'
[6.657s] Level 1:colcon.colcon_core.environment:create_file_with_runtime_dependencies(/home/ras4/nuc_ws/install/sllidar_ros2/share/colcon-core/packages/sllidar_ros2)
[6.663s] INFO:colcon.colcon_ros.task.ament_python.build:Building ROS package in '/home/ras4/nuc_ws/src/xbox_control_pkg' with build type 'ament_python'
[6.664s] Level 1:colcon.colcon_core.shell:create_environment_hook('xbox_control_pkg', 'ament_prefix_path')
[6.666s] INFO:colcon.colcon_core.shell:Creating environment hook '/home/ras4/nuc_ws/install/xbox_control_pkg/share/xbox_control_pkg/hook/ament_prefix_path.ps1'
[6.668s] INFO:colcon.colcon_core.shell:Creating environment descriptor '/home/ras4/nuc_ws/install/xbox_control_pkg/share/xbox_control_pkg/hook/ament_prefix_path.dsv'
[6.673s] INFO:colcon.colcon_core.shell:Creating environment hook '/home/ras4/nuc_ws/install/xbox_control_pkg/share/xbox_control_pkg/hook/ament_prefix_path.sh'
[6.678s] INFO:colcon.colcon_core.shell:Skip shell extension 'powershell' for command environment: Not usable outside of PowerShell
[6.678s] DEBUG:colcon.colcon_core.shell:Skip shell extension 'dsv' for command environment
[8.891s] INFO:colcon.colcon_core.task.python.build:Building Python package in '/home/ras4/nuc_ws/src/xbox_control_pkg'
[8.892s] INFO:colcon.colcon_core.shell:Skip shell extension 'powershell' for command environment: Not usable outside of PowerShell
[8.893s] DEBUG:colcon.colcon_core.shell:Skip shell extension 'dsv' for command environment
[8.940s] DEBUG:colcon.colcon_core.event_handler.log_command:Invoking command in '/home/ras4/nuc_ws/src/arm_pkg': PYTHONPATH=/home/ras4/nuc_ws/build/arm_pkg/prefix_override:/usr/lib/python3/dist-packages/colcon_core/task/python/colcon_distutils_commands:/home/ras4/nuc_ws/install/arm_pkg/lib/python3.10/site-packages:${PYTHONPATH} /usr/bin/python3 -W ignore:setup.py install is deprecated -W ignore:easy_install command is deprecated setup.py egg_info --egg-base ../../build/arm_pkg build --build-base /home/ras4/nuc_ws/build/arm_pkg/build install --record /home/ras4/nuc_ws/build/arm_pkg/install.log --single-version-externally-managed install_data
[8.953s] DEBUG:colcon.colcon_core.event_handler.log_command:Invoking command in '/home/ras4/nuc_ws/src/camera_pkg': PYTHONPATH=/home/ras4/nuc_ws/build/camera_pkg/prefix_override:/usr/lib/python3/dist-packages/colcon_core/task/python/colcon_distutils_commands:/home/ras4/nuc_ws/install/camera_pkg/lib/python3.10/site-packages:${PYTHONPATH} /usr/bin/python3 -W ignore:setup.py install is deprecated -W ignore:easy_install command is deprecated setup.py egg_info --egg-base ../../build/camera_pkg build --build-base /home/ras4/nuc_ws/build/camera_pkg/build install --record /home/ras4/nuc_ws/build/camera_pkg/install.log --single-version-externally-managed install_data
[8.956s] DEBUG:colcon.colcon_core.event_handler.log_command:Invoking command in '/home/ras4/nuc_ws/src/odometry_pkg': PYTHONPATH=/home/ras4/nuc_ws/build/odometry_pkg/prefix_override:/usr/lib/python3/dist-packages/colcon_core/task/python/colcon_distutils_commands:/home/ras4/nuc_ws/install/odometry_pkg/lib/python3.10/site-packages:${PYTHONPATH} /usr/bin/python3 -W ignore:setup.py install is deprecated -W ignore:easy_install command is deprecated setup.py egg_info --egg-base ../../build/odometry_pkg build --build-base /home/ras4/nuc_ws/build/odometry_pkg/build install --record /home/ras4/nuc_ws/build/odometry_pkg/install.log --single-version-externally-managed install_data
[11.333s] Level 1:colcon.colcon_core.environment:checking '/home/ras4/nuc_ws/install/camera_pkg' for CMake module files
[11.336s] Level 1:colcon.colcon_core.environment:checking '/home/ras4/nuc_ws/install/camera_pkg' for CMake config files
[11.348s] DEBUG:colcon.colcon_core.event_handler.log_command:Invoked command in '/home/ras4/nuc_ws/src/camera_pkg' returned '0': PYTHONPATH=/home/ras4/nuc_ws/build/camera_pkg/prefix_override:/usr/lib/python3/dist-packages/colcon_core/task/python/colcon_distutils_commands:/home/ras4/nuc_ws/install/camera_pkg/lib/python3.10/site-packages:${PYTHONPATH} /usr/bin/python3 -W ignore:setup.py install is deprecated -W ignore:easy_install command is deprecated setup.py egg_info --egg-base ../../build/camera_pkg build --build-base /home/ras4/nuc_ws/build/camera_pkg/build install --record /home/ras4/nuc_ws/build/camera_pkg/install.log --single-version-externally-managed install_data
[11.359s] Level 1:colcon.colcon_core.environment:checking '/home/ras4/nuc_ws/install/camera_pkg/lib'
[11.360s] Level 1:colcon.colcon_core.environment:checking '/home/ras4/nuc_ws/install/camera_pkg/bin'
[11.361s] Level 1:colcon.colcon_core.environment:checking '/home/ras4/nuc_ws/install/camera_pkg/lib/pkgconfig/camera_pkg.pc'
[11.362s] Level 1:colcon.colcon_core.environment:checking '/home/ras4/nuc_ws/install/camera_pkg/lib/python3.10/site-packages'
[11.363s] Level 1:colcon.colcon_core.shell:create_environment_hook('camera_pkg', 'pythonpath')
[11.365s] INFO:colcon.colcon_core.shell:Creating environment hook '/home/ras4/nuc_ws/install/camera_pkg/share/camera_pkg/hook/pythonpath.ps1'
[11.369s] INFO:colcon.colcon_core.shell:Creating environment descriptor '/home/ras4/nuc_ws/install/camera_pkg/share/camera_pkg/hook/pythonpath.dsv'
[11.373s] INFO:colcon.colcon_core.shell:Creating environment hook '/home/ras4/nuc_ws/install/camera_pkg/share/camera_pkg/hook/pythonpath.sh'
[11.377s] Level 1:colcon.colcon_core.environment:checking '/home/ras4/nuc_ws/install/camera_pkg/bin'
[11.378s] Level 1:colcon.colcon_core.environment:create_environment_scripts_only(camera_pkg)
[11.379s] INFO:colcon.colcon_core.shell:Creating package script '/home/ras4/nuc_ws/install/camera_pkg/share/camera_pkg/package.ps1'
[11.383s] INFO:colcon.colcon_core.shell:Creating package descriptor '/home/ras4/nuc_ws/install/camera_pkg/share/camera_pkg/package.dsv'
[11.386s] INFO:colcon.colcon_core.shell:Creating package script '/home/ras4/nuc_ws/install/camera_pkg/share/camera_pkg/package.sh'
[11.391s] INFO:colcon.colcon_core.shell:Creating package script '/home/ras4/nuc_ws/install/camera_pkg/share/camera_pkg/package.bash'
[11.394s] INFO:colcon.colcon_core.shell:Creating package script '/home/ras4/nuc_ws/install/camera_pkg/share/camera_pkg/package.zsh'
[11.397s] Level 1:colcon.colcon_core.environment:create_file_with_runtime_dependencies(/home/ras4/nuc_ws/install/camera_pkg/share/colcon-core/packages/camera_pkg)
[11.406s] Level 1:colcon.colcon_core.environment:checking '/home/ras4/nuc_ws/install/arm_pkg' for CMake module files
[11.408s] DEBUG:colcon.colcon_core.event_handler.log_command:Invoked command in '/home/ras4/nuc_ws/src/arm_pkg' returned '0': PYTHONPATH=/home/ras4/nuc_ws/build/arm_pkg/prefix_override:/usr/lib/python3/dist-packages/colcon_core/task/python/colcon_distutils_commands:/home/ras4/nuc_ws/install/arm_pkg/lib/python3.10/site-packages:${PYTHONPATH} /usr/bin/python3 -W ignore:setup.py install is deprecated -W ignore:easy_install command is deprecated setup.py egg_info --egg-base ../../build/arm_pkg build --build-base /home/ras4/nuc_ws/build/arm_pkg/build install --record /home/ras4/nuc_ws/build/arm_pkg/install.log --single-version-externally-managed install_data
[11.411s] Level 1:colcon.colcon_core.environment:checking '/home/ras4/nuc_ws/install/arm_pkg' for CMake config files
[11.417s] Level 1:colcon.colcon_core.environment:checking '/home/ras4/nuc_ws/install/arm_pkg/lib'
[11.421s] Level 1:colcon.colcon_core.environment:checking '/home/ras4/nuc_ws/install/arm_pkg/bin'
[11.421s] Level 1:colcon.colcon_core.environment:checking '/home/ras4/nuc_ws/install/arm_pkg/lib/pkgconfig/arm_pkg.pc'
[11.425s] Level 1:colcon.colcon_core.environment:checking '/home/ras4/nuc_ws/install/arm_pkg/lib/python3.10/site-packages'
[11.426s] Level 1:colcon.colcon_core.shell:create_environment_hook('arm_pkg', 'pythonpath')
[11.428s] INFO:colcon.colcon_core.shell:Creating environment hook '/home/ras4/nuc_ws/install/arm_pkg/share/arm_pkg/hook/pythonpath.ps1'
[11.434s] INFO:colcon.colcon_core.shell:Creating environment descriptor '/home/ras4/nuc_ws/install/arm_pkg/share/arm_pkg/hook/pythonpath.dsv'
[11.442s] INFO:colcon.colcon_core.shell:Creating environment hook '/home/ras4/nuc_ws/install/arm_pkg/share/arm_pkg/hook/pythonpath.sh'
[11.452s] Level 1:colcon.colcon_core.environment:checking '/home/ras4/nuc_ws/install/arm_pkg/bin'
[11.453s] Level 1:colcon.colcon_core.environment:create_environment_scripts_only(arm_pkg)
[11.456s] INFO:colcon.colcon_core.shell:Creating package script '/home/ras4/nuc_ws/install/arm_pkg/share/arm_pkg/package.ps1'
[11.467s] INFO:colcon.colcon_core.shell:Creating package descriptor '/home/ras4/nuc_ws/install/arm_pkg/share/arm_pkg/package.dsv'
[11.475s] INFO:colcon.colcon_core.shell:Creating package script '/home/ras4/nuc_ws/install/arm_pkg/share/arm_pkg/package.sh'
[11.482s] INFO:colcon.colcon_core.shell:Creating package script '/home/ras4/nuc_ws/install/arm_pkg/share/arm_pkg/package.bash'
[11.488s] INFO:colcon.colcon_core.shell:Creating package script '/home/ras4/nuc_ws/install/arm_pkg/share/arm_pkg/package.zsh'
[11.496s] Level 1:colcon.colcon_core.environment:create_file_with_runtime_dependencies(/home/ras4/nuc_ws/install/arm_pkg/share/colcon-core/packages/arm_pkg)
[11.650s] Level 1:colcon.colcon_core.environment:checking '/home/ras4/nuc_ws/install/odometry_pkg' for CMake module files
[11.655s] Level 1:colcon.colcon_core.environment:checking '/home/ras4/nuc_ws/install/odometry_pkg' for CMake config files
[11.662s] DEBUG:colcon.colcon_core.event_handler.log_command:Invoked command in '/home/ras4/nuc_ws/src/odometry_pkg' returned '0': PYTHONPATH=/home/ras4/nuc_ws/build/odometry_pkg/prefix_override:/usr/lib/python3/dist-packages/colcon_core/task/python/colcon_distutils_commands:/home/ras4/nuc_ws/install/odometry_pkg/lib/python3.10/site-packages:${PYTHONPATH} /usr/bin/python3 -W ignore:setup.py install is deprecated -W ignore:easy_install command is deprecated setup.py egg_info --egg-base ../../build/odometry_pkg build --build-base /home/ras4/nuc_ws/build/odometry_pkg/build install --record /home/ras4/nuc_ws/build/odometry_pkg/install.log --single-version-externally-managed install_data
[11.665s] Level 1:colcon.colcon_core.environment:checking '/home/ras4/nuc_ws/install/odometry_pkg/lib'
[11.667s] Level 1:colcon.colcon_core.environment:checking '/home/ras4/nuc_ws/install/odometry_pkg/bin'
[11.667s] Level 1:colcon.colcon_core.environment:checking '/home/ras4/nuc_ws/install/odometry_pkg/lib/pkgconfig/odometry_pkg.pc'
[11.668s] Level 1:colcon.colcon_core.environment:checking '/home/ras4/nuc_ws/install/odometry_pkg/lib/python3.10/site-packages'
[11.669s] Level 1:colcon.colcon_core.shell:create_environment_hook('odometry_pkg', 'pythonpath')
[11.670s] INFO:colcon.colcon_core.shell:Creating environment hook '/home/ras4/nuc_ws/install/odometry_pkg/share/odometry_pkg/hook/pythonpath.ps1'
[11.673s] INFO:colcon.colcon_core.shell:Creating environment descriptor '/home/ras4/nuc_ws/install/odometry_pkg/share/odometry_pkg/hook/pythonpath.dsv'
[11.675s] INFO:colcon.colcon_core.shell:Creating environment hook '/home/ras4/nuc_ws/install/odometry_pkg/share/odometry_pkg/hook/pythonpath.sh'
[11.678s] Level 1:colcon.colcon_core.environment:checking '/home/ras4/nuc_ws/install/odometry_pkg/bin'
[11.678s] Level 1:colcon.colcon_core.environment:create_environment_scripts_only(odometry_pkg)
[11.679s] INFO:colcon.colcon_core.shell:Creating package script '/home/ras4/nuc_ws/install/odometry_pkg/share/odometry_pkg/package.ps1'
[11.682s] INFO:colcon.colcon_core.shell:Creating package descriptor '/home/ras4/nuc_ws/install/odometry_pkg/share/odometry_pkg/package.dsv'
[11.684s] INFO:colcon.colcon_core.shell:Creating package script '/home/ras4/nuc_ws/install/odometry_pkg/share/odometry_pkg/package.sh'
[11.686s] INFO:colcon.colcon_core.shell:Creating package script '/home/ras4/nuc_ws/install/odometry_pkg/share/odometry_pkg/package.bash'
[11.688s] INFO:colcon.colcon_core.shell:Creating package script '/home/ras4/nuc_ws/install/odometry_pkg/share/odometry_pkg/package.zsh'
[11.690s] Level 1:colcon.colcon_core.environment:create_file_with_runtime_dependencies(/home/ras4/nuc_ws/install/odometry_pkg/share/colcon-core/packages/odometry_pkg)
[11.707s] DEBUG:colcon.colcon_core.event_handler.log_command:Invoking command in '/home/ras4/nuc_ws/src/xbox_control_pkg': PYTHONPATH=/home/ras4/nuc_ws/build/xbox_control_pkg/prefix_override:/usr/lib/python3/dist-packages/colcon_core/task/python/colcon_distutils_commands:/home/ras4/nuc_ws/install/xbox_control_pkg/lib/python3.10/site-packages:${PYTHONPATH} /usr/bin/python3 -W ignore:setup.py install is deprecated -W ignore:easy_install command is deprecated setup.py egg_info --egg-base ../../build/xbox_control_pkg build --build-base /home/ras4/nuc_ws/build/xbox_control_pkg/build install --record /home/ras4/nuc_ws/build/xbox_control_pkg/install.log --single-version-externally-managed install_data
[13.115s] Level 1:colcon.colcon_core.environment:checking '/home/ras4/nuc_ws/install/xbox_control_pkg' for CMake module files
[13.117s] DEBUG:colcon.colcon_core.event_handler.log_command:Invoked command in '/home/ras4/nuc_ws/src/xbox_control_pkg' returned '0': PYTHONPATH=/home/ras4/nuc_ws/build/xbox_control_pkg/prefix_override:/usr/lib/python3/dist-packages/colcon_core/task/python/colcon_distutils_commands:/home/ras4/nuc_ws/install/xbox_control_pkg/lib/python3.10/site-packages:${PYTHONPATH} /usr/bin/python3 -W ignore:setup.py install is deprecated -W ignore:easy_install command is deprecated setup.py egg_info --egg-base ../../build/xbox_control_pkg build --build-base /home/ras4/nuc_ws/build/xbox_control_pkg/build install --record /home/ras4/nuc_ws/build/xbox_control_pkg/install.log --single-version-externally-managed install_data
[13.118s] Level 1:colcon.colcon_core.environment:checking '/home/ras4/nuc_ws/install/xbox_control_pkg' for CMake config files
[13.122s] Level 1:colcon.colcon_core.environment:checking '/home/ras4/nuc_ws/install/xbox_control_pkg/lib'
[13.122s] Level 1:colcon.colcon_core.environment:checking '/home/ras4/nuc_ws/install/xbox_control_pkg/bin'
[13.122s] Level 1:colcon.colcon_core.environment:checking '/home/ras4/nuc_ws/install/xbox_control_pkg/lib/pkgconfig/xbox_control_pkg.pc'
[13.123s] Level 1:colcon.colcon_core.environment:checking '/home/ras4/nuc_ws/install/xbox_control_pkg/lib/python3.10/site-packages'
[13.123s] Level 1:colcon.colcon_core.shell:create_environment_hook('xbox_control_pkg', 'pythonpath')
[13.124s] INFO:colcon.colcon_core.shell:Creating environment hook '/home/ras4/nuc_ws/install/xbox_control_pkg/share/xbox_control_pkg/hook/pythonpath.ps1'
[13.126s] INFO:colcon.colcon_core.shell:Creating environment descriptor '/home/ras4/nuc_ws/install/xbox_control_pkg/share/xbox_control_pkg/hook/pythonpath.dsv'
[13.129s] INFO:colcon.colcon_core.shell:Creating environment hook '/home/ras4/nuc_ws/install/xbox_control_pkg/share/xbox_control_pkg/hook/pythonpath.sh'
[13.132s] Level 1:colcon.colcon_core.environment:checking '/home/ras4/nuc_ws/install/xbox_control_pkg/bin'
[13.133s] Level 1:colcon.colcon_core.environment:create_environment_scripts_only(xbox_control_pkg)
[13.134s] INFO:colcon.colcon_core.shell:Creating package script '/home/ras4/nuc_ws/install/xbox_control_pkg/share/xbox_control_pkg/package.ps1'
[13.137s] INFO:colcon.colcon_core.shell:Creating package descriptor '/home/ras4/nuc_ws/install/xbox_control_pkg/share/xbox_control_pkg/package.dsv'
[13.142s] INFO:colcon.colcon_core.shell:Creating package script '/home/ras4/nuc_ws/install/xbox_control_pkg/share/xbox_control_pkg/package.sh'
[13.144s] INFO:colcon.colcon_core.shell:Creating package script '/home/ras4/nuc_ws/install/xbox_control_pkg/share/xbox_control_pkg/package.bash'
[13.147s] INFO:colcon.colcon_core.shell:Creating package script '/home/ras4/nuc_ws/install/xbox_control_pkg/share/xbox_control_pkg/package.zsh'
[13.150s] Level 1:colcon.colcon_core.environment:create_file_with_runtime_dependencies(/home/ras4/nuc_ws/install/xbox_control_pkg/share/colcon-core/packages/xbox_control_pkg)
[13.151s] DEBUG:colcon.colcon_parallel_executor.executor.parallel:closing loop
[13.152s] DEBUG:colcon.colcon_parallel_executor.executor.parallel:loop closed
[13.153s] DEBUG:colcon.colcon_parallel_executor.executor.parallel:run_until_complete finished with '0'
[13.153s] DEBUG:colcon.colcon_core.event_reactor:joining thread
[13.186s] INFO:colcon.colcon_core.plugin_system:Skipping extension 'colcon_notification.desktop_notification.terminal_notifier': Not used on non-Darwin systems
[13.186s] INFO:colcon.colcon_core.plugin_system:Skipping extension 'colcon_notification.desktop_notification.win32': Not used on non-Windows systems
[13.186s] INFO:colcon.colcon_notification.desktop_notification:Sending desktop notification using 'notify2'
[13.240s] DEBUG:colcon.colcon_core.event_reactor:joined thread
[13.241s] INFO:colcon.colcon_core.shell:Creating prefix script '/home/ras4/nuc_ws/install/local_setup.ps1'
[13.246s] INFO:colcon.colcon_core.shell:Creating prefix util module '/home/ras4/nuc_ws/install/_local_setup_util_ps1.py'
[13.255s] INFO:colcon.colcon_core.shell:Creating prefix chain script '/home/ras4/nuc_ws/install/setup.ps1'
[13.261s] INFO:colcon.colcon_core.shell:Creating prefix script '/home/ras4/nuc_ws/install/local_setup.sh'
[13.265s] INFO:colcon.colcon_core.shell:Creating prefix util module '/home/ras4/nuc_ws/install/_local_setup_util_sh.py'
[13.269s] INFO:colcon.colcon_core.shell:Creating prefix chain script '/home/ras4/nuc_ws/install/setup.sh'
[13.276s] INFO:colcon.colcon_core.shell:Creating prefix script '/home/ras4/nuc_ws/install/local_setup.bash'
[13.278s] INFO:colcon.colcon_core.shell:Creating prefix chain script '/home/ras4/nuc_ws/install/setup.bash'
[13.286s] INFO:colcon.colcon_core.shell:Creating prefix script '/home/ras4/nuc_ws/install/local_setup.zsh'
[13.289s] INFO:colcon.colcon_core.shell:Creating prefix chain script '/home/ras4/nuc_ws/install/setup.zsh'
