[10.738s] Invoking command in '/home/ras4/nuc_ws/build/sllidar_ros2': CMAKE_PREFIX_PATH=${CMAKE_PREFIX_PATH}:/home/ras4/nuc_ws/install/xbox_control_pkg:/home/ras4/nuc_ws/install/odometry_pkg:/home/ras4/nuc_ws/install/camera_pkg:/home/ras4/nuc_ws/install/arm_pkg:/opt/ros/humble /usr/bin/cmake --build /home/ras4/nuc_ws/build/sllidar_ros2 -- -j4 -l4
[11.825s] [ 90%] Built target sllidar_node
[11.894s] [100%] Built target sllidar_client
[12.029s] Invoked command in '/home/ras4/nuc_ws/build/sllidar_ros2' returned '0': CMAKE_PREFIX_PATH=${CMAKE_PREFIX_PATH}:/home/ras4/nuc_ws/install/xbox_control_pkg:/home/ras4/nuc_ws/install/odometry_pkg:/home/ras4/nuc_ws/install/camera_pkg:/home/ras4/nuc_ws/install/arm_pkg:/opt/ros/humble /usr/bin/cmake --build /home/ras4/nuc_ws/build/sllidar_ros2 -- -j4 -l4
[12.191s] Invoking command in '/home/ras4/nuc_ws/build/sllidar_ros2': CMAKE_PREFIX_PATH=${CMAKE_PREFIX_PATH}:/home/ras4/nuc_ws/install/xbox_control_pkg:/home/ras4/nuc_ws/install/odometry_pkg:/home/ras4/nuc_ws/install/camera_pkg:/home/ras4/nuc_ws/install/arm_pkg:/opt/ros/humble /usr/bin/cmake --install /home/ras4/nuc_ws/build/sllidar_ros2
[12.299s] -- Install configuration: ""
[12.302s] -- Up-to-date: /home/ras4/nuc_ws/install/sllidar_ros2/share/sllidar_ros2/launch
[12.306s] -- Up-to-date: /home/ras4/nuc_ws/install/sllidar_ros2/share/sllidar_ros2/launch/view_sllidar_c1_launch.py
[12.309s] -- Up-to-date: /home/ras4/nuc_ws/install/sllidar_ros2/share/sllidar_ros2/launch/sllidar_s3_launch.py
[12.312s] -- Up-to-date: /home/ras4/nuc_ws/install/sllidar_ros2/share/sllidar_ros2/launch/sllidar_a2m8_launch.py
[12.314s] -- Up-to-date: /home/ras4/nuc_ws/install/sllidar_ros2/share/sllidar_ros2/launch/view_sllidar_s1_tcp_launch.py
[12.319s] -- Up-to-date: /home/ras4/nuc_ws/install/sllidar_ros2/share/sllidar_ros2/launch/sllidar_s1_tcp_launch.py
[12.322s] -- Up-to-date: /home/ras4/nuc_ws/install/sllidar_ros2/share/sllidar_ros2/launch/sllidar_c1_launch.py
[12.324s] -- Up-to-date: /home/ras4/nuc_ws/install/sllidar_ros2/share/sllidar_ros2/launch/sllidar_s1_launch.py
[12.330s] -- Up-to-date: /home/ras4/nuc_ws/install/sllidar_ros2/share/sllidar_ros2/launch/sllidar_s2_launch.py
[12.331s] -- Up-to-date: /home/ras4/nuc_ws/install/sllidar_ros2/share/sllidar_ros2/launch/view_sllidar_a2m8_launch.py
[12.332s] -- Up-to-date: /home/ras4/nuc_ws/install/sllidar_ros2/share/sllidar_ros2/launch/view_sllidar_a3_launch.py
[12.333s] -- Up-to-date: /home/ras4/nuc_ws/install/sllidar_ros2/share/sllidar_ros2/launch/view_sllidar_s2_launch.py
[12.346s] -- Up-to-date: /home/ras4/nuc_ws/install/sllidar_ros2/share/sllidar_ros2/launch/view_sllidar_a2m12_launch.py
[12.347s] -- Up-to-date: /home/ras4/nuc_ws/install/sllidar_ros2/share/sllidar_ros2/launch/view_sllidar_s1_launch.py
[12.348s] -- Up-to-date: /home/ras4/nuc_ws/install/sllidar_ros2/share/sllidar_ros2/launch/sllidar_s2e_launch.py
[12.349s] -- Up-to-date: /home/ras4/nuc_ws/install/sllidar_ros2/share/sllidar_ros2/launch/sllidar_a2m12_launch .py
[12.350s] -- Up-to-date: /home/ras4/nuc_ws/install/sllidar_ros2/share/sllidar_ros2/launch/sllidar_t1_launch.py
[12.351s] -- Up-to-date: /home/ras4/nuc_ws/install/sllidar_ros2/share/sllidar_ros2/launch/view_sllidar_a2m7_launch.py
[12.352s] -- Up-to-date: /home/ras4/nuc_ws/install/sllidar_ros2/share/sllidar_ros2/launch/view_sllidar_t1_launch.py
[12.353s] -- Up-to-date: /home/ras4/nuc_ws/install/sllidar_ros2/share/sllidar_ros2/launch/sllidar_a2m7_launch.py
[12.355s] -- Up-to-date: /home/ras4/nuc_ws/install/sllidar_ros2/share/sllidar_ros2/launch/view_sllidar_s3_launch.py
[12.356s] -- Up-to-date: /home/ras4/nuc_ws/install/sllidar_ros2/share/sllidar_ros2/launch/view_sllidar_s2e_launch.py
[12.370s] -- Up-to-date: /home/ras4/nuc_ws/install/sllidar_ros2/share/sllidar_ros2/launch/sllidar_a3_launch.py
[12.372s] -- Up-to-date: /home/ras4/nuc_ws/install/sllidar_ros2/share/sllidar_ros2/launch/sllidar_a1_launch.py
[12.374s] -- Up-to-date: /home/ras4/nuc_ws/install/sllidar_ros2/share/sllidar_ros2/launch/view_sllidar_a1_launch.py
[12.375s] -- Up-to-date: /home/ras4/nuc_ws/install/sllidar_ros2/share/sllidar_ros2/rviz
[12.376s] -- Up-to-date: /home/ras4/nuc_ws/install/sllidar_ros2/share/sllidar_ros2/rviz/sllidar_ros2.rviz
[12.377s] -- Up-to-date: /home/ras4/nuc_ws/install/sllidar_ros2/lib/sllidar_ros2/sllidar_node
[12.379s] -- Up-to-date: /home/ras4/nuc_ws/install/sllidar_ros2/lib/sllidar_ros2/sllidar_client
[12.390s] -- Up-to-date: /home/ras4/nuc_ws/install/sllidar_ros2/share/ament_index/resource_index/package_run_dependencies/sllidar_ros2
[12.391s] -- Up-to-date: /home/ras4/nuc_ws/install/sllidar_ros2/share/ament_index/resource_index/parent_prefix_path/sllidar_ros2
[12.392s] -- Up-to-date: /home/ras4/nuc_ws/install/sllidar_ros2/share/sllidar_ros2/environment/ament_prefix_path.sh
[12.393s] -- Up-to-date: /home/ras4/nuc_ws/install/sllidar_ros2/share/sllidar_ros2/environment/ament_prefix_path.dsv
[12.394s] -- Up-to-date: /home/ras4/nuc_ws/install/sllidar_ros2/share/sllidar_ros2/environment/path.sh
[12.408s] -- Up-to-date: /home/ras4/nuc_ws/install/sllidar_ros2/share/sllidar_ros2/environment/path.dsv
[12.409s] -- Up-to-date: /home/ras4/nuc_ws/install/sllidar_ros2/share/sllidar_ros2/local_setup.bash
[12.410s] -- Up-to-date: /home/ras4/nuc_ws/install/sllidar_ros2/share/sllidar_ros2/local_setup.sh
[12.412s] -- Up-to-date: /home/ras4/nuc_ws/install/sllidar_ros2/share/sllidar_ros2/local_setup.zsh
[12.413s] -- Up-to-date: /home/ras4/nuc_ws/install/sllidar_ros2/share/sllidar_ros2/local_setup.dsv
[12.414s] -- Installing: /home/ras4/nuc_ws/install/sllidar_ros2/share/sllidar_ros2/package.dsv
[12.417s] -- Up-to-date: /home/ras4/nuc_ws/install/sllidar_ros2/share/ament_index/resource_index/packages/sllidar_ros2
[12.428s] -- Up-to-date: /home/ras4/nuc_ws/install/sllidar_ros2/share/sllidar_ros2/cmake/ament_cmake_export_dependencies-extras.cmake
[12.429s] -- Up-to-date: /home/ras4/nuc_ws/install/sllidar_ros2/share/sllidar_ros2/cmake/ament_cmake_export_include_directories-extras.cmake
[12.430s] -- Up-to-date: /home/ras4/nuc_ws/install/sllidar_ros2/share/sllidar_ros2/cmake/sllidar_ros2Config.cmake
[12.432s] -- Up-to-date: /home/ras4/nuc_ws/install/sllidar_ros2/share/sllidar_ros2/cmake/sllidar_ros2Config-version.cmake
[12.433s] -- Up-to-date: /home/ras4/nuc_ws/install/sllidar_ros2/share/sllidar_ros2/package.xml
[12.459s] Invoked command in '/home/ras4/nuc_ws/build/sllidar_ros2' returned '0': CMAKE_PREFIX_PATH=${CMAKE_PREFIX_PATH}:/home/ras4/nuc_ws/install/xbox_control_pkg:/home/ras4/nuc_ws/install/odometry_pkg:/home/ras4/nuc_ws/install/camera_pkg:/home/ras4/nuc_ws/install/arm_pkg:/opt/ros/humble /usr/bin/cmake --install /home/ras4/nuc_ws/build/sllidar_ros2
