[0.052s] Invoking command in '/home/ras4/nuc_ws/build/astra_camera': CMAKE_PREFIX_PATH=${CMAKE_PREFIX_PATH}:/home/ras4/nuc_ws/install/xbox_control_pkg:/home/ras4/nuc_ws/install/odometry_pkg:/home/ras4/nuc_ws/install/camera_pkg:/home/ras4/nuc_ws/install/arm_pkg:/home/ras4/nuc_ws/src/install/xbox_control_pkg:/home/ras4/nuc_ws/src/install/odometry_pkg:/home/ras4/nuc_ws/src/install/camera_pkg:/home/ras4/nuc_ws/src/install/arm_pkg:/opt/ros/humble /usr/bin/cmake /home/ras4/nuc_ws/src/ros2_astra_camera/astra_camera -DCMAKE_INSTALL_PREFIX=/home/ras4/nuc_ws/install/astra_camera
[0.343s] -- The C compiler identification is GNU 11.4.0
[0.601s] -- The CXX compiler identification is GNU 11.4.0
[0.634s] -- Detecting C compiler ABI info
[0.969s] -- Detecting C compiler ABI info - done
[0.994s] -- Check for working C compiler: /usr/bin/cc - skipped
[0.995s] -- Detecting C compile features
[0.996s] -- Detecting C compile features - done
[1.007s] -- Detecting CXX compiler ABI info
[1.374s] -- Detecting CXX compiler ABI info - done
[1.401s] -- Check for working CXX compiler: /usr/bin/c++ - skipped
[1.402s] -- Detecting CXX compile features
[1.404s] -- Detecting CXX compile features - done
[1.437s] -- Found ament_cmake: 1.3.11 (/opt/ros/humble/share/ament_cmake/cmake)
[2.253s] -- Found Python3: /usr/bin/python3 (found version "3.10.12") found components: Interpreter 
[2.925s] -- Found ament_index_cpp: 1.4.0 (/opt/ros/humble/share/ament_index_cpp/cmake)
[2.933s] -- Found astra_camera_msgs: 1.0.1 (/home/ras4/nuc_ws/src/install/astra_camera_msgs/share/astra_camera_msgs/cmake)
[3.305s] -- Found rosidl_generator_c: 3.1.6 (/opt/ros/humble/share/rosidl_generator_c/cmake)
[3.360s] -- Found rosidl_adapter: 3.1.6 (/opt/ros/humble/share/rosidl_adapter/cmake)
[3.428s] -- Found rosidl_generator_cpp: 3.1.6 (/opt/ros/humble/share/rosidl_generator_cpp/cmake)
[3.514s] -- Using all available rosidl_typesupport_c: rosidl_typesupport_fastrtps_c;rosidl_typesupport_introspection_c
[3.634s] -- Using all available rosidl_typesupport_cpp: rosidl_typesupport_fastrtps_cpp;rosidl_typesupport_introspection_cpp
[4.046s] -- Found camera_info_manager: 3.1.11 (/opt/ros/humble/share/camera_info_manager/cmake)
[4.458s] -- Found rmw_implementation_cmake: 6.1.2 (/opt/ros/humble/share/rmw_implementation_cmake/cmake)
[4.493s] -- Found rmw_fastrtps_cpp: 6.2.7 (/opt/ros/humble/share/rmw_fastrtps_cpp/cmake)
[5.201s] -- Found OpenSSL: /usr/lib/aarch64-linux-gnu/libcrypto.so (found version "3.0.2")  
[5.470s] -- Found FastRTPS: /opt/ros/humble/include  
[5.895s] -- Using RMW implementation 'rmw_fastrtps_cpp' as default
[5.994s] -- Looking for pthread.h
[6.396s] -- Looking for pthread.h - found
[6.398s] -- Performing Test CMAKE_HAVE_LIBC_PTHREAD
[6.767s] -- Performing Test CMAKE_HAVE_LIBC_PTHREAD - Success
[6.776s] -- Found Threads: TRUE  
[7.127s] -- Found class_loader: 2.2.0 (/opt/ros/humble/share/class_loader/cmake)
[7.262s] -- Found cv_bridge: 3.2.1 (/opt/ros/humble/share/cv_bridge/cmake)
[7.357s] -- Found message_filters: 4.3.7 (/opt/ros/humble/share/message_filters/cmake)
[7.508s] -- Found image_geometry: 3.2.1 (/opt/ros/humble/share/image_geometry/cmake)
[7.543s] -- Found image_publisher: 3.0.8 (/opt/ros/humble/share/image_publisher/cmake)
[7.983s] -- Found OpenCV: /usr (found version "4.5.4") 
[8.011s] -- Found std_srvs: 4.8.0 (/opt/ros/humble/share/std_srvs/cmake)
[8.093s] -- Found tf2: 0.25.12 (/opt/ros/humble/share/tf2/cmake)
[8.136s] -- Found tf2_eigen: 0.25.12 (/opt/ros/humble/share/tf2_eigen/cmake)
[8.625s] -- Found tf2_sensor_msgs: 0.25.12 (/opt/ros/humble/share/tf2_sensor_msgs/cmake)
[8.683s] -- Found PkgConfig: /usr/bin/pkg-config (found version "0.29.2") 
[8.685s] -- Checking for one of the modules 'libuvc'
[8.941s] -- Checking for one of the modules 'libglog'
[9.290s] -- ORRBEC Machine : aarch64
[9.290s] 
[9.291s] -- ORRBEC Machine Bits : 64
[9.291s] 
[9.292s] -- ORRBEC : arm64
[9.548s] -- Found ament_lint_auto: 0.12.12 (/opt/ros/humble/share/ament_lint_auto/cmake)
[9.891s] -- Configuring done
[10.529s] -- Generating done
[10.602s] -- Build files have been written to: /home/ras4/nuc_ws/build/astra_camera
[10.653s] Invoked command in '/home/ras4/nuc_ws/build/astra_camera' returned '0': CMAKE_PREFIX_PATH=${CMAKE_PREFIX_PATH}:/home/ras4/nuc_ws/install/xbox_control_pkg:/home/ras4/nuc_ws/install/odometry_pkg:/home/ras4/nuc_ws/install/camera_pkg:/home/ras4/nuc_ws/install/arm_pkg:/home/ras4/nuc_ws/src/install/xbox_control_pkg:/home/ras4/nuc_ws/src/install/odometry_pkg:/home/ras4/nuc_ws/src/install/camera_pkg:/home/ras4/nuc_ws/src/install/arm_pkg:/opt/ros/humble /usr/bin/cmake /home/ras4/nuc_ws/src/ros2_astra_camera/astra_camera -DCMAKE_INSTALL_PREFIX=/home/ras4/nuc_ws/install/astra_camera
[10.664s] Invoking command in '/home/ras4/nuc_ws/build/astra_camera': CMAKE_PREFIX_PATH=${CMAKE_PREFIX_PATH}:/home/ras4/nuc_ws/install/xbox_control_pkg:/home/ras4/nuc_ws/install/odometry_pkg:/home/ras4/nuc_ws/install/camera_pkg:/home/ras4/nuc_ws/install/arm_pkg:/home/ras4/nuc_ws/src/install/xbox_control_pkg:/home/ras4/nuc_ws/src/install/odometry_pkg:/home/ras4/nuc_ws/src/install/camera_pkg:/home/ras4/nuc_ws/src/install/arm_pkg:/opt/ros/humble /usr/bin/cmake --build /home/ras4/nuc_ws/build/astra_camera -- -j4 -l4
[10.906s] [ 10%] [32mBuilding CXX object CMakeFiles/astra_camera.dir/src/point_cloud_proc/point_cloud_xyzrgb.cpp.o[0m
[10.908s] [ 10%] [32mBuilding CXX object CMakeFiles/astra_camera.dir/src/point_cloud_proc/point_cloud_xyz.cpp.o[0m
[10.924s] [ 15%] [32mBuilding CXX object CMakeFiles/astra_camera.dir/src/ob_context.cpp.o[0m
[10.929s] [ 21%] [32mBuilding CXX object CMakeFiles/astra_camera.dir/src/dynamic_params.cpp.o[0m
[43.080s] [ 26%] [32mBuilding CXX object CMakeFiles/astra_camera.dir/src/ob_camera_info.cpp.o[0m
[52.601s] [ 31%] [32mBuilding CXX object CMakeFiles/astra_camera.dir/src/ob_timer_filter.cpp.o[0m
[256.162s] [ 36%] [32mBuilding CXX object CMakeFiles/astra_camera.dir/src/ros_param_backend.cpp.o[0m
[256.222s] [ 42%] [32mBuilding CXX object CMakeFiles/astra_camera.dir/src/ob_camera_node.cpp.o[0m
[257.278s] [ 47%] [32mBuilding CXX object CMakeFiles/astra_camera.dir/src/ob_camera_node_factory.cpp.o[0m
