[7.293s] Invoking command in '/home/ras4/nuc_ws/src/odometry_pkg': PYTHONPATH=/home/ras4/nuc_ws/build/odometry_pkg/prefix_override:/usr/lib/python3/dist-packages/colcon_core/task/python/colcon_distutils_commands:/home/ras4/nuc_ws/install/odometry_pkg/lib/python3.10/site-packages:${PYTHONPATH} /usr/bin/python3 -W ignore:setup.py install is deprecated -W ignore:easy_install command is deprecated setup.py egg_info --egg-base ../../build/odometry_pkg build --build-base /home/ras4/nuc_ws/build/odometry_pkg/build install --record /home/ras4/nuc_ws/build/odometry_pkg/install.log --single-version-externally-managed install_data
[9.065s] running egg_info
[9.069s] writing ../../build/odometry_pkg/odometry_pkg.egg-info/PKG-INFO
[9.072s] writing dependency_links to ../../build/odometry_pkg/odometry_pkg.egg-info/dependency_links.txt
[9.073s] writing entry points to ../../build/odometry_pkg/odometry_pkg.egg-info/entry_points.txt
[9.075s] writing requirements to ../../build/odometry_pkg/odometry_pkg.egg-info/requires.txt
[9.077s] writing top-level names to ../../build/odometry_pkg/odometry_pkg.egg-info/top_level.txt
[9.090s] reading manifest file '../../build/odometry_pkg/odometry_pkg.egg-info/SOURCES.txt'
[9.096s] writing manifest file '../../build/odometry_pkg/odometry_pkg.egg-info/SOURCES.txt'
[9.099s] running build
[9.102s] running build_py
[9.111s] running install
[9.113s] running install_lib
[9.135s] running install_data
[9.138s] running install_egg_info
[9.146s] removing '/home/ras4/nuc_ws/install/odometry_pkg/lib/python3.10/site-packages/odometry_pkg-0.0.0-py3.10.egg-info' (and everything under it)
[9.150s] Copying ../../build/odometry_pkg/odometry_pkg.egg-info to /home/ras4/nuc_ws/install/odometry_pkg/lib/python3.10/site-packages/odometry_pkg-0.0.0-py3.10.egg-info
[9.161s] running install_scripts
[9.315s] Installing imu_vesc_listener script to /home/ras4/nuc_ws/install/odometry_pkg/lib/odometry_pkg
[9.319s] Installing odometry_node script to /home/ras4/nuc_ws/install/odometry_pkg/lib/odometry_pkg
[9.321s] Installing rpm_test_publisher script to /home/ras4/nuc_ws/install/odometry_pkg/lib/odometry_pkg
[9.325s] Installing rpmtrue_publisher script to /home/ras4/nuc_ws/install/odometry_pkg/lib/odometry_pkg
[9.338s] writing list of installed files to '/home/ras4/nuc_ws/build/odometry_pkg/install.log'
[9.578s] Invoked command in '/home/ras4/nuc_ws/src/odometry_pkg' returned '0': PYTHONPATH=/home/ras4/nuc_ws/build/odometry_pkg/prefix_override:/usr/lib/python3/dist-packages/colcon_core/task/python/colcon_distutils_commands:/home/ras4/nuc_ws/install/odometry_pkg/lib/python3.10/site-packages:${PYTHONPATH} /usr/bin/python3 -W ignore:setup.py install is deprecated -W ignore:easy_install command is deprecated setup.py egg_info --egg-base ../../build/odometry_pkg build --build-base /home/ras4/nuc_ws/build/odometry_pkg/build install --record /home/ras4/nuc_ws/build/odometry_pkg/install.log --single-version-externally-managed install_data
