[0.044s] Invoking command in '/home/robotec/ros2_ws/build/astra_camera_msgs': CMAKE_PREFIX_PATH=${CMAKE_PREFIX_PATH}:/home/robotec/ros2_ws/install/odometry:/home/robotec/ros2_ws/install/camera_pkg:/opt/ros/humble /usr/bin/cmake --build /home/robotec/ros2_ws/build/astra_camera_msgs -- -j4 -l4
[0.575s] [  1%] Built target astra_camera_msgs__cpp
[0.575s] [  1%] Built target ament_cmake_python_symlink_astra_camera_msgs
[0.576s] [ 12%] Built target astra_camera_msgs__rosidl_typesupport_fastrtps_cpp
[0.576s] [ 24%] Built target astra_camera_msgs__rosidl_typesupport_introspection_cpp
[0.755s] running egg_info
[0.756s] writing astra_camera_msgs.egg-info/PKG-INFO
[0.756s] writing dependency_links to astra_camera_msgs.egg-info/dependency_links.txt
[0.757s] writing top-level names to astra_camera_msgs.egg-info/top_level.txt
[0.764s] reading manifest file 'astra_camera_msgs.egg-info/SOURCES.txt'
[0.765s] writing manifest file 'astra_camera_msgs.egg-info/SOURCES.txt'
[0.816s] [ 24%] Built target ament_cmake_python_build_astra_camera_msgs_egg
[0.864s] [ 35%] Built target astra_camera_msgs__rosidl_typesupport_cpp
[0.895s] [ 47%] Built target astra_camera_msgs__rosidl_generator_c
[0.930s] [ 58%] Built target astra_camera_msgs__rosidl_typesupport_fastrtps_c
[0.967s] [ 70%] Built target astra_camera_msgs__rosidl_typesupport_c
[0.999s] [ 82%] Built target astra_camera_msgs__rosidl_typesupport_introspection_c
[1.027s] [ 82%] Built target astra_camera_msgs
[1.072s] [ 83%] Built target astra_camera_msgs__py
[1.114s] [ 93%] Built target astra_camera_msgs__rosidl_generator_py
[1.179s] [ 95%] Built target astra_camera_msgs__rosidl_typesupport_fastrtps_c__pyext
[1.243s] [ 97%] Built target astra_camera_msgs__rosidl_typesupport_c__pyext
[1.340s] [100%] Built target astra_camera_msgs__rosidl_typesupport_introspection_c__pyext
[1.373s] Invoked command in '/home/robotec/ros2_ws/build/astra_camera_msgs' returned '0': CMAKE_PREFIX_PATH=${CMAKE_PREFIX_PATH}:/home/robotec/ros2_ws/install/odometry:/home/robotec/ros2_ws/install/camera_pkg:/opt/ros/humble /usr/bin/cmake --build /home/robotec/ros2_ws/build/astra_camera_msgs -- -j4 -l4
[1.377s] Invoking command in '/home/robotec/ros2_ws/build/astra_camera_msgs': CMAKE_PREFIX_PATH=${CMAKE_PREFIX_PATH}:/home/robotec/ros2_ws/install/odometry:/home/robotec/ros2_ws/install/camera_pkg:/opt/ros/humble /usr/bin/cmake --install /home/robotec/ros2_ws/build/astra_camera_msgs
[1.394s] -- Install configuration: ""
[1.399s] -- Execute custom install script
[1.400s] -- Up-to-date symlink: /home/robotec/ros2_ws/install/astra_camera_msgs/share/ament_index/resource_index/rosidl_interfaces/astra_camera_msgs
[1.400s] -- Up-to-date symlink: /home/robotec/ros2_ws/install/astra_camera_msgs/include/astra_camera_msgs/astra_camera_msgs/msg/detail/device_info__functions.h
[1.400s] -- Up-to-date symlink: /home/robotec/ros2_ws/install/astra_camera_msgs/include/astra_camera_msgs/astra_camera_msgs/msg/detail/device_info__struct.h
[1.400s] -- Up-to-date symlink: /home/robotec/ros2_ws/install/astra_camera_msgs/include/astra_camera_msgs/astra_camera_msgs/msg/detail/device_info__type_support.h
[1.400s] -- Up-to-date symlink: /home/robotec/ros2_ws/install/astra_camera_msgs/include/astra_camera_msgs/astra_camera_msgs/msg/detail/extrinsics__functions.h
[1.401s] -- Up-to-date symlink: /home/robotec/ros2_ws/install/astra_camera_msgs/include/astra_camera_msgs/astra_camera_msgs/msg/detail/extrinsics__struct.h
[1.401s] -- Up-to-date symlink: /home/robotec/ros2_ws/install/astra_camera_msgs/include/astra_camera_msgs/astra_camera_msgs/msg/detail/extrinsics__type_support.h
[1.401s] -- Up-to-date symlink: /home/robotec/ros2_ws/install/astra_camera_msgs/include/astra_camera_msgs/astra_camera_msgs/msg/detail/metadata__functions.h
[1.401s] -- Up-to-date symlink: /home/robotec/ros2_ws/install/astra_camera_msgs/include/astra_camera_msgs/astra_camera_msgs/msg/detail/metadata__struct.h
[1.402s] -- Up-to-date symlink: /home/robotec/ros2_ws/install/astra_camera_msgs/include/astra_camera_msgs/astra_camera_msgs/msg/detail/metadata__type_support.h
[1.402s] -- Up-to-date symlink: /home/robotec/ros2_ws/install/astra_camera_msgs/include/astra_camera_msgs/astra_camera_msgs/msg/device_info.h
[1.402s] -- Up-to-date symlink: /home/robotec/ros2_ws/install/astra_camera_msgs/include/astra_camera_msgs/astra_camera_msgs/msg/extrinsics.h
[1.402s] -- Up-to-date symlink: /home/robotec/ros2_ws/install/astra_camera_msgs/include/astra_camera_msgs/astra_camera_msgs/msg/metadata.h
[1.402s] -- Up-to-date symlink: /home/robotec/ros2_ws/install/astra_camera_msgs/include/astra_camera_msgs/astra_camera_msgs/msg/rosidl_generator_c__visibility_control.h
[1.403s] -- Up-to-date symlink: /home/robotec/ros2_ws/install/astra_camera_msgs/include/astra_camera_msgs/astra_camera_msgs/srv/detail/get_camera_info__functions.h
[1.403s] -- Up-to-date symlink: /home/robotec/ros2_ws/install/astra_camera_msgs/include/astra_camera_msgs/astra_camera_msgs/srv/detail/get_camera_info__struct.h
[1.403s] -- Up-to-date symlink: /home/robotec/ros2_ws/install/astra_camera_msgs/include/astra_camera_msgs/astra_camera_msgs/srv/detail/get_camera_info__type_support.h
[1.403s] -- Up-to-date symlink: /home/robotec/ros2_ws/install/astra_camera_msgs/include/astra_camera_msgs/astra_camera_msgs/srv/detail/get_camera_params__functions.h
[1.404s] -- Up-to-date symlink: /home/robotec/ros2_ws/install/astra_camera_msgs/include/astra_camera_msgs/astra_camera_msgs/srv/detail/get_camera_params__struct.h
[1.404s] -- Up-to-date symlink: /home/robotec/ros2_ws/install/astra_camera_msgs/include/astra_camera_msgs/astra_camera_msgs/srv/detail/get_camera_params__type_support.h
[1.404s] -- Up-to-date symlink: /home/robotec/ros2_ws/install/astra_camera_msgs/include/astra_camera_msgs/astra_camera_msgs/srv/detail/get_device_info__functions.h
[1.405s] -- Up-to-date symlink: /home/robotec/ros2_ws/install/astra_camera_msgs/include/astra_camera_msgs/astra_camera_msgs/srv/detail/get_device_info__struct.h
[1.405s] -- Up-to-date symlink: /home/robotec/ros2_ws/install/astra_camera_msgs/include/astra_camera_msgs/astra_camera_msgs/srv/detail/get_device_info__type_support.h
[1.405s] -- Up-to-date symlink: /home/robotec/ros2_ws/install/astra_camera_msgs/include/astra_camera_msgs/astra_camera_msgs/srv/detail/get_int32__functions.h
[1.405s] -- Up-to-date symlink: /home/robotec/ros2_ws/install/astra_camera_msgs/include/astra_camera_msgs/astra_camera_msgs/srv/detail/get_int32__struct.h
[1.405s] -- Up-to-date symlink: /home/robotec/ros2_ws/install/astra_camera_msgs/include/astra_camera_msgs/astra_camera_msgs/srv/detail/get_int32__type_support.h
[1.405s] -- Up-to-date symlink: /home/robotec/ros2_ws/install/astra_camera_msgs/include/astra_camera_msgs/astra_camera_msgs/srv/detail/get_string__functions.h
[1.406s] -- Up-to-date symlink: /home/robotec/ros2_ws/install/astra_camera_msgs/include/astra_camera_msgs/astra_camera_msgs/srv/detail/get_string__struct.h
[1.406s] -- Up-to-date symlink: /home/robotec/ros2_ws/install/astra_camera_msgs/include/astra_camera_msgs/astra_camera_msgs/srv/detail/get_string__type_support.h
[1.406s] -- Up-to-date symlink: /home/robotec/ros2_ws/install/astra_camera_msgs/include/astra_camera_msgs/astra_camera_msgs/srv/detail/set_int32__functions.h
[1.406s] -- Up-to-date symlink: /home/robotec/ros2_ws/install/astra_camera_msgs/include/astra_camera_msgs/astra_camera_msgs/srv/detail/set_int32__struct.h
[1.406s] -- Up-to-date symlink: /home/robotec/ros2_ws/install/astra_camera_msgs/include/astra_camera_msgs/astra_camera_msgs/srv/detail/set_int32__type_support.h
[1.406s] -- Up-to-date symlink: /home/robotec/ros2_ws/install/astra_camera_msgs/include/astra_camera_msgs/astra_camera_msgs/srv/get_camera_info.h
[1.406s] -- Up-to-date symlink: /home/robotec/ros2_ws/install/astra_camera_msgs/include/astra_camera_msgs/astra_camera_msgs/srv/get_camera_params.h
[1.407s] -- Up-to-date symlink: /home/robotec/ros2_ws/install/astra_camera_msgs/include/astra_camera_msgs/astra_camera_msgs/srv/get_device_info.h
[1.407s] -- Up-to-date symlink: /home/robotec/ros2_ws/install/astra_camera_msgs/include/astra_camera_msgs/astra_camera_msgs/srv/get_int32.h
[1.407s] -- Up-to-date symlink: /home/robotec/ros2_ws/install/astra_camera_msgs/include/astra_camera_msgs/astra_camera_msgs/srv/get_string.h
[1.407s] -- Up-to-date symlink: /home/robotec/ros2_ws/install/astra_camera_msgs/include/astra_camera_msgs/astra_camera_msgs/srv/set_int32.h
[1.408s] -- Up-to-date symlink: /home/robotec/ros2_ws/install/astra_camera_msgs/share/astra_camera_msgs/environment/library_path.sh
[1.408s] -- Up-to-date symlink: /home/robotec/ros2_ws/install/astra_camera_msgs/share/astra_camera_msgs/environment/library_path.dsv
[1.408s] -- Up-to-date symlink: /home/robotec/ros2_ws/install/astra_camera_msgs/include/astra_camera_msgs/astra_camera_msgs/msg/detail/device_info__rosidl_typesupport_fastrtps_c.h
[1.408s] -- Up-to-date symlink: /home/robotec/ros2_ws/install/astra_camera_msgs/include/astra_camera_msgs/astra_camera_msgs/msg/detail/extrinsics__rosidl_typesupport_fastrtps_c.h
[1.410s] -- Up-to-date symlink: /home/robotec/ros2_ws/install/astra_camera_msgs/include/astra_camera_msgs/astra_camera_msgs/msg/detail/metadata__rosidl_typesupport_fastrtps_c.h
[1.410s] -- Up-to-date symlink: /home/robotec/ros2_ws/install/astra_camera_msgs/include/astra_camera_msgs/astra_camera_msgs/msg/rosidl_typesupport_fastrtps_c__visibility_control.h
[1.410s] -- Up-to-date symlink: /home/robotec/ros2_ws/install/astra_camera_msgs/include/astra_camera_msgs/astra_camera_msgs/srv/detail/get_camera_info__rosidl_typesupport_fastrtps_c.h
[1.410s] -- Up-to-date symlink: /home/robotec/ros2_ws/install/astra_camera_msgs/include/astra_camera_msgs/astra_camera_msgs/srv/detail/get_camera_params__rosidl_typesupport_fastrtps_c.h
[1.410s] -- Up-to-date symlink: /home/robotec/ros2_ws/install/astra_camera_msgs/include/astra_camera_msgs/astra_camera_msgs/srv/detail/get_device_info__rosidl_typesupport_fastrtps_c.h
[1.411s] -- Up-to-date symlink: /home/robotec/ros2_ws/install/astra_camera_msgs/include/astra_camera_msgs/astra_camera_msgs/srv/detail/get_int32__rosidl_typesupport_fastrtps_c.h
[1.411s] -- Up-to-date symlink: /home/robotec/ros2_ws/install/astra_camera_msgs/include/astra_camera_msgs/astra_camera_msgs/srv/detail/get_string__rosidl_typesupport_fastrtps_c.h
[1.411s] -- Up-to-date symlink: /home/robotec/ros2_ws/install/astra_camera_msgs/include/astra_camera_msgs/astra_camera_msgs/srv/detail/set_int32__rosidl_typesupport_fastrtps_c.h
[1.411s] -- Up-to-date symlink: /home/robotec/ros2_ws/install/astra_camera_msgs/include/astra_camera_msgs/astra_camera_msgs/msg/detail/device_info__rosidl_typesupport_introspection_c.h
[1.411s] -- Up-to-date symlink: /home/robotec/ros2_ws/install/astra_camera_msgs/include/astra_camera_msgs/astra_camera_msgs/msg/detail/extrinsics__rosidl_typesupport_introspection_c.h
[1.412s] -- Up-to-date symlink: /home/robotec/ros2_ws/install/astra_camera_msgs/include/astra_camera_msgs/astra_camera_msgs/msg/detail/metadata__rosidl_typesupport_introspection_c.h
[1.412s] -- Up-to-date symlink: /home/robotec/ros2_ws/install/astra_camera_msgs/include/astra_camera_msgs/astra_camera_msgs/msg/rosidl_typesupport_introspection_c__visibility_control.h
[1.413s] -- Up-to-date symlink: /home/robotec/ros2_ws/install/astra_camera_msgs/include/astra_camera_msgs/astra_camera_msgs/srv/detail/get_camera_info__rosidl_typesupport_introspection_c.h
[1.414s] -- Up-to-date symlink: /home/robotec/ros2_ws/install/astra_camera_msgs/include/astra_camera_msgs/astra_camera_msgs/srv/detail/get_camera_params__rosidl_typesupport_introspection_c.h
[1.414s] -- Up-to-date symlink: /home/robotec/ros2_ws/install/astra_camera_msgs/include/astra_camera_msgs/astra_camera_msgs/srv/detail/get_device_info__rosidl_typesupport_introspection_c.h
[1.416s] -- Up-to-date symlink: /home/robotec/ros2_ws/install/astra_camera_msgs/include/astra_camera_msgs/astra_camera_msgs/srv/detail/get_int32__rosidl_typesupport_introspection_c.h
[1.416s] -- Up-to-date symlink: /home/robotec/ros2_ws/install/astra_camera_msgs/include/astra_camera_msgs/astra_camera_msgs/srv/detail/get_string__rosidl_typesupport_introspection_c.h
[1.416s] -- Up-to-date symlink: /home/robotec/ros2_ws/install/astra_camera_msgs/include/astra_camera_msgs/astra_camera_msgs/srv/detail/set_int32__rosidl_typesupport_introspection_c.h
[1.422s] -- Up-to-date symlink: /home/robotec/ros2_ws/install/astra_camera_msgs/include/astra_camera_msgs/astra_camera_msgs/msg/detail/device_info__builder.hpp
[1.422s] -- Up-to-date symlink: /home/robotec/ros2_ws/install/astra_camera_msgs/include/astra_camera_msgs/astra_camera_msgs/msg/detail/device_info__struct.hpp
[1.422s] -- Up-to-date symlink: /home/robotec/ros2_ws/install/astra_camera_msgs/include/astra_camera_msgs/astra_camera_msgs/msg/detail/device_info__traits.hpp
[1.422s] -- Up-to-date symlink: /home/robotec/ros2_ws/install/astra_camera_msgs/include/astra_camera_msgs/astra_camera_msgs/msg/detail/device_info__type_support.hpp
[1.423s] -- Up-to-date symlink: /home/robotec/ros2_ws/install/astra_camera_msgs/include/astra_camera_msgs/astra_camera_msgs/msg/detail/extrinsics__builder.hpp
[1.428s] -- Up-to-date symlink: /home/robotec/ros2_ws/install/astra_camera_msgs/include/astra_camera_msgs/astra_camera_msgs/msg/detail/extrinsics__struct.hpp
[1.430s] -- Up-to-date symlink: /home/robotec/ros2_ws/install/astra_camera_msgs/include/astra_camera_msgs/astra_camera_msgs/msg/detail/extrinsics__traits.hpp
[1.437s] -- Up-to-date symlink: /home/robotec/ros2_ws/install/astra_camera_msgs/include/astra_camera_msgs/astra_camera_msgs/msg/detail/extrinsics__type_support.hpp
[1.439s] -- Up-to-date symlink: /home/robotec/ros2_ws/install/astra_camera_msgs/include/astra_camera_msgs/astra_camera_msgs/msg/detail/metadata__builder.hpp
[1.440s] -- Up-to-date symlink: /home/robotec/ros2_ws/install/astra_camera_msgs/include/astra_camera_msgs/astra_camera_msgs/msg/detail/metadata__struct.hpp
[1.443s] -- Up-to-date symlink: /home/robotec/ros2_ws/install/astra_camera_msgs/include/astra_camera_msgs/astra_camera_msgs/msg/detail/metadata__traits.hpp
[1.443s] -- Up-to-date symlink: /home/robotec/ros2_ws/install/astra_camera_msgs/include/astra_camera_msgs/astra_camera_msgs/msg/detail/metadata__type_support.hpp
[1.443s] -- Up-to-date symlink: /home/robotec/ros2_ws/install/astra_camera_msgs/include/astra_camera_msgs/astra_camera_msgs/msg/device_info.hpp
[1.443s] -- Up-to-date symlink: /home/robotec/ros2_ws/install/astra_camera_msgs/include/astra_camera_msgs/astra_camera_msgs/msg/extrinsics.hpp
[1.444s] -- Up-to-date symlink: /home/robotec/ros2_ws/install/astra_camera_msgs/include/astra_camera_msgs/astra_camera_msgs/msg/metadata.hpp
[1.444s] -- Up-to-date symlink: /home/robotec/ros2_ws/install/astra_camera_msgs/include/astra_camera_msgs/astra_camera_msgs/msg/rosidl_generator_cpp__visibility_control.hpp
[1.444s] -- Up-to-date symlink: /home/robotec/ros2_ws/install/astra_camera_msgs/include/astra_camera_msgs/astra_camera_msgs/srv/detail/get_camera_info__builder.hpp
[1.444s] -- Up-to-date symlink: /home/robotec/ros2_ws/install/astra_camera_msgs/include/astra_camera_msgs/astra_camera_msgs/srv/detail/get_camera_info__struct.hpp
[1.444s] -- Up-to-date symlink: /home/robotec/ros2_ws/install/astra_camera_msgs/include/astra_camera_msgs/astra_camera_msgs/srv/detail/get_camera_info__traits.hpp
[1.444s] -- Up-to-date symlink: /home/robotec/ros2_ws/install/astra_camera_msgs/include/astra_camera_msgs/astra_camera_msgs/srv/detail/get_camera_info__type_support.hpp
[1.444s] -- Up-to-date symlink: /home/robotec/ros2_ws/install/astra_camera_msgs/include/astra_camera_msgs/astra_camera_msgs/srv/detail/get_camera_params__builder.hpp
[1.445s] -- Up-to-date symlink: /home/robotec/ros2_ws/install/astra_camera_msgs/include/astra_camera_msgs/astra_camera_msgs/srv/detail/get_camera_params__struct.hpp
[1.445s] -- Up-to-date symlink: /home/robotec/ros2_ws/install/astra_camera_msgs/include/astra_camera_msgs/astra_camera_msgs/srv/detail/get_camera_params__traits.hpp
[1.445s] -- Up-to-date symlink: /home/robotec/ros2_ws/install/astra_camera_msgs/include/astra_camera_msgs/astra_camera_msgs/srv/detail/get_camera_params__type_support.hpp
[1.445s] -- Up-to-date symlink: /home/robotec/ros2_ws/install/astra_camera_msgs/include/astra_camera_msgs/astra_camera_msgs/srv/detail/get_device_info__builder.hpp
[1.445s] -- Up-to-date symlink: /home/robotec/ros2_ws/install/astra_camera_msgs/include/astra_camera_msgs/astra_camera_msgs/srv/detail/get_device_info__struct.hpp
[1.445s] -- Up-to-date symlink: /home/robotec/ros2_ws/install/astra_camera_msgs/include/astra_camera_msgs/astra_camera_msgs/srv/detail/get_device_info__traits.hpp
[1.446s] -- Up-to-date symlink: /home/robotec/ros2_ws/install/astra_camera_msgs/include/astra_camera_msgs/astra_camera_msgs/srv/detail/get_device_info__type_support.hpp
[1.449s] -- Up-to-date symlink: /home/robotec/ros2_ws/install/astra_camera_msgs/include/astra_camera_msgs/astra_camera_msgs/srv/detail/get_int32__builder.hpp
[1.449s] -- Up-to-date symlink: /home/robotec/ros2_ws/install/astra_camera_msgs/include/astra_camera_msgs/astra_camera_msgs/srv/detail/get_int32__struct.hpp
[1.450s] -- Up-to-date symlink: /home/robotec/ros2_ws/install/astra_camera_msgs/include/astra_camera_msgs/astra_camera_msgs/srv/detail/get_int32__traits.hpp
[1.450s] -- Up-to-date symlink: /home/robotec/ros2_ws/install/astra_camera_msgs/include/astra_camera_msgs/astra_camera_msgs/srv/detail/get_int32__type_support.hpp
[1.450s] -- Up-to-date symlink: /home/robotec/ros2_ws/install/astra_camera_msgs/include/astra_camera_msgs/astra_camera_msgs/srv/detail/get_string__builder.hpp
[1.450s] -- Up-to-date symlink: /home/robotec/ros2_ws/install/astra_camera_msgs/include/astra_camera_msgs/astra_camera_msgs/srv/detail/get_string__struct.hpp
[1.450s] -- Up-to-date symlink: /home/robotec/ros2_ws/install/astra_camera_msgs/include/astra_camera_msgs/astra_camera_msgs/srv/detail/get_string__traits.hpp
[1.450s] -- Up-to-date symlink: /home/robotec/ros2_ws/install/astra_camera_msgs/include/astra_camera_msgs/astra_camera_msgs/srv/detail/get_string__type_support.hpp
[1.451s] -- Up-to-date symlink: /home/robotec/ros2_ws/install/astra_camera_msgs/include/astra_camera_msgs/astra_camera_msgs/srv/detail/set_int32__builder.hpp
[1.451s] -- Up-to-date symlink: /home/robotec/ros2_ws/install/astra_camera_msgs/include/astra_camera_msgs/astra_camera_msgs/srv/detail/set_int32__struct.hpp
[1.456s] -- Up-to-date symlink: /home/robotec/ros2_ws/install/astra_camera_msgs/include/astra_camera_msgs/astra_camera_msgs/srv/detail/set_int32__traits.hpp
[1.457s] -- Up-to-date symlink: /home/robotec/ros2_ws/install/astra_camera_msgs/include/astra_camera_msgs/astra_camera_msgs/srv/detail/set_int32__type_support.hpp
[1.457s] -- Up-to-date symlink: /home/robotec/ros2_ws/install/astra_camera_msgs/include/astra_camera_msgs/astra_camera_msgs/srv/get_camera_info.hpp
[1.457s] -- Up-to-date symlink: /home/robotec/ros2_ws/install/astra_camera_msgs/include/astra_camera_msgs/astra_camera_msgs/srv/get_camera_params.hpp
[1.462s] -- Up-to-date symlink: /home/robotec/ros2_ws/install/astra_camera_msgs/include/astra_camera_msgs/astra_camera_msgs/srv/get_device_info.hpp
[1.463s] -- Up-to-date symlink: /home/robotec/ros2_ws/install/astra_camera_msgs/include/astra_camera_msgs/astra_camera_msgs/srv/get_int32.hpp
[1.464s] -- Up-to-date symlink: /home/robotec/ros2_ws/install/astra_camera_msgs/include/astra_camera_msgs/astra_camera_msgs/srv/get_string.hpp
[1.464s] -- Up-to-date symlink: /home/robotec/ros2_ws/install/astra_camera_msgs/include/astra_camera_msgs/astra_camera_msgs/srv/set_int32.hpp
[1.466s] -- Up-to-date symlink: /home/robotec/ros2_ws/install/astra_camera_msgs/include/astra_camera_msgs/astra_camera_msgs/msg/detail/device_info__rosidl_typesupport_fastrtps_cpp.hpp
[1.469s] -- Up-to-date symlink: /home/robotec/ros2_ws/install/astra_camera_msgs/include/astra_camera_msgs/astra_camera_msgs/msg/detail/extrinsics__rosidl_typesupport_fastrtps_cpp.hpp
[1.470s] -- Up-to-date symlink: /home/robotec/ros2_ws/install/astra_camera_msgs/include/astra_camera_msgs/astra_camera_msgs/msg/detail/metadata__rosidl_typesupport_fastrtps_cpp.hpp
[1.470s] -- Up-to-date symlink: /home/robotec/ros2_ws/install/astra_camera_msgs/include/astra_camera_msgs/astra_camera_msgs/msg/rosidl_typesupport_fastrtps_cpp__visibility_control.h
[1.471s] -- Up-to-date symlink: /home/robotec/ros2_ws/install/astra_camera_msgs/include/astra_camera_msgs/astra_camera_msgs/srv/detail/get_camera_info__rosidl_typesupport_fastrtps_cpp.hpp
[1.472s] -- Up-to-date symlink: /home/robotec/ros2_ws/install/astra_camera_msgs/include/astra_camera_msgs/astra_camera_msgs/srv/detail/get_camera_params__rosidl_typesupport_fastrtps_cpp.hpp
[1.472s] -- Up-to-date symlink: /home/robotec/ros2_ws/install/astra_camera_msgs/include/astra_camera_msgs/astra_camera_msgs/srv/detail/get_device_info__rosidl_typesupport_fastrtps_cpp.hpp
[1.473s] -- Up-to-date symlink: /home/robotec/ros2_ws/install/astra_camera_msgs/include/astra_camera_msgs/astra_camera_msgs/srv/detail/get_int32__rosidl_typesupport_fastrtps_cpp.hpp
[1.473s] -- Up-to-date symlink: /home/robotec/ros2_ws/install/astra_camera_msgs/include/astra_camera_msgs/astra_camera_msgs/srv/detail/get_string__rosidl_typesupport_fastrtps_cpp.hpp
[1.474s] -- Up-to-date symlink: /home/robotec/ros2_ws/install/astra_camera_msgs/include/astra_camera_msgs/astra_camera_msgs/srv/detail/set_int32__rosidl_typesupport_fastrtps_cpp.hpp
[1.475s] -- Up-to-date symlink: /home/robotec/ros2_ws/install/astra_camera_msgs/include/astra_camera_msgs/astra_camera_msgs/msg/detail/device_info__rosidl_typesupport_introspection_cpp.hpp
[1.476s] -- Up-to-date symlink: /home/robotec/ros2_ws/install/astra_camera_msgs/include/astra_camera_msgs/astra_camera_msgs/msg/detail/extrinsics__rosidl_typesupport_introspection_cpp.hpp
[1.476s] -- Up-to-date symlink: /home/robotec/ros2_ws/install/astra_camera_msgs/include/astra_camera_msgs/astra_camera_msgs/msg/detail/metadata__rosidl_typesupport_introspection_cpp.hpp
[1.477s] -- Up-to-date symlink: /home/robotec/ros2_ws/install/astra_camera_msgs/include/astra_camera_msgs/astra_camera_msgs/srv/detail/get_camera_info__rosidl_typesupport_introspection_cpp.hpp
[1.478s] -- Up-to-date symlink: /home/robotec/ros2_ws/install/astra_camera_msgs/include/astra_camera_msgs/astra_camera_msgs/srv/detail/get_camera_params__rosidl_typesupport_introspection_cpp.hpp
[1.478s] -- Up-to-date symlink: /home/robotec/ros2_ws/install/astra_camera_msgs/include/astra_camera_msgs/astra_camera_msgs/srv/detail/get_device_info__rosidl_typesupport_introspection_cpp.hpp
[1.478s] -- Up-to-date symlink: /home/robotec/ros2_ws/install/astra_camera_msgs/include/astra_camera_msgs/astra_camera_msgs/srv/detail/get_int32__rosidl_typesupport_introspection_cpp.hpp
[1.479s] -- Up-to-date symlink: /home/robotec/ros2_ws/install/astra_camera_msgs/include/astra_camera_msgs/astra_camera_msgs/srv/detail/get_string__rosidl_typesupport_introspection_cpp.hpp
[1.480s] -- Up-to-date symlink: /home/robotec/ros2_ws/install/astra_camera_msgs/include/astra_camera_msgs/astra_camera_msgs/srv/detail/set_int32__rosidl_typesupport_introspection_cpp.hpp
[1.481s] -- Up-to-date symlink: /home/robotec/ros2_ws/install/astra_camera_msgs/share/astra_camera_msgs/environment/pythonpath.sh
[1.481s] -- Up-to-date symlink: /home/robotec/ros2_ws/install/astra_camera_msgs/share/astra_camera_msgs/environment/pythonpath.dsv
[1.482s] -- Up-to-date symlink: /home/robotec/ros2_ws/install/astra_camera_msgs/local/lib/python3.10/dist-packages/astra_camera_msgs-1.0.1-py3.10.egg-info/PKG-INFO
[1.483s] -- Up-to-date symlink: /home/robotec/ros2_ws/install/astra_camera_msgs/local/lib/python3.10/dist-packages/astra_camera_msgs-1.0.1-py3.10.egg-info/SOURCES.txt
[1.484s] -- Up-to-date symlink: /home/robotec/ros2_ws/install/astra_camera_msgs/local/lib/python3.10/dist-packages/astra_camera_msgs-1.0.1-py3.10.egg-info/dependency_links.txt
[1.484s] -- Up-to-date symlink: /home/robotec/ros2_ws/install/astra_camera_msgs/local/lib/python3.10/dist-packages/astra_camera_msgs-1.0.1-py3.10.egg-info/top_level.txt
[1.493s] -- Up-to-date symlink: /home/robotec/ros2_ws/install/astra_camera_msgs/local/lib/python3.10/dist-packages/astra_camera_msgs/__init__.py
[1.493s] -- Up-to-date symlink: /home/robotec/ros2_ws/install/astra_camera_msgs/local/lib/python3.10/dist-packages/astra_camera_msgs/_astra_camera_msgs_s.ep.rosidl_typesupport_c.c
[1.496s] -- Up-to-date symlink: /home/robotec/ros2_ws/install/astra_camera_msgs/local/lib/python3.10/dist-packages/astra_camera_msgs/_astra_camera_msgs_s.ep.rosidl_typesupport_fastrtps_c.c
[1.496s] -- Up-to-date symlink: /home/robotec/ros2_ws/install/astra_camera_msgs/local/lib/python3.10/dist-packages/astra_camera_msgs/_astra_camera_msgs_s.ep.rosidl_typesupport_introspection_c.c
[1.498s] -- Up-to-date symlink: /home/robotec/ros2_ws/install/astra_camera_msgs/local/lib/python3.10/dist-packages/astra_camera_msgs/astra_camera_msgs_s__rosidl_typesupport_c.cpython-310-x86_64-linux-gnu.so
[1.499s] -- Up-to-date symlink: /home/robotec/ros2_ws/install/astra_camera_msgs/local/lib/python3.10/dist-packages/astra_camera_msgs/astra_camera_msgs_s__rosidl_typesupport_fastrtps_c.cpython-310-x86_64-linux-gnu.so
[1.500s] -- Up-to-date symlink: /home/robotec/ros2_ws/install/astra_camera_msgs/local/lib/python3.10/dist-packages/astra_camera_msgs/astra_camera_msgs_s__rosidl_typesupport_introspection_c.cpython-310-x86_64-linux-gnu.so
[1.502s] -- Up-to-date symlink: /home/robotec/ros2_ws/install/astra_camera_msgs/local/lib/python3.10/dist-packages/astra_camera_msgs/libastra_camera_msgs__rosidl_generator_py.so
[1.502s] -- Up-to-date symlink: /home/robotec/ros2_ws/install/astra_camera_msgs/local/lib/python3.10/dist-packages/astra_camera_msgs/msg/__init__.py
[1.503s] -- Up-to-date symlink: /home/robotec/ros2_ws/install/astra_camera_msgs/local/lib/python3.10/dist-packages/astra_camera_msgs/msg/_device_info.py
[1.503s] -- Up-to-date symlink: /home/robotec/ros2_ws/install/astra_camera_msgs/local/lib/python3.10/dist-packages/astra_camera_msgs/msg/_device_info_s.c
[1.503s] -- Up-to-date symlink: /home/robotec/ros2_ws/install/astra_camera_msgs/local/lib/python3.10/dist-packages/astra_camera_msgs/msg/_extrinsics.py
[1.504s] -- Up-to-date symlink: /home/robotec/ros2_ws/install/astra_camera_msgs/local/lib/python3.10/dist-packages/astra_camera_msgs/msg/_extrinsics_s.c
[1.504s] -- Up-to-date symlink: /home/robotec/ros2_ws/install/astra_camera_msgs/local/lib/python3.10/dist-packages/astra_camera_msgs/msg/_metadata.py
[1.505s] -- Up-to-date symlink: /home/robotec/ros2_ws/install/astra_camera_msgs/local/lib/python3.10/dist-packages/astra_camera_msgs/msg/_metadata_s.c
[1.505s] -- Up-to-date symlink: /home/robotec/ros2_ws/install/astra_camera_msgs/local/lib/python3.10/dist-packages/astra_camera_msgs/srv/__init__.py
[1.506s] -- Up-to-date symlink: /home/robotec/ros2_ws/install/astra_camera_msgs/local/lib/python3.10/dist-packages/astra_camera_msgs/srv/_get_camera_info.py
[1.506s] -- Up-to-date symlink: /home/robotec/ros2_ws/install/astra_camera_msgs/local/lib/python3.10/dist-packages/astra_camera_msgs/srv/_get_camera_info_s.c
[1.508s] -- Up-to-date symlink: /home/robotec/ros2_ws/install/astra_camera_msgs/local/lib/python3.10/dist-packages/astra_camera_msgs/srv/_get_camera_params.py
[1.508s] -- Up-to-date symlink: /home/robotec/ros2_ws/install/astra_camera_msgs/local/lib/python3.10/dist-packages/astra_camera_msgs/srv/_get_camera_params_s.c
[1.508s] -- Up-to-date symlink: /home/robotec/ros2_ws/install/astra_camera_msgs/local/lib/python3.10/dist-packages/astra_camera_msgs/srv/_get_device_info.py
[1.509s] -- Up-to-date symlink: /home/robotec/ros2_ws/install/astra_camera_msgs/local/lib/python3.10/dist-packages/astra_camera_msgs/srv/_get_device_info_s.c
[1.509s] -- Up-to-date symlink: /home/robotec/ros2_ws/install/astra_camera_msgs/local/lib/python3.10/dist-packages/astra_camera_msgs/srv/_get_int32.py
[1.510s] -- Up-to-date symlink: /home/robotec/ros2_ws/install/astra_camera_msgs/local/lib/python3.10/dist-packages/astra_camera_msgs/srv/_get_int32_s.c
[1.510s] -- Up-to-date symlink: /home/robotec/ros2_ws/install/astra_camera_msgs/local/lib/python3.10/dist-packages/astra_camera_msgs/srv/_get_string.py
[1.511s] -- Up-to-date symlink: /home/robotec/ros2_ws/install/astra_camera_msgs/local/lib/python3.10/dist-packages/astra_camera_msgs/srv/_get_string_s.c
[1.512s] -- Up-to-date symlink: /home/robotec/ros2_ws/install/astra_camera_msgs/local/lib/python3.10/dist-packages/astra_camera_msgs/srv/_set_int32.py
[1.512s] -- Up-to-date symlink: /home/robotec/ros2_ws/install/astra_camera_msgs/local/lib/python3.10/dist-packages/astra_camera_msgs/srv/_set_int32_s.c
[1.513s] -- Up-to-date symlink: /home/robotec/ros2_ws/install/astra_camera_msgs/local/lib/python3.10/dist-packages/astra_camera_msgs/astra_camera_msgs_s__rosidl_typesupport_fastrtps_c.cpython-310-x86_64-linux-gnu.so
[1.514s] -- Up-to-date symlink: /home/robotec/ros2_ws/install/astra_camera_msgs/local/lib/python3.10/dist-packages/astra_camera_msgs/astra_camera_msgs_s__rosidl_typesupport_introspection_c.cpython-310-x86_64-linux-gnu.so
[1.517s] -- Up-to-date symlink: /home/robotec/ros2_ws/install/astra_camera_msgs/local/lib/python3.10/dist-packages/astra_camera_msgs/astra_camera_msgs_s__rosidl_typesupport_c.cpython-310-x86_64-linux-gnu.so
[1.517s] -- Up-to-date symlink: /home/robotec/ros2_ws/install/astra_camera_msgs/share/astra_camera_msgs/msg/DeviceInfo.idl
[1.519s] -- Up-to-date symlink: /home/robotec/ros2_ws/install/astra_camera_msgs/share/astra_camera_msgs/msg/Extrinsics.idl
[1.523s] -- Up-to-date symlink: /home/robotec/ros2_ws/install/astra_camera_msgs/share/astra_camera_msgs/msg/Metadata.idl
[1.523s] -- Up-to-date symlink: /home/robotec/ros2_ws/install/astra_camera_msgs/share/astra_camera_msgs/srv/GetDeviceInfo.idl
[1.523s] -- Up-to-date symlink: /home/robotec/ros2_ws/install/astra_camera_msgs/share/astra_camera_msgs/srv/GetCameraInfo.idl
[1.525s] -- Up-to-date symlink: /home/robotec/ros2_ws/install/astra_camera_msgs/share/astra_camera_msgs/srv/GetCameraParams.idl
[1.527s] -- Up-to-date symlink: /home/robotec/ros2_ws/install/astra_camera_msgs/share/astra_camera_msgs/srv/GetInt32.idl
[1.530s] -- Up-to-date symlink: /home/robotec/ros2_ws/install/astra_camera_msgs/share/astra_camera_msgs/srv/GetString.idl
[1.532s] -- Up-to-date symlink: /home/robotec/ros2_ws/install/astra_camera_msgs/share/astra_camera_msgs/srv/SetInt32.idl
[1.533s] -- Up-to-date symlink: /home/robotec/ros2_ws/install/astra_camera_msgs/share/astra_camera_msgs/msg/DeviceInfo.msg
[1.534s] -- Up-to-date symlink: /home/robotec/ros2_ws/install/astra_camera_msgs/share/astra_camera_msgs/msg/Extrinsics.msg
[1.536s] -- Up-to-date symlink: /home/robotec/ros2_ws/install/astra_camera_msgs/share/astra_camera_msgs/msg/Metadata.msg
[1.537s] -- Up-to-date symlink: /home/robotec/ros2_ws/install/astra_camera_msgs/share/astra_camera_msgs/srv/GetDeviceInfo.srv
[1.538s] -- Up-to-date symlink: /home/robotec/ros2_ws/install/astra_camera_msgs/share/astra_camera_msgs/srv/GetDeviceInfo_Request.msg
[1.543s] -- Up-to-date symlink: /home/robotec/ros2_ws/install/astra_camera_msgs/share/astra_camera_msgs/srv/GetDeviceInfo_Response.msg
[1.543s] -- Up-to-date symlink: /home/robotec/ros2_ws/install/astra_camera_msgs/share/astra_camera_msgs/srv/GetCameraInfo.srv
[1.544s] -- Up-to-date symlink: /home/robotec/ros2_ws/install/astra_camera_msgs/share/astra_camera_msgs/srv/GetCameraInfo_Request.msg
[1.544s] -- Up-to-date symlink: /home/robotec/ros2_ws/install/astra_camera_msgs/share/astra_camera_msgs/srv/GetCameraInfo_Response.msg
[1.544s] -- Up-to-date symlink: /home/robotec/ros2_ws/install/astra_camera_msgs/share/astra_camera_msgs/srv/GetCameraParams.srv
[1.544s] -- Up-to-date symlink: /home/robotec/ros2_ws/install/astra_camera_msgs/share/astra_camera_msgs/srv/GetCameraParams_Request.msg
[1.544s] -- Up-to-date symlink: /home/robotec/ros2_ws/install/astra_camera_msgs/share/astra_camera_msgs/srv/GetCameraParams_Response.msg
[1.545s] -- Up-to-date symlink: /home/robotec/ros2_ws/install/astra_camera_msgs/share/astra_camera_msgs/srv/GetInt32.srv
[1.545s] -- Up-to-date symlink: /home/robotec/ros2_ws/install/astra_camera_msgs/share/astra_camera_msgs/srv/GetInt32_Request.msg
[1.549s] -- Up-to-date symlink: /home/robotec/ros2_ws/install/astra_camera_msgs/share/astra_camera_msgs/srv/GetInt32_Response.msg
[1.549s] -- Up-to-date symlink: /home/robotec/ros2_ws/install/astra_camera_msgs/share/astra_camera_msgs/srv/GetString.srv
[1.549s] -- Up-to-date symlink: /home/robotec/ros2_ws/install/astra_camera_msgs/share/astra_camera_msgs/srv/GetString_Request.msg
[1.549s] -- Up-to-date symlink: /home/robotec/ros2_ws/install/astra_camera_msgs/share/astra_camera_msgs/srv/GetString_Response.msg
[1.550s] -- Up-to-date symlink: /home/robotec/ros2_ws/install/astra_camera_msgs/share/astra_camera_msgs/srv/SetInt32.srv
[1.550s] -- Up-to-date symlink: /home/robotec/ros2_ws/install/astra_camera_msgs/share/astra_camera_msgs/srv/SetInt32_Request.msg
[1.550s] -- Up-to-date symlink: /home/robotec/ros2_ws/install/astra_camera_msgs/share/astra_camera_msgs/srv/SetInt32_Response.msg
[1.553s] -- Up-to-date symlink: /home/robotec/ros2_ws/install/astra_camera_msgs/share/ament_index/resource_index/package_run_dependencies/astra_camera_msgs
[1.553s] -- Up-to-date symlink: /home/robotec/ros2_ws/install/astra_camera_msgs/share/ament_index/resource_index/parent_prefix_path/astra_camera_msgs
[1.553s] -- Up-to-date symlink: /home/robotec/ros2_ws/install/astra_camera_msgs/share/astra_camera_msgs/environment/ament_prefix_path.sh
[1.553s] -- Up-to-date symlink: /home/robotec/ros2_ws/install/astra_camera_msgs/share/astra_camera_msgs/environment/ament_prefix_path.dsv
[1.553s] -- Up-to-date symlink: /home/robotec/ros2_ws/install/astra_camera_msgs/share/astra_camera_msgs/environment/path.sh
[1.553s] -- Up-to-date symlink: /home/robotec/ros2_ws/install/astra_camera_msgs/share/astra_camera_msgs/environment/path.dsv
[1.553s] -- Up-to-date symlink: /home/robotec/ros2_ws/install/astra_camera_msgs/share/astra_camera_msgs/local_setup.bash
[1.554s] -- Up-to-date symlink: /home/robotec/ros2_ws/install/astra_camera_msgs/share/astra_camera_msgs/local_setup.sh
[1.554s] -- Up-to-date symlink: /home/robotec/ros2_ws/install/astra_camera_msgs/share/astra_camera_msgs/local_setup.zsh
[1.554s] -- Up-to-date symlink: /home/robotec/ros2_ws/install/astra_camera_msgs/share/astra_camera_msgs/local_setup.dsv
[1.554s] -- Symlinking: /home/robotec/ros2_ws/install/astra_camera_msgs/share/astra_camera_msgs/package.dsv
[1.579s] -- Up-to-date symlink: /home/robotec/ros2_ws/install/astra_camera_msgs/share/ament_index/resource_index/packages/astra_camera_msgs
[1.581s] -- Up-to-date symlink: /home/robotec/ros2_ws/install/astra_camera_msgs/share/astra_camera_msgs/cmake/rosidl_cmake-extras.cmake
[1.582s] -- Up-to-date symlink: /home/robotec/ros2_ws/install/astra_camera_msgs/share/astra_camera_msgs/cmake/ament_cmake_export_dependencies-extras.cmake
[1.582s] -- Up-to-date symlink: /home/robotec/ros2_ws/install/astra_camera_msgs/share/astra_camera_msgs/cmake/ament_cmake_export_include_directories-extras.cmake
[1.599s] -- Up-to-date symlink: /home/robotec/ros2_ws/install/astra_camera_msgs/share/astra_camera_msgs/cmake/ament_cmake_export_libraries-extras.cmake
[1.599s] -- Up-to-date symlink: /home/robotec/ros2_ws/install/astra_camera_msgs/share/astra_camera_msgs/cmake/ament_cmake_export_targets-extras.cmake
[1.599s] -- Up-to-date symlink: /home/robotec/ros2_ws/install/astra_camera_msgs/share/astra_camera_msgs/cmake/rosidl_cmake_export_typesupport_targets-extras.cmake
[1.599s] -- Up-to-date symlink: /home/robotec/ros2_ws/install/astra_camera_msgs/share/astra_camera_msgs/cmake/rosidl_cmake_export_typesupport_libraries-extras.cmake
[1.600s] -- Up-to-date symlink: /home/robotec/ros2_ws/install/astra_camera_msgs/share/astra_camera_msgs/cmake/astra_camera_msgsConfig.cmake
[1.600s] -- Up-to-date symlink: /home/robotec/ros2_ws/install/astra_camera_msgs/share/astra_camera_msgs/cmake/astra_camera_msgsConfig-version.cmake
[1.603s] -- Up-to-date symlink: /home/robotec/ros2_ws/install/astra_camera_msgs/share/astra_camera_msgs/package.xml
[1.603s] -- Up-to-date: /home/robotec/ros2_ws/install/astra_camera_msgs/lib/libastra_camera_msgs__rosidl_generator_c.so
[1.604s] -- Up-to-date: /home/robotec/ros2_ws/install/astra_camera_msgs/lib/libastra_camera_msgs__rosidl_typesupport_fastrtps_c.so
[1.604s] -- Up-to-date: /home/robotec/ros2_ws/install/astra_camera_msgs/lib/libastra_camera_msgs__rosidl_typesupport_introspection_c.so
[1.607s] -- Up-to-date: /home/robotec/ros2_ws/install/astra_camera_msgs/lib/libastra_camera_msgs__rosidl_typesupport_c.so
[1.609s] -- Up-to-date: /home/robotec/ros2_ws/install/astra_camera_msgs/lib/libastra_camera_msgs__rosidl_typesupport_fastrtps_cpp.so
[1.610s] -- Up-to-date: /home/robotec/ros2_ws/install/astra_camera_msgs/lib/libastra_camera_msgs__rosidl_typesupport_introspection_cpp.so
[1.611s] -- Up-to-date: /home/robotec/ros2_ws/install/astra_camera_msgs/lib/libastra_camera_msgs__rosidl_typesupport_cpp.so
[1.680s] Listing '/home/robotec/ros2_ws/install/astra_camera_msgs/local/lib/python3.10/dist-packages/astra_camera_msgs'...
[1.681s] Listing '/home/robotec/ros2_ws/install/astra_camera_msgs/local/lib/python3.10/dist-packages/astra_camera_msgs/msg'...
[1.682s] Listing '/home/robotec/ros2_ws/install/astra_camera_msgs/local/lib/python3.10/dist-packages/astra_camera_msgs/srv'...
[1.699s] -- Up-to-date: /home/robotec/ros2_ws/install/astra_camera_msgs/lib/libastra_camera_msgs__rosidl_generator_py.so
[1.699s] -- Up-to-date: /home/robotec/ros2_ws/install/astra_camera_msgs/share/astra_camera_msgs/cmake/export_astra_camera_msgs__rosidl_generator_cExport.cmake
[1.700s] -- Up-to-date: /home/robotec/ros2_ws/install/astra_camera_msgs/share/astra_camera_msgs/cmake/export_astra_camera_msgs__rosidl_generator_cExport-noconfig.cmake
[1.700s] -- Up-to-date: /home/robotec/ros2_ws/install/astra_camera_msgs/share/astra_camera_msgs/cmake/export_astra_camera_msgs__rosidl_typesupport_fastrtps_cExport.cmake
[1.700s] -- Up-to-date: /home/robotec/ros2_ws/install/astra_camera_msgs/share/astra_camera_msgs/cmake/export_astra_camera_msgs__rosidl_typesupport_fastrtps_cExport-noconfig.cmake
[1.701s] -- Up-to-date: /home/robotec/ros2_ws/install/astra_camera_msgs/share/astra_camera_msgs/cmake/astra_camera_msgs__rosidl_typesupport_introspection_cExport.cmake
[1.702s] -- Up-to-date: /home/robotec/ros2_ws/install/astra_camera_msgs/share/astra_camera_msgs/cmake/astra_camera_msgs__rosidl_typesupport_introspection_cExport-noconfig.cmake
[1.709s] -- Up-to-date: /home/robotec/ros2_ws/install/astra_camera_msgs/share/astra_camera_msgs/cmake/astra_camera_msgs__rosidl_typesupport_cExport.cmake
[1.710s] -- Up-to-date: /home/robotec/ros2_ws/install/astra_camera_msgs/share/astra_camera_msgs/cmake/astra_camera_msgs__rosidl_typesupport_cExport-noconfig.cmake
[1.710s] -- Up-to-date: /home/robotec/ros2_ws/install/astra_camera_msgs/share/astra_camera_msgs/cmake/export_astra_camera_msgs__rosidl_generator_cppExport.cmake
[1.711s] -- Up-to-date: /home/robotec/ros2_ws/install/astra_camera_msgs/share/astra_camera_msgs/cmake/export_astra_camera_msgs__rosidl_typesupport_fastrtps_cppExport.cmake
[1.711s] -- Up-to-date: /home/robotec/ros2_ws/install/astra_camera_msgs/share/astra_camera_msgs/cmake/export_astra_camera_msgs__rosidl_typesupport_fastrtps_cppExport-noconfig.cmake
[1.712s] -- Up-to-date: /home/robotec/ros2_ws/install/astra_camera_msgs/share/astra_camera_msgs/cmake/astra_camera_msgs__rosidl_typesupport_introspection_cppExport.cmake
[1.712s] -- Up-to-date: /home/robotec/ros2_ws/install/astra_camera_msgs/share/astra_camera_msgs/cmake/astra_camera_msgs__rosidl_typesupport_introspection_cppExport-noconfig.cmake
[1.712s] -- Up-to-date: /home/robotec/ros2_ws/install/astra_camera_msgs/share/astra_camera_msgs/cmake/astra_camera_msgs__rosidl_typesupport_cppExport.cmake
[1.715s] -- Up-to-date: /home/robotec/ros2_ws/install/astra_camera_msgs/share/astra_camera_msgs/cmake/astra_camera_msgs__rosidl_typesupport_cppExport-noconfig.cmake
[1.716s] -- Up-to-date: /home/robotec/ros2_ws/install/astra_camera_msgs/share/astra_camera_msgs/cmake/export_astra_camera_msgs__rosidl_generator_pyExport.cmake
[1.716s] -- Up-to-date: /home/robotec/ros2_ws/install/astra_camera_msgs/share/astra_camera_msgs/cmake/export_astra_camera_msgs__rosidl_generator_pyExport-noconfig.cmake
[1.721s] Invoked command in '/home/robotec/ros2_ws/build/astra_camera_msgs' returned '0': CMAKE_PREFIX_PATH=${CMAKE_PREFIX_PATH}:/home/robotec/ros2_ws/install/odometry:/home/robotec/ros2_ws/install/camera_pkg:/opt/ros/humble /usr/bin/cmake --install /home/robotec/ros2_ws/build/astra_camera_msgs
