[0.020s] Invoking command in '/home/robotec/ros2_ws/build/libuvc': /usr/bin/cmake --build /home/robotec/ros2_ws/build/libuvc -- -j4 -l4
[0.121s] [ 50%] Built target uvc
[0.122s] [ 90%] Built target uvc_static
[0.167s] [100%] Built target example
[0.492s] Invoked command in '/home/robotec/ros2_ws/build/libuvc' returned '0': /usr/bin/cmake --build /home/robotec/ros2_ws/build/libuvc -- -j4 -l4
[0.502s] Invoking command in '/home/robotec/ros2_ws/build/libuvc': /usr/bin/cmake --install /home/robotec/ros2_ws/build/libuvc
[0.513s] -- Install configuration: "Release"
[0.513s] -- Up-to-date: /home/robotec/ros2_ws/install/libuvc/lib/libuvc.so.0.0.7
[0.514s] -- Up-to-date: /home/robotec/ros2_ws/install/libuvc/lib/libuvc.so.0
[0.514s] -- Up-to-date: /home/robotec/ros2_ws/install/libuvc/lib/libuvc.so
[0.514s] -- Up-to-date: /home/robotec/ros2_ws/install/libuvc/include/libuvc/libuvc.h
[0.514s] -- Up-to-date: /home/robotec/ros2_ws/install/libuvc/include/libuvc/libuvc_config.h
[0.514s] -- Up-to-date: /home/robotec/ros2_ws/install/libuvc/lib/libuvc.a
[0.515s] -- Up-to-date: /home/robotec/ros2_ws/install/libuvc/include/libuvc/libuvc.h
[0.515s] -- Up-to-date: /home/robotec/ros2_ws/install/libuvc/include/libuvc/libuvc_config.h
[0.515s] -- Up-to-date: /home/robotec/ros2_ws/install/libuvc/lib/cmake/libuvc/libuvcTargets.cmake
[0.515s] -- Up-to-date: /home/robotec/ros2_ws/install/libuvc/lib/cmake/libuvc/libuvcTargets-release.cmake
[0.515s] -- Up-to-date: /home/robotec/ros2_ws/install/libuvc/lib/cmake/libuvc/FindLibUSB.cmake
[0.515s] -- Up-to-date: /home/robotec/ros2_ws/install/libuvc/lib/cmake/libuvc/FindJpegPkg.cmake
[0.515s] -- Up-to-date: /home/robotec/ros2_ws/install/libuvc/lib/cmake/libuvc/libuvcConfigVersion.cmake
[0.516s] -- Up-to-date: /home/robotec/ros2_ws/install/libuvc/lib/pkgconfig/libuvc.pc
[0.516s] -- Up-to-date: /home/robotec/ros2_ws/install/libuvc/lib/cmake/libuvc/libuvcConfig.cmake
[0.518s] Invoked command in '/home/robotec/ros2_ws/build/libuvc' returned '0': /usr/bin/cmake --install /home/robotec/ros2_ws/build/libuvc
