running egg_info
creating ../../build/odometry_pkg/odometry_pkg.egg-info
writing ../../build/odometry_pkg/odometry_pkg.egg-info/PKG-INFO
writing dependency_links to ../../build/odometry_pkg/odometry_pkg.egg-info/dependency_links.txt
writing entry points to ../../build/odometry_pkg/odometry_pkg.egg-info/entry_points.txt
writing requirements to ../../build/odometry_pkg/odometry_pkg.egg-info/requires.txt
writing top-level names to ../../build/odometry_pkg/odometry_pkg.egg-info/top_level.txt
writing manifest file '../../build/odometry_pkg/odometry_pkg.egg-info/SOURCES.txt'
reading manifest file '../../build/odometry_pkg/odometry_pkg.egg-info/SOURCES.txt'
writing manifest file '../../build/odometry_pkg/odometry_pkg.egg-info/SOURCES.txt'
running build
running build_py
creating /home/robotec/ros2_ws/build/odometry_pkg/build
creating /home/robotec/ros2_ws/build/odometry_pkg/build/lib
creating /home/robotec/ros2_ws/build/odometry_pkg/build/lib/odometry_pkg
copying odometry_pkg/controller.py -> /home/robotec/ros2_ws/build/odometry_pkg/build/lib/odometry_pkg
copying odometry_pkg/__init__.py -> /home/robotec/ros2_ws/build/odometry_pkg/build/lib/odometry_pkg
copying odometry_pkg/efk.py -> /home/robotec/ros2_ws/build/odometry_pkg/build/lib/odometry_pkg
copying odometry_pkg/odometry_node.py -> /home/robotec/ros2_ws/build/odometry_pkg/build/lib/odometry_pkg
copying odometry_pkg/utils.py -> /home/robotec/ros2_ws/build/odometry_pkg/build/lib/odometry_pkg
running install
running install_lib
creating /home/robotec/ros2_ws/install/odometry_pkg/lib/python3.10/site-packages/odometry_pkg
copying /home/robotec/ros2_ws/build/odometry_pkg/build/lib/odometry_pkg/controller.py -> /home/robotec/ros2_ws/install/odometry_pkg/lib/python3.10/site-packages/odometry_pkg
copying /home/robotec/ros2_ws/build/odometry_pkg/build/lib/odometry_pkg/__init__.py -> /home/robotec/ros2_ws/install/odometry_pkg/lib/python3.10/site-packages/odometry_pkg
copying /home/robotec/ros2_ws/build/odometry_pkg/build/lib/odometry_pkg/efk.py -> /home/robotec/ros2_ws/install/odometry_pkg/lib/python3.10/site-packages/odometry_pkg
copying /home/robotec/ros2_ws/build/odometry_pkg/build/lib/odometry_pkg/odometry_node.py -> /home/robotec/ros2_ws/install/odometry_pkg/lib/python3.10/site-packages/odometry_pkg
copying /home/robotec/ros2_ws/build/odometry_pkg/build/lib/odometry_pkg/utils.py -> /home/robotec/ros2_ws/install/odometry_pkg/lib/python3.10/site-packages/odometry_pkg
byte-compiling /home/robotec/ros2_ws/install/odometry_pkg/lib/python3.10/site-packages/odometry_pkg/controller.py to controller.cpython-310.pyc
byte-compiling /home/robotec/ros2_ws/install/odometry_pkg/lib/python3.10/site-packages/odometry_pkg/__init__.py to __init__.cpython-310.pyc
byte-compiling /home/robotec/ros2_ws/install/odometry_pkg/lib/python3.10/site-packages/odometry_pkg/efk.py to efk.cpython-310.pyc
byte-compiling /home/robotec/ros2_ws/install/odometry_pkg/lib/python3.10/site-packages/odometry_pkg/odometry_node.py to odometry_node.cpython-310.pyc
byte-compiling /home/robotec/ros2_ws/install/odometry_pkg/lib/python3.10/site-packages/odometry_pkg/utils.py to utils.cpython-310.pyc
running install_data
creating /home/robotec/ros2_ws/install/odometry_pkg/share/ament_index
creating /home/robotec/ros2_ws/install/odometry_pkg/share/ament_index/resource_index
creating /home/robotec/ros2_ws/install/odometry_pkg/share/ament_index/resource_index/packages
copying resource/odometry_pkg -> /home/robotec/ros2_ws/install/odometry_pkg/share/ament_index/resource_index/packages
copying package.xml -> /home/robotec/ros2_ws/install/odometry_pkg/share/odometry_pkg
running install_egg_info
Copying ../../build/odometry_pkg/odometry_pkg.egg-info to /home/robotec/ros2_ws/install/odometry_pkg/lib/python3.10/site-packages/odometry_pkg-0.0.0-py3.10.egg-info
running install_scripts
Installing imu_vesc_listener script to /home/robotec/ros2_ws/install/odometry_pkg/lib/odometry_pkg
Installing odometry_node = odometry_pkg.odometry_node:mainimu_vesc_pure_pursuit_node script to /home/robotec/ros2_ws/install/odometry_pkg/lib/odometry_pkg
writing list of installed files to '/home/robotec/ros2_ws/build/odometry_pkg/install.log'
