running egg_info
writing ../../build/odometry_pkg/odometry_pkg.egg-info/PKG-INFO
writing dependency_links to ../../build/odometry_pkg/odometry_pkg.egg-info/dependency_links.txt
writing entry points to ../../build/odometry_pkg/odometry_pkg.egg-info/entry_points.txt
writing requirements to ../../build/odometry_pkg/odometry_pkg.egg-info/requires.txt
writing top-level names to ../../build/odometry_pkg/odometry_pkg.egg-info/top_level.txt
reading manifest file '../../build/odometry_pkg/odometry_pkg.egg-info/SOURCES.txt'
writing manifest file '../../build/odometry_pkg/odometry_pkg.egg-info/SOURCES.txt'
running build
running build_py
running install
running install_lib
running install_data
running install_egg_info
removing '/home/ras4/nuc_ws/install/odometry_pkg/lib/python3.10/site-packages/odometry_pkg-0.0.0-py3.10.egg-info' (and everything under it)
Copying ../../build/odometry_pkg/odometry_pkg.egg-info to /home/ras4/nuc_ws/install/odometry_pkg/lib/python3.10/site-packages/odometry_pkg-0.0.0-py3.10.egg-info
running install_scripts
Installing imu_vesc_listener script to /home/ras4/nuc_ws/install/odometry_pkg/lib/odometry_pkg
Installing odometry_node script to /home/ras4/nuc_ws/install/odometry_pkg/lib/odometry_pkg
Installing rpm_test_publisher script to /home/ras4/nuc_ws/install/odometry_pkg/lib/odometry_pkg
Installing rpmtrue_publisher script to /home/ras4/nuc_ws/install/odometry_pkg/lib/odometry_pkg
writing list of installed files to '/home/ras4/nuc_ws/build/odometry_pkg/install.log'
