[0.020s] Invoking command in '/home/robotec/ros2_ws/build/astra_camera_msgs': CMAKE_PREFIX_PATH=/opt/ros/humble /usr/bin/cmake --build /home/robotec/ros2_ws/build/astra_camera_msgs -- -j4 -l4
[0.107s] [ 11%] Built target astra_camera_msgs__rosidl_generator_c
[0.108s] [ 12%] Built target astra_camera_msgs__cpp
[0.127s] [ 12%] Built target ament_cmake_python_copy_astra_camera_msgs
[0.168s] [ 24%] Built target astra_camera_msgs__rosidl_typesupport_c
[0.174s] [ 35%] Built target astra_camera_msgs__rosidl_typesupport_introspection_c
[0.178s] [ 47%] Built target astra_camera_msgs__rosidl_typesupport_fastrtps_c
[0.203s] [ 58%] Built target astra_camera_msgs__rosidl_typesupport_fastrtps_cpp
[0.222s] [ 70%] Built target astra_camera_msgs__rosidl_typesupport_introspection_cpp
[0.229s] [ 82%] Built target astra_camera_msgs__rosidl_typesupport_cpp
[0.260s] [ 82%] Built target astra_camera_msgs
[0.293s] [ 83%] Built target astra_camera_msgs__py
[0.333s] [ 93%] Built target astra_camera_msgs__rosidl_generator_py
[0.378s] [ 95%] Built target astra_camera_msgs__rosidl_typesupport_fastrtps_c__pyext
[0.383s] [ 97%] Built target astra_camera_msgs__rosidl_typesupport_c__pyext
[0.391s] [100%] Built target astra_camera_msgs__rosidl_typesupport_introspection_c__pyext
[0.515s] running egg_info
[0.516s] writing astra_camera_msgs.egg-info/PKG-INFO
[0.516s] writing dependency_links to astra_camera_msgs.egg-info/dependency_links.txt
[0.517s] writing top-level names to astra_camera_msgs.egg-info/top_level.txt
[0.522s] reading manifest file 'astra_camera_msgs.egg-info/SOURCES.txt'
[0.524s] writing manifest file 'astra_camera_msgs.egg-info/SOURCES.txt'
[0.583s] [100%] Built target ament_cmake_python_build_astra_camera_msgs_egg
[0.597s] Invoked command in '/home/robotec/ros2_ws/build/astra_camera_msgs' returned '0': CMAKE_PREFIX_PATH=/opt/ros/humble /usr/bin/cmake --build /home/robotec/ros2_ws/build/astra_camera_msgs -- -j4 -l4
[0.601s] Invoking command in '/home/robotec/ros2_ws/build/astra_camera_msgs': CMAKE_PREFIX_PATH=/opt/ros/humble /usr/bin/cmake --install /home/robotec/ros2_ws/build/astra_camera_msgs
[0.618s] -- Install configuration: "Release"
[0.619s] -- Up-to-date: /home/robotec/ros2_ws/install/astra_camera_msgs/share/ament_index/resource_index/rosidl_interfaces/astra_camera_msgs
[0.619s] -- Up-to-date: /home/robotec/ros2_ws/install/astra_camera_msgs/include/astra_camera_msgs/astra_camera_msgs
[0.620s] -- Up-to-date: /home/robotec/ros2_ws/install/astra_camera_msgs/include/astra_camera_msgs/astra_camera_msgs/srv
[0.621s] -- Up-to-date: /home/robotec/ros2_ws/install/astra_camera_msgs/include/astra_camera_msgs/astra_camera_msgs/srv/detail
[0.624s] -- Up-to-date: /home/robotec/ros2_ws/install/astra_camera_msgs/include/astra_camera_msgs/astra_camera_msgs/srv/detail/set_int32__functions.h
[0.625s] -- Up-to-date: /home/robotec/ros2_ws/install/astra_camera_msgs/include/astra_camera_msgs/astra_camera_msgs/srv/detail/get_camera_params__struct.h
[0.626s] -- Up-to-date: /home/robotec/ros2_ws/install/astra_camera_msgs/include/astra_camera_msgs/astra_camera_msgs/srv/detail/get_string__struct.h
[0.626s] -- Up-to-date: /home/robotec/ros2_ws/install/astra_camera_msgs/include/astra_camera_msgs/astra_camera_msgs/srv/detail/get_camera_info__type_support.h
[0.626s] -- Up-to-date: /home/robotec/ros2_ws/install/astra_camera_msgs/include/astra_camera_msgs/astra_camera_msgs/srv/detail/get_device_info__type_support.h
[0.626s] -- Up-to-date: /home/robotec/ros2_ws/install/astra_camera_msgs/include/astra_camera_msgs/astra_camera_msgs/srv/detail/get_int32__struct.h
[0.626s] -- Up-to-date: /home/robotec/ros2_ws/install/astra_camera_msgs/include/astra_camera_msgs/astra_camera_msgs/srv/detail/get_int32__functions.c
[0.626s] -- Up-to-date: /home/robotec/ros2_ws/install/astra_camera_msgs/include/astra_camera_msgs/astra_camera_msgs/srv/detail/get_camera_info__functions.c
[0.627s] -- Up-to-date: /home/robotec/ros2_ws/install/astra_camera_msgs/include/astra_camera_msgs/astra_camera_msgs/srv/detail/get_camera_params__functions.c
[0.627s] -- Up-to-date: /home/robotec/ros2_ws/install/astra_camera_msgs/include/astra_camera_msgs/astra_camera_msgs/srv/detail/set_int32__functions.c
[0.627s] -- Up-to-date: /home/robotec/ros2_ws/install/astra_camera_msgs/include/astra_camera_msgs/astra_camera_msgs/srv/detail/set_int32__struct.h
[0.627s] -- Up-to-date: /home/robotec/ros2_ws/install/astra_camera_msgs/include/astra_camera_msgs/astra_camera_msgs/srv/detail/get_device_info__functions.h
[0.627s] -- Up-to-date: /home/robotec/ros2_ws/install/astra_camera_msgs/include/astra_camera_msgs/astra_camera_msgs/srv/detail/set_int32__type_support.h
[0.627s] -- Up-to-date: /home/robotec/ros2_ws/install/astra_camera_msgs/include/astra_camera_msgs/astra_camera_msgs/srv/detail/get_camera_info__functions.h
[0.627s] -- Up-to-date: /home/robotec/ros2_ws/install/astra_camera_msgs/include/astra_camera_msgs/astra_camera_msgs/srv/detail/get_camera_params__functions.h
[0.627s] -- Up-to-date: /home/robotec/ros2_ws/install/astra_camera_msgs/include/astra_camera_msgs/astra_camera_msgs/srv/detail/get_device_info__functions.c
[0.628s] -- Up-to-date: /home/robotec/ros2_ws/install/astra_camera_msgs/include/astra_camera_msgs/astra_camera_msgs/srv/detail/get_string__type_support.h
[0.628s] -- Up-to-date: /home/robotec/ros2_ws/install/astra_camera_msgs/include/astra_camera_msgs/astra_camera_msgs/srv/detail/get_int32__functions.h
[0.628s] -- Up-to-date: /home/robotec/ros2_ws/install/astra_camera_msgs/include/astra_camera_msgs/astra_camera_msgs/srv/detail/get_string__functions.h
[0.628s] -- Up-to-date: /home/robotec/ros2_ws/install/astra_camera_msgs/include/astra_camera_msgs/astra_camera_msgs/srv/detail/get_string__functions.c
[0.628s] -- Up-to-date: /home/robotec/ros2_ws/install/astra_camera_msgs/include/astra_camera_msgs/astra_camera_msgs/srv/detail/get_camera_info__struct.h
[0.628s] -- Up-to-date: /home/robotec/ros2_ws/install/astra_camera_msgs/include/astra_camera_msgs/astra_camera_msgs/srv/detail/get_device_info__struct.h
[0.628s] -- Up-to-date: /home/robotec/ros2_ws/install/astra_camera_msgs/include/astra_camera_msgs/astra_camera_msgs/srv/detail/get_int32__type_support.h
[0.629s] -- Up-to-date: /home/robotec/ros2_ws/install/astra_camera_msgs/include/astra_camera_msgs/astra_camera_msgs/srv/detail/get_camera_params__type_support.h
[0.629s] -- Up-to-date: /home/robotec/ros2_ws/install/astra_camera_msgs/include/astra_camera_msgs/astra_camera_msgs/srv/get_camera_params.h
[0.629s] -- Up-to-date: /home/robotec/ros2_ws/install/astra_camera_msgs/include/astra_camera_msgs/astra_camera_msgs/srv/set_int32.h
[0.629s] -- Up-to-date: /home/robotec/ros2_ws/install/astra_camera_msgs/include/astra_camera_msgs/astra_camera_msgs/srv/get_string.h
[0.629s] -- Up-to-date: /home/robotec/ros2_ws/install/astra_camera_msgs/include/astra_camera_msgs/astra_camera_msgs/srv/get_device_info.h
[0.629s] -- Up-to-date: /home/robotec/ros2_ws/install/astra_camera_msgs/include/astra_camera_msgs/astra_camera_msgs/srv/get_int32.h
[0.629s] -- Up-to-date: /home/robotec/ros2_ws/install/astra_camera_msgs/include/astra_camera_msgs/astra_camera_msgs/srv/get_camera_info.h
[0.629s] -- Up-to-date: /home/robotec/ros2_ws/install/astra_camera_msgs/include/astra_camera_msgs/astra_camera_msgs/msg
[0.630s] -- Up-to-date: /home/robotec/ros2_ws/install/astra_camera_msgs/include/astra_camera_msgs/astra_camera_msgs/msg/detail
[0.630s] -- Up-to-date: /home/robotec/ros2_ws/install/astra_camera_msgs/include/astra_camera_msgs/astra_camera_msgs/msg/detail/device_info__functions.c
[0.630s] -- Up-to-date: /home/robotec/ros2_ws/install/astra_camera_msgs/include/astra_camera_msgs/astra_camera_msgs/msg/detail/extrinsics__struct.h
[0.630s] -- Up-to-date: /home/robotec/ros2_ws/install/astra_camera_msgs/include/astra_camera_msgs/astra_camera_msgs/msg/detail/metadata__struct.h
[0.630s] -- Up-to-date: /home/robotec/ros2_ws/install/astra_camera_msgs/include/astra_camera_msgs/astra_camera_msgs/msg/detail/device_info__type_support.h
[0.630s] -- Up-to-date: /home/robotec/ros2_ws/install/astra_camera_msgs/include/astra_camera_msgs/astra_camera_msgs/msg/detail/extrinsics__functions.h
[0.630s] -- Up-to-date: /home/robotec/ros2_ws/install/astra_camera_msgs/include/astra_camera_msgs/astra_camera_msgs/msg/detail/metadata__functions.h
[0.630s] -- Up-to-date: /home/robotec/ros2_ws/install/astra_camera_msgs/include/astra_camera_msgs/astra_camera_msgs/msg/detail/device_info__struct.h
[0.631s] -- Up-to-date: /home/robotec/ros2_ws/install/astra_camera_msgs/include/astra_camera_msgs/astra_camera_msgs/msg/detail/extrinsics__functions.c
[0.631s] -- Up-to-date: /home/robotec/ros2_ws/install/astra_camera_msgs/include/astra_camera_msgs/astra_camera_msgs/msg/detail/extrinsics__type_support.h
[0.631s] -- Up-to-date: /home/robotec/ros2_ws/install/astra_camera_msgs/include/astra_camera_msgs/astra_camera_msgs/msg/detail/device_info__functions.h
[0.631s] -- Up-to-date: /home/robotec/ros2_ws/install/astra_camera_msgs/include/astra_camera_msgs/astra_camera_msgs/msg/detail/metadata__functions.c
[0.632s] -- Up-to-date: /home/robotec/ros2_ws/install/astra_camera_msgs/include/astra_camera_msgs/astra_camera_msgs/msg/detail/metadata__type_support.h
[0.632s] -- Up-to-date: /home/robotec/ros2_ws/install/astra_camera_msgs/include/astra_camera_msgs/astra_camera_msgs/msg/rosidl_generator_c__visibility_control.h
[0.633s] -- Up-to-date: /home/robotec/ros2_ws/install/astra_camera_msgs/include/astra_camera_msgs/astra_camera_msgs/msg/device_info.h
[0.633s] -- Up-to-date: /home/robotec/ros2_ws/install/astra_camera_msgs/include/astra_camera_msgs/astra_camera_msgs/msg/extrinsics.h
[0.634s] -- Up-to-date: /home/robotec/ros2_ws/install/astra_camera_msgs/include/astra_camera_msgs/astra_camera_msgs/msg/metadata.h
[0.637s] -- Up-to-date: /home/robotec/ros2_ws/install/astra_camera_msgs/share/astra_camera_msgs/environment/library_path.sh
[0.637s] -- Installing: /home/robotec/ros2_ws/install/astra_camera_msgs/share/astra_camera_msgs/environment/library_path.dsv
[0.637s] -- Up-to-date: /home/robotec/ros2_ws/install/astra_camera_msgs/lib/libastra_camera_msgs__rosidl_generator_c.so
[0.637s] -- Up-to-date: /home/robotec/ros2_ws/install/astra_camera_msgs/include/astra_camera_msgs/astra_camera_msgs
[0.637s] -- Up-to-date: /home/robotec/ros2_ws/install/astra_camera_msgs/include/astra_camera_msgs/astra_camera_msgs/srv
[0.637s] -- Up-to-date: /home/robotec/ros2_ws/install/astra_camera_msgs/include/astra_camera_msgs/astra_camera_msgs/srv/detail
[0.637s] -- Up-to-date: /home/robotec/ros2_ws/install/astra_camera_msgs/include/astra_camera_msgs/astra_camera_msgs/srv/detail/get_camera_info__rosidl_typesupport_fastrtps_c.h
[0.637s] -- Up-to-date: /home/robotec/ros2_ws/install/astra_camera_msgs/include/astra_camera_msgs/astra_camera_msgs/srv/detail/get_device_info__rosidl_typesupport_fastrtps_c.h
[0.638s] -- Up-to-date: /home/robotec/ros2_ws/install/astra_camera_msgs/include/astra_camera_msgs/astra_camera_msgs/srv/detail/get_camera_params__rosidl_typesupport_fastrtps_c.h
[0.638s] -- Up-to-date: /home/robotec/ros2_ws/install/astra_camera_msgs/include/astra_camera_msgs/astra_camera_msgs/srv/detail/get_int32__rosidl_typesupport_fastrtps_c.h
[0.638s] -- Up-to-date: /home/robotec/ros2_ws/install/astra_camera_msgs/include/astra_camera_msgs/astra_camera_msgs/srv/detail/set_int32__rosidl_typesupport_fastrtps_c.h
[0.638s] -- Up-to-date: /home/robotec/ros2_ws/install/astra_camera_msgs/include/astra_camera_msgs/astra_camera_msgs/srv/detail/get_string__rosidl_typesupport_fastrtps_c.h
[0.638s] -- Up-to-date: /home/robotec/ros2_ws/install/astra_camera_msgs/include/astra_camera_msgs/astra_camera_msgs/msg
[0.638s] -- Up-to-date: /home/robotec/ros2_ws/install/astra_camera_msgs/include/astra_camera_msgs/astra_camera_msgs/msg/detail
[0.638s] -- Up-to-date: /home/robotec/ros2_ws/install/astra_camera_msgs/include/astra_camera_msgs/astra_camera_msgs/msg/detail/device_info__rosidl_typesupport_fastrtps_c.h
[0.638s] -- Up-to-date: /home/robotec/ros2_ws/install/astra_camera_msgs/include/astra_camera_msgs/astra_camera_msgs/msg/detail/metadata__rosidl_typesupport_fastrtps_c.h
[0.638s] -- Up-to-date: /home/robotec/ros2_ws/install/astra_camera_msgs/include/astra_camera_msgs/astra_camera_msgs/msg/detail/extrinsics__rosidl_typesupport_fastrtps_c.h
[0.639s] -- Up-to-date: /home/robotec/ros2_ws/install/astra_camera_msgs/include/astra_camera_msgs/astra_camera_msgs/msg/rosidl_typesupport_fastrtps_c__visibility_control.h
[0.639s] -- Up-to-date: /home/robotec/ros2_ws/install/astra_camera_msgs/lib/libastra_camera_msgs__rosidl_typesupport_fastrtps_c.so
[0.639s] -- Up-to-date: /home/robotec/ros2_ws/install/astra_camera_msgs/include/astra_camera_msgs/astra_camera_msgs
[0.639s] -- Up-to-date: /home/robotec/ros2_ws/install/astra_camera_msgs/include/astra_camera_msgs/astra_camera_msgs/srv
[0.639s] -- Up-to-date: /home/robotec/ros2_ws/install/astra_camera_msgs/include/astra_camera_msgs/astra_camera_msgs/srv/detail
[0.639s] -- Up-to-date: /home/robotec/ros2_ws/install/astra_camera_msgs/include/astra_camera_msgs/astra_camera_msgs/srv/detail/get_string__type_support.c
[0.639s] -- Up-to-date: /home/robotec/ros2_ws/install/astra_camera_msgs/include/astra_camera_msgs/astra_camera_msgs/srv/detail/set_int32__rosidl_typesupport_introspection_c.h
[0.640s] -- Up-to-date: /home/robotec/ros2_ws/install/astra_camera_msgs/include/astra_camera_msgs/astra_camera_msgs/srv/detail/get_camera_params__rosidl_typesupport_introspection_c.h
[0.640s] -- Up-to-date: /home/robotec/ros2_ws/install/astra_camera_msgs/include/astra_camera_msgs/astra_camera_msgs/srv/detail/get_device_info__rosidl_typesupport_introspection_c.h
[0.640s] -- Up-to-date: /home/robotec/ros2_ws/install/astra_camera_msgs/include/astra_camera_msgs/astra_camera_msgs/srv/detail/get_int32__rosidl_typesupport_introspection_c.h
[0.640s] -- Up-to-date: /home/robotec/ros2_ws/install/astra_camera_msgs/include/astra_camera_msgs/astra_camera_msgs/srv/detail/get_int32__type_support.c
[0.640s] -- Up-to-date: /home/robotec/ros2_ws/install/astra_camera_msgs/include/astra_camera_msgs/astra_camera_msgs/srv/detail/set_int32__type_support.c
[0.640s] -- Up-to-date: /home/robotec/ros2_ws/install/astra_camera_msgs/include/astra_camera_msgs/astra_camera_msgs/srv/detail/get_camera_info__type_support.c
[0.640s] -- Up-to-date: /home/robotec/ros2_ws/install/astra_camera_msgs/include/astra_camera_msgs/astra_camera_msgs/srv/detail/get_camera_params__type_support.c
[0.640s] -- Up-to-date: /home/robotec/ros2_ws/install/astra_camera_msgs/include/astra_camera_msgs/astra_camera_msgs/srv/detail/get_camera_info__rosidl_typesupport_introspection_c.h
[0.640s] -- Up-to-date: /home/robotec/ros2_ws/install/astra_camera_msgs/include/astra_camera_msgs/astra_camera_msgs/srv/detail/get_device_info__type_support.c
[0.640s] -- Up-to-date: /home/robotec/ros2_ws/install/astra_camera_msgs/include/astra_camera_msgs/astra_camera_msgs/srv/detail/get_string__rosidl_typesupport_introspection_c.h
[0.641s] -- Up-to-date: /home/robotec/ros2_ws/install/astra_camera_msgs/include/astra_camera_msgs/astra_camera_msgs/msg
[0.641s] -- Up-to-date: /home/robotec/ros2_ws/install/astra_camera_msgs/include/astra_camera_msgs/astra_camera_msgs/msg/detail
[0.641s] -- Up-to-date: /home/robotec/ros2_ws/install/astra_camera_msgs/include/astra_camera_msgs/astra_camera_msgs/msg/detail/device_info__type_support.c
[0.644s] -- Up-to-date: /home/robotec/ros2_ws/install/astra_camera_msgs/include/astra_camera_msgs/astra_camera_msgs/msg/detail/extrinsics__type_support.c
[0.645s] -- Up-to-date: /home/robotec/ros2_ws/install/astra_camera_msgs/include/astra_camera_msgs/astra_camera_msgs/msg/detail/extrinsics__rosidl_typesupport_introspection_c.h
[0.645s] -- Up-to-date: /home/robotec/ros2_ws/install/astra_camera_msgs/include/astra_camera_msgs/astra_camera_msgs/msg/detail/device_info__rosidl_typesupport_introspection_c.h
[0.646s] -- Up-to-date: /home/robotec/ros2_ws/install/astra_camera_msgs/include/astra_camera_msgs/astra_camera_msgs/msg/detail/metadata__rosidl_typesupport_introspection_c.h
[0.646s] -- Up-to-date: /home/robotec/ros2_ws/install/astra_camera_msgs/include/astra_camera_msgs/astra_camera_msgs/msg/detail/metadata__type_support.c
[0.646s] -- Up-to-date: /home/robotec/ros2_ws/install/astra_camera_msgs/include/astra_camera_msgs/astra_camera_msgs/msg/rosidl_typesupport_introspection_c__visibility_control.h
[0.646s] -- Up-to-date: /home/robotec/ros2_ws/install/astra_camera_msgs/lib/libastra_camera_msgs__rosidl_typesupport_introspection_c.so
[0.646s] -- Up-to-date: /home/robotec/ros2_ws/install/astra_camera_msgs/lib/libastra_camera_msgs__rosidl_typesupport_c.so
[0.646s] -- Up-to-date: /home/robotec/ros2_ws/install/astra_camera_msgs/include/astra_camera_msgs/astra_camera_msgs
[0.647s] -- Up-to-date: /home/robotec/ros2_ws/install/astra_camera_msgs/include/astra_camera_msgs/astra_camera_msgs/srv
[0.647s] -- Up-to-date: /home/robotec/ros2_ws/install/astra_camera_msgs/include/astra_camera_msgs/astra_camera_msgs/srv/detail
[0.647s] -- Up-to-date: /home/robotec/ros2_ws/install/astra_camera_msgs/include/astra_camera_msgs/astra_camera_msgs/srv/detail/get_camera_info__struct.hpp
[0.647s] -- Up-to-date: /home/robotec/ros2_ws/install/astra_camera_msgs/include/astra_camera_msgs/astra_camera_msgs/srv/detail/get_int32__type_support.hpp
[0.647s] -- Up-to-date: /home/robotec/ros2_ws/install/astra_camera_msgs/include/astra_camera_msgs/astra_camera_msgs/srv/detail/get_device_info__traits.hpp
[0.648s] -- Up-to-date: /home/robotec/ros2_ws/install/astra_camera_msgs/include/astra_camera_msgs/astra_camera_msgs/srv/detail/get_int32__traits.hpp
[0.648s] -- Up-to-date: /home/robotec/ros2_ws/install/astra_camera_msgs/include/astra_camera_msgs/astra_camera_msgs/srv/detail/set_int32__traits.hpp
[0.648s] -- Up-to-date: /home/robotec/ros2_ws/install/astra_camera_msgs/include/astra_camera_msgs/astra_camera_msgs/srv/detail/set_int32__type_support.hpp
[0.649s] -- Up-to-date: /home/robotec/ros2_ws/install/astra_camera_msgs/include/astra_camera_msgs/astra_camera_msgs/srv/detail/get_int32__struct.hpp
[0.649s] -- Up-to-date: /home/robotec/ros2_ws/install/astra_camera_msgs/include/astra_camera_msgs/astra_camera_msgs/srv/detail/get_camera_params__builder.hpp
[0.649s] -- Up-to-date: /home/robotec/ros2_ws/install/astra_camera_msgs/include/astra_camera_msgs/astra_camera_msgs/srv/detail/get_camera_params__struct.hpp
[0.650s] -- Up-to-date: /home/robotec/ros2_ws/install/astra_camera_msgs/include/astra_camera_msgs/astra_camera_msgs/srv/detail/get_camera_info__type_support.hpp
[0.650s] -- Up-to-date: /home/robotec/ros2_ws/install/astra_camera_msgs/include/astra_camera_msgs/astra_camera_msgs/srv/detail/get_string__traits.hpp
[0.650s] -- Up-to-date: /home/robotec/ros2_ws/install/astra_camera_msgs/include/astra_camera_msgs/astra_camera_msgs/srv/detail/get_camera_info__builder.hpp
[0.651s] -- Up-to-date: /home/robotec/ros2_ws/install/astra_camera_msgs/include/astra_camera_msgs/astra_camera_msgs/srv/detail/get_int32__builder.hpp
[0.651s] -- Up-to-date: /home/robotec/ros2_ws/install/astra_camera_msgs/include/astra_camera_msgs/astra_camera_msgs/srv/detail/get_string__struct.hpp
[0.651s] -- Up-to-date: /home/robotec/ros2_ws/install/astra_camera_msgs/include/astra_camera_msgs/astra_camera_msgs/srv/detail/set_int32__builder.hpp
[0.651s] -- Up-to-date: /home/robotec/ros2_ws/install/astra_camera_msgs/include/astra_camera_msgs/astra_camera_msgs/srv/detail/get_camera_params__type_support.hpp
[0.651s] -- Up-to-date: /home/robotec/ros2_ws/install/astra_camera_msgs/include/astra_camera_msgs/astra_camera_msgs/srv/detail/get_device_info__builder.hpp
[0.651s] -- Up-to-date: /home/robotec/ros2_ws/install/astra_camera_msgs/include/astra_camera_msgs/astra_camera_msgs/srv/detail/get_device_info__type_support.hpp
[0.651s] -- Up-to-date: /home/robotec/ros2_ws/install/astra_camera_msgs/include/astra_camera_msgs/astra_camera_msgs/srv/detail/get_string__builder.hpp
[0.651s] -- Up-to-date: /home/robotec/ros2_ws/install/astra_camera_msgs/include/astra_camera_msgs/astra_camera_msgs/srv/detail/get_string__type_support.hpp
[0.652s] -- Up-to-date: /home/robotec/ros2_ws/install/astra_camera_msgs/include/astra_camera_msgs/astra_camera_msgs/srv/detail/set_int32__struct.hpp
[0.652s] -- Up-to-date: /home/robotec/ros2_ws/install/astra_camera_msgs/include/astra_camera_msgs/astra_camera_msgs/srv/detail/get_camera_info__traits.hpp
[0.652s] -- Up-to-date: /home/robotec/ros2_ws/install/astra_camera_msgs/include/astra_camera_msgs/astra_camera_msgs/srv/detail/get_device_info__struct.hpp
[0.652s] -- Up-to-date: /home/robotec/ros2_ws/install/astra_camera_msgs/include/astra_camera_msgs/astra_camera_msgs/srv/detail/get_camera_params__traits.hpp
[0.652s] -- Up-to-date: /home/robotec/ros2_ws/install/astra_camera_msgs/include/astra_camera_msgs/astra_camera_msgs/srv/get_device_info.hpp
[0.652s] -- Up-to-date: /home/robotec/ros2_ws/install/astra_camera_msgs/include/astra_camera_msgs/astra_camera_msgs/srv/get_string.hpp
[0.653s] -- Up-to-date: /home/robotec/ros2_ws/install/astra_camera_msgs/include/astra_camera_msgs/astra_camera_msgs/srv/get_camera_info.hpp
[0.653s] -- Up-to-date: /home/robotec/ros2_ws/install/astra_camera_msgs/include/astra_camera_msgs/astra_camera_msgs/srv/get_int32.hpp
[0.653s] -- Up-to-date: /home/robotec/ros2_ws/install/astra_camera_msgs/include/astra_camera_msgs/astra_camera_msgs/srv/set_int32.hpp
[0.653s] -- Up-to-date: /home/robotec/ros2_ws/install/astra_camera_msgs/include/astra_camera_msgs/astra_camera_msgs/srv/get_camera_params.hpp
[0.653s] -- Up-to-date: /home/robotec/ros2_ws/install/astra_camera_msgs/include/astra_camera_msgs/astra_camera_msgs/msg
[0.653s] -- Up-to-date: /home/robotec/ros2_ws/install/astra_camera_msgs/include/astra_camera_msgs/astra_camera_msgs/msg/detail
[0.653s] -- Up-to-date: /home/robotec/ros2_ws/install/astra_camera_msgs/include/astra_camera_msgs/astra_camera_msgs/msg/detail/device_info__struct.hpp
[0.653s] -- Up-to-date: /home/robotec/ros2_ws/install/astra_camera_msgs/include/astra_camera_msgs/astra_camera_msgs/msg/detail/extrinsics__struct.hpp
[0.653s] -- Up-to-date: /home/robotec/ros2_ws/install/astra_camera_msgs/include/astra_camera_msgs/astra_camera_msgs/msg/detail/metadata__builder.hpp
[0.654s] -- Up-to-date: /home/robotec/ros2_ws/install/astra_camera_msgs/include/astra_camera_msgs/astra_camera_msgs/msg/detail/device_info__builder.hpp
[0.654s] -- Up-to-date: /home/robotec/ros2_ws/install/astra_camera_msgs/include/astra_camera_msgs/astra_camera_msgs/msg/detail/extrinsics__builder.hpp
[0.654s] -- Up-to-date: /home/robotec/ros2_ws/install/astra_camera_msgs/include/astra_camera_msgs/astra_camera_msgs/msg/detail/extrinsics__traits.hpp
[0.654s] -- Up-to-date: /home/robotec/ros2_ws/install/astra_camera_msgs/include/astra_camera_msgs/astra_camera_msgs/msg/detail/metadata__struct.hpp
[0.654s] -- Up-to-date: /home/robotec/ros2_ws/install/astra_camera_msgs/include/astra_camera_msgs/astra_camera_msgs/msg/detail/metadata__type_support.hpp
[0.654s] -- Up-to-date: /home/robotec/ros2_ws/install/astra_camera_msgs/include/astra_camera_msgs/astra_camera_msgs/msg/detail/metadata__traits.hpp
[0.654s] -- Up-to-date: /home/robotec/ros2_ws/install/astra_camera_msgs/include/astra_camera_msgs/astra_camera_msgs/msg/detail/device_info__traits.hpp
[0.654s] -- Up-to-date: /home/robotec/ros2_ws/install/astra_camera_msgs/include/astra_camera_msgs/astra_camera_msgs/msg/detail/extrinsics__type_support.hpp
[0.654s] -- Up-to-date: /home/robotec/ros2_ws/install/astra_camera_msgs/include/astra_camera_msgs/astra_camera_msgs/msg/detail/device_info__type_support.hpp
[0.655s] -- Up-to-date: /home/robotec/ros2_ws/install/astra_camera_msgs/include/astra_camera_msgs/astra_camera_msgs/msg/extrinsics.hpp
[0.655s] -- Up-to-date: /home/robotec/ros2_ws/install/astra_camera_msgs/include/astra_camera_msgs/astra_camera_msgs/msg/rosidl_generator_cpp__visibility_control.hpp
[0.655s] -- Up-to-date: /home/robotec/ros2_ws/install/astra_camera_msgs/include/astra_camera_msgs/astra_camera_msgs/msg/device_info.hpp
[0.655s] -- Up-to-date: /home/robotec/ros2_ws/install/astra_camera_msgs/include/astra_camera_msgs/astra_camera_msgs/msg/metadata.hpp
[0.655s] -- Up-to-date: /home/robotec/ros2_ws/install/astra_camera_msgs/include/astra_camera_msgs/astra_camera_msgs
[0.655s] -- Up-to-date: /home/robotec/ros2_ws/install/astra_camera_msgs/include/astra_camera_msgs/astra_camera_msgs/srv
[0.655s] -- Up-to-date: /home/robotec/ros2_ws/install/astra_camera_msgs/include/astra_camera_msgs/astra_camera_msgs/srv/detail
[0.655s] -- Up-to-date: /home/robotec/ros2_ws/install/astra_camera_msgs/include/astra_camera_msgs/astra_camera_msgs/srv/detail/get_device_info__rosidl_typesupport_fastrtps_cpp.hpp
[0.656s] -- Up-to-date: /home/robotec/ros2_ws/install/astra_camera_msgs/include/astra_camera_msgs/astra_camera_msgs/srv/detail/set_int32__rosidl_typesupport_fastrtps_cpp.hpp
[0.656s] -- Up-to-date: /home/robotec/ros2_ws/install/astra_camera_msgs/include/astra_camera_msgs/astra_camera_msgs/srv/detail/dds_fastrtps
[0.656s] -- Up-to-date: /home/robotec/ros2_ws/install/astra_camera_msgs/include/astra_camera_msgs/astra_camera_msgs/srv/detail/get_camera_params__rosidl_typesupport_fastrtps_cpp.hpp
[0.656s] -- Up-to-date: /home/robotec/ros2_ws/install/astra_camera_msgs/include/astra_camera_msgs/astra_camera_msgs/srv/detail/get_string__rosidl_typesupport_fastrtps_cpp.hpp
[0.656s] -- Up-to-date: /home/robotec/ros2_ws/install/astra_camera_msgs/include/astra_camera_msgs/astra_camera_msgs/srv/detail/get_camera_info__rosidl_typesupport_fastrtps_cpp.hpp
[0.656s] -- Up-to-date: /home/robotec/ros2_ws/install/astra_camera_msgs/include/astra_camera_msgs/astra_camera_msgs/srv/detail/get_int32__rosidl_typesupport_fastrtps_cpp.hpp
[0.656s] -- Up-to-date: /home/robotec/ros2_ws/install/astra_camera_msgs/include/astra_camera_msgs/astra_camera_msgs/msg
[0.656s] -- Up-to-date: /home/robotec/ros2_ws/install/astra_camera_msgs/include/astra_camera_msgs/astra_camera_msgs/msg/detail
[0.657s] -- Up-to-date: /home/robotec/ros2_ws/install/astra_camera_msgs/include/astra_camera_msgs/astra_camera_msgs/msg/detail/metadata__rosidl_typesupport_fastrtps_cpp.hpp
[0.657s] -- Up-to-date: /home/robotec/ros2_ws/install/astra_camera_msgs/include/astra_camera_msgs/astra_camera_msgs/msg/detail/dds_fastrtps
[0.657s] -- Up-to-date: /home/robotec/ros2_ws/install/astra_camera_msgs/include/astra_camera_msgs/astra_camera_msgs/msg/detail/device_info__rosidl_typesupport_fastrtps_cpp.hpp
[0.657s] -- Up-to-date: /home/robotec/ros2_ws/install/astra_camera_msgs/include/astra_camera_msgs/astra_camera_msgs/msg/detail/extrinsics__rosidl_typesupport_fastrtps_cpp.hpp
[0.657s] -- Up-to-date: /home/robotec/ros2_ws/install/astra_camera_msgs/include/astra_camera_msgs/astra_camera_msgs/msg/rosidl_typesupport_fastrtps_cpp__visibility_control.h
[0.658s] -- Up-to-date: /home/robotec/ros2_ws/install/astra_camera_msgs/lib/libastra_camera_msgs__rosidl_typesupport_fastrtps_cpp.so
[0.659s] -- Up-to-date: /home/robotec/ros2_ws/install/astra_camera_msgs/include/astra_camera_msgs/astra_camera_msgs
[0.659s] -- Up-to-date: /home/robotec/ros2_ws/install/astra_camera_msgs/include/astra_camera_msgs/astra_camera_msgs/srv
[0.661s] -- Up-to-date: /home/robotec/ros2_ws/install/astra_camera_msgs/include/astra_camera_msgs/astra_camera_msgs/srv/detail
[0.661s] -- Up-to-date: /home/robotec/ros2_ws/install/astra_camera_msgs/include/astra_camera_msgs/astra_camera_msgs/srv/detail/set_int32__type_support.cpp
[0.661s] -- Up-to-date: /home/robotec/ros2_ws/install/astra_camera_msgs/include/astra_camera_msgs/astra_camera_msgs/srv/detail/get_camera_info__type_support.cpp
[0.661s] -- Up-to-date: /home/robotec/ros2_ws/install/astra_camera_msgs/include/astra_camera_msgs/astra_camera_msgs/srv/detail/get_device_info__rosidl_typesupport_introspection_cpp.hpp
[0.662s] -- Up-to-date: /home/robotec/ros2_ws/install/astra_camera_msgs/include/astra_camera_msgs/astra_camera_msgs/srv/detail/get_camera_info__rosidl_typesupport_introspection_cpp.hpp
[0.662s] -- Up-to-date: /home/robotec/ros2_ws/install/astra_camera_msgs/include/astra_camera_msgs/astra_camera_msgs/srv/detail/get_camera_params__type_support.cpp
[0.662s] -- Up-to-date: /home/robotec/ros2_ws/install/astra_camera_msgs/include/astra_camera_msgs/astra_camera_msgs/srv/detail/set_int32__rosidl_typesupport_introspection_cpp.hpp
[0.662s] -- Up-to-date: /home/robotec/ros2_ws/install/astra_camera_msgs/include/astra_camera_msgs/astra_camera_msgs/srv/detail/get_string__rosidl_typesupport_introspection_cpp.hpp
[0.662s] -- Up-to-date: /home/robotec/ros2_ws/install/astra_camera_msgs/include/astra_camera_msgs/astra_camera_msgs/srv/detail/get_int32__rosidl_typesupport_introspection_cpp.hpp
[0.662s] -- Up-to-date: /home/robotec/ros2_ws/install/astra_camera_msgs/include/astra_camera_msgs/astra_camera_msgs/srv/detail/get_camera_params__rosidl_typesupport_introspection_cpp.hpp
[0.663s] -- Up-to-date: /home/robotec/ros2_ws/install/astra_camera_msgs/include/astra_camera_msgs/astra_camera_msgs/srv/detail/get_string__type_support.cpp
[0.663s] -- Up-to-date: /home/robotec/ros2_ws/install/astra_camera_msgs/include/astra_camera_msgs/astra_camera_msgs/srv/detail/get_int32__type_support.cpp
[0.663s] -- Up-to-date: /home/robotec/ros2_ws/install/astra_camera_msgs/include/astra_camera_msgs/astra_camera_msgs/srv/detail/get_device_info__type_support.cpp
[0.663s] -- Up-to-date: /home/robotec/ros2_ws/install/astra_camera_msgs/include/astra_camera_msgs/astra_camera_msgs/msg
[0.663s] -- Up-to-date: /home/robotec/ros2_ws/install/astra_camera_msgs/include/astra_camera_msgs/astra_camera_msgs/msg/detail
[0.663s] -- Up-to-date: /home/robotec/ros2_ws/install/astra_camera_msgs/include/astra_camera_msgs/astra_camera_msgs/msg/detail/metadata__rosidl_typesupport_introspection_cpp.hpp
[0.664s] -- Up-to-date: /home/robotec/ros2_ws/install/astra_camera_msgs/include/astra_camera_msgs/astra_camera_msgs/msg/detail/device_info__rosidl_typesupport_introspection_cpp.hpp
[0.664s] -- Up-to-date: /home/robotec/ros2_ws/install/astra_camera_msgs/include/astra_camera_msgs/astra_camera_msgs/msg/detail/metadata__type_support.cpp
[0.664s] -- Up-to-date: /home/robotec/ros2_ws/install/astra_camera_msgs/include/astra_camera_msgs/astra_camera_msgs/msg/detail/extrinsics__type_support.cpp
[0.664s] -- Up-to-date: /home/robotec/ros2_ws/install/astra_camera_msgs/include/astra_camera_msgs/astra_camera_msgs/msg/detail/device_info__type_support.cpp
[0.664s] -- Up-to-date: /home/robotec/ros2_ws/install/astra_camera_msgs/include/astra_camera_msgs/astra_camera_msgs/msg/detail/extrinsics__rosidl_typesupport_introspection_cpp.hpp
[0.664s] -- Up-to-date: /home/robotec/ros2_ws/install/astra_camera_msgs/lib/libastra_camera_msgs__rosidl_typesupport_introspection_cpp.so
[0.664s] -- Up-to-date: /home/robotec/ros2_ws/install/astra_camera_msgs/lib/libastra_camera_msgs__rosidl_typesupport_cpp.so
[0.664s] -- Up-to-date: /home/robotec/ros2_ws/install/astra_camera_msgs/share/astra_camera_msgs/environment/pythonpath.sh
[0.665s] -- Installing: /home/robotec/ros2_ws/install/astra_camera_msgs/share/astra_camera_msgs/environment/pythonpath.dsv
[0.665s] -- Up-to-date: /home/robotec/ros2_ws/install/astra_camera_msgs/local/lib/python3.10/dist-packages/astra_camera_msgs-1.0.1-py3.10.egg-info
[0.665s] -- Installing: /home/robotec/ros2_ws/install/astra_camera_msgs/local/lib/python3.10/dist-packages/astra_camera_msgs-1.0.1-py3.10.egg-info/top_level.txt
[0.665s] -- Installing: /home/robotec/ros2_ws/install/astra_camera_msgs/local/lib/python3.10/dist-packages/astra_camera_msgs-1.0.1-py3.10.egg-info/dependency_links.txt
[0.665s] -- Installing: /home/robotec/ros2_ws/install/astra_camera_msgs/local/lib/python3.10/dist-packages/astra_camera_msgs-1.0.1-py3.10.egg-info/PKG-INFO
[0.665s] -- Installing: /home/robotec/ros2_ws/install/astra_camera_msgs/local/lib/python3.10/dist-packages/astra_camera_msgs-1.0.1-py3.10.egg-info/SOURCES.txt
[0.666s] -- Up-to-date: /home/robotec/ros2_ws/install/astra_camera_msgs/local/lib/python3.10/dist-packages/astra_camera_msgs
[0.666s] -- Up-to-date: /home/robotec/ros2_ws/install/astra_camera_msgs/local/lib/python3.10/dist-packages/astra_camera_msgs/_astra_camera_msgs_s.ep.rosidl_typesupport_c.c
[0.666s] -- Up-to-date: /home/robotec/ros2_ws/install/astra_camera_msgs/local/lib/python3.10/dist-packages/astra_camera_msgs/astra_camera_msgs_s__rosidl_typesupport_c.cpython-310-x86_64-linux-gnu.so
[0.666s] -- Installing: /home/robotec/ros2_ws/install/astra_camera_msgs/local/lib/python3.10/dist-packages/astra_camera_msgs/__init__.py
[0.666s] -- Up-to-date: /home/robotec/ros2_ws/install/astra_camera_msgs/local/lib/python3.10/dist-packages/astra_camera_msgs/srv
[0.666s] -- Up-to-date: /home/robotec/ros2_ws/install/astra_camera_msgs/local/lib/python3.10/dist-packages/astra_camera_msgs/srv/_get_device_info.py
[0.666s] -- Up-to-date: /home/robotec/ros2_ws/install/astra_camera_msgs/local/lib/python3.10/dist-packages/astra_camera_msgs/srv/_get_camera_info.py
[0.666s] -- Up-to-date: /home/robotec/ros2_ws/install/astra_camera_msgs/local/lib/python3.10/dist-packages/astra_camera_msgs/srv/_get_int32_s.c
[0.666s] -- Up-to-date: /home/robotec/ros2_ws/install/astra_camera_msgs/local/lib/python3.10/dist-packages/astra_camera_msgs/srv/__init__.py
[0.666s] -- Up-to-date: /home/robotec/ros2_ws/install/astra_camera_msgs/local/lib/python3.10/dist-packages/astra_camera_msgs/srv/_set_int32.py
[0.666s] -- Up-to-date: /home/robotec/ros2_ws/install/astra_camera_msgs/local/lib/python3.10/dist-packages/astra_camera_msgs/srv/_get_camera_params_s.c
[0.667s] -- Up-to-date: /home/robotec/ros2_ws/install/astra_camera_msgs/local/lib/python3.10/dist-packages/astra_camera_msgs/srv/_set_int32_s.c
[0.667s] -- Up-to-date: /home/robotec/ros2_ws/install/astra_camera_msgs/local/lib/python3.10/dist-packages/astra_camera_msgs/srv/_get_string_s.c
[0.667s] -- Up-to-date: /home/robotec/ros2_ws/install/astra_camera_msgs/local/lib/python3.10/dist-packages/astra_camera_msgs/srv/_get_device_info_s.c
[0.667s] -- Up-to-date: /home/robotec/ros2_ws/install/astra_camera_msgs/local/lib/python3.10/dist-packages/astra_camera_msgs/srv/_get_string.py
[0.667s] -- Up-to-date: /home/robotec/ros2_ws/install/astra_camera_msgs/local/lib/python3.10/dist-packages/astra_camera_msgs/srv/_get_camera_params.py
[0.667s] -- Up-to-date: /home/robotec/ros2_ws/install/astra_camera_msgs/local/lib/python3.10/dist-packages/astra_camera_msgs/srv/_get_int32.py
[0.667s] -- Up-to-date: /home/robotec/ros2_ws/install/astra_camera_msgs/local/lib/python3.10/dist-packages/astra_camera_msgs/srv/_get_camera_info_s.c
[0.667s] -- Up-to-date: /home/robotec/ros2_ws/install/astra_camera_msgs/local/lib/python3.10/dist-packages/astra_camera_msgs/astra_camera_msgs_s__rosidl_typesupport_fastrtps_c.cpython-310-x86_64-linux-gnu.so
[0.667s] -- Up-to-date: /home/robotec/ros2_ws/install/astra_camera_msgs/local/lib/python3.10/dist-packages/astra_camera_msgs/libastra_camera_msgs__rosidl_generator_py.so
[0.667s] -- Up-to-date: /home/robotec/ros2_ws/install/astra_camera_msgs/local/lib/python3.10/dist-packages/astra_camera_msgs/_astra_camera_msgs_s.ep.rosidl_typesupport_fastrtps_c.c
[0.667s] -- Up-to-date: /home/robotec/ros2_ws/install/astra_camera_msgs/local/lib/python3.10/dist-packages/astra_camera_msgs/astra_camera_msgs_s__rosidl_typesupport_introspection_c.cpython-310-x86_64-linux-gnu.so
[0.668s] -- Up-to-date: /home/robotec/ros2_ws/install/astra_camera_msgs/local/lib/python3.10/dist-packages/astra_camera_msgs/msg
[0.668s] -- Up-to-date: /home/robotec/ros2_ws/install/astra_camera_msgs/local/lib/python3.10/dist-packages/astra_camera_msgs/msg/__init__.py
[0.668s] -- Up-to-date: /home/robotec/ros2_ws/install/astra_camera_msgs/local/lib/python3.10/dist-packages/astra_camera_msgs/msg/_extrinsics_s.c
[0.668s] -- Up-to-date: /home/robotec/ros2_ws/install/astra_camera_msgs/local/lib/python3.10/dist-packages/astra_camera_msgs/msg/_extrinsics.py
[0.668s] -- Up-to-date: /home/robotec/ros2_ws/install/astra_camera_msgs/local/lib/python3.10/dist-packages/astra_camera_msgs/msg/_metadata.py
[0.668s] -- Up-to-date: /home/robotec/ros2_ws/install/astra_camera_msgs/local/lib/python3.10/dist-packages/astra_camera_msgs/msg/_device_info_s.c
[0.668s] -- Up-to-date: /home/robotec/ros2_ws/install/astra_camera_msgs/local/lib/python3.10/dist-packages/astra_camera_msgs/msg/_device_info.py
[0.668s] -- Up-to-date: /home/robotec/ros2_ws/install/astra_camera_msgs/local/lib/python3.10/dist-packages/astra_camera_msgs/msg/_metadata_s.c
[0.668s] -- Up-to-date: /home/robotec/ros2_ws/install/astra_camera_msgs/local/lib/python3.10/dist-packages/astra_camera_msgs/_astra_camera_msgs_s.ep.rosidl_typesupport_introspection_c.c
[0.734s] Listing '/home/robotec/ros2_ws/install/astra_camera_msgs/local/lib/python3.10/dist-packages/astra_camera_msgs'...
[0.735s] Compiling '/home/robotec/ros2_ws/install/astra_camera_msgs/local/lib/python3.10/dist-packages/astra_camera_msgs/__init__.py'...
[0.735s] Listing '/home/robotec/ros2_ws/install/astra_camera_msgs/local/lib/python3.10/dist-packages/astra_camera_msgs/msg'...
[0.735s] Listing '/home/robotec/ros2_ws/install/astra_camera_msgs/local/lib/python3.10/dist-packages/astra_camera_msgs/srv'...
[0.745s] -- Up-to-date: /home/robotec/ros2_ws/install/astra_camera_msgs/local/lib/python3.10/dist-packages/astra_camera_msgs/astra_camera_msgs_s__rosidl_typesupport_fastrtps_c.cpython-310-x86_64-linux-gnu.so
[0.746s] -- Up-to-date: /home/robotec/ros2_ws/install/astra_camera_msgs/local/lib/python3.10/dist-packages/astra_camera_msgs/astra_camera_msgs_s__rosidl_typesupport_introspection_c.cpython-310-x86_64-linux-gnu.so
[0.747s] -- Up-to-date: /home/robotec/ros2_ws/install/astra_camera_msgs/local/lib/python3.10/dist-packages/astra_camera_msgs/astra_camera_msgs_s__rosidl_typesupport_c.cpython-310-x86_64-linux-gnu.so
[0.748s] -- Up-to-date: /home/robotec/ros2_ws/install/astra_camera_msgs/lib/libastra_camera_msgs__rosidl_generator_py.so
[0.749s] -- Up-to-date: /home/robotec/ros2_ws/install/astra_camera_msgs/share/astra_camera_msgs/msg/DeviceInfo.idl
[0.749s] -- Up-to-date: /home/robotec/ros2_ws/install/astra_camera_msgs/share/astra_camera_msgs/msg/Extrinsics.idl
[0.749s] -- Up-to-date: /home/robotec/ros2_ws/install/astra_camera_msgs/share/astra_camera_msgs/msg/Metadata.idl
[0.750s] -- Up-to-date: /home/robotec/ros2_ws/install/astra_camera_msgs/share/astra_camera_msgs/srv/GetDeviceInfo.idl
[0.750s] -- Up-to-date: /home/robotec/ros2_ws/install/astra_camera_msgs/share/astra_camera_msgs/srv/GetCameraInfo.idl
[0.750s] -- Up-to-date: /home/robotec/ros2_ws/install/astra_camera_msgs/share/astra_camera_msgs/srv/GetCameraParams.idl
[0.750s] -- Up-to-date: /home/robotec/ros2_ws/install/astra_camera_msgs/share/astra_camera_msgs/srv/GetInt32.idl
[0.750s] -- Up-to-date: /home/robotec/ros2_ws/install/astra_camera_msgs/share/astra_camera_msgs/srv/GetString.idl
[0.750s] -- Up-to-date: /home/robotec/ros2_ws/install/astra_camera_msgs/share/astra_camera_msgs/srv/SetInt32.idl
[0.751s] -- Up-to-date: /home/robotec/ros2_ws/install/astra_camera_msgs/share/astra_camera_msgs/msg/DeviceInfo.msg
[0.751s] -- Up-to-date: /home/robotec/ros2_ws/install/astra_camera_msgs/share/astra_camera_msgs/msg/Extrinsics.msg
[0.751s] -- Up-to-date: /home/robotec/ros2_ws/install/astra_camera_msgs/share/astra_camera_msgs/msg/Metadata.msg
[0.751s] -- Up-to-date: /home/robotec/ros2_ws/install/astra_camera_msgs/share/astra_camera_msgs/srv/GetDeviceInfo.srv
[0.751s] -- Up-to-date: /home/robotec/ros2_ws/install/astra_camera_msgs/share/astra_camera_msgs/srv/GetDeviceInfo_Request.msg
[0.751s] -- Up-to-date: /home/robotec/ros2_ws/install/astra_camera_msgs/share/astra_camera_msgs/srv/GetDeviceInfo_Response.msg
[0.751s] -- Up-to-date: /home/robotec/ros2_ws/install/astra_camera_msgs/share/astra_camera_msgs/srv/GetCameraInfo.srv
[0.751s] -- Up-to-date: /home/robotec/ros2_ws/install/astra_camera_msgs/share/astra_camera_msgs/srv/GetCameraInfo_Request.msg
[0.751s] -- Up-to-date: /home/robotec/ros2_ws/install/astra_camera_msgs/share/astra_camera_msgs/srv/GetCameraInfo_Response.msg
[0.751s] -- Up-to-date: /home/robotec/ros2_ws/install/astra_camera_msgs/share/astra_camera_msgs/srv/GetCameraParams.srv
[0.751s] -- Up-to-date: /home/robotec/ros2_ws/install/astra_camera_msgs/share/astra_camera_msgs/srv/GetCameraParams_Request.msg
[0.752s] -- Up-to-date: /home/robotec/ros2_ws/install/astra_camera_msgs/share/astra_camera_msgs/srv/GetCameraParams_Response.msg
[0.752s] -- Up-to-date: /home/robotec/ros2_ws/install/astra_camera_msgs/share/astra_camera_msgs/srv/GetInt32.srv
[0.752s] -- Up-to-date: /home/robotec/ros2_ws/install/astra_camera_msgs/share/astra_camera_msgs/srv/GetInt32_Request.msg
[0.752s] -- Up-to-date: /home/robotec/ros2_ws/install/astra_camera_msgs/share/astra_camera_msgs/srv/GetInt32_Response.msg
[0.752s] -- Up-to-date: /home/robotec/ros2_ws/install/astra_camera_msgs/share/astra_camera_msgs/srv/GetString.srv
[0.752s] -- Up-to-date: /home/robotec/ros2_ws/install/astra_camera_msgs/share/astra_camera_msgs/srv/GetString_Request.msg
[0.752s] -- Up-to-date: /home/robotec/ros2_ws/install/astra_camera_msgs/share/astra_camera_msgs/srv/GetString_Response.msg
[0.752s] -- Up-to-date: /home/robotec/ros2_ws/install/astra_camera_msgs/share/astra_camera_msgs/srv/SetInt32.srv
[0.752s] -- Up-to-date: /home/robotec/ros2_ws/install/astra_camera_msgs/share/astra_camera_msgs/srv/SetInt32_Request.msg
[0.752s] -- Up-to-date: /home/robotec/ros2_ws/install/astra_camera_msgs/share/astra_camera_msgs/srv/SetInt32_Response.msg
[0.752s] -- Up-to-date: /home/robotec/ros2_ws/install/astra_camera_msgs/share/ament_index/resource_index/package_run_dependencies/astra_camera_msgs
[0.753s] -- Installing: /home/robotec/ros2_ws/install/astra_camera_msgs/share/ament_index/resource_index/parent_prefix_path/astra_camera_msgs
[0.753s] -- Up-to-date: /home/robotec/ros2_ws/install/astra_camera_msgs/share/astra_camera_msgs/environment/ament_prefix_path.sh
[0.753s] -- Installing: /home/robotec/ros2_ws/install/astra_camera_msgs/share/astra_camera_msgs/environment/ament_prefix_path.dsv
[0.753s] -- Up-to-date: /home/robotec/ros2_ws/install/astra_camera_msgs/share/astra_camera_msgs/environment/path.sh
[0.753s] -- Installing: /home/robotec/ros2_ws/install/astra_camera_msgs/share/astra_camera_msgs/environment/path.dsv
[0.754s] -- Up-to-date: /home/robotec/ros2_ws/install/astra_camera_msgs/share/astra_camera_msgs/local_setup.bash
[0.754s] -- Up-to-date: /home/robotec/ros2_ws/install/astra_camera_msgs/share/astra_camera_msgs/local_setup.sh
[0.754s] -- Up-to-date: /home/robotec/ros2_ws/install/astra_camera_msgs/share/astra_camera_msgs/local_setup.zsh
[0.754s] -- Installing: /home/robotec/ros2_ws/install/astra_camera_msgs/share/astra_camera_msgs/local_setup.dsv
[0.754s] -- Installing: /home/robotec/ros2_ws/install/astra_camera_msgs/share/astra_camera_msgs/package.dsv
[0.755s] -- Up-to-date: /home/robotec/ros2_ws/install/astra_camera_msgs/share/ament_index/resource_index/packages/astra_camera_msgs
[0.757s] -- Up-to-date: /home/robotec/ros2_ws/install/astra_camera_msgs/share/astra_camera_msgs/cmake/export_astra_camera_msgs__rosidl_generator_cExport.cmake
[0.759s] -- Up-to-date: /home/robotec/ros2_ws/install/astra_camera_msgs/share/astra_camera_msgs/cmake/export_astra_camera_msgs__rosidl_generator_cExport-release.cmake
[0.759s] -- Up-to-date: /home/robotec/ros2_ws/install/astra_camera_msgs/share/astra_camera_msgs/cmake/export_astra_camera_msgs__rosidl_typesupport_fastrtps_cExport.cmake
[0.759s] -- Up-to-date: /home/robotec/ros2_ws/install/astra_camera_msgs/share/astra_camera_msgs/cmake/export_astra_camera_msgs__rosidl_typesupport_fastrtps_cExport-release.cmake
[0.761s] -- Up-to-date: /home/robotec/ros2_ws/install/astra_camera_msgs/share/astra_camera_msgs/cmake/astra_camera_msgs__rosidl_typesupport_introspection_cExport.cmake
[0.761s] -- Up-to-date: /home/robotec/ros2_ws/install/astra_camera_msgs/share/astra_camera_msgs/cmake/astra_camera_msgs__rosidl_typesupport_introspection_cExport-release.cmake
[0.761s] -- Up-to-date: /home/robotec/ros2_ws/install/astra_camera_msgs/share/astra_camera_msgs/cmake/astra_camera_msgs__rosidl_typesupport_cExport.cmake
[0.762s] -- Up-to-date: /home/robotec/ros2_ws/install/astra_camera_msgs/share/astra_camera_msgs/cmake/astra_camera_msgs__rosidl_typesupport_cExport-release.cmake
[0.762s] -- Up-to-date: /home/robotec/ros2_ws/install/astra_camera_msgs/share/astra_camera_msgs/cmake/export_astra_camera_msgs__rosidl_generator_cppExport.cmake
[0.762s] -- Up-to-date: /home/robotec/ros2_ws/install/astra_camera_msgs/share/astra_camera_msgs/cmake/export_astra_camera_msgs__rosidl_typesupport_fastrtps_cppExport.cmake
[0.763s] -- Up-to-date: /home/robotec/ros2_ws/install/astra_camera_msgs/share/astra_camera_msgs/cmake/export_astra_camera_msgs__rosidl_typesupport_fastrtps_cppExport-release.cmake
[0.763s] -- Up-to-date: /home/robotec/ros2_ws/install/astra_camera_msgs/share/astra_camera_msgs/cmake/astra_camera_msgs__rosidl_typesupport_introspection_cppExport.cmake
[0.763s] -- Up-to-date: /home/robotec/ros2_ws/install/astra_camera_msgs/share/astra_camera_msgs/cmake/astra_camera_msgs__rosidl_typesupport_introspection_cppExport-release.cmake
[0.764s] -- Up-to-date: /home/robotec/ros2_ws/install/astra_camera_msgs/share/astra_camera_msgs/cmake/astra_camera_msgs__rosidl_typesupport_cppExport.cmake
[0.764s] -- Up-to-date: /home/robotec/ros2_ws/install/astra_camera_msgs/share/astra_camera_msgs/cmake/astra_camera_msgs__rosidl_typesupport_cppExport-release.cmake
[0.764s] -- Up-to-date: /home/robotec/ros2_ws/install/astra_camera_msgs/share/astra_camera_msgs/cmake/export_astra_camera_msgs__rosidl_generator_pyExport.cmake
[0.765s] -- Up-to-date: /home/robotec/ros2_ws/install/astra_camera_msgs/share/astra_camera_msgs/cmake/export_astra_camera_msgs__rosidl_generator_pyExport-release.cmake
[0.766s] -- Up-to-date: /home/robotec/ros2_ws/install/astra_camera_msgs/share/astra_camera_msgs/cmake/rosidl_cmake-extras.cmake
[0.766s] -- Up-to-date: /home/robotec/ros2_ws/install/astra_camera_msgs/share/astra_camera_msgs/cmake/ament_cmake_export_dependencies-extras.cmake
[0.766s] -- Up-to-date: /home/robotec/ros2_ws/install/astra_camera_msgs/share/astra_camera_msgs/cmake/ament_cmake_export_include_directories-extras.cmake
[0.766s] -- Up-to-date: /home/robotec/ros2_ws/install/astra_camera_msgs/share/astra_camera_msgs/cmake/ament_cmake_export_libraries-extras.cmake
[0.766s] -- Up-to-date: /home/robotec/ros2_ws/install/astra_camera_msgs/share/astra_camera_msgs/cmake/ament_cmake_export_targets-extras.cmake
[0.767s] -- Up-to-date: /home/robotec/ros2_ws/install/astra_camera_msgs/share/astra_camera_msgs/cmake/rosidl_cmake_export_typesupport_targets-extras.cmake
[0.767s] -- Up-to-date: /home/robotec/ros2_ws/install/astra_camera_msgs/share/astra_camera_msgs/cmake/rosidl_cmake_export_typesupport_libraries-extras.cmake
[0.767s] -- Up-to-date: /home/robotec/ros2_ws/install/astra_camera_msgs/share/astra_camera_msgs/cmake/astra_camera_msgsConfig.cmake
[0.767s] -- Up-to-date: /home/robotec/ros2_ws/install/astra_camera_msgs/share/astra_camera_msgs/cmake/astra_camera_msgsConfig-version.cmake
[0.767s] -- Up-to-date: /home/robotec/ros2_ws/install/astra_camera_msgs/share/astra_camera_msgs/package.xml
[0.770s] Invoked command in '/home/robotec/ros2_ws/build/astra_camera_msgs' returned '0': CMAKE_PREFIX_PATH=/opt/ros/humble /usr/bin/cmake --install /home/robotec/ros2_ws/build/astra_camera_msgs
