[0.034s] Invoking command in '/home/robotec/ros2_ws/build/libuvc': /usr/bin/cmake /home/robotec/ros2_ws/src/libuvc -DCMAKE_INSTALL_PREFIX=/home/robotec/ros2_ws/install/libuvc
[0.604s] -- The C compiler identification is GNU 11.4.0
[0.604s] -- Detecting C compiler ABI info
[0.604s] -- Detecting C compiler ABI info - done
[0.605s] -- Check for working C compiler: /usr/bin/cc - skipped
[0.605s] -- Detecting C compile features
[0.605s] -- Detecting C compile features - done
[0.605s] -- No build type selected, default to Release
[0.605s] -- No target type selected, default to both shared and static library
[0.605s] -- Found PkgConfig: /usr/bin/pkg-config (found version "0.29.2") 
[0.605s] -- Checking for module 'libusb-1.0'
[0.605s] --   Found libusb-1.0, version 1.0.25
[0.605s] -- libusb-1.0 found using pkgconfig
[0.705s] -- Found JPEG: /usr/lib/x86_64-linux-gnu/libjpeg.so (found version "80") 
[0.706s] -- Found JPEG library using standard module
[0.707s] -- Found JPEG: /usr/lib/x86_64-linux-gnu/libjpeg.so  
[0.707s] -- Building libuvc with JPEG support.
[0.707s] [33mCMake Warning (dev) at /usr/share/cmake-3.22/Modules/FindPackageHandleStandardArgs.cmake:438 (message):
[0.707s]   The package name passed to `find_package_handle_standard_args` (JPEG) does
[0.707s]   not match the name of the calling package (JpegPkg).  This can lead to
[0.707s]   problems in calling code that expects `find_package` result variables
[0.708s]   (e.g., `_FOUND`) to follow a certain pattern.
[0.708s] Call Stack (most recent call first):
[0.708s]   cmake/FindJpegPkg.cmake:58 (find_package_handle_standard_args)
[0.708s]   CMakeLists.txt:45 (find_package)
[0.708s] This warning is for project developers.  Use -Wno-dev to suppress it.
[0.708s] [0m
[0.709s] -- Looking for pthread.h
[0.868s] -- Looking for pthread.h - found
[0.870s] -- Performing Test CMAKE_HAVE_LIBC_PTHREAD
[1.021s] -- Performing Test CMAKE_HAVE_LIBC_PTHREAD - Success
[1.024s] -- Found Threads: TRUE  
[1.036s] -- Configuring done
[1.051s] -- Generating done
[1.056s] -- Build files have been written to: /home/robotec/ros2_ws/build/libuvc
[1.064s] Invoked command in '/home/robotec/ros2_ws/build/libuvc' returned '0': /usr/bin/cmake /home/robotec/ros2_ws/src/libuvc -DCMAKE_INSTALL_PREFIX=/home/robotec/ros2_ws/install/libuvc
[1.066s] Invoking command in '/home/robotec/ros2_ws/build/libuvc': /usr/bin/cmake --build /home/robotec/ros2_ws/build/libuvc -- -j4 -l4
[1.173s] [  4%] [32mBuilding C object CMakeFiles/uvc.dir/src/ctrl.c.o[0m
[1.184s] [ 13%] [32mBuilding C object CMakeFiles/uvc.dir/src/device.c.o[0m
[1.184s] [ 13%] [32mBuilding C object CMakeFiles/uvc.dir/src/ctrl-gen.c.o[0m
[1.190s] [ 18%] [32mBuilding C object CMakeFiles/uvc_static.dir/src/ctrl.c.o[0m
[1.475s] [ 22%] [32mBuilding C object CMakeFiles/uvc_static.dir/src/ctrl-gen.c.o[0m
[1.481s] [ 27%] [32mBuilding C object CMakeFiles/uvc.dir/src/diag.c.o[0m
[2.027s] [ 31%] [32mBuilding C object CMakeFiles/uvc.dir/src/frame.c.o[0m
[2.632s] [ 36%] [32mBuilding C object CMakeFiles/uvc_static.dir/src/device.c.o[0m
[2.712s] [ 40%] [32mBuilding C object CMakeFiles/uvc.dir/src/init.c.o[0m
[2.782s] [ 45%] [32mBuilding C object CMakeFiles/uvc_static.dir/src/diag.c.o[0m
[2.952s] [ 50%] [32mBuilding C object CMakeFiles/uvc_static.dir/src/frame.c.o[0m
[3.030s] [ 54%] [32mBuilding C object CMakeFiles/uvc.dir/src/stream.c.o[0m
[3.342s] [ 59%] [32mBuilding C object CMakeFiles/uvc.dir/src/misc.c.o[0m
[3.448s] [ 63%] [32mBuilding C object CMakeFiles/uvc_static.dir/src/init.c.o[0m
[3.702s] [ 68%] [32mBuilding C object CMakeFiles/uvc_static.dir/src/stream.c.o[0m
[4.099s] [ 72%] [32mBuilding C object CMakeFiles/uvc.dir/src/frame-mjpeg.c.o[0m
[4.129s] [ 77%] [32mBuilding C object CMakeFiles/uvc_static.dir/src/misc.c.o[0m
[4.178s] [ 81%] [32mBuilding C object CMakeFiles/uvc_static.dir/src/frame-mjpeg.c.o[0m
[4.335s] [ 86%] [32m[1mLinking C shared library libuvc.so[0m
[4.474s] [ 86%] Built target uvc
[4.515s] [ 90%] [32mBuilding C object CMakeFiles/example.dir/src/example.c.o[0m
[4.629s] [ 95%] [32m[1mLinking C executable example[0m
[4.718s] [ 95%] Built target example
[4.746s] [100%] [32m[1mLinking C static library libuvc.a[0m
[4.801s] [100%] Built target uvc_static
[4.821s] Invoked command in '/home/robotec/ros2_ws/build/libuvc' returned '0': /usr/bin/cmake --build /home/robotec/ros2_ws/build/libuvc -- -j4 -l4
[4.833s] Invoking command in '/home/robotec/ros2_ws/build/libuvc': /usr/bin/cmake --install /home/robotec/ros2_ws/build/libuvc
[4.846s] -- Install configuration: "Release"
[4.847s] -- Installing: /home/robotec/ros2_ws/install/libuvc/lib/libuvc.so.0.0.7
[4.848s] -- Installing: /home/robotec/ros2_ws/install/libuvc/lib/libuvc.so.0
[4.848s] -- Installing: /home/robotec/ros2_ws/install/libuvc/lib/libuvc.so
[4.848s] -- Installing: /home/robotec/ros2_ws/install/libuvc/include/libuvc/libuvc.h
[4.848s] -- Installing: /home/robotec/ros2_ws/install/libuvc/include/libuvc/libuvc_config.h
[4.849s] -- Installing: /home/robotec/ros2_ws/install/libuvc/lib/libuvc.a
[4.849s] -- Up-to-date: /home/robotec/ros2_ws/install/libuvc/include/libuvc/libuvc.h
[4.850s] -- Up-to-date: /home/robotec/ros2_ws/install/libuvc/include/libuvc/libuvc_config.h
[4.850s] -- Installing: /home/robotec/ros2_ws/install/libuvc/lib/cmake/libuvc/libuvcTargets.cmake
[4.851s] -- Installing: /home/robotec/ros2_ws/install/libuvc/lib/cmake/libuvc/libuvcTargets-release.cmake
[4.851s] -- Installing: /home/robotec/ros2_ws/install/libuvc/lib/cmake/libuvc/FindLibUSB.cmake
[4.851s] -- Installing: /home/robotec/ros2_ws/install/libuvc/lib/cmake/libuvc/FindJpegPkg.cmake
[4.851s] -- Installing: /home/robotec/ros2_ws/install/libuvc/lib/cmake/libuvc/libuvcConfigVersion.cmake
[4.851s] -- Installing: /home/robotec/ros2_ws/install/libuvc/lib/pkgconfig/libuvc.pc
[4.852s] -- Installing: /home/robotec/ros2_ws/install/libuvc/lib/cmake/libuvc/libuvcConfig.cmake
[4.856s] Invoked command in '/home/robotec/ros2_ws/build/libuvc' returned '0': /usr/bin/cmake --install /home/robotec/ros2_ws/build/libuvc
