[2.963s] Invoking command in '/home/ras4/nuc_ws/src/arm_pkg': PYTHONPATH=/home/ras4/nuc_ws/src/build/arm_pkg/prefix_override:/usr/lib/python3/dist-packages/colcon_core/task/python/colcon_distutils_commands:/home/ras4/nuc_ws/src/install/arm_pkg/lib/python3.10/site-packages:${PYTHONPATH} /usr/bin/python3 -W ignore:setup.py install is deprecated -W ignore:easy_install command is deprecated setup.py egg_info --egg-base ../build/arm_pkg build --build-base /home/ras4/nuc_ws/src/build/arm_pkg/build install --record /home/ras4/nuc_ws/src/build/arm_pkg/install.log --single-version-externally-managed install_data
[4.092s] running egg_info
[4.096s] writing ../build/arm_pkg/arm_pkg.egg-info/PKG-INFO
[4.097s] writing dependency_links to ../build/arm_pkg/arm_pkg.egg-info/dependency_links.txt
[4.098s] writing entry points to ../build/arm_pkg/arm_pkg.egg-info/entry_points.txt
[4.099s] writing requirements to ../build/arm_pkg/arm_pkg.egg-info/requires.txt
[4.100s] writing top-level names to ../build/arm_pkg/arm_pkg.egg-info/top_level.txt
[4.108s] reading manifest file '../build/arm_pkg/arm_pkg.egg-info/SOURCES.txt'
[4.112s] writing manifest file '../build/arm_pkg/arm_pkg.egg-info/SOURCES.txt'
[4.113s] running build
[4.113s] running build_py
[4.116s] running install
[4.117s] running install_lib
[4.124s] running install_data
[4.126s] running install_egg_info
[4.134s] removing '/home/ras4/nuc_ws/src/install/arm_pkg/lib/python3.10/site-packages/arm_pkg-0.0.0-py3.10.egg-info' (and everything under it)
[4.135s] Copying ../build/arm_pkg/arm_pkg.egg-info to /home/ras4/nuc_ws/src/install/arm_pkg/lib/python3.10/site-packages/arm_pkg-0.0.0-py3.10.egg-info
[4.141s] running install_scripts
[4.229s] Installing clicked_point_subscriber script to /home/ras4/nuc_ws/src/install/arm_pkg/lib/arm_pkg
[4.231s] writing list of installed files to '/home/ras4/nuc_ws/src/build/arm_pkg/install.log'
[4.348s] Invoked command in '/home/ras4/nuc_ws/src/arm_pkg' returned '0': PYTHONPATH=/home/ras4/nuc_ws/src/build/arm_pkg/prefix_override:/usr/lib/python3/dist-packages/colcon_core/task/python/colcon_distutils_commands:/home/ras4/nuc_ws/src/install/arm_pkg/lib/python3.10/site-packages:${PYTHONPATH} /usr/bin/python3 -W ignore:setup.py install is deprecated -W ignore:easy_install command is deprecated setup.py egg_info --egg-base ../build/arm_pkg build --build-base /home/ras4/nuc_ws/src/build/arm_pkg/build install --record /home/ras4/nuc_ws/src/build/arm_pkg/install.log --single-version-externally-managed install_data
