[1.358s] Invoking command in '/home/robotec/ros2_ws/build/odometry': PYTHONPATH=/home/robotec/ros2_ws/build/odometry/prefix_override:/usr/lib/python3/dist-packages/colcon_core/task/python/colcon_distutils_commands:/home/robotec/ros2_ws/install/odometry/lib/python3.10/site-packages:${PYTHONPATH} /usr/bin/python3 -W ignore:setup.py install is deprecated -W ignore:easy_install command is deprecated setup.py develop --uninstall --editable --build-directory /home/robotec/ros2_ws/build/odometry/build
[1.850s] running develop
[2.103s] Removing /home/robotec/ros2_ws/install/odometry/lib/python3.10/site-packages/odometry.egg-link (link to .)
[2.159s] Invoked command in '/home/robotec/ros2_ws/build/odometry' returned '0': PYTHONPATH=/home/robotec/ros2_ws/build/odometry/prefix_override:/usr/lib/python3/dist-packages/colcon_core/task/python/colcon_distutils_commands:/home/robotec/ros2_ws/install/odometry/lib/python3.10/site-packages:${PYTHONPATH} /usr/bin/python3 -W ignore:setup.py install is deprecated -W ignore:easy_install command is deprecated setup.py develop --uninstall --editable --build-directory /home/robotec/ros2_ws/build/odometry/build
[2.161s] Invoking command in '/home/robotec/ros2_ws/src/odometry': PYTHONPATH=/home/robotec/ros2_ws/build/odometry/prefix_override:/usr/lib/python3/dist-packages/colcon_core/task/python/colcon_distutils_commands:/home/robotec/ros2_ws/install/odometry/lib/python3.10/site-packages:${PYTHONPATH} /usr/bin/python3 -W ignore:setup.py install is deprecated -W ignore:easy_install command is deprecated setup.py egg_info --egg-base ../../build/odometry build --build-base /home/robotec/ros2_ws/build/odometry/build install --record /home/robotec/ros2_ws/build/odometry/install.log --single-version-externally-managed install_data --force
[2.428s] running egg_info
[2.429s] writing ../../build/odometry/odometry.egg-info/PKG-INFO
[2.429s] writing dependency_links to ../../build/odometry/odometry.egg-info/dependency_links.txt
[2.430s] writing entry points to ../../build/odometry/odometry.egg-info/entry_points.txt
[2.430s] writing requirements to ../../build/odometry/odometry.egg-info/requires.txt
[2.430s] writing top-level names to ../../build/odometry/odometry.egg-info/top_level.txt
[2.431s] reading manifest file '../../build/odometry/odometry.egg-info/SOURCES.txt'
[2.433s] writing manifest file '../../build/odometry/odometry.egg-info/SOURCES.txt'
[2.434s] running build
[2.434s] running install
[2.434s] running install_data
[2.434s] copying resource/odometry -> /home/robotec/ros2_ws/install/odometry/share/ament_index/resource_index/packages
[2.434s] copying package.xml -> /home/robotec/ros2_ws/install/odometry/share/odometry
[2.435s] running install_egg_info
[2.441s] Copying ../../build/odometry/odometry.egg-info to /home/robotec/ros2_ws/install/odometry/lib/python3.10/site-packages/odometry-0.0.0-py3.10.egg-info
[2.441s] running install_scripts
[2.479s] Installing odometry_node script to /home/robotec/ros2_ws/install/odometry/lib/odometry
[2.480s] writing list of installed files to '/home/robotec/ros2_ws/build/odometry/install.log'
[2.541s] Invoked command in '/home/robotec/ros2_ws/src/odometry' returned '0': PYTHONPATH=/home/robotec/ros2_ws/build/odometry/prefix_override:/usr/lib/python3/dist-packages/colcon_core/task/python/colcon_distutils_commands:/home/robotec/ros2_ws/install/odometry/lib/python3.10/site-packages:${PYTHONPATH} /usr/bin/python3 -W ignore:setup.py install is deprecated -W ignore:easy_install command is deprecated setup.py egg_info --egg-base ../../build/odometry build --build-base /home/robotec/ros2_ws/build/odometry/build install --record /home/robotec/ros2_ws/build/odometry/install.log --single-version-externally-managed install_data --force
