[2.980s] Invoking command in '/home/ras4/nuc_ws/src/xbox_control_pkg': PYTHONPATH=/home/ras4/nuc_ws/build/xbox_control_pkg/prefix_override:/usr/lib/python3/dist-packages/colcon_core/task/python/colcon_distutils_commands:/home/ras4/nuc_ws/install/xbox_control_pkg/lib/python3.10/site-packages:${PYTHONPATH} /usr/bin/python3 -W ignore:setup.py install is deprecated -W ignore:easy_install command is deprecated setup.py egg_info --egg-base ../../build/xbox_control_pkg build --build-base /home/ras4/nuc_ws/build/xbox_control_pkg/build install --record /home/ras4/nuc_ws/build/xbox_control_pkg/install.log --single-version-externally-managed install_data
[4.186s] running egg_info
[4.189s] writing ../../build/xbox_control_pkg/xbox_control_pkg.egg-info/PKG-INFO
[4.190s] writing dependency_links to ../../build/xbox_control_pkg/xbox_control_pkg.egg-info/dependency_links.txt
[4.192s] writing entry points to ../../build/xbox_control_pkg/xbox_control_pkg.egg-info/entry_points.txt
[4.192s] writing requirements to ../../build/xbox_control_pkg/xbox_control_pkg.egg-info/requires.txt
[4.193s] writing top-level names to ../../build/xbox_control_pkg/xbox_control_pkg.egg-info/top_level.txt
[4.201s] reading manifest file '../../build/xbox_control_pkg/xbox_control_pkg.egg-info/SOURCES.txt'
[4.205s] writing manifest file '../../build/xbox_control_pkg/xbox_control_pkg.egg-info/SOURCES.txt'
[4.205s] running build
[4.206s] running build_py
[4.206s] copying xbox_control_pkg/xbox_control_node.py -> /home/ras4/nuc_ws/build/xbox_control_pkg/build/lib/xbox_control_pkg
[4.208s] running install
[4.209s] running install_lib
[4.213s] copying /home/ras4/nuc_ws/build/xbox_control_pkg/build/lib/xbox_control_pkg/xbox_control_node.py -> /home/ras4/nuc_ws/install/xbox_control_pkg/lib/python3.10/site-packages/xbox_control_pkg
[4.215s] byte-compiling /home/ras4/nuc_ws/install/xbox_control_pkg/lib/python3.10/site-packages/xbox_control_pkg/xbox_control_node.py to xbox_control_node.cpython-310.pyc
[4.217s] Sorry: TabError: inconsistent use of tabs and spaces in indentation (xbox_control_node.py, line 56)
[4.218s] running install_data
[4.218s] running install_egg_info
[4.225s] removing '/home/ras4/nuc_ws/install/xbox_control_pkg/lib/python3.10/site-packages/xbox_control_pkg-0.0.0-py3.10.egg-info' (and everything under it)
[4.227s] Copying ../../build/xbox_control_pkg/xbox_control_pkg.egg-info to /home/ras4/nuc_ws/install/xbox_control_pkg/lib/python3.10/site-packages/xbox_control_pkg-0.0.0-py3.10.egg-info
[4.232s] running install_scripts
[4.317s] Installing control_rizz_node script to /home/ras4/nuc_ws/install/xbox_control_pkg/lib/xbox_control_pkg
[4.317s] Installing xbox_control_node script to /home/ras4/nuc_ws/install/xbox_control_pkg/lib/xbox_control_pkg
[4.319s] writing list of installed files to '/home/ras4/nuc_ws/build/xbox_control_pkg/install.log'
[4.445s] Invoked command in '/home/ras4/nuc_ws/src/xbox_control_pkg' returned '0': PYTHONPATH=/home/ras4/nuc_ws/build/xbox_control_pkg/prefix_override:/usr/lib/python3/dist-packages/colcon_core/task/python/colcon_distutils_commands:/home/ras4/nuc_ws/install/xbox_control_pkg/lib/python3.10/site-packages:${PYTHONPATH} /usr/bin/python3 -W ignore:setup.py install is deprecated -W ignore:easy_install command is deprecated setup.py egg_info --egg-base ../../build/xbox_control_pkg build --build-base /home/ras4/nuc_ws/build/xbox_control_pkg/build install --record /home/ras4/nuc_ws/build/xbox_control_pkg/install.log --single-version-externally-managed install_data
