[0.029s] Invoking command in '/home/robotec/ros2_ws/build/sllidar_ros2': CMAKE_PREFIX_PATH=${CMAKE_PREFIX_PATH}:/home/robotec/ros2_ws/install/odometry:/home/robotec/ros2_ws/install/camera_pkg:/opt/ros/humble /usr/bin/cmake --build /home/robotec/ros2_ws/build/sllidar_ros2 -- -j4 -l4
[0.365s] [ 90%] Built target sllidar_node
[0.491s] [100%] Built target sllidar_client
[0.554s] Invoked command in '/home/robotec/ros2_ws/build/sllidar_ros2' returned '0': CMAKE_PREFIX_PATH=${CMAKE_PREFIX_PATH}:/home/robotec/ros2_ws/install/odometry:/home/robotec/ros2_ws/install/camera_pkg:/opt/ros/humble /usr/bin/cmake --build /home/robotec/ros2_ws/build/sllidar_ros2 -- -j4 -l4
[0.564s] Invoking command in '/home/robotec/ros2_ws/build/sllidar_ros2': CMAKE_PREFIX_PATH=${CMAKE_PREFIX_PATH}:/home/robotec/ros2_ws/install/odometry:/home/robotec/ros2_ws/install/camera_pkg:/opt/ros/humble /usr/bin/cmake --install /home/robotec/ros2_ws/build/sllidar_ros2
[0.593s] -- Install configuration: ""
[0.596s] -- Execute custom install script
[0.596s] -- Up-to-date symlink: /home/robotec/ros2_ws/install/sllidar_ros2/share/sllidar_ros2/launch/sllidar_a1_launch.py
[0.598s] -- Up-to-date symlink: /home/robotec/ros2_ws/install/sllidar_ros2/share/sllidar_ros2/launch/sllidar_a2m12_launch .py
[0.599s] -- Up-to-date symlink: /home/robotec/ros2_ws/install/sllidar_ros2/share/sllidar_ros2/launch/sllidar_a2m7_launch.py
[0.599s] -- Up-to-date symlink: /home/robotec/ros2_ws/install/sllidar_ros2/share/sllidar_ros2/launch/sllidar_a2m8_launch.py
[0.599s] -- Up-to-date symlink: /home/robotec/ros2_ws/install/sllidar_ros2/share/sllidar_ros2/launch/sllidar_a3_launch.py
[0.600s] -- Up-to-date symlink: /home/robotec/ros2_ws/install/sllidar_ros2/share/sllidar_ros2/launch/sllidar_c1_launch.py
[0.600s] -- Up-to-date symlink: /home/robotec/ros2_ws/install/sllidar_ros2/share/sllidar_ros2/launch/sllidar_s1_launch.py
[0.600s] -- Up-to-date symlink: /home/robotec/ros2_ws/install/sllidar_ros2/share/sllidar_ros2/launch/sllidar_s1_tcp_launch.py
[0.605s] -- Up-to-date symlink: /home/robotec/ros2_ws/install/sllidar_ros2/share/sllidar_ros2/launch/sllidar_s2_launch.py
[0.605s] -- Up-to-date symlink: /home/robotec/ros2_ws/install/sllidar_ros2/share/sllidar_ros2/launch/sllidar_s2e_launch.py
[0.605s] -- Up-to-date symlink: /home/robotec/ros2_ws/install/sllidar_ros2/share/sllidar_ros2/launch/sllidar_s3_launch.py
[0.605s] -- Up-to-date symlink: /home/robotec/ros2_ws/install/sllidar_ros2/share/sllidar_ros2/launch/sllidar_t1_launch.py
[0.605s] -- Up-to-date symlink: /home/robotec/ros2_ws/install/sllidar_ros2/share/sllidar_ros2/launch/view_sllidar_a1_launch.py
[0.605s] -- Up-to-date symlink: /home/robotec/ros2_ws/install/sllidar_ros2/share/sllidar_ros2/launch/view_sllidar_a2m12_launch.py
[0.605s] -- Up-to-date symlink: /home/robotec/ros2_ws/install/sllidar_ros2/share/sllidar_ros2/launch/view_sllidar_a2m7_launch.py
[0.606s] -- Up-to-date symlink: /home/robotec/ros2_ws/install/sllidar_ros2/share/sllidar_ros2/launch/view_sllidar_a2m8_launch.py
[0.606s] -- Up-to-date symlink: /home/robotec/ros2_ws/install/sllidar_ros2/share/sllidar_ros2/launch/view_sllidar_a3_launch.py
[0.606s] -- Up-to-date symlink: /home/robotec/ros2_ws/install/sllidar_ros2/share/sllidar_ros2/launch/view_sllidar_c1_launch.py
[0.606s] -- Up-to-date symlink: /home/robotec/ros2_ws/install/sllidar_ros2/share/sllidar_ros2/launch/view_sllidar_s1_launch.py
[0.606s] -- Up-to-date symlink: /home/robotec/ros2_ws/install/sllidar_ros2/share/sllidar_ros2/launch/view_sllidar_s1_tcp_launch.py
[0.607s] -- Up-to-date symlink: /home/robotec/ros2_ws/install/sllidar_ros2/share/sllidar_ros2/launch/view_sllidar_s2_launch.py
[0.607s] -- Up-to-date symlink: /home/robotec/ros2_ws/install/sllidar_ros2/share/sllidar_ros2/launch/view_sllidar_s2e_launch.py
[0.607s] -- Up-to-date symlink: /home/robotec/ros2_ws/install/sllidar_ros2/share/sllidar_ros2/launch/view_sllidar_s3_launch.py
[0.607s] -- Up-to-date symlink: /home/robotec/ros2_ws/install/sllidar_ros2/share/sllidar_ros2/launch/view_sllidar_t1_launch.py
[0.608s] -- Up-to-date symlink: /home/robotec/ros2_ws/install/sllidar_ros2/share/sllidar_ros2/rviz/sllidar_ros2.rviz
[0.609s] -- Up-to-date symlink: /home/robotec/ros2_ws/install/sllidar_ros2/lib/sllidar_ros2/sllidar_node
[0.611s] -- Up-to-date symlink: /home/robotec/ros2_ws/install/sllidar_ros2/lib/sllidar_ros2/sllidar_client
[0.612s] -- Up-to-date symlink: /home/robotec/ros2_ws/install/sllidar_ros2/share/ament_index/resource_index/package_run_dependencies/sllidar_ros2
[0.612s] -- Up-to-date symlink: /home/robotec/ros2_ws/install/sllidar_ros2/share/ament_index/resource_index/parent_prefix_path/sllidar_ros2
[0.613s] -- Up-to-date symlink: /home/robotec/ros2_ws/install/sllidar_ros2/share/sllidar_ros2/environment/ament_prefix_path.sh
[0.613s] -- Up-to-date symlink: /home/robotec/ros2_ws/install/sllidar_ros2/share/sllidar_ros2/environment/ament_prefix_path.dsv
[0.613s] -- Up-to-date symlink: /home/robotec/ros2_ws/install/sllidar_ros2/share/sllidar_ros2/environment/path.sh
[0.615s] -- Up-to-date symlink: /home/robotec/ros2_ws/install/sllidar_ros2/share/sllidar_ros2/environment/path.dsv
[0.615s] -- Up-to-date symlink: /home/robotec/ros2_ws/install/sllidar_ros2/share/sllidar_ros2/local_setup.bash
[0.616s] -- Up-to-date symlink: /home/robotec/ros2_ws/install/sllidar_ros2/share/sllidar_ros2/local_setup.sh
[0.616s] -- Up-to-date symlink: /home/robotec/ros2_ws/install/sllidar_ros2/share/sllidar_ros2/local_setup.zsh
[0.619s] -- Up-to-date symlink: /home/robotec/ros2_ws/install/sllidar_ros2/share/sllidar_ros2/local_setup.dsv
[0.619s] -- Symlinking: /home/robotec/ros2_ws/install/sllidar_ros2/share/sllidar_ros2/package.dsv
[0.675s] -- Up-to-date symlink: /home/robotec/ros2_ws/install/sllidar_ros2/share/ament_index/resource_index/packages/sllidar_ros2
[0.675s] -- Up-to-date symlink: /home/robotec/ros2_ws/install/sllidar_ros2/share/sllidar_ros2/cmake/ament_cmake_export_dependencies-extras.cmake
[0.675s] -- Up-to-date symlink: /home/robotec/ros2_ws/install/sllidar_ros2/share/sllidar_ros2/cmake/ament_cmake_export_include_directories-extras.cmake
[0.675s] -- Up-to-date symlink: /home/robotec/ros2_ws/install/sllidar_ros2/share/sllidar_ros2/cmake/sllidar_ros2Config.cmake
[0.675s] -- Up-to-date symlink: /home/robotec/ros2_ws/install/sllidar_ros2/share/sllidar_ros2/cmake/sllidar_ros2Config-version.cmake
[0.675s] -- Up-to-date symlink: /home/robotec/ros2_ws/install/sllidar_ros2/share/sllidar_ros2/package.xml
[0.682s] Invoked command in '/home/robotec/ros2_ws/build/sllidar_ros2' returned '0': CMAKE_PREFIX_PATH=${CMAKE_PREFIX_PATH}:/home/robotec/ros2_ws/install/odometry:/home/robotec/ros2_ws/install/camera_pkg:/opt/ros/humble /usr/bin/cmake --install /home/robotec/ros2_ws/build/sllidar_ros2
