[1.369s] Invoking command in '/home/robotec/ros2_ws/src/odometry_pkg': PYTHONPATH=/home/robotec/ros2_ws/build/odometry_pkg/prefix_override:/usr/lib/python3/dist-packages/colcon_core/task/python/colcon_distutils_commands:/home/robotec/ros2_ws/install/odometry_pkg/lib/python3.10/site-packages:${PYTHONPATH} /usr/bin/python3 -W ignore:setup.py install is deprecated -W ignore:easy_install command is deprecated setup.py egg_info --egg-base ../../build/odometry_pkg build --build-base /home/robotec/ros2_ws/build/odometry_pkg/build install --record /home/robotec/ros2_ws/build/odometry_pkg/install.log --single-version-externally-managed install_data
[1.767s] running egg_info
[1.768s] writing ../../build/odometry_pkg/odometry_pkg.egg-info/PKG-INFO
[1.768s] writing dependency_links to ../../build/odometry_pkg/odometry_pkg.egg-info/dependency_links.txt
[1.769s] writing entry points to ../../build/odometry_pkg/odometry_pkg.egg-info/entry_points.txt
[1.769s] writing requirements to ../../build/odometry_pkg/odometry_pkg.egg-info/requires.txt
[1.769s] writing top-level names to ../../build/odometry_pkg/odometry_pkg.egg-info/top_level.txt
[1.771s] reading manifest file '../../build/odometry_pkg/odometry_pkg.egg-info/SOURCES.txt'
[1.773s] writing manifest file '../../build/odometry_pkg/odometry_pkg.egg-info/SOURCES.txt'
[1.773s] running build
[1.774s] running build_py
[1.774s] copying odometry_pkg/rpmtrue_publisher.py -> /home/robotec/ros2_ws/build/odometry_pkg/build/lib/odometry_pkg
[1.774s] running install
[1.775s] running install_lib
[1.776s] copying /home/robotec/ros2_ws/build/odometry_pkg/build/lib/odometry_pkg/rpmtrue_publisher.py -> /home/robotec/ros2_ws/install/odometry_pkg/lib/python3.10/site-packages/odometry_pkg
[1.777s] byte-compiling /home/robotec/ros2_ws/install/odometry_pkg/lib/python3.10/site-packages/odometry_pkg/rpmtrue_publisher.py to rpmtrue_publisher.cpython-310.pyc
[1.778s] running install_data
[1.778s] running install_egg_info
[1.780s] removing '/home/robotec/ros2_ws/install/odometry_pkg/lib/python3.10/site-packages/odometry_pkg-0.0.0-py3.10.egg-info' (and everything under it)
[1.781s] Copying ../../build/odometry_pkg/odometry_pkg.egg-info to /home/robotec/ros2_ws/install/odometry_pkg/lib/python3.10/site-packages/odometry_pkg-0.0.0-py3.10.egg-info
[1.782s] running install_scripts
[1.805s] Installing imu_vesc_listener script to /home/robotec/ros2_ws/install/odometry_pkg/lib/odometry_pkg
[1.805s] Installing odometry_node script to /home/robotec/ros2_ws/install/odometry_pkg/lib/odometry_pkg
[1.805s] Installing rpm_test_publisher script to /home/robotec/ros2_ws/install/odometry_pkg/lib/odometry_pkg
[1.806s] Installing rpmtrue_publisher script to /home/robotec/ros2_ws/install/odometry_pkg/lib/odometry_pkg
[1.806s] writing list of installed files to '/home/robotec/ros2_ws/build/odometry_pkg/install.log'
[1.842s] Invoked command in '/home/robotec/ros2_ws/src/odometry_pkg' returned '0': PYTHONPATH=/home/robotec/ros2_ws/build/odometry_pkg/prefix_override:/usr/lib/python3/dist-packages/colcon_core/task/python/colcon_distutils_commands:/home/robotec/ros2_ws/install/odometry_pkg/lib/python3.10/site-packages:${PYTHONPATH} /usr/bin/python3 -W ignore:setup.py install is deprecated -W ignore:easy_install command is deprecated setup.py egg_info --egg-base ../../build/odometry_pkg build --build-base /home/robotec/ros2_ws/build/odometry_pkg/build install --record /home/robotec/ros2_ws/build/odometry_pkg/install.log --single-version-externally-managed install_data
