[6.949s] Invoking command in '/home/ras4/nuc_ws/src/arm_pkg': PYTHONPATH=/home/ras4/nuc_ws/build/arm_pkg/prefix_override:/usr/lib/python3/dist-packages/colcon_core/task/python/colcon_distutils_commands:/home/ras4/nuc_ws/install/arm_pkg/lib/python3.10/site-packages:${PYTHONPATH} /usr/bin/python3 -W ignore:setup.py install is deprecated -W ignore:easy_install command is deprecated setup.py egg_info --egg-base ../../build/arm_pkg build --build-base /home/ras4/nuc_ws/build/arm_pkg/build install --record /home/ras4/nuc_ws/build/arm_pkg/install.log --single-version-externally-managed install_data
[8.599s] running egg_info
[8.604s] writing ../../build/arm_pkg/arm_pkg.egg-info/PKG-INFO
[8.606s] writing dependency_links to ../../build/arm_pkg/arm_pkg.egg-info/dependency_links.txt
[8.607s] writing entry points to ../../build/arm_pkg/arm_pkg.egg-info/entry_points.txt
[8.618s] writing requirements to ../../build/arm_pkg/arm_pkg.egg-info/requires.txt
[8.619s] writing top-level names to ../../build/arm_pkg/arm_pkg.egg-info/top_level.txt
[8.620s] reading manifest file '../../build/arm_pkg/arm_pkg.egg-info/SOURCES.txt'
[8.626s] writing manifest file '../../build/arm_pkg/arm_pkg.egg-info/SOURCES.txt'
[8.627s] running build
[8.628s] running build_py
[8.634s] running install
[8.636s] running install_lib
[8.646s] running install_data
[8.648s] running install_egg_info
[8.659s] removing '/home/ras4/nuc_ws/install/arm_pkg/lib/python3.10/site-packages/arm_pkg-0.0.0-py3.10.egg-info' (and everything under it)
[8.663s] Copying ../../build/arm_pkg/arm_pkg.egg-info to /home/ras4/nuc_ws/install/arm_pkg/lib/python3.10/site-packages/arm_pkg-0.0.0-py3.10.egg-info
[8.672s] running install_scripts
[8.802s] Installing clicked_point_subscriber script to /home/ras4/nuc_ws/install/arm_pkg/lib/arm_pkg
[8.804s] writing list of installed files to '/home/ras4/nuc_ws/build/arm_pkg/install.log'
[9.025s] Invoked command in '/home/ras4/nuc_ws/src/arm_pkg' returned '0': PYTHONPATH=/home/ras4/nuc_ws/build/arm_pkg/prefix_override:/usr/lib/python3/dist-packages/colcon_core/task/python/colcon_distutils_commands:/home/ras4/nuc_ws/install/arm_pkg/lib/python3.10/site-packages:${PYTHONPATH} /usr/bin/python3 -W ignore:setup.py install is deprecated -W ignore:easy_install command is deprecated setup.py egg_info --egg-base ../../build/arm_pkg build --build-base /home/ras4/nuc_ws/build/arm_pkg/build install --record /home/ras4/nuc_ws/build/arm_pkg/install.log --single-version-externally-managed install_data
