[2.870s] Invoking command in '/home/ras4/nuc_ws/src/xbox_control_pkg': PYTHONPATH=/home/ras4/nuc_ws/build/xbox_control_pkg/prefix_override:/usr/lib/python3/dist-packages/colcon_core/task/python/colcon_distutils_commands:/home/ras4/nuc_ws/install/xbox_control_pkg/lib/python3.10/site-packages:${PYTHONPATH} /usr/bin/python3 -W ignore:setup.py install is deprecated -W ignore:easy_install command is deprecated setup.py egg_info --egg-base ../../build/xbox_control_pkg build --build-base /home/ras4/nuc_ws/build/xbox_control_pkg/build install --record /home/ras4/nuc_ws/build/xbox_control_pkg/install.log --single-version-externally-managed install_data
[3.982s] running egg_info
[3.985s] writing ../../build/xbox_control_pkg/xbox_control_pkg.egg-info/PKG-INFO
[3.986s] writing dependency_links to ../../build/xbox_control_pkg/xbox_control_pkg.egg-info/dependency_links.txt
[3.988s] writing entry points to ../../build/xbox_control_pkg/xbox_control_pkg.egg-info/entry_points.txt
[3.989s] writing requirements to ../../build/xbox_control_pkg/xbox_control_pkg.egg-info/requires.txt
[3.989s] writing top-level names to ../../build/xbox_control_pkg/xbox_control_pkg.egg-info/top_level.txt
[3.997s] reading manifest file '../../build/xbox_control_pkg/xbox_control_pkg.egg-info/SOURCES.txt'
[4.002s] writing manifest file '../../build/xbox_control_pkg/xbox_control_pkg.egg-info/SOURCES.txt'
[4.002s] running build
[4.003s] running build_py
[4.003s] copying xbox_control_pkg/xbox_control_node.py -> /home/ras4/nuc_ws/build/xbox_control_pkg/build/lib/xbox_control_pkg
[4.005s] running install
[4.006s] running install_lib
[4.010s] copying /home/ras4/nuc_ws/build/xbox_control_pkg/build/lib/xbox_control_pkg/xbox_control_node.py -> /home/ras4/nuc_ws/install/xbox_control_pkg/lib/python3.10/site-packages/xbox_control_pkg
[4.013s] byte-compiling /home/ras4/nuc_ws/install/xbox_control_pkg/lib/python3.10/site-packages/xbox_control_pkg/xbox_control_node.py to xbox_control_node.cpython-310.pyc
[4.018s] running install_data
[4.019s] running install_egg_info
[4.027s] removing '/home/ras4/nuc_ws/install/xbox_control_pkg/lib/python3.10/site-packages/xbox_control_pkg-0.0.0-py3.10.egg-info' (and everything under it)
[4.028s] Copying ../../build/xbox_control_pkg/xbox_control_pkg.egg-info to /home/ras4/nuc_ws/install/xbox_control_pkg/lib/python3.10/site-packages/xbox_control_pkg-0.0.0-py3.10.egg-info
[4.035s] running install_scripts
[4.120s] Installing control_rizz_node script to /home/ras4/nuc_ws/install/xbox_control_pkg/lib/xbox_control_pkg
[4.121s] Installing xbox_control_node script to /home/ras4/nuc_ws/install/xbox_control_pkg/lib/xbox_control_pkg
[4.123s] writing list of installed files to '/home/ras4/nuc_ws/build/xbox_control_pkg/install.log'
[4.249s] Invoked command in '/home/ras4/nuc_ws/src/xbox_control_pkg' returned '0': PYTHONPATH=/home/ras4/nuc_ws/build/xbox_control_pkg/prefix_override:/usr/lib/python3/dist-packages/colcon_core/task/python/colcon_distutils_commands:/home/ras4/nuc_ws/install/xbox_control_pkg/lib/python3.10/site-packages:${PYTHONPATH} /usr/bin/python3 -W ignore:setup.py install is deprecated -W ignore:easy_install command is deprecated setup.py egg_info --egg-base ../../build/xbox_control_pkg build --build-base /home/ras4/nuc_ws/build/xbox_control_pkg/build install --record /home/ras4/nuc_ws/build/xbox_control_pkg/install.log --single-version-externally-managed install_data
