[2.791s] Invoking command in '/home/ras4/nuc_ws/src/xbox_control_pkg': PYTHONPATH=/home/ras4/nuc_ws/src/build/xbox_control_pkg/prefix_override:/usr/lib/python3/dist-packages/colcon_core/task/python/colcon_distutils_commands:/home/ras4/nuc_ws/src/install/xbox_control_pkg/lib/python3.10/site-packages:${PYTHONPATH} /usr/bin/python3 -W ignore:setup.py install is deprecated -W ignore:easy_install command is deprecated setup.py egg_info --egg-base ../build/xbox_control_pkg build --build-base /home/ras4/nuc_ws/src/build/xbox_control_pkg/build install --record /home/ras4/nuc_ws/src/build/xbox_control_pkg/install.log --single-version-externally-managed install_data
[3.905s] running egg_info
[3.907s] writing ../build/xbox_control_pkg/xbox_control_pkg.egg-info/PKG-INFO
[3.909s] writing dependency_links to ../build/xbox_control_pkg/xbox_control_pkg.egg-info/dependency_links.txt
[3.910s] writing entry points to ../build/xbox_control_pkg/xbox_control_pkg.egg-info/entry_points.txt
[3.911s] writing requirements to ../build/xbox_control_pkg/xbox_control_pkg.egg-info/requires.txt
[3.912s] writing top-level names to ../build/xbox_control_pkg/xbox_control_pkg.egg-info/top_level.txt
[3.923s] reading manifest file '../build/xbox_control_pkg/xbox_control_pkg.egg-info/SOURCES.txt'
[3.928s] writing manifest file '../build/xbox_control_pkg/xbox_control_pkg.egg-info/SOURCES.txt'
[3.928s] running build
[3.929s] running build_py
[3.932s] running install
[3.933s] running install_lib
[3.940s] byte-compiling /home/ras4/nuc_ws/src/install/xbox_control_pkg/lib/python3.10/site-packages/xbox_control_pkg/control_rizz.py to control_rizz.cpython-310.pyc
[3.943s]   File "/home/ras4/nuc_ws/src/install/xbox_control_pkg/lib/python3.10/site-packages/xbox_control_pkg/control_rizz.py", line 37
[3.944s]     )
[3.944s]     ^
[3.945s] SyntaxError: positional argument follows keyword argument
[3.945s] 
[3.945s] running install_data
[3.946s] running install_egg_info
[3.953s] removing '/home/ras4/nuc_ws/src/install/xbox_control_pkg/lib/python3.10/site-packages/xbox_control_pkg-0.0.0-py3.10.egg-info' (and everything under it)
[3.955s] Copying ../build/xbox_control_pkg/xbox_control_pkg.egg-info to /home/ras4/nuc_ws/src/install/xbox_control_pkg/lib/python3.10/site-packages/xbox_control_pkg-0.0.0-py3.10.egg-info
[3.961s] running install_scripts
[4.047s] Installing control_rizz_node script to /home/ras4/nuc_ws/src/install/xbox_control_pkg/lib/xbox_control_pkg
[4.048s] Installing xbox_control_node script to /home/ras4/nuc_ws/src/install/xbox_control_pkg/lib/xbox_control_pkg
[4.050s] writing list of installed files to '/home/ras4/nuc_ws/src/build/xbox_control_pkg/install.log'
[4.168s] Invoked command in '/home/ras4/nuc_ws/src/xbox_control_pkg' returned '0': PYTHONPATH=/home/ras4/nuc_ws/src/build/xbox_control_pkg/prefix_override:/usr/lib/python3/dist-packages/colcon_core/task/python/colcon_distutils_commands:/home/ras4/nuc_ws/src/install/xbox_control_pkg/lib/python3.10/site-packages:${PYTHONPATH} /usr/bin/python3 -W ignore:setup.py install is deprecated -W ignore:easy_install command is deprecated setup.py egg_info --egg-base ../build/xbox_control_pkg build --build-base /home/ras4/nuc_ws/src/build/xbox_control_pkg/build install --record /home/ras4/nuc_ws/src/build/xbox_control_pkg/install.log --single-version-externally-managed install_data
