[0.911s] Invoking command in '/home/robotec/ros2_ws/build/camera_pkg': PYTHONPATH=/home/robotec/ros2_ws/build/camera_pkg/prefix_override:/usr/lib/python3/dist-packages/colcon_core/task/python/colcon_distutils_commands:/home/robotec/ros2_ws/install/camera_pkg/lib/python3.10/site-packages:${PYTHONPATH} /usr/bin/python3 -W ignore:setup.py install is deprecated -W ignore:easy_install command is deprecated setup.py develop --editable --build-directory /home/robotec/ros2_ws/build/camera_pkg/build --no-deps symlink_data --force
[1.202s] /usr/lib/python3/dist-packages/setuptools/dist.py:723: UserWarning: Usage of dash-separated 'description-file' will not be supported in future versions. Please use the underscore name 'description_file' instead
[1.202s]   warnings.warn(
[1.246s] running develop
[1.460s] running egg_info
[1.460s] writing camera_pkg.egg-info/PKG-INFO
[1.461s] writing dependency_links to camera_pkg.egg-info/dependency_links.txt
[1.461s] writing entry points to camera_pkg.egg-info/entry_points.txt
[1.461s] writing requirements to camera_pkg.egg-info/requires.txt
[1.461s] writing top-level names to camera_pkg.egg-info/top_level.txt
[1.463s] reading manifest file 'camera_pkg.egg-info/SOURCES.txt'
[1.464s] writing manifest file 'camera_pkg.egg-info/SOURCES.txt'
[1.465s] running build_ext
[1.466s] Creating /home/robotec/ros2_ws/install/camera_pkg/lib/python3.10/site-packages/camera-pkg.egg-link (link to .)
[1.467s] Installing framepublisher script to /home/robotec/ros2_ws/install/camera_pkg/lib/camera_pkg
[1.467s] Installing pixel_to_point3d script to /home/robotec/ros2_ws/install/camera_pkg/lib/camera_pkg
[1.467s] 
[1.468s] Installed /home/robotec/ros2_ws/build/camera_pkg
[1.468s] running symlink_data
[1.468s] symbolically linking /home/robotec/ros2_ws/build/camera_pkg/resource/camera_pkg -> /home/robotec/ros2_ws/install/camera_pkg/share/ament_index/resource_index/packages
[1.468s] symbolically linking /home/robotec/ros2_ws/build/camera_pkg/package.xml -> /home/robotec/ros2_ws/install/camera_pkg/share/camera_pkg
[1.521s] Invoked command in '/home/robotec/ros2_ws/build/camera_pkg' returned '0': PYTHONPATH=/home/robotec/ros2_ws/build/camera_pkg/prefix_override:/usr/lib/python3/dist-packages/colcon_core/task/python/colcon_distutils_commands:/home/robotec/ros2_ws/install/camera_pkg/lib/python3.10/site-packages:${PYTHONPATH} /usr/bin/python3 -W ignore:setup.py install is deprecated -W ignore:easy_install command is deprecated setup.py develop --editable --build-directory /home/robotec/ros2_ws/build/camera_pkg/build --no-deps symlink_data --force
