[0.448s] DEBUG:colcon:Command line arguments: ['/usr/bin/colcon', 'build', '--packages-select', 'astra_camera']
[0.448s] DEBUG:colcon:Parsed command line arguments: Namespace(log_base=None, log_level=None, verb_name='build', build_base='build', install_base='install', merge_install=False, symlink_install=False, test_result_base=None, continue_on_error=False, executor='parallel', parallel_workers=4, event_handlers=None, ignore_user_meta=False, metas=['./colcon.meta'], base_paths=['.'], packages_ignore=None, packages_ignore_regex=None, paths=None, packages_up_to=None, packages_up_to_regex=None, packages_above=None, packages_above_and_dependencies=None, packages_above_depth=None, packages_select_by_dep=None, packages_skip_by_dep=None, packages_skip_up_to=None, packages_select_build_failed=False, packages_skip_build_finished=False, packages_select_test_failures=False, packages_skip_test_passed=False, packages_select=['astra_camera'], packages_skip=None, packages_select_regex=None, packages_skip_regex=None, packages_start=None, packages_end=None, allow_overriding=[], cmake_args=None, cmake_target=None, cmake_target_skip_unavailable=False, cmake_clean_cache=False, cmake_clean_first=False, cmake_force_configure=False, ament_cmake_args=None, catkin_cmake_args=None, catkin_skip_building_tests=False, verb_parser=<colcon_defaults.argument_parser.defaults.DefaultArgumentsDecorator object at 0xffffa08f4340>, verb_extension=<colcon_core.verb.build.BuildVerb object at 0xffffa0a91900>, main=<bound method BuildVerb.main of <colcon_core.verb.build.BuildVerb object at 0xffffa0a91900>>)
[1.551s] Level 1:colcon.colcon_core.package_discovery:discover_packages(colcon_meta) check parameters
[1.552s] Level 1:colcon.colcon_core.package_discovery:discover_packages(recursive) check parameters
[1.552s] Level 1:colcon.colcon_core.package_discovery:discover_packages(ignore) check parameters
[1.552s] Level 1:colcon.colcon_core.package_discovery:discover_packages(path) check parameters
[1.553s] Level 1:colcon.colcon_core.package_discovery:discover_packages(colcon_meta) discover
[1.553s] Level 1:colcon.colcon_core.package_discovery:discover_packages(recursive) discover
[1.553s] INFO:colcon.colcon_core.package_discovery:Crawling recursively for packages in '/home/ras4/nuc_ws'
[1.554s] Level 1:colcon.colcon_core.package_identification:_identify(.) by extensions ['ignore', 'ignore_ament_install']
[1.555s] Level 1:colcon.colcon_core.package_identification:_identify(.) by extension 'ignore'
[1.555s] Level 1:colcon.colcon_core.package_identification:_identify(.) by extension 'ignore_ament_install'
[1.556s] Level 1:colcon.colcon_core.package_identification:_identify(.) by extensions ['colcon_pkg']
[1.556s] Level 1:colcon.colcon_core.package_identification:_identify(.) by extension 'colcon_pkg'
[1.557s] Level 1:colcon.colcon_core.package_identification:_identify(.) by extensions ['colcon_meta']
[1.557s] Level 1:colcon.colcon_core.package_identification:_identify(.) by extension 'colcon_meta'
[1.557s] Level 1:colcon.colcon_core.package_identification:_identify(.) by extensions ['ros']
[1.558s] Level 1:colcon.colcon_core.package_identification:_identify(.) by extension 'ros'
[1.634s] Level 1:colcon.colcon_core.package_identification:_identify(.) by extensions ['cmake', 'python']
[1.635s] Level 1:colcon.colcon_core.package_identification:_identify(.) by extension 'cmake'
[1.635s] Level 1:colcon.colcon_core.package_identification:_identify(.) by extension 'python'
[1.635s] Level 1:colcon.colcon_core.package_identification:_identify(.) by extensions ['python_setup_py']
[1.635s] Level 1:colcon.colcon_core.package_identification:_identify(.) by extension 'python_setup_py'
[1.636s] Level 1:colcon.colcon_core.package_identification:_identify(build) by extensions ['ignore', 'ignore_ament_install']
[1.636s] Level 1:colcon.colcon_core.package_identification:_identify(build) by extension 'ignore'
[1.637s] Level 1:colcon.colcon_core.package_identification:_identify(build) ignored
[1.638s] Level 1:colcon.colcon_core.package_identification:_identify(install) by extensions ['ignore', 'ignore_ament_install']
[1.638s] Level 1:colcon.colcon_core.package_identification:_identify(install) by extension 'ignore'
[1.639s] Level 1:colcon.colcon_core.package_identification:_identify(install) ignored
[1.639s] Level 1:colcon.colcon_core.package_identification:_identify(log) by extensions ['ignore', 'ignore_ament_install']
[1.640s] Level 1:colcon.colcon_core.package_identification:_identify(log) by extension 'ignore'
[1.640s] Level 1:colcon.colcon_core.package_identification:_identify(log) ignored
[1.641s] Level 1:colcon.colcon_core.package_identification:_identify(src) by extensions ['ignore', 'ignore_ament_install']
[1.641s] Level 1:colcon.colcon_core.package_identification:_identify(src) by extension 'ignore'
[1.641s] Level 1:colcon.colcon_core.package_identification:_identify(src) by extension 'ignore_ament_install'
[1.642s] Level 1:colcon.colcon_core.package_identification:_identify(src) by extensions ['colcon_pkg']
[1.642s] Level 1:colcon.colcon_core.package_identification:_identify(src) by extension 'colcon_pkg'
[1.642s] Level 1:colcon.colcon_core.package_identification:_identify(src) by extensions ['colcon_meta']
[1.642s] Level 1:colcon.colcon_core.package_identification:_identify(src) by extension 'colcon_meta'
[1.642s] Level 1:colcon.colcon_core.package_identification:_identify(src) by extensions ['ros']
[1.643s] Level 1:colcon.colcon_core.package_identification:_identify(src) by extension 'ros'
[1.643s] Level 1:colcon.colcon_core.package_identification:_identify(src) by extensions ['cmake', 'python']
[1.643s] Level 1:colcon.colcon_core.package_identification:_identify(src) by extension 'cmake'
[1.643s] Level 1:colcon.colcon_core.package_identification:_identify(src) by extension 'python'
[1.644s] Level 1:colcon.colcon_core.package_identification:_identify(src) by extensions ['python_setup_py']
[1.644s] Level 1:colcon.colcon_core.package_identification:_identify(src) by extension 'python_setup_py'
[1.644s] Level 1:colcon.colcon_core.package_identification:_identify(src/arm_pkg) by extensions ['ignore', 'ignore_ament_install']
[1.645s] Level 1:colcon.colcon_core.package_identification:_identify(src/arm_pkg) by extension 'ignore'
[1.645s] Level 1:colcon.colcon_core.package_identification:_identify(src/arm_pkg) by extension 'ignore_ament_install'
[1.646s] Level 1:colcon.colcon_core.package_identification:_identify(src/arm_pkg) by extensions ['colcon_pkg']
[1.646s] Level 1:colcon.colcon_core.package_identification:_identify(src/arm_pkg) by extension 'colcon_pkg'
[1.646s] Level 1:colcon.colcon_core.package_identification:_identify(src/arm_pkg) by extensions ['colcon_meta']
[1.646s] Level 1:colcon.colcon_core.package_identification:_identify(src/arm_pkg) by extension 'colcon_meta'
[1.646s] Level 1:colcon.colcon_core.package_identification:_identify(src/arm_pkg) by extensions ['ros']
[1.646s] Level 1:colcon.colcon_core.package_identification:_identify(src/arm_pkg) by extension 'ros'
[1.661s] DEBUG:colcon.colcon_core.package_identification:Package 'src/arm_pkg' with type 'ros.ament_python' and name 'arm_pkg'
[1.662s] Level 1:colcon.colcon_core.package_identification:_identify(src/build) by extensions ['ignore', 'ignore_ament_install']
[1.662s] Level 1:colcon.colcon_core.package_identification:_identify(src/build) by extension 'ignore'
[1.663s] Level 1:colcon.colcon_core.package_identification:_identify(src/build) ignored
[1.663s] Level 1:colcon.colcon_core.package_identification:_identify(src/camera_pkg) by extensions ['ignore', 'ignore_ament_install']
[1.664s] Level 1:colcon.colcon_core.package_identification:_identify(src/camera_pkg) by extension 'ignore'
[1.664s] Level 1:colcon.colcon_core.package_identification:_identify(src/camera_pkg) by extension 'ignore_ament_install'
[1.665s] Level 1:colcon.colcon_core.package_identification:_identify(src/camera_pkg) by extensions ['colcon_pkg']
[1.665s] Level 1:colcon.colcon_core.package_identification:_identify(src/camera_pkg) by extension 'colcon_pkg'
[1.665s] Level 1:colcon.colcon_core.package_identification:_identify(src/camera_pkg) by extensions ['colcon_meta']
[1.666s] Level 1:colcon.colcon_core.package_identification:_identify(src/camera_pkg) by extension 'colcon_meta'
[1.666s] Level 1:colcon.colcon_core.package_identification:_identify(src/camera_pkg) by extensions ['ros']
[1.666s] Level 1:colcon.colcon_core.package_identification:_identify(src/camera_pkg) by extension 'ros'
[1.674s] DEBUG:colcon.colcon_core.package_identification:Package 'src/camera_pkg' with type 'ros.ament_python' and name 'camera_pkg'
[1.675s] Level 1:colcon.colcon_core.package_identification:_identify(src/install) by extensions ['ignore', 'ignore_ament_install']
[1.675s] Level 1:colcon.colcon_core.package_identification:_identify(src/install) by extension 'ignore'
[1.676s] Level 1:colcon.colcon_core.package_identification:_identify(src/install) ignored
[1.676s] Level 1:colcon.colcon_core.package_identification:_identify(src/libuvc) by extensions ['ignore', 'ignore_ament_install']
[1.676s] Level 1:colcon.colcon_core.package_identification:_identify(src/libuvc) by extension 'ignore'
[1.677s] Level 1:colcon.colcon_core.package_identification:_identify(src/libuvc) by extension 'ignore_ament_install'
[1.677s] Level 1:colcon.colcon_core.package_identification:_identify(src/libuvc) by extensions ['colcon_pkg']
[1.677s] Level 1:colcon.colcon_core.package_identification:_identify(src/libuvc) by extension 'colcon_pkg'
[1.677s] Level 1:colcon.colcon_core.package_identification:_identify(src/libuvc) by extensions ['colcon_meta']
[1.678s] Level 1:colcon.colcon_core.package_identification:_identify(src/libuvc) by extension 'colcon_meta'
[1.678s] Level 1:colcon.colcon_core.package_identification:_identify(src/libuvc) by extensions ['ros']
[1.678s] Level 1:colcon.colcon_core.package_identification:_identify(src/libuvc) by extension 'ros'
[1.678s] Level 1:colcon.colcon_core.package_identification:_identify(src/libuvc) by extensions ['cmake', 'python']
[1.678s] Level 1:colcon.colcon_core.package_identification:_identify(src/libuvc) by extension 'cmake'
[1.679s] Level 1:colcon.colcon_core.package_identification:_identify(src/libuvc) by extension 'python'
[1.679s] Level 1:colcon.colcon_core.package_identification:_identify(src/libuvc) by extensions ['python_setup_py']
[1.679s] Level 1:colcon.colcon_core.package_identification:_identify(src/libuvc) by extension 'python_setup_py'
[1.680s] Level 1:colcon.colcon_core.package_identification:_identify(src/log) by extensions ['ignore', 'ignore_ament_install']
[1.680s] Level 1:colcon.colcon_core.package_identification:_identify(src/log) by extension 'ignore'
[1.681s] Level 1:colcon.colcon_core.package_identification:_identify(src/log) ignored
[1.682s] Level 1:colcon.colcon_core.package_identification:_identify(src/odometry_pkg) by extensions ['ignore', 'ignore_ament_install']
[1.682s] Level 1:colcon.colcon_core.package_identification:_identify(src/odometry_pkg) by extension 'ignore'
[1.682s] Level 1:colcon.colcon_core.package_identification:_identify(src/odometry_pkg) by extension 'ignore_ament_install'
[1.683s] Level 1:colcon.colcon_core.package_identification:_identify(src/odometry_pkg) by extensions ['colcon_pkg']
[1.683s] Level 1:colcon.colcon_core.package_identification:_identify(src/odometry_pkg) by extension 'colcon_pkg'
[1.683s] Level 1:colcon.colcon_core.package_identification:_identify(src/odometry_pkg) by extensions ['colcon_meta']
[1.683s] Level 1:colcon.colcon_core.package_identification:_identify(src/odometry_pkg) by extension 'colcon_meta'
[1.683s] Level 1:colcon.colcon_core.package_identification:_identify(src/odometry_pkg) by extensions ['ros']
[1.683s] Level 1:colcon.colcon_core.package_identification:_identify(src/odometry_pkg) by extension 'ros'
[1.689s] DEBUG:colcon.colcon_core.package_identification:Package 'src/odometry_pkg' with type 'ros.ament_python' and name 'odometry_pkg'
[1.690s] Level 1:colcon.colcon_core.package_identification:_identify(src/sllidar_ros2) by extensions ['ignore', 'ignore_ament_install']
[1.690s] Level 1:colcon.colcon_core.package_identification:_identify(src/sllidar_ros2) by extension 'ignore'
[1.691s] Level 1:colcon.colcon_core.package_identification:_identify(src/sllidar_ros2) by extension 'ignore_ament_install'
[1.691s] Level 1:colcon.colcon_core.package_identification:_identify(src/sllidar_ros2) by extensions ['colcon_pkg']
[1.691s] Level 1:colcon.colcon_core.package_identification:_identify(src/sllidar_ros2) by extension 'colcon_pkg'
[1.691s] Level 1:colcon.colcon_core.package_identification:_identify(src/sllidar_ros2) by extensions ['colcon_meta']
[1.692s] Level 1:colcon.colcon_core.package_identification:_identify(src/sllidar_ros2) by extension 'colcon_meta'
[1.692s] Level 1:colcon.colcon_core.package_identification:_identify(src/sllidar_ros2) by extensions ['ros']
[1.692s] Level 1:colcon.colcon_core.package_identification:_identify(src/sllidar_ros2) by extension 'ros'
[1.696s] DEBUG:colcon.colcon_core.package_identification:Package 'src/sllidar_ros2' with type 'ros.ament_cmake' and name 'sllidar_ros2'
[1.697s] Level 1:colcon.colcon_core.package_identification:_identify(src/xbox_control_pkg) by extensions ['ignore', 'ignore_ament_install']
[1.697s] Level 1:colcon.colcon_core.package_identification:_identify(src/xbox_control_pkg) by extension 'ignore'
[1.697s] Level 1:colcon.colcon_core.package_identification:_identify(src/xbox_control_pkg) by extension 'ignore_ament_install'
[1.698s] Level 1:colcon.colcon_core.package_identification:_identify(src/xbox_control_pkg) by extensions ['colcon_pkg']
[1.698s] Level 1:colcon.colcon_core.package_identification:_identify(src/xbox_control_pkg) by extension 'colcon_pkg'
[1.699s] Level 1:colcon.colcon_core.package_identification:_identify(src/xbox_control_pkg) by extensions ['colcon_meta']
[1.699s] Level 1:colcon.colcon_core.package_identification:_identify(src/xbox_control_pkg) by extension 'colcon_meta'
[1.699s] Level 1:colcon.colcon_core.package_identification:_identify(src/xbox_control_pkg) by extensions ['ros']
[1.699s] Level 1:colcon.colcon_core.package_identification:_identify(src/xbox_control_pkg) by extension 'ros'
[1.704s] DEBUG:colcon.colcon_core.package_identification:Package 'src/xbox_control_pkg' with type 'ros.ament_python' and name 'xbox_control_pkg'
[1.704s] Level 1:colcon.colcon_core.package_discovery:discover_packages(recursive) using defaults
[1.705s] Level 1:colcon.colcon_core.package_discovery:discover_packages(ignore) discover
[1.705s] Level 1:colcon.colcon_core.package_discovery:discover_packages(ignore) using defaults
[1.705s] Level 1:colcon.colcon_core.package_discovery:discover_packages(path) discover
[1.705s] Level 1:colcon.colcon_core.package_discovery:discover_packages(path) using defaults
[1.706s] WARNING:colcon.colcon_core.package_selection:ignoring unknown package 'astra_camera' in --packages-select
[1.847s] INFO:colcon.colcon_core.package_selection:Skipping not selected package 'arm_pkg' in 'src/arm_pkg'
[1.848s] INFO:colcon.colcon_core.package_selection:Skipping not selected package 'camera_pkg' in 'src/camera_pkg'
[1.848s] INFO:colcon.colcon_core.package_selection:Skipping not selected package 'odometry_pkg' in 'src/odometry_pkg'
[1.848s] INFO:colcon.colcon_core.package_selection:Skipping not selected package 'sllidar_ros2' in 'src/sllidar_ros2'
[1.848s] INFO:colcon.colcon_core.package_selection:Skipping not selected package 'xbox_control_pkg' in 'src/xbox_control_pkg'
[1.851s] Level 1:colcon.colcon_core.package_discovery:discover_packages(prefix_path) check parameters
[1.851s] Level 1:colcon.colcon_core.package_discovery:discover_packages(prefix_path) discover
[1.866s] DEBUG:colcon.colcon_installed_package_information.package_discovery:Found 5 installed packages in /home/ras4/nuc_ws/install
[1.876s] DEBUG:colcon.colcon_installed_package_information.package_discovery:Found 276 installed packages in /opt/ros/humble
[1.923s] Level 1:colcon.colcon_core.package_discovery:discover_packages(prefix_path) using defaults
[2.098s] INFO:colcon.colcon_core.executor:Executing jobs using 'parallel' executor
[2.102s] DEBUG:colcon.colcon_parallel_executor.executor.parallel:run_until_complete
[2.102s] DEBUG:colcon.colcon_parallel_executor.executor.parallel:closing loop
[2.103s] DEBUG:colcon.colcon_parallel_executor.executor.parallel:loop closed
[2.103s] DEBUG:colcon.colcon_parallel_executor.executor.parallel:run_until_complete finished with '0'
[2.104s] DEBUG:colcon.colcon_core.event_reactor:joining thread
[2.132s] INFO:colcon.colcon_core.plugin_system:Skipping extension 'colcon_notification.desktop_notification.terminal_notifier': Not used on non-Darwin systems
[2.132s] INFO:colcon.colcon_core.plugin_system:Skipping extension 'colcon_notification.desktop_notification.win32': Not used on non-Windows systems
[2.133s] INFO:colcon.colcon_notification.desktop_notification:Sending desktop notification using 'notify2'
[2.228s] DEBUG:colcon.colcon_core.event_reactor:joined thread
[2.255s] INFO:colcon.colcon_core.plugin_system:Skipping extension 'colcon_core.shell.bat': Not used on non-Windows systems
[2.256s] INFO:colcon.colcon_core.shell:Creating prefix script '/home/ras4/nuc_ws/install/local_setup.ps1'
[2.264s] INFO:colcon.colcon_core.shell:Creating prefix util module '/home/ras4/nuc_ws/install/_local_setup_util_ps1.py'
[2.273s] INFO:colcon.colcon_core.shell:Creating prefix chain script '/home/ras4/nuc_ws/install/setup.ps1'
[2.282s] INFO:colcon.colcon_core.shell:Creating prefix script '/home/ras4/nuc_ws/install/local_setup.sh'
[2.287s] INFO:colcon.colcon_core.shell:Creating prefix util module '/home/ras4/nuc_ws/install/_local_setup_util_sh.py'
[2.292s] INFO:colcon.colcon_core.shell:Creating prefix chain script '/home/ras4/nuc_ws/install/setup.sh'
[2.301s] INFO:colcon.colcon_core.shell:Creating prefix script '/home/ras4/nuc_ws/install/local_setup.bash'
[2.306s] INFO:colcon.colcon_core.shell:Creating prefix chain script '/home/ras4/nuc_ws/install/setup.bash'
[2.315s] INFO:colcon.colcon_core.shell:Creating prefix script '/home/ras4/nuc_ws/install/local_setup.zsh'
[2.320s] INFO:colcon.colcon_core.shell:Creating prefix chain script '/home/ras4/nuc_ws/install/setup.zsh'
