[0.057s] Invoking command in '/home/ras4/nuc_ws/src/build/sllidar_ros2': CMAKE_PREFIX_PATH=${CMAKE_PREFIX_PATH}:/home/ras4/nuc_ws/install/xbox_control_pkg:/home/ras4/nuc_ws/install/odometry_pkg:/home/ras4/nuc_ws/install/camera_pkg:/home/ras4/nuc_ws/install/arm_pkg:/home/ras4/nuc_ws/src/install/xbox_control_pkg:/home/ras4/nuc_ws/src/install/odometry_pkg:/home/ras4/nuc_ws/src/install/camera_pkg:/home/ras4/nuc_ws/src/install/arm_pkg:/opt/ros/humble /usr/bin/cmake --build /home/ras4/nuc_ws/src/build/sllidar_ros2 -- -j4 -l4
[0.281s] [35m[1mConsolidate compiler generated dependencies of target sllidar_client[0m
[0.306s] [35m[1mConsolidate compiler generated dependencies of target sllidar_node[0m
[0.399s] [ 10%] Built target sllidar_client
[0.490s] [100%] Built target sllidar_node
[0.533s] Invoked command in '/home/ras4/nuc_ws/src/build/sllidar_ros2' returned '0': CMAKE_PREFIX_PATH=${CMAKE_PREFIX_PATH}:/home/ras4/nuc_ws/install/xbox_control_pkg:/home/ras4/nuc_ws/install/odometry_pkg:/home/ras4/nuc_ws/install/camera_pkg:/home/ras4/nuc_ws/install/arm_pkg:/home/ras4/nuc_ws/src/install/xbox_control_pkg:/home/ras4/nuc_ws/src/install/odometry_pkg:/home/ras4/nuc_ws/src/install/camera_pkg:/home/ras4/nuc_ws/src/install/arm_pkg:/opt/ros/humble /usr/bin/cmake --build /home/ras4/nuc_ws/src/build/sllidar_ros2 -- -j4 -l4
[0.546s] Invoking command in '/home/ras4/nuc_ws/src/build/sllidar_ros2': CMAKE_PREFIX_PATH=${CMAKE_PREFIX_PATH}:/home/ras4/nuc_ws/install/xbox_control_pkg:/home/ras4/nuc_ws/install/odometry_pkg:/home/ras4/nuc_ws/install/camera_pkg:/home/ras4/nuc_ws/install/arm_pkg:/home/ras4/nuc_ws/src/install/xbox_control_pkg:/home/ras4/nuc_ws/src/install/odometry_pkg:/home/ras4/nuc_ws/src/install/camera_pkg:/home/ras4/nuc_ws/src/install/arm_pkg:/opt/ros/humble /usr/bin/cmake --install /home/ras4/nuc_ws/src/build/sllidar_ros2
[0.576s] -- Install configuration: ""
[0.577s] -- Up-to-date: /home/ras4/nuc_ws/src/install/sllidar_ros2/share/sllidar_ros2/launch
[0.578s] -- Up-to-date: /home/ras4/nuc_ws/src/install/sllidar_ros2/share/sllidar_ros2/launch/view_sllidar_c1_launch.py
[0.578s] -- Up-to-date: /home/ras4/nuc_ws/src/install/sllidar_ros2/share/sllidar_ros2/launch/sllidar_s3_launch.py
[0.579s] -- Up-to-date: /home/ras4/nuc_ws/src/install/sllidar_ros2/share/sllidar_ros2/launch/sllidar_a2m8_launch.py
[0.579s] -- Up-to-date: /home/ras4/nuc_ws/src/install/sllidar_ros2/share/sllidar_ros2/launch/view_sllidar_s1_tcp_launch.py
[0.579s] -- Up-to-date: /home/ras4/nuc_ws/src/install/sllidar_ros2/share/sllidar_ros2/launch/sllidar_s1_tcp_launch.py
[0.580s] -- Up-to-date: /home/ras4/nuc_ws/src/install/sllidar_ros2/share/sllidar_ros2/launch/sllidar_c1_launch.py
[0.580s] -- Up-to-date: /home/ras4/nuc_ws/src/install/sllidar_ros2/share/sllidar_ros2/launch/sllidar_s1_launch.py
[0.581s] -- Up-to-date: /home/ras4/nuc_ws/src/install/sllidar_ros2/share/sllidar_ros2/launch/sllidar_s2_launch.py
[0.581s] -- Up-to-date: /home/ras4/nuc_ws/src/install/sllidar_ros2/share/sllidar_ros2/launch/view_sllidar_a2m8_launch.py
[0.582s] -- Up-to-date: /home/ras4/nuc_ws/src/install/sllidar_ros2/share/sllidar_ros2/launch/view_sllidar_a3_launch.py
[0.582s] -- Up-to-date: /home/ras4/nuc_ws/src/install/sllidar_ros2/share/sllidar_ros2/launch/view_sllidar_s2_launch.py
[0.582s] -- Up-to-date: /home/ras4/nuc_ws/src/install/sllidar_ros2/share/sllidar_ros2/launch/view_sllidar_a2m12_launch.py
[0.583s] -- Up-to-date: /home/ras4/nuc_ws/src/install/sllidar_ros2/share/sllidar_ros2/launch/view_sllidar_s1_launch.py
[0.583s] -- Up-to-date: /home/ras4/nuc_ws/src/install/sllidar_ros2/share/sllidar_ros2/launch/sllidar_s2e_launch.py
[0.584s] -- Up-to-date: /home/ras4/nuc_ws/src/install/sllidar_ros2/share/sllidar_ros2/launch/sllidar_a2m12_launch .py
[0.584s] -- Up-to-date: /home/ras4/nuc_ws/src/install/sllidar_ros2/share/sllidar_ros2/launch/sllidar_t1_launch.py
[0.584s] -- Up-to-date: /home/ras4/nuc_ws/src/install/sllidar_ros2/share/sllidar_ros2/launch/view_sllidar_a2m7_launch.py
[0.585s] -- Up-to-date: /home/ras4/nuc_ws/src/install/sllidar_ros2/share/sllidar_ros2/launch/view_sllidar_t1_launch.py
[0.585s] -- Up-to-date: /home/ras4/nuc_ws/src/install/sllidar_ros2/share/sllidar_ros2/launch/sllidar_a2m7_launch.py
[0.585s] -- Up-to-date: /home/ras4/nuc_ws/src/install/sllidar_ros2/share/sllidar_ros2/launch/view_sllidar_s3_launch.py
[0.586s] -- Up-to-date: /home/ras4/nuc_ws/src/install/sllidar_ros2/share/sllidar_ros2/launch/view_sllidar_s2e_launch.py
[0.586s] -- Up-to-date: /home/ras4/nuc_ws/src/install/sllidar_ros2/share/sllidar_ros2/launch/sllidar_a3_launch.py
[0.586s] -- Up-to-date: /home/ras4/nuc_ws/src/install/sllidar_ros2/share/sllidar_ros2/launch/sllidar_a1_launch.py
[0.587s] -- Up-to-date: /home/ras4/nuc_ws/src/install/sllidar_ros2/share/sllidar_ros2/launch/view_sllidar_a1_launch.py
[0.587s] -- Up-to-date: /home/ras4/nuc_ws/src/install/sllidar_ros2/share/sllidar_ros2/rviz
[0.587s] -- Up-to-date: /home/ras4/nuc_ws/src/install/sllidar_ros2/share/sllidar_ros2/rviz/sllidar_ros2.rviz
[0.589s] -- Up-to-date: /home/ras4/nuc_ws/src/install/sllidar_ros2/lib/sllidar_ros2/sllidar_node
[0.593s] -- Up-to-date: /home/ras4/nuc_ws/src/install/sllidar_ros2/lib/sllidar_ros2/sllidar_client
[0.594s] -- Up-to-date: /home/ras4/nuc_ws/src/install/sllidar_ros2/share/ament_index/resource_index/package_run_dependencies/sllidar_ros2
[0.595s] -- Up-to-date: /home/ras4/nuc_ws/src/install/sllidar_ros2/share/ament_index/resource_index/parent_prefix_path/sllidar_ros2
[0.596s] -- Up-to-date: /home/ras4/nuc_ws/src/install/sllidar_ros2/share/sllidar_ros2/environment/ament_prefix_path.sh
[0.597s] -- Up-to-date: /home/ras4/nuc_ws/src/install/sllidar_ros2/share/sllidar_ros2/environment/ament_prefix_path.dsv
[0.597s] -- Up-to-date: /home/ras4/nuc_ws/src/install/sllidar_ros2/share/sllidar_ros2/environment/path.sh
[0.598s] -- Up-to-date: /home/ras4/nuc_ws/src/install/sllidar_ros2/share/sllidar_ros2/environment/path.dsv
[0.599s] -- Up-to-date: /home/ras4/nuc_ws/src/install/sllidar_ros2/share/sllidar_ros2/local_setup.bash
[0.599s] -- Up-to-date: /home/ras4/nuc_ws/src/install/sllidar_ros2/share/sllidar_ros2/local_setup.sh
[0.600s] -- Up-to-date: /home/ras4/nuc_ws/src/install/sllidar_ros2/share/sllidar_ros2/local_setup.zsh
[0.600s] -- Up-to-date: /home/ras4/nuc_ws/src/install/sllidar_ros2/share/sllidar_ros2/local_setup.dsv
[0.601s] -- Installing: /home/ras4/nuc_ws/src/install/sllidar_ros2/share/sllidar_ros2/package.dsv
[0.603s] -- Up-to-date: /home/ras4/nuc_ws/src/install/sllidar_ros2/share/ament_index/resource_index/packages/sllidar_ros2
[0.604s] -- Up-to-date: /home/ras4/nuc_ws/src/install/sllidar_ros2/share/sllidar_ros2/cmake/ament_cmake_export_dependencies-extras.cmake
[0.605s] -- Up-to-date: /home/ras4/nuc_ws/src/install/sllidar_ros2/share/sllidar_ros2/cmake/ament_cmake_export_include_directories-extras.cmake
[0.606s] -- Up-to-date: /home/ras4/nuc_ws/src/install/sllidar_ros2/share/sllidar_ros2/cmake/sllidar_ros2Config.cmake
[0.606s] -- Up-to-date: /home/ras4/nuc_ws/src/install/sllidar_ros2/share/sllidar_ros2/cmake/sllidar_ros2Config-version.cmake
[0.606s] -- Up-to-date: /home/ras4/nuc_ws/src/install/sllidar_ros2/share/sllidar_ros2/package.xml
[0.613s] Invoked command in '/home/ras4/nuc_ws/src/build/sllidar_ros2' returned '0': CMAKE_PREFIX_PATH=${CMAKE_PREFIX_PATH}:/home/ras4/nuc_ws/install/xbox_control_pkg:/home/ras4/nuc_ws/install/odometry_pkg:/home/ras4/nuc_ws/install/camera_pkg:/home/ras4/nuc_ws/install/arm_pkg:/home/ras4/nuc_ws/src/install/xbox_control_pkg:/home/ras4/nuc_ws/src/install/odometry_pkg:/home/ras4/nuc_ws/src/install/camera_pkg:/home/ras4/nuc_ws/src/install/arm_pkg:/opt/ros/humble /usr/bin/cmake --install /home/ras4/nuc_ws/src/build/sllidar_ros2
