[3.046s] Invoking command in '/home/robotec/ros2_ws/build/odometry': PYTHONPATH=/home/robotec/ros2_ws/build/odometry/prefix_override:/usr/lib/python3/dist-packages/colcon_core/task/python/colcon_distutils_commands:/home/robotec/ros2_ws/install/odometry/lib/python3.10/site-packages:${PYTHONPATH} /usr/bin/python3 -W ignore:setup.py install is deprecated -W ignore:easy_install command is deprecated setup.py develop --uninstall --editable --build-directory /home/robotec/ros2_ws/build/odometry/build
[4.216s] running develop
[4.891s] Removing /home/robotec/ros2_ws/install/odometry/lib/python3.10/site-packages/odometry.egg-link (link to .)
[5.006s] Invoked command in '/home/robotec/ros2_ws/build/odometry' returned '0': PYTHONPATH=/home/robotec/ros2_ws/build/odometry/prefix_override:/usr/lib/python3/dist-packages/colcon_core/task/python/colcon_distutils_commands:/home/robotec/ros2_ws/install/odometry/lib/python3.10/site-packages:${PYTHONPATH} /usr/bin/python3 -W ignore:setup.py install is deprecated -W ignore:easy_install command is deprecated setup.py develop --uninstall --editable --build-directory /home/robotec/ros2_ws/build/odometry/build
[5.010s] Invoking command in '/home/robotec/ros2_ws/src/odometry': PYTHONPATH=/home/robotec/ros2_ws/build/odometry/prefix_override:/usr/lib/python3/dist-packages/colcon_core/task/python/colcon_distutils_commands:/home/robotec/ros2_ws/install/odometry/lib/python3.10/site-packages:${PYTHONPATH} /usr/bin/python3 -W ignore:setup.py install is deprecated -W ignore:easy_install command is deprecated setup.py egg_info --egg-base ../../build/odometry build --build-base /home/robotec/ros2_ws/build/odometry/build install --record /home/robotec/ros2_ws/build/odometry/install.log --single-version-externally-managed install_data --force
[5.687s] running egg_info
[5.689s] writing ../../build/odometry/odometry.egg-info/PKG-INFO
[5.689s] writing dependency_links to ../../build/odometry/odometry.egg-info/dependency_links.txt
[5.689s] writing entry points to ../../build/odometry/odometry.egg-info/entry_points.txt
[5.690s] writing requirements to ../../build/odometry/odometry.egg-info/requires.txt
[5.690s] writing top-level names to ../../build/odometry/odometry.egg-info/top_level.txt
[5.691s] reading manifest file '../../build/odometry/odometry.egg-info/SOURCES.txt'
[5.693s] writing manifest file '../../build/odometry/odometry.egg-info/SOURCES.txt'
[5.694s] running build
[5.694s] running install
[5.696s] running install_data
[5.698s] copying resource/odometry -> /home/robotec/ros2_ws/install/odometry/share/ament_index/resource_index/packages
[5.698s] copying package.xml -> /home/robotec/ros2_ws/install/odometry/share/odometry
[5.698s] running install_egg_info
[5.710s] Copying ../../build/odometry/odometry.egg-info to /home/robotec/ros2_ws/install/odometry/lib/python3.10/site-packages/odometry-0.0.0-py3.10.egg-info
[5.713s] running install_scripts
[5.756s] Installing odometry_node script to /home/robotec/ros2_ws/install/odometry/lib/odometry
[5.756s] writing list of installed files to '/home/robotec/ros2_ws/build/odometry/install.log'
[5.816s] Invoked command in '/home/robotec/ros2_ws/src/odometry' returned '0': PYTHONPATH=/home/robotec/ros2_ws/build/odometry/prefix_override:/usr/lib/python3/dist-packages/colcon_core/task/python/colcon_distutils_commands:/home/robotec/ros2_ws/install/odometry/lib/python3.10/site-packages:${PYTHONPATH} /usr/bin/python3 -W ignore:setup.py install is deprecated -W ignore:easy_install command is deprecated setup.py egg_info --egg-base ../../build/odometry build --build-base /home/robotec/ros2_ws/build/odometry/build install --record /home/robotec/ros2_ws/build/odometry/install.log --single-version-externally-managed install_data --force
