running egg_info
creating ../../build/xbox_control_pkg/xbox_control_pkg.egg-info
writing ../../build/xbox_control_pkg/xbox_control_pkg.egg-info/PKG-INFO
writing dependency_links to ../../build/xbox_control_pkg/xbox_control_pkg.egg-info/dependency_links.txt
writing entry points to ../../build/xbox_control_pkg/xbox_control_pkg.egg-info/entry_points.txt
writing requirements to ../../build/xbox_control_pkg/xbox_control_pkg.egg-info/requires.txt
writing top-level names to ../../build/xbox_control_pkg/xbox_control_pkg.egg-info/top_level.txt
writing manifest file '../../build/xbox_control_pkg/xbox_control_pkg.egg-info/SOURCES.txt'
reading manifest file '../../build/xbox_control_pkg/xbox_control_pkg.egg-info/SOURCES.txt'
writing manifest file '../../build/xbox_control_pkg/xbox_control_pkg.egg-info/SOURCES.txt'
running build
running build_py
creating /home/ras4/nuc_ws/build/xbox_control_pkg/build
creating /home/ras4/nuc_ws/build/xbox_control_pkg/build/lib
creating /home/ras4/nuc_ws/build/xbox_control_pkg/build/lib/xbox_control_pkg
copying xbox_control_pkg/xbox_control_node.py -> /home/ras4/nuc_ws/build/xbox_control_pkg/build/lib/xbox_control_pkg
copying xbox_control_pkg/__init__.py -> /home/ras4/nuc_ws/build/xbox_control_pkg/build/lib/xbox_control_pkg
running install
running install_lib
creating /home/ras4/nuc_ws/install/xbox_control_pkg/lib/python3.10/site-packages/xbox_control_pkg
copying /home/ras4/nuc_ws/build/xbox_control_pkg/build/lib/xbox_control_pkg/xbox_control_node.py -> /home/ras4/nuc_ws/install/xbox_control_pkg/lib/python3.10/site-packages/xbox_control_pkg
copying /home/ras4/nuc_ws/build/xbox_control_pkg/build/lib/xbox_control_pkg/__init__.py -> /home/ras4/nuc_ws/install/xbox_control_pkg/lib/python3.10/site-packages/xbox_control_pkg
byte-compiling /home/ras4/nuc_ws/install/xbox_control_pkg/lib/python3.10/site-packages/xbox_control_pkg/xbox_control_node.py to xbox_control_node.cpython-310.pyc
byte-compiling /home/ras4/nuc_ws/install/xbox_control_pkg/lib/python3.10/site-packages/xbox_control_pkg/__init__.py to __init__.cpython-310.pyc
running install_data
creating /home/ras4/nuc_ws/install/xbox_control_pkg/share/ament_index
creating /home/ras4/nuc_ws/install/xbox_control_pkg/share/ament_index/resource_index
creating /home/ras4/nuc_ws/install/xbox_control_pkg/share/ament_index/resource_index/packages
copying resource/xbox_control_pkg -> /home/ras4/nuc_ws/install/xbox_control_pkg/share/ament_index/resource_index/packages
copying package.xml -> /home/ras4/nuc_ws/install/xbox_control_pkg/share/xbox_control_pkg
running install_egg_info
Copying ../../build/xbox_control_pkg/xbox_control_pkg.egg-info to /home/ras4/nuc_ws/install/xbox_control_pkg/lib/python3.10/site-packages/xbox_control_pkg-0.0.0-py3.10.egg-info
running install_scripts
Installing control_rizz_node script to /home/ras4/nuc_ws/install/xbox_control_pkg/lib/xbox_control_pkg
Installing xbox_control_node script to /home/ras4/nuc_ws/install/xbox_control_pkg/lib/xbox_control_pkg
writing list of installed files to '/home/ras4/nuc_ws/build/xbox_control_pkg/install.log'
