[1.137s] Invoking command in '/home/robotec/ros2_ws/src/xbox_control_pkg': PYTHONPATH=/home/robotec/ros2_ws/build/xbox_control_pkg/prefix_override:/usr/lib/python3/dist-packages/colcon_core/task/python/colcon_distutils_commands:/home/robotec/ros2_ws/install/xbox_control_pkg/lib/python3.10/site-packages:${PYTHONPATH} /usr/bin/python3 -W ignore:setup.py install is deprecated -W ignore:easy_install command is deprecated setup.py egg_info --egg-base ../../build/xbox_control_pkg build --build-base /home/robotec/ros2_ws/build/xbox_control_pkg/build install --record /home/robotec/ros2_ws/build/xbox_control_pkg/install.log --single-version-externally-managed install_data
[1.427s] running egg_info
[1.428s] writing ../../build/xbox_control_pkg/xbox_control_pkg.egg-info/PKG-INFO
[1.428s] writing dependency_links to ../../build/xbox_control_pkg/xbox_control_pkg.egg-info/dependency_links.txt
[1.428s] writing entry points to ../../build/xbox_control_pkg/xbox_control_pkg.egg-info/entry_points.txt
[1.428s] writing requirements to ../../build/xbox_control_pkg/xbox_control_pkg.egg-info/requires.txt
[1.428s] writing top-level names to ../../build/xbox_control_pkg/xbox_control_pkg.egg-info/top_level.txt
[1.430s] reading manifest file '../../build/xbox_control_pkg/xbox_control_pkg.egg-info/SOURCES.txt'
[1.432s] writing manifest file '../../build/xbox_control_pkg/xbox_control_pkg.egg-info/SOURCES.txt'
[1.432s] running build
[1.432s] running build_py
[1.432s] running install
[1.433s] running install_lib
[1.434s] running install_data
[1.434s] running install_egg_info
[1.436s] removing '/home/robotec/ros2_ws/install/xbox_control_pkg/lib/python3.10/site-packages/xbox_control_pkg-0.0.0-py3.10.egg-info' (and everything under it)
[1.437s] Copying ../../build/xbox_control_pkg/xbox_control_pkg.egg-info to /home/robotec/ros2_ws/install/xbox_control_pkg/lib/python3.10/site-packages/xbox_control_pkg-0.0.0-py3.10.egg-info
[1.438s] running install_scripts
[1.460s] Installing xbox_control_node script to /home/robotec/ros2_ws/install/xbox_control_pkg/lib/xbox_control_pkg
[1.460s] writing list of installed files to '/home/robotec/ros2_ws/build/xbox_control_pkg/install.log'
[1.492s] Invoked command in '/home/robotec/ros2_ws/src/xbox_control_pkg' returned '0': PYTHONPATH=/home/robotec/ros2_ws/build/xbox_control_pkg/prefix_override:/usr/lib/python3/dist-packages/colcon_core/task/python/colcon_distutils_commands:/home/robotec/ros2_ws/install/xbox_control_pkg/lib/python3.10/site-packages:${PYTHONPATH} /usr/bin/python3 -W ignore:setup.py install is deprecated -W ignore:easy_install command is deprecated setup.py egg_info --egg-base ../../build/xbox_control_pkg build --build-base /home/robotec/ros2_ws/build/xbox_control_pkg/build install --record /home/robotec/ros2_ws/build/xbox_control_pkg/install.log --single-version-externally-managed install_data
