[0.151s] DEBUG:colcon:Command line arguments: ['/usr/bin/colcon', 'build', '--symlink-install']
[0.151s] DEBUG:colcon:Parsed command line arguments: Namespace(log_base=None, log_level=None, verb_name='build', build_base='build', install_base='install', merge_install=False, symlink_install=True, test_result_base=None, continue_on_error=False, executor='parallel', parallel_workers=4, event_handlers=None, ignore_user_meta=False, metas=['./colcon.meta'], base_paths=['.'], packages_ignore=None, packages_ignore_regex=None, paths=None, packages_up_to=None, packages_up_to_regex=None, packages_above=None, packages_above_and_dependencies=None, packages_above_depth=None, packages_select_by_dep=None, packages_skip_by_dep=None, packages_skip_up_to=None, packages_select_build_failed=False, packages_skip_build_finished=False, packages_select_test_failures=False, packages_skip_test_passed=False, packages_select=None, packages_skip=None, packages_select_regex=None, packages_skip_regex=None, packages_start=None, packages_end=None, allow_overriding=[], cmake_args=None, cmake_target=None, cmake_target_skip_unavailable=False, cmake_clean_cache=False, cmake_clean_first=False, cmake_force_configure=False, ament_cmake_args=None, catkin_cmake_args=None, catkin_skip_building_tests=False, verb_parser=<colcon_defaults.argument_parser.defaults.DefaultArgumentsDecorator object at 0x7f1ec295d090>, verb_extension=<colcon_core.verb.build.BuildVerb object at 0x7f1ec2ad26b0>, main=<bound method BuildVerb.main of <colcon_core.verb.build.BuildVerb object at 0x7f1ec2ad26b0>>)
[0.460s] Level 1:colcon.colcon_core.package_discovery:discover_packages(colcon_meta) check parameters
[0.460s] Level 1:colcon.colcon_core.package_discovery:discover_packages(recursive) check parameters
[0.460s] Level 1:colcon.colcon_core.package_discovery:discover_packages(ignore) check parameters
[0.460s] Level 1:colcon.colcon_core.package_discovery:discover_packages(path) check parameters
[0.460s] Level 1:colcon.colcon_core.package_discovery:discover_packages(colcon_meta) discover
[0.460s] Level 1:colcon.colcon_core.package_discovery:discover_packages(recursive) discover
[0.460s] INFO:colcon.colcon_core.package_discovery:Crawling recursively for packages in '/home/robotec/ros2_ws'
[0.461s] Level 1:colcon.colcon_core.package_identification:_identify(.) by extensions ['ignore', 'ignore_ament_install']
[0.461s] Level 1:colcon.colcon_core.package_identification:_identify(.) by extension 'ignore'
[0.461s] Level 1:colcon.colcon_core.package_identification:_identify(.) by extension 'ignore_ament_install'
[0.461s] Level 1:colcon.colcon_core.package_identification:_identify(.) by extensions ['colcon_pkg']
[0.461s] Level 1:colcon.colcon_core.package_identification:_identify(.) by extension 'colcon_pkg'
[0.461s] Level 1:colcon.colcon_core.package_identification:_identify(.) by extensions ['colcon_meta']
[0.461s] Level 1:colcon.colcon_core.package_identification:_identify(.) by extension 'colcon_meta'
[0.461s] Level 1:colcon.colcon_core.package_identification:_identify(.) by extensions ['ros']
[0.461s] Level 1:colcon.colcon_core.package_identification:_identify(.) by extension 'ros'
[0.474s] Level 1:colcon.colcon_core.package_identification:_identify(.) by extensions ['cmake', 'python']
[0.474s] Level 1:colcon.colcon_core.package_identification:_identify(.) by extension 'cmake'
[0.474s] Level 1:colcon.colcon_core.package_identification:_identify(.) by extension 'python'
[0.474s] Level 1:colcon.colcon_core.package_identification:_identify(.) by extensions ['python_setup_py']
[0.474s] Level 1:colcon.colcon_core.package_identification:_identify(.) by extension 'python_setup_py'
[0.474s] Level 1:colcon.colcon_core.package_identification:_identify(build) by extensions ['ignore', 'ignore_ament_install']
[0.474s] Level 1:colcon.colcon_core.package_identification:_identify(build) by extension 'ignore'
[0.474s] Level 1:colcon.colcon_core.package_identification:_identify(build) ignored
[0.474s] Level 1:colcon.colcon_core.package_identification:_identify(install) by extensions ['ignore', 'ignore_ament_install']
[0.475s] Level 1:colcon.colcon_core.package_identification:_identify(install) by extension 'ignore'
[0.475s] Level 1:colcon.colcon_core.package_identification:_identify(install) ignored
[0.475s] Level 1:colcon.colcon_core.package_identification:_identify(log) by extensions ['ignore', 'ignore_ament_install']
[0.475s] Level 1:colcon.colcon_core.package_identification:_identify(log) by extension 'ignore'
[0.475s] Level 1:colcon.colcon_core.package_identification:_identify(log) ignored
[0.475s] Level 1:colcon.colcon_core.package_identification:_identify(src) by extensions ['ignore', 'ignore_ament_install']
[0.475s] Level 1:colcon.colcon_core.package_identification:_identify(src) by extension 'ignore'
[0.475s] Level 1:colcon.colcon_core.package_identification:_identify(src) by extension 'ignore_ament_install'
[0.475s] Level 1:colcon.colcon_core.package_identification:_identify(src) by extensions ['colcon_pkg']
[0.475s] Level 1:colcon.colcon_core.package_identification:_identify(src) by extension 'colcon_pkg'
[0.475s] Level 1:colcon.colcon_core.package_identification:_identify(src) by extensions ['colcon_meta']
[0.475s] Level 1:colcon.colcon_core.package_identification:_identify(src) by extension 'colcon_meta'
[0.475s] Level 1:colcon.colcon_core.package_identification:_identify(src) by extensions ['ros']
[0.475s] Level 1:colcon.colcon_core.package_identification:_identify(src) by extension 'ros'
[0.475s] Level 1:colcon.colcon_core.package_identification:_identify(src) by extensions ['cmake', 'python']
[0.475s] Level 1:colcon.colcon_core.package_identification:_identify(src) by extension 'cmake'
[0.476s] Level 1:colcon.colcon_core.package_identification:_identify(src) by extension 'python'
[0.476s] Level 1:colcon.colcon_core.package_identification:_identify(src) by extensions ['python_setup_py']
[0.476s] Level 1:colcon.colcon_core.package_identification:_identify(src) by extension 'python_setup_py'
[0.476s] Level 1:colcon.colcon_core.package_identification:_identify(src/camera_pkg) by extensions ['ignore', 'ignore_ament_install']
[0.476s] Level 1:colcon.colcon_core.package_identification:_identify(src/camera_pkg) by extension 'ignore'
[0.476s] Level 1:colcon.colcon_core.package_identification:_identify(src/camera_pkg) by extension 'ignore_ament_install'
[0.476s] Level 1:colcon.colcon_core.package_identification:_identify(src/camera_pkg) by extensions ['colcon_pkg']
[0.476s] Level 1:colcon.colcon_core.package_identification:_identify(src/camera_pkg) by extension 'colcon_pkg'
[0.476s] Level 1:colcon.colcon_core.package_identification:_identify(src/camera_pkg) by extensions ['colcon_meta']
[0.476s] Level 1:colcon.colcon_core.package_identification:_identify(src/camera_pkg) by extension 'colcon_meta'
[0.476s] Level 1:colcon.colcon_core.package_identification:_identify(src/camera_pkg) by extensions ['ros']
[0.476s] Level 1:colcon.colcon_core.package_identification:_identify(src/camera_pkg) by extension 'ros'
[0.479s] DEBUG:colcon.colcon_core.package_identification:Package 'src/camera_pkg' with type 'ros.ament_python' and name 'camera_pkg'
[0.479s] Level 1:colcon.colcon_core.package_identification:_identify(src/libuvc) by extensions ['ignore', 'ignore_ament_install']
[0.480s] Level 1:colcon.colcon_core.package_identification:_identify(src/libuvc) by extension 'ignore'
[0.480s] Level 1:colcon.colcon_core.package_identification:_identify(src/libuvc) by extension 'ignore_ament_install'
[0.480s] Level 1:colcon.colcon_core.package_identification:_identify(src/libuvc) by extensions ['colcon_pkg']
[0.480s] Level 1:colcon.colcon_core.package_identification:_identify(src/libuvc) by extension 'colcon_pkg'
[0.480s] Level 1:colcon.colcon_core.package_identification:_identify(src/libuvc) by extensions ['colcon_meta']
[0.480s] Level 1:colcon.colcon_core.package_identification:_identify(src/libuvc) by extension 'colcon_meta'
[0.480s] Level 1:colcon.colcon_core.package_identification:_identify(src/libuvc) by extensions ['ros']
[0.480s] Level 1:colcon.colcon_core.package_identification:_identify(src/libuvc) by extension 'ros'
[0.480s] Level 1:colcon.colcon_core.package_identification:_identify(src/libuvc) by extensions ['cmake', 'python']
[0.480s] Level 1:colcon.colcon_core.package_identification:_identify(src/libuvc) by extension 'cmake'
[0.492s] Level 1:colcon.colcon_core.package_identification:_identify(src/libuvc) by extension 'python'
[0.492s] DEBUG:colcon.colcon_core.package_identification:Package 'src/libuvc' with type 'cmake' and name 'libuvc'
[0.492s] Level 1:colcon.colcon_core.package_identification:_identify(src/odometry) by extensions ['ignore', 'ignore_ament_install']
[0.493s] Level 1:colcon.colcon_core.package_identification:_identify(src/odometry) by extension 'ignore'
[0.493s] Level 1:colcon.colcon_core.package_identification:_identify(src/odometry) by extension 'ignore_ament_install'
[0.493s] Level 1:colcon.colcon_core.package_identification:_identify(src/odometry) by extensions ['colcon_pkg']
[0.493s] Level 1:colcon.colcon_core.package_identification:_identify(src/odometry) by extension 'colcon_pkg'
[0.493s] Level 1:colcon.colcon_core.package_identification:_identify(src/odometry) by extensions ['colcon_meta']
[0.493s] Level 1:colcon.colcon_core.package_identification:_identify(src/odometry) by extension 'colcon_meta'
[0.493s] Level 1:colcon.colcon_core.package_identification:_identify(src/odometry) by extensions ['ros']
[0.493s] Level 1:colcon.colcon_core.package_identification:_identify(src/odometry) by extension 'ros'
[0.494s] DEBUG:colcon.colcon_core.package_identification:Package 'src/odometry' with type 'ros.ament_python' and name 'odometry'
[0.494s] Level 1:colcon.colcon_core.package_identification:_identify(src/ros2_astra_camera) by extensions ['ignore', 'ignore_ament_install']
[0.494s] Level 1:colcon.colcon_core.package_identification:_identify(src/ros2_astra_camera) by extension 'ignore'
[0.494s] Level 1:colcon.colcon_core.package_identification:_identify(src/ros2_astra_camera) by extension 'ignore_ament_install'
[0.494s] Level 1:colcon.colcon_core.package_identification:_identify(src/ros2_astra_camera) by extensions ['colcon_pkg']
[0.494s] Level 1:colcon.colcon_core.package_identification:_identify(src/ros2_astra_camera) by extension 'colcon_pkg'
[0.495s] Level 1:colcon.colcon_core.package_identification:_identify(src/ros2_astra_camera) by extensions ['colcon_meta']
[0.495s] Level 1:colcon.colcon_core.package_identification:_identify(src/ros2_astra_camera) by extension 'colcon_meta'
[0.495s] Level 1:colcon.colcon_core.package_identification:_identify(src/ros2_astra_camera) by extensions ['ros']
[0.495s] Level 1:colcon.colcon_core.package_identification:_identify(src/ros2_astra_camera) by extension 'ros'
[0.495s] Level 1:colcon.colcon_core.package_identification:_identify(src/ros2_astra_camera) by extensions ['cmake', 'python']
[0.495s] Level 1:colcon.colcon_core.package_identification:_identify(src/ros2_astra_camera) by extension 'cmake'
[0.495s] Level 1:colcon.colcon_core.package_identification:_identify(src/ros2_astra_camera) by extension 'python'
[0.495s] Level 1:colcon.colcon_core.package_identification:_identify(src/ros2_astra_camera) by extensions ['python_setup_py']
[0.495s] Level 1:colcon.colcon_core.package_identification:_identify(src/ros2_astra_camera) by extension 'python_setup_py'
[0.495s] Level 1:colcon.colcon_core.package_identification:_identify(src/ros2_astra_camera/astra_camera) by extensions ['ignore', 'ignore_ament_install']
[0.495s] Level 1:colcon.colcon_core.package_identification:_identify(src/ros2_astra_camera/astra_camera) by extension 'ignore'
[0.495s] Level 1:colcon.colcon_core.package_identification:_identify(src/ros2_astra_camera/astra_camera) by extension 'ignore_ament_install'
[0.495s] Level 1:colcon.colcon_core.package_identification:_identify(src/ros2_astra_camera/astra_camera) by extensions ['colcon_pkg']
[0.495s] Level 1:colcon.colcon_core.package_identification:_identify(src/ros2_astra_camera/astra_camera) by extension 'colcon_pkg'
[0.495s] Level 1:colcon.colcon_core.package_identification:_identify(src/ros2_astra_camera/astra_camera) by extensions ['colcon_meta']
[0.495s] Level 1:colcon.colcon_core.package_identification:_identify(src/ros2_astra_camera/astra_camera) by extension 'colcon_meta'
[0.495s] Level 1:colcon.colcon_core.package_identification:_identify(src/ros2_astra_camera/astra_camera) by extensions ['ros']
[0.495s] Level 1:colcon.colcon_core.package_identification:_identify(src/ros2_astra_camera/astra_camera) by extension 'ros'
[0.498s] DEBUG:colcon.colcon_core.package_identification:Package 'src/ros2_astra_camera/astra_camera' with type 'ros.ament_cmake' and name 'astra_camera'
[0.498s] Level 1:colcon.colcon_core.package_identification:_identify(src/ros2_astra_camera/astra_camera_msgs) by extensions ['ignore', 'ignore_ament_install']
[0.498s] Level 1:colcon.colcon_core.package_identification:_identify(src/ros2_astra_camera/astra_camera_msgs) by extension 'ignore'
[0.498s] Level 1:colcon.colcon_core.package_identification:_identify(src/ros2_astra_camera/astra_camera_msgs) by extension 'ignore_ament_install'
[0.498s] Level 1:colcon.colcon_core.package_identification:_identify(src/ros2_astra_camera/astra_camera_msgs) by extensions ['colcon_pkg']
[0.498s] Level 1:colcon.colcon_core.package_identification:_identify(src/ros2_astra_camera/astra_camera_msgs) by extension 'colcon_pkg'
[0.498s] Level 1:colcon.colcon_core.package_identification:_identify(src/ros2_astra_camera/astra_camera_msgs) by extensions ['colcon_meta']
[0.498s] Level 1:colcon.colcon_core.package_identification:_identify(src/ros2_astra_camera/astra_camera_msgs) by extension 'colcon_meta'
[0.498s] Level 1:colcon.colcon_core.package_identification:_identify(src/ros2_astra_camera/astra_camera_msgs) by extensions ['ros']
[0.498s] Level 1:colcon.colcon_core.package_identification:_identify(src/ros2_astra_camera/astra_camera_msgs) by extension 'ros'
[0.499s] DEBUG:colcon.colcon_core.package_identification:Package 'src/ros2_astra_camera/astra_camera_msgs' with type 'ros.ament_cmake' and name 'astra_camera_msgs'
[0.499s] Level 1:colcon.colcon_core.package_identification:_identify(src/sllidar_ros2) by extensions ['ignore', 'ignore_ament_install']
[0.499s] Level 1:colcon.colcon_core.package_identification:_identify(src/sllidar_ros2) by extension 'ignore'
[0.499s] Level 1:colcon.colcon_core.package_identification:_identify(src/sllidar_ros2) by extension 'ignore_ament_install'
[0.499s] Level 1:colcon.colcon_core.package_identification:_identify(src/sllidar_ros2) by extensions ['colcon_pkg']
[0.499s] Level 1:colcon.colcon_core.package_identification:_identify(src/sllidar_ros2) by extension 'colcon_pkg'
[0.499s] Level 1:colcon.colcon_core.package_identification:_identify(src/sllidar_ros2) by extensions ['colcon_meta']
[0.499s] Level 1:colcon.colcon_core.package_identification:_identify(src/sllidar_ros2) by extension 'colcon_meta'
[0.499s] Level 1:colcon.colcon_core.package_identification:_identify(src/sllidar_ros2) by extensions ['ros']
[0.500s] Level 1:colcon.colcon_core.package_identification:_identify(src/sllidar_ros2) by extension 'ros'
[0.500s] DEBUG:colcon.colcon_core.package_identification:Package 'src/sllidar_ros2' with type 'ros.ament_cmake' and name 'sllidar_ros2'
[0.501s] Level 1:colcon.colcon_core.package_discovery:discover_packages(recursive) using defaults
[0.501s] Level 1:colcon.colcon_core.package_discovery:discover_packages(ignore) discover
[0.501s] Level 1:colcon.colcon_core.package_discovery:discover_packages(ignore) using defaults
[0.501s] Level 1:colcon.colcon_core.package_discovery:discover_packages(path) discover
[0.501s] Level 1:colcon.colcon_core.package_discovery:discover_packages(path) using defaults
[0.543s] Level 1:colcon.colcon_core.package_discovery:discover_packages(prefix_path) check parameters
[0.543s] Level 1:colcon.colcon_core.package_discovery:discover_packages(prefix_path) discover
[0.545s] WARNING:colcon.colcon_ros.prefix_path.ament:The path '/home/robotec/ros2_ws/install/sllidar_ros2' in the environment variable AMENT_PREFIX_PATH doesn't exist
[0.545s] WARNING:colcon.colcon_ros.prefix_path.ament:The path '/home/robotec/ros2_ws/install/odometry' in the environment variable AMENT_PREFIX_PATH doesn't exist
[0.545s] WARNING:colcon.colcon_ros.prefix_path.ament:The path '/home/robotec/ros2_ws/install/astra_camera' in the environment variable AMENT_PREFIX_PATH doesn't exist
[0.545s] WARNING:colcon.colcon_ros.prefix_path.ament:The path '/home/robotec/ros2_ws/install/astra_camera_msgs' in the environment variable AMENT_PREFIX_PATH doesn't exist
[0.546s] WARNING:colcon.colcon_ros.prefix_path.catkin:The path '/home/robotec/ros2_ws/install/sllidar_ros2' in the environment variable CMAKE_PREFIX_PATH doesn't exist
[0.546s] WARNING:colcon.colcon_ros.prefix_path.catkin:The path '/home/robotec/ros2_ws/install/libuvc' in the environment variable CMAKE_PREFIX_PATH doesn't exist
[0.546s] WARNING:colcon.colcon_ros.prefix_path.catkin:The path '/home/robotec/ros2_ws/install/astra_camera' in the environment variable CMAKE_PREFIX_PATH doesn't exist
[0.546s] WARNING:colcon.colcon_ros.prefix_path.catkin:The path '/home/robotec/ros2_ws/install/astra_camera_msgs' in the environment variable CMAKE_PREFIX_PATH doesn't exist
[0.547s] DEBUG:colcon.colcon_installed_package_information.package_discovery:Found 1 installed packages in /home/robotec/ros2_ws/install
[0.548s] DEBUG:colcon.colcon_installed_package_information.package_discovery:Found 334 installed packages in /opt/ros/humble
[0.550s] Level 1:colcon.colcon_core.package_discovery:discover_packages(prefix_path) using defaults
[0.605s] Level 5:colcon.colcon_core.verb:set package 'astra_camera_msgs' build argument 'cmake_args' from command line to 'None'
[0.605s] Level 5:colcon.colcon_core.verb:set package 'astra_camera_msgs' build argument 'cmake_target' from command line to 'None'
[0.605s] Level 5:colcon.colcon_core.verb:set package 'astra_camera_msgs' build argument 'cmake_target_skip_unavailable' from command line to 'False'
[0.605s] Level 5:colcon.colcon_core.verb:set package 'astra_camera_msgs' build argument 'cmake_clean_cache' from command line to 'False'
[0.605s] Level 5:colcon.colcon_core.verb:set package 'astra_camera_msgs' build argument 'cmake_clean_first' from command line to 'False'
[0.605s] Level 5:colcon.colcon_core.verb:set package 'astra_camera_msgs' build argument 'cmake_force_configure' from command line to 'False'
[0.605s] Level 5:colcon.colcon_core.verb:set package 'astra_camera_msgs' build argument 'ament_cmake_args' from command line to 'None'
[0.605s] Level 5:colcon.colcon_core.verb:set package 'astra_camera_msgs' build argument 'catkin_cmake_args' from command line to 'None'
[0.605s] Level 5:colcon.colcon_core.verb:set package 'astra_camera_msgs' build argument 'catkin_skip_building_tests' from command line to 'False'
[0.605s] DEBUG:colcon.colcon_core.verb:Building package 'astra_camera_msgs' with the following arguments: {'ament_cmake_args': None, 'build_base': '/home/robotec/ros2_ws/build/astra_camera_msgs', 'catkin_cmake_args': None, 'catkin_skip_building_tests': False, 'cmake_args': None, 'cmake_clean_cache': False, 'cmake_clean_first': False, 'cmake_force_configure': False, 'cmake_target': None, 'cmake_target_skip_unavailable': False, 'install_base': '/home/robotec/ros2_ws/install/astra_camera_msgs', 'merge_install': False, 'path': '/home/robotec/ros2_ws/src/ros2_astra_camera/astra_camera_msgs', 'symlink_install': True, 'test_result_base': None}
[0.606s] Level 5:colcon.colcon_core.verb:set package 'camera_pkg' build argument 'cmake_args' from command line to 'None'
[0.606s] Level 5:colcon.colcon_core.verb:set package 'camera_pkg' build argument 'cmake_target' from command line to 'None'
[0.606s] Level 5:colcon.colcon_core.verb:set package 'camera_pkg' build argument 'cmake_target_skip_unavailable' from command line to 'False'
[0.606s] Level 5:colcon.colcon_core.verb:set package 'camera_pkg' build argument 'cmake_clean_cache' from command line to 'False'
[0.606s] Level 5:colcon.colcon_core.verb:set package 'camera_pkg' build argument 'cmake_clean_first' from command line to 'False'
[0.606s] Level 5:colcon.colcon_core.verb:set package 'camera_pkg' build argument 'cmake_force_configure' from command line to 'False'
[0.606s] Level 5:colcon.colcon_core.verb:set package 'camera_pkg' build argument 'ament_cmake_args' from command line to 'None'
[0.606s] Level 5:colcon.colcon_core.verb:set package 'camera_pkg' build argument 'catkin_cmake_args' from command line to 'None'
[0.606s] Level 5:colcon.colcon_core.verb:set package 'camera_pkg' build argument 'catkin_skip_building_tests' from command line to 'False'
[0.606s] DEBUG:colcon.colcon_core.verb:Building package 'camera_pkg' with the following arguments: {'ament_cmake_args': None, 'build_base': '/home/robotec/ros2_ws/build/camera_pkg', 'catkin_cmake_args': None, 'catkin_skip_building_tests': False, 'cmake_args': None, 'cmake_clean_cache': False, 'cmake_clean_first': False, 'cmake_force_configure': False, 'cmake_target': None, 'cmake_target_skip_unavailable': False, 'install_base': '/home/robotec/ros2_ws/install/camera_pkg', 'merge_install': False, 'path': '/home/robotec/ros2_ws/src/camera_pkg', 'symlink_install': True, 'test_result_base': None}
[0.607s] Level 5:colcon.colcon_core.verb:set package 'libuvc' build argument 'cmake_args' from command line to 'None'
[0.607s] Level 5:colcon.colcon_core.verb:set package 'libuvc' build argument 'cmake_target' from command line to 'None'
[0.607s] Level 5:colcon.colcon_core.verb:set package 'libuvc' build argument 'cmake_target_skip_unavailable' from command line to 'False'
[0.607s] Level 5:colcon.colcon_core.verb:set package 'libuvc' build argument 'cmake_clean_cache' from command line to 'False'
[0.607s] Level 5:colcon.colcon_core.verb:set package 'libuvc' build argument 'cmake_clean_first' from command line to 'False'
[0.607s] Level 5:colcon.colcon_core.verb:set package 'libuvc' build argument 'cmake_force_configure' from command line to 'False'
[0.607s] Level 5:colcon.colcon_core.verb:set package 'libuvc' build argument 'ament_cmake_args' from command line to 'None'
[0.607s] Level 5:colcon.colcon_core.verb:set package 'libuvc' build argument 'catkin_cmake_args' from command line to 'None'
[0.607s] Level 5:colcon.colcon_core.verb:set package 'libuvc' build argument 'catkin_skip_building_tests' from command line to 'False'
[0.607s] DEBUG:colcon.colcon_core.verb:Building package 'libuvc' with the following arguments: {'ament_cmake_args': None, 'build_base': '/home/robotec/ros2_ws/build/libuvc', 'catkin_cmake_args': None, 'catkin_skip_building_tests': False, 'cmake_args': None, 'cmake_clean_cache': False, 'cmake_clean_first': False, 'cmake_force_configure': False, 'cmake_target': None, 'cmake_target_skip_unavailable': False, 'install_base': '/home/robotec/ros2_ws/install/libuvc', 'merge_install': False, 'path': '/home/robotec/ros2_ws/src/libuvc', 'symlink_install': True, 'test_result_base': None}
[0.607s] Level 5:colcon.colcon_core.verb:set package 'odometry' build argument 'cmake_args' from command line to 'None'
[0.607s] Level 5:colcon.colcon_core.verb:set package 'odometry' build argument 'cmake_target' from command line to 'None'
[0.607s] Level 5:colcon.colcon_core.verb:set package 'odometry' build argument 'cmake_target_skip_unavailable' from command line to 'False'
[0.607s] Level 5:colcon.colcon_core.verb:set package 'odometry' build argument 'cmake_clean_cache' from command line to 'False'
[0.607s] Level 5:colcon.colcon_core.verb:set package 'odometry' build argument 'cmake_clean_first' from command line to 'False'
[0.607s] Level 5:colcon.colcon_core.verb:set package 'odometry' build argument 'cmake_force_configure' from command line to 'False'
[0.607s] Level 5:colcon.colcon_core.verb:set package 'odometry' build argument 'ament_cmake_args' from command line to 'None'
[0.607s] Level 5:colcon.colcon_core.verb:set package 'odometry' build argument 'catkin_cmake_args' from command line to 'None'
[0.607s] Level 5:colcon.colcon_core.verb:set package 'odometry' build argument 'catkin_skip_building_tests' from command line to 'False'
[0.607s] DEBUG:colcon.colcon_core.verb:Building package 'odometry' with the following arguments: {'ament_cmake_args': None, 'build_base': '/home/robotec/ros2_ws/build/odometry', 'catkin_cmake_args': None, 'catkin_skip_building_tests': False, 'cmake_args': None, 'cmake_clean_cache': False, 'cmake_clean_first': False, 'cmake_force_configure': False, 'cmake_target': None, 'cmake_target_skip_unavailable': False, 'install_base': '/home/robotec/ros2_ws/install/odometry', 'merge_install': False, 'path': '/home/robotec/ros2_ws/src/odometry', 'symlink_install': True, 'test_result_base': None}
[0.608s] Level 5:colcon.colcon_core.verb:set package 'sllidar_ros2' build argument 'cmake_args' from command line to 'None'
[0.608s] Level 5:colcon.colcon_core.verb:set package 'sllidar_ros2' build argument 'cmake_target' from command line to 'None'
[0.608s] Level 5:colcon.colcon_core.verb:set package 'sllidar_ros2' build argument 'cmake_target_skip_unavailable' from command line to 'False'
[0.608s] Level 5:colcon.colcon_core.verb:set package 'sllidar_ros2' build argument 'cmake_clean_cache' from command line to 'False'
[0.608s] Level 5:colcon.colcon_core.verb:set package 'sllidar_ros2' build argument 'cmake_clean_first' from command line to 'False'
[0.608s] Level 5:colcon.colcon_core.verb:set package 'sllidar_ros2' build argument 'cmake_force_configure' from command line to 'False'
[0.608s] Level 5:colcon.colcon_core.verb:set package 'sllidar_ros2' build argument 'ament_cmake_args' from command line to 'None'
[0.608s] Level 5:colcon.colcon_core.verb:set package 'sllidar_ros2' build argument 'catkin_cmake_args' from command line to 'None'
[0.608s] Level 5:colcon.colcon_core.verb:set package 'sllidar_ros2' build argument 'catkin_skip_building_tests' from command line to 'False'
[0.608s] DEBUG:colcon.colcon_core.verb:Building package 'sllidar_ros2' with the following arguments: {'ament_cmake_args': None, 'build_base': '/home/robotec/ros2_ws/build/sllidar_ros2', 'catkin_cmake_args': None, 'catkin_skip_building_tests': False, 'cmake_args': None, 'cmake_clean_cache': False, 'cmake_clean_first': False, 'cmake_force_configure': False, 'cmake_target': None, 'cmake_target_skip_unavailable': False, 'install_base': '/home/robotec/ros2_ws/install/sllidar_ros2', 'merge_install': False, 'path': '/home/robotec/ros2_ws/src/sllidar_ros2', 'symlink_install': True, 'test_result_base': None}
[0.608s] Level 5:colcon.colcon_core.verb:set package 'astra_camera' build argument 'cmake_args' from command line to 'None'
[0.608s] Level 5:colcon.colcon_core.verb:set package 'astra_camera' build argument 'cmake_target' from command line to 'None'
[0.608s] Level 5:colcon.colcon_core.verb:set package 'astra_camera' build argument 'cmake_target_skip_unavailable' from command line to 'False'
[0.608s] Level 5:colcon.colcon_core.verb:set package 'astra_camera' build argument 'cmake_clean_cache' from command line to 'False'
[0.608s] Level 5:colcon.colcon_core.verb:set package 'astra_camera' build argument 'cmake_clean_first' from command line to 'False'
[0.609s] Level 5:colcon.colcon_core.verb:set package 'astra_camera' build argument 'cmake_force_configure' from command line to 'False'
[0.609s] Level 5:colcon.colcon_core.verb:set package 'astra_camera' build argument 'ament_cmake_args' from command line to 'None'
[0.609s] Level 5:colcon.colcon_core.verb:set package 'astra_camera' build argument 'catkin_cmake_args' from command line to 'None'
[0.609s] Level 5:colcon.colcon_core.verb:set package 'astra_camera' build argument 'catkin_skip_building_tests' from command line to 'False'
[0.609s] DEBUG:colcon.colcon_core.verb:Building package 'astra_camera' with the following arguments: {'ament_cmake_args': None, 'build_base': '/home/robotec/ros2_ws/build/astra_camera', 'catkin_cmake_args': None, 'catkin_skip_building_tests': False, 'cmake_args': None, 'cmake_clean_cache': False, 'cmake_clean_first': False, 'cmake_force_configure': False, 'cmake_target': None, 'cmake_target_skip_unavailable': False, 'install_base': '/home/robotec/ros2_ws/install/astra_camera', 'merge_install': False, 'path': '/home/robotec/ros2_ws/src/ros2_astra_camera/astra_camera', 'symlink_install': True, 'test_result_base': None}
[0.609s] INFO:colcon.colcon_core.executor:Executing jobs using 'parallel' executor
[0.610s] DEBUG:colcon.colcon_parallel_executor.executor.parallel:run_until_complete
[0.610s] INFO:colcon.colcon_ros.task.ament_cmake.build:Building ROS package in '/home/robotec/ros2_ws/src/ros2_astra_camera/astra_camera_msgs' with build type 'ament_cmake'
[0.610s] INFO:colcon.colcon_cmake.task.cmake.build:Building CMake package in '/home/robotec/ros2_ws/src/ros2_astra_camera/astra_camera_msgs'
[0.615s] INFO:colcon.colcon_core.plugin_system:Skipping extension 'colcon_core.shell.bat': Not used on non-Windows systems
[0.615s] INFO:colcon.colcon_core.shell:Skip shell extension 'powershell' for command environment: Not usable outside of PowerShell
[0.615s] DEBUG:colcon.colcon_core.shell:Skip shell extension 'dsv' for command environment
[0.619s] INFO:colcon.colcon_ros.task.ament_python.build:Building ROS package in '/home/robotec/ros2_ws/src/camera_pkg' with build type 'ament_python'
[0.619s] Level 1:colcon.colcon_core.shell:create_environment_hook('camera_pkg', 'ament_prefix_path')
[0.619s] INFO:colcon.colcon_core.shell:Creating environment hook '/home/robotec/ros2_ws/install/camera_pkg/share/camera_pkg/hook/ament_prefix_path.ps1'
[0.621s] INFO:colcon.colcon_core.shell:Creating environment descriptor '/home/robotec/ros2_ws/install/camera_pkg/share/camera_pkg/hook/ament_prefix_path.dsv'
[0.621s] INFO:colcon.colcon_core.shell:Creating environment hook '/home/robotec/ros2_ws/install/camera_pkg/share/camera_pkg/hook/ament_prefix_path.sh'
[0.623s] INFO:colcon.colcon_core.shell:Skip shell extension 'powershell' for command environment: Not usable outside of PowerShell
[0.623s] DEBUG:colcon.colcon_core.shell:Skip shell extension 'dsv' for command environment
[0.633s] INFO:colcon.colcon_cmake.task.cmake.build:Building CMake package in '/home/robotec/ros2_ws/src/libuvc'
[0.635s] INFO:colcon.colcon_core.shell:Skip shell extension 'powershell' for command environment: Not usable outside of PowerShell
[0.636s] DEBUG:colcon.colcon_core.shell:Skip shell extension 'dsv' for command environment
[0.644s] INFO:colcon.colcon_ros.task.ament_python.build:Building ROS package in '/home/robotec/ros2_ws/src/odometry' with build type 'ament_python'
[0.645s] Level 1:colcon.colcon_core.shell:create_environment_hook('odometry', 'ament_prefix_path')
[0.645s] INFO:colcon.colcon_core.shell:Creating environment hook '/home/robotec/ros2_ws/install/odometry/share/odometry/hook/ament_prefix_path.ps1'
[0.646s] INFO:colcon.colcon_core.shell:Creating environment descriptor '/home/robotec/ros2_ws/install/odometry/share/odometry/hook/ament_prefix_path.dsv'
[0.646s] INFO:colcon.colcon_core.shell:Creating environment hook '/home/robotec/ros2_ws/install/odometry/share/odometry/hook/ament_prefix_path.sh'
[0.647s] INFO:colcon.colcon_core.shell:Skip shell extension 'powershell' for command environment: Not usable outside of PowerShell
[0.647s] DEBUG:colcon.colcon_core.shell:Skip shell extension 'dsv' for command environment
[0.658s] DEBUG:colcon.colcon_core.event_handler.log_command:Invoking command in '/home/robotec/ros2_ws/build/astra_camera_msgs': CMAKE_PREFIX_PATH=${CMAKE_PREFIX_PATH}:/home/robotec/ros2_ws/install/odometry:/home/robotec/ros2_ws/install/camera_pkg:/opt/ros/humble /usr/bin/cmake /home/robotec/ros2_ws/src/ros2_astra_camera/astra_camera_msgs -DAMENT_CMAKE_SYMLINK_INSTALL=1 -DCMAKE_INSTALL_PREFIX=/home/robotec/ros2_ws/install/astra_camera_msgs
[1.030s] INFO:colcon.colcon_core.task.python.build:Building Python package in '/home/robotec/ros2_ws/src/camera_pkg'
[1.030s] INFO:colcon.colcon_core.shell:Skip shell extension 'powershell' for command environment: Not usable outside of PowerShell
[1.030s] DEBUG:colcon.colcon_core.shell:Skip shell extension 'dsv' for command environment
[1.047s] DEBUG:colcon.colcon_core.event_handler.log_command:Invoking command in '/home/robotec/ros2_ws/build/libuvc': /usr/bin/cmake /home/robotec/ros2_ws/src/libuvc -DCMAKE_INSTALL_PREFIX=/home/robotec/ros2_ws/install/libuvc
[1.529s] INFO:colcon.colcon_core.task.python.build:Building Python package in '/home/robotec/ros2_ws/src/odometry'
[1.529s] INFO:colcon.colcon_core.shell:Skip shell extension 'powershell' for command environment: Not usable outside of PowerShell
[1.529s] DEBUG:colcon.colcon_core.shell:Skip shell extension 'dsv' for command environment
[1.718s] DEBUG:colcon.colcon_core.event_handler.log_command:Invoked command in '/home/robotec/ros2_ws/build/libuvc' returned '0': /usr/bin/cmake /home/robotec/ros2_ws/src/libuvc -DCMAKE_INSTALL_PREFIX=/home/robotec/ros2_ws/install/libuvc
[1.723s] DEBUG:colcon.colcon_core.event_handler.log_command:Invoking command in '/home/robotec/ros2_ws/build/libuvc': /usr/bin/cmake --build /home/robotec/ros2_ws/build/libuvc -- -j4 -l4
[2.699s] DEBUG:colcon.colcon_core.event_handler.log_command:Invoking command in '/home/robotec/ros2_ws/build/odometry': PYTHONPATH=/home/robotec/ros2_ws/build/odometry/prefix_override:/usr/lib/python3/dist-packages/colcon_core/task/python/colcon_distutils_commands:/home/robotec/ros2_ws/install/odometry/lib/python3.10/site-packages:${PYTHONPATH} /usr/bin/python3 -W ignore:setup.py install is deprecated -W ignore:easy_install command is deprecated setup.py develop --editable --build-directory /home/robotec/ros2_ws/build/odometry/build --no-deps symlink_data
[2.740s] DEBUG:colcon.colcon_core.task.python.build:While undoing a previous installation files outside the Python library path are being ignored: /home/robotec/ros2_ws/install/camera_pkg/share/ament_index/resource_index/packages/camera_pkg
[2.740s] DEBUG:colcon.colcon_core.task.python.build:While undoing a previous installation files outside the Python library path are being ignored: /home/robotec/ros2_ws/install/camera_pkg/share/camera_pkg/package.xml
[2.740s] DEBUG:colcon.colcon_core.task.python.build:While undoing a previous installation files outside the Python library path are being ignored: /home/robotec/ros2_ws/install/camera_pkg/lib/camera_pkg/framepublisher
[2.749s] DEBUG:colcon.colcon_core.event_handler.log_command:Invoking command in '/home/robotec/ros2_ws/build/camera_pkg': PYTHONPATH=/home/robotec/ros2_ws/build/camera_pkg/prefix_override:/usr/lib/python3/dist-packages/colcon_core/task/python/colcon_distutils_commands:/home/robotec/ros2_ws/install/camera_pkg/lib/python3.10/site-packages:${PYTHONPATH} /usr/bin/python3 -W ignore:setup.py install is deprecated -W ignore:easy_install command is deprecated setup.py develop --editable --build-directory /home/robotec/ros2_ws/build/camera_pkg/build --no-deps symlink_data --force
[4.483s] Level 1:colcon.colcon_core.shell:create_environment_hook('camera_pkg', 'pythonpath_develop')
[4.495s] INFO:colcon.colcon_core.shell:Creating environment hook '/home/robotec/ros2_ws/build/camera_pkg/share/camera_pkg/hook/pythonpath_develop.ps1'
[4.498s] DEBUG:colcon.colcon_core.event_handler.log_command:Invoked command in '/home/robotec/ros2_ws/build/camera_pkg' returned '0': PYTHONPATH=/home/robotec/ros2_ws/build/camera_pkg/prefix_override:/usr/lib/python3/dist-packages/colcon_core/task/python/colcon_distutils_commands:/home/robotec/ros2_ws/install/camera_pkg/lib/python3.10/site-packages:${PYTHONPATH} /usr/bin/python3 -W ignore:setup.py install is deprecated -W ignore:easy_install command is deprecated setup.py develop --editable --build-directory /home/robotec/ros2_ws/build/camera_pkg/build --no-deps symlink_data --force
[4.501s] INFO:colcon.colcon_core.shell:Creating environment descriptor '/home/robotec/ros2_ws/build/camera_pkg/share/camera_pkg/hook/pythonpath_develop.dsv'
[4.502s] INFO:colcon.colcon_core.shell:Creating environment hook '/home/robotec/ros2_ws/build/camera_pkg/share/camera_pkg/hook/pythonpath_develop.sh'
[4.524s] Level 1:colcon.colcon_core.environment:checking '/home/robotec/ros2_ws/install/camera_pkg' for CMake module files
[4.525s] Level 1:colcon.colcon_core.environment:checking '/home/robotec/ros2_ws/install/camera_pkg' for CMake config files
[4.531s] Level 1:colcon.colcon_core.environment:checking '/home/robotec/ros2_ws/install/camera_pkg/lib'
[4.532s] Level 1:colcon.colcon_core.environment:checking '/home/robotec/ros2_ws/install/camera_pkg/bin'
[4.532s] Level 1:colcon.colcon_core.environment:checking '/home/robotec/ros2_ws/install/camera_pkg/lib/pkgconfig/camera_pkg.pc'
[4.532s] Level 1:colcon.colcon_core.environment:checking '/home/robotec/ros2_ws/install/camera_pkg/lib/python3.10/site-packages'
[4.532s] Level 1:colcon.colcon_core.shell:create_environment_hook('camera_pkg', 'pythonpath')
[4.536s] INFO:colcon.colcon_core.shell:Creating environment hook '/home/robotec/ros2_ws/install/camera_pkg/share/camera_pkg/hook/pythonpath.ps1'
[4.537s] INFO:colcon.colcon_core.shell:Creating environment descriptor '/home/robotec/ros2_ws/install/camera_pkg/share/camera_pkg/hook/pythonpath.dsv'
[4.541s] INFO:colcon.colcon_core.shell:Creating environment hook '/home/robotec/ros2_ws/install/camera_pkg/share/camera_pkg/hook/pythonpath.sh'
[4.542s] Level 1:colcon.colcon_core.environment:checking '/home/robotec/ros2_ws/install/camera_pkg/bin'
[4.543s] Level 1:colcon.colcon_core.environment:create_environment_scripts_only(camera_pkg)
[4.543s] INFO:colcon.colcon_core.shell:Creating package script '/home/robotec/ros2_ws/install/camera_pkg/share/camera_pkg/package.ps1'
[4.548s] INFO:colcon.colcon_core.shell:Creating package descriptor '/home/robotec/ros2_ws/install/camera_pkg/share/camera_pkg/package.dsv'
[4.552s] INFO:colcon.colcon_core.shell:Creating package script '/home/robotec/ros2_ws/install/camera_pkg/share/camera_pkg/package.sh'
[4.557s] INFO:colcon.colcon_core.shell:Creating package script '/home/robotec/ros2_ws/install/camera_pkg/share/camera_pkg/package.bash'
[4.560s] INFO:colcon.colcon_core.shell:Creating package script '/home/robotec/ros2_ws/install/camera_pkg/share/camera_pkg/package.zsh'
[4.562s] Level 1:colcon.colcon_core.environment:create_file_with_runtime_dependencies(/home/robotec/ros2_ws/install/camera_pkg/share/colcon-core/packages/camera_pkg)
[4.562s] INFO:colcon.colcon_ros.task.ament_cmake.build:Building ROS package in '/home/robotec/ros2_ws/src/sllidar_ros2' with build type 'ament_cmake'
[4.565s] INFO:colcon.colcon_cmake.task.cmake.build:Building CMake package in '/home/robotec/ros2_ws/src/sllidar_ros2'
[4.568s] INFO:colcon.colcon_core.shell:Skip shell extension 'powershell' for command environment: Not usable outside of PowerShell
[4.569s] DEBUG:colcon.colcon_core.shell:Skip shell extension 'dsv' for command environment
[4.616s] DEBUG:colcon.colcon_core.event_handler.log_command:Invoking command in '/home/robotec/ros2_ws/build/sllidar_ros2': CMAKE_PREFIX_PATH=${CMAKE_PREFIX_PATH}:/home/robotec/ros2_ws/install/odometry:/home/robotec/ros2_ws/install/camera_pkg:/opt/ros/humble /usr/bin/cmake /home/robotec/ros2_ws/src/sllidar_ros2 -DAMENT_CMAKE_SYMLINK_INSTALL=1 -DCMAKE_INSTALL_PREFIX=/home/robotec/ros2_ws/install/sllidar_ros2
[4.774s] Level 1:colcon.colcon_core.shell:create_environment_hook('odometry', 'pythonpath_develop')
[4.776s] INFO:colcon.colcon_core.shell:Creating environment hook '/home/robotec/ros2_ws/build/odometry/share/odometry/hook/pythonpath_develop.ps1'
[4.777s] INFO:colcon.colcon_core.shell:Creating environment descriptor '/home/robotec/ros2_ws/build/odometry/share/odometry/hook/pythonpath_develop.dsv'
[4.781s] INFO:colcon.colcon_core.shell:Creating environment hook '/home/robotec/ros2_ws/build/odometry/share/odometry/hook/pythonpath_develop.sh'
[4.783s] Level 1:colcon.colcon_core.environment:checking '/home/robotec/ros2_ws/install/odometry' for CMake module files
[4.782s] DEBUG:colcon.colcon_core.event_handler.log_command:Invoked command in '/home/robotec/ros2_ws/build/odometry' returned '0': PYTHONPATH=/home/robotec/ros2_ws/build/odometry/prefix_override:/usr/lib/python3/dist-packages/colcon_core/task/python/colcon_distutils_commands:/home/robotec/ros2_ws/install/odometry/lib/python3.10/site-packages:${PYTHONPATH} /usr/bin/python3 -W ignore:setup.py install is deprecated -W ignore:easy_install command is deprecated setup.py develop --editable --build-directory /home/robotec/ros2_ws/build/odometry/build --no-deps symlink_data
[4.793s] Level 1:colcon.colcon_core.environment:checking '/home/robotec/ros2_ws/install/odometry' for CMake config files
[4.795s] Level 1:colcon.colcon_core.environment:checking '/home/robotec/ros2_ws/install/odometry/lib'
[4.798s] Level 1:colcon.colcon_core.environment:checking '/home/robotec/ros2_ws/install/odometry/bin'
[4.798s] Level 1:colcon.colcon_core.environment:checking '/home/robotec/ros2_ws/install/odometry/lib/pkgconfig/odometry.pc'
[4.799s] Level 1:colcon.colcon_core.environment:checking '/home/robotec/ros2_ws/install/odometry/lib/python3.10/site-packages'
[4.799s] Level 1:colcon.colcon_core.shell:create_environment_hook('odometry', 'pythonpath')
[4.800s] INFO:colcon.colcon_core.shell:Creating environment hook '/home/robotec/ros2_ws/install/odometry/share/odometry/hook/pythonpath.ps1'
[4.801s] INFO:colcon.colcon_core.shell:Creating environment descriptor '/home/robotec/ros2_ws/install/odometry/share/odometry/hook/pythonpath.dsv'
[4.801s] INFO:colcon.colcon_core.shell:Creating environment hook '/home/robotec/ros2_ws/install/odometry/share/odometry/hook/pythonpath.sh'
[4.806s] Level 1:colcon.colcon_core.environment:checking '/home/robotec/ros2_ws/install/odometry/bin'
[4.806s] Level 1:colcon.colcon_core.environment:create_environment_scripts_only(odometry)
[4.806s] INFO:colcon.colcon_core.shell:Creating package script '/home/robotec/ros2_ws/install/odometry/share/odometry/package.ps1'
[4.808s] INFO:colcon.colcon_core.shell:Creating package descriptor '/home/robotec/ros2_ws/install/odometry/share/odometry/package.dsv'
[4.809s] INFO:colcon.colcon_core.shell:Creating package script '/home/robotec/ros2_ws/install/odometry/share/odometry/package.sh'
[4.812s] INFO:colcon.colcon_core.shell:Creating package script '/home/robotec/ros2_ws/install/odometry/share/odometry/package.bash'
[4.813s] INFO:colcon.colcon_core.shell:Creating package script '/home/robotec/ros2_ws/install/odometry/share/odometry/package.zsh'
[4.814s] Level 1:colcon.colcon_core.environment:create_file_with_runtime_dependencies(/home/robotec/ros2_ws/install/odometry/share/colcon-core/packages/odometry)
[5.207s] DEBUG:colcon.colcon_core.event_handler.log_command:Invoked command in '/home/robotec/ros2_ws/build/libuvc' returned '0': /usr/bin/cmake --build /home/robotec/ros2_ws/build/libuvc -- -j4 -l4
[5.218s] DEBUG:colcon.colcon_core.event_handler.log_command:Invoking command in '/home/robotec/ros2_ws/build/libuvc': /usr/bin/cmake --install /home/robotec/ros2_ws/build/libuvc
[5.233s] Level 1:colcon.colcon_core.environment:create_environment_scripts_only(libuvc)
[5.233s] Level 1:colcon.colcon_core.environment:checking '/home/robotec/ros2_ws/install/libuvc' for CMake module files
[5.234s] DEBUG:colcon.colcon_core.event_handler.log_command:Invoked command in '/home/robotec/ros2_ws/build/libuvc' returned '0': /usr/bin/cmake --install /home/robotec/ros2_ws/build/libuvc
[5.234s] Level 1:colcon.colcon_core.shell:create_environment_hook('libuvc', 'cmake_module_path')
[5.234s] INFO:colcon.colcon_core.shell:Creating environment hook '/home/robotec/ros2_ws/install/libuvc/share/libuvc/hook/cmake_module_path.ps1'
[5.235s] INFO:colcon.colcon_core.shell:Creating environment descriptor '/home/robotec/ros2_ws/install/libuvc/share/libuvc/hook/cmake_module_path.dsv'
[5.236s] INFO:colcon.colcon_core.shell:Creating environment hook '/home/robotec/ros2_ws/install/libuvc/share/libuvc/hook/cmake_module_path.sh'
[5.236s] Level 1:colcon.colcon_core.shell:create_environment_hook('libuvc', 'cmake_module_path1')
[5.237s] INFO:colcon.colcon_core.shell:Creating environment hook '/home/robotec/ros2_ws/install/libuvc/share/libuvc/hook/cmake_module_path1.ps1'
[5.237s] INFO:colcon.colcon_core.shell:Creating environment descriptor '/home/robotec/ros2_ws/install/libuvc/share/libuvc/hook/cmake_module_path1.dsv'
[5.237s] INFO:colcon.colcon_core.shell:Creating environment hook '/home/robotec/ros2_ws/install/libuvc/share/libuvc/hook/cmake_module_path1.sh'
[5.238s] Level 1:colcon.colcon_core.environment:checking '/home/robotec/ros2_ws/install/libuvc' for CMake config files
[5.238s] Level 1:colcon.colcon_core.shell:create_environment_hook('libuvc', 'cmake_prefix_path')
[5.239s] INFO:colcon.colcon_core.shell:Creating environment hook '/home/robotec/ros2_ws/install/libuvc/share/libuvc/hook/cmake_prefix_path.ps1'
[5.239s] INFO:colcon.colcon_core.shell:Creating environment descriptor '/home/robotec/ros2_ws/install/libuvc/share/libuvc/hook/cmake_prefix_path.dsv'
[5.239s] INFO:colcon.colcon_core.shell:Creating environment hook '/home/robotec/ros2_ws/install/libuvc/share/libuvc/hook/cmake_prefix_path.sh'
[5.240s] Level 1:colcon.colcon_core.environment:checking '/home/robotec/ros2_ws/install/libuvc/lib'
[5.240s] Level 1:colcon.colcon_core.shell:create_environment_hook('libuvc', 'ld_library_path_lib')
[5.240s] INFO:colcon.colcon_core.shell:Creating environment hook '/home/robotec/ros2_ws/install/libuvc/share/libuvc/hook/ld_library_path_lib.ps1'
[5.241s] INFO:colcon.colcon_core.shell:Creating environment descriptor '/home/robotec/ros2_ws/install/libuvc/share/libuvc/hook/ld_library_path_lib.dsv'
[5.241s] INFO:colcon.colcon_core.shell:Creating environment hook '/home/robotec/ros2_ws/install/libuvc/share/libuvc/hook/ld_library_path_lib.sh'
[5.242s] Level 1:colcon.colcon_core.environment:checking '/home/robotec/ros2_ws/install/libuvc/bin'
[5.242s] Level 1:colcon.colcon_core.environment:checking '/home/robotec/ros2_ws/install/libuvc/lib/pkgconfig/libuvc.pc'
[5.242s] Level 1:colcon.colcon_core.shell:create_environment_hook('libuvc', 'pkg_config')
[5.242s] INFO:colcon.colcon_core.shell:Creating environment hook '/home/robotec/ros2_ws/install/libuvc/share/libuvc/hook/pkg_config.ps1'
[5.242s] INFO:colcon.colcon_core.shell:Creating environment descriptor '/home/robotec/ros2_ws/install/libuvc/share/libuvc/hook/pkg_config.dsv'
[5.243s] INFO:colcon.colcon_core.shell:Creating environment hook '/home/robotec/ros2_ws/install/libuvc/share/libuvc/hook/pkg_config.sh'
[5.243s] Level 1:colcon.colcon_core.environment:checking '/home/robotec/ros2_ws/install/libuvc/lib/python3.10/site-packages'
[5.243s] Level 1:colcon.colcon_core.environment:checking '/home/robotec/ros2_ws/install/libuvc/bin'
[5.244s] INFO:colcon.colcon_core.shell:Creating package script '/home/robotec/ros2_ws/install/libuvc/share/libuvc/package.ps1'
[5.244s] INFO:colcon.colcon_core.shell:Creating package descriptor '/home/robotec/ros2_ws/install/libuvc/share/libuvc/package.dsv'
[5.245s] INFO:colcon.colcon_core.shell:Creating package script '/home/robotec/ros2_ws/install/libuvc/share/libuvc/package.sh'
[5.245s] INFO:colcon.colcon_core.shell:Creating package script '/home/robotec/ros2_ws/install/libuvc/share/libuvc/package.bash'
[5.246s] INFO:colcon.colcon_core.shell:Creating package script '/home/robotec/ros2_ws/install/libuvc/share/libuvc/package.zsh'
[5.246s] Level 1:colcon.colcon_core.environment:create_file_with_runtime_dependencies(/home/robotec/ros2_ws/install/libuvc/share/colcon-core/packages/libuvc)
[6.072s] DEBUG:colcon.colcon_core.event_handler.log_command:Invoked command in '/home/robotec/ros2_ws/build/astra_camera_msgs' returned '0': CMAKE_PREFIX_PATH=${CMAKE_PREFIX_PATH}:/home/robotec/ros2_ws/install/odometry:/home/robotec/ros2_ws/install/camera_pkg:/opt/ros/humble /usr/bin/cmake /home/robotec/ros2_ws/src/ros2_astra_camera/astra_camera_msgs -DAMENT_CMAKE_SYMLINK_INSTALL=1 -DCMAKE_INSTALL_PREFIX=/home/robotec/ros2_ws/install/astra_camera_msgs
[6.074s] DEBUG:colcon.colcon_core.event_handler.log_command:Invoking command in '/home/robotec/ros2_ws/build/astra_camera_msgs': CMAKE_PREFIX_PATH=${CMAKE_PREFIX_PATH}:/home/robotec/ros2_ws/install/odometry:/home/robotec/ros2_ws/install/camera_pkg:/opt/ros/humble /usr/bin/cmake --build /home/robotec/ros2_ws/build/astra_camera_msgs -- -j4 -l4
[6.617s] DEBUG:colcon.colcon_core.event_handler.log_command:Invoked command in '/home/robotec/ros2_ws/build/sllidar_ros2' returned '0': CMAKE_PREFIX_PATH=${CMAKE_PREFIX_PATH}:/home/robotec/ros2_ws/install/odometry:/home/robotec/ros2_ws/install/camera_pkg:/opt/ros/humble /usr/bin/cmake /home/robotec/ros2_ws/src/sllidar_ros2 -DAMENT_CMAKE_SYMLINK_INSTALL=1 -DCMAKE_INSTALL_PREFIX=/home/robotec/ros2_ws/install/sllidar_ros2
[6.617s] DEBUG:colcon.colcon_core.event_handler.log_command:Invoking command in '/home/robotec/ros2_ws/build/sllidar_ros2': CMAKE_PREFIX_PATH=${CMAKE_PREFIX_PATH}:/home/robotec/ros2_ws/install/odometry:/home/robotec/ros2_ws/install/camera_pkg:/opt/ros/humble /usr/bin/cmake --build /home/robotec/ros2_ws/build/sllidar_ros2 -- -j4 -l4
[32.151s] DEBUG:colcon.colcon_core.event_handler.log_command:Invoked command in '/home/robotec/ros2_ws/build/astra_camera_msgs' returned '0': CMAKE_PREFIX_PATH=${CMAKE_PREFIX_PATH}:/home/robotec/ros2_ws/install/odometry:/home/robotec/ros2_ws/install/camera_pkg:/opt/ros/humble /usr/bin/cmake --build /home/robotec/ros2_ws/build/astra_camera_msgs -- -j4 -l4
[32.153s] DEBUG:colcon.colcon_core.event_handler.log_command:Invoking command in '/home/robotec/ros2_ws/build/astra_camera_msgs': CMAKE_PREFIX_PATH=${CMAKE_PREFIX_PATH}:/home/robotec/ros2_ws/install/odometry:/home/robotec/ros2_ws/install/camera_pkg:/opt/ros/humble /usr/bin/cmake --install /home/robotec/ros2_ws/build/astra_camera_msgs
[34.571s] Level 1:colcon.colcon_core.environment:create_environment_scripts_only(astra_camera_msgs)
[34.571s] Level 1:colcon.colcon_core.environment:checking '/home/robotec/ros2_ws/install/astra_camera_msgs' for CMake module files
[34.572s] DEBUG:colcon.colcon_core.event_handler.log_command:Invoked command in '/home/robotec/ros2_ws/build/astra_camera_msgs' returned '0': CMAKE_PREFIX_PATH=${CMAKE_PREFIX_PATH}:/home/robotec/ros2_ws/install/odometry:/home/robotec/ros2_ws/install/camera_pkg:/opt/ros/humble /usr/bin/cmake --install /home/robotec/ros2_ws/build/astra_camera_msgs
[34.573s] Level 1:colcon.colcon_core.environment:checking '/home/robotec/ros2_ws/install/astra_camera_msgs' for CMake config files
[34.573s] Level 1:colcon.colcon_core.shell:create_environment_hook('astra_camera_msgs', 'cmake_prefix_path')
[34.574s] INFO:colcon.colcon_core.shell:Creating environment hook '/home/robotec/ros2_ws/install/astra_camera_msgs/share/astra_camera_msgs/hook/cmake_prefix_path.ps1'
[34.575s] INFO:colcon.colcon_core.shell:Creating environment descriptor '/home/robotec/ros2_ws/install/astra_camera_msgs/share/astra_camera_msgs/hook/cmake_prefix_path.dsv'
[34.575s] INFO:colcon.colcon_core.shell:Creating environment hook '/home/robotec/ros2_ws/install/astra_camera_msgs/share/astra_camera_msgs/hook/cmake_prefix_path.sh'
[34.576s] Level 1:colcon.colcon_core.environment:checking '/home/robotec/ros2_ws/install/astra_camera_msgs/lib'
[34.576s] Level 1:colcon.colcon_core.shell:create_environment_hook('astra_camera_msgs', 'ld_library_path_lib')
[34.577s] INFO:colcon.colcon_core.shell:Creating environment hook '/home/robotec/ros2_ws/install/astra_camera_msgs/share/astra_camera_msgs/hook/ld_library_path_lib.ps1'
[34.577s] INFO:colcon.colcon_core.shell:Creating environment descriptor '/home/robotec/ros2_ws/install/astra_camera_msgs/share/astra_camera_msgs/hook/ld_library_path_lib.dsv'
[34.578s] INFO:colcon.colcon_core.shell:Creating environment hook '/home/robotec/ros2_ws/install/astra_camera_msgs/share/astra_camera_msgs/hook/ld_library_path_lib.sh'
[34.578s] Level 1:colcon.colcon_core.environment:checking '/home/robotec/ros2_ws/install/astra_camera_msgs/bin'
[34.578s] Level 1:colcon.colcon_core.environment:checking '/home/robotec/ros2_ws/install/astra_camera_msgs/lib/pkgconfig/astra_camera_msgs.pc'
[34.579s] Level 1:colcon.colcon_core.environment:checking '/home/robotec/ros2_ws/install/astra_camera_msgs/lib/python3.10/site-packages'
[34.579s] Level 1:colcon.colcon_core.environment:checking '/home/robotec/ros2_ws/install/astra_camera_msgs/bin'
[34.580s] INFO:colcon.colcon_core.shell:Creating package script '/home/robotec/ros2_ws/install/astra_camera_msgs/share/astra_camera_msgs/package.ps1'
[34.581s] INFO:colcon.colcon_core.shell:Creating package descriptor '/home/robotec/ros2_ws/install/astra_camera_msgs/share/astra_camera_msgs/package.dsv'
[34.581s] INFO:colcon.colcon_core.shell:Creating package script '/home/robotec/ros2_ws/install/astra_camera_msgs/share/astra_camera_msgs/package.sh'
[34.582s] INFO:colcon.colcon_core.shell:Creating package script '/home/robotec/ros2_ws/install/astra_camera_msgs/share/astra_camera_msgs/package.bash'
[34.583s] INFO:colcon.colcon_core.shell:Creating package script '/home/robotec/ros2_ws/install/astra_camera_msgs/share/astra_camera_msgs/package.zsh'
[34.583s] Level 1:colcon.colcon_core.environment:create_file_with_runtime_dependencies(/home/robotec/ros2_ws/install/astra_camera_msgs/share/colcon-core/packages/astra_camera_msgs)
[34.584s] Level 1:colcon.colcon_core.environment:create_environment_scripts_only(astra_camera_msgs)
[34.584s] Level 1:colcon.colcon_core.environment:checking '/home/robotec/ros2_ws/install/astra_camera_msgs' for CMake module files
[34.585s] Level 1:colcon.colcon_core.environment:checking '/home/robotec/ros2_ws/install/astra_camera_msgs' for CMake config files
[34.586s] Level 1:colcon.colcon_core.shell:create_environment_hook('astra_camera_msgs', 'cmake_prefix_path')
[34.586s] INFO:colcon.colcon_core.shell:Creating environment hook '/home/robotec/ros2_ws/install/astra_camera_msgs/share/astra_camera_msgs/hook/cmake_prefix_path.ps1'
[34.587s] INFO:colcon.colcon_core.shell:Creating environment descriptor '/home/robotec/ros2_ws/install/astra_camera_msgs/share/astra_camera_msgs/hook/cmake_prefix_path.dsv'
[34.587s] INFO:colcon.colcon_core.shell:Creating environment hook '/home/robotec/ros2_ws/install/astra_camera_msgs/share/astra_camera_msgs/hook/cmake_prefix_path.sh'
[34.588s] Level 1:colcon.colcon_core.environment:checking '/home/robotec/ros2_ws/install/astra_camera_msgs/lib'
[34.588s] Level 1:colcon.colcon_core.shell:create_environment_hook('astra_camera_msgs', 'ld_library_path_lib')
[34.588s] INFO:colcon.colcon_core.shell:Creating environment hook '/home/robotec/ros2_ws/install/astra_camera_msgs/share/astra_camera_msgs/hook/ld_library_path_lib.ps1'
[34.589s] INFO:colcon.colcon_core.shell:Creating environment descriptor '/home/robotec/ros2_ws/install/astra_camera_msgs/share/astra_camera_msgs/hook/ld_library_path_lib.dsv'
[34.589s] INFO:colcon.colcon_core.shell:Creating environment hook '/home/robotec/ros2_ws/install/astra_camera_msgs/share/astra_camera_msgs/hook/ld_library_path_lib.sh'
[34.590s] Level 1:colcon.colcon_core.environment:checking '/home/robotec/ros2_ws/install/astra_camera_msgs/bin'
[34.590s] Level 1:colcon.colcon_core.environment:checking '/home/robotec/ros2_ws/install/astra_camera_msgs/lib/pkgconfig/astra_camera_msgs.pc'
[34.590s] Level 1:colcon.colcon_core.environment:checking '/home/robotec/ros2_ws/install/astra_camera_msgs/lib/python3.10/site-packages'
[34.591s] Level 1:colcon.colcon_core.environment:checking '/home/robotec/ros2_ws/install/astra_camera_msgs/bin'
[34.591s] INFO:colcon.colcon_core.shell:Creating package script '/home/robotec/ros2_ws/install/astra_camera_msgs/share/astra_camera_msgs/package.ps1'
[34.592s] INFO:colcon.colcon_core.shell:Creating package descriptor '/home/robotec/ros2_ws/install/astra_camera_msgs/share/astra_camera_msgs/package.dsv'
[34.593s] INFO:colcon.colcon_core.shell:Creating package script '/home/robotec/ros2_ws/install/astra_camera_msgs/share/astra_camera_msgs/package.sh'
[34.593s] INFO:colcon.colcon_core.shell:Creating package script '/home/robotec/ros2_ws/install/astra_camera_msgs/share/astra_camera_msgs/package.bash'
[34.594s] INFO:colcon.colcon_core.shell:Creating package script '/home/robotec/ros2_ws/install/astra_camera_msgs/share/astra_camera_msgs/package.zsh'
[34.594s] Level 1:colcon.colcon_core.environment:create_file_with_runtime_dependencies(/home/robotec/ros2_ws/install/astra_camera_msgs/share/colcon-core/packages/astra_camera_msgs)
[34.595s] INFO:colcon.colcon_ros.task.ament_cmake.build:Building ROS package in '/home/robotec/ros2_ws/src/ros2_astra_camera/astra_camera' with build type 'ament_cmake'
[34.595s] INFO:colcon.colcon_cmake.task.cmake.build:Building CMake package in '/home/robotec/ros2_ws/src/ros2_astra_camera/astra_camera'
[34.595s] INFO:colcon.colcon_core.shell:Skip shell extension 'powershell' for command environment: Not usable outside of PowerShell
[34.595s] DEBUG:colcon.colcon_core.shell:Skip shell extension 'dsv' for command environment
[34.610s] DEBUG:colcon.colcon_core.event_handler.log_command:Invoking command in '/home/robotec/ros2_ws/build/astra_camera': CMAKE_PREFIX_PATH=/home/robotec/ros2_ws/install/astra_camera_msgs:/home/robotec/ros2_ws/install/sllidar_ros2:/home/robotec/ros2_ws/install/libuvc:/home/robotec/ros2_ws/install/astra_camera:/home/robotec/ros2_ws/install/odometry:/home/robotec/ros2_ws/install/camera_pkg:/opt/ros/humble LD_LIBRARY_PATH=/home/robotec/ros2_ws/install/astra_camera_msgs/lib:/home/robotec/ros2_ws/install/libuvc/lib:/home/robotec/ros2_ws/install/astra_camera/lib:/opt/ros/humble/opt/rviz_ogre_vendor/lib:/opt/ros/humble/lib/x86_64-linux-gnu:/opt/ros/humble/lib /usr/bin/cmake /home/robotec/ros2_ws/src/ros2_astra_camera/astra_camera -DAMENT_CMAKE_SYMLINK_INSTALL=1 -DCMAKE_INSTALL_PREFIX=/home/robotec/ros2_ws/install/astra_camera
[34.865s] DEBUG:colcon.colcon_core.event_handler.log_command:Invoked command in '/home/robotec/ros2_ws/build/sllidar_ros2' returned '0': CMAKE_PREFIX_PATH=${CMAKE_PREFIX_PATH}:/home/robotec/ros2_ws/install/odometry:/home/robotec/ros2_ws/install/camera_pkg:/opt/ros/humble /usr/bin/cmake --build /home/robotec/ros2_ws/build/sllidar_ros2 -- -j4 -l4
[34.867s] DEBUG:colcon.colcon_core.event_handler.log_command:Invoking command in '/home/robotec/ros2_ws/build/sllidar_ros2': CMAKE_PREFIX_PATH=${CMAKE_PREFIX_PATH}:/home/robotec/ros2_ws/install/odometry:/home/robotec/ros2_ws/install/camera_pkg:/opt/ros/humble /usr/bin/cmake --install /home/robotec/ros2_ws/build/sllidar_ros2
[35.352s] Level 1:colcon.colcon_core.environment:create_environment_scripts_only(sllidar_ros2)
[35.353s] Level 1:colcon.colcon_core.environment:checking '/home/robotec/ros2_ws/install/sllidar_ros2' for CMake module files
[35.353s] DEBUG:colcon.colcon_core.event_handler.log_command:Invoked command in '/home/robotec/ros2_ws/build/sllidar_ros2' returned '0': CMAKE_PREFIX_PATH=${CMAKE_PREFIX_PATH}:/home/robotec/ros2_ws/install/odometry:/home/robotec/ros2_ws/install/camera_pkg:/opt/ros/humble /usr/bin/cmake --install /home/robotec/ros2_ws/build/sllidar_ros2
[35.354s] Level 1:colcon.colcon_core.environment:checking '/home/robotec/ros2_ws/install/sllidar_ros2' for CMake config files
[35.354s] Level 1:colcon.colcon_core.shell:create_environment_hook('sllidar_ros2', 'cmake_prefix_path')
[35.354s] INFO:colcon.colcon_core.shell:Creating environment hook '/home/robotec/ros2_ws/install/sllidar_ros2/share/sllidar_ros2/hook/cmake_prefix_path.ps1'
[35.355s] INFO:colcon.colcon_core.shell:Creating environment descriptor '/home/robotec/ros2_ws/install/sllidar_ros2/share/sllidar_ros2/hook/cmake_prefix_path.dsv'
[35.355s] INFO:colcon.colcon_core.shell:Creating environment hook '/home/robotec/ros2_ws/install/sllidar_ros2/share/sllidar_ros2/hook/cmake_prefix_path.sh'
[35.356s] Level 1:colcon.colcon_core.environment:checking '/home/robotec/ros2_ws/install/sllidar_ros2/lib'
[35.356s] Level 1:colcon.colcon_core.environment:checking '/home/robotec/ros2_ws/install/sllidar_ros2/bin'
[35.356s] Level 1:colcon.colcon_core.environment:checking '/home/robotec/ros2_ws/install/sllidar_ros2/lib/pkgconfig/sllidar_ros2.pc'
[35.357s] Level 1:colcon.colcon_core.environment:checking '/home/robotec/ros2_ws/install/sllidar_ros2/lib/python3.10/site-packages'
[35.357s] Level 1:colcon.colcon_core.environment:checking '/home/robotec/ros2_ws/install/sllidar_ros2/bin'
[35.357s] INFO:colcon.colcon_core.shell:Creating package script '/home/robotec/ros2_ws/install/sllidar_ros2/share/sllidar_ros2/package.ps1'
[35.358s] INFO:colcon.colcon_core.shell:Creating package descriptor '/home/robotec/ros2_ws/install/sllidar_ros2/share/sllidar_ros2/package.dsv'
[35.358s] INFO:colcon.colcon_core.shell:Creating package script '/home/robotec/ros2_ws/install/sllidar_ros2/share/sllidar_ros2/package.sh'
[35.359s] INFO:colcon.colcon_core.shell:Creating package script '/home/robotec/ros2_ws/install/sllidar_ros2/share/sllidar_ros2/package.bash'
[35.359s] INFO:colcon.colcon_core.shell:Creating package script '/home/robotec/ros2_ws/install/sllidar_ros2/share/sllidar_ros2/package.zsh'
[35.359s] Level 1:colcon.colcon_core.environment:create_file_with_runtime_dependencies(/home/robotec/ros2_ws/install/sllidar_ros2/share/colcon-core/packages/sllidar_ros2)
[35.360s] Level 1:colcon.colcon_core.environment:create_environment_scripts_only(sllidar_ros2)
[35.360s] Level 1:colcon.colcon_core.environment:checking '/home/robotec/ros2_ws/install/sllidar_ros2' for CMake module files
[35.361s] Level 1:colcon.colcon_core.environment:checking '/home/robotec/ros2_ws/install/sllidar_ros2' for CMake config files
[35.362s] Level 1:colcon.colcon_core.shell:create_environment_hook('sllidar_ros2', 'cmake_prefix_path')
[35.362s] INFO:colcon.colcon_core.shell:Creating environment hook '/home/robotec/ros2_ws/install/sllidar_ros2/share/sllidar_ros2/hook/cmake_prefix_path.ps1'
[35.362s] INFO:colcon.colcon_core.shell:Creating environment descriptor '/home/robotec/ros2_ws/install/sllidar_ros2/share/sllidar_ros2/hook/cmake_prefix_path.dsv'
[35.363s] INFO:colcon.colcon_core.shell:Creating environment hook '/home/robotec/ros2_ws/install/sllidar_ros2/share/sllidar_ros2/hook/cmake_prefix_path.sh'
[35.363s] Level 1:colcon.colcon_core.environment:checking '/home/robotec/ros2_ws/install/sllidar_ros2/lib'
[35.363s] Level 1:colcon.colcon_core.environment:checking '/home/robotec/ros2_ws/install/sllidar_ros2/bin'
[35.364s] Level 1:colcon.colcon_core.environment:checking '/home/robotec/ros2_ws/install/sllidar_ros2/lib/pkgconfig/sllidar_ros2.pc'
[35.364s] Level 1:colcon.colcon_core.environment:checking '/home/robotec/ros2_ws/install/sllidar_ros2/lib/python3.10/site-packages'
[35.364s] Level 1:colcon.colcon_core.environment:checking '/home/robotec/ros2_ws/install/sllidar_ros2/bin'
[35.364s] INFO:colcon.colcon_core.shell:Creating package script '/home/robotec/ros2_ws/install/sllidar_ros2/share/sllidar_ros2/package.ps1'
[35.365s] INFO:colcon.colcon_core.shell:Creating package descriptor '/home/robotec/ros2_ws/install/sllidar_ros2/share/sllidar_ros2/package.dsv'
[35.365s] INFO:colcon.colcon_core.shell:Creating package script '/home/robotec/ros2_ws/install/sllidar_ros2/share/sllidar_ros2/package.sh'
[35.366s] INFO:colcon.colcon_core.shell:Creating package script '/home/robotec/ros2_ws/install/sllidar_ros2/share/sllidar_ros2/package.bash'
[35.366s] INFO:colcon.colcon_core.shell:Creating package script '/home/robotec/ros2_ws/install/sllidar_ros2/share/sllidar_ros2/package.zsh'
[35.367s] Level 1:colcon.colcon_core.environment:create_file_with_runtime_dependencies(/home/robotec/ros2_ws/install/sllidar_ros2/share/colcon-core/packages/sllidar_ros2)
[36.809s] DEBUG:colcon.colcon_core.event_handler.log_command:Invoked command in '/home/robotec/ros2_ws/build/astra_camera' returned '0': CMAKE_PREFIX_PATH=/home/robotec/ros2_ws/install/astra_camera_msgs:/home/robotec/ros2_ws/install/sllidar_ros2:/home/robotec/ros2_ws/install/libuvc:/home/robotec/ros2_ws/install/astra_camera:/home/robotec/ros2_ws/install/odometry:/home/robotec/ros2_ws/install/camera_pkg:/opt/ros/humble LD_LIBRARY_PATH=/home/robotec/ros2_ws/install/astra_camera_msgs/lib:/home/robotec/ros2_ws/install/libuvc/lib:/home/robotec/ros2_ws/install/astra_camera/lib:/opt/ros/humble/opt/rviz_ogre_vendor/lib:/opt/ros/humble/lib/x86_64-linux-gnu:/opt/ros/humble/lib /usr/bin/cmake /home/robotec/ros2_ws/src/ros2_astra_camera/astra_camera -DAMENT_CMAKE_SYMLINK_INSTALL=1 -DCMAKE_INSTALL_PREFIX=/home/robotec/ros2_ws/install/astra_camera
[36.811s] DEBUG:colcon.colcon_core.event_handler.log_command:Invoking command in '/home/robotec/ros2_ws/build/astra_camera': CMAKE_PREFIX_PATH=/home/robotec/ros2_ws/install/astra_camera_msgs:/home/robotec/ros2_ws/install/sllidar_ros2:/home/robotec/ros2_ws/install/libuvc:/home/robotec/ros2_ws/install/astra_camera:/home/robotec/ros2_ws/install/odometry:/home/robotec/ros2_ws/install/camera_pkg:/opt/ros/humble LD_LIBRARY_PATH=/home/robotec/ros2_ws/install/astra_camera_msgs/lib:/home/robotec/ros2_ws/install/libuvc/lib:/home/robotec/ros2_ws/install/astra_camera/lib:/opt/ros/humble/opt/rviz_ogre_vendor/lib:/opt/ros/humble/lib/x86_64-linux-gnu:/opt/ros/humble/lib /usr/bin/cmake --build /home/robotec/ros2_ws/build/astra_camera -- -j4 -l4
[247.493s] DEBUG:colcon.colcon_core.event_handler.log_command:Invoked command in '/home/robotec/ros2_ws/build/astra_camera' returned '0': CMAKE_PREFIX_PATH=/home/robotec/ros2_ws/install/astra_camera_msgs:/home/robotec/ros2_ws/install/sllidar_ros2:/home/robotec/ros2_ws/install/libuvc:/home/robotec/ros2_ws/install/astra_camera:/home/robotec/ros2_ws/install/odometry:/home/robotec/ros2_ws/install/camera_pkg:/opt/ros/humble LD_LIBRARY_PATH=/home/robotec/ros2_ws/install/astra_camera_msgs/lib:/home/robotec/ros2_ws/install/libuvc/lib:/home/robotec/ros2_ws/install/astra_camera/lib:/opt/ros/humble/opt/rviz_ogre_vendor/lib:/opt/ros/humble/lib/x86_64-linux-gnu:/opt/ros/humble/lib /usr/bin/cmake --build /home/robotec/ros2_ws/build/astra_camera -- -j4 -l4
[247.550s] DEBUG:colcon.colcon_core.event_handler.log_command:Invoking command in '/home/robotec/ros2_ws/build/astra_camera': CMAKE_PREFIX_PATH=/home/robotec/ros2_ws/install/astra_camera_msgs:/home/robotec/ros2_ws/install/sllidar_ros2:/home/robotec/ros2_ws/install/libuvc:/home/robotec/ros2_ws/install/astra_camera:/home/robotec/ros2_ws/install/odometry:/home/robotec/ros2_ws/install/camera_pkg:/opt/ros/humble LD_LIBRARY_PATH=/home/robotec/ros2_ws/install/astra_camera_msgs/lib:/home/robotec/ros2_ws/install/libuvc/lib:/home/robotec/ros2_ws/install/astra_camera/lib:/opt/ros/humble/opt/rviz_ogre_vendor/lib:/opt/ros/humble/lib/x86_64-linux-gnu:/opt/ros/humble/lib /usr/bin/cmake --install /home/robotec/ros2_ws/build/astra_camera
[248.527s] Level 1:colcon.colcon_core.environment:create_environment_scripts_only(astra_camera)
[248.540s] Level 1:colcon.colcon_core.environment:checking '/home/robotec/ros2_ws/install/astra_camera' for CMake module files
[248.541s] DEBUG:colcon.colcon_core.event_handler.log_command:Invoked command in '/home/robotec/ros2_ws/build/astra_camera' returned '0': CMAKE_PREFIX_PATH=/home/robotec/ros2_ws/install/astra_camera_msgs:/home/robotec/ros2_ws/install/sllidar_ros2:/home/robotec/ros2_ws/install/libuvc:/home/robotec/ros2_ws/install/astra_camera:/home/robotec/ros2_ws/install/odometry:/home/robotec/ros2_ws/install/camera_pkg:/opt/ros/humble LD_LIBRARY_PATH=/home/robotec/ros2_ws/install/astra_camera_msgs/lib:/home/robotec/ros2_ws/install/libuvc/lib:/home/robotec/ros2_ws/install/astra_camera/lib:/opt/ros/humble/opt/rviz_ogre_vendor/lib:/opt/ros/humble/lib/x86_64-linux-gnu:/opt/ros/humble/lib /usr/bin/cmake --install /home/robotec/ros2_ws/build/astra_camera
[248.542s] Level 1:colcon.colcon_core.environment:checking '/home/robotec/ros2_ws/install/astra_camera' for CMake config files
[248.544s] Level 1:colcon.colcon_core.shell:create_environment_hook('astra_camera', 'cmake_prefix_path')
[248.546s] INFO:colcon.colcon_core.shell:Creating environment hook '/home/robotec/ros2_ws/install/astra_camera/share/astra_camera/hook/cmake_prefix_path.ps1'
[248.561s] INFO:colcon.colcon_core.shell:Creating environment descriptor '/home/robotec/ros2_ws/install/astra_camera/share/astra_camera/hook/cmake_prefix_path.dsv'
[248.564s] INFO:colcon.colcon_core.shell:Creating environment hook '/home/robotec/ros2_ws/install/astra_camera/share/astra_camera/hook/cmake_prefix_path.sh'
[248.570s] Level 1:colcon.colcon_core.environment:checking '/home/robotec/ros2_ws/install/astra_camera/lib'
[248.570s] Level 1:colcon.colcon_core.shell:create_environment_hook('astra_camera', 'ld_library_path_lib')
[248.571s] INFO:colcon.colcon_core.shell:Creating environment hook '/home/robotec/ros2_ws/install/astra_camera/share/astra_camera/hook/ld_library_path_lib.ps1'
[248.572s] INFO:colcon.colcon_core.shell:Creating environment descriptor '/home/robotec/ros2_ws/install/astra_camera/share/astra_camera/hook/ld_library_path_lib.dsv'
[248.572s] INFO:colcon.colcon_core.shell:Creating environment hook '/home/robotec/ros2_ws/install/astra_camera/share/astra_camera/hook/ld_library_path_lib.sh'
[248.573s] Level 1:colcon.colcon_core.environment:checking '/home/robotec/ros2_ws/install/astra_camera/bin'
[248.574s] Level 1:colcon.colcon_core.environment:checking '/home/robotec/ros2_ws/install/astra_camera/lib/pkgconfig/astra_camera.pc'
[248.580s] Level 1:colcon.colcon_core.environment:checking '/home/robotec/ros2_ws/install/astra_camera/lib/python3.10/site-packages'
[248.580s] Level 1:colcon.colcon_core.environment:checking '/home/robotec/ros2_ws/install/astra_camera/bin'
[248.581s] INFO:colcon.colcon_core.shell:Creating package script '/home/robotec/ros2_ws/install/astra_camera/share/astra_camera/package.ps1'
[248.583s] INFO:colcon.colcon_core.shell:Creating package descriptor '/home/robotec/ros2_ws/install/astra_camera/share/astra_camera/package.dsv'
[248.584s] INFO:colcon.colcon_core.shell:Creating package script '/home/robotec/ros2_ws/install/astra_camera/share/astra_camera/package.sh'
[248.585s] INFO:colcon.colcon_core.shell:Creating package script '/home/robotec/ros2_ws/install/astra_camera/share/astra_camera/package.bash'
[248.587s] INFO:colcon.colcon_core.shell:Creating package script '/home/robotec/ros2_ws/install/astra_camera/share/astra_camera/package.zsh'
[248.589s] Level 1:colcon.colcon_core.environment:create_file_with_runtime_dependencies(/home/robotec/ros2_ws/install/astra_camera/share/colcon-core/packages/astra_camera)
[248.591s] Level 1:colcon.colcon_core.environment:create_environment_scripts_only(astra_camera)
[248.592s] Level 1:colcon.colcon_core.environment:checking '/home/robotec/ros2_ws/install/astra_camera' for CMake module files
[248.592s] Level 1:colcon.colcon_core.environment:checking '/home/robotec/ros2_ws/install/astra_camera' for CMake config files
[248.592s] Level 1:colcon.colcon_core.shell:create_environment_hook('astra_camera', 'cmake_prefix_path')
[248.593s] INFO:colcon.colcon_core.shell:Creating environment hook '/home/robotec/ros2_ws/install/astra_camera/share/astra_camera/hook/cmake_prefix_path.ps1'
[248.593s] INFO:colcon.colcon_core.shell:Creating environment descriptor '/home/robotec/ros2_ws/install/astra_camera/share/astra_camera/hook/cmake_prefix_path.dsv'
[248.594s] INFO:colcon.colcon_core.shell:Creating environment hook '/home/robotec/ros2_ws/install/astra_camera/share/astra_camera/hook/cmake_prefix_path.sh'
[248.594s] Level 1:colcon.colcon_core.environment:checking '/home/robotec/ros2_ws/install/astra_camera/lib'
[248.594s] Level 1:colcon.colcon_core.shell:create_environment_hook('astra_camera', 'ld_library_path_lib')
[248.595s] INFO:colcon.colcon_core.shell:Creating environment hook '/home/robotec/ros2_ws/install/astra_camera/share/astra_camera/hook/ld_library_path_lib.ps1'
[248.596s] INFO:colcon.colcon_core.shell:Creating environment descriptor '/home/robotec/ros2_ws/install/astra_camera/share/astra_camera/hook/ld_library_path_lib.dsv'
[248.596s] INFO:colcon.colcon_core.shell:Creating environment hook '/home/robotec/ros2_ws/install/astra_camera/share/astra_camera/hook/ld_library_path_lib.sh'
[248.597s] Level 1:colcon.colcon_core.environment:checking '/home/robotec/ros2_ws/install/astra_camera/bin'
[248.597s] Level 1:colcon.colcon_core.environment:checking '/home/robotec/ros2_ws/install/astra_camera/lib/pkgconfig/astra_camera.pc'
[248.597s] Level 1:colcon.colcon_core.environment:checking '/home/robotec/ros2_ws/install/astra_camera/lib/python3.10/site-packages'
[248.597s] Level 1:colcon.colcon_core.environment:checking '/home/robotec/ros2_ws/install/astra_camera/bin'
[248.598s] INFO:colcon.colcon_core.shell:Creating package script '/home/robotec/ros2_ws/install/astra_camera/share/astra_camera/package.ps1'
[248.603s] INFO:colcon.colcon_core.shell:Creating package descriptor '/home/robotec/ros2_ws/install/astra_camera/share/astra_camera/package.dsv'
[248.605s] INFO:colcon.colcon_core.shell:Creating package script '/home/robotec/ros2_ws/install/astra_camera/share/astra_camera/package.sh'
[248.607s] INFO:colcon.colcon_core.shell:Creating package script '/home/robotec/ros2_ws/install/astra_camera/share/astra_camera/package.bash'
[248.608s] INFO:colcon.colcon_core.shell:Creating package script '/home/robotec/ros2_ws/install/astra_camera/share/astra_camera/package.zsh'
[248.609s] Level 1:colcon.colcon_core.environment:create_file_with_runtime_dependencies(/home/robotec/ros2_ws/install/astra_camera/share/colcon-core/packages/astra_camera)
[248.611s] DEBUG:colcon.colcon_parallel_executor.executor.parallel:closing loop
[248.616s] DEBUG:colcon.colcon_parallel_executor.executor.parallel:loop closed
[248.616s] DEBUG:colcon.colcon_parallel_executor.executor.parallel:run_until_complete finished with '0'
[248.617s] DEBUG:colcon.colcon_core.event_reactor:joining thread
[248.720s] INFO:colcon.colcon_core.plugin_system:Skipping extension 'colcon_notification.desktop_notification.terminal_notifier': Not used on non-Darwin systems
[248.720s] INFO:colcon.colcon_core.plugin_system:Skipping extension 'colcon_notification.desktop_notification.win32': Not used on non-Windows systems
[248.720s] INFO:colcon.colcon_notification.desktop_notification:Sending desktop notification using 'notify2'
[248.950s] DEBUG:colcon.colcon_core.event_reactor:joined thread
[248.954s] INFO:colcon.colcon_core.shell:Creating prefix script '/home/robotec/ros2_ws/install/local_setup.ps1'
[248.957s] INFO:colcon.colcon_core.shell:Creating prefix util module '/home/robotec/ros2_ws/install/_local_setup_util_ps1.py'
[248.961s] INFO:colcon.colcon_core.shell:Creating prefix chain script '/home/robotec/ros2_ws/install/setup.ps1'
[248.965s] INFO:colcon.colcon_core.shell:Creating prefix script '/home/robotec/ros2_ws/install/local_setup.sh'
[248.968s] INFO:colcon.colcon_core.shell:Creating prefix util module '/home/robotec/ros2_ws/install/_local_setup_util_sh.py'
[248.969s] INFO:colcon.colcon_core.shell:Creating prefix chain script '/home/robotec/ros2_ws/install/setup.sh'
[248.971s] INFO:colcon.colcon_core.shell:Creating prefix script '/home/robotec/ros2_ws/install/local_setup.bash'
[248.972s] INFO:colcon.colcon_core.shell:Creating prefix chain script '/home/robotec/ros2_ws/install/setup.bash'
[248.974s] INFO:colcon.colcon_core.shell:Creating prefix script '/home/robotec/ros2_ws/install/local_setup.zsh'
[248.975s] INFO:colcon.colcon_core.shell:Creating prefix chain script '/home/robotec/ros2_ws/install/setup.zsh'
