[6.130s] Invoking command in '/home/ras4/nuc_ws/src/arm_pkg': PYTHONPATH=/home/ras4/nuc_ws/src/build/arm_pkg/prefix_override:/usr/lib/python3/dist-packages/colcon_core/task/python/colcon_distutils_commands:/home/ras4/nuc_ws/src/install/arm_pkg/lib/python3.10/site-packages:${PYTHONPATH} /usr/bin/python3 -W ignore:setup.py install is deprecated -W ignore:easy_install command is deprecated setup.py egg_info --egg-base ../build/arm_pkg build --build-base /home/ras4/nuc_ws/src/build/arm_pkg/build install --record /home/ras4/nuc_ws/src/build/arm_pkg/install.log --single-version-externally-managed install_data
[7.779s] running egg_info
[7.791s] creating ../build/arm_pkg/arm_pkg.egg-info
[7.792s] writing ../build/arm_pkg/arm_pkg.egg-info/PKG-INFO
[7.794s] writing dependency_links to ../build/arm_pkg/arm_pkg.egg-info/dependency_links.txt
[7.795s] writing entry points to ../build/arm_pkg/arm_pkg.egg-info/entry_points.txt
[7.796s] writing requirements to ../build/arm_pkg/arm_pkg.egg-info/requires.txt
[7.796s] writing top-level names to ../build/arm_pkg/arm_pkg.egg-info/top_level.txt
[7.802s] writing manifest file '../build/arm_pkg/arm_pkg.egg-info/SOURCES.txt'
[7.805s] reading manifest file '../build/arm_pkg/arm_pkg.egg-info/SOURCES.txt'
[7.809s] writing manifest file '../build/arm_pkg/arm_pkg.egg-info/SOURCES.txt'
[7.813s] running build
[7.814s] running build_py
[7.816s] creating /home/ras4/nuc_ws/src/build/arm_pkg/build
[7.824s] creating /home/ras4/nuc_ws/src/build/arm_pkg/build/lib
[7.825s] creating /home/ras4/nuc_ws/src/build/arm_pkg/build/lib/arm_pkg
[7.826s] copying arm_pkg/clicked_point_subscriber.py -> /home/ras4/nuc_ws/src/build/arm_pkg/build/lib/arm_pkg
[7.826s] copying arm_pkg/__init__.py -> /home/ras4/nuc_ws/src/build/arm_pkg/build/lib/arm_pkg
[7.827s] running install
[7.835s] running install_lib
[7.851s] creating /home/ras4/nuc_ws/src/install/arm_pkg/lib/python3.10/site-packages/arm_pkg
[7.851s] copying /home/ras4/nuc_ws/src/build/arm_pkg/build/lib/arm_pkg/clicked_point_subscriber.py -> /home/ras4/nuc_ws/src/install/arm_pkg/lib/python3.10/site-packages/arm_pkg
[7.852s] copying /home/ras4/nuc_ws/src/build/arm_pkg/build/lib/arm_pkg/__init__.py -> /home/ras4/nuc_ws/src/install/arm_pkg/lib/python3.10/site-packages/arm_pkg
[7.855s] byte-compiling /home/ras4/nuc_ws/src/install/arm_pkg/lib/python3.10/site-packages/arm_pkg/clicked_point_subscriber.py to clicked_point_subscriber.cpython-310.pyc
[7.855s] byte-compiling /home/ras4/nuc_ws/src/install/arm_pkg/lib/python3.10/site-packages/arm_pkg/__init__.py to __init__.cpython-310.pyc
[7.856s] running install_data
[7.856s] creating /home/ras4/nuc_ws/src/install/arm_pkg/share/ament_index
[7.858s] creating /home/ras4/nuc_ws/src/install/arm_pkg/share/ament_index/resource_index
[7.858s] creating /home/ras4/nuc_ws/src/install/arm_pkg/share/ament_index/resource_index/packages
[7.859s] copying resource/arm_pkg -> /home/ras4/nuc_ws/src/install/arm_pkg/share/ament_index/resource_index/packages
[7.860s] copying package.xml -> /home/ras4/nuc_ws/src/install/arm_pkg/share/arm_pkg
[7.860s] creating /home/ras4/nuc_ws/src/install/arm_pkg/share/arm_pkg/launch
[7.861s] copying launch/arm.launch.py -> /home/ras4/nuc_ws/src/install/arm_pkg/share/arm_pkg/launch
[7.872s] running install_egg_info
[7.874s] Copying ../build/arm_pkg/arm_pkg.egg-info to /home/ras4/nuc_ws/src/install/arm_pkg/lib/python3.10/site-packages/arm_pkg-0.0.0-py3.10.egg-info
[7.875s] running install_scripts
[8.009s] Installing clicked_point_subscriber script to /home/ras4/nuc_ws/src/install/arm_pkg/lib/arm_pkg
[8.013s] writing list of installed files to '/home/ras4/nuc_ws/src/build/arm_pkg/install.log'
[8.360s] Invoked command in '/home/ras4/nuc_ws/src/arm_pkg' returned '0': PYTHONPATH=/home/ras4/nuc_ws/src/build/arm_pkg/prefix_override:/usr/lib/python3/dist-packages/colcon_core/task/python/colcon_distutils_commands:/home/ras4/nuc_ws/src/install/arm_pkg/lib/python3.10/site-packages:${PYTHONPATH} /usr/bin/python3 -W ignore:setup.py install is deprecated -W ignore:easy_install command is deprecated setup.py egg_info --egg-base ../build/arm_pkg build --build-base /home/ras4/nuc_ws/src/build/arm_pkg/build install --record /home/ras4/nuc_ws/src/build/arm_pkg/install.log --single-version-externally-managed install_data
