[0.058s] Invoking command in '/home/ras4/nuc_ws/src/build/astra_camera_msgs': CMAKE_PREFIX_PATH=${CMAKE_PREFIX_PATH}:/home/ras4/nuc_ws/install/xbox_control_pkg:/home/ras4/nuc_ws/install/odometry_pkg:/home/ras4/nuc_ws/install/camera_pkg:/home/ras4/nuc_ws/install/arm_pkg:/home/ras4/nuc_ws/src/install/xbox_control_pkg:/home/ras4/nuc_ws/src/install/odometry_pkg:/home/ras4/nuc_ws/src/install/camera_pkg:/home/ras4/nuc_ws/src/install/arm_pkg:/opt/ros/humble /usr/bin/cmake --build /home/ras4/nuc_ws/src/build/astra_camera_msgs -- -j4 -l4
[0.580s] [  1%] Built target astra_camera_msgs__cpp
[0.673s] [ 12%] Built target astra_camera_msgs__rosidl_generator_c
[0.705s] [ 12%] Built target ament_cmake_python_copy_astra_camera_msgs
[0.774s] [ 24%] Built target astra_camera_msgs__rosidl_typesupport_cpp
[0.789s] [ 35%] Built target astra_camera_msgs__rosidl_typesupport_fastrtps_cpp
[0.856s] [ 47%] Built target astra_camera_msgs__rosidl_typesupport_introspection_cpp
[0.883s] [ 58%] Built target astra_camera_msgs__rosidl_typesupport_fastrtps_c
[0.923s] [ 70%] Built target astra_camera_msgs__rosidl_typesupport_introspection_c
[0.935s] [ 82%] Built target astra_camera_msgs__rosidl_typesupport_c
[1.036s] [ 82%] Built target astra_camera_msgs
[1.145s] [ 83%] Built target astra_camera_msgs__py
[1.288s] [ 93%] Built target astra_camera_msgs__rosidl_generator_py
[1.418s] [ 95%] Built target astra_camera_msgs__rosidl_typesupport_c__pyext
[1.422s] [ 97%] Built target astra_camera_msgs__rosidl_typesupport_fastrtps_c__pyext
[1.424s] [100%] Built target astra_camera_msgs__rosidl_typesupport_introspection_c__pyext
[2.106s] running egg_info
[2.109s] writing astra_camera_msgs.egg-info/PKG-INFO
[2.110s] writing dependency_links to astra_camera_msgs.egg-info/dependency_links.txt
[2.111s] writing top-level names to astra_camera_msgs.egg-info/top_level.txt
[2.122s] reading manifest file 'astra_camera_msgs.egg-info/SOURCES.txt'
[2.126s] writing manifest file 'astra_camera_msgs.egg-info/SOURCES.txt'
[2.261s] [100%] Built target ament_cmake_python_build_astra_camera_msgs_egg
[2.311s] Invoked command in '/home/ras4/nuc_ws/src/build/astra_camera_msgs' returned '0': CMAKE_PREFIX_PATH=${CMAKE_PREFIX_PATH}:/home/ras4/nuc_ws/install/xbox_control_pkg:/home/ras4/nuc_ws/install/odometry_pkg:/home/ras4/nuc_ws/install/camera_pkg:/home/ras4/nuc_ws/install/arm_pkg:/home/ras4/nuc_ws/src/install/xbox_control_pkg:/home/ras4/nuc_ws/src/install/odometry_pkg:/home/ras4/nuc_ws/src/install/camera_pkg:/home/ras4/nuc_ws/src/install/arm_pkg:/opt/ros/humble /usr/bin/cmake --build /home/ras4/nuc_ws/src/build/astra_camera_msgs -- -j4 -l4
[2.360s] Invoking command in '/home/ras4/nuc_ws/src/build/astra_camera_msgs': CMAKE_PREFIX_PATH=${CMAKE_PREFIX_PATH}:/home/ras4/nuc_ws/install/xbox_control_pkg:/home/ras4/nuc_ws/install/odometry_pkg:/home/ras4/nuc_ws/install/camera_pkg:/home/ras4/nuc_ws/install/arm_pkg:/home/ras4/nuc_ws/src/install/xbox_control_pkg:/home/ras4/nuc_ws/src/install/odometry_pkg:/home/ras4/nuc_ws/src/install/camera_pkg:/home/ras4/nuc_ws/src/install/arm_pkg:/opt/ros/humble /usr/bin/cmake --install /home/ras4/nuc_ws/src/build/astra_camera_msgs
[2.394s] -- Install configuration: ""
[2.397s] -- Up-to-date: /home/ras4/nuc_ws/src/install/astra_camera_msgs/share/ament_index/resource_index/rosidl_interfaces/astra_camera_msgs
[2.398s] -- Up-to-date: /home/ras4/nuc_ws/src/install/astra_camera_msgs/include/astra_camera_msgs/astra_camera_msgs
[2.399s] -- Up-to-date: /home/ras4/nuc_ws/src/install/astra_camera_msgs/include/astra_camera_msgs/astra_camera_msgs/srv
[2.400s] -- Up-to-date: /home/ras4/nuc_ws/src/install/astra_camera_msgs/include/astra_camera_msgs/astra_camera_msgs/srv/detail
[2.401s] -- Up-to-date: /home/ras4/nuc_ws/src/install/astra_camera_msgs/include/astra_camera_msgs/astra_camera_msgs/srv/detail/set_int32__functions.h
[2.402s] -- Up-to-date: /home/ras4/nuc_ws/src/install/astra_camera_msgs/include/astra_camera_msgs/astra_camera_msgs/srv/detail/get_device_info__functions.h
[2.403s] -- Up-to-date: /home/ras4/nuc_ws/src/install/astra_camera_msgs/include/astra_camera_msgs/astra_camera_msgs/srv/detail/get_string__type_support.h
[2.403s] -- Up-to-date: /home/ras4/nuc_ws/src/install/astra_camera_msgs/include/astra_camera_msgs/astra_camera_msgs/srv/detail/get_camera_params__functions.c
[2.404s] -- Up-to-date: /home/ras4/nuc_ws/src/install/astra_camera_msgs/include/astra_camera_msgs/astra_camera_msgs/srv/detail/get_device_info__struct.h
[2.404s] -- Up-to-date: /home/ras4/nuc_ws/src/install/astra_camera_msgs/include/astra_camera_msgs/astra_camera_msgs/srv/detail/get_camera_info__type_support.h
[2.405s] -- Up-to-date: /home/ras4/nuc_ws/src/install/astra_camera_msgs/include/astra_camera_msgs/astra_camera_msgs/srv/detail/get_string__functions.h
[2.405s] -- Up-to-date: /home/ras4/nuc_ws/src/install/astra_camera_msgs/include/astra_camera_msgs/astra_camera_msgs/srv/detail/get_int32__functions.c
[2.406s] -- Up-to-date: /home/ras4/nuc_ws/src/install/astra_camera_msgs/include/astra_camera_msgs/astra_camera_msgs/srv/detail/get_string__functions.c
[2.406s] -- Up-to-date: /home/ras4/nuc_ws/src/install/astra_camera_msgs/include/astra_camera_msgs/astra_camera_msgs/srv/detail/set_int32__struct.h
[2.407s] -- Up-to-date: /home/ras4/nuc_ws/src/install/astra_camera_msgs/include/astra_camera_msgs/astra_camera_msgs/srv/detail/get_int32__functions.h
[2.407s] -- Up-to-date: /home/ras4/nuc_ws/src/install/astra_camera_msgs/include/astra_camera_msgs/astra_camera_msgs/srv/detail/get_camera_info__functions.h
[2.408s] -- Up-to-date: /home/ras4/nuc_ws/src/install/astra_camera_msgs/include/astra_camera_msgs/astra_camera_msgs/srv/detail/get_camera_params__struct.h
[2.408s] -- Up-to-date: /home/ras4/nuc_ws/src/install/astra_camera_msgs/include/astra_camera_msgs/astra_camera_msgs/srv/detail/get_string__struct.h
[2.409s] -- Up-to-date: /home/ras4/nuc_ws/src/install/astra_camera_msgs/include/astra_camera_msgs/astra_camera_msgs/srv/detail/get_device_info__functions.c
[2.409s] -- Up-to-date: /home/ras4/nuc_ws/src/install/astra_camera_msgs/include/astra_camera_msgs/astra_camera_msgs/srv/detail/get_camera_info__struct.h
[2.410s] -- Up-to-date: /home/ras4/nuc_ws/src/install/astra_camera_msgs/include/astra_camera_msgs/astra_camera_msgs/srv/detail/get_int32__struct.h
[2.410s] -- Up-to-date: /home/ras4/nuc_ws/src/install/astra_camera_msgs/include/astra_camera_msgs/astra_camera_msgs/srv/detail/set_int32__type_support.h
[2.410s] -- Up-to-date: /home/ras4/nuc_ws/src/install/astra_camera_msgs/include/astra_camera_msgs/astra_camera_msgs/srv/detail/get_camera_params__type_support.h
[2.411s] -- Up-to-date: /home/ras4/nuc_ws/src/install/astra_camera_msgs/include/astra_camera_msgs/astra_camera_msgs/srv/detail/get_device_info__type_support.h
[2.411s] -- Up-to-date: /home/ras4/nuc_ws/src/install/astra_camera_msgs/include/astra_camera_msgs/astra_camera_msgs/srv/detail/get_camera_params__functions.h
[2.412s] -- Up-to-date: /home/ras4/nuc_ws/src/install/astra_camera_msgs/include/astra_camera_msgs/astra_camera_msgs/srv/detail/get_camera_info__functions.c
[2.412s] -- Up-to-date: /home/ras4/nuc_ws/src/install/astra_camera_msgs/include/astra_camera_msgs/astra_camera_msgs/srv/detail/set_int32__functions.c
[2.412s] -- Up-to-date: /home/ras4/nuc_ws/src/install/astra_camera_msgs/include/astra_camera_msgs/astra_camera_msgs/srv/detail/get_int32__type_support.h
[2.413s] -- Up-to-date: /home/ras4/nuc_ws/src/install/astra_camera_msgs/include/astra_camera_msgs/astra_camera_msgs/srv/get_int32.h
[2.414s] -- Up-to-date: /home/ras4/nuc_ws/src/install/astra_camera_msgs/include/astra_camera_msgs/astra_camera_msgs/srv/get_camera_info.h
[2.415s] -- Up-to-date: /home/ras4/nuc_ws/src/install/astra_camera_msgs/include/astra_camera_msgs/astra_camera_msgs/srv/get_string.h
[2.415s] -- Up-to-date: /home/ras4/nuc_ws/src/install/astra_camera_msgs/include/astra_camera_msgs/astra_camera_msgs/srv/get_camera_params.h
[2.416s] -- Up-to-date: /home/ras4/nuc_ws/src/install/astra_camera_msgs/include/astra_camera_msgs/astra_camera_msgs/srv/get_device_info.h
[2.416s] -- Up-to-date: /home/ras4/nuc_ws/src/install/astra_camera_msgs/include/astra_camera_msgs/astra_camera_msgs/srv/set_int32.h
[2.416s] -- Up-to-date: /home/ras4/nuc_ws/src/install/astra_camera_msgs/include/astra_camera_msgs/astra_camera_msgs/msg
[2.417s] -- Up-to-date: /home/ras4/nuc_ws/src/install/astra_camera_msgs/include/astra_camera_msgs/astra_camera_msgs/msg/rosidl_generator_c__visibility_control.h
[2.417s] -- Up-to-date: /home/ras4/nuc_ws/src/install/astra_camera_msgs/include/astra_camera_msgs/astra_camera_msgs/msg/device_info.h
[2.418s] -- Up-to-date: /home/ras4/nuc_ws/src/install/astra_camera_msgs/include/astra_camera_msgs/astra_camera_msgs/msg/metadata.h
[2.418s] -- Up-to-date: /home/ras4/nuc_ws/src/install/astra_camera_msgs/include/astra_camera_msgs/astra_camera_msgs/msg/extrinsics.h
[2.419s] -- Up-to-date: /home/ras4/nuc_ws/src/install/astra_camera_msgs/include/astra_camera_msgs/astra_camera_msgs/msg/detail
[2.419s] -- Up-to-date: /home/ras4/nuc_ws/src/install/astra_camera_msgs/include/astra_camera_msgs/astra_camera_msgs/msg/detail/metadata__struct.h
[2.420s] -- Up-to-date: /home/ras4/nuc_ws/src/install/astra_camera_msgs/include/astra_camera_msgs/astra_camera_msgs/msg/detail/device_info__struct.h
[2.420s] -- Up-to-date: /home/ras4/nuc_ws/src/install/astra_camera_msgs/include/astra_camera_msgs/astra_camera_msgs/msg/detail/extrinsics__functions.h
[2.421s] -- Up-to-date: /home/ras4/nuc_ws/src/install/astra_camera_msgs/include/astra_camera_msgs/astra_camera_msgs/msg/detail/device_info__type_support.h
[2.421s] -- Up-to-date: /home/ras4/nuc_ws/src/install/astra_camera_msgs/include/astra_camera_msgs/astra_camera_msgs/msg/detail/metadata__functions.c
[2.421s] -- Up-to-date: /home/ras4/nuc_ws/src/install/astra_camera_msgs/include/astra_camera_msgs/astra_camera_msgs/msg/detail/device_info__functions.c
[2.422s] -- Up-to-date: /home/ras4/nuc_ws/src/install/astra_camera_msgs/include/astra_camera_msgs/astra_camera_msgs/msg/detail/extrinsics__functions.c
[2.422s] -- Up-to-date: /home/ras4/nuc_ws/src/install/astra_camera_msgs/include/astra_camera_msgs/astra_camera_msgs/msg/detail/device_info__functions.h
[2.422s] -- Up-to-date: /home/ras4/nuc_ws/src/install/astra_camera_msgs/include/astra_camera_msgs/astra_camera_msgs/msg/detail/metadata__functions.h
[2.423s] -- Up-to-date: /home/ras4/nuc_ws/src/install/astra_camera_msgs/include/astra_camera_msgs/astra_camera_msgs/msg/detail/metadata__type_support.h
[2.423s] -- Up-to-date: /home/ras4/nuc_ws/src/install/astra_camera_msgs/include/astra_camera_msgs/astra_camera_msgs/msg/detail/extrinsics__type_support.h
[2.424s] -- Up-to-date: /home/ras4/nuc_ws/src/install/astra_camera_msgs/include/astra_camera_msgs/astra_camera_msgs/msg/detail/extrinsics__struct.h
[2.424s] -- Up-to-date: /home/ras4/nuc_ws/src/install/astra_camera_msgs/share/astra_camera_msgs/environment/library_path.sh
[2.424s] -- Up-to-date: /home/ras4/nuc_ws/src/install/astra_camera_msgs/share/astra_camera_msgs/environment/library_path.dsv
[2.427s] -- Up-to-date: /home/ras4/nuc_ws/src/install/astra_camera_msgs/lib/libastra_camera_msgs__rosidl_generator_c.so
[2.428s] -- Up-to-date: /home/ras4/nuc_ws/src/install/astra_camera_msgs/include/astra_camera_msgs/astra_camera_msgs
[2.429s] -- Up-to-date: /home/ras4/nuc_ws/src/install/astra_camera_msgs/include/astra_camera_msgs/astra_camera_msgs/srv
[2.429s] -- Up-to-date: /home/ras4/nuc_ws/src/install/astra_camera_msgs/include/astra_camera_msgs/astra_camera_msgs/srv/detail
[2.429s] -- Up-to-date: /home/ras4/nuc_ws/src/install/astra_camera_msgs/include/astra_camera_msgs/astra_camera_msgs/srv/detail/get_camera_info__rosidl_typesupport_fastrtps_c.h
[2.430s] -- Up-to-date: /home/ras4/nuc_ws/src/install/astra_camera_msgs/include/astra_camera_msgs/astra_camera_msgs/srv/detail/get_string__rosidl_typesupport_fastrtps_c.h
[2.430s] -- Up-to-date: /home/ras4/nuc_ws/src/install/astra_camera_msgs/include/astra_camera_msgs/astra_camera_msgs/srv/detail/get_camera_params__rosidl_typesupport_fastrtps_c.h
[2.431s] -- Up-to-date: /home/ras4/nuc_ws/src/install/astra_camera_msgs/include/astra_camera_msgs/astra_camera_msgs/srv/detail/get_int32__rosidl_typesupport_fastrtps_c.h
[2.431s] -- Up-to-date: /home/ras4/nuc_ws/src/install/astra_camera_msgs/include/astra_camera_msgs/astra_camera_msgs/srv/detail/get_device_info__rosidl_typesupport_fastrtps_c.h
[2.432s] -- Up-to-date: /home/ras4/nuc_ws/src/install/astra_camera_msgs/include/astra_camera_msgs/astra_camera_msgs/srv/detail/set_int32__rosidl_typesupport_fastrtps_c.h
[2.432s] -- Up-to-date: /home/ras4/nuc_ws/src/install/astra_camera_msgs/include/astra_camera_msgs/astra_camera_msgs/msg
[2.432s] -- Up-to-date: /home/ras4/nuc_ws/src/install/astra_camera_msgs/include/astra_camera_msgs/astra_camera_msgs/msg/detail
[2.433s] -- Up-to-date: /home/ras4/nuc_ws/src/install/astra_camera_msgs/include/astra_camera_msgs/astra_camera_msgs/msg/detail/metadata__rosidl_typesupport_fastrtps_c.h
[2.433s] -- Up-to-date: /home/ras4/nuc_ws/src/install/astra_camera_msgs/include/astra_camera_msgs/astra_camera_msgs/msg/detail/device_info__rosidl_typesupport_fastrtps_c.h
[2.433s] -- Up-to-date: /home/ras4/nuc_ws/src/install/astra_camera_msgs/include/astra_camera_msgs/astra_camera_msgs/msg/detail/extrinsics__rosidl_typesupport_fastrtps_c.h
[2.434s] -- Up-to-date: /home/ras4/nuc_ws/src/install/astra_camera_msgs/include/astra_camera_msgs/astra_camera_msgs/msg/rosidl_typesupport_fastrtps_c__visibility_control.h
[2.437s] -- Up-to-date: /home/ras4/nuc_ws/src/install/astra_camera_msgs/lib/libastra_camera_msgs__rosidl_typesupport_fastrtps_c.so
[2.438s] -- Up-to-date: /home/ras4/nuc_ws/src/install/astra_camera_msgs/include/astra_camera_msgs/astra_camera_msgs
[2.439s] -- Up-to-date: /home/ras4/nuc_ws/src/install/astra_camera_msgs/include/astra_camera_msgs/astra_camera_msgs/srv
[2.439s] -- Up-to-date: /home/ras4/nuc_ws/src/install/astra_camera_msgs/include/astra_camera_msgs/astra_camera_msgs/srv/detail
[2.440s] -- Up-to-date: /home/ras4/nuc_ws/src/install/astra_camera_msgs/include/astra_camera_msgs/astra_camera_msgs/srv/detail/get_string__rosidl_typesupport_introspection_c.h
[2.440s] -- Up-to-date: /home/ras4/nuc_ws/src/install/astra_camera_msgs/include/astra_camera_msgs/astra_camera_msgs/srv/detail/set_int32__type_support.c
[2.441s] -- Up-to-date: /home/ras4/nuc_ws/src/install/astra_camera_msgs/include/astra_camera_msgs/astra_camera_msgs/srv/detail/get_camera_info__type_support.c
[2.441s] -- Up-to-date: /home/ras4/nuc_ws/src/install/astra_camera_msgs/include/astra_camera_msgs/astra_camera_msgs/srv/detail/get_int32__type_support.c
[2.441s] -- Up-to-date: /home/ras4/nuc_ws/src/install/astra_camera_msgs/include/astra_camera_msgs/astra_camera_msgs/srv/detail/get_device_info__rosidl_typesupport_introspection_c.h
[2.442s] -- Up-to-date: /home/ras4/nuc_ws/src/install/astra_camera_msgs/include/astra_camera_msgs/astra_camera_msgs/srv/detail/set_int32__rosidl_typesupport_introspection_c.h
[2.442s] -- Up-to-date: /home/ras4/nuc_ws/src/install/astra_camera_msgs/include/astra_camera_msgs/astra_camera_msgs/srv/detail/get_device_info__type_support.c
[2.443s] -- Up-to-date: /home/ras4/nuc_ws/src/install/astra_camera_msgs/include/astra_camera_msgs/astra_camera_msgs/srv/detail/get_int32__rosidl_typesupport_introspection_c.h
[2.443s] -- Up-to-date: /home/ras4/nuc_ws/src/install/astra_camera_msgs/include/astra_camera_msgs/astra_camera_msgs/srv/detail/get_camera_params__rosidl_typesupport_introspection_c.h
[2.444s] -- Up-to-date: /home/ras4/nuc_ws/src/install/astra_camera_msgs/include/astra_camera_msgs/astra_camera_msgs/srv/detail/get_camera_params__type_support.c
[2.444s] -- Up-to-date: /home/ras4/nuc_ws/src/install/astra_camera_msgs/include/astra_camera_msgs/astra_camera_msgs/srv/detail/get_camera_info__rosidl_typesupport_introspection_c.h
[2.449s] -- Up-to-date: /home/ras4/nuc_ws/src/install/astra_camera_msgs/include/astra_camera_msgs/astra_camera_msgs/srv/detail/get_string__type_support.c
[2.450s] -- Up-to-date: /home/ras4/nuc_ws/src/install/astra_camera_msgs/include/astra_camera_msgs/astra_camera_msgs/msg
[2.451s] -- Up-to-date: /home/ras4/nuc_ws/src/install/astra_camera_msgs/include/astra_camera_msgs/astra_camera_msgs/msg/detail
[2.452s] -- Up-to-date: /home/ras4/nuc_ws/src/install/astra_camera_msgs/include/astra_camera_msgs/astra_camera_msgs/msg/detail/extrinsics__rosidl_typesupport_introspection_c.h
[2.452s] -- Up-to-date: /home/ras4/nuc_ws/src/install/astra_camera_msgs/include/astra_camera_msgs/astra_camera_msgs/msg/detail/metadata__type_support.c
[2.452s] -- Up-to-date: /home/ras4/nuc_ws/src/install/astra_camera_msgs/include/astra_camera_msgs/astra_camera_msgs/msg/detail/device_info__type_support.c
[2.453s] -- Up-to-date: /home/ras4/nuc_ws/src/install/astra_camera_msgs/include/astra_camera_msgs/astra_camera_msgs/msg/detail/extrinsics__type_support.c
[2.453s] -- Up-to-date: /home/ras4/nuc_ws/src/install/astra_camera_msgs/include/astra_camera_msgs/astra_camera_msgs/msg/detail/metadata__rosidl_typesupport_introspection_c.h
[2.453s] -- Up-to-date: /home/ras4/nuc_ws/src/install/astra_camera_msgs/include/astra_camera_msgs/astra_camera_msgs/msg/detail/device_info__rosidl_typesupport_introspection_c.h
[2.454s] -- Up-to-date: /home/ras4/nuc_ws/src/install/astra_camera_msgs/include/astra_camera_msgs/astra_camera_msgs/msg/rosidl_typesupport_introspection_c__visibility_control.h
[2.454s] -- Up-to-date: /home/ras4/nuc_ws/src/install/astra_camera_msgs/lib/libastra_camera_msgs__rosidl_typesupport_introspection_c.so
[2.456s] -- Up-to-date: /home/ras4/nuc_ws/src/install/astra_camera_msgs/lib/libastra_camera_msgs__rosidl_typesupport_c.so
[2.458s] -- Up-to-date: /home/ras4/nuc_ws/src/install/astra_camera_msgs/include/astra_camera_msgs/astra_camera_msgs
[2.458s] -- Up-to-date: /home/ras4/nuc_ws/src/install/astra_camera_msgs/include/astra_camera_msgs/astra_camera_msgs/srv
[2.459s] -- Up-to-date: /home/ras4/nuc_ws/src/install/astra_camera_msgs/include/astra_camera_msgs/astra_camera_msgs/srv/get_string.hpp
[2.459s] -- Up-to-date: /home/ras4/nuc_ws/src/install/astra_camera_msgs/include/astra_camera_msgs/astra_camera_msgs/srv/get_int32.hpp
[2.460s] -- Up-to-date: /home/ras4/nuc_ws/src/install/astra_camera_msgs/include/astra_camera_msgs/astra_camera_msgs/srv/set_int32.hpp
[2.460s] -- Up-to-date: /home/ras4/nuc_ws/src/install/astra_camera_msgs/include/astra_camera_msgs/astra_camera_msgs/srv/get_device_info.hpp
[2.460s] -- Up-to-date: /home/ras4/nuc_ws/src/install/astra_camera_msgs/include/astra_camera_msgs/astra_camera_msgs/srv/get_camera_info.hpp
[2.461s] -- Up-to-date: /home/ras4/nuc_ws/src/install/astra_camera_msgs/include/astra_camera_msgs/astra_camera_msgs/srv/detail
[2.461s] -- Up-to-date: /home/ras4/nuc_ws/src/install/astra_camera_msgs/include/astra_camera_msgs/astra_camera_msgs/srv/detail/get_int32__type_support.hpp
[2.462s] -- Up-to-date: /home/ras4/nuc_ws/src/install/astra_camera_msgs/include/astra_camera_msgs/astra_camera_msgs/srv/detail/set_int32__type_support.hpp
[2.462s] -- Up-to-date: /home/ras4/nuc_ws/src/install/astra_camera_msgs/include/astra_camera_msgs/astra_camera_msgs/srv/detail/get_camera_params__struct.hpp
[2.463s] -- Up-to-date: /home/ras4/nuc_ws/src/install/astra_camera_msgs/include/astra_camera_msgs/astra_camera_msgs/srv/detail/get_camera_params__builder.hpp
[2.463s] -- Up-to-date: /home/ras4/nuc_ws/src/install/astra_camera_msgs/include/astra_camera_msgs/astra_camera_msgs/srv/detail/set_int32__traits.hpp
[2.464s] -- Up-to-date: /home/ras4/nuc_ws/src/install/astra_camera_msgs/include/astra_camera_msgs/astra_camera_msgs/srv/detail/get_string__builder.hpp
[2.464s] -- Up-to-date: /home/ras4/nuc_ws/src/install/astra_camera_msgs/include/astra_camera_msgs/astra_camera_msgs/srv/detail/get_device_info__traits.hpp
[2.464s] -- Up-to-date: /home/ras4/nuc_ws/src/install/astra_camera_msgs/include/astra_camera_msgs/astra_camera_msgs/srv/detail/get_device_info__struct.hpp
[2.465s] -- Up-to-date: /home/ras4/nuc_ws/src/install/astra_camera_msgs/include/astra_camera_msgs/astra_camera_msgs/srv/detail/set_int32__builder.hpp
[2.465s] -- Up-to-date: /home/ras4/nuc_ws/src/install/astra_camera_msgs/include/astra_camera_msgs/astra_camera_msgs/srv/detail/get_camera_info__traits.hpp
[2.466s] -- Up-to-date: /home/ras4/nuc_ws/src/install/astra_camera_msgs/include/astra_camera_msgs/astra_camera_msgs/srv/detail/get_camera_info__builder.hpp
[2.466s] -- Up-to-date: /home/ras4/nuc_ws/src/install/astra_camera_msgs/include/astra_camera_msgs/astra_camera_msgs/srv/detail/get_string__traits.hpp
[2.467s] -- Up-to-date: /home/ras4/nuc_ws/src/install/astra_camera_msgs/include/astra_camera_msgs/astra_camera_msgs/srv/detail/get_int32__struct.hpp
[2.467s] -- Up-to-date: /home/ras4/nuc_ws/src/install/astra_camera_msgs/include/astra_camera_msgs/astra_camera_msgs/srv/detail/get_string__type_support.hpp
[2.468s] -- Up-to-date: /home/ras4/nuc_ws/src/install/astra_camera_msgs/include/astra_camera_msgs/astra_camera_msgs/srv/detail/get_camera_info__struct.hpp
[2.468s] -- Up-to-date: /home/ras4/nuc_ws/src/install/astra_camera_msgs/include/astra_camera_msgs/astra_camera_msgs/srv/detail/get_device_info__builder.hpp
[2.468s] -- Up-to-date: /home/ras4/nuc_ws/src/install/astra_camera_msgs/include/astra_camera_msgs/astra_camera_msgs/srv/detail/get_device_info__type_support.hpp
[2.469s] -- Up-to-date: /home/ras4/nuc_ws/src/install/astra_camera_msgs/include/astra_camera_msgs/astra_camera_msgs/srv/detail/get_camera_params__type_support.hpp
[2.469s] -- Up-to-date: /home/ras4/nuc_ws/src/install/astra_camera_msgs/include/astra_camera_msgs/astra_camera_msgs/srv/detail/get_int32__traits.hpp
[2.469s] -- Up-to-date: /home/ras4/nuc_ws/src/install/astra_camera_msgs/include/astra_camera_msgs/astra_camera_msgs/srv/detail/get_int32__builder.hpp
[2.470s] -- Up-to-date: /home/ras4/nuc_ws/src/install/astra_camera_msgs/include/astra_camera_msgs/astra_camera_msgs/srv/detail/get_camera_params__traits.hpp
[2.470s] -- Up-to-date: /home/ras4/nuc_ws/src/install/astra_camera_msgs/include/astra_camera_msgs/astra_camera_msgs/srv/detail/get_camera_info__type_support.hpp
[2.470s] -- Up-to-date: /home/ras4/nuc_ws/src/install/astra_camera_msgs/include/astra_camera_msgs/astra_camera_msgs/srv/detail/get_string__struct.hpp
[2.471s] -- Up-to-date: /home/ras4/nuc_ws/src/install/astra_camera_msgs/include/astra_camera_msgs/astra_camera_msgs/srv/detail/set_int32__struct.hpp
[2.471s] -- Up-to-date: /home/ras4/nuc_ws/src/install/astra_camera_msgs/include/astra_camera_msgs/astra_camera_msgs/srv/get_camera_params.hpp
[2.472s] -- Up-to-date: /home/ras4/nuc_ws/src/install/astra_camera_msgs/include/astra_camera_msgs/astra_camera_msgs/msg
[2.472s] -- Up-to-date: /home/ras4/nuc_ws/src/install/astra_camera_msgs/include/astra_camera_msgs/astra_camera_msgs/msg/rosidl_generator_cpp__visibility_control.hpp
[2.472s] -- Up-to-date: /home/ras4/nuc_ws/src/install/astra_camera_msgs/include/astra_camera_msgs/astra_camera_msgs/msg/metadata.hpp
[2.473s] -- Up-to-date: /home/ras4/nuc_ws/src/install/astra_camera_msgs/include/astra_camera_msgs/astra_camera_msgs/msg/detail
[2.473s] -- Up-to-date: /home/ras4/nuc_ws/src/install/astra_camera_msgs/include/astra_camera_msgs/astra_camera_msgs/msg/detail/metadata__struct.hpp
[2.473s] -- Up-to-date: /home/ras4/nuc_ws/src/install/astra_camera_msgs/include/astra_camera_msgs/astra_camera_msgs/msg/detail/extrinsics__type_support.hpp
[2.474s] -- Up-to-date: /home/ras4/nuc_ws/src/install/astra_camera_msgs/include/astra_camera_msgs/astra_camera_msgs/msg/detail/metadata__type_support.hpp
[2.474s] -- Up-to-date: /home/ras4/nuc_ws/src/install/astra_camera_msgs/include/astra_camera_msgs/astra_camera_msgs/msg/detail/device_info__builder.hpp
[2.474s] -- Up-to-date: /home/ras4/nuc_ws/src/install/astra_camera_msgs/include/astra_camera_msgs/astra_camera_msgs/msg/detail/extrinsics__builder.hpp
[2.475s] -- Up-to-date: /home/ras4/nuc_ws/src/install/astra_camera_msgs/include/astra_camera_msgs/astra_camera_msgs/msg/detail/device_info__traits.hpp
[2.475s] -- Up-to-date: /home/ras4/nuc_ws/src/install/astra_camera_msgs/include/astra_camera_msgs/astra_camera_msgs/msg/detail/extrinsics__struct.hpp
[2.476s] -- Up-to-date: /home/ras4/nuc_ws/src/install/astra_camera_msgs/include/astra_camera_msgs/astra_camera_msgs/msg/detail/extrinsics__traits.hpp
[2.476s] -- Up-to-date: /home/ras4/nuc_ws/src/install/astra_camera_msgs/include/astra_camera_msgs/astra_camera_msgs/msg/detail/device_info__struct.hpp
[2.477s] -- Up-to-date: /home/ras4/nuc_ws/src/install/astra_camera_msgs/include/astra_camera_msgs/astra_camera_msgs/msg/detail/metadata__builder.hpp
[2.477s] -- Up-to-date: /home/ras4/nuc_ws/src/install/astra_camera_msgs/include/astra_camera_msgs/astra_camera_msgs/msg/detail/metadata__traits.hpp
[2.477s] -- Up-to-date: /home/ras4/nuc_ws/src/install/astra_camera_msgs/include/astra_camera_msgs/astra_camera_msgs/msg/detail/device_info__type_support.hpp
[2.478s] -- Up-to-date: /home/ras4/nuc_ws/src/install/astra_camera_msgs/include/astra_camera_msgs/astra_camera_msgs/msg/device_info.hpp
[2.478s] -- Up-to-date: /home/ras4/nuc_ws/src/install/astra_camera_msgs/include/astra_camera_msgs/astra_camera_msgs/msg/extrinsics.hpp
[2.478s] -- Up-to-date: /home/ras4/nuc_ws/src/install/astra_camera_msgs/include/astra_camera_msgs/astra_camera_msgs
[2.479s] -- Up-to-date: /home/ras4/nuc_ws/src/install/astra_camera_msgs/include/astra_camera_msgs/astra_camera_msgs/srv
[2.479s] -- Up-to-date: /home/ras4/nuc_ws/src/install/astra_camera_msgs/include/astra_camera_msgs/astra_camera_msgs/srv/detail
[2.479s] -- Up-to-date: /home/ras4/nuc_ws/src/install/astra_camera_msgs/include/astra_camera_msgs/astra_camera_msgs/srv/detail/get_string__rosidl_typesupport_fastrtps_cpp.hpp
[2.480s] -- Up-to-date: /home/ras4/nuc_ws/src/install/astra_camera_msgs/include/astra_camera_msgs/astra_camera_msgs/srv/detail/get_camera_params__rosidl_typesupport_fastrtps_cpp.hpp
[2.480s] -- Up-to-date: /home/ras4/nuc_ws/src/install/astra_camera_msgs/include/astra_camera_msgs/astra_camera_msgs/srv/detail/set_int32__rosidl_typesupport_fastrtps_cpp.hpp
[2.481s] -- Up-to-date: /home/ras4/nuc_ws/src/install/astra_camera_msgs/include/astra_camera_msgs/astra_camera_msgs/srv/detail/dds_fastrtps
[2.481s] -- Up-to-date: /home/ras4/nuc_ws/src/install/astra_camera_msgs/include/astra_camera_msgs/astra_camera_msgs/srv/detail/get_device_info__rosidl_typesupport_fastrtps_cpp.hpp
[2.481s] -- Up-to-date: /home/ras4/nuc_ws/src/install/astra_camera_msgs/include/astra_camera_msgs/astra_camera_msgs/srv/detail/get_camera_info__rosidl_typesupport_fastrtps_cpp.hpp
[2.481s] -- Up-to-date: /home/ras4/nuc_ws/src/install/astra_camera_msgs/include/astra_camera_msgs/astra_camera_msgs/srv/detail/get_int32__rosidl_typesupport_fastrtps_cpp.hpp
[2.482s] -- Up-to-date: /home/ras4/nuc_ws/src/install/astra_camera_msgs/include/astra_camera_msgs/astra_camera_msgs/msg
[2.482s] -- Up-to-date: /home/ras4/nuc_ws/src/install/astra_camera_msgs/include/astra_camera_msgs/astra_camera_msgs/msg/rosidl_typesupport_fastrtps_cpp__visibility_control.h
[2.483s] -- Up-to-date: /home/ras4/nuc_ws/src/install/astra_camera_msgs/include/astra_camera_msgs/astra_camera_msgs/msg/detail
[2.483s] -- Up-to-date: /home/ras4/nuc_ws/src/install/astra_camera_msgs/include/astra_camera_msgs/astra_camera_msgs/msg/detail/metadata__rosidl_typesupport_fastrtps_cpp.hpp
[2.483s] -- Up-to-date: /home/ras4/nuc_ws/src/install/astra_camera_msgs/include/astra_camera_msgs/astra_camera_msgs/msg/detail/dds_fastrtps
[2.484s] -- Up-to-date: /home/ras4/nuc_ws/src/install/astra_camera_msgs/include/astra_camera_msgs/astra_camera_msgs/msg/detail/device_info__rosidl_typesupport_fastrtps_cpp.hpp
[2.484s] -- Up-to-date: /home/ras4/nuc_ws/src/install/astra_camera_msgs/include/astra_camera_msgs/astra_camera_msgs/msg/detail/extrinsics__rosidl_typesupport_fastrtps_cpp.hpp
[2.485s] -- Up-to-date: /home/ras4/nuc_ws/src/install/astra_camera_msgs/lib/libastra_camera_msgs__rosidl_typesupport_fastrtps_cpp.so
[2.487s] -- Up-to-date: /home/ras4/nuc_ws/src/install/astra_camera_msgs/include/astra_camera_msgs/astra_camera_msgs
[2.487s] -- Up-to-date: /home/ras4/nuc_ws/src/install/astra_camera_msgs/include/astra_camera_msgs/astra_camera_msgs/srv
[2.488s] -- Up-to-date: /home/ras4/nuc_ws/src/install/astra_camera_msgs/include/astra_camera_msgs/astra_camera_msgs/srv/detail
[2.488s] -- Up-to-date: /home/ras4/nuc_ws/src/install/astra_camera_msgs/include/astra_camera_msgs/astra_camera_msgs/srv/detail/get_camera_params__rosidl_typesupport_introspection_cpp.hpp
[2.488s] -- Up-to-date: /home/ras4/nuc_ws/src/install/astra_camera_msgs/include/astra_camera_msgs/astra_camera_msgs/srv/detail/get_string__rosidl_typesupport_introspection_cpp.hpp
[2.489s] -- Up-to-date: /home/ras4/nuc_ws/src/install/astra_camera_msgs/include/astra_camera_msgs/astra_camera_msgs/srv/detail/get_device_info__type_support.cpp
[2.489s] -- Up-to-date: /home/ras4/nuc_ws/src/install/astra_camera_msgs/include/astra_camera_msgs/astra_camera_msgs/srv/detail/get_int32__rosidl_typesupport_introspection_cpp.hpp
[2.490s] -- Up-to-date: /home/ras4/nuc_ws/src/install/astra_camera_msgs/include/astra_camera_msgs/astra_camera_msgs/srv/detail/get_device_info__rosidl_typesupport_introspection_cpp.hpp
[2.490s] -- Up-to-date: /home/ras4/nuc_ws/src/install/astra_camera_msgs/include/astra_camera_msgs/astra_camera_msgs/srv/detail/get_string__type_support.cpp
[2.491s] -- Up-to-date: /home/ras4/nuc_ws/src/install/astra_camera_msgs/include/astra_camera_msgs/astra_camera_msgs/srv/detail/get_camera_params__type_support.cpp
[2.491s] -- Up-to-date: /home/ras4/nuc_ws/src/install/astra_camera_msgs/include/astra_camera_msgs/astra_camera_msgs/srv/detail/set_int32__rosidl_typesupport_introspection_cpp.hpp
[2.492s] -- Up-to-date: /home/ras4/nuc_ws/src/install/astra_camera_msgs/include/astra_camera_msgs/astra_camera_msgs/srv/detail/get_camera_info__type_support.cpp
[2.492s] -- Up-to-date: /home/ras4/nuc_ws/src/install/astra_camera_msgs/include/astra_camera_msgs/astra_camera_msgs/srv/detail/get_camera_info__rosidl_typesupport_introspection_cpp.hpp
[2.492s] -- Up-to-date: /home/ras4/nuc_ws/src/install/astra_camera_msgs/include/astra_camera_msgs/astra_camera_msgs/srv/detail/set_int32__type_support.cpp
[2.493s] -- Up-to-date: /home/ras4/nuc_ws/src/install/astra_camera_msgs/include/astra_camera_msgs/astra_camera_msgs/srv/detail/get_int32__type_support.cpp
[2.493s] -- Up-to-date: /home/ras4/nuc_ws/src/install/astra_camera_msgs/include/astra_camera_msgs/astra_camera_msgs/msg
[2.493s] -- Up-to-date: /home/ras4/nuc_ws/src/install/astra_camera_msgs/include/astra_camera_msgs/astra_camera_msgs/msg/detail
[2.494s] -- Up-to-date: /home/ras4/nuc_ws/src/install/astra_camera_msgs/include/astra_camera_msgs/astra_camera_msgs/msg/detail/extrinsics__type_support.cpp
[2.494s] -- Up-to-date: /home/ras4/nuc_ws/src/install/astra_camera_msgs/include/astra_camera_msgs/astra_camera_msgs/msg/detail/device_info__rosidl_typesupport_introspection_cpp.hpp
[2.495s] -- Up-to-date: /home/ras4/nuc_ws/src/install/astra_camera_msgs/include/astra_camera_msgs/astra_camera_msgs/msg/detail/metadata__type_support.cpp
[2.495s] -- Up-to-date: /home/ras4/nuc_ws/src/install/astra_camera_msgs/include/astra_camera_msgs/astra_camera_msgs/msg/detail/metadata__rosidl_typesupport_introspection_cpp.hpp
[2.496s] -- Up-to-date: /home/ras4/nuc_ws/src/install/astra_camera_msgs/include/astra_camera_msgs/astra_camera_msgs/msg/detail/extrinsics__rosidl_typesupport_introspection_cpp.hpp
[2.496s] -- Up-to-date: /home/ras4/nuc_ws/src/install/astra_camera_msgs/include/astra_camera_msgs/astra_camera_msgs/msg/detail/device_info__type_support.cpp
[2.499s] -- Up-to-date: /home/ras4/nuc_ws/src/install/astra_camera_msgs/lib/libastra_camera_msgs__rosidl_typesupport_introspection_cpp.so
[2.503s] -- Up-to-date: /home/ras4/nuc_ws/src/install/astra_camera_msgs/lib/libastra_camera_msgs__rosidl_typesupport_cpp.so
[2.504s] -- Up-to-date: /home/ras4/nuc_ws/src/install/astra_camera_msgs/share/astra_camera_msgs/environment/pythonpath.sh
[2.505s] -- Up-to-date: /home/ras4/nuc_ws/src/install/astra_camera_msgs/share/astra_camera_msgs/environment/pythonpath.dsv
[2.505s] -- Up-to-date: /home/ras4/nuc_ws/src/install/astra_camera_msgs/local/lib/python3.10/dist-packages/astra_camera_msgs-1.0.1-py3.10.egg-info
[2.506s] -- Installing: /home/ras4/nuc_ws/src/install/astra_camera_msgs/local/lib/python3.10/dist-packages/astra_camera_msgs-1.0.1-py3.10.egg-info/PKG-INFO
[2.507s] -- Installing: /home/ras4/nuc_ws/src/install/astra_camera_msgs/local/lib/python3.10/dist-packages/astra_camera_msgs-1.0.1-py3.10.egg-info/top_level.txt
[2.508s] -- Installing: /home/ras4/nuc_ws/src/install/astra_camera_msgs/local/lib/python3.10/dist-packages/astra_camera_msgs-1.0.1-py3.10.egg-info/dependency_links.txt
[2.510s] -- Installing: /home/ras4/nuc_ws/src/install/astra_camera_msgs/local/lib/python3.10/dist-packages/astra_camera_msgs-1.0.1-py3.10.egg-info/SOURCES.txt
[2.511s] -- Up-to-date: /home/ras4/nuc_ws/src/install/astra_camera_msgs/local/lib/python3.10/dist-packages/astra_camera_msgs
[2.512s] -- Up-to-date: /home/ras4/nuc_ws/src/install/astra_camera_msgs/local/lib/python3.10/dist-packages/astra_camera_msgs/astra_camera_msgs_s__rosidl_typesupport_fastrtps_c.cpython-310-aarch64-linux-gnu.so
[2.513s] -- Up-to-date: /home/ras4/nuc_ws/src/install/astra_camera_msgs/local/lib/python3.10/dist-packages/astra_camera_msgs/srv
[2.514s] -- Up-to-date: /home/ras4/nuc_ws/src/install/astra_camera_msgs/local/lib/python3.10/dist-packages/astra_camera_msgs/srv/_get_string.py
[2.514s] -- Up-to-date: /home/ras4/nuc_ws/src/install/astra_camera_msgs/local/lib/python3.10/dist-packages/astra_camera_msgs/srv/_get_camera_params.py
[2.514s] -- Up-to-date: /home/ras4/nuc_ws/src/install/astra_camera_msgs/local/lib/python3.10/dist-packages/astra_camera_msgs/srv/_get_int32_s.c
[2.515s] -- Up-to-date: /home/ras4/nuc_ws/src/install/astra_camera_msgs/local/lib/python3.10/dist-packages/astra_camera_msgs/srv/_set_int32_s.c
[2.515s] -- Up-to-date: /home/ras4/nuc_ws/src/install/astra_camera_msgs/local/lib/python3.10/dist-packages/astra_camera_msgs/srv/_get_camera_info.py
[2.516s] -- Up-to-date: /home/ras4/nuc_ws/src/install/astra_camera_msgs/local/lib/python3.10/dist-packages/astra_camera_msgs/srv/_get_int32.py
[2.516s] -- Up-to-date: /home/ras4/nuc_ws/src/install/astra_camera_msgs/local/lib/python3.10/dist-packages/astra_camera_msgs/srv/__init__.py
[2.517s] -- Up-to-date: /home/ras4/nuc_ws/src/install/astra_camera_msgs/local/lib/python3.10/dist-packages/astra_camera_msgs/srv/_get_string_s.c
[2.517s] -- Up-to-date: /home/ras4/nuc_ws/src/install/astra_camera_msgs/local/lib/python3.10/dist-packages/astra_camera_msgs/srv/_get_device_info.py
[2.517s] -- Up-to-date: /home/ras4/nuc_ws/src/install/astra_camera_msgs/local/lib/python3.10/dist-packages/astra_camera_msgs/srv/_set_int32.py
[2.518s] -- Up-to-date: /home/ras4/nuc_ws/src/install/astra_camera_msgs/local/lib/python3.10/dist-packages/astra_camera_msgs/srv/_get_device_info_s.c
[2.519s] -- Up-to-date: /home/ras4/nuc_ws/src/install/astra_camera_msgs/local/lib/python3.10/dist-packages/astra_camera_msgs/srv/_get_camera_info_s.c
[2.519s] -- Up-to-date: /home/ras4/nuc_ws/src/install/astra_camera_msgs/local/lib/python3.10/dist-packages/astra_camera_msgs/srv/_get_camera_params_s.c
[2.520s] -- Up-to-date: /home/ras4/nuc_ws/src/install/astra_camera_msgs/local/lib/python3.10/dist-packages/astra_camera_msgs/msg
[2.520s] -- Up-to-date: /home/ras4/nuc_ws/src/install/astra_camera_msgs/local/lib/python3.10/dist-packages/astra_camera_msgs/msg/_extrinsics_s.c
[2.521s] -- Up-to-date: /home/ras4/nuc_ws/src/install/astra_camera_msgs/local/lib/python3.10/dist-packages/astra_camera_msgs/msg/_metadata.py
[2.521s] -- Up-to-date: /home/ras4/nuc_ws/src/install/astra_camera_msgs/local/lib/python3.10/dist-packages/astra_camera_msgs/msg/__init__.py
[2.521s] -- Up-to-date: /home/ras4/nuc_ws/src/install/astra_camera_msgs/local/lib/python3.10/dist-packages/astra_camera_msgs/msg/_device_info.py
[2.522s] -- Up-to-date: /home/ras4/nuc_ws/src/install/astra_camera_msgs/local/lib/python3.10/dist-packages/astra_camera_msgs/msg/_metadata_s.c
[2.522s] -- Up-to-date: /home/ras4/nuc_ws/src/install/astra_camera_msgs/local/lib/python3.10/dist-packages/astra_camera_msgs/msg/_device_info_s.c
[2.522s] -- Up-to-date: /home/ras4/nuc_ws/src/install/astra_camera_msgs/local/lib/python3.10/dist-packages/astra_camera_msgs/msg/_extrinsics.py
[2.523s] -- Up-to-date: /home/ras4/nuc_ws/src/install/astra_camera_msgs/local/lib/python3.10/dist-packages/astra_camera_msgs/astra_camera_msgs_s__rosidl_typesupport_c.cpython-310-aarch64-linux-gnu.so
[2.523s] -- Up-to-date: /home/ras4/nuc_ws/src/install/astra_camera_msgs/local/lib/python3.10/dist-packages/astra_camera_msgs/astra_camera_msgs_s__rosidl_typesupport_introspection_c.cpython-310-aarch64-linux-gnu.so
[2.524s] -- Up-to-date: /home/ras4/nuc_ws/src/install/astra_camera_msgs/local/lib/python3.10/dist-packages/astra_camera_msgs/_astra_camera_msgs_s.ep.rosidl_typesupport_fastrtps_c.c
[2.524s] -- Up-to-date: /home/ras4/nuc_ws/src/install/astra_camera_msgs/local/lib/python3.10/dist-packages/astra_camera_msgs/_astra_camera_msgs_s.ep.rosidl_typesupport_introspection_c.c
[2.524s] -- Up-to-date: /home/ras4/nuc_ws/src/install/astra_camera_msgs/local/lib/python3.10/dist-packages/astra_camera_msgs/__init__.py
[2.525s] -- Up-to-date: /home/ras4/nuc_ws/src/install/astra_camera_msgs/local/lib/python3.10/dist-packages/astra_camera_msgs/libastra_camera_msgs__rosidl_generator_py.so
[2.525s] -- Up-to-date: /home/ras4/nuc_ws/src/install/astra_camera_msgs/local/lib/python3.10/dist-packages/astra_camera_msgs/_astra_camera_msgs_s.ep.rosidl_typesupport_c.c
[2.714s] Listing '/home/ras4/nuc_ws/src/install/astra_camera_msgs/local/lib/python3.10/dist-packages/astra_camera_msgs'...
[2.715s] Listing '/home/ras4/nuc_ws/src/install/astra_camera_msgs/local/lib/python3.10/dist-packages/astra_camera_msgs/msg'...
[2.716s] Listing '/home/ras4/nuc_ws/src/install/astra_camera_msgs/local/lib/python3.10/dist-packages/astra_camera_msgs/srv'...
[2.742s] -- Up-to-date: /home/ras4/nuc_ws/src/install/astra_camera_msgs/local/lib/python3.10/dist-packages/astra_camera_msgs/astra_camera_msgs_s__rosidl_typesupport_fastrtps_c.cpython-310-aarch64-linux-gnu.so
[2.746s] -- Up-to-date: /home/ras4/nuc_ws/src/install/astra_camera_msgs/local/lib/python3.10/dist-packages/astra_camera_msgs/astra_camera_msgs_s__rosidl_typesupport_introspection_c.cpython-310-aarch64-linux-gnu.so
[2.752s] -- Up-to-date: /home/ras4/nuc_ws/src/install/astra_camera_msgs/local/lib/python3.10/dist-packages/astra_camera_msgs/astra_camera_msgs_s__rosidl_typesupport_c.cpython-310-aarch64-linux-gnu.so
[2.757s] -- Up-to-date: /home/ras4/nuc_ws/src/install/astra_camera_msgs/lib/libastra_camera_msgs__rosidl_generator_py.so
[2.759s] -- Up-to-date: /home/ras4/nuc_ws/src/install/astra_camera_msgs/share/astra_camera_msgs/msg/DeviceInfo.idl
[2.760s] -- Up-to-date: /home/ras4/nuc_ws/src/install/astra_camera_msgs/share/astra_camera_msgs/msg/Extrinsics.idl
[2.761s] -- Up-to-date: /home/ras4/nuc_ws/src/install/astra_camera_msgs/share/astra_camera_msgs/msg/Metadata.idl
[2.762s] -- Up-to-date: /home/ras4/nuc_ws/src/install/astra_camera_msgs/share/astra_camera_msgs/srv/GetDeviceInfo.idl
[2.762s] -- Up-to-date: /home/ras4/nuc_ws/src/install/astra_camera_msgs/share/astra_camera_msgs/srv/GetCameraInfo.idl
[2.763s] -- Up-to-date: /home/ras4/nuc_ws/src/install/astra_camera_msgs/share/astra_camera_msgs/srv/GetCameraParams.idl
[2.764s] -- Up-to-date: /home/ras4/nuc_ws/src/install/astra_camera_msgs/share/astra_camera_msgs/srv/GetInt32.idl
[2.765s] -- Up-to-date: /home/ras4/nuc_ws/src/install/astra_camera_msgs/share/astra_camera_msgs/srv/GetString.idl
[2.765s] -- Up-to-date: /home/ras4/nuc_ws/src/install/astra_camera_msgs/share/astra_camera_msgs/srv/SetInt32.idl
[2.766s] -- Up-to-date: /home/ras4/nuc_ws/src/install/astra_camera_msgs/share/astra_camera_msgs/msg/DeviceInfo.msg
[2.767s] -- Up-to-date: /home/ras4/nuc_ws/src/install/astra_camera_msgs/share/astra_camera_msgs/msg/Extrinsics.msg
[2.768s] -- Up-to-date: /home/ras4/nuc_ws/src/install/astra_camera_msgs/share/astra_camera_msgs/msg/Metadata.msg
[2.768s] -- Up-to-date: /home/ras4/nuc_ws/src/install/astra_camera_msgs/share/astra_camera_msgs/srv/GetDeviceInfo.srv
[2.769s] -- Up-to-date: /home/ras4/nuc_ws/src/install/astra_camera_msgs/share/astra_camera_msgs/srv/GetDeviceInfo_Request.msg
[2.769s] -- Up-to-date: /home/ras4/nuc_ws/src/install/astra_camera_msgs/share/astra_camera_msgs/srv/GetDeviceInfo_Response.msg
[2.770s] -- Up-to-date: /home/ras4/nuc_ws/src/install/astra_camera_msgs/share/astra_camera_msgs/srv/GetCameraInfo.srv
[2.770s] -- Up-to-date: /home/ras4/nuc_ws/src/install/astra_camera_msgs/share/astra_camera_msgs/srv/GetCameraInfo_Request.msg
[2.770s] -- Up-to-date: /home/ras4/nuc_ws/src/install/astra_camera_msgs/share/astra_camera_msgs/srv/GetCameraInfo_Response.msg
[2.771s] -- Up-to-date: /home/ras4/nuc_ws/src/install/astra_camera_msgs/share/astra_camera_msgs/srv/GetCameraParams.srv
[2.771s] -- Up-to-date: /home/ras4/nuc_ws/src/install/astra_camera_msgs/share/astra_camera_msgs/srv/GetCameraParams_Request.msg
[2.772s] -- Up-to-date: /home/ras4/nuc_ws/src/install/astra_camera_msgs/share/astra_camera_msgs/srv/GetCameraParams_Response.msg
[2.772s] -- Up-to-date: /home/ras4/nuc_ws/src/install/astra_camera_msgs/share/astra_camera_msgs/srv/GetInt32.srv
[2.773s] -- Up-to-date: /home/ras4/nuc_ws/src/install/astra_camera_msgs/share/astra_camera_msgs/srv/GetInt32_Request.msg
[2.773s] -- Up-to-date: /home/ras4/nuc_ws/src/install/astra_camera_msgs/share/astra_camera_msgs/srv/GetInt32_Response.msg
[2.774s] -- Up-to-date: /home/ras4/nuc_ws/src/install/astra_camera_msgs/share/astra_camera_msgs/srv/GetString.srv
[2.774s] -- Up-to-date: /home/ras4/nuc_ws/src/install/astra_camera_msgs/share/astra_camera_msgs/srv/GetString_Request.msg
[2.775s] -- Up-to-date: /home/ras4/nuc_ws/src/install/astra_camera_msgs/share/astra_camera_msgs/srv/GetString_Response.msg
[2.776s] -- Up-to-date: /home/ras4/nuc_ws/src/install/astra_camera_msgs/share/astra_camera_msgs/srv/SetInt32.srv
[2.776s] -- Up-to-date: /home/ras4/nuc_ws/src/install/astra_camera_msgs/share/astra_camera_msgs/srv/SetInt32_Request.msg
[2.777s] -- Up-to-date: /home/ras4/nuc_ws/src/install/astra_camera_msgs/share/astra_camera_msgs/srv/SetInt32_Response.msg
[2.778s] -- Up-to-date: /home/ras4/nuc_ws/src/install/astra_camera_msgs/share/ament_index/resource_index/package_run_dependencies/astra_camera_msgs
[2.781s] -- Up-to-date: /home/ras4/nuc_ws/src/install/astra_camera_msgs/share/ament_index/resource_index/parent_prefix_path/astra_camera_msgs
[2.781s] -- Up-to-date: /home/ras4/nuc_ws/src/install/astra_camera_msgs/share/astra_camera_msgs/environment/ament_prefix_path.sh
[2.782s] -- Up-to-date: /home/ras4/nuc_ws/src/install/astra_camera_msgs/share/astra_camera_msgs/environment/ament_prefix_path.dsv
[2.782s] -- Up-to-date: /home/ras4/nuc_ws/src/install/astra_camera_msgs/share/astra_camera_msgs/environment/path.sh
[2.782s] -- Up-to-date: /home/ras4/nuc_ws/src/install/astra_camera_msgs/share/astra_camera_msgs/environment/path.dsv
[2.783s] -- Up-to-date: /home/ras4/nuc_ws/src/install/astra_camera_msgs/share/astra_camera_msgs/local_setup.bash
[2.783s] -- Up-to-date: /home/ras4/nuc_ws/src/install/astra_camera_msgs/share/astra_camera_msgs/local_setup.sh
[2.784s] -- Up-to-date: /home/ras4/nuc_ws/src/install/astra_camera_msgs/share/astra_camera_msgs/local_setup.zsh
[2.784s] -- Up-to-date: /home/ras4/nuc_ws/src/install/astra_camera_msgs/share/astra_camera_msgs/local_setup.dsv
[2.784s] -- Installing: /home/ras4/nuc_ws/src/install/astra_camera_msgs/share/astra_camera_msgs/package.dsv
[2.786s] -- Up-to-date: /home/ras4/nuc_ws/src/install/astra_camera_msgs/share/ament_index/resource_index/packages/astra_camera_msgs
[2.789s] -- Up-to-date: /home/ras4/nuc_ws/src/install/astra_camera_msgs/share/astra_camera_msgs/cmake/export_astra_camera_msgs__rosidl_generator_cExport.cmake
[2.790s] -- Up-to-date: /home/ras4/nuc_ws/src/install/astra_camera_msgs/share/astra_camera_msgs/cmake/export_astra_camera_msgs__rosidl_generator_cExport-noconfig.cmake
[2.792s] -- Up-to-date: /home/ras4/nuc_ws/src/install/astra_camera_msgs/share/astra_camera_msgs/cmake/export_astra_camera_msgs__rosidl_typesupport_fastrtps_cExport.cmake
[2.793s] -- Up-to-date: /home/ras4/nuc_ws/src/install/astra_camera_msgs/share/astra_camera_msgs/cmake/export_astra_camera_msgs__rosidl_typesupport_fastrtps_cExport-noconfig.cmake
[2.795s] -- Up-to-date: /home/ras4/nuc_ws/src/install/astra_camera_msgs/share/astra_camera_msgs/cmake/astra_camera_msgs__rosidl_typesupport_introspection_cExport.cmake
[2.796s] -- Up-to-date: /home/ras4/nuc_ws/src/install/astra_camera_msgs/share/astra_camera_msgs/cmake/astra_camera_msgs__rosidl_typesupport_introspection_cExport-noconfig.cmake
[2.798s] -- Up-to-date: /home/ras4/nuc_ws/src/install/astra_camera_msgs/share/astra_camera_msgs/cmake/astra_camera_msgs__rosidl_typesupport_cExport.cmake
[2.799s] -- Up-to-date: /home/ras4/nuc_ws/src/install/astra_camera_msgs/share/astra_camera_msgs/cmake/astra_camera_msgs__rosidl_typesupport_cExport-noconfig.cmake
[2.801s] -- Up-to-date: /home/ras4/nuc_ws/src/install/astra_camera_msgs/share/astra_camera_msgs/cmake/export_astra_camera_msgs__rosidl_generator_cppExport.cmake
[2.803s] -- Up-to-date: /home/ras4/nuc_ws/src/install/astra_camera_msgs/share/astra_camera_msgs/cmake/export_astra_camera_msgs__rosidl_typesupport_fastrtps_cppExport.cmake
[2.804s] -- Up-to-date: /home/ras4/nuc_ws/src/install/astra_camera_msgs/share/astra_camera_msgs/cmake/export_astra_camera_msgs__rosidl_typesupport_fastrtps_cppExport-noconfig.cmake
[2.806s] -- Up-to-date: /home/ras4/nuc_ws/src/install/astra_camera_msgs/share/astra_camera_msgs/cmake/astra_camera_msgs__rosidl_typesupport_introspection_cppExport.cmake
[2.807s] -- Up-to-date: /home/ras4/nuc_ws/src/install/astra_camera_msgs/share/astra_camera_msgs/cmake/astra_camera_msgs__rosidl_typesupport_introspection_cppExport-noconfig.cmake
[2.809s] -- Up-to-date: /home/ras4/nuc_ws/src/install/astra_camera_msgs/share/astra_camera_msgs/cmake/astra_camera_msgs__rosidl_typesupport_cppExport.cmake
[2.810s] -- Up-to-date: /home/ras4/nuc_ws/src/install/astra_camera_msgs/share/astra_camera_msgs/cmake/astra_camera_msgs__rosidl_typesupport_cppExport-noconfig.cmake
[2.812s] -- Up-to-date: /home/ras4/nuc_ws/src/install/astra_camera_msgs/share/astra_camera_msgs/cmake/export_astra_camera_msgs__rosidl_generator_pyExport.cmake
[2.813s] -- Up-to-date: /home/ras4/nuc_ws/src/install/astra_camera_msgs/share/astra_camera_msgs/cmake/export_astra_camera_msgs__rosidl_generator_pyExport-noconfig.cmake
[2.814s] -- Up-to-date: /home/ras4/nuc_ws/src/install/astra_camera_msgs/share/astra_camera_msgs/cmake/rosidl_cmake-extras.cmake
[2.814s] -- Up-to-date: /home/ras4/nuc_ws/src/install/astra_camera_msgs/share/astra_camera_msgs/cmake/ament_cmake_export_dependencies-extras.cmake
[2.815s] -- Up-to-date: /home/ras4/nuc_ws/src/install/astra_camera_msgs/share/astra_camera_msgs/cmake/ament_cmake_export_include_directories-extras.cmake
[2.816s] -- Up-to-date: /home/ras4/nuc_ws/src/install/astra_camera_msgs/share/astra_camera_msgs/cmake/ament_cmake_export_libraries-extras.cmake
[2.816s] -- Up-to-date: /home/ras4/nuc_ws/src/install/astra_camera_msgs/share/astra_camera_msgs/cmake/ament_cmake_export_targets-extras.cmake
[2.817s] -- Up-to-date: /home/ras4/nuc_ws/src/install/astra_camera_msgs/share/astra_camera_msgs/cmake/rosidl_cmake_export_typesupport_targets-extras.cmake
[2.817s] -- Up-to-date: /home/ras4/nuc_ws/src/install/astra_camera_msgs/share/astra_camera_msgs/cmake/rosidl_cmake_export_typesupport_libraries-extras.cmake
[2.818s] -- Up-to-date: /home/ras4/nuc_ws/src/install/astra_camera_msgs/share/astra_camera_msgs/cmake/astra_camera_msgsConfig.cmake
[2.818s] -- Up-to-date: /home/ras4/nuc_ws/src/install/astra_camera_msgs/share/astra_camera_msgs/cmake/astra_camera_msgsConfig-version.cmake
[2.820s] -- Up-to-date: /home/ras4/nuc_ws/src/install/astra_camera_msgs/share/astra_camera_msgs/package.xml
[2.830s] Invoked command in '/home/ras4/nuc_ws/src/build/astra_camera_msgs' returned '0': CMAKE_PREFIX_PATH=${CMAKE_PREFIX_PATH}:/home/ras4/nuc_ws/install/xbox_control_pkg:/home/ras4/nuc_ws/install/odometry_pkg:/home/ras4/nuc_ws/install/camera_pkg:/home/ras4/nuc_ws/install/arm_pkg:/home/ras4/nuc_ws/src/install/xbox_control_pkg:/home/ras4/nuc_ws/src/install/odometry_pkg:/home/ras4/nuc_ws/src/install/camera_pkg:/home/ras4/nuc_ws/src/install/arm_pkg:/opt/ros/humble /usr/bin/cmake --install /home/ras4/nuc_ws/src/build/astra_camera_msgs
