[6.419s] Invoking command in '/home/ras4/nuc_ws/src/odometry_pkg': PYTHONPATH=/home/ras4/nuc_ws/src/build/odometry_pkg/prefix_override:/usr/lib/python3/dist-packages/colcon_core/task/python/colcon_distutils_commands:/home/ras4/nuc_ws/src/install/odometry_pkg/lib/python3.10/site-packages:${PYTHONPATH} /usr/bin/python3 -W ignore:setup.py install is deprecated -W ignore:easy_install command is deprecated setup.py egg_info --egg-base ../build/odometry_pkg build --build-base /home/ras4/nuc_ws/src/build/odometry_pkg/build install --record /home/ras4/nuc_ws/src/build/odometry_pkg/install.log --single-version-externally-managed install_data
[8.055s] running egg_info
[8.064s] creating ../build/odometry_pkg/odometry_pkg.egg-info
[8.066s] writing ../build/odometry_pkg/odometry_pkg.egg-info/PKG-INFO
[8.070s] writing dependency_links to ../build/odometry_pkg/odometry_pkg.egg-info/dependency_links.txt
[8.081s] writing entry points to ../build/odometry_pkg/odometry_pkg.egg-info/entry_points.txt
[8.083s] writing requirements to ../build/odometry_pkg/odometry_pkg.egg-info/requires.txt
[8.085s] writing top-level names to ../build/odometry_pkg/odometry_pkg.egg-info/top_level.txt
[8.087s] writing manifest file '../build/odometry_pkg/odometry_pkg.egg-info/SOURCES.txt'
[8.113s] reading manifest file '../build/odometry_pkg/odometry_pkg.egg-info/SOURCES.txt'
[8.123s] writing manifest file '../build/odometry_pkg/odometry_pkg.egg-info/SOURCES.txt'
[8.125s] running build
[8.135s] running build_py
[8.137s] creating /home/ras4/nuc_ws/src/build/odometry_pkg/build
[8.143s] creating /home/ras4/nuc_ws/src/build/odometry_pkg/build/lib
[8.154s] creating /home/ras4/nuc_ws/src/build/odometry_pkg/build/lib/odometry_pkg
[8.159s] copying odometry_pkg/controller.py -> /home/ras4/nuc_ws/src/build/odometry_pkg/build/lib/odometry_pkg
[8.174s] copying odometry_pkg/rpmtrue_publisher.py -> /home/ras4/nuc_ws/src/build/odometry_pkg/build/lib/odometry_pkg
[8.176s] copying odometry_pkg/__init__.py -> /home/ras4/nuc_ws/src/build/odometry_pkg/build/lib/odometry_pkg
[8.187s] copying odometry_pkg/odometry_node.py -> /home/ras4/nuc_ws/src/build/odometry_pkg/build/lib/odometry_pkg
[8.195s] copying odometry_pkg/efk.py -> /home/ras4/nuc_ws/src/build/odometry_pkg/build/lib/odometry_pkg
[8.196s] copying odometry_pkg/utils.py -> /home/ras4/nuc_ws/src/build/odometry_pkg/build/lib/odometry_pkg
[8.198s] running install
[8.201s] running install_lib
[8.204s] creating /home/ras4/nuc_ws/src/install/odometry_pkg/lib/python3.10/site-packages/odometry_pkg
[8.206s] copying /home/ras4/nuc_ws/src/build/odometry_pkg/build/lib/odometry_pkg/controller.py -> /home/ras4/nuc_ws/src/install/odometry_pkg/lib/python3.10/site-packages/odometry_pkg
[8.208s] copying /home/ras4/nuc_ws/src/build/odometry_pkg/build/lib/odometry_pkg/rpmtrue_publisher.py -> /home/ras4/nuc_ws/src/install/odometry_pkg/lib/python3.10/site-packages/odometry_pkg
[8.209s] copying /home/ras4/nuc_ws/src/build/odometry_pkg/build/lib/odometry_pkg/__init__.py -> /home/ras4/nuc_ws/src/install/odometry_pkg/lib/python3.10/site-packages/odometry_pkg
[8.211s] copying /home/ras4/nuc_ws/src/build/odometry_pkg/build/lib/odometry_pkg/odometry_node.py -> /home/ras4/nuc_ws/src/install/odometry_pkg/lib/python3.10/site-packages/odometry_pkg
[8.213s] copying /home/ras4/nuc_ws/src/build/odometry_pkg/build/lib/odometry_pkg/efk.py -> /home/ras4/nuc_ws/src/install/odometry_pkg/lib/python3.10/site-packages/odometry_pkg
[8.216s] copying /home/ras4/nuc_ws/src/build/odometry_pkg/build/lib/odometry_pkg/utils.py -> /home/ras4/nuc_ws/src/install/odometry_pkg/lib/python3.10/site-packages/odometry_pkg
[8.218s] byte-compiling /home/ras4/nuc_ws/src/install/odometry_pkg/lib/python3.10/site-packages/odometry_pkg/controller.py to controller.cpython-310.pyc
[8.224s] byte-compiling /home/ras4/nuc_ws/src/install/odometry_pkg/lib/python3.10/site-packages/odometry_pkg/rpmtrue_publisher.py to rpmtrue_publisher.cpython-310.pyc
[8.225s] byte-compiling /home/ras4/nuc_ws/src/install/odometry_pkg/lib/python3.10/site-packages/odometry_pkg/__init__.py to __init__.cpython-310.pyc
[8.227s] byte-compiling /home/ras4/nuc_ws/src/install/odometry_pkg/lib/python3.10/site-packages/odometry_pkg/odometry_node.py to odometry_node.cpython-310.pyc
[8.229s] byte-compiling /home/ras4/nuc_ws/src/install/odometry_pkg/lib/python3.10/site-packages/odometry_pkg/efk.py to efk.cpython-310.pyc
[8.231s] byte-compiling /home/ras4/nuc_ws/src/install/odometry_pkg/lib/python3.10/site-packages/odometry_pkg/utils.py to utils.cpython-310.pyc
[8.236s] running install_data
[8.237s] creating /home/ras4/nuc_ws/src/install/odometry_pkg/share/ament_index
[8.238s] creating /home/ras4/nuc_ws/src/install/odometry_pkg/share/ament_index/resource_index
[8.239s] creating /home/ras4/nuc_ws/src/install/odometry_pkg/share/ament_index/resource_index/packages
[8.241s] copying resource/odometry_pkg -> /home/ras4/nuc_ws/src/install/odometry_pkg/share/ament_index/resource_index/packages
[8.242s] copying package.xml -> /home/ras4/nuc_ws/src/install/odometry_pkg/share/odometry_pkg
[8.243s] running install_egg_info
[8.244s] Copying ../build/odometry_pkg/odometry_pkg.egg-info to /home/ras4/nuc_ws/src/install/odometry_pkg/lib/python3.10/site-packages/odometry_pkg-0.0.0-py3.10.egg-info
[8.256s] running install_scripts
[8.351s] Installing imu_vesc_listener script to /home/ras4/nuc_ws/src/install/odometry_pkg/lib/odometry_pkg
[8.352s] Installing odometry_node script to /home/ras4/nuc_ws/src/install/odometry_pkg/lib/odometry_pkg
[8.355s] Installing rpm_test_publisher script to /home/ras4/nuc_ws/src/install/odometry_pkg/lib/odometry_pkg
[8.360s] Installing rpmtrue_publisher script to /home/ras4/nuc_ws/src/install/odometry_pkg/lib/odometry_pkg
[8.363s] writing list of installed files to '/home/ras4/nuc_ws/src/build/odometry_pkg/install.log'
[8.493s] Invoked command in '/home/ras4/nuc_ws/src/odometry_pkg' returned '0': PYTHONPATH=/home/ras4/nuc_ws/src/build/odometry_pkg/prefix_override:/usr/lib/python3/dist-packages/colcon_core/task/python/colcon_distutils_commands:/home/ras4/nuc_ws/src/install/odometry_pkg/lib/python3.10/site-packages:${PYTHONPATH} /usr/bin/python3 -W ignore:setup.py install is deprecated -W ignore:easy_install command is deprecated setup.py egg_info --egg-base ../build/odometry_pkg build --build-base /home/ras4/nuc_ws/src/build/odometry_pkg/build install --record /home/ras4/nuc_ws/src/build/odometry_pkg/install.log --single-version-externally-managed install_data
