[0.738s] Invoking command in '/home/robotec/ros2_ws/build/libuvc': /usr/bin/cmake --build /home/robotec/ros2_ws/build/libuvc -- -j4 -l4
[1.469s] [ 45%] Built target uvc
[1.470s] [ 90%] Built target uvc_static
[1.470s] [100%] Built target example
[1.475s] Invoked command in '/home/robotec/ros2_ws/build/libuvc' returned '0': /usr/bin/cmake --build /home/robotec/ros2_ws/build/libuvc -- -j4 -l4
[1.492s] Invoking command in '/home/robotec/ros2_ws/build/libuvc': /usr/bin/cmake --install /home/robotec/ros2_ws/build/libuvc
[1.512s] -- Install configuration: "Release"
[1.512s] -- Up-to-date: /home/robotec/ros2_ws/install/libuvc/lib/libuvc.so.0.0.7
[1.512s] -- Up-to-date: /home/robotec/ros2_ws/install/libuvc/lib/libuvc.so.0
[1.513s] -- Up-to-date: /home/robotec/ros2_ws/install/libuvc/lib/libuvc.so
[1.513s] -- Up-to-date: /home/robotec/ros2_ws/install/libuvc/include/libuvc/libuvc.h
[1.513s] -- Up-to-date: /home/robotec/ros2_ws/install/libuvc/include/libuvc/libuvc_config.h
[1.513s] -- Up-to-date: /home/robotec/ros2_ws/install/libuvc/lib/libuvc.a
[1.513s] -- Up-to-date: /home/robotec/ros2_ws/install/libuvc/include/libuvc/libuvc.h
[1.513s] -- Up-to-date: /home/robotec/ros2_ws/install/libuvc/include/libuvc/libuvc_config.h
[1.513s] -- Up-to-date: /home/robotec/ros2_ws/install/libuvc/lib/cmake/libuvc/libuvcTargets.cmake
[1.513s] -- Up-to-date: /home/robotec/ros2_ws/install/libuvc/lib/cmake/libuvc/libuvcTargets-release.cmake
[1.514s] -- Up-to-date: /home/robotec/ros2_ws/install/libuvc/lib/cmake/libuvc/FindLibUSB.cmake
[1.514s] -- Up-to-date: /home/robotec/ros2_ws/install/libuvc/lib/cmake/libuvc/FindJpegPkg.cmake
[1.514s] -- Up-to-date: /home/robotec/ros2_ws/install/libuvc/lib/cmake/libuvc/libuvcConfigVersion.cmake
[1.514s] -- Up-to-date: /home/robotec/ros2_ws/install/libuvc/lib/pkgconfig/libuvc.pc
[1.514s] -- Up-to-date: /home/robotec/ros2_ws/install/libuvc/lib/cmake/libuvc/libuvcConfig.cmake
[1.531s] Invoked command in '/home/robotec/ros2_ws/build/libuvc' returned '0': /usr/bin/cmake --install /home/robotec/ros2_ws/build/libuvc
