[1.921s] Invoking command in '/home/robotec/ros2_ws/src/odometry_pkg': PYTHONPATH=/home/robotec/ros2_ws/build/odometry_pkg/prefix_override:/usr/lib/python3/dist-packages/colcon_core/task/python/colcon_distutils_commands:/home/robotec/ros2_ws/install/odometry_pkg/lib/python3.10/site-packages:${PYTHONPATH} /usr/bin/python3 -W ignore:setup.py install is deprecated -W ignore:easy_install command is deprecated setup.py egg_info --egg-base ../../build/odometry_pkg build --build-base /home/robotec/ros2_ws/build/odometry_pkg/build install --record /home/robotec/ros2_ws/build/odometry_pkg/install.log --single-version-externally-managed install_data
[2.367s] running egg_info
[2.368s] writing ../../build/odometry_pkg/odometry_pkg.egg-info/PKG-INFO
[2.369s] writing dependency_links to ../../build/odometry_pkg/odometry_pkg.egg-info/dependency_links.txt
[2.369s] writing entry points to ../../build/odometry_pkg/odometry_pkg.egg-info/entry_points.txt
[2.369s] writing requirements to ../../build/odometry_pkg/odometry_pkg.egg-info/requires.txt
[2.370s] writing top-level names to ../../build/odometry_pkg/odometry_pkg.egg-info/top_level.txt
[2.376s] reading manifest file '../../build/odometry_pkg/odometry_pkg.egg-info/SOURCES.txt'
[2.378s] writing manifest file '../../build/odometry_pkg/odometry_pkg.egg-info/SOURCES.txt'
[2.378s] running build
[2.378s] running build_py
[2.380s] running install
[2.380s] running install_lib
[2.382s] running install_data
[2.383s] running install_egg_info
[2.385s] removing '/home/robotec/ros2_ws/install/odometry_pkg/lib/python3.10/site-packages/odometry_pkg-0.0.0-py3.10.egg-info' (and everything under it)
[2.386s] Copying ../../build/odometry_pkg/odometry_pkg.egg-info to /home/robotec/ros2_ws/install/odometry_pkg/lib/python3.10/site-packages/odometry_pkg-0.0.0-py3.10.egg-info
[2.387s] running install_scripts
[2.421s] Installing imu_vesc_listener script to /home/robotec/ros2_ws/install/odometry_pkg/lib/odometry_pkg
[2.425s] Installing odometry_node script to /home/robotec/ros2_ws/install/odometry_pkg/lib/odometry_pkg
[2.426s] Installing rpm_test_publisher script to /home/robotec/ros2_ws/install/odometry_pkg/lib/odometry_pkg
[2.426s] Installing rpmtrue_publisher script to /home/robotec/ros2_ws/install/odometry_pkg/lib/odometry_pkg
[2.426s] writing list of installed files to '/home/robotec/ros2_ws/build/odometry_pkg/install.log'
[2.492s] Invoked command in '/home/robotec/ros2_ws/src/odometry_pkg' returned '0': PYTHONPATH=/home/robotec/ros2_ws/build/odometry_pkg/prefix_override:/usr/lib/python3/dist-packages/colcon_core/task/python/colcon_distutils_commands:/home/robotec/ros2_ws/install/odometry_pkg/lib/python3.10/site-packages:${PYTHONPATH} /usr/bin/python3 -W ignore:setup.py install is deprecated -W ignore:easy_install command is deprecated setup.py egg_info --egg-base ../../build/odometry_pkg build --build-base /home/robotec/ros2_ws/build/odometry_pkg/build install --record /home/robotec/ros2_ws/build/odometry_pkg/install.log --single-version-externally-managed install_data
