[0.010s] Invoking command in '/home/robotec/ros2_ws/build/sllidar_ros2': CMAKE_PREFIX_PATH=/opt/ros/humble /usr/bin/cmake /home/robotec/ros2_ws/src/sllidar_ros2 -DCMAKE_INSTALL_PREFIX=/home/robotec/ros2_ws/install/sllidar_ros2
[0.036s] -- Found ament_cmake: 1.3.11 (/opt/ros/humble/share/ament_cmake/cmake)
[0.255s] -- Override CMake install command with custom implementation using symlinks instead of copying resources
[0.269s] -- Found rclcpp: 16.0.12 (/opt/ros/humble/share/rclcpp/cmake)
[0.329s] -- Found rosidl_generator_c: 3.1.6 (/opt/ros/humble/share/rosidl_generator_c/cmake)
[0.333s] -- Found rosidl_adapter: 3.1.6 (/opt/ros/humble/share/rosidl_adapter/cmake)
[0.345s] -- Found rosidl_generator_cpp: 3.1.6 (/opt/ros/humble/share/rosidl_generator_cpp/cmake)
[0.364s] -- Using all available rosidl_typesupport_c: rosidl_typesupport_fastrtps_c;rosidl_typesupport_introspection_c
[0.393s] -- Using all available rosidl_typesupport_cpp: rosidl_typesupport_fastrtps_cpp;rosidl_typesupport_introspection_cpp
[0.467s] -- Found rmw_implementation_cmake: 6.1.2 (/opt/ros/humble/share/rmw_implementation_cmake/cmake)
[0.471s] -- Found rmw_fastrtps_cpp: 6.2.7 (/opt/ros/humble/share/rmw_fastrtps_cpp/cmake)
[0.664s] -- Using RMW implementation 'rmw_fastrtps_cpp' as default
[0.790s] -- Found sensor_msgs: 4.8.0 (/opt/ros/humble/share/sensor_msgs/cmake)
[0.847s] -- Found std_srvs: 4.8.0 (/opt/ros/humble/share/std_srvs/cmake)
[1.003s] -- Configuring done
[1.036s] -- Generating done
[1.047s] -- Build files have been written to: /home/robotec/ros2_ws/build/sllidar_ros2
[1.062s] Invoked command in '/home/robotec/ros2_ws/build/sllidar_ros2' returned '0': CMAKE_PREFIX_PATH=/opt/ros/humble /usr/bin/cmake /home/robotec/ros2_ws/src/sllidar_ros2 -DCMAKE_INSTALL_PREFIX=/home/robotec/ros2_ws/install/sllidar_ros2
[1.068s] Invoking command in '/home/robotec/ros2_ws/build/sllidar_ros2': CMAKE_PREFIX_PATH=/opt/ros/humble /usr/bin/cmake --build /home/robotec/ros2_ws/build/sllidar_ros2 -- -j4 -l4
[1.137s] [35m[1mConsolidate compiler generated dependencies of target sllidar_client[0m
[1.158s] [35m[1mConsolidate compiler generated dependencies of target sllidar_node[0m
[1.191s] [ 10%] Built target sllidar_client
[1.222s] [100%] Built target sllidar_node
[1.240s] Invoked command in '/home/robotec/ros2_ws/build/sllidar_ros2' returned '0': CMAKE_PREFIX_PATH=/opt/ros/humble /usr/bin/cmake --build /home/robotec/ros2_ws/build/sllidar_ros2 -- -j4 -l4
[1.241s] Invoking command in '/home/robotec/ros2_ws/build/sllidar_ros2': CMAKE_PREFIX_PATH=/opt/ros/humble /usr/bin/cmake --install /home/robotec/ros2_ws/build/sllidar_ros2
[1.256s] -- Install configuration: ""
[1.257s] -- Execute custom install script
[1.258s] -- Up-to-date symlink: /home/robotec/ros2_ws/install/sllidar_ros2/share/sllidar_ros2/launch/sllidar_a1_launch.py
[1.261s] -- Up-to-date symlink: /home/robotec/ros2_ws/install/sllidar_ros2/share/sllidar_ros2/launch/sllidar_a2m12_launch .py
[1.261s] -- Up-to-date symlink: /home/robotec/ros2_ws/install/sllidar_ros2/share/sllidar_ros2/launch/sllidar_a2m7_launch.py
[1.261s] -- Up-to-date symlink: /home/robotec/ros2_ws/install/sllidar_ros2/share/sllidar_ros2/launch/sllidar_a2m8_launch.py
[1.261s] -- Up-to-date symlink: /home/robotec/ros2_ws/install/sllidar_ros2/share/sllidar_ros2/launch/sllidar_a3_launch.py
[1.261s] -- Up-to-date symlink: /home/robotec/ros2_ws/install/sllidar_ros2/share/sllidar_ros2/launch/sllidar_c1_launch.py
[1.261s] -- Up-to-date symlink: /home/robotec/ros2_ws/install/sllidar_ros2/share/sllidar_ros2/launch/sllidar_s1_launch.py
[1.262s] -- Up-to-date symlink: /home/robotec/ros2_ws/install/sllidar_ros2/share/sllidar_ros2/launch/sllidar_s1_tcp_launch.py
[1.262s] -- Up-to-date symlink: /home/robotec/ros2_ws/install/sllidar_ros2/share/sllidar_ros2/launch/sllidar_s2_launch.py
[1.262s] -- Up-to-date symlink: /home/robotec/ros2_ws/install/sllidar_ros2/share/sllidar_ros2/launch/sllidar_s2e_launch.py
[1.262s] -- Up-to-date symlink: /home/robotec/ros2_ws/install/sllidar_ros2/share/sllidar_ros2/launch/sllidar_s3_launch.py
[1.262s] -- Up-to-date symlink: /home/robotec/ros2_ws/install/sllidar_ros2/share/sllidar_ros2/launch/sllidar_t1_launch.py
[1.262s] -- Up-to-date symlink: /home/robotec/ros2_ws/install/sllidar_ros2/share/sllidar_ros2/launch/view_sllidar_a1_launch.py
[1.262s] -- Up-to-date symlink: /home/robotec/ros2_ws/install/sllidar_ros2/share/sllidar_ros2/launch/view_sllidar_a2m12_launch.py
[1.263s] -- Up-to-date symlink: /home/robotec/ros2_ws/install/sllidar_ros2/share/sllidar_ros2/launch/view_sllidar_a2m7_launch.py
[1.263s] -- Up-to-date symlink: /home/robotec/ros2_ws/install/sllidar_ros2/share/sllidar_ros2/launch/view_sllidar_a2m8_launch.py
[1.263s] -- Up-to-date symlink: /home/robotec/ros2_ws/install/sllidar_ros2/share/sllidar_ros2/launch/view_sllidar_a3_launch.py
[1.263s] -- Up-to-date symlink: /home/robotec/ros2_ws/install/sllidar_ros2/share/sllidar_ros2/launch/view_sllidar_c1_launch.py
[1.263s] -- Up-to-date symlink: /home/robotec/ros2_ws/install/sllidar_ros2/share/sllidar_ros2/launch/view_sllidar_s1_launch.py
[1.263s] -- Up-to-date symlink: /home/robotec/ros2_ws/install/sllidar_ros2/share/sllidar_ros2/launch/view_sllidar_s1_tcp_launch.py
[1.263s] -- Up-to-date symlink: /home/robotec/ros2_ws/install/sllidar_ros2/share/sllidar_ros2/launch/view_sllidar_s2_launch.py
[1.264s] -- Up-to-date symlink: /home/robotec/ros2_ws/install/sllidar_ros2/share/sllidar_ros2/launch/view_sllidar_s2e_launch.py
[1.264s] -- Up-to-date symlink: /home/robotec/ros2_ws/install/sllidar_ros2/share/sllidar_ros2/launch/view_sllidar_s3_launch.py
[1.264s] -- Up-to-date symlink: /home/robotec/ros2_ws/install/sllidar_ros2/share/sllidar_ros2/launch/view_sllidar_t1_launch.py
[1.264s] -- Up-to-date symlink: /home/robotec/ros2_ws/install/sllidar_ros2/share/sllidar_ros2/rviz/sllidar_ros2.rviz
[1.265s] -- Up-to-date symlink: /home/robotec/ros2_ws/install/sllidar_ros2/lib/sllidar_ros2/sllidar_node
[1.265s] -- Up-to-date symlink: /home/robotec/ros2_ws/install/sllidar_ros2/lib/sllidar_ros2/sllidar_client
[1.265s] -- Up-to-date symlink: /home/robotec/ros2_ws/install/sllidar_ros2/share/ament_index/resource_index/package_run_dependencies/sllidar_ros2
[1.266s] -- Up-to-date symlink: /home/robotec/ros2_ws/install/sllidar_ros2/share/ament_index/resource_index/parent_prefix_path/sllidar_ros2
[1.266s] -- Up-to-date symlink: /home/robotec/ros2_ws/install/sllidar_ros2/share/sllidar_ros2/environment/ament_prefix_path.sh
[1.267s] -- Up-to-date symlink: /home/robotec/ros2_ws/install/sllidar_ros2/share/sllidar_ros2/environment/ament_prefix_path.dsv
[1.267s] -- Up-to-date symlink: /home/robotec/ros2_ws/install/sllidar_ros2/share/sllidar_ros2/environment/path.sh
[1.268s] -- Up-to-date symlink: /home/robotec/ros2_ws/install/sllidar_ros2/share/sllidar_ros2/environment/path.dsv
[1.268s] -- Up-to-date symlink: /home/robotec/ros2_ws/install/sllidar_ros2/share/sllidar_ros2/local_setup.bash
[1.268s] -- Up-to-date symlink: /home/robotec/ros2_ws/install/sllidar_ros2/share/sllidar_ros2/local_setup.sh
[1.268s] -- Up-to-date symlink: /home/robotec/ros2_ws/install/sllidar_ros2/share/sllidar_ros2/local_setup.zsh
[1.269s] -- Up-to-date symlink: /home/robotec/ros2_ws/install/sllidar_ros2/share/sllidar_ros2/local_setup.dsv
[1.269s] -- Symlinking: /home/robotec/ros2_ws/install/sllidar_ros2/share/sllidar_ros2/package.dsv
[1.281s] -- Up-to-date symlink: /home/robotec/ros2_ws/install/sllidar_ros2/share/ament_index/resource_index/packages/sllidar_ros2
[1.282s] -- Up-to-date symlink: /home/robotec/ros2_ws/install/sllidar_ros2/share/sllidar_ros2/cmake/ament_cmake_export_dependencies-extras.cmake
[1.282s] -- Up-to-date symlink: /home/robotec/ros2_ws/install/sllidar_ros2/share/sllidar_ros2/cmake/ament_cmake_export_include_directories-extras.cmake
[1.282s] -- Up-to-date symlink: /home/robotec/ros2_ws/install/sllidar_ros2/share/sllidar_ros2/cmake/sllidar_ros2Config.cmake
[1.282s] -- Up-to-date symlink: /home/robotec/ros2_ws/install/sllidar_ros2/share/sllidar_ros2/cmake/sllidar_ros2Config-version.cmake
[1.282s] -- Up-to-date symlink: /home/robotec/ros2_ws/install/sllidar_ros2/share/sllidar_ros2/package.xml
[1.285s] Invoked command in '/home/robotec/ros2_ws/build/sllidar_ros2' returned '0': CMAKE_PREFIX_PATH=/opt/ros/humble /usr/bin/cmake --install /home/robotec/ros2_ws/build/sllidar_ros2
