[3.805s] Invoking command in '/home/ras4/nuc_ws/build/sllidar_ros2': CMAKE_PREFIX_PATH=${CMAKE_PREFIX_PATH}:/home/ras4/nuc_ws/install/xbox_control_pkg:/home/ras4/nuc_ws/install/odometry_pkg:/home/ras4/nuc_ws/install/camera_pkg:/home/ras4/nuc_ws/install/arm_pkg:/opt/ros/humble /usr/bin/cmake --build /home/ras4/nuc_ws/build/sllidar_ros2 -- -j4 -l4
[4.571s] [ 10%] Built target sllidar_client
[4.609s] [100%] Built target sllidar_node
[4.665s] Invoked command in '/home/ras4/nuc_ws/build/sllidar_ros2' returned '0': CMAKE_PREFIX_PATH=${CMAKE_PREFIX_PATH}:/home/ras4/nuc_ws/install/xbox_control_pkg:/home/ras4/nuc_ws/install/odometry_pkg:/home/ras4/nuc_ws/install/camera_pkg:/home/ras4/nuc_ws/install/arm_pkg:/opt/ros/humble /usr/bin/cmake --build /home/ras4/nuc_ws/build/sllidar_ros2 -- -j4 -l4
[4.721s] Invoking command in '/home/ras4/nuc_ws/build/sllidar_ros2': CMAKE_PREFIX_PATH=${CMAKE_PREFIX_PATH}:/home/ras4/nuc_ws/install/xbox_control_pkg:/home/ras4/nuc_ws/install/odometry_pkg:/home/ras4/nuc_ws/install/camera_pkg:/home/ras4/nuc_ws/install/arm_pkg:/opt/ros/humble /usr/bin/cmake --install /home/ras4/nuc_ws/build/sllidar_ros2
[4.788s] -- Install configuration: ""
[4.790s] -- Up-to-date: /home/ras4/nuc_ws/install/sllidar_ros2/share/sllidar_ros2/launch
[4.792s] -- Up-to-date: /home/ras4/nuc_ws/install/sllidar_ros2/share/sllidar_ros2/launch/view_sllidar_c1_launch.py
[4.794s] -- Up-to-date: /home/ras4/nuc_ws/install/sllidar_ros2/share/sllidar_ros2/launch/sllidar_s3_launch.py
[4.795s] -- Up-to-date: /home/ras4/nuc_ws/install/sllidar_ros2/share/sllidar_ros2/launch/sllidar_a2m8_launch.py
[4.797s] -- Up-to-date: /home/ras4/nuc_ws/install/sllidar_ros2/share/sllidar_ros2/launch/view_sllidar_s1_tcp_launch.py
[4.798s] -- Up-to-date: /home/ras4/nuc_ws/install/sllidar_ros2/share/sllidar_ros2/launch/sllidar_s1_tcp_launch.py
[4.800s] -- Up-to-date: /home/ras4/nuc_ws/install/sllidar_ros2/share/sllidar_ros2/launch/sllidar_c1_launch.py
[4.801s] -- Up-to-date: /home/ras4/nuc_ws/install/sllidar_ros2/share/sllidar_ros2/launch/sllidar_s1_launch.py
[4.803s] -- Up-to-date: /home/ras4/nuc_ws/install/sllidar_ros2/share/sllidar_ros2/launch/sllidar_s2_launch.py
[4.804s] -- Up-to-date: /home/ras4/nuc_ws/install/sllidar_ros2/share/sllidar_ros2/launch/view_sllidar_a2m8_launch.py
[4.806s] -- Up-to-date: /home/ras4/nuc_ws/install/sllidar_ros2/share/sllidar_ros2/launch/view_sllidar_a3_launch.py
[4.808s] -- Up-to-date: /home/ras4/nuc_ws/install/sllidar_ros2/share/sllidar_ros2/launch/view_sllidar_s2_launch.py
[4.809s] -- Up-to-date: /home/ras4/nuc_ws/install/sllidar_ros2/share/sllidar_ros2/launch/view_sllidar_a2m12_launch.py
[4.811s] -- Up-to-date: /home/ras4/nuc_ws/install/sllidar_ros2/share/sllidar_ros2/launch/view_sllidar_s1_launch.py
[4.812s] -- Up-to-date: /home/ras4/nuc_ws/install/sllidar_ros2/share/sllidar_ros2/launch/sllidar_s2e_launch.py
[4.814s] -- Up-to-date: /home/ras4/nuc_ws/install/sllidar_ros2/share/sllidar_ros2/launch/sllidar_a2m12_launch .py
[4.815s] -- Up-to-date: /home/ras4/nuc_ws/install/sllidar_ros2/share/sllidar_ros2/launch/sllidar_t1_launch.py
[4.817s] -- Up-to-date: /home/ras4/nuc_ws/install/sllidar_ros2/share/sllidar_ros2/launch/view_sllidar_a2m7_launch.py
[4.819s] -- Up-to-date: /home/ras4/nuc_ws/install/sllidar_ros2/share/sllidar_ros2/launch/view_sllidar_t1_launch.py
[4.819s] -- Up-to-date: /home/ras4/nuc_ws/install/sllidar_ros2/share/sllidar_ros2/launch/sllidar_a2m7_launch.py
[4.823s] -- Up-to-date: /home/ras4/nuc_ws/install/sllidar_ros2/share/sllidar_ros2/launch/view_sllidar_s3_launch.py
[4.824s] -- Up-to-date: /home/ras4/nuc_ws/install/sllidar_ros2/share/sllidar_ros2/launch/view_sllidar_s2e_launch.py
[4.824s] -- Up-to-date: /home/ras4/nuc_ws/install/sllidar_ros2/share/sllidar_ros2/launch/sllidar_a3_launch.py
[4.825s] -- Up-to-date: /home/ras4/nuc_ws/install/sllidar_ros2/share/sllidar_ros2/launch/sllidar_a1_launch.py
[4.826s] -- Up-to-date: /home/ras4/nuc_ws/install/sllidar_ros2/share/sllidar_ros2/launch/view_sllidar_a1_launch.py
[4.833s] -- Up-to-date: /home/ras4/nuc_ws/install/sllidar_ros2/share/sllidar_ros2/rviz
[4.835s] -- Up-to-date: /home/ras4/nuc_ws/install/sllidar_ros2/share/sllidar_ros2/rviz/sllidar_ros2.rviz
[4.835s] -- Up-to-date: /home/ras4/nuc_ws/install/sllidar_ros2/lib/sllidar_ros2/sllidar_node
[4.836s] -- Up-to-date: /home/ras4/nuc_ws/install/sllidar_ros2/lib/sllidar_ros2/sllidar_client
[4.839s] -- Up-to-date: /home/ras4/nuc_ws/install/sllidar_ros2/share/ament_index/resource_index/package_run_dependencies/sllidar_ros2
[4.841s] -- Up-to-date: /home/ras4/nuc_ws/install/sllidar_ros2/share/ament_index/resource_index/parent_prefix_path/sllidar_ros2
[4.843s] -- Up-to-date: /home/ras4/nuc_ws/install/sllidar_ros2/share/sllidar_ros2/environment/ament_prefix_path.sh
[4.846s] -- Up-to-date: /home/ras4/nuc_ws/install/sllidar_ros2/share/sllidar_ros2/environment/ament_prefix_path.dsv
[4.846s] -- Up-to-date: /home/ras4/nuc_ws/install/sllidar_ros2/share/sllidar_ros2/environment/path.sh
[4.849s] -- Up-to-date: /home/ras4/nuc_ws/install/sllidar_ros2/share/sllidar_ros2/environment/path.dsv
[4.850s] -- Up-to-date: /home/ras4/nuc_ws/install/sllidar_ros2/share/sllidar_ros2/local_setup.bash
[4.852s] -- Up-to-date: /home/ras4/nuc_ws/install/sllidar_ros2/share/sllidar_ros2/local_setup.sh
[4.853s] -- Up-to-date: /home/ras4/nuc_ws/install/sllidar_ros2/share/sllidar_ros2/local_setup.zsh
[4.855s] -- Up-to-date: /home/ras4/nuc_ws/install/sllidar_ros2/share/sllidar_ros2/local_setup.dsv
[4.856s] -- Installing: /home/ras4/nuc_ws/install/sllidar_ros2/share/sllidar_ros2/package.dsv
[4.860s] -- Up-to-date: /home/ras4/nuc_ws/install/sllidar_ros2/share/ament_index/resource_index/packages/sllidar_ros2
[4.872s] -- Up-to-date: /home/ras4/nuc_ws/install/sllidar_ros2/share/sllidar_ros2/cmake/ament_cmake_export_dependencies-extras.cmake
[4.873s] -- Up-to-date: /home/ras4/nuc_ws/install/sllidar_ros2/share/sllidar_ros2/cmake/ament_cmake_export_include_directories-extras.cmake
[4.874s] -- Up-to-date: /home/ras4/nuc_ws/install/sllidar_ros2/share/sllidar_ros2/cmake/sllidar_ros2Config.cmake
[4.874s] -- Up-to-date: /home/ras4/nuc_ws/install/sllidar_ros2/share/sllidar_ros2/cmake/sllidar_ros2Config-version.cmake
[4.875s] -- Up-to-date: /home/ras4/nuc_ws/install/sllidar_ros2/share/sllidar_ros2/package.xml
[4.939s] Invoked command in '/home/ras4/nuc_ws/build/sllidar_ros2' returned '0': CMAKE_PREFIX_PATH=${CMAKE_PREFIX_PATH}:/home/ras4/nuc_ws/install/xbox_control_pkg:/home/ras4/nuc_ws/install/odometry_pkg:/home/ras4/nuc_ws/install/camera_pkg:/home/ras4/nuc_ws/install/arm_pkg:/opt/ros/humble /usr/bin/cmake --install /home/ras4/nuc_ws/build/sllidar_ros2
