/usr/lib/python3/dist-packages/setuptools/dist.py:723: UserWarning: Usage of dash-separated 'description-file' will not be supported in future versions. Please use the underscore name 'description_file' instead
  warnings.warn(
running egg_info
creating ../../build/camera_pkg/camera_pkg.egg-info
writing ../../build/camera_pkg/camera_pkg.egg-info/PKG-INFO
writing dependency_links to ../../build/camera_pkg/camera_pkg.egg-info/dependency_links.txt
writing entry points to ../../build/camera_pkg/camera_pkg.egg-info/entry_points.txt
writing requirements to ../../build/camera_pkg/camera_pkg.egg-info/requires.txt
writing top-level names to ../../build/camera_pkg/camera_pkg.egg-info/top_level.txt
writing manifest file '../../build/camera_pkg/camera_pkg.egg-info/SOURCES.txt'
reading manifest file '../../build/camera_pkg/camera_pkg.egg-info/SOURCES.txt'
writing manifest file '../../build/camera_pkg/camera_pkg.egg-info/SOURCES.txt'
running build
running build_py
creating /home/robotec/ros2_ws/build/camera_pkg/build
creating /home/robotec/ros2_ws/build/camera_pkg/build/lib
creating /home/robotec/ros2_ws/build/camera_pkg/build/lib/camera_pkg
copying camera_pkg/__init__.py -> /home/robotec/ros2_ws/build/camera_pkg/build/lib/camera_pkg
copying camera_pkg/pixel_to_point3d.py -> /home/robotec/ros2_ws/build/camera_pkg/build/lib/camera_pkg
copying camera_pkg/framepublisher.py -> /home/robotec/ros2_ws/build/camera_pkg/build/lib/camera_pkg
running install
running install_lib
creating /home/robotec/ros2_ws/install/camera_pkg/lib/python3.10/site-packages/camera_pkg
copying /home/robotec/ros2_ws/build/camera_pkg/build/lib/camera_pkg/__init__.py -> /home/robotec/ros2_ws/install/camera_pkg/lib/python3.10/site-packages/camera_pkg
copying /home/robotec/ros2_ws/build/camera_pkg/build/lib/camera_pkg/pixel_to_point3d.py -> /home/robotec/ros2_ws/install/camera_pkg/lib/python3.10/site-packages/camera_pkg
copying /home/robotec/ros2_ws/build/camera_pkg/build/lib/camera_pkg/framepublisher.py -> /home/robotec/ros2_ws/install/camera_pkg/lib/python3.10/site-packages/camera_pkg
byte-compiling /home/robotec/ros2_ws/install/camera_pkg/lib/python3.10/site-packages/camera_pkg/__init__.py to __init__.cpython-310.pyc
byte-compiling /home/robotec/ros2_ws/install/camera_pkg/lib/python3.10/site-packages/camera_pkg/pixel_to_point3d.py to pixel_to_point3d.cpython-310.pyc
byte-compiling /home/robotec/ros2_ws/install/camera_pkg/lib/python3.10/site-packages/camera_pkg/framepublisher.py to framepublisher.cpython-310.pyc
running install_data
creating /home/robotec/ros2_ws/install/camera_pkg/share/ament_index
creating /home/robotec/ros2_ws/install/camera_pkg/share/ament_index/resource_index
creating /home/robotec/ros2_ws/install/camera_pkg/share/ament_index/resource_index/packages
copying resource/camera_pkg -> /home/robotec/ros2_ws/install/camera_pkg/share/ament_index/resource_index/packages
copying package.xml -> /home/robotec/ros2_ws/install/camera_pkg/share/camera_pkg
creating /home/robotec/ros2_ws/install/camera_pkg/share/camera_pkg/launch
copying launch/camera.launch.py -> /home/robotec/ros2_ws/install/camera_pkg/share/camera_pkg/launch
running install_egg_info
Copying ../../build/camera_pkg/camera_pkg.egg-info to /home/robotec/ros2_ws/install/camera_pkg/lib/python3.10/site-packages/camera_pkg-0.1.0-py3.10.egg-info
running install_scripts
Installing framepublisher script to /home/robotec/ros2_ws/install/camera_pkg/lib/camera_pkg
Installing pixel_to_point3d script to /home/robotec/ros2_ws/install/camera_pkg/lib/camera_pkg
writing list of installed files to '/home/robotec/ros2_ws/build/camera_pkg/install.log'
