[2.914s] Invoking command in '/home/ras4/nuc_ws/src/camera_pkg': PYTHONPATH=/home/ras4/nuc_ws/src/build/camera_pkg/prefix_override:/usr/lib/python3/dist-packages/colcon_core/task/python/colcon_distutils_commands:/home/ras4/nuc_ws/src/install/camera_pkg/lib/python3.10/site-packages:${PYTHONPATH} /usr/bin/python3 -W ignore:setup.py install is deprecated -W ignore:easy_install command is deprecated setup.py egg_info --egg-base ../build/camera_pkg build --build-base /home/ras4/nuc_ws/src/build/camera_pkg/build install --record /home/ras4/nuc_ws/src/build/camera_pkg/install.log --single-version-externally-managed install_data
[3.993s] /usr/lib/python3/dist-packages/setuptools/dist.py:723: UserWarning: Usage of dash-separated 'description-file' will not be supported in future versions. Please use the underscore name 'description_file' instead
[3.994s]   warnings.warn(
[4.040s] running egg_info
[4.043s] writing ../build/camera_pkg/camera_pkg.egg-info/PKG-INFO
[4.045s] writing dependency_links to ../build/camera_pkg/camera_pkg.egg-info/dependency_links.txt
[4.046s] writing entry points to ../build/camera_pkg/camera_pkg.egg-info/entry_points.txt
[4.047s] writing requirements to ../build/camera_pkg/camera_pkg.egg-info/requires.txt
[4.047s] writing top-level names to ../build/camera_pkg/camera_pkg.egg-info/top_level.txt
[4.055s] reading manifest file '../build/camera_pkg/camera_pkg.egg-info/SOURCES.txt'
[4.060s] writing manifest file '../build/camera_pkg/camera_pkg.egg-info/SOURCES.txt'
[4.060s] running build
[4.061s] running build_py
[4.064s] running install
[4.066s] running install_lib
[4.075s] running install_data
[4.076s] running install_egg_info
[4.085s] removing '/home/ras4/nuc_ws/src/install/camera_pkg/lib/python3.10/site-packages/camera_pkg-0.1.0-py3.10.egg-info' (and everything under it)
[4.086s] Copying ../build/camera_pkg/camera_pkg.egg-info to /home/ras4/nuc_ws/src/install/camera_pkg/lib/python3.10/site-packages/camera_pkg-0.1.0-py3.10.egg-info
[4.095s] running install_scripts
[4.182s] Installing framepublisher script to /home/ras4/nuc_ws/src/install/camera_pkg/lib/camera_pkg
[4.184s] Installing pixel_to_point3d script to /home/ras4/nuc_ws/src/install/camera_pkg/lib/camera_pkg
[4.185s] writing list of installed files to '/home/ras4/nuc_ws/src/build/camera_pkg/install.log'
[4.305s] Invoked command in '/home/ras4/nuc_ws/src/camera_pkg' returned '0': PYTHONPATH=/home/ras4/nuc_ws/src/build/camera_pkg/prefix_override:/usr/lib/python3/dist-packages/colcon_core/task/python/colcon_distutils_commands:/home/ras4/nuc_ws/src/install/camera_pkg/lib/python3.10/site-packages:${PYTHONPATH} /usr/bin/python3 -W ignore:setup.py install is deprecated -W ignore:easy_install command is deprecated setup.py egg_info --egg-base ../build/camera_pkg build --build-base /home/ras4/nuc_ws/src/build/camera_pkg/build install --record /home/ras4/nuc_ws/src/build/camera_pkg/install.log --single-version-externally-managed install_data
