-- The C compiler identification is GNU 11.4.0
-- Detecting C compiler ABI info
-- Detecting C compiler ABI info - done
-- Check for working C compiler: /usr/bin/cc - skipped
-- Detecting C compile features
-- Detecting C compile features - done
-- No build type selected, default to Release
-- No target type selected, default to both shared and static library
-- Found PkgConfig: /usr/bin/pkg-config (found version "0.29.2") 
-- Checking for module 'libusb-1.0'
--   Found libusb-1.0, version 1.0.25
-- libusb-1.0 found using pkgconfig
-- Found JPEG: /usr/lib/x86_64-linux-gnu/libjpeg.so (found version "80") 
-- Found JPEG library using standard module
[33mCMake Warning (dev) at /usr/share/cmake-3.22/Modules/FindPackageHandleStandardArgs.cmake:438 (message):
  The package name passed to `find_package_handle_standard_args` (JPEG) does
  not match the name of the calling package (JpegPkg).  This can lead to
  problems in calling code that expects `find_package` result variables
  (e.g., `_FOUND`) to follow a certain pattern.
Call Stack (most recent call first):
  cmake/FindJpegPkg.cmake:58 (find_package_handle_standard_args)
  CMakeLists.txt:45 (find_package)
This warning is for project developers.  Use -Wno-dev to suppress it.
-- Found JPEG: /usr/lib/x86_64-linux-gnu/libjpeg.so  
-- Building libuvc with JPEG support.
[0m
-- Looking for pthread.h
-- Looking for pthread.h - found
-- Performing Test CMAKE_HAVE_LIBC_PTHREAD
-- Performing Test CMAKE_HAVE_LIBC_PTHREAD - Success
-- Found Threads: TRUE  
-- Configuring done
-- Generating done
-- Build files have been written to: /home/robotec/ros2_ws/build/libuvc
[  4%] [32mBuilding C object CMakeFiles/uvc.dir/src/ctrl.c.o[0m
[  9%] [32mBuilding C object CMakeFiles/uvc.dir/src/ctrl-gen.c.o[0m
[ 13%] [32mBuilding C object CMakeFiles/uvc_static.dir/src/ctrl.c.o[0m
[ 18%] [32mBuilding C object CMakeFiles/uvc.dir/src/device.c.o[0m
[ 22%] [32mBuilding C object CMakeFiles/uvc.dir/src/diag.c.o[0m
[ 27%] [32mBuilding C object CMakeFiles/uvc_static.dir/src/ctrl-gen.c.o[0m
[ 31%] [32mBuilding C object CMakeFiles/uvc_static.dir/src/device.c.o[0m
[ 36%] [32mBuilding C object CMakeFiles/uvc.dir/src/frame.c.o[0m
[ 40%] [32mBuilding C object CMakeFiles/uvc_static.dir/src/diag.c.o[0m
[ 45%] [32mBuilding C object CMakeFiles/uvc.dir/src/init.c.o[0m
[ 50%] [32mBuilding C object CMakeFiles/uvc_static.dir/src/frame.c.o[0m
[ 54%] [32mBuilding C object CMakeFiles/uvc.dir/src/stream.c.o[0m
[ 59%] [32mBuilding C object CMakeFiles/uvc.dir/src/misc.c.o[0m
[ 63%] [32mBuilding C object CMakeFiles/uvc.dir/src/frame-mjpeg.c.o[0m
[ 68%] [32mBuilding C object CMakeFiles/uvc_static.dir/src/init.c.o[0m
[ 72%] [32mBuilding C object CMakeFiles/uvc_static.dir/src/stream.c.o[0m
[ 77%] [32mBuilding C object CMakeFiles/uvc_static.dir/src/misc.c.o[0m
[ 81%] [32mBuilding C object CMakeFiles/uvc_static.dir/src/frame-mjpeg.c.o[0m
[ 86%] [32m[1mLinking C shared library libuvc.so[0m
[ 86%] Built target uvc
[ 90%] [32mBuilding C object CMakeFiles/example.dir/src/example.c.o[0m
[ 95%] [32m[1mLinking C executable example[0m
[100%] [32m[1mLinking C static library libuvc.a[0m
[100%] Built target example
[100%] Built target uvc_static
-- Install configuration: "Release"
-- Installing: /home/robotec/ros2_ws/install/libuvc/lib/libuvc.so.0.0.7
-- Installing: /home/robotec/ros2_ws/install/libuvc/lib/libuvc.so.0
-- Installing: /home/robotec/ros2_ws/install/libuvc/lib/libuvc.so
-- Installing: /home/robotec/ros2_ws/install/libuvc/include/libuvc/libuvc.h
-- Installing: /home/robotec/ros2_ws/install/libuvc/include/libuvc/libuvc_config.h
-- Installing: /home/robotec/ros2_ws/install/libuvc/lib/libuvc.a
-- Up-to-date: /home/robotec/ros2_ws/install/libuvc/include/libuvc/libuvc.h
-- Up-to-date: /home/robotec/ros2_ws/install/libuvc/include/libuvc/libuvc_config.h
-- Installing: /home/robotec/ros2_ws/install/libuvc/lib/cmake/libuvc/libuvcTargets.cmake
-- Installing: /home/robotec/ros2_ws/install/libuvc/lib/cmake/libuvc/libuvcTargets-release.cmake
-- Installing: /home/robotec/ros2_ws/install/libuvc/lib/cmake/libuvc/FindLibUSB.cmake
-- Installing: /home/robotec/ros2_ws/install/libuvc/lib/cmake/libuvc/FindJpegPkg.cmake
-- Installing: /home/robotec/ros2_ws/install/libuvc/lib/cmake/libuvc/libuvcConfigVersion.cmake
-- Installing: /home/robotec/ros2_ws/install/libuvc/lib/pkgconfig/libuvc.pc
-- Installing: /home/robotec/ros2_ws/install/libuvc/lib/cmake/libuvc/libuvcConfig.cmake
