[0.062s] Invoking command in '/home/robotec/ros2_ws/build/sllidar_ros2': CMAKE_PREFIX_PATH=${CMAKE_PREFIX_PATH}:/home/robotec/ros2_ws/install/odometry:/home/robotec/ros2_ws/install/camera_pkg:/opt/ros/humble /usr/bin/cmake /home/robotec/ros2_ws/src/sllidar_ros2 -DCMAKE_INSTALL_PREFIX=/home/robotec/ros2_ws/install/sllidar_ros2
[0.117s] -- Found ament_cmake: 1.3.11 (/opt/ros/humble/share/ament_cmake/cmake)
[0.634s] -- Override CMake install command with custom implementation using symlinks instead of copying resources
[0.661s] -- Found rclcpp: 16.0.12 (/opt/ros/humble/share/rclcpp/cmake)
[0.842s] -- Found rosidl_generator_c: 3.1.6 (/opt/ros/humble/share/rosidl_generator_c/cmake)
[0.844s] -- Found rosidl_adapter: 3.1.6 (/opt/ros/humble/share/rosidl_adapter/cmake)
[0.862s] -- Found rosidl_generator_cpp: 3.1.6 (/opt/ros/humble/share/rosidl_generator_cpp/cmake)
[0.892s] -- Using all available rosidl_typesupport_c: rosidl_typesupport_fastrtps_c;rosidl_typesupport_introspection_c
[0.975s] -- Using all available rosidl_typesupport_cpp: rosidl_typesupport_fastrtps_cpp;rosidl_typesupport_introspection_cpp
[1.166s] -- Found rmw_implementation_cmake: 6.1.2 (/opt/ros/humble/share/rmw_implementation_cmake/cmake)
[1.192s] -- Found rmw_fastrtps_cpp: 6.2.7 (/opt/ros/humble/share/rmw_fastrtps_cpp/cmake)
[1.800s] -- Using RMW implementation 'rmw_fastrtps_cpp' as default
[2.066s] -- Found sensor_msgs: 4.8.0 (/opt/ros/humble/share/sensor_msgs/cmake)
[2.208s] -- Found std_srvs: 4.8.0 (/opt/ros/humble/share/std_srvs/cmake)
[2.732s] -- Configuring done
[2.858s] -- Generating done
[2.883s] -- Build files have been written to: /home/robotec/ros2_ws/build/sllidar_ros2
[2.910s] Invoked command in '/home/robotec/ros2_ws/build/sllidar_ros2' returned '0': CMAKE_PREFIX_PATH=${CMAKE_PREFIX_PATH}:/home/robotec/ros2_ws/install/odometry:/home/robotec/ros2_ws/install/camera_pkg:/opt/ros/humble /usr/bin/cmake /home/robotec/ros2_ws/src/sllidar_ros2 -DCMAKE_INSTALL_PREFIX=/home/robotec/ros2_ws/install/sllidar_ros2
[2.912s] Invoking command in '/home/robotec/ros2_ws/build/sllidar_ros2': CMAKE_PREFIX_PATH=${CMAKE_PREFIX_PATH}:/home/robotec/ros2_ws/install/odometry:/home/robotec/ros2_ws/install/camera_pkg:/opt/ros/humble /usr/bin/cmake --build /home/robotec/ros2_ws/build/sllidar_ros2 -- -j4 -l4
[3.013s] [35m[1mConsolidate compiler generated dependencies of target sllidar_node[0m
[3.110s] [ 90%] Built target sllidar_node
[3.146s] [35m[1mConsolidate compiler generated dependencies of target sllidar_client[0m
[3.199s] [100%] Built target sllidar_client
[3.234s] Invoked command in '/home/robotec/ros2_ws/build/sllidar_ros2' returned '0': CMAKE_PREFIX_PATH=${CMAKE_PREFIX_PATH}:/home/robotec/ros2_ws/install/odometry:/home/robotec/ros2_ws/install/camera_pkg:/opt/ros/humble /usr/bin/cmake --build /home/robotec/ros2_ws/build/sllidar_ros2 -- -j4 -l4
[3.237s] Invoking command in '/home/robotec/ros2_ws/build/sllidar_ros2': CMAKE_PREFIX_PATH=${CMAKE_PREFIX_PATH}:/home/robotec/ros2_ws/install/odometry:/home/robotec/ros2_ws/install/camera_pkg:/opt/ros/humble /usr/bin/cmake --install /home/robotec/ros2_ws/build/sllidar_ros2
[3.251s] -- Install configuration: ""
[3.251s] -- Execute custom install script
[3.260s] -- Up-to-date symlink: /home/robotec/ros2_ws/install/sllidar_ros2/share/sllidar_ros2/launch/sllidar_a1_launch.py
[3.262s] -- Up-to-date symlink: /home/robotec/ros2_ws/install/sllidar_ros2/share/sllidar_ros2/launch/sllidar_a2m12_launch .py
[3.262s] -- Up-to-date symlink: /home/robotec/ros2_ws/install/sllidar_ros2/share/sllidar_ros2/launch/sllidar_a2m7_launch.py
[3.266s] -- Up-to-date symlink: /home/robotec/ros2_ws/install/sllidar_ros2/share/sllidar_ros2/launch/sllidar_a2m8_launch.py
[3.269s] -- Up-to-date symlink: /home/robotec/ros2_ws/install/sllidar_ros2/share/sllidar_ros2/launch/sllidar_a3_launch.py
[3.270s] -- Up-to-date symlink: /home/robotec/ros2_ws/install/sllidar_ros2/share/sllidar_ros2/launch/sllidar_c1_launch.py
[3.270s] -- Up-to-date symlink: /home/robotec/ros2_ws/install/sllidar_ros2/share/sllidar_ros2/launch/sllidar_s1_launch.py
[3.271s] -- Up-to-date symlink: /home/robotec/ros2_ws/install/sllidar_ros2/share/sllidar_ros2/launch/sllidar_s1_tcp_launch.py
[3.271s] -- Up-to-date symlink: /home/robotec/ros2_ws/install/sllidar_ros2/share/sllidar_ros2/launch/sllidar_s2_launch.py
[3.271s] -- Up-to-date symlink: /home/robotec/ros2_ws/install/sllidar_ros2/share/sllidar_ros2/launch/sllidar_s2e_launch.py
[3.272s] -- Up-to-date symlink: /home/robotec/ros2_ws/install/sllidar_ros2/share/sllidar_ros2/launch/sllidar_s3_launch.py
[3.272s] -- Up-to-date symlink: /home/robotec/ros2_ws/install/sllidar_ros2/share/sllidar_ros2/launch/sllidar_t1_launch.py
[3.272s] -- Up-to-date symlink: /home/robotec/ros2_ws/install/sllidar_ros2/share/sllidar_ros2/launch/view_sllidar_a1_launch.py
[3.273s] -- Up-to-date symlink: /home/robotec/ros2_ws/install/sllidar_ros2/share/sllidar_ros2/launch/view_sllidar_a2m12_launch.py
[3.274s] -- Up-to-date symlink: /home/robotec/ros2_ws/install/sllidar_ros2/share/sllidar_ros2/launch/view_sllidar_a2m7_launch.py
[3.276s] -- Up-to-date symlink: /home/robotec/ros2_ws/install/sllidar_ros2/share/sllidar_ros2/launch/view_sllidar_a2m8_launch.py
[3.277s] -- Up-to-date symlink: /home/robotec/ros2_ws/install/sllidar_ros2/share/sllidar_ros2/launch/view_sllidar_a3_launch.py
[3.277s] -- Up-to-date symlink: /home/robotec/ros2_ws/install/sllidar_ros2/share/sllidar_ros2/launch/view_sllidar_c1_launch.py
[3.278s] -- Up-to-date symlink: /home/robotec/ros2_ws/install/sllidar_ros2/share/sllidar_ros2/launch/view_sllidar_s1_launch.py
[3.278s] -- Up-to-date symlink: /home/robotec/ros2_ws/install/sllidar_ros2/share/sllidar_ros2/launch/view_sllidar_s1_tcp_launch.py
[3.278s] -- Up-to-date symlink: /home/robotec/ros2_ws/install/sllidar_ros2/share/sllidar_ros2/launch/view_sllidar_s2_launch.py
[3.279s] -- Up-to-date symlink: /home/robotec/ros2_ws/install/sllidar_ros2/share/sllidar_ros2/launch/view_sllidar_s2e_launch.py
[3.281s] -- Up-to-date symlink: /home/robotec/ros2_ws/install/sllidar_ros2/share/sllidar_ros2/launch/view_sllidar_s3_launch.py
[3.282s] -- Up-to-date symlink: /home/robotec/ros2_ws/install/sllidar_ros2/share/sllidar_ros2/launch/view_sllidar_t1_launch.py
[3.283s] -- Up-to-date symlink: /home/robotec/ros2_ws/install/sllidar_ros2/share/sllidar_ros2/rviz/sllidar_ros2.rviz
[3.283s] -- Up-to-date symlink: /home/robotec/ros2_ws/install/sllidar_ros2/lib/sllidar_ros2/sllidar_node
[3.291s] -- Up-to-date symlink: /home/robotec/ros2_ws/install/sllidar_ros2/lib/sllidar_ros2/sllidar_client
[3.293s] -- Up-to-date symlink: /home/robotec/ros2_ws/install/sllidar_ros2/share/ament_index/resource_index/package_run_dependencies/sllidar_ros2
[3.293s] -- Up-to-date symlink: /home/robotec/ros2_ws/install/sllidar_ros2/share/ament_index/resource_index/parent_prefix_path/sllidar_ros2
[3.298s] -- Up-to-date symlink: /home/robotec/ros2_ws/install/sllidar_ros2/share/sllidar_ros2/environment/ament_prefix_path.sh
[3.304s] -- Up-to-date symlink: /home/robotec/ros2_ws/install/sllidar_ros2/share/sllidar_ros2/environment/ament_prefix_path.dsv
[3.317s] -- Up-to-date symlink: /home/robotec/ros2_ws/install/sllidar_ros2/share/sllidar_ros2/environment/path.sh
[3.317s] -- Up-to-date symlink: /home/robotec/ros2_ws/install/sllidar_ros2/share/sllidar_ros2/environment/path.dsv
[3.318s] -- Up-to-date symlink: /home/robotec/ros2_ws/install/sllidar_ros2/share/sllidar_ros2/local_setup.bash
[3.321s] -- Up-to-date symlink: /home/robotec/ros2_ws/install/sllidar_ros2/share/sllidar_ros2/local_setup.sh
[3.321s] -- Up-to-date symlink: /home/robotec/ros2_ws/install/sllidar_ros2/share/sllidar_ros2/local_setup.zsh
[3.321s] -- Up-to-date symlink: /home/robotec/ros2_ws/install/sllidar_ros2/share/sllidar_ros2/local_setup.dsv
[3.321s] -- Symlinking: /home/robotec/ros2_ws/install/sllidar_ros2/share/sllidar_ros2/package.dsv
[3.346s] -- Up-to-date symlink: /home/robotec/ros2_ws/install/sllidar_ros2/share/ament_index/resource_index/packages/sllidar_ros2
[3.349s] -- Up-to-date symlink: /home/robotec/ros2_ws/install/sllidar_ros2/share/sllidar_ros2/cmake/ament_cmake_export_dependencies-extras.cmake
[3.349s] -- Up-to-date symlink: /home/robotec/ros2_ws/install/sllidar_ros2/share/sllidar_ros2/cmake/ament_cmake_export_include_directories-extras.cmake
[3.350s] -- Up-to-date symlink: /home/robotec/ros2_ws/install/sllidar_ros2/share/sllidar_ros2/cmake/sllidar_ros2Config.cmake
[3.350s] -- Up-to-date symlink: /home/robotec/ros2_ws/install/sllidar_ros2/share/sllidar_ros2/cmake/sllidar_ros2Config-version.cmake
[3.351s] -- Up-to-date symlink: /home/robotec/ros2_ws/install/sllidar_ros2/share/sllidar_ros2/package.xml
[3.362s] Invoked command in '/home/robotec/ros2_ws/build/sllidar_ros2' returned '0': CMAKE_PREFIX_PATH=${CMAKE_PREFIX_PATH}:/home/robotec/ros2_ws/install/odometry:/home/robotec/ros2_ws/install/camera_pkg:/opt/ros/humble /usr/bin/cmake --install /home/robotec/ros2_ws/build/sllidar_ros2
