[2.409s] Invoking command in '/home/ras4/nuc_ws/src/arm_pkg': PYTHONPATH=/home/ras4/nuc_ws/build/arm_pkg/prefix_override:/usr/lib/python3/dist-packages/colcon_core/task/python/colcon_distutils_commands:/home/ras4/nuc_ws/install/arm_pkg/lib/python3.10/site-packages:${PYTHONPATH} /usr/bin/python3 -W ignore:setup.py install is deprecated -W ignore:easy_install command is deprecated setup.py egg_info --egg-base ../../build/arm_pkg build --build-base /home/ras4/nuc_ws/build/arm_pkg/build install --record /home/ras4/nuc_ws/build/arm_pkg/install.log --single-version-externally-managed install_data
[3.328s] running egg_info
[3.330s] writing ../../build/arm_pkg/arm_pkg.egg-info/PKG-INFO
[3.332s] writing dependency_links to ../../build/arm_pkg/arm_pkg.egg-info/dependency_links.txt
[3.333s] writing entry points to ../../build/arm_pkg/arm_pkg.egg-info/entry_points.txt
[3.333s] writing requirements to ../../build/arm_pkg/arm_pkg.egg-info/requires.txt
[3.334s] writing top-level names to ../../build/arm_pkg/arm_pkg.egg-info/top_level.txt
[3.341s] reading manifest file '../../build/arm_pkg/arm_pkg.egg-info/SOURCES.txt'
[3.345s] writing manifest file '../../build/arm_pkg/arm_pkg.egg-info/SOURCES.txt'
[3.345s] running build
[3.346s] running build_py
[3.348s] running install
[3.349s] running install_lib
[3.356s] running install_data
[3.356s] running install_egg_info
[3.364s] removing '/home/ras4/nuc_ws/install/arm_pkg/lib/python3.10/site-packages/arm_pkg-0.0.0-py3.10.egg-info' (and everything under it)
[3.365s] Copying ../../build/arm_pkg/arm_pkg.egg-info to /home/ras4/nuc_ws/install/arm_pkg/lib/python3.10/site-packages/arm_pkg-0.0.0-py3.10.egg-info
[3.370s] running install_scripts
[3.449s] Installing clicked_point_subscriber script to /home/ras4/nuc_ws/install/arm_pkg/lib/arm_pkg
[3.451s] writing list of installed files to '/home/ras4/nuc_ws/build/arm_pkg/install.log'
[3.568s] Invoked command in '/home/ras4/nuc_ws/src/arm_pkg' returned '0': PYTHONPATH=/home/ras4/nuc_ws/build/arm_pkg/prefix_override:/usr/lib/python3/dist-packages/colcon_core/task/python/colcon_distutils_commands:/home/ras4/nuc_ws/install/arm_pkg/lib/python3.10/site-packages:${PYTHONPATH} /usr/bin/python3 -W ignore:setup.py install is deprecated -W ignore:easy_install command is deprecated setup.py egg_info --egg-base ../../build/arm_pkg build --build-base /home/ras4/nuc_ws/build/arm_pkg/build install --record /home/ras4/nuc_ws/build/arm_pkg/install.log --single-version-externally-managed install_data
