[2.204s] Invoking command in '/home/robotec/ros2_ws/src/rover_launch_pkg': PYTHONPATH=/home/robotec/ros2_ws/build/rover_launch_pkg/prefix_override:/usr/lib/python3/dist-packages/colcon_core/task/python/colcon_distutils_commands:/home/robotec/ros2_ws/install/rover_launch_pkg/lib/python3.10/site-packages:${PYTHONPATH} /usr/bin/python3 -W ignore:setup.py install is deprecated -W ignore:easy_install command is deprecated setup.py egg_info --egg-base ../../build/rover_launch_pkg build --build-base /home/robotec/ros2_ws/build/rover_launch_pkg/build install --record /home/robotec/ros2_ws/build/rover_launch_pkg/install.log --single-version-externally-managed install_data
[2.763s] running egg_info
[2.765s] creating ../../build/rover_launch_pkg/rover_launch_pkg.egg-info
[2.765s] writing ../../build/rover_launch_pkg/rover_launch_pkg.egg-info/PKG-INFO
[2.765s] writing dependency_links to ../../build/rover_launch_pkg/rover_launch_pkg.egg-info/dependency_links.txt
[2.766s] writing entry points to ../../build/rover_launch_pkg/rover_launch_pkg.egg-info/entry_points.txt
[2.766s] writing requirements to ../../build/rover_launch_pkg/rover_launch_pkg.egg-info/requires.txt
[2.766s] writing top-level names to ../../build/rover_launch_pkg/rover_launch_pkg.egg-info/top_level.txt
[2.766s] writing manifest file '../../build/rover_launch_pkg/rover_launch_pkg.egg-info/SOURCES.txt'
[2.769s] reading manifest file '../../build/rover_launch_pkg/rover_launch_pkg.egg-info/SOURCES.txt'
[2.770s] writing manifest file '../../build/rover_launch_pkg/rover_launch_pkg.egg-info/SOURCES.txt'
[2.772s] running build
[2.772s] running build_py
[2.772s] creating /home/robotec/ros2_ws/build/rover_launch_pkg/build
[2.772s] creating /home/robotec/ros2_ws/build/rover_launch_pkg/build/lib
[2.772s] creating /home/robotec/ros2_ws/build/rover_launch_pkg/build/lib/rover_launch_pkg
[2.772s] copying rover_launch_pkg/__init__.py -> /home/robotec/ros2_ws/build/rover_launch_pkg/build/lib/rover_launch_pkg
[2.773s] running install
[2.773s] running install_lib
[2.773s] creating /home/robotec/ros2_ws/install/rover_launch_pkg/lib/python3.10/site-packages/rover_launch_pkg
[2.774s] copying /home/robotec/ros2_ws/build/rover_launch_pkg/build/lib/rover_launch_pkg/__init__.py -> /home/robotec/ros2_ws/install/rover_launch_pkg/lib/python3.10/site-packages/rover_launch_pkg
[2.774s] byte-compiling /home/robotec/ros2_ws/install/rover_launch_pkg/lib/python3.10/site-packages/rover_launch_pkg/__init__.py to __init__.cpython-310.pyc
[2.775s] running install_data
[2.775s] creating /home/robotec/ros2_ws/install/rover_launch_pkg/share/ament_index
[2.775s] creating /home/robotec/ros2_ws/install/rover_launch_pkg/share/ament_index/resource_index
[2.776s] creating /home/robotec/ros2_ws/install/rover_launch_pkg/share/ament_index/resource_index/packages
[2.776s] copying resource/rover_launch_pkg -> /home/robotec/ros2_ws/install/rover_launch_pkg/share/ament_index/resource_index/packages
[2.776s] copying package.xml -> /home/robotec/ros2_ws/install/rover_launch_pkg/share/rover_launch_pkg
[2.776s] running install_egg_info
[2.779s] Copying ../../build/rover_launch_pkg/rover_launch_pkg.egg-info to /home/robotec/ros2_ws/install/rover_launch_pkg/lib/python3.10/site-packages/rover_launch_pkg-0.0.0-py3.10.egg-info
[2.780s] running install_scripts
[2.817s] writing list of installed files to '/home/robotec/ros2_ws/build/rover_launch_pkg/install.log'
[2.883s] Invoked command in '/home/robotec/ros2_ws/src/rover_launch_pkg' returned '0': PYTHONPATH=/home/robotec/ros2_ws/build/rover_launch_pkg/prefix_override:/usr/lib/python3/dist-packages/colcon_core/task/python/colcon_distutils_commands:/home/robotec/ros2_ws/install/rover_launch_pkg/lib/python3.10/site-packages:${PYTHONPATH} /usr/bin/python3 -W ignore:setup.py install is deprecated -W ignore:easy_install command is deprecated setup.py egg_info --egg-base ../../build/rover_launch_pkg build --build-base /home/robotec/ros2_ws/build/rover_launch_pkg/build install --record /home/robotec/ros2_ws/build/rover_launch_pkg/install.log --single-version-externally-managed install_data
