[3.090s] Invoking command in '/home/robotec/ros2_ws/build/camera_pkg': PYTHONPATH=/home/robotec/ros2_ws/build/camera_pkg/prefix_override:/usr/lib/python3/dist-packages/colcon_core/task/python/colcon_distutils_commands:/home/robotec/ros2_ws/install/camera_pkg/lib/python3.10/site-packages:${PYTHONPATH} /usr/bin/python3 -W ignore:setup.py install is deprecated -W ignore:easy_install command is deprecated setup.py develop --editable --build-directory /home/robotec/ros2_ws/build/camera_pkg/build --no-deps symlink_data
[3.821s] /usr/lib/python3/dist-packages/setuptools/dist.py:723: UserWarning: Usage of dash-separated 'description-file' will not be supported in future versions. Please use the underscore name 'description_file' instead
[3.821s]   warnings.warn(
[3.884s] running develop
[4.343s] running egg_info
[4.343s] writing camera_pkg.egg-info/PKG-INFO
[4.343s] writing dependency_links to camera_pkg.egg-info/dependency_links.txt
[4.344s] writing entry points to camera_pkg.egg-info/entry_points.txt
[4.344s] writing requirements to camera_pkg.egg-info/requires.txt
[4.344s] writing top-level names to camera_pkg.egg-info/top_level.txt
[4.347s] reading manifest file 'camera_pkg.egg-info/SOURCES.txt'
[4.350s] writing manifest file 'camera_pkg.egg-info/SOURCES.txt'
[4.352s] running build_ext
[4.353s] Creating /home/robotec/ros2_ws/install/camera_pkg/lib/python3.10/site-packages/camera-pkg.egg-link (link to .)
[4.354s] Installing framepublisher script to /home/robotec/ros2_ws/install/camera_pkg/lib/camera_pkg
[4.355s] Installing pixel_to_point3d script to /home/robotec/ros2_ws/install/camera_pkg/lib/camera_pkg
[4.355s] 
[4.355s] Installed /home/robotec/ros2_ws/build/camera_pkg
[4.355s] running symlink_data
[4.440s] Invoked command in '/home/robotec/ros2_ws/build/camera_pkg' returned '0': PYTHONPATH=/home/robotec/ros2_ws/build/camera_pkg/prefix_override:/usr/lib/python3/dist-packages/colcon_core/task/python/colcon_distutils_commands:/home/robotec/ros2_ws/install/camera_pkg/lib/python3.10/site-packages:${PYTHONPATH} /usr/bin/python3 -W ignore:setup.py install is deprecated -W ignore:easy_install command is deprecated setup.py develop --editable --build-directory /home/robotec/ros2_ws/build/camera_pkg/build --no-deps symlink_data
