[6.425s] Invoking command in '/home/ras4/nuc_ws/src/arm_pkg': PYTHONPATH=/home/ras4/nuc_ws/build/arm_pkg/prefix_override:/usr/lib/python3/dist-packages/colcon_core/task/python/colcon_distutils_commands:/home/ras4/nuc_ws/install/arm_pkg/lib/python3.10/site-packages:${PYTHONPATH} /usr/bin/python3 -W ignore:setup.py install is deprecated -W ignore:easy_install command is deprecated setup.py egg_info --egg-base ../../build/arm_pkg build --build-base /home/ras4/nuc_ws/build/arm_pkg/build install --record /home/ras4/nuc_ws/build/arm_pkg/install.log --single-version-externally-managed install_data
[8.251s] running egg_info
[8.264s] writing ../../build/arm_pkg/arm_pkg.egg-info/PKG-INFO
[8.271s] writing dependency_links to ../../build/arm_pkg/arm_pkg.egg-info/dependency_links.txt
[8.276s] writing entry points to ../../build/arm_pkg/arm_pkg.egg-info/entry_points.txt
[8.280s] writing requirements to ../../build/arm_pkg/arm_pkg.egg-info/requires.txt
[8.293s] writing top-level names to ../../build/arm_pkg/arm_pkg.egg-info/top_level.txt
[8.327s] reading manifest file '../../build/arm_pkg/arm_pkg.egg-info/SOURCES.txt'
[8.339s] writing manifest file '../../build/arm_pkg/arm_pkg.egg-info/SOURCES.txt'
[8.341s] running build
[8.342s] running build_py
[8.372s] running install
[8.374s] running install_lib
[8.391s] running install_data
[8.410s] running install_egg_info
[8.420s] removing '/home/ras4/nuc_ws/install/arm_pkg/lib/python3.10/site-packages/arm_pkg-0.0.0-py3.10.egg-info' (and everything under it)
[8.423s] Copying ../../build/arm_pkg/arm_pkg.egg-info to /home/ras4/nuc_ws/install/arm_pkg/lib/python3.10/site-packages/arm_pkg-0.0.0-py3.10.egg-info
[8.443s] running install_scripts
[8.568s] Installing clicked_point_subscriber script to /home/ras4/nuc_ws/install/arm_pkg/lib/arm_pkg
[8.578s] writing list of installed files to '/home/ras4/nuc_ws/build/arm_pkg/install.log'
[8.906s] Invoked command in '/home/ras4/nuc_ws/src/arm_pkg' returned '0': PYTHONPATH=/home/ras4/nuc_ws/build/arm_pkg/prefix_override:/usr/lib/python3/dist-packages/colcon_core/task/python/colcon_distutils_commands:/home/ras4/nuc_ws/install/arm_pkg/lib/python3.10/site-packages:${PYTHONPATH} /usr/bin/python3 -W ignore:setup.py install is deprecated -W ignore:easy_install command is deprecated setup.py egg_info --egg-base ../../build/arm_pkg build --build-base /home/ras4/nuc_ws/build/arm_pkg/build install --record /home/ras4/nuc_ws/build/arm_pkg/install.log --single-version-externally-managed install_data
