[1.667s] Invoking command in '/home/robotec/ros2_ws/src/camera_pkg': PYTHONPATH=/home/robotec/ros2_ws/build/camera_pkg/prefix_override:/usr/lib/python3/dist-packages/colcon_core/task/python/colcon_distutils_commands:/home/robotec/ros2_ws/install/camera_pkg/lib/python3.10/site-packages:${PYTHONPATH} /usr/bin/python3 -W ignore:setup.py install is deprecated -W ignore:easy_install command is deprecated setup.py egg_info --egg-base ../../build/camera_pkg build --build-base /home/robotec/ros2_ws/build/camera_pkg/build install --record /home/robotec/ros2_ws/build/camera_pkg/install.log --single-version-externally-managed install_data
[2.188s] /usr/lib/python3/dist-packages/setuptools/dist.py:723: UserWarning: Usage of dash-separated 'description-file' will not be supported in future versions. Please use the underscore name 'description_file' instead
[2.189s]   warnings.warn(
[2.211s] running egg_info
[2.212s] writing ../../build/camera_pkg/camera_pkg.egg-info/PKG-INFO
[2.213s] writing dependency_links to ../../build/camera_pkg/camera_pkg.egg-info/dependency_links.txt
[2.214s] writing entry points to ../../build/camera_pkg/camera_pkg.egg-info/entry_points.txt
[2.214s] writing requirements to ../../build/camera_pkg/camera_pkg.egg-info/requires.txt
[2.214s] writing top-level names to ../../build/camera_pkg/camera_pkg.egg-info/top_level.txt
[2.218s] reading manifest file '../../build/camera_pkg/camera_pkg.egg-info/SOURCES.txt'
[2.220s] writing manifest file '../../build/camera_pkg/camera_pkg.egg-info/SOURCES.txt'
[2.221s] running build
[2.221s] running build_py
[2.223s] running install
[2.223s] running install_lib
[2.226s] running install_data
[2.230s] running install_egg_info
[2.236s] removing '/home/robotec/ros2_ws/install/camera_pkg/lib/python3.10/site-packages/camera_pkg-0.1.0-py3.10.egg-info' (and everything under it)
[2.238s] Copying ../../build/camera_pkg/camera_pkg.egg-info to /home/robotec/ros2_ws/install/camera_pkg/lib/python3.10/site-packages/camera_pkg-0.1.0-py3.10.egg-info
[2.240s] running install_scripts
[2.280s] Installing framepublisher script to /home/robotec/ros2_ws/install/camera_pkg/lib/camera_pkg
[2.281s] Installing pixel_to_point3d script to /home/robotec/ros2_ws/install/camera_pkg/lib/camera_pkg
[2.282s] writing list of installed files to '/home/robotec/ros2_ws/build/camera_pkg/install.log'
[2.486s] Invoked command in '/home/robotec/ros2_ws/src/camera_pkg' returned '0': PYTHONPATH=/home/robotec/ros2_ws/build/camera_pkg/prefix_override:/usr/lib/python3/dist-packages/colcon_core/task/python/colcon_distutils_commands:/home/robotec/ros2_ws/install/camera_pkg/lib/python3.10/site-packages:${PYTHONPATH} /usr/bin/python3 -W ignore:setup.py install is deprecated -W ignore:easy_install command is deprecated setup.py egg_info --egg-base ../../build/camera_pkg build --build-base /home/robotec/ros2_ws/build/camera_pkg/build install --record /home/robotec/ros2_ws/build/camera_pkg/install.log --single-version-externally-managed install_data
