[0.024s] Invoking command in '/home/robotec/ros2_ws/build/odometry': /usr/bin/cmake /home/robotec/ros2_ws/src/odometry -DCMAKE_INSTALL_PREFIX=/home/robotec/ros2_ws/install/odometry
[0.192s] -- The C compiler identification is GNU 11.4.0
[0.342s] -- The CXX compiler identification is GNU 11.4.0
[0.351s] -- Detecting C compiler ABI info
[0.456s] -- Detecting C compiler ABI info - done
[0.464s] -- Check for working C compiler: /usr/bin/cc - skipped
[0.465s] -- Detecting C compile features
[0.466s] -- Detecting C compile features - done
[0.469s] -- Detecting CXX compiler ABI info
[0.562s] -- Detecting CXX compiler ABI info - done
[0.577s] -- Check for working CXX compiler: /usr/bin/c++ - skipped
[0.577s] -- Detecting CXX compile features
[0.578s] -- Detecting CXX compile features - done
[0.584s] -- Found ament_cmake: 1.3.11 (/opt/ros/humble/share/ament_cmake/cmake)
[0.748s] -- Found Python3: /usr/bin/python3 (found version "3.10.12") found components: Interpreter 
[0.854s] -- Found rclpy: 3.3.16 (/opt/ros/humble/share/rclpy/cmake)
[0.911s] Error parsing '/home/robotec/ros2_ws/src/odometry/package.xml':
[0.968s] Traceback (most recent call last):
[0.968s]   File "/opt/ros/humble/share/ament_cmake_core/cmake/core/package_xml_2_cmake.py", line 150, in <module>
[0.968s]     main()
[0.969s]   File "/opt/ros/humble/share/ament_cmake_core/cmake/core/package_xml_2_cmake.py", line 53, in main
[0.969s]     raise e
[0.969s]   File "/opt/ros/humble/share/ament_cmake_core/cmake/core/package_xml_2_cmake.py", line 49, in main
[0.969s]     package = parse_package_string(
[0.969s]   File "/usr/lib/python3/dist-packages/catkin_pkg/package.py", line 788, in parse_package_string
[0.969s]     pkg.validate(warnings=warnings)
[0.969s]   File "/usr/lib/python3/dist-packages/catkin_pkg/package.py", line 330, in validate
[0.970s]     raise InvalidPackage('\n'.join(errors), self.filename)
[0.970s] catkin_pkg.package.InvalidPackage: Error(s) in package '/home/robotec/ros2_ws/src/odometry/package.xml':
[0.970s] The package "odometry" must not "build_depend" on a package with the same name as this package
[0.970s] The package "odometry" must not "build_export_depend" on a package with the same name as this package
[0.970s] The package "odometry" must not "exec_depend" on a package with the same name as this package
[0.991s] [31mCMake Error at /opt/ros/humble/share/ament_cmake_core/cmake/core/ament_package_xml.cmake:95 (message):
[0.991s]   execute_process(/usr/bin/python3
[0.992s]   /opt/ros/humble/share/ament_cmake_core/cmake/core/package_xml_2_cmake.py
[0.992s]   /home/robotec/ros2_ws/src/odometry/package.xml
[0.992s]   /home/robotec/ros2_ws/build/odometry/ament_cmake_core/package.cmake)
[0.992s]   returned error code 1
[0.992s] Call Stack (most recent call first):
[0.992s]   /opt/ros/humble/share/ament_cmake_core/cmake/core/ament_package_xml.cmake:49 (_ament_package_xml)
[0.992s]   /opt/ros/humble/share/ament_cmake_core/cmake/core/ament_package.cmake:63 (ament_package_xml)
[0.992s]   CMakeLists.txt:22 (ament_package)
[0.993s] 
[0.993s] [0m
[0.993s] -- Configuring incomplete, errors occurred!
[0.993s] See also "/home/robotec/ros2_ws/build/odometry/CMakeFiles/CMakeOutput.log".
[0.996s] Invoked command in '/home/robotec/ros2_ws/build/odometry' returned '1': /usr/bin/cmake /home/robotec/ros2_ws/src/odometry -DCMAKE_INSTALL_PREFIX=/home/robotec/ros2_ws/install/odometry
