[1.335s] Invoking command in '/home/robotec/ros2_ws/src/camera_pkg': PYTHONPATH=/home/robotec/ros2_ws/build/camera_pkg/prefix_override:/usr/lib/python3/dist-packages/colcon_core/task/python/colcon_distutils_commands:/home/robotec/ros2_ws/install/camera_pkg/lib/python3.10/site-packages:${PYTHONPATH} /usr/bin/python3 -W ignore:setup.py install is deprecated -W ignore:easy_install command is deprecated setup.py egg_info --egg-base ../../build/camera_pkg build --build-base /home/robotec/ros2_ws/build/camera_pkg/build install --record /home/robotec/ros2_ws/build/camera_pkg/install.log --single-version-externally-managed install_data
[1.823s] running egg_info
[1.824s] creating ../../build/camera_pkg/camera_pkg.egg-info
[1.824s] writing ../../build/camera_pkg/camera_pkg.egg-info/PKG-INFO
[1.825s] writing dependency_links to ../../build/camera_pkg/camera_pkg.egg-info/dependency_links.txt
[1.826s] writing entry points to ../../build/camera_pkg/camera_pkg.egg-info/entry_points.txt
[1.826s] writing requirements to ../../build/camera_pkg/camera_pkg.egg-info/requires.txt
[1.829s] writing top-level names to ../../build/camera_pkg/camera_pkg.egg-info/top_level.txt
[1.831s] writing manifest file '../../build/camera_pkg/camera_pkg.egg-info/SOURCES.txt'
[1.833s] reading manifest file '../../build/camera_pkg/camera_pkg.egg-info/SOURCES.txt'
[1.835s] writing manifest file '../../build/camera_pkg/camera_pkg.egg-info/SOURCES.txt'
[1.836s] running build
[1.836s] running build_py
[1.836s] creating /home/robotec/ros2_ws/build/camera_pkg/build
[1.837s] creating /home/robotec/ros2_ws/build/camera_pkg/build/lib
[1.837s] creating /home/robotec/ros2_ws/build/camera_pkg/build/lib/camera_pkg
[1.837s] copying camera_pkg/__init__.py -> /home/robotec/ros2_ws/build/camera_pkg/build/lib/camera_pkg
[1.838s] running install
[1.839s] running install_lib
[1.841s] creating /home/robotec/ros2_ws/install/camera_pkg/lib/python3.10/site-packages/camera_pkg
[1.842s] copying /home/robotec/ros2_ws/build/camera_pkg/build/lib/camera_pkg/__init__.py -> /home/robotec/ros2_ws/install/camera_pkg/lib/python3.10/site-packages/camera_pkg
[1.843s] byte-compiling /home/robotec/ros2_ws/install/camera_pkg/lib/python3.10/site-packages/camera_pkg/__init__.py to __init__.cpython-310.pyc
[1.844s] running install_data
[1.844s] creating /home/robotec/ros2_ws/install/camera_pkg/share/ament_index
[1.845s] creating /home/robotec/ros2_ws/install/camera_pkg/share/ament_index/resource_index
[1.845s] creating /home/robotec/ros2_ws/install/camera_pkg/share/ament_index/resource_index/packages
[1.846s] copying resource/camera_pkg -> /home/robotec/ros2_ws/install/camera_pkg/share/ament_index/resource_index/packages
[1.846s] copying package.xml -> /home/robotec/ros2_ws/install/camera_pkg/share/camera_pkg
[1.847s] running install_egg_info
[1.850s] Copying ../../build/camera_pkg/camera_pkg.egg-info to /home/robotec/ros2_ws/install/camera_pkg/lib/python3.10/site-packages/camera_pkg-0.0.0-py3.10.egg-info
[1.853s] running install_scripts
[1.892s] writing list of installed files to '/home/robotec/ros2_ws/build/camera_pkg/install.log'
[1.954s] Invoked command in '/home/robotec/ros2_ws/src/camera_pkg' returned '0': PYTHONPATH=/home/robotec/ros2_ws/build/camera_pkg/prefix_override:/usr/lib/python3/dist-packages/colcon_core/task/python/colcon_distutils_commands:/home/robotec/ros2_ws/install/camera_pkg/lib/python3.10/site-packages:${PYTHONPATH} /usr/bin/python3 -W ignore:setup.py install is deprecated -W ignore:easy_install command is deprecated setup.py egg_info --egg-base ../../build/camera_pkg build --build-base /home/robotec/ros2_ws/build/camera_pkg/build install --record /home/robotec/ros2_ws/build/camera_pkg/install.log --single-version-externally-managed install_data
