[1.181s] DEBUG:colcon:Command line arguments: ['/usr/bin/colcon', 'build', '--executor', 'sequential']
[1.182s] DEBUG:colcon:Parsed command line arguments: Namespace(log_base=None, log_level=None, verb_name='build', build_base='build', install_base='install', merge_install=False, symlink_install=False, test_result_base=None, continue_on_error=False, executor='sequential', parallel_workers=4, event_handlers=None, ignore_user_meta=False, metas=['./colcon.meta'], base_paths=['.'], packages_ignore=None, packages_ignore_regex=None, paths=None, packages_up_to=None, packages_up_to_regex=None, packages_above=None, packages_above_and_dependencies=None, packages_above_depth=None, packages_select_by_dep=None, packages_skip_by_dep=None, packages_skip_up_to=None, packages_select_build_failed=False, packages_skip_build_finished=False, packages_select_test_failures=False, packages_skip_test_passed=False, packages_select=None, packages_skip=None, packages_select_regex=None, packages_skip_regex=None, packages_start=None, packages_end=None, allow_overriding=[], cmake_args=None, cmake_target=None, cmake_target_skip_unavailable=False, cmake_clean_cache=False, cmake_clean_first=False, cmake_force_configure=False, ament_cmake_args=None, catkin_cmake_args=None, catkin_skip_building_tests=False, verb_parser=<colcon_defaults.argument_parser.defaults.DefaultArgumentsDecorator object at 0xffffb1551300>, verb_extension=<colcon_core.verb.build.BuildVerb object at 0xffffb16ea770>, main=<bound method BuildVerb.main of <colcon_core.verb.build.BuildVerb object at 0xffffb16ea770>>)
[2.416s] Level 1:colcon.colcon_core.package_discovery:discover_packages(colcon_meta) check parameters
[2.416s] Level 1:colcon.colcon_core.package_discovery:discover_packages(recursive) check parameters
[2.416s] Level 1:colcon.colcon_core.package_discovery:discover_packages(ignore) check parameters
[2.417s] Level 1:colcon.colcon_core.package_discovery:discover_packages(path) check parameters
[2.417s] Level 1:colcon.colcon_core.package_discovery:discover_packages(colcon_meta) discover
[2.417s] Level 1:colcon.colcon_core.package_discovery:discover_packages(recursive) discover
[2.417s] INFO:colcon.colcon_core.package_discovery:Crawling recursively for packages in '/home/ras4/nuc_ws/src'
[2.418s] Level 1:colcon.colcon_core.package_identification:_identify(.) by extensions ['ignore', 'ignore_ament_install']
[2.418s] Level 1:colcon.colcon_core.package_identification:_identify(.) by extension 'ignore'
[2.419s] Level 1:colcon.colcon_core.package_identification:_identify(.) by extension 'ignore_ament_install'
[2.419s] Level 1:colcon.colcon_core.package_identification:_identify(.) by extensions ['colcon_pkg']
[2.419s] Level 1:colcon.colcon_core.package_identification:_identify(.) by extension 'colcon_pkg'
[2.420s] Level 1:colcon.colcon_core.package_identification:_identify(.) by extensions ['colcon_meta']
[2.420s] Level 1:colcon.colcon_core.package_identification:_identify(.) by extension 'colcon_meta'
[2.420s] Level 1:colcon.colcon_core.package_identification:_identify(.) by extensions ['ros']
[2.420s] Level 1:colcon.colcon_core.package_identification:_identify(.) by extension 'ros'
[2.500s] Level 1:colcon.colcon_core.package_identification:_identify(.) by extensions ['cmake', 'python']
[2.501s] Level 1:colcon.colcon_core.package_identification:_identify(.) by extension 'cmake'
[2.501s] Level 1:colcon.colcon_core.package_identification:_identify(.) by extension 'python'
[2.501s] Level 1:colcon.colcon_core.package_identification:_identify(.) by extensions ['python_setup_py']
[2.502s] Level 1:colcon.colcon_core.package_identification:_identify(.) by extension 'python_setup_py'
[2.503s] Level 1:colcon.colcon_core.package_identification:_identify(arm_pkg) by extensions ['ignore', 'ignore_ament_install']
[2.504s] Level 1:colcon.colcon_core.package_identification:_identify(arm_pkg) by extension 'ignore'
[2.504s] Level 1:colcon.colcon_core.package_identification:_identify(arm_pkg) by extension 'ignore_ament_install'
[2.504s] Level 1:colcon.colcon_core.package_identification:_identify(arm_pkg) by extensions ['colcon_pkg']
[2.505s] Level 1:colcon.colcon_core.package_identification:_identify(arm_pkg) by extension 'colcon_pkg'
[2.505s] Level 1:colcon.colcon_core.package_identification:_identify(arm_pkg) by extensions ['colcon_meta']
[2.505s] Level 1:colcon.colcon_core.package_identification:_identify(arm_pkg) by extension 'colcon_meta'
[2.505s] Level 1:colcon.colcon_core.package_identification:_identify(arm_pkg) by extensions ['ros']
[2.505s] Level 1:colcon.colcon_core.package_identification:_identify(arm_pkg) by extension 'ros'
[2.518s] DEBUG:colcon.colcon_core.package_identification:Package 'arm_pkg' with type 'ros.ament_python' and name 'arm_pkg'
[2.519s] Level 1:colcon.colcon_core.package_identification:_identify(build) by extensions ['ignore', 'ignore_ament_install']
[2.520s] Level 1:colcon.colcon_core.package_identification:_identify(build) by extension 'ignore'
[2.520s] Level 1:colcon.colcon_core.package_identification:_identify(build) ignored
[2.521s] Level 1:colcon.colcon_core.package_identification:_identify(camera_pkg) by extensions ['ignore', 'ignore_ament_install']
[2.521s] Level 1:colcon.colcon_core.package_identification:_identify(camera_pkg) by extension 'ignore'
[2.522s] Level 1:colcon.colcon_core.package_identification:_identify(camera_pkg) by extension 'ignore_ament_install'
[2.522s] Level 1:colcon.colcon_core.package_identification:_identify(camera_pkg) by extensions ['colcon_pkg']
[2.522s] Level 1:colcon.colcon_core.package_identification:_identify(camera_pkg) by extension 'colcon_pkg'
[2.522s] Level 1:colcon.colcon_core.package_identification:_identify(camera_pkg) by extensions ['colcon_meta']
[2.522s] Level 1:colcon.colcon_core.package_identification:_identify(camera_pkg) by extension 'colcon_meta'
[2.523s] Level 1:colcon.colcon_core.package_identification:_identify(camera_pkg) by extensions ['ros']
[2.523s] Level 1:colcon.colcon_core.package_identification:_identify(camera_pkg) by extension 'ros'
[2.529s] DEBUG:colcon.colcon_core.package_identification:Package 'camera_pkg' with type 'ros.ament_python' and name 'camera_pkg'
[2.530s] Level 1:colcon.colcon_core.package_identification:_identify(install) by extensions ['ignore', 'ignore_ament_install']
[2.531s] Level 1:colcon.colcon_core.package_identification:_identify(install) by extension 'ignore'
[2.531s] Level 1:colcon.colcon_core.package_identification:_identify(install) ignored
[2.532s] Level 1:colcon.colcon_core.package_identification:_identify(libuvc) by extensions ['ignore', 'ignore_ament_install']
[2.532s] Level 1:colcon.colcon_core.package_identification:_identify(libuvc) by extension 'ignore'
[2.532s] Level 1:colcon.colcon_core.package_identification:_identify(libuvc) by extension 'ignore_ament_install'
[2.533s] Level 1:colcon.colcon_core.package_identification:_identify(libuvc) by extensions ['colcon_pkg']
[2.533s] Level 1:colcon.colcon_core.package_identification:_identify(libuvc) by extension 'colcon_pkg'
[2.533s] Level 1:colcon.colcon_core.package_identification:_identify(libuvc) by extensions ['colcon_meta']
[2.533s] Level 1:colcon.colcon_core.package_identification:_identify(libuvc) by extension 'colcon_meta'
[2.533s] Level 1:colcon.colcon_core.package_identification:_identify(libuvc) by extensions ['ros']
[2.533s] Level 1:colcon.colcon_core.package_identification:_identify(libuvc) by extension 'ros'
[2.534s] Level 1:colcon.colcon_core.package_identification:_identify(libuvc) by extensions ['cmake', 'python']
[2.534s] Level 1:colcon.colcon_core.package_identification:_identify(libuvc) by extension 'cmake'
[2.534s] Level 1:colcon.colcon_core.package_identification:_identify(libuvc) by extension 'python'
[2.534s] Level 1:colcon.colcon_core.package_identification:_identify(libuvc) by extensions ['python_setup_py']
[2.534s] Level 1:colcon.colcon_core.package_identification:_identify(libuvc) by extension 'python_setup_py'
[2.535s] Level 1:colcon.colcon_core.package_identification:_identify(log) by extensions ['ignore', 'ignore_ament_install']
[2.535s] Level 1:colcon.colcon_core.package_identification:_identify(log) by extension 'ignore'
[2.536s] Level 1:colcon.colcon_core.package_identification:_identify(log) ignored
[2.536s] Level 1:colcon.colcon_core.package_identification:_identify(odometry_pkg) by extensions ['ignore', 'ignore_ament_install']
[2.537s] Level 1:colcon.colcon_core.package_identification:_identify(odometry_pkg) by extension 'ignore'
[2.537s] Level 1:colcon.colcon_core.package_identification:_identify(odometry_pkg) by extension 'ignore_ament_install'
[2.537s] Level 1:colcon.colcon_core.package_identification:_identify(odometry_pkg) by extensions ['colcon_pkg']
[2.537s] Level 1:colcon.colcon_core.package_identification:_identify(odometry_pkg) by extension 'colcon_pkg'
[2.538s] Level 1:colcon.colcon_core.package_identification:_identify(odometry_pkg) by extensions ['colcon_meta']
[2.538s] Level 1:colcon.colcon_core.package_identification:_identify(odometry_pkg) by extension 'colcon_meta'
[2.538s] Level 1:colcon.colcon_core.package_identification:_identify(odometry_pkg) by extensions ['ros']
[2.538s] Level 1:colcon.colcon_core.package_identification:_identify(odometry_pkg) by extension 'ros'
[2.543s] DEBUG:colcon.colcon_core.package_identification:Package 'odometry_pkg' with type 'ros.ament_python' and name 'odometry_pkg'
[2.544s] Level 1:colcon.colcon_core.package_identification:_identify(ros2_astra_camera) by extensions ['ignore', 'ignore_ament_install']
[2.544s] Level 1:colcon.colcon_core.package_identification:_identify(ros2_astra_camera) by extension 'ignore'
[2.545s] Level 1:colcon.colcon_core.package_identification:_identify(ros2_astra_camera) by extension 'ignore_ament_install'
[2.545s] Level 1:colcon.colcon_core.package_identification:_identify(ros2_astra_camera) by extensions ['colcon_pkg']
[2.545s] Level 1:colcon.colcon_core.package_identification:_identify(ros2_astra_camera) by extension 'colcon_pkg'
[2.545s] Level 1:colcon.colcon_core.package_identification:_identify(ros2_astra_camera) by extensions ['colcon_meta']
[2.546s] Level 1:colcon.colcon_core.package_identification:_identify(ros2_astra_camera) by extension 'colcon_meta'
[2.546s] Level 1:colcon.colcon_core.package_identification:_identify(ros2_astra_camera) by extensions ['ros']
[2.546s] Level 1:colcon.colcon_core.package_identification:_identify(ros2_astra_camera) by extension 'ros'
[2.546s] Level 1:colcon.colcon_core.package_identification:_identify(ros2_astra_camera) by extensions ['cmake', 'python']
[2.546s] Level 1:colcon.colcon_core.package_identification:_identify(ros2_astra_camera) by extension 'cmake'
[2.547s] Level 1:colcon.colcon_core.package_identification:_identify(ros2_astra_camera) by extension 'python'
[2.547s] Level 1:colcon.colcon_core.package_identification:_identify(ros2_astra_camera) by extensions ['python_setup_py']
[2.547s] Level 1:colcon.colcon_core.package_identification:_identify(ros2_astra_camera) by extension 'python_setup_py'
[2.548s] Level 1:colcon.colcon_core.package_identification:_identify(ros2_astra_camera/astra_camera) by extensions ['ignore', 'ignore_ament_install']
[2.548s] Level 1:colcon.colcon_core.package_identification:_identify(ros2_astra_camera/astra_camera) by extension 'ignore'
[2.549s] Level 1:colcon.colcon_core.package_identification:_identify(ros2_astra_camera/astra_camera) by extension 'ignore_ament_install'
[2.549s] Level 1:colcon.colcon_core.package_identification:_identify(ros2_astra_camera/astra_camera) by extensions ['colcon_pkg']
[2.549s] Level 1:colcon.colcon_core.package_identification:_identify(ros2_astra_camera/astra_camera) by extension 'colcon_pkg'
[2.549s] Level 1:colcon.colcon_core.package_identification:_identify(ros2_astra_camera/astra_camera) by extensions ['colcon_meta']
[2.549s] Level 1:colcon.colcon_core.package_identification:_identify(ros2_astra_camera/astra_camera) by extension 'colcon_meta'
[2.550s] Level 1:colcon.colcon_core.package_identification:_identify(ros2_astra_camera/astra_camera) by extensions ['ros']
[2.550s] Level 1:colcon.colcon_core.package_identification:_identify(ros2_astra_camera/astra_camera) by extension 'ros'
[2.559s] DEBUG:colcon.colcon_core.package_identification:Package 'ros2_astra_camera/astra_camera' with type 'ros.ament_cmake' and name 'astra_camera'
[2.560s] Level 1:colcon.colcon_core.package_identification:_identify(ros2_astra_camera/astra_camera_msgs) by extensions ['ignore', 'ignore_ament_install']
[2.561s] Level 1:colcon.colcon_core.package_identification:_identify(ros2_astra_camera/astra_camera_msgs) by extension 'ignore'
[2.561s] Level 1:colcon.colcon_core.package_identification:_identify(ros2_astra_camera/astra_camera_msgs) by extension 'ignore_ament_install'
[2.561s] Level 1:colcon.colcon_core.package_identification:_identify(ros2_astra_camera/astra_camera_msgs) by extensions ['colcon_pkg']
[2.561s] Level 1:colcon.colcon_core.package_identification:_identify(ros2_astra_camera/astra_camera_msgs) by extension 'colcon_pkg'
[2.562s] Level 1:colcon.colcon_core.package_identification:_identify(ros2_astra_camera/astra_camera_msgs) by extensions ['colcon_meta']
[2.562s] Level 1:colcon.colcon_core.package_identification:_identify(ros2_astra_camera/astra_camera_msgs) by extension 'colcon_meta'
[2.562s] Level 1:colcon.colcon_core.package_identification:_identify(ros2_astra_camera/astra_camera_msgs) by extensions ['ros']
[2.562s] Level 1:colcon.colcon_core.package_identification:_identify(ros2_astra_camera/astra_camera_msgs) by extension 'ros'
[2.565s] DEBUG:colcon.colcon_core.package_identification:Package 'ros2_astra_camera/astra_camera_msgs' with type 'ros.ament_cmake' and name 'astra_camera_msgs'
[2.566s] Level 1:colcon.colcon_core.package_identification:_identify(sllidar_ros2) by extensions ['ignore', 'ignore_ament_install']
[2.567s] Level 1:colcon.colcon_core.package_identification:_identify(sllidar_ros2) by extension 'ignore'
[2.567s] Level 1:colcon.colcon_core.package_identification:_identify(sllidar_ros2) by extension 'ignore_ament_install'
[2.567s] Level 1:colcon.colcon_core.package_identification:_identify(sllidar_ros2) by extensions ['colcon_pkg']
[2.567s] Level 1:colcon.colcon_core.package_identification:_identify(sllidar_ros2) by extension 'colcon_pkg'
[2.568s] Level 1:colcon.colcon_core.package_identification:_identify(sllidar_ros2) by extensions ['colcon_meta']
[2.568s] Level 1:colcon.colcon_core.package_identification:_identify(sllidar_ros2) by extension 'colcon_meta'
[2.568s] Level 1:colcon.colcon_core.package_identification:_identify(sllidar_ros2) by extensions ['ros']
[2.568s] Level 1:colcon.colcon_core.package_identification:_identify(sllidar_ros2) by extension 'ros'
[2.575s] DEBUG:colcon.colcon_core.package_identification:Package 'sllidar_ros2' with type 'ros.ament_cmake' and name 'sllidar_ros2'
[2.577s] Level 1:colcon.colcon_core.package_identification:_identify(xbox_control_pkg) by extensions ['ignore', 'ignore_ament_install']
[2.577s] Level 1:colcon.colcon_core.package_identification:_identify(xbox_control_pkg) by extension 'ignore'
[2.577s] Level 1:colcon.colcon_core.package_identification:_identify(xbox_control_pkg) by extension 'ignore_ament_install'
[2.578s] Level 1:colcon.colcon_core.package_identification:_identify(xbox_control_pkg) by extensions ['colcon_pkg']
[2.578s] Level 1:colcon.colcon_core.package_identification:_identify(xbox_control_pkg) by extension 'colcon_pkg'
[2.578s] Level 1:colcon.colcon_core.package_identification:_identify(xbox_control_pkg) by extensions ['colcon_meta']
[2.578s] Level 1:colcon.colcon_core.package_identification:_identify(xbox_control_pkg) by extension 'colcon_meta'
[2.578s] Level 1:colcon.colcon_core.package_identification:_identify(xbox_control_pkg) by extensions ['ros']
[2.579s] Level 1:colcon.colcon_core.package_identification:_identify(xbox_control_pkg) by extension 'ros'
[2.583s] DEBUG:colcon.colcon_core.package_identification:Package 'xbox_control_pkg' with type 'ros.ament_python' and name 'xbox_control_pkg'
[2.583s] Level 1:colcon.colcon_core.package_discovery:discover_packages(recursive) using defaults
[2.584s] Level 1:colcon.colcon_core.package_discovery:discover_packages(ignore) discover
[2.584s] Level 1:colcon.colcon_core.package_discovery:discover_packages(ignore) using defaults
[2.584s] Level 1:colcon.colcon_core.package_discovery:discover_packages(path) discover
[2.584s] Level 1:colcon.colcon_core.package_discovery:discover_packages(path) using defaults
[2.737s] Level 1:colcon.colcon_core.package_discovery:discover_packages(prefix_path) check parameters
[2.738s] Level 1:colcon.colcon_core.package_discovery:discover_packages(prefix_path) discover
[2.755s] DEBUG:colcon.colcon_installed_package_information.package_discovery:Found 7 installed packages in /home/ras4/nuc_ws/install
[2.759s] DEBUG:colcon.colcon_installed_package_information.package_discovery:Found 6 installed packages in /home/ras4/nuc_ws/src/install
[2.770s] DEBUG:colcon.colcon_installed_package_information.package_discovery:Found 276 installed packages in /opt/ros/humble
[2.813s] Level 1:colcon.colcon_core.package_discovery:discover_packages(prefix_path) using defaults
[3.000s] Level 5:colcon.colcon_core.verb:set package 'arm_pkg' build argument 'cmake_args' from command line to 'None'
[3.001s] Level 5:colcon.colcon_core.verb:set package 'arm_pkg' build argument 'cmake_target' from command line to 'None'
[3.001s] Level 5:colcon.colcon_core.verb:set package 'arm_pkg' build argument 'cmake_target_skip_unavailable' from command line to 'False'
[3.001s] Level 5:colcon.colcon_core.verb:set package 'arm_pkg' build argument 'cmake_clean_cache' from command line to 'False'
[3.001s] Level 5:colcon.colcon_core.verb:set package 'arm_pkg' build argument 'cmake_clean_first' from command line to 'False'
[3.001s] Level 5:colcon.colcon_core.verb:set package 'arm_pkg' build argument 'cmake_force_configure' from command line to 'False'
[3.001s] Level 5:colcon.colcon_core.verb:set package 'arm_pkg' build argument 'ament_cmake_args' from command line to 'None'
[3.001s] Level 5:colcon.colcon_core.verb:set package 'arm_pkg' build argument 'catkin_cmake_args' from command line to 'None'
[3.001s] Level 5:colcon.colcon_core.verb:set package 'arm_pkg' build argument 'catkin_skip_building_tests' from command line to 'False'
[3.002s] DEBUG:colcon.colcon_core.verb:Building package 'arm_pkg' with the following arguments: {'ament_cmake_args': None, 'build_base': '/home/ras4/nuc_ws/src/build/arm_pkg', 'catkin_cmake_args': None, 'catkin_skip_building_tests': False, 'cmake_args': None, 'cmake_clean_cache': False, 'cmake_clean_first': False, 'cmake_force_configure': False, 'cmake_target': None, 'cmake_target_skip_unavailable': False, 'install_base': '/home/ras4/nuc_ws/src/install/arm_pkg', 'merge_install': False, 'path': '/home/ras4/nuc_ws/src/arm_pkg', 'symlink_install': False, 'test_result_base': None}
[3.003s] Level 5:colcon.colcon_core.verb:set package 'astra_camera_msgs' build argument 'cmake_args' from command line to 'None'
[3.003s] Level 5:colcon.colcon_core.verb:set package 'astra_camera_msgs' build argument 'cmake_target' from command line to 'None'
[3.003s] Level 5:colcon.colcon_core.verb:set package 'astra_camera_msgs' build argument 'cmake_target_skip_unavailable' from command line to 'False'
[3.003s] Level 5:colcon.colcon_core.verb:set package 'astra_camera_msgs' build argument 'cmake_clean_cache' from command line to 'False'
[3.003s] Level 5:colcon.colcon_core.verb:set package 'astra_camera_msgs' build argument 'cmake_clean_first' from command line to 'False'
[3.004s] Level 5:colcon.colcon_core.verb:set package 'astra_camera_msgs' build argument 'cmake_force_configure' from command line to 'False'
[3.004s] Level 5:colcon.colcon_core.verb:set package 'astra_camera_msgs' build argument 'ament_cmake_args' from command line to 'None'
[3.004s] Level 5:colcon.colcon_core.verb:set package 'astra_camera_msgs' build argument 'catkin_cmake_args' from command line to 'None'
[3.004s] Level 5:colcon.colcon_core.verb:set package 'astra_camera_msgs' build argument 'catkin_skip_building_tests' from command line to 'False'
[3.004s] DEBUG:colcon.colcon_core.verb:Building package 'astra_camera_msgs' with the following arguments: {'ament_cmake_args': None, 'build_base': '/home/ras4/nuc_ws/src/build/astra_camera_msgs', 'catkin_cmake_args': None, 'catkin_skip_building_tests': False, 'cmake_args': None, 'cmake_clean_cache': False, 'cmake_clean_first': False, 'cmake_force_configure': False, 'cmake_target': None, 'cmake_target_skip_unavailable': False, 'install_base': '/home/ras4/nuc_ws/src/install/astra_camera_msgs', 'merge_install': False, 'path': '/home/ras4/nuc_ws/src/ros2_astra_camera/astra_camera_msgs', 'symlink_install': False, 'test_result_base': None}
[3.005s] Level 5:colcon.colcon_core.verb:set package 'camera_pkg' build argument 'cmake_args' from command line to 'None'
[3.006s] Level 5:colcon.colcon_core.verb:set package 'camera_pkg' build argument 'cmake_target' from command line to 'None'
[3.006s] Level 5:colcon.colcon_core.verb:set package 'camera_pkg' build argument 'cmake_target_skip_unavailable' from command line to 'False'
[3.006s] Level 5:colcon.colcon_core.verb:set package 'camera_pkg' build argument 'cmake_clean_cache' from command line to 'False'
[3.006s] Level 5:colcon.colcon_core.verb:set package 'camera_pkg' build argument 'cmake_clean_first' from command line to 'False'
[3.006s] Level 5:colcon.colcon_core.verb:set package 'camera_pkg' build argument 'cmake_force_configure' from command line to 'False'
[3.006s] Level 5:colcon.colcon_core.verb:set package 'camera_pkg' build argument 'ament_cmake_args' from command line to 'None'
[3.006s] Level 5:colcon.colcon_core.verb:set package 'camera_pkg' build argument 'catkin_cmake_args' from command line to 'None'
[3.006s] Level 5:colcon.colcon_core.verb:set package 'camera_pkg' build argument 'catkin_skip_building_tests' from command line to 'False'
[3.006s] DEBUG:colcon.colcon_core.verb:Building package 'camera_pkg' with the following arguments: {'ament_cmake_args': None, 'build_base': '/home/ras4/nuc_ws/src/build/camera_pkg', 'catkin_cmake_args': None, 'catkin_skip_building_tests': False, 'cmake_args': None, 'cmake_clean_cache': False, 'cmake_clean_first': False, 'cmake_force_configure': False, 'cmake_target': None, 'cmake_target_skip_unavailable': False, 'install_base': '/home/ras4/nuc_ws/src/install/camera_pkg', 'merge_install': False, 'path': '/home/ras4/nuc_ws/src/camera_pkg', 'symlink_install': False, 'test_result_base': None}
[3.008s] Level 5:colcon.colcon_core.verb:set package 'odometry_pkg' build argument 'cmake_args' from command line to 'None'
[3.008s] Level 5:colcon.colcon_core.verb:set package 'odometry_pkg' build argument 'cmake_target' from command line to 'None'
[3.008s] Level 5:colcon.colcon_core.verb:set package 'odometry_pkg' build argument 'cmake_target_skip_unavailable' from command line to 'False'
[3.008s] Level 5:colcon.colcon_core.verb:set package 'odometry_pkg' build argument 'cmake_clean_cache' from command line to 'False'
[3.008s] Level 5:colcon.colcon_core.verb:set package 'odometry_pkg' build argument 'cmake_clean_first' from command line to 'False'
[3.008s] Level 5:colcon.colcon_core.verb:set package 'odometry_pkg' build argument 'cmake_force_configure' from command line to 'False'
[3.008s] Level 5:colcon.colcon_core.verb:set package 'odometry_pkg' build argument 'ament_cmake_args' from command line to 'None'
[3.008s] Level 5:colcon.colcon_core.verb:set package 'odometry_pkg' build argument 'catkin_cmake_args' from command line to 'None'
[3.009s] Level 5:colcon.colcon_core.verb:set package 'odometry_pkg' build argument 'catkin_skip_building_tests' from command line to 'False'
[3.009s] DEBUG:colcon.colcon_core.verb:Building package 'odometry_pkg' with the following arguments: {'ament_cmake_args': None, 'build_base': '/home/ras4/nuc_ws/src/build/odometry_pkg', 'catkin_cmake_args': None, 'catkin_skip_building_tests': False, 'cmake_args': None, 'cmake_clean_cache': False, 'cmake_clean_first': False, 'cmake_force_configure': False, 'cmake_target': None, 'cmake_target_skip_unavailable': False, 'install_base': '/home/ras4/nuc_ws/src/install/odometry_pkg', 'merge_install': False, 'path': '/home/ras4/nuc_ws/src/odometry_pkg', 'symlink_install': False, 'test_result_base': None}
[3.010s] Level 5:colcon.colcon_core.verb:set package 'sllidar_ros2' build argument 'cmake_args' from command line to 'None'
[3.010s] Level 5:colcon.colcon_core.verb:set package 'sllidar_ros2' build argument 'cmake_target' from command line to 'None'
[3.010s] Level 5:colcon.colcon_core.verb:set package 'sllidar_ros2' build argument 'cmake_target_skip_unavailable' from command line to 'False'
[3.011s] Level 5:colcon.colcon_core.verb:set package 'sllidar_ros2' build argument 'cmake_clean_cache' from command line to 'False'
[3.011s] Level 5:colcon.colcon_core.verb:set package 'sllidar_ros2' build argument 'cmake_clean_first' from command line to 'False'
[3.011s] Level 5:colcon.colcon_core.verb:set package 'sllidar_ros2' build argument 'cmake_force_configure' from command line to 'False'
[3.011s] Level 5:colcon.colcon_core.verb:set package 'sllidar_ros2' build argument 'ament_cmake_args' from command line to 'None'
[3.011s] Level 5:colcon.colcon_core.verb:set package 'sllidar_ros2' build argument 'catkin_cmake_args' from command line to 'None'
[3.011s] Level 5:colcon.colcon_core.verb:set package 'sllidar_ros2' build argument 'catkin_skip_building_tests' from command line to 'False'
[3.011s] DEBUG:colcon.colcon_core.verb:Building package 'sllidar_ros2' with the following arguments: {'ament_cmake_args': None, 'build_base': '/home/ras4/nuc_ws/src/build/sllidar_ros2', 'catkin_cmake_args': None, 'catkin_skip_building_tests': False, 'cmake_args': None, 'cmake_clean_cache': False, 'cmake_clean_first': False, 'cmake_force_configure': False, 'cmake_target': None, 'cmake_target_skip_unavailable': False, 'install_base': '/home/ras4/nuc_ws/src/install/sllidar_ros2', 'merge_install': False, 'path': '/home/ras4/nuc_ws/src/sllidar_ros2', 'symlink_install': False, 'test_result_base': None}
[3.012s] Level 5:colcon.colcon_core.verb:set package 'xbox_control_pkg' build argument 'cmake_args' from command line to 'None'
[3.013s] Level 5:colcon.colcon_core.verb:set package 'xbox_control_pkg' build argument 'cmake_target' from command line to 'None'
[3.013s] Level 5:colcon.colcon_core.verb:set package 'xbox_control_pkg' build argument 'cmake_target_skip_unavailable' from command line to 'False'
[3.013s] Level 5:colcon.colcon_core.verb:set package 'xbox_control_pkg' build argument 'cmake_clean_cache' from command line to 'False'
[3.013s] Level 5:colcon.colcon_core.verb:set package 'xbox_control_pkg' build argument 'cmake_clean_first' from command line to 'False'
[3.013s] Level 5:colcon.colcon_core.verb:set package 'xbox_control_pkg' build argument 'cmake_force_configure' from command line to 'False'
[3.013s] Level 5:colcon.colcon_core.verb:set package 'xbox_control_pkg' build argument 'ament_cmake_args' from command line to 'None'
[3.013s] Level 5:colcon.colcon_core.verb:set package 'xbox_control_pkg' build argument 'catkin_cmake_args' from command line to 'None'
[3.013s] Level 5:colcon.colcon_core.verb:set package 'xbox_control_pkg' build argument 'catkin_skip_building_tests' from command line to 'False'
[3.013s] DEBUG:colcon.colcon_core.verb:Building package 'xbox_control_pkg' with the following arguments: {'ament_cmake_args': None, 'build_base': '/home/ras4/nuc_ws/src/build/xbox_control_pkg', 'catkin_cmake_args': None, 'catkin_skip_building_tests': False, 'cmake_args': None, 'cmake_clean_cache': False, 'cmake_clean_first': False, 'cmake_force_configure': False, 'cmake_target': None, 'cmake_target_skip_unavailable': False, 'install_base': '/home/ras4/nuc_ws/src/install/xbox_control_pkg', 'merge_install': False, 'path': '/home/ras4/nuc_ws/src/xbox_control_pkg', 'symlink_install': False, 'test_result_base': None}
[3.015s] Level 5:colcon.colcon_core.verb:set package 'astra_camera' build argument 'cmake_args' from command line to 'None'
[3.015s] Level 5:colcon.colcon_core.verb:set package 'astra_camera' build argument 'cmake_target' from command line to 'None'
[3.015s] Level 5:colcon.colcon_core.verb:set package 'astra_camera' build argument 'cmake_target_skip_unavailable' from command line to 'False'
[3.015s] Level 5:colcon.colcon_core.verb:set package 'astra_camera' build argument 'cmake_clean_cache' from command line to 'False'
[3.015s] Level 5:colcon.colcon_core.verb:set package 'astra_camera' build argument 'cmake_clean_first' from command line to 'False'
[3.015s] Level 5:colcon.colcon_core.verb:set package 'astra_camera' build argument 'cmake_force_configure' from command line to 'False'
[3.015s] Level 5:colcon.colcon_core.verb:set package 'astra_camera' build argument 'ament_cmake_args' from command line to 'None'
[3.016s] Level 5:colcon.colcon_core.verb:set package 'astra_camera' build argument 'catkin_cmake_args' from command line to 'None'
[3.016s] Level 5:colcon.colcon_core.verb:set package 'astra_camera' build argument 'catkin_skip_building_tests' from command line to 'False'
[3.016s] DEBUG:colcon.colcon_core.verb:Building package 'astra_camera' with the following arguments: {'ament_cmake_args': None, 'build_base': '/home/ras4/nuc_ws/src/build/astra_camera', 'catkin_cmake_args': None, 'catkin_skip_building_tests': False, 'cmake_args': None, 'cmake_clean_cache': False, 'cmake_clean_first': False, 'cmake_force_configure': False, 'cmake_target': None, 'cmake_target_skip_unavailable': False, 'install_base': '/home/ras4/nuc_ws/src/install/astra_camera', 'merge_install': False, 'path': '/home/ras4/nuc_ws/src/ros2_astra_camera/astra_camera', 'symlink_install': False, 'test_result_base': None}
[3.016s] INFO:colcon.colcon_core.executor:Executing jobs using 'sequential' executor
[3.019s] DEBUG:colcon.colcon_core.executor.sequential:run_until_complete 'arm_pkg'
[3.020s] INFO:colcon.colcon_ros.task.ament_python.build:Building ROS package in '/home/ras4/nuc_ws/src/arm_pkg' with build type 'ament_python'
[3.020s] Level 1:colcon.colcon_core.shell:create_environment_hook('arm_pkg', 'ament_prefix_path')
[3.043s] INFO:colcon.colcon_core.plugin_system:Skipping extension 'colcon_core.shell.bat': Not used on non-Windows systems
[3.044s] INFO:colcon.colcon_core.shell:Creating environment hook '/home/ras4/nuc_ws/src/install/arm_pkg/share/arm_pkg/hook/ament_prefix_path.ps1'
[3.050s] INFO:colcon.colcon_core.shell:Creating environment descriptor '/home/ras4/nuc_ws/src/install/arm_pkg/share/arm_pkg/hook/ament_prefix_path.dsv'
[3.054s] INFO:colcon.colcon_core.shell:Creating environment hook '/home/ras4/nuc_ws/src/install/arm_pkg/share/arm_pkg/hook/ament_prefix_path.sh'
[3.059s] INFO:colcon.colcon_core.shell:Skip shell extension 'powershell' for command environment: Not usable outside of PowerShell
[3.060s] DEBUG:colcon.colcon_core.shell:Skip shell extension 'dsv' for command environment
[4.331s] INFO:colcon.colcon_core.task.python.build:Building Python package in '/home/ras4/nuc_ws/src/arm_pkg'
[4.332s] INFO:colcon.colcon_core.shell:Skip shell extension 'powershell' for command environment: Not usable outside of PowerShell
[4.332s] DEBUG:colcon.colcon_core.shell:Skip shell extension 'dsv' for command environment
[6.033s] DEBUG:colcon.colcon_core.event_handler.log_command:Invoking command in '/home/ras4/nuc_ws/src/arm_pkg': PYTHONPATH=/home/ras4/nuc_ws/src/build/arm_pkg/prefix_override:/usr/lib/python3/dist-packages/colcon_core/task/python/colcon_distutils_commands:/home/ras4/nuc_ws/src/install/arm_pkg/lib/python3.10/site-packages:${PYTHONPATH} /usr/bin/python3 -W ignore:setup.py install is deprecated -W ignore:easy_install command is deprecated setup.py egg_info --egg-base ../build/arm_pkg build --build-base /home/ras4/nuc_ws/src/build/arm_pkg/build install --record /home/ras4/nuc_ws/src/build/arm_pkg/install.log --single-version-externally-managed install_data
[7.443s] DEBUG:colcon.colcon_core.event_handler.log_command:Invoked command in '/home/ras4/nuc_ws/src/arm_pkg' returned '0': PYTHONPATH=/home/ras4/nuc_ws/src/build/arm_pkg/prefix_override:/usr/lib/python3/dist-packages/colcon_core/task/python/colcon_distutils_commands:/home/ras4/nuc_ws/src/install/arm_pkg/lib/python3.10/site-packages:${PYTHONPATH} /usr/bin/python3 -W ignore:setup.py install is deprecated -W ignore:easy_install command is deprecated setup.py egg_info --egg-base ../build/arm_pkg build --build-base /home/ras4/nuc_ws/src/build/arm_pkg/build install --record /home/ras4/nuc_ws/src/build/arm_pkg/install.log --single-version-externally-managed install_data
[7.535s] Level 1:colcon.colcon_core.environment:checking '/home/ras4/nuc_ws/src/install/arm_pkg' for CMake module files
[7.538s] Level 1:colcon.colcon_core.environment:checking '/home/ras4/nuc_ws/src/install/arm_pkg' for CMake config files
[7.542s] Level 1:colcon.colcon_core.environment:checking '/home/ras4/nuc_ws/src/install/arm_pkg/lib'
[7.543s] Level 1:colcon.colcon_core.environment:checking '/home/ras4/nuc_ws/src/install/arm_pkg/bin'
[7.543s] Level 1:colcon.colcon_core.environment:checking '/home/ras4/nuc_ws/src/install/arm_pkg/lib/pkgconfig/arm_pkg.pc'
[7.545s] Level 1:colcon.colcon_core.environment:checking '/home/ras4/nuc_ws/src/install/arm_pkg/lib/python3.10/site-packages'
[7.545s] Level 1:colcon.colcon_core.shell:create_environment_hook('arm_pkg', 'pythonpath')
[7.546s] INFO:colcon.colcon_core.shell:Creating environment hook '/home/ras4/nuc_ws/src/install/arm_pkg/share/arm_pkg/hook/pythonpath.ps1'
[7.549s] INFO:colcon.colcon_core.shell:Creating environment descriptor '/home/ras4/nuc_ws/src/install/arm_pkg/share/arm_pkg/hook/pythonpath.dsv'
[7.551s] INFO:colcon.colcon_core.shell:Creating environment hook '/home/ras4/nuc_ws/src/install/arm_pkg/share/arm_pkg/hook/pythonpath.sh'
[7.555s] Level 1:colcon.colcon_core.environment:checking '/home/ras4/nuc_ws/src/install/arm_pkg/bin'
[7.555s] Level 1:colcon.colcon_core.environment:create_environment_scripts_only(arm_pkg)
[7.557s] INFO:colcon.colcon_core.shell:Creating package script '/home/ras4/nuc_ws/src/install/arm_pkg/share/arm_pkg/package.ps1'
[7.561s] INFO:colcon.colcon_core.shell:Creating package descriptor '/home/ras4/nuc_ws/src/install/arm_pkg/share/arm_pkg/package.dsv'
[7.564s] INFO:colcon.colcon_core.shell:Creating package script '/home/ras4/nuc_ws/src/install/arm_pkg/share/arm_pkg/package.sh'
[7.569s] INFO:colcon.colcon_core.shell:Creating package script '/home/ras4/nuc_ws/src/install/arm_pkg/share/arm_pkg/package.bash'
[7.574s] INFO:colcon.colcon_core.shell:Creating package script '/home/ras4/nuc_ws/src/install/arm_pkg/share/arm_pkg/package.zsh'
[7.578s] Level 1:colcon.colcon_core.environment:create_file_with_runtime_dependencies(/home/ras4/nuc_ws/src/install/arm_pkg/share/colcon-core/packages/arm_pkg)
[7.580s] DEBUG:colcon.colcon_core.executor.sequential:run_until_complete 'arm_pkg' finished with '0'
[7.580s] DEBUG:colcon.colcon_core.executor.sequential:run_until_complete 'astra_camera_msgs'
[7.580s] INFO:colcon.colcon_ros.task.ament_cmake.build:Building ROS package in '/home/ras4/nuc_ws/src/ros2_astra_camera/astra_camera_msgs' with build type 'ament_cmake'
[7.581s] INFO:colcon.colcon_cmake.task.cmake.build:Building CMake package in '/home/ras4/nuc_ws/src/ros2_astra_camera/astra_camera_msgs'
[7.582s] INFO:colcon.colcon_core.shell:Skip shell extension 'powershell' for command environment: Not usable outside of PowerShell
[7.583s] DEBUG:colcon.colcon_core.shell:Skip shell extension 'dsv' for command environment
[7.644s] DEBUG:colcon.colcon_core.event_handler.log_command:Invoking command in '/home/ras4/nuc_ws/src/build/astra_camera_msgs': CMAKE_PREFIX_PATH=${CMAKE_PREFIX_PATH}:/home/ras4/nuc_ws/install/xbox_control_pkg:/home/ras4/nuc_ws/install/odometry_pkg:/home/ras4/nuc_ws/install/camera_pkg:/home/ras4/nuc_ws/install/arm_pkg:/home/ras4/nuc_ws/src/install/xbox_control_pkg:/home/ras4/nuc_ws/src/install/odometry_pkg:/home/ras4/nuc_ws/src/install/camera_pkg:/home/ras4/nuc_ws/src/install/arm_pkg:/opt/ros/humble /usr/bin/cmake --build /home/ras4/nuc_ws/src/build/astra_camera_msgs -- -j4 -l4
[10.092s] DEBUG:colcon.colcon_core.event_handler.log_command:Invoked command in '/home/ras4/nuc_ws/src/build/astra_camera_msgs' returned '0': CMAKE_PREFIX_PATH=${CMAKE_PREFIX_PATH}:/home/ras4/nuc_ws/install/xbox_control_pkg:/home/ras4/nuc_ws/install/odometry_pkg:/home/ras4/nuc_ws/install/camera_pkg:/home/ras4/nuc_ws/install/arm_pkg:/home/ras4/nuc_ws/src/install/xbox_control_pkg:/home/ras4/nuc_ws/src/install/odometry_pkg:/home/ras4/nuc_ws/src/install/camera_pkg:/home/ras4/nuc_ws/src/install/arm_pkg:/opt/ros/humble /usr/bin/cmake --build /home/ras4/nuc_ws/src/build/astra_camera_msgs -- -j4 -l4
[10.140s] DEBUG:colcon.colcon_core.event_handler.log_command:Invoking command in '/home/ras4/nuc_ws/src/build/astra_camera_msgs': CMAKE_PREFIX_PATH=${CMAKE_PREFIX_PATH}:/home/ras4/nuc_ws/install/xbox_control_pkg:/home/ras4/nuc_ws/install/odometry_pkg:/home/ras4/nuc_ws/install/camera_pkg:/home/ras4/nuc_ws/install/arm_pkg:/home/ras4/nuc_ws/src/install/xbox_control_pkg:/home/ras4/nuc_ws/src/install/odometry_pkg:/home/ras4/nuc_ws/src/install/camera_pkg:/home/ras4/nuc_ws/src/install/arm_pkg:/opt/ros/humble /usr/bin/cmake --install /home/ras4/nuc_ws/src/build/astra_camera_msgs
[10.601s] Level 1:colcon.colcon_core.environment:create_environment_scripts_only(astra_camera_msgs)
[10.602s] Level 1:colcon.colcon_core.environment:checking '/home/ras4/nuc_ws/src/install/astra_camera_msgs' for CMake module files
[10.604s] DEBUG:colcon.colcon_core.event_handler.log_command:Invoked command in '/home/ras4/nuc_ws/src/build/astra_camera_msgs' returned '0': CMAKE_PREFIX_PATH=${CMAKE_PREFIX_PATH}:/home/ras4/nuc_ws/install/xbox_control_pkg:/home/ras4/nuc_ws/install/odometry_pkg:/home/ras4/nuc_ws/install/camera_pkg:/home/ras4/nuc_ws/install/arm_pkg:/home/ras4/nuc_ws/src/install/xbox_control_pkg:/home/ras4/nuc_ws/src/install/odometry_pkg:/home/ras4/nuc_ws/src/install/camera_pkg:/home/ras4/nuc_ws/src/install/arm_pkg:/opt/ros/humble /usr/bin/cmake --install /home/ras4/nuc_ws/src/build/astra_camera_msgs
[10.608s] Level 1:colcon.colcon_core.environment:checking '/home/ras4/nuc_ws/src/install/astra_camera_msgs' for CMake config files
[10.619s] Level 1:colcon.colcon_core.shell:create_environment_hook('astra_camera_msgs', 'cmake_prefix_path')
[10.620s] INFO:colcon.colcon_core.shell:Creating environment hook '/home/ras4/nuc_ws/src/install/astra_camera_msgs/share/astra_camera_msgs/hook/cmake_prefix_path.ps1'
[10.622s] INFO:colcon.colcon_core.shell:Creating environment descriptor '/home/ras4/nuc_ws/src/install/astra_camera_msgs/share/astra_camera_msgs/hook/cmake_prefix_path.dsv'
[10.624s] INFO:colcon.colcon_core.shell:Creating environment hook '/home/ras4/nuc_ws/src/install/astra_camera_msgs/share/astra_camera_msgs/hook/cmake_prefix_path.sh'
[10.627s] Level 1:colcon.colcon_core.environment:checking '/home/ras4/nuc_ws/src/install/astra_camera_msgs/lib'
[10.627s] Level 1:colcon.colcon_core.shell:create_environment_hook('astra_camera_msgs', 'ld_library_path_lib')
[10.628s] INFO:colcon.colcon_core.shell:Creating environment hook '/home/ras4/nuc_ws/src/install/astra_camera_msgs/share/astra_camera_msgs/hook/ld_library_path_lib.ps1'
[10.630s] INFO:colcon.colcon_core.shell:Creating environment descriptor '/home/ras4/nuc_ws/src/install/astra_camera_msgs/share/astra_camera_msgs/hook/ld_library_path_lib.dsv'
[10.632s] INFO:colcon.colcon_core.shell:Creating environment hook '/home/ras4/nuc_ws/src/install/astra_camera_msgs/share/astra_camera_msgs/hook/ld_library_path_lib.sh'
[10.634s] Level 1:colcon.colcon_core.environment:checking '/home/ras4/nuc_ws/src/install/astra_camera_msgs/bin'
[10.635s] Level 1:colcon.colcon_core.environment:checking '/home/ras4/nuc_ws/src/install/astra_camera_msgs/lib/pkgconfig/astra_camera_msgs.pc'
[10.635s] Level 1:colcon.colcon_core.environment:checking '/home/ras4/nuc_ws/src/install/astra_camera_msgs/lib/python3.10/site-packages'
[10.636s] Level 1:colcon.colcon_core.environment:checking '/home/ras4/nuc_ws/src/install/astra_camera_msgs/bin'
[10.638s] INFO:colcon.colcon_core.shell:Creating package script '/home/ras4/nuc_ws/src/install/astra_camera_msgs/share/astra_camera_msgs/package.ps1'
[10.640s] INFO:colcon.colcon_core.shell:Creating package descriptor '/home/ras4/nuc_ws/src/install/astra_camera_msgs/share/astra_camera_msgs/package.dsv'
[10.642s] INFO:colcon.colcon_core.shell:Creating package script '/home/ras4/nuc_ws/src/install/astra_camera_msgs/share/astra_camera_msgs/package.sh'
[10.645s] INFO:colcon.colcon_core.shell:Creating package script '/home/ras4/nuc_ws/src/install/astra_camera_msgs/share/astra_camera_msgs/package.bash'
[10.647s] INFO:colcon.colcon_core.shell:Creating package script '/home/ras4/nuc_ws/src/install/astra_camera_msgs/share/astra_camera_msgs/package.zsh'
[10.649s] Level 1:colcon.colcon_core.environment:create_file_with_runtime_dependencies(/home/ras4/nuc_ws/src/install/astra_camera_msgs/share/colcon-core/packages/astra_camera_msgs)
[10.651s] Level 1:colcon.colcon_core.environment:create_environment_scripts_only(astra_camera_msgs)
[10.652s] Level 1:colcon.colcon_core.environment:checking '/home/ras4/nuc_ws/src/install/astra_camera_msgs' for CMake module files
[10.656s] Level 1:colcon.colcon_core.environment:checking '/home/ras4/nuc_ws/src/install/astra_camera_msgs' for CMake config files
[10.665s] Level 1:colcon.colcon_core.shell:create_environment_hook('astra_camera_msgs', 'cmake_prefix_path')
[10.665s] INFO:colcon.colcon_core.shell:Creating environment hook '/home/ras4/nuc_ws/src/install/astra_camera_msgs/share/astra_camera_msgs/hook/cmake_prefix_path.ps1'
[10.668s] INFO:colcon.colcon_core.shell:Creating environment descriptor '/home/ras4/nuc_ws/src/install/astra_camera_msgs/share/astra_camera_msgs/hook/cmake_prefix_path.dsv'
[10.670s] INFO:colcon.colcon_core.shell:Creating environment hook '/home/ras4/nuc_ws/src/install/astra_camera_msgs/share/astra_camera_msgs/hook/cmake_prefix_path.sh'
[10.672s] Level 1:colcon.colcon_core.environment:checking '/home/ras4/nuc_ws/src/install/astra_camera_msgs/lib'
[10.673s] Level 1:colcon.colcon_core.shell:create_environment_hook('astra_camera_msgs', 'ld_library_path_lib')
[10.674s] INFO:colcon.colcon_core.shell:Creating environment hook '/home/ras4/nuc_ws/src/install/astra_camera_msgs/share/astra_camera_msgs/hook/ld_library_path_lib.ps1'
[10.676s] INFO:colcon.colcon_core.shell:Creating environment descriptor '/home/ras4/nuc_ws/src/install/astra_camera_msgs/share/astra_camera_msgs/hook/ld_library_path_lib.dsv'
[10.678s] INFO:colcon.colcon_core.shell:Creating environment hook '/home/ras4/nuc_ws/src/install/astra_camera_msgs/share/astra_camera_msgs/hook/ld_library_path_lib.sh'
[10.680s] Level 1:colcon.colcon_core.environment:checking '/home/ras4/nuc_ws/src/install/astra_camera_msgs/bin'
[10.680s] Level 1:colcon.colcon_core.environment:checking '/home/ras4/nuc_ws/src/install/astra_camera_msgs/lib/pkgconfig/astra_camera_msgs.pc'
[10.681s] Level 1:colcon.colcon_core.environment:checking '/home/ras4/nuc_ws/src/install/astra_camera_msgs/lib/python3.10/site-packages'
[10.682s] Level 1:colcon.colcon_core.environment:checking '/home/ras4/nuc_ws/src/install/astra_camera_msgs/bin'
[10.683s] INFO:colcon.colcon_core.shell:Creating package script '/home/ras4/nuc_ws/src/install/astra_camera_msgs/share/astra_camera_msgs/package.ps1'
[10.686s] INFO:colcon.colcon_core.shell:Creating package descriptor '/home/ras4/nuc_ws/src/install/astra_camera_msgs/share/astra_camera_msgs/package.dsv'
[10.688s] INFO:colcon.colcon_core.shell:Creating package script '/home/ras4/nuc_ws/src/install/astra_camera_msgs/share/astra_camera_msgs/package.sh'
[10.690s] INFO:colcon.colcon_core.shell:Creating package script '/home/ras4/nuc_ws/src/install/astra_camera_msgs/share/astra_camera_msgs/package.bash'
[10.692s] INFO:colcon.colcon_core.shell:Creating package script '/home/ras4/nuc_ws/src/install/astra_camera_msgs/share/astra_camera_msgs/package.zsh'
[10.695s] Level 1:colcon.colcon_core.environment:create_file_with_runtime_dependencies(/home/ras4/nuc_ws/src/install/astra_camera_msgs/share/colcon-core/packages/astra_camera_msgs)
[10.696s] DEBUG:colcon.colcon_core.executor.sequential:run_until_complete 'astra_camera_msgs' finished with '0'
[10.697s] DEBUG:colcon.colcon_core.executor.sequential:run_until_complete 'camera_pkg'
[10.698s] INFO:colcon.colcon_ros.task.ament_python.build:Building ROS package in '/home/ras4/nuc_ws/src/camera_pkg' with build type 'ament_python'
[10.699s] Level 1:colcon.colcon_core.shell:create_environment_hook('camera_pkg', 'ament_prefix_path')
[10.700s] INFO:colcon.colcon_core.shell:Creating environment hook '/home/ras4/nuc_ws/src/install/camera_pkg/share/camera_pkg/hook/ament_prefix_path.ps1'
[10.703s] INFO:colcon.colcon_core.shell:Creating environment descriptor '/home/ras4/nuc_ws/src/install/camera_pkg/share/camera_pkg/hook/ament_prefix_path.dsv'
[10.705s] INFO:colcon.colcon_core.shell:Creating environment hook '/home/ras4/nuc_ws/src/install/camera_pkg/share/camera_pkg/hook/ament_prefix_path.sh'
[10.708s] INFO:colcon.colcon_core.shell:Skip shell extension 'powershell' for command environment: Not usable outside of PowerShell
[10.708s] DEBUG:colcon.colcon_core.shell:Skip shell extension 'dsv' for command environment
[11.972s] INFO:colcon.colcon_core.task.python.build:Building Python package in '/home/ras4/nuc_ws/src/camera_pkg'
[11.974s] INFO:colcon.colcon_core.shell:Skip shell extension 'powershell' for command environment: Not usable outside of PowerShell
[11.974s] DEBUG:colcon.colcon_core.shell:Skip shell extension 'dsv' for command environment
[13.534s] DEBUG:colcon.colcon_core.event_handler.log_command:Invoking command in '/home/ras4/nuc_ws/src/camera_pkg': PYTHONPATH=/home/ras4/nuc_ws/src/build/camera_pkg/prefix_override:/usr/lib/python3/dist-packages/colcon_core/task/python/colcon_distutils_commands:/home/ras4/nuc_ws/src/install/camera_pkg/lib/python3.10/site-packages:${PYTHONPATH} /usr/bin/python3 -W ignore:setup.py install is deprecated -W ignore:easy_install command is deprecated setup.py egg_info --egg-base ../build/camera_pkg build --build-base /home/ras4/nuc_ws/src/build/camera_pkg/build install --record /home/ras4/nuc_ws/src/build/camera_pkg/install.log --single-version-externally-managed install_data
[14.924s] Level 1:colcon.colcon_core.environment:checking '/home/ras4/nuc_ws/src/install/camera_pkg' for CMake module files
[14.926s] DEBUG:colcon.colcon_core.event_handler.log_command:Invoked command in '/home/ras4/nuc_ws/src/camera_pkg' returned '0': PYTHONPATH=/home/ras4/nuc_ws/src/build/camera_pkg/prefix_override:/usr/lib/python3/dist-packages/colcon_core/task/python/colcon_distutils_commands:/home/ras4/nuc_ws/src/install/camera_pkg/lib/python3.10/site-packages:${PYTHONPATH} /usr/bin/python3 -W ignore:setup.py install is deprecated -W ignore:easy_install command is deprecated setup.py egg_info --egg-base ../build/camera_pkg build --build-base /home/ras4/nuc_ws/src/build/camera_pkg/build install --record /home/ras4/nuc_ws/src/build/camera_pkg/install.log --single-version-externally-managed install_data
[14.929s] Level 1:colcon.colcon_core.environment:checking '/home/ras4/nuc_ws/src/install/camera_pkg' for CMake config files
[14.933s] Level 1:colcon.colcon_core.environment:checking '/home/ras4/nuc_ws/src/install/camera_pkg/lib'
[14.934s] Level 1:colcon.colcon_core.environment:checking '/home/ras4/nuc_ws/src/install/camera_pkg/bin'
[14.934s] Level 1:colcon.colcon_core.environment:checking '/home/ras4/nuc_ws/src/install/camera_pkg/lib/pkgconfig/camera_pkg.pc'
[14.935s] Level 1:colcon.colcon_core.environment:checking '/home/ras4/nuc_ws/src/install/camera_pkg/lib/python3.10/site-packages'
[14.935s] Level 1:colcon.colcon_core.shell:create_environment_hook('camera_pkg', 'pythonpath')
[14.936s] INFO:colcon.colcon_core.shell:Creating environment hook '/home/ras4/nuc_ws/src/install/camera_pkg/share/camera_pkg/hook/pythonpath.ps1'
[14.939s] INFO:colcon.colcon_core.shell:Creating environment descriptor '/home/ras4/nuc_ws/src/install/camera_pkg/share/camera_pkg/hook/pythonpath.dsv'
[14.941s] INFO:colcon.colcon_core.shell:Creating environment hook '/home/ras4/nuc_ws/src/install/camera_pkg/share/camera_pkg/hook/pythonpath.sh'
[14.943s] Level 1:colcon.colcon_core.environment:checking '/home/ras4/nuc_ws/src/install/camera_pkg/bin'
[14.944s] Level 1:colcon.colcon_core.environment:create_environment_scripts_only(camera_pkg)
[14.945s] INFO:colcon.colcon_core.shell:Creating package script '/home/ras4/nuc_ws/src/install/camera_pkg/share/camera_pkg/package.ps1'
[14.947s] INFO:colcon.colcon_core.shell:Creating package descriptor '/home/ras4/nuc_ws/src/install/camera_pkg/share/camera_pkg/package.dsv'
[14.950s] INFO:colcon.colcon_core.shell:Creating package script '/home/ras4/nuc_ws/src/install/camera_pkg/share/camera_pkg/package.sh'
[14.952s] INFO:colcon.colcon_core.shell:Creating package script '/home/ras4/nuc_ws/src/install/camera_pkg/share/camera_pkg/package.bash'
[14.954s] INFO:colcon.colcon_core.shell:Creating package script '/home/ras4/nuc_ws/src/install/camera_pkg/share/camera_pkg/package.zsh'
[14.956s] Level 1:colcon.colcon_core.environment:create_file_with_runtime_dependencies(/home/ras4/nuc_ws/src/install/camera_pkg/share/colcon-core/packages/camera_pkg)
[14.957s] DEBUG:colcon.colcon_core.executor.sequential:run_until_complete 'camera_pkg' finished with '0'
[14.958s] DEBUG:colcon.colcon_core.executor.sequential:run_until_complete 'odometry_pkg'
[14.958s] INFO:colcon.colcon_ros.task.ament_python.build:Building ROS package in '/home/ras4/nuc_ws/src/odometry_pkg' with build type 'ament_python'
[14.959s] Level 1:colcon.colcon_core.shell:create_environment_hook('odometry_pkg', 'ament_prefix_path')
[14.960s] INFO:colcon.colcon_core.shell:Creating environment hook '/home/ras4/nuc_ws/src/install/odometry_pkg/share/odometry_pkg/hook/ament_prefix_path.ps1'
[14.962s] INFO:colcon.colcon_core.shell:Creating environment descriptor '/home/ras4/nuc_ws/src/install/odometry_pkg/share/odometry_pkg/hook/ament_prefix_path.dsv'
[14.965s] INFO:colcon.colcon_core.shell:Creating environment hook '/home/ras4/nuc_ws/src/install/odometry_pkg/share/odometry_pkg/hook/ament_prefix_path.sh'
[14.967s] INFO:colcon.colcon_core.shell:Skip shell extension 'powershell' for command environment: Not usable outside of PowerShell
[14.968s] DEBUG:colcon.colcon_core.shell:Skip shell extension 'dsv' for command environment
[16.456s] INFO:colcon.colcon_core.task.python.build:Building Python package in '/home/ras4/nuc_ws/src/odometry_pkg'
[16.458s] INFO:colcon.colcon_core.shell:Skip shell extension 'powershell' for command environment: Not usable outside of PowerShell
[16.458s] DEBUG:colcon.colcon_core.shell:Skip shell extension 'dsv' for command environment
[18.107s] DEBUG:colcon.colcon_core.event_handler.log_command:Invoking command in '/home/ras4/nuc_ws/src/odometry_pkg': PYTHONPATH=/home/ras4/nuc_ws/src/build/odometry_pkg/prefix_override:/usr/lib/python3/dist-packages/colcon_core/task/python/colcon_distutils_commands:/home/ras4/nuc_ws/src/install/odometry_pkg/lib/python3.10/site-packages:${PYTHONPATH} /usr/bin/python3 -W ignore:setup.py install is deprecated -W ignore:easy_install command is deprecated setup.py egg_info --egg-base ../build/odometry_pkg build --build-base /home/ras4/nuc_ws/src/build/odometry_pkg/build install --record /home/ras4/nuc_ws/src/build/odometry_pkg/install.log --single-version-externally-managed install_data
[19.592s] Level 1:colcon.colcon_core.environment:checking '/home/ras4/nuc_ws/src/install/odometry_pkg' for CMake module files
[19.593s] DEBUG:colcon.colcon_core.event_handler.log_command:Invoked command in '/home/ras4/nuc_ws/src/odometry_pkg' returned '0': PYTHONPATH=/home/ras4/nuc_ws/src/build/odometry_pkg/prefix_override:/usr/lib/python3/dist-packages/colcon_core/task/python/colcon_distutils_commands:/home/ras4/nuc_ws/src/install/odometry_pkg/lib/python3.10/site-packages:${PYTHONPATH} /usr/bin/python3 -W ignore:setup.py install is deprecated -W ignore:easy_install command is deprecated setup.py egg_info --egg-base ../build/odometry_pkg build --build-base /home/ras4/nuc_ws/src/build/odometry_pkg/build install --record /home/ras4/nuc_ws/src/build/odometry_pkg/install.log --single-version-externally-managed install_data
[19.595s] Level 1:colcon.colcon_core.environment:checking '/home/ras4/nuc_ws/src/install/odometry_pkg' for CMake config files
[19.599s] Level 1:colcon.colcon_core.environment:checking '/home/ras4/nuc_ws/src/install/odometry_pkg/lib'
[19.599s] Level 1:colcon.colcon_core.environment:checking '/home/ras4/nuc_ws/src/install/odometry_pkg/bin'
[19.600s] Level 1:colcon.colcon_core.environment:checking '/home/ras4/nuc_ws/src/install/odometry_pkg/lib/pkgconfig/odometry_pkg.pc'
[19.601s] Level 1:colcon.colcon_core.environment:checking '/home/ras4/nuc_ws/src/install/odometry_pkg/lib/python3.10/site-packages'
[19.601s] Level 1:colcon.colcon_core.shell:create_environment_hook('odometry_pkg', 'pythonpath')
[19.602s] INFO:colcon.colcon_core.shell:Creating environment hook '/home/ras4/nuc_ws/src/install/odometry_pkg/share/odometry_pkg/hook/pythonpath.ps1'
[19.605s] INFO:colcon.colcon_core.shell:Creating environment descriptor '/home/ras4/nuc_ws/src/install/odometry_pkg/share/odometry_pkg/hook/pythonpath.dsv'
[19.608s] INFO:colcon.colcon_core.shell:Creating environment hook '/home/ras4/nuc_ws/src/install/odometry_pkg/share/odometry_pkg/hook/pythonpath.sh'
[19.611s] Level 1:colcon.colcon_core.environment:checking '/home/ras4/nuc_ws/src/install/odometry_pkg/bin'
[19.612s] Level 1:colcon.colcon_core.environment:create_environment_scripts_only(odometry_pkg)
[19.613s] INFO:colcon.colcon_core.shell:Creating package script '/home/ras4/nuc_ws/src/install/odometry_pkg/share/odometry_pkg/package.ps1'
[19.615s] INFO:colcon.colcon_core.shell:Creating package descriptor '/home/ras4/nuc_ws/src/install/odometry_pkg/share/odometry_pkg/package.dsv'
[19.617s] INFO:colcon.colcon_core.shell:Creating package script '/home/ras4/nuc_ws/src/install/odometry_pkg/share/odometry_pkg/package.sh'
[19.620s] INFO:colcon.colcon_core.shell:Creating package script '/home/ras4/nuc_ws/src/install/odometry_pkg/share/odometry_pkg/package.bash'
[19.622s] INFO:colcon.colcon_core.shell:Creating package script '/home/ras4/nuc_ws/src/install/odometry_pkg/share/odometry_pkg/package.zsh'
[19.624s] Level 1:colcon.colcon_core.environment:create_file_with_runtime_dependencies(/home/ras4/nuc_ws/src/install/odometry_pkg/share/colcon-core/packages/odometry_pkg)
[19.625s] DEBUG:colcon.colcon_core.executor.sequential:run_until_complete 'odometry_pkg' finished with '0'
[19.625s] DEBUG:colcon.colcon_core.executor.sequential:run_until_complete 'sllidar_ros2'
[19.626s] INFO:colcon.colcon_ros.task.ament_cmake.build:Building ROS package in '/home/ras4/nuc_ws/src/sllidar_ros2' with build type 'ament_cmake'
[19.626s] INFO:colcon.colcon_cmake.task.cmake.build:Building CMake package in '/home/ras4/nuc_ws/src/sllidar_ros2'
[19.627s] INFO:colcon.colcon_core.shell:Skip shell extension 'powershell' for command environment: Not usable outside of PowerShell
[19.628s] DEBUG:colcon.colcon_core.shell:Skip shell extension 'dsv' for command environment
[19.686s] DEBUG:colcon.colcon_core.event_handler.log_command:Invoking command in '/home/ras4/nuc_ws/src/build/sllidar_ros2': CMAKE_PREFIX_PATH=${CMAKE_PREFIX_PATH}:/home/ras4/nuc_ws/install/xbox_control_pkg:/home/ras4/nuc_ws/install/odometry_pkg:/home/ras4/nuc_ws/install/camera_pkg:/home/ras4/nuc_ws/install/arm_pkg:/home/ras4/nuc_ws/src/install/xbox_control_pkg:/home/ras4/nuc_ws/src/install/odometry_pkg:/home/ras4/nuc_ws/src/install/camera_pkg:/home/ras4/nuc_ws/src/install/arm_pkg:/opt/ros/humble /usr/bin/cmake --build /home/ras4/nuc_ws/src/build/sllidar_ros2 -- -j4 -l4
[20.163s] DEBUG:colcon.colcon_core.event_handler.log_command:Invoked command in '/home/ras4/nuc_ws/src/build/sllidar_ros2' returned '0': CMAKE_PREFIX_PATH=${CMAKE_PREFIX_PATH}:/home/ras4/nuc_ws/install/xbox_control_pkg:/home/ras4/nuc_ws/install/odometry_pkg:/home/ras4/nuc_ws/install/camera_pkg:/home/ras4/nuc_ws/install/arm_pkg:/home/ras4/nuc_ws/src/install/xbox_control_pkg:/home/ras4/nuc_ws/src/install/odometry_pkg:/home/ras4/nuc_ws/src/install/camera_pkg:/home/ras4/nuc_ws/src/install/arm_pkg:/opt/ros/humble /usr/bin/cmake --build /home/ras4/nuc_ws/src/build/sllidar_ros2 -- -j4 -l4
[20.176s] DEBUG:colcon.colcon_core.event_handler.log_command:Invoking command in '/home/ras4/nuc_ws/src/build/sllidar_ros2': CMAKE_PREFIX_PATH=${CMAKE_PREFIX_PATH}:/home/ras4/nuc_ws/install/xbox_control_pkg:/home/ras4/nuc_ws/install/odometry_pkg:/home/ras4/nuc_ws/install/camera_pkg:/home/ras4/nuc_ws/install/arm_pkg:/home/ras4/nuc_ws/src/install/xbox_control_pkg:/home/ras4/nuc_ws/src/install/odometry_pkg:/home/ras4/nuc_ws/src/install/camera_pkg:/home/ras4/nuc_ws/src/install/arm_pkg:/opt/ros/humble /usr/bin/cmake --install /home/ras4/nuc_ws/src/build/sllidar_ros2
[20.240s] Level 1:colcon.colcon_core.environment:create_environment_scripts_only(sllidar_ros2)
[20.241s] Level 1:colcon.colcon_core.environment:checking '/home/ras4/nuc_ws/src/install/sllidar_ros2' for CMake module files
[20.243s] DEBUG:colcon.colcon_core.event_handler.log_command:Invoked command in '/home/ras4/nuc_ws/src/build/sllidar_ros2' returned '0': CMAKE_PREFIX_PATH=${CMAKE_PREFIX_PATH}:/home/ras4/nuc_ws/install/xbox_control_pkg:/home/ras4/nuc_ws/install/odometry_pkg:/home/ras4/nuc_ws/install/camera_pkg:/home/ras4/nuc_ws/install/arm_pkg:/home/ras4/nuc_ws/src/install/xbox_control_pkg:/home/ras4/nuc_ws/src/install/odometry_pkg:/home/ras4/nuc_ws/src/install/camera_pkg:/home/ras4/nuc_ws/src/install/arm_pkg:/opt/ros/humble /usr/bin/cmake --install /home/ras4/nuc_ws/src/build/sllidar_ros2
[20.247s] Level 1:colcon.colcon_core.environment:checking '/home/ras4/nuc_ws/src/install/sllidar_ros2' for CMake config files
[20.250s] Level 1:colcon.colcon_core.shell:create_environment_hook('sllidar_ros2', 'cmake_prefix_path')
[20.251s] INFO:colcon.colcon_core.shell:Creating environment hook '/home/ras4/nuc_ws/src/install/sllidar_ros2/share/sllidar_ros2/hook/cmake_prefix_path.ps1'
[20.254s] INFO:colcon.colcon_core.shell:Creating environment descriptor '/home/ras4/nuc_ws/src/install/sllidar_ros2/share/sllidar_ros2/hook/cmake_prefix_path.dsv'
[20.256s] INFO:colcon.colcon_core.shell:Creating environment hook '/home/ras4/nuc_ws/src/install/sllidar_ros2/share/sllidar_ros2/hook/cmake_prefix_path.sh'
[20.259s] Level 1:colcon.colcon_core.environment:checking '/home/ras4/nuc_ws/src/install/sllidar_ros2/lib'
[20.259s] Level 1:colcon.colcon_core.environment:checking '/home/ras4/nuc_ws/src/install/sllidar_ros2/bin'
[20.260s] Level 1:colcon.colcon_core.environment:checking '/home/ras4/nuc_ws/src/install/sllidar_ros2/lib/pkgconfig/sllidar_ros2.pc'
[20.260s] Level 1:colcon.colcon_core.environment:checking '/home/ras4/nuc_ws/src/install/sllidar_ros2/lib/python3.10/site-packages'
[20.262s] Level 1:colcon.colcon_core.environment:checking '/home/ras4/nuc_ws/src/install/sllidar_ros2/bin'
[20.263s] INFO:colcon.colcon_core.shell:Creating package script '/home/ras4/nuc_ws/src/install/sllidar_ros2/share/sllidar_ros2/package.ps1'
[20.266s] INFO:colcon.colcon_core.shell:Creating package descriptor '/home/ras4/nuc_ws/src/install/sllidar_ros2/share/sllidar_ros2/package.dsv'
[20.269s] INFO:colcon.colcon_core.shell:Creating package script '/home/ras4/nuc_ws/src/install/sllidar_ros2/share/sllidar_ros2/package.sh'
[20.271s] INFO:colcon.colcon_core.shell:Creating package script '/home/ras4/nuc_ws/src/install/sllidar_ros2/share/sllidar_ros2/package.bash'
[20.273s] INFO:colcon.colcon_core.shell:Creating package script '/home/ras4/nuc_ws/src/install/sllidar_ros2/share/sllidar_ros2/package.zsh'
[20.275s] Level 1:colcon.colcon_core.environment:create_file_with_runtime_dependencies(/home/ras4/nuc_ws/src/install/sllidar_ros2/share/colcon-core/packages/sllidar_ros2)
[20.278s] Level 1:colcon.colcon_core.environment:create_environment_scripts_only(sllidar_ros2)
[20.279s] Level 1:colcon.colcon_core.environment:checking '/home/ras4/nuc_ws/src/install/sllidar_ros2' for CMake module files
[20.281s] Level 1:colcon.colcon_core.environment:checking '/home/ras4/nuc_ws/src/install/sllidar_ros2' for CMake config files
[20.284s] Level 1:colcon.colcon_core.shell:create_environment_hook('sllidar_ros2', 'cmake_prefix_path')
[20.285s] INFO:colcon.colcon_core.shell:Creating environment hook '/home/ras4/nuc_ws/src/install/sllidar_ros2/share/sllidar_ros2/hook/cmake_prefix_path.ps1'
[20.287s] INFO:colcon.colcon_core.shell:Creating environment descriptor '/home/ras4/nuc_ws/src/install/sllidar_ros2/share/sllidar_ros2/hook/cmake_prefix_path.dsv'
[20.289s] INFO:colcon.colcon_core.shell:Creating environment hook '/home/ras4/nuc_ws/src/install/sllidar_ros2/share/sllidar_ros2/hook/cmake_prefix_path.sh'
[20.291s] Level 1:colcon.colcon_core.environment:checking '/home/ras4/nuc_ws/src/install/sllidar_ros2/lib'
[20.292s] Level 1:colcon.colcon_core.environment:checking '/home/ras4/nuc_ws/src/install/sllidar_ros2/bin'
[20.292s] Level 1:colcon.colcon_core.environment:checking '/home/ras4/nuc_ws/src/install/sllidar_ros2/lib/pkgconfig/sllidar_ros2.pc'
[20.293s] Level 1:colcon.colcon_core.environment:checking '/home/ras4/nuc_ws/src/install/sllidar_ros2/lib/python3.10/site-packages'
[20.294s] Level 1:colcon.colcon_core.environment:checking '/home/ras4/nuc_ws/src/install/sllidar_ros2/bin'
[20.295s] INFO:colcon.colcon_core.shell:Creating package script '/home/ras4/nuc_ws/src/install/sllidar_ros2/share/sllidar_ros2/package.ps1'
[20.297s] INFO:colcon.colcon_core.shell:Creating package descriptor '/home/ras4/nuc_ws/src/install/sllidar_ros2/share/sllidar_ros2/package.dsv'
[20.299s] INFO:colcon.colcon_core.shell:Creating package script '/home/ras4/nuc_ws/src/install/sllidar_ros2/share/sllidar_ros2/package.sh'
[20.302s] INFO:colcon.colcon_core.shell:Creating package script '/home/ras4/nuc_ws/src/install/sllidar_ros2/share/sllidar_ros2/package.bash'
[20.304s] INFO:colcon.colcon_core.shell:Creating package script '/home/ras4/nuc_ws/src/install/sllidar_ros2/share/sllidar_ros2/package.zsh'
[20.306s] Level 1:colcon.colcon_core.environment:create_file_with_runtime_dependencies(/home/ras4/nuc_ws/src/install/sllidar_ros2/share/colcon-core/packages/sllidar_ros2)
[20.307s] DEBUG:colcon.colcon_core.executor.sequential:run_until_complete 'sllidar_ros2' finished with '0'
[20.307s] DEBUG:colcon.colcon_core.executor.sequential:run_until_complete 'xbox_control_pkg'
[20.308s] INFO:colcon.colcon_ros.task.ament_python.build:Building ROS package in '/home/ras4/nuc_ws/src/xbox_control_pkg' with build type 'ament_python'
[20.308s] Level 1:colcon.colcon_core.shell:create_environment_hook('xbox_control_pkg', 'ament_prefix_path')
[20.309s] INFO:colcon.colcon_core.shell:Creating environment hook '/home/ras4/nuc_ws/src/install/xbox_control_pkg/share/xbox_control_pkg/hook/ament_prefix_path.ps1'
[20.312s] INFO:colcon.colcon_core.shell:Creating environment descriptor '/home/ras4/nuc_ws/src/install/xbox_control_pkg/share/xbox_control_pkg/hook/ament_prefix_path.dsv'
[20.314s] INFO:colcon.colcon_core.shell:Creating environment hook '/home/ras4/nuc_ws/src/install/xbox_control_pkg/share/xbox_control_pkg/hook/ament_prefix_path.sh'
[20.317s] INFO:colcon.colcon_core.shell:Skip shell extension 'powershell' for command environment: Not usable outside of PowerShell
[20.317s] DEBUG:colcon.colcon_core.shell:Skip shell extension 'dsv' for command environment
[21.621s] INFO:colcon.colcon_core.task.python.build:Building Python package in '/home/ras4/nuc_ws/src/xbox_control_pkg'
[21.622s] INFO:colcon.colcon_core.shell:Skip shell extension 'powershell' for command environment: Not usable outside of PowerShell
[21.630s] DEBUG:colcon.colcon_core.shell:Skip shell extension 'dsv' for command environment
[23.266s] DEBUG:colcon.colcon_core.event_handler.log_command:Invoking command in '/home/ras4/nuc_ws/src/xbox_control_pkg': PYTHONPATH=/home/ras4/nuc_ws/src/build/xbox_control_pkg/prefix_override:/usr/lib/python3/dist-packages/colcon_core/task/python/colcon_distutils_commands:/home/ras4/nuc_ws/src/install/xbox_control_pkg/lib/python3.10/site-packages:${PYTHONPATH} /usr/bin/python3 -W ignore:setup.py install is deprecated -W ignore:easy_install command is deprecated setup.py egg_info --egg-base ../build/xbox_control_pkg build --build-base /home/ras4/nuc_ws/src/build/xbox_control_pkg/build install --record /home/ras4/nuc_ws/src/build/xbox_control_pkg/install.log --single-version-externally-managed install_data
[24.646s] Level 1:colcon.colcon_core.environment:checking '/home/ras4/nuc_ws/src/install/xbox_control_pkg' for CMake module files
[24.648s] DEBUG:colcon.colcon_core.event_handler.log_command:Invoked command in '/home/ras4/nuc_ws/src/xbox_control_pkg' returned '0': PYTHONPATH=/home/ras4/nuc_ws/src/build/xbox_control_pkg/prefix_override:/usr/lib/python3/dist-packages/colcon_core/task/python/colcon_distutils_commands:/home/ras4/nuc_ws/src/install/xbox_control_pkg/lib/python3.10/site-packages:${PYTHONPATH} /usr/bin/python3 -W ignore:setup.py install is deprecated -W ignore:easy_install command is deprecated setup.py egg_info --egg-base ../build/xbox_control_pkg build --build-base /home/ras4/nuc_ws/src/build/xbox_control_pkg/build install --record /home/ras4/nuc_ws/src/build/xbox_control_pkg/install.log --single-version-externally-managed install_data
[24.650s] Level 1:colcon.colcon_core.environment:checking '/home/ras4/nuc_ws/src/install/xbox_control_pkg' for CMake config files
[24.653s] Level 1:colcon.colcon_core.environment:checking '/home/ras4/nuc_ws/src/install/xbox_control_pkg/lib'
[24.653s] Level 1:colcon.colcon_core.environment:checking '/home/ras4/nuc_ws/src/install/xbox_control_pkg/bin'
[24.654s] Level 1:colcon.colcon_core.environment:checking '/home/ras4/nuc_ws/src/install/xbox_control_pkg/lib/pkgconfig/xbox_control_pkg.pc'
[24.654s] Level 1:colcon.colcon_core.environment:checking '/home/ras4/nuc_ws/src/install/xbox_control_pkg/lib/python3.10/site-packages'
[24.655s] Level 1:colcon.colcon_core.shell:create_environment_hook('xbox_control_pkg', 'pythonpath')
[24.656s] INFO:colcon.colcon_core.shell:Creating environment hook '/home/ras4/nuc_ws/src/install/xbox_control_pkg/share/xbox_control_pkg/hook/pythonpath.ps1'
[24.658s] INFO:colcon.colcon_core.shell:Creating environment descriptor '/home/ras4/nuc_ws/src/install/xbox_control_pkg/share/xbox_control_pkg/hook/pythonpath.dsv'
[24.660s] INFO:colcon.colcon_core.shell:Creating environment hook '/home/ras4/nuc_ws/src/install/xbox_control_pkg/share/xbox_control_pkg/hook/pythonpath.sh'
[24.663s] Level 1:colcon.colcon_core.environment:checking '/home/ras4/nuc_ws/src/install/xbox_control_pkg/bin'
[24.663s] Level 1:colcon.colcon_core.environment:create_environment_scripts_only(xbox_control_pkg)
[24.664s] INFO:colcon.colcon_core.shell:Creating package script '/home/ras4/nuc_ws/src/install/xbox_control_pkg/share/xbox_control_pkg/package.ps1'
[24.667s] INFO:colcon.colcon_core.shell:Creating package descriptor '/home/ras4/nuc_ws/src/install/xbox_control_pkg/share/xbox_control_pkg/package.dsv'
[24.669s] INFO:colcon.colcon_core.shell:Creating package script '/home/ras4/nuc_ws/src/install/xbox_control_pkg/share/xbox_control_pkg/package.sh'
[24.671s] INFO:colcon.colcon_core.shell:Creating package script '/home/ras4/nuc_ws/src/install/xbox_control_pkg/share/xbox_control_pkg/package.bash'
[24.673s] INFO:colcon.colcon_core.shell:Creating package script '/home/ras4/nuc_ws/src/install/xbox_control_pkg/share/xbox_control_pkg/package.zsh'
[24.676s] Level 1:colcon.colcon_core.environment:create_file_with_runtime_dependencies(/home/ras4/nuc_ws/src/install/xbox_control_pkg/share/colcon-core/packages/xbox_control_pkg)
[24.677s] DEBUG:colcon.colcon_core.executor.sequential:run_until_complete 'xbox_control_pkg' finished with '0'
[24.677s] DEBUG:colcon.colcon_core.executor.sequential:run_until_complete 'astra_camera'
[24.678s] INFO:colcon.colcon_ros.task.ament_cmake.build:Building ROS package in '/home/ras4/nuc_ws/src/ros2_astra_camera/astra_camera' with build type 'ament_cmake'
[24.678s] INFO:colcon.colcon_cmake.task.cmake.build:Building CMake package in '/home/ras4/nuc_ws/src/ros2_astra_camera/astra_camera'
[24.679s] INFO:colcon.colcon_core.shell:Skip shell extension 'powershell' for command environment: Not usable outside of PowerShell
[24.680s] DEBUG:colcon.colcon_core.shell:Skip shell extension 'dsv' for command environment
[24.756s] DEBUG:colcon.colcon_core.event_handler.log_command:Invoking command in '/home/ras4/nuc_ws/src/build/astra_camera': CMAKE_PREFIX_PATH=/home/ras4/nuc_ws/src/install/astra_camera_msgs:/home/ras4/nuc_ws/install/sllidar_ros2:/home/ras4/nuc_ws/install/astra_camera_msgs:/home/ras4/nuc_ws/src/install/sllidar_ros2:/home/ras4/nuc_ws/install/xbox_control_pkg:/home/ras4/nuc_ws/install/odometry_pkg:/home/ras4/nuc_ws/install/camera_pkg:/home/ras4/nuc_ws/install/arm_pkg:/home/ras4/nuc_ws/src/install/xbox_control_pkg:/home/ras4/nuc_ws/src/install/odometry_pkg:/home/ras4/nuc_ws/src/install/camera_pkg:/home/ras4/nuc_ws/src/install/arm_pkg:/opt/ros/humble LD_LIBRARY_PATH=/home/ras4/nuc_ws/src/install/astra_camera_msgs/lib:/home/ras4/nuc_ws/install/astra_camera_msgs/lib:/opt/ros/humble/opt/rviz_ogre_vendor/lib:/opt/ros/humble/lib/aarch64-linux-gnu:/opt/ros/humble/lib /usr/bin/cmake --build /home/ras4/nuc_ws/src/build/astra_camera -- -j4 -l4
