[0.153s] DEBUG:colcon:Command line arguments: ['/usr/bin/colcon', 'build']
[0.153s] DEBUG:colcon:Parsed command line arguments: Namespace(log_base=None, log_level=None, verb_name='build', build_base='build', install_base='install', merge_install=False, symlink_install=False, test_result_base=None, continue_on_error=False, executor='parallel', parallel_workers=4, event_handlers=None, ignore_user_meta=False, metas=['./colcon.meta'], base_paths=['.'], packages_ignore=None, packages_ignore_regex=None, paths=None, packages_up_to=None, packages_up_to_regex=None, packages_above=None, packages_above_and_dependencies=None, packages_above_depth=None, packages_select_by_dep=None, packages_skip_by_dep=None, packages_skip_up_to=None, packages_select_build_failed=False, packages_skip_build_finished=False, packages_select_test_failures=False, packages_skip_test_passed=False, packages_select=None, packages_skip=None, packages_select_regex=None, packages_skip_regex=None, packages_start=None, packages_end=None, allow_overriding=[], cmake_args=None, cmake_target=None, cmake_target_skip_unavailable=False, cmake_clean_cache=False, cmake_clean_first=False, cmake_force_configure=False, ament_cmake_args=None, catkin_cmake_args=None, catkin_skip_building_tests=False, mixin_files=None, mixin=None, verb_parser=<colcon_mixin.mixin.mixin_argument.MixinArgumentDecorator object at 0x7494eb24f670>, verb_extension=<colcon_core.verb.build.BuildVerb object at 0x7494eb20ceb0>, main=<bound method BuildVerb.main of <colcon_core.verb.build.BuildVerb object at 0x7494eb20ceb0>>, mixin_verb=('build',))
[0.365s] Level 1:colcon.colcon_core.package_discovery:discover_packages(colcon_meta) check parameters
[0.365s] Level 1:colcon.colcon_core.package_discovery:discover_packages(recursive) check parameters
[0.365s] Level 1:colcon.colcon_core.package_discovery:discover_packages(ignore) check parameters
[0.365s] Level 1:colcon.colcon_core.package_discovery:discover_packages(path) check parameters
[0.365s] Level 1:colcon.colcon_core.package_discovery:discover_packages(colcon_meta) discover
[0.366s] Level 1:colcon.colcon_core.package_discovery:discover_packages(recursive) discover
[0.366s] INFO:colcon.colcon_core.package_discovery:Crawling recursively for packages in '/home/robotec/ros2_ws'
[0.366s] Level 1:colcon.colcon_core.package_identification:_identify(.) by extensions ['ignore', 'ignore_ament_install']
[0.366s] Level 1:colcon.colcon_core.package_identification:_identify(.) by extension 'ignore'
[0.366s] Level 1:colcon.colcon_core.package_identification:_identify(.) by extension 'ignore_ament_install'
[0.366s] Level 1:colcon.colcon_core.package_identification:_identify(.) by extensions ['colcon_pkg']
[0.366s] Level 1:colcon.colcon_core.package_identification:_identify(.) by extension 'colcon_pkg'
[0.366s] Level 1:colcon.colcon_core.package_identification:_identify(.) by extensions ['colcon_meta']
[0.366s] Level 1:colcon.colcon_core.package_identification:_identify(.) by extension 'colcon_meta'
[0.366s] Level 1:colcon.colcon_core.package_identification:_identify(.) by extensions ['ros']
[0.366s] Level 1:colcon.colcon_core.package_identification:_identify(.) by extension 'ros'
[0.381s] Level 1:colcon.colcon_core.package_identification:_identify(.) by extensions ['cmake', 'python']
[0.381s] Level 1:colcon.colcon_core.package_identification:_identify(.) by extension 'cmake'
[0.381s] Level 1:colcon.colcon_core.package_identification:_identify(.) by extension 'python'
[0.381s] Level 1:colcon.colcon_core.package_identification:_identify(.) by extensions ['python_setup_py']
[0.381s] Level 1:colcon.colcon_core.package_identification:_identify(.) by extension 'python_setup_py'
[0.381s] Level 1:colcon.colcon_core.package_identification:_identify(build) by extensions ['ignore', 'ignore_ament_install']
[0.381s] Level 1:colcon.colcon_core.package_identification:_identify(build) by extension 'ignore'
[0.381s] Level 1:colcon.colcon_core.package_identification:_identify(build) ignored
[0.381s] Level 1:colcon.colcon_core.package_identification:_identify(install) by extensions ['ignore', 'ignore_ament_install']
[0.382s] Level 1:colcon.colcon_core.package_identification:_identify(install) by extension 'ignore'
[0.382s] Level 1:colcon.colcon_core.package_identification:_identify(install) ignored
[0.382s] Level 1:colcon.colcon_core.package_identification:_identify(log) by extensions ['ignore', 'ignore_ament_install']
[0.382s] Level 1:colcon.colcon_core.package_identification:_identify(log) by extension 'ignore'
[0.382s] Level 1:colcon.colcon_core.package_identification:_identify(log) ignored
[0.382s] Level 1:colcon.colcon_core.package_identification:_identify(src) by extensions ['ignore', 'ignore_ament_install']
[0.382s] Level 1:colcon.colcon_core.package_identification:_identify(src) by extension 'ignore'
[0.382s] Level 1:colcon.colcon_core.package_identification:_identify(src) by extension 'ignore_ament_install'
[0.382s] Level 1:colcon.colcon_core.package_identification:_identify(src) by extensions ['colcon_pkg']
[0.382s] Level 1:colcon.colcon_core.package_identification:_identify(src) by extension 'colcon_pkg'
[0.382s] Level 1:colcon.colcon_core.package_identification:_identify(src) by extensions ['colcon_meta']
[0.382s] Level 1:colcon.colcon_core.package_identification:_identify(src) by extension 'colcon_meta'
[0.382s] Level 1:colcon.colcon_core.package_identification:_identify(src) by extensions ['ros']
[0.382s] Level 1:colcon.colcon_core.package_identification:_identify(src) by extension 'ros'
[0.382s] Level 1:colcon.colcon_core.package_identification:_identify(src) by extensions ['cmake', 'python']
[0.382s] Level 1:colcon.colcon_core.package_identification:_identify(src) by extension 'cmake'
[0.383s] Level 1:colcon.colcon_core.package_identification:_identify(src) by extension 'python'
[0.383s] Level 1:colcon.colcon_core.package_identification:_identify(src) by extensions ['python_setup_py']
[0.383s] Level 1:colcon.colcon_core.package_identification:_identify(src) by extension 'python_setup_py'
[0.383s] Level 1:colcon.colcon_core.package_identification:_identify(src/arm_pkg) by extensions ['ignore', 'ignore_ament_install']
[0.383s] Level 1:colcon.colcon_core.package_identification:_identify(src/arm_pkg) by extension 'ignore'
[0.383s] Level 1:colcon.colcon_core.package_identification:_identify(src/arm_pkg) by extension 'ignore_ament_install'
[0.383s] Level 1:colcon.colcon_core.package_identification:_identify(src/arm_pkg) by extensions ['colcon_pkg']
[0.383s] Level 1:colcon.colcon_core.package_identification:_identify(src/arm_pkg) by extension 'colcon_pkg'
[0.383s] Level 1:colcon.colcon_core.package_identification:_identify(src/arm_pkg) by extensions ['colcon_meta']
[0.383s] Level 1:colcon.colcon_core.package_identification:_identify(src/arm_pkg) by extension 'colcon_meta'
[0.383s] Level 1:colcon.colcon_core.package_identification:_identify(src/arm_pkg) by extensions ['ros']
[0.383s] Level 1:colcon.colcon_core.package_identification:_identify(src/arm_pkg) by extension 'ros'
[0.399s] DEBUG:colcon.colcon_core.package_identification:Package 'src/arm_pkg' with type 'ros.ament_python' and name 'arm_pkg'
[0.399s] Level 1:colcon.colcon_core.package_identification:_identify(src/camera_pkg) by extensions ['ignore', 'ignore_ament_install']
[0.399s] Level 1:colcon.colcon_core.package_identification:_identify(src/camera_pkg) by extension 'ignore'
[0.399s] Level 1:colcon.colcon_core.package_identification:_identify(src/camera_pkg) by extension 'ignore_ament_install'
[0.399s] Level 1:colcon.colcon_core.package_identification:_identify(src/camera_pkg) by extensions ['colcon_pkg']
[0.399s] Level 1:colcon.colcon_core.package_identification:_identify(src/camera_pkg) by extension 'colcon_pkg'
[0.399s] Level 1:colcon.colcon_core.package_identification:_identify(src/camera_pkg) by extensions ['colcon_meta']
[0.400s] Level 1:colcon.colcon_core.package_identification:_identify(src/camera_pkg) by extension 'colcon_meta'
[0.400s] Level 1:colcon.colcon_core.package_identification:_identify(src/camera_pkg) by extensions ['ros']
[0.400s] Level 1:colcon.colcon_core.package_identification:_identify(src/camera_pkg) by extension 'ros'
[0.401s] DEBUG:colcon.colcon_core.package_identification:Package 'src/camera_pkg' with type 'ros.ament_python' and name 'camera_pkg'
[0.401s] Level 1:colcon.colcon_core.package_identification:_identify(src/libuvc) by extensions ['ignore', 'ignore_ament_install']
[0.402s] Level 1:colcon.colcon_core.package_identification:_identify(src/libuvc) by extension 'ignore'
[0.402s] Level 1:colcon.colcon_core.package_identification:_identify(src/libuvc) by extension 'ignore_ament_install'
[0.402s] Level 1:colcon.colcon_core.package_identification:_identify(src/libuvc) by extensions ['colcon_pkg']
[0.402s] Level 1:colcon.colcon_core.package_identification:_identify(src/libuvc) by extension 'colcon_pkg'
[0.402s] Level 1:colcon.colcon_core.package_identification:_identify(src/libuvc) by extensions ['colcon_meta']
[0.402s] Level 1:colcon.colcon_core.package_identification:_identify(src/libuvc) by extension 'colcon_meta'
[0.402s] Level 1:colcon.colcon_core.package_identification:_identify(src/libuvc) by extensions ['ros']
[0.402s] Level 1:colcon.colcon_core.package_identification:_identify(src/libuvc) by extension 'ros'
[0.402s] Level 1:colcon.colcon_core.package_identification:_identify(src/libuvc) by extensions ['cmake', 'python']
[0.402s] Level 1:colcon.colcon_core.package_identification:_identify(src/libuvc) by extension 'cmake'
[0.413s] Level 1:colcon.colcon_core.package_identification:_identify(src/libuvc) by extension 'python'
[0.414s] DEBUG:colcon.colcon_core.package_identification:Package 'src/libuvc' with type 'cmake' and name 'libuvc'
[0.414s] Level 1:colcon.colcon_core.package_identification:_identify(src/odometry_pkg) by extensions ['ignore', 'ignore_ament_install']
[0.414s] Level 1:colcon.colcon_core.package_identification:_identify(src/odometry_pkg) by extension 'ignore'
[0.414s] Level 1:colcon.colcon_core.package_identification:_identify(src/odometry_pkg) by extension 'ignore_ament_install'
[0.414s] Level 1:colcon.colcon_core.package_identification:_identify(src/odometry_pkg) by extensions ['colcon_pkg']
[0.414s] Level 1:colcon.colcon_core.package_identification:_identify(src/odometry_pkg) by extension 'colcon_pkg'
[0.414s] Level 1:colcon.colcon_core.package_identification:_identify(src/odometry_pkg) by extensions ['colcon_meta']
[0.414s] Level 1:colcon.colcon_core.package_identification:_identify(src/odometry_pkg) by extension 'colcon_meta'
[0.414s] Level 1:colcon.colcon_core.package_identification:_identify(src/odometry_pkg) by extensions ['ros']
[0.414s] Level 1:colcon.colcon_core.package_identification:_identify(src/odometry_pkg) by extension 'ros'
[0.415s] DEBUG:colcon.colcon_core.package_identification:Package 'src/odometry_pkg' with type 'ros.ament_python' and name 'odometry_pkg'
[0.415s] Level 1:colcon.colcon_core.package_identification:_identify(src/ros2_astra_camera) by extensions ['ignore', 'ignore_ament_install']
[0.415s] Level 1:colcon.colcon_core.package_identification:_identify(src/ros2_astra_camera) by extension 'ignore'
[0.415s] Level 1:colcon.colcon_core.package_identification:_identify(src/ros2_astra_camera) by extension 'ignore_ament_install'
[0.415s] Level 1:colcon.colcon_core.package_identification:_identify(src/ros2_astra_camera) by extensions ['colcon_pkg']
[0.415s] Level 1:colcon.colcon_core.package_identification:_identify(src/ros2_astra_camera) by extension 'colcon_pkg'
[0.415s] Level 1:colcon.colcon_core.package_identification:_identify(src/ros2_astra_camera) by extensions ['colcon_meta']
[0.415s] Level 1:colcon.colcon_core.package_identification:_identify(src/ros2_astra_camera) by extension 'colcon_meta'
[0.416s] Level 1:colcon.colcon_core.package_identification:_identify(src/ros2_astra_camera) by extensions ['ros']
[0.416s] Level 1:colcon.colcon_core.package_identification:_identify(src/ros2_astra_camera) by extension 'ros'
[0.416s] Level 1:colcon.colcon_core.package_identification:_identify(src/ros2_astra_camera) by extensions ['cmake', 'python']
[0.416s] Level 1:colcon.colcon_core.package_identification:_identify(src/ros2_astra_camera) by extension 'cmake'
[0.416s] Level 1:colcon.colcon_core.package_identification:_identify(src/ros2_astra_camera) by extension 'python'
[0.416s] Level 1:colcon.colcon_core.package_identification:_identify(src/ros2_astra_camera) by extensions ['python_setup_py']
[0.416s] Level 1:colcon.colcon_core.package_identification:_identify(src/ros2_astra_camera) by extension 'python_setup_py'
[0.416s] Level 1:colcon.colcon_core.package_identification:_identify(src/ros2_astra_camera/astra_camera) by extensions ['ignore', 'ignore_ament_install']
[0.416s] Level 1:colcon.colcon_core.package_identification:_identify(src/ros2_astra_camera/astra_camera) by extension 'ignore'
[0.416s] Level 1:colcon.colcon_core.package_identification:_identify(src/ros2_astra_camera/astra_camera) by extension 'ignore_ament_install'
[0.416s] Level 1:colcon.colcon_core.package_identification:_identify(src/ros2_astra_camera/astra_camera) by extensions ['colcon_pkg']
[0.416s] Level 1:colcon.colcon_core.package_identification:_identify(src/ros2_astra_camera/astra_camera) by extension 'colcon_pkg'
[0.416s] Level 1:colcon.colcon_core.package_identification:_identify(src/ros2_astra_camera/astra_camera) by extensions ['colcon_meta']
[0.416s] Level 1:colcon.colcon_core.package_identification:_identify(src/ros2_astra_camera/astra_camera) by extension 'colcon_meta'
[0.417s] Level 1:colcon.colcon_core.package_identification:_identify(src/ros2_astra_camera/astra_camera) by extensions ['ros']
[0.417s] Level 1:colcon.colcon_core.package_identification:_identify(src/ros2_astra_camera/astra_camera) by extension 'ros'
[0.419s] DEBUG:colcon.colcon_core.package_identification:Package 'src/ros2_astra_camera/astra_camera' with type 'ros.ament_cmake' and name 'astra_camera'
[0.419s] Level 1:colcon.colcon_core.package_identification:_identify(src/ros2_astra_camera/astra_camera_msgs) by extensions ['ignore', 'ignore_ament_install']
[0.419s] Level 1:colcon.colcon_core.package_identification:_identify(src/ros2_astra_camera/astra_camera_msgs) by extension 'ignore'
[0.419s] Level 1:colcon.colcon_core.package_identification:_identify(src/ros2_astra_camera/astra_camera_msgs) by extension 'ignore_ament_install'
[0.419s] Level 1:colcon.colcon_core.package_identification:_identify(src/ros2_astra_camera/astra_camera_msgs) by extensions ['colcon_pkg']
[0.420s] Level 1:colcon.colcon_core.package_identification:_identify(src/ros2_astra_camera/astra_camera_msgs) by extension 'colcon_pkg'
[0.420s] Level 1:colcon.colcon_core.package_identification:_identify(src/ros2_astra_camera/astra_camera_msgs) by extensions ['colcon_meta']
[0.420s] Level 1:colcon.colcon_core.package_identification:_identify(src/ros2_astra_camera/astra_camera_msgs) by extension 'colcon_meta'
[0.420s] Level 1:colcon.colcon_core.package_identification:_identify(src/ros2_astra_camera/astra_camera_msgs) by extensions ['ros']
[0.420s] Level 1:colcon.colcon_core.package_identification:_identify(src/ros2_astra_camera/astra_camera_msgs) by extension 'ros'
[0.420s] DEBUG:colcon.colcon_core.package_identification:Package 'src/ros2_astra_camera/astra_camera_msgs' with type 'ros.ament_cmake' and name 'astra_camera_msgs'
[0.421s] Level 1:colcon.colcon_core.package_identification:_identify(src/sllidar_ros2) by extensions ['ignore', 'ignore_ament_install']
[0.421s] Level 1:colcon.colcon_core.package_identification:_identify(src/sllidar_ros2) by extension 'ignore'
[0.421s] Level 1:colcon.colcon_core.package_identification:_identify(src/sllidar_ros2) by extension 'ignore_ament_install'
[0.421s] Level 1:colcon.colcon_core.package_identification:_identify(src/sllidar_ros2) by extensions ['colcon_pkg']
[0.421s] Level 1:colcon.colcon_core.package_identification:_identify(src/sllidar_ros2) by extension 'colcon_pkg'
[0.421s] Level 1:colcon.colcon_core.package_identification:_identify(src/sllidar_ros2) by extensions ['colcon_meta']
[0.421s] Level 1:colcon.colcon_core.package_identification:_identify(src/sllidar_ros2) by extension 'colcon_meta'
[0.421s] Level 1:colcon.colcon_core.package_identification:_identify(src/sllidar_ros2) by extensions ['ros']
[0.421s] Level 1:colcon.colcon_core.package_identification:_identify(src/sllidar_ros2) by extension 'ros'
[0.422s] DEBUG:colcon.colcon_core.package_identification:Package 'src/sllidar_ros2' with type 'ros.ament_cmake' and name 'sllidar_ros2'
[0.422s] Level 1:colcon.colcon_core.package_discovery:discover_packages(recursive) using defaults
[0.422s] Level 1:colcon.colcon_core.package_discovery:discover_packages(ignore) discover
[0.422s] Level 1:colcon.colcon_core.package_discovery:discover_packages(ignore) using defaults
[0.422s] Level 1:colcon.colcon_core.package_discovery:discover_packages(path) discover
[0.422s] Level 1:colcon.colcon_core.package_discovery:discover_packages(path) using defaults
[0.449s] Level 1:colcon.colcon_core.package_discovery:discover_packages(prefix_path) check parameters
[0.449s] Level 1:colcon.colcon_core.package_discovery:discover_packages(prefix_path) discover
[0.452s] DEBUG:colcon.colcon_installed_package_information.package_discovery:Found 2 installed packages in /home/robotec/ros2_ws/install
[0.454s] DEBUG:colcon.colcon_installed_package_information.package_discovery:Found 413 installed packages in /opt/ros/humble
[0.457s] Level 1:colcon.colcon_core.package_discovery:discover_packages(prefix_path) using defaults
[0.516s] Level 5:colcon.colcon_core.verb:set package 'arm_pkg' build argument 'cmake_args' from command line to 'None'
[0.516s] Level 5:colcon.colcon_core.verb:set package 'arm_pkg' build argument 'cmake_target' from command line to 'None'
[0.516s] Level 5:colcon.colcon_core.verb:set package 'arm_pkg' build argument 'cmake_target_skip_unavailable' from command line to 'False'
[0.516s] Level 5:colcon.colcon_core.verb:set package 'arm_pkg' build argument 'cmake_clean_cache' from command line to 'False'
[0.516s] Level 5:colcon.colcon_core.verb:set package 'arm_pkg' build argument 'cmake_clean_first' from command line to 'False'
[0.516s] Level 5:colcon.colcon_core.verb:set package 'arm_pkg' build argument 'cmake_force_configure' from command line to 'False'
[0.516s] Level 5:colcon.colcon_core.verb:set package 'arm_pkg' build argument 'ament_cmake_args' from command line to 'None'
[0.516s] Level 5:colcon.colcon_core.verb:set package 'arm_pkg' build argument 'catkin_cmake_args' from command line to 'None'
[0.516s] Level 5:colcon.colcon_core.verb:set package 'arm_pkg' build argument 'catkin_skip_building_tests' from command line to 'False'
[0.516s] DEBUG:colcon.colcon_core.verb:Building package 'arm_pkg' with the following arguments: {'ament_cmake_args': None, 'build_base': '/home/robotec/ros2_ws/build/arm_pkg', 'catkin_cmake_args': None, 'catkin_skip_building_tests': False, 'cmake_args': None, 'cmake_clean_cache': False, 'cmake_clean_first': False, 'cmake_force_configure': False, 'cmake_target': None, 'cmake_target_skip_unavailable': False, 'install_base': '/home/robotec/ros2_ws/install/arm_pkg', 'merge_install': False, 'path': '/home/robotec/ros2_ws/src/arm_pkg', 'symlink_install': False, 'test_result_base': None}
[0.517s] Level 5:colcon.colcon_core.verb:set package 'astra_camera_msgs' build argument 'cmake_args' from command line to 'None'
[0.517s] Level 5:colcon.colcon_core.verb:set package 'astra_camera_msgs' build argument 'cmake_target' from command line to 'None'
[0.517s] Level 5:colcon.colcon_core.verb:set package 'astra_camera_msgs' build argument 'cmake_target_skip_unavailable' from command line to 'False'
[0.517s] Level 5:colcon.colcon_core.verb:set package 'astra_camera_msgs' build argument 'cmake_clean_cache' from command line to 'False'
[0.517s] Level 5:colcon.colcon_core.verb:set package 'astra_camera_msgs' build argument 'cmake_clean_first' from command line to 'False'
[0.517s] Level 5:colcon.colcon_core.verb:set package 'astra_camera_msgs' build argument 'cmake_force_configure' from command line to 'False'
[0.517s] Level 5:colcon.colcon_core.verb:set package 'astra_camera_msgs' build argument 'ament_cmake_args' from command line to 'None'
[0.517s] Level 5:colcon.colcon_core.verb:set package 'astra_camera_msgs' build argument 'catkin_cmake_args' from command line to 'None'
[0.517s] Level 5:colcon.colcon_core.verb:set package 'astra_camera_msgs' build argument 'catkin_skip_building_tests' from command line to 'False'
[0.517s] DEBUG:colcon.colcon_core.verb:Building package 'astra_camera_msgs' with the following arguments: {'ament_cmake_args': None, 'build_base': '/home/robotec/ros2_ws/build/astra_camera_msgs', 'catkin_cmake_args': None, 'catkin_skip_building_tests': False, 'cmake_args': None, 'cmake_clean_cache': False, 'cmake_clean_first': False, 'cmake_force_configure': False, 'cmake_target': None, 'cmake_target_skip_unavailable': False, 'install_base': '/home/robotec/ros2_ws/install/astra_camera_msgs', 'merge_install': False, 'path': '/home/robotec/ros2_ws/src/ros2_astra_camera/astra_camera_msgs', 'symlink_install': False, 'test_result_base': None}
[0.517s] Level 5:colcon.colcon_core.verb:set package 'camera_pkg' build argument 'cmake_args' from command line to 'None'
[0.517s] Level 5:colcon.colcon_core.verb:set package 'camera_pkg' build argument 'cmake_target' from command line to 'None'
[0.517s] Level 5:colcon.colcon_core.verb:set package 'camera_pkg' build argument 'cmake_target_skip_unavailable' from command line to 'False'
[0.517s] Level 5:colcon.colcon_core.verb:set package 'camera_pkg' build argument 'cmake_clean_cache' from command line to 'False'
[0.517s] Level 5:colcon.colcon_core.verb:set package 'camera_pkg' build argument 'cmake_clean_first' from command line to 'False'
[0.517s] Level 5:colcon.colcon_core.verb:set package 'camera_pkg' build argument 'cmake_force_configure' from command line to 'False'
[0.517s] Level 5:colcon.colcon_core.verb:set package 'camera_pkg' build argument 'ament_cmake_args' from command line to 'None'
[0.517s] Level 5:colcon.colcon_core.verb:set package 'camera_pkg' build argument 'catkin_cmake_args' from command line to 'None'
[0.517s] Level 5:colcon.colcon_core.verb:set package 'camera_pkg' build argument 'catkin_skip_building_tests' from command line to 'False'
[0.517s] DEBUG:colcon.colcon_core.verb:Building package 'camera_pkg' with the following arguments: {'ament_cmake_args': None, 'build_base': '/home/robotec/ros2_ws/build/camera_pkg', 'catkin_cmake_args': None, 'catkin_skip_building_tests': False, 'cmake_args': None, 'cmake_clean_cache': False, 'cmake_clean_first': False, 'cmake_force_configure': False, 'cmake_target': None, 'cmake_target_skip_unavailable': False, 'install_base': '/home/robotec/ros2_ws/install/camera_pkg', 'merge_install': False, 'path': '/home/robotec/ros2_ws/src/camera_pkg', 'symlink_install': False, 'test_result_base': None}
[0.518s] Level 5:colcon.colcon_core.verb:set package 'libuvc' build argument 'cmake_args' from command line to 'None'
[0.518s] Level 5:colcon.colcon_core.verb:set package 'libuvc' build argument 'cmake_target' from command line to 'None'
[0.518s] Level 5:colcon.colcon_core.verb:set package 'libuvc' build argument 'cmake_target_skip_unavailable' from command line to 'False'
[0.518s] Level 5:colcon.colcon_core.verb:set package 'libuvc' build argument 'cmake_clean_cache' from command line to 'False'
[0.518s] Level 5:colcon.colcon_core.verb:set package 'libuvc' build argument 'cmake_clean_first' from command line to 'False'
[0.518s] Level 5:colcon.colcon_core.verb:set package 'libuvc' build argument 'cmake_force_configure' from command line to 'False'
[0.518s] Level 5:colcon.colcon_core.verb:set package 'libuvc' build argument 'ament_cmake_args' from command line to 'None'
[0.518s] Level 5:colcon.colcon_core.verb:set package 'libuvc' build argument 'catkin_cmake_args' from command line to 'None'
[0.518s] Level 5:colcon.colcon_core.verb:set package 'libuvc' build argument 'catkin_skip_building_tests' from command line to 'False'
[0.518s] DEBUG:colcon.colcon_core.verb:Building package 'libuvc' with the following arguments: {'ament_cmake_args': None, 'build_base': '/home/robotec/ros2_ws/build/libuvc', 'catkin_cmake_args': None, 'catkin_skip_building_tests': False, 'cmake_args': None, 'cmake_clean_cache': False, 'cmake_clean_first': False, 'cmake_force_configure': False, 'cmake_target': None, 'cmake_target_skip_unavailable': False, 'install_base': '/home/robotec/ros2_ws/install/libuvc', 'merge_install': False, 'path': '/home/robotec/ros2_ws/src/libuvc', 'symlink_install': False, 'test_result_base': None}
[0.519s] Level 5:colcon.colcon_core.verb:set package 'odometry_pkg' build argument 'cmake_args' from command line to 'None'
[0.519s] Level 5:colcon.colcon_core.verb:set package 'odometry_pkg' build argument 'cmake_target' from command line to 'None'
[0.519s] Level 5:colcon.colcon_core.verb:set package 'odometry_pkg' build argument 'cmake_target_skip_unavailable' from command line to 'False'
[0.519s] Level 5:colcon.colcon_core.verb:set package 'odometry_pkg' build argument 'cmake_clean_cache' from command line to 'False'
[0.519s] Level 5:colcon.colcon_core.verb:set package 'odometry_pkg' build argument 'cmake_clean_first' from command line to 'False'
[0.519s] Level 5:colcon.colcon_core.verb:set package 'odometry_pkg' build argument 'cmake_force_configure' from command line to 'False'
[0.519s] Level 5:colcon.colcon_core.verb:set package 'odometry_pkg' build argument 'ament_cmake_args' from command line to 'None'
[0.519s] Level 5:colcon.colcon_core.verb:set package 'odometry_pkg' build argument 'catkin_cmake_args' from command line to 'None'
[0.519s] Level 5:colcon.colcon_core.verb:set package 'odometry_pkg' build argument 'catkin_skip_building_tests' from command line to 'False'
[0.519s] DEBUG:colcon.colcon_core.verb:Building package 'odometry_pkg' with the following arguments: {'ament_cmake_args': None, 'build_base': '/home/robotec/ros2_ws/build/odometry_pkg', 'catkin_cmake_args': None, 'catkin_skip_building_tests': False, 'cmake_args': None, 'cmake_clean_cache': False, 'cmake_clean_first': False, 'cmake_force_configure': False, 'cmake_target': None, 'cmake_target_skip_unavailable': False, 'install_base': '/home/robotec/ros2_ws/install/odometry_pkg', 'merge_install': False, 'path': '/home/robotec/ros2_ws/src/odometry_pkg', 'symlink_install': False, 'test_result_base': None}
[0.519s] Level 5:colcon.colcon_core.verb:set package 'sllidar_ros2' build argument 'cmake_args' from command line to 'None'
[0.519s] Level 5:colcon.colcon_core.verb:set package 'sllidar_ros2' build argument 'cmake_target' from command line to 'None'
[0.519s] Level 5:colcon.colcon_core.verb:set package 'sllidar_ros2' build argument 'cmake_target_skip_unavailable' from command line to 'False'
[0.519s] Level 5:colcon.colcon_core.verb:set package 'sllidar_ros2' build argument 'cmake_clean_cache' from command line to 'False'
[0.519s] Level 5:colcon.colcon_core.verb:set package 'sllidar_ros2' build argument 'cmake_clean_first' from command line to 'False'
[0.519s] Level 5:colcon.colcon_core.verb:set package 'sllidar_ros2' build argument 'cmake_force_configure' from command line to 'False'
[0.519s] Level 5:colcon.colcon_core.verb:set package 'sllidar_ros2' build argument 'ament_cmake_args' from command line to 'None'
[0.519s] Level 5:colcon.colcon_core.verb:set package 'sllidar_ros2' build argument 'catkin_cmake_args' from command line to 'None'
[0.519s] Level 5:colcon.colcon_core.verb:set package 'sllidar_ros2' build argument 'catkin_skip_building_tests' from command line to 'False'
[0.519s] DEBUG:colcon.colcon_core.verb:Building package 'sllidar_ros2' with the following arguments: {'ament_cmake_args': None, 'build_base': '/home/robotec/ros2_ws/build/sllidar_ros2', 'catkin_cmake_args': None, 'catkin_skip_building_tests': False, 'cmake_args': None, 'cmake_clean_cache': False, 'cmake_clean_first': False, 'cmake_force_configure': False, 'cmake_target': None, 'cmake_target_skip_unavailable': False, 'install_base': '/home/robotec/ros2_ws/install/sllidar_ros2', 'merge_install': False, 'path': '/home/robotec/ros2_ws/src/sllidar_ros2', 'symlink_install': False, 'test_result_base': None}
[0.520s] Level 5:colcon.colcon_core.verb:set package 'astra_camera' build argument 'cmake_args' from command line to 'None'
[0.520s] Level 5:colcon.colcon_core.verb:set package 'astra_camera' build argument 'cmake_target' from command line to 'None'
[0.520s] Level 5:colcon.colcon_core.verb:set package 'astra_camera' build argument 'cmake_target_skip_unavailable' from command line to 'False'
[0.520s] Level 5:colcon.colcon_core.verb:set package 'astra_camera' build argument 'cmake_clean_cache' from command line to 'False'
[0.520s] Level 5:colcon.colcon_core.verb:set package 'astra_camera' build argument 'cmake_clean_first' from command line to 'False'
[0.520s] Level 5:colcon.colcon_core.verb:set package 'astra_camera' build argument 'cmake_force_configure' from command line to 'False'
[0.520s] Level 5:colcon.colcon_core.verb:set package 'astra_camera' build argument 'ament_cmake_args' from command line to 'None'
[0.520s] Level 5:colcon.colcon_core.verb:set package 'astra_camera' build argument 'catkin_cmake_args' from command line to 'None'
[0.520s] Level 5:colcon.colcon_core.verb:set package 'astra_camera' build argument 'catkin_skip_building_tests' from command line to 'False'
[0.520s] DEBUG:colcon.colcon_core.verb:Building package 'astra_camera' with the following arguments: {'ament_cmake_args': None, 'build_base': '/home/robotec/ros2_ws/build/astra_camera', 'catkin_cmake_args': None, 'catkin_skip_building_tests': False, 'cmake_args': None, 'cmake_clean_cache': False, 'cmake_clean_first': False, 'cmake_force_configure': False, 'cmake_target': None, 'cmake_target_skip_unavailable': False, 'install_base': '/home/robotec/ros2_ws/install/astra_camera', 'merge_install': False, 'path': '/home/robotec/ros2_ws/src/ros2_astra_camera/astra_camera', 'symlink_install': False, 'test_result_base': None}
[0.520s] INFO:colcon.colcon_core.executor:Executing jobs using 'parallel' executor
[0.521s] DEBUG:colcon.colcon_parallel_executor.executor.parallel:run_until_complete
[0.521s] INFO:colcon.colcon_ros.task.ament_cmake.build:Building ROS package in '/home/robotec/ros2_ws/src/ros2_astra_camera/astra_camera_msgs' with build type 'ament_cmake'
[0.522s] INFO:colcon.colcon_cmake.task.cmake.build:Building CMake package in '/home/robotec/ros2_ws/src/ros2_astra_camera/astra_camera_msgs'
[0.526s] INFO:colcon.colcon_core.plugin_system:Skipping extension 'colcon_core.shell.bat': Not used on non-Windows systems
[0.526s] INFO:colcon.colcon_core.shell:Skip shell extension 'powershell' for command environment: Not usable outside of PowerShell
[0.526s] DEBUG:colcon.colcon_core.shell:Skip shell extension 'dsv' for command environment
[0.531s] INFO:colcon.colcon_ros.task.ament_python.build:Building ROS package in '/home/robotec/ros2_ws/src/arm_pkg' with build type 'ament_python'
[0.531s] Level 1:colcon.colcon_core.shell:create_environment_hook('arm_pkg', 'ament_prefix_path')
[0.531s] INFO:colcon.colcon_core.shell:Creating environment hook '/home/robotec/ros2_ws/install/arm_pkg/share/arm_pkg/hook/ament_prefix_path.ps1'
[0.532s] INFO:colcon.colcon_core.shell:Creating environment descriptor '/home/robotec/ros2_ws/install/arm_pkg/share/arm_pkg/hook/ament_prefix_path.dsv'
[0.533s] INFO:colcon.colcon_core.shell:Creating environment hook '/home/robotec/ros2_ws/install/arm_pkg/share/arm_pkg/hook/ament_prefix_path.sh'
[0.534s] INFO:colcon.colcon_core.shell:Skip shell extension 'powershell' for command environment: Not usable outside of PowerShell
[0.534s] DEBUG:colcon.colcon_core.shell:Skip shell extension 'dsv' for command environment
[0.537s] INFO:colcon.colcon_ros.task.ament_python.build:Building ROS package in '/home/robotec/ros2_ws/src/camera_pkg' with build type 'ament_python'
[0.538s] Level 1:colcon.colcon_core.shell:create_environment_hook('camera_pkg', 'ament_prefix_path')
[0.538s] INFO:colcon.colcon_core.shell:Creating environment hook '/home/robotec/ros2_ws/install/camera_pkg/share/camera_pkg/hook/ament_prefix_path.ps1'
[0.539s] INFO:colcon.colcon_core.shell:Creating environment descriptor '/home/robotec/ros2_ws/install/camera_pkg/share/camera_pkg/hook/ament_prefix_path.dsv'
[0.539s] INFO:colcon.colcon_core.shell:Creating environment hook '/home/robotec/ros2_ws/install/camera_pkg/share/camera_pkg/hook/ament_prefix_path.sh'
[0.540s] INFO:colcon.colcon_core.shell:Skip shell extension 'powershell' for command environment: Not usable outside of PowerShell
[0.540s] DEBUG:colcon.colcon_core.shell:Skip shell extension 'dsv' for command environment
[0.543s] INFO:colcon.colcon_cmake.task.cmake.build:Building CMake package in '/home/robotec/ros2_ws/src/libuvc'
[0.544s] INFO:colcon.colcon_core.shell:Skip shell extension 'powershell' for command environment: Not usable outside of PowerShell
[0.544s] DEBUG:colcon.colcon_core.shell:Skip shell extension 'dsv' for command environment
[0.552s] DEBUG:colcon.colcon_core.event_handler.log_command:Invoking command in '/home/robotec/ros2_ws/build/astra_camera_msgs': CMAKE_PREFIX_PATH=/home/robotec/ros2_ws/install/odometry_pkg:/home/robotec/ros2_ws/install/arm_pkg:/opt/ros/humble /usr/bin/cmake /home/robotec/ros2_ws/src/ros2_astra_camera/astra_camera_msgs -DCMAKE_INSTALL_PREFIX=/home/robotec/ros2_ws/install/astra_camera_msgs
[0.877s] INFO:colcon.colcon_core.task.python.build:Building Python package in '/home/robotec/ros2_ws/src/arm_pkg'
[0.877s] INFO:colcon.colcon_core.shell:Skip shell extension 'powershell' for command environment: Not usable outside of PowerShell
[0.877s] DEBUG:colcon.colcon_core.shell:Skip shell extension 'dsv' for command environment
[1.219s] INFO:colcon.colcon_core.task.python.build:Building Python package in '/home/robotec/ros2_ws/src/camera_pkg'
[1.220s] INFO:colcon.colcon_core.shell:Skip shell extension 'powershell' for command environment: Not usable outside of PowerShell
[1.220s] DEBUG:colcon.colcon_core.shell:Skip shell extension 'dsv' for command environment
[1.230s] DEBUG:colcon.colcon_core.event_handler.log_command:Invoking command in '/home/robotec/ros2_ws/build/libuvc': /usr/bin/cmake /home/robotec/ros2_ws/src/libuvc -DCMAKE_INSTALL_PREFIX=/home/robotec/ros2_ws/install/libuvc
[1.952s] DEBUG:colcon.colcon_core.event_handler.log_command:Invoked command in '/home/robotec/ros2_ws/build/libuvc' returned '0': /usr/bin/cmake /home/robotec/ros2_ws/src/libuvc -DCMAKE_INSTALL_PREFIX=/home/robotec/ros2_ws/install/libuvc
[1.953s] DEBUG:colcon.colcon_core.event_handler.log_command:Invoking command in '/home/robotec/ros2_ws/build/libuvc': /usr/bin/cmake --build /home/robotec/ros2_ws/build/libuvc -- -j4 -l4
[2.066s] DEBUG:colcon.colcon_core.event_handler.log_command:Invoking command in '/home/robotec/ros2_ws/src/camera_pkg': PYTHONPATH=/home/robotec/ros2_ws/build/camera_pkg/prefix_override:/usr/lib/python3/dist-packages/colcon_core/task/python/colcon_distutils_commands:/home/robotec/ros2_ws/install/camera_pkg/lib/python3.10/site-packages:${PYTHONPATH} /usr/bin/python3 -W ignore:setup.py install is deprecated -W ignore:easy_install command is deprecated setup.py egg_info --egg-base ../../build/camera_pkg build --build-base /home/robotec/ros2_ws/build/camera_pkg/build install --record /home/robotec/ros2_ws/build/camera_pkg/install.log --single-version-externally-managed install_data
[2.092s] DEBUG:colcon.colcon_core.event_handler.log_command:Invoking command in '/home/robotec/ros2_ws/build/arm_pkg': PYTHONPATH=/home/robotec/ros2_ws/build/arm_pkg/prefix_override:/usr/lib/python3/dist-packages/colcon_core/task/python/colcon_distutils_commands:/home/robotec/ros2_ws/install/arm_pkg/lib/python3.10/site-packages:${PYTHONPATH} /usr/bin/python3 -W ignore:setup.py install is deprecated -W ignore:easy_install command is deprecated setup.py develop --uninstall --editable --build-directory /home/robotec/ros2_ws/build/arm_pkg/build
[3.459s] DEBUG:colcon.colcon_core.event_handler.log_command:Invoked command in '/home/robotec/ros2_ws/src/camera_pkg' returned '0': PYTHONPATH=/home/robotec/ros2_ws/build/camera_pkg/prefix_override:/usr/lib/python3/dist-packages/colcon_core/task/python/colcon_distutils_commands:/home/robotec/ros2_ws/install/camera_pkg/lib/python3.10/site-packages:${PYTHONPATH} /usr/bin/python3 -W ignore:setup.py install is deprecated -W ignore:easy_install command is deprecated setup.py egg_info --egg-base ../../build/camera_pkg build --build-base /home/robotec/ros2_ws/build/camera_pkg/build install --record /home/robotec/ros2_ws/build/camera_pkg/install.log --single-version-externally-managed install_data
[3.477s] Level 1:colcon.colcon_core.environment:checking '/home/robotec/ros2_ws/install/camera_pkg' for CMake module files
[3.478s] Level 1:colcon.colcon_core.environment:checking '/home/robotec/ros2_ws/install/camera_pkg' for CMake config files
[3.485s] Level 1:colcon.colcon_core.environment:checking '/home/robotec/ros2_ws/install/camera_pkg/lib'
[3.486s] Level 1:colcon.colcon_core.environment:checking '/home/robotec/ros2_ws/install/camera_pkg/bin'
[3.486s] Level 1:colcon.colcon_core.environment:checking '/home/robotec/ros2_ws/install/camera_pkg/lib/pkgconfig/camera_pkg.pc'
[3.493s] Level 1:colcon.colcon_core.environment:checking '/home/robotec/ros2_ws/install/camera_pkg/lib/python3.10/site-packages'
[3.493s] Level 1:colcon.colcon_core.shell:create_environment_hook('camera_pkg', 'pythonpath')
[3.494s] INFO:colcon.colcon_core.shell:Creating environment hook '/home/robotec/ros2_ws/install/camera_pkg/share/camera_pkg/hook/pythonpath.ps1'
[3.501s] INFO:colcon.colcon_core.shell:Creating environment descriptor '/home/robotec/ros2_ws/install/camera_pkg/share/camera_pkg/hook/pythonpath.dsv'
[3.502s] INFO:colcon.colcon_core.shell:Creating environment hook '/home/robotec/ros2_ws/install/camera_pkg/share/camera_pkg/hook/pythonpath.sh'
[3.503s] Level 1:colcon.colcon_core.environment:checking '/home/robotec/ros2_ws/install/camera_pkg/bin'
[3.503s] Level 1:colcon.colcon_core.environment:create_environment_scripts_only(camera_pkg)
[3.507s] INFO:colcon.colcon_core.shell:Creating package script '/home/robotec/ros2_ws/install/camera_pkg/share/camera_pkg/package.ps1'
[3.512s] INFO:colcon.colcon_core.shell:Creating package descriptor '/home/robotec/ros2_ws/install/camera_pkg/share/camera_pkg/package.dsv'
[3.516s] INFO:colcon.colcon_core.shell:Creating package script '/home/robotec/ros2_ws/install/camera_pkg/share/camera_pkg/package.sh'
[3.518s] INFO:colcon.colcon_core.shell:Creating package script '/home/robotec/ros2_ws/install/camera_pkg/share/camera_pkg/package.bash'
[3.526s] INFO:colcon.colcon_core.shell:Creating package script '/home/robotec/ros2_ws/install/camera_pkg/share/camera_pkg/package.zsh'
[3.528s] Level 1:colcon.colcon_core.environment:create_file_with_runtime_dependencies(/home/robotec/ros2_ws/install/camera_pkg/share/colcon-core/packages/camera_pkg)
[3.533s] INFO:colcon.colcon_ros.task.ament_python.build:Building ROS package in '/home/robotec/ros2_ws/src/odometry_pkg' with build type 'ament_python'
[3.533s] Level 1:colcon.colcon_core.shell:create_environment_hook('odometry_pkg', 'ament_prefix_path')
[3.534s] INFO:colcon.colcon_core.shell:Creating environment hook '/home/robotec/ros2_ws/install/odometry_pkg/share/odometry_pkg/hook/ament_prefix_path.ps1'
[3.536s] INFO:colcon.colcon_core.shell:Creating environment descriptor '/home/robotec/ros2_ws/install/odometry_pkg/share/odometry_pkg/hook/ament_prefix_path.dsv'
[3.539s] INFO:colcon.colcon_core.shell:Creating environment hook '/home/robotec/ros2_ws/install/odometry_pkg/share/odometry_pkg/hook/ament_prefix_path.sh'
[3.540s] INFO:colcon.colcon_core.shell:Skip shell extension 'powershell' for command environment: Not usable outside of PowerShell
[3.542s] DEBUG:colcon.colcon_core.shell:Skip shell extension 'dsv' for command environment
[3.563s] DEBUG:colcon.colcon_core.event_handler.log_command:Invoked command in '/home/robotec/ros2_ws/build/arm_pkg' returned '0': PYTHONPATH=/home/robotec/ros2_ws/build/arm_pkg/prefix_override:/usr/lib/python3/dist-packages/colcon_core/task/python/colcon_distutils_commands:/home/robotec/ros2_ws/install/arm_pkg/lib/python3.10/site-packages:${PYTHONPATH} /usr/bin/python3 -W ignore:setup.py install is deprecated -W ignore:easy_install command is deprecated setup.py develop --uninstall --editable --build-directory /home/robotec/ros2_ws/build/arm_pkg/build
[3.572s] DEBUG:colcon.colcon_core.event_handler.log_command:Invoking command in '/home/robotec/ros2_ws/src/arm_pkg': PYTHONPATH=/home/robotec/ros2_ws/build/arm_pkg/prefix_override:/usr/lib/python3/dist-packages/colcon_core/task/python/colcon_distutils_commands:/home/robotec/ros2_ws/install/arm_pkg/lib/python3.10/site-packages:${PYTHONPATH} /usr/bin/python3 -W ignore:setup.py install is deprecated -W ignore:easy_install command is deprecated setup.py egg_info --egg-base ../../build/arm_pkg build --build-base /home/robotec/ros2_ws/build/arm_pkg/build install --record /home/robotec/ros2_ws/build/arm_pkg/install.log --single-version-externally-managed install_data --force
[4.897s] INFO:colcon.colcon_core.task.python.build:Building Python package in '/home/robotec/ros2_ws/src/odometry_pkg'
[4.897s] INFO:colcon.colcon_core.shell:Skip shell extension 'powershell' for command environment: Not usable outside of PowerShell
[4.897s] DEBUG:colcon.colcon_core.shell:Skip shell extension 'dsv' for command environment
[5.210s] Level 1:colcon.colcon_core.environment:checking '/home/robotec/ros2_ws/install/arm_pkg' for CMake module files
[5.212s] Level 1:colcon.colcon_core.environment:checking '/home/robotec/ros2_ws/install/arm_pkg' for CMake config files
[5.211s] DEBUG:colcon.colcon_core.event_handler.log_command:Invoked command in '/home/robotec/ros2_ws/src/arm_pkg' returned '0': PYTHONPATH=/home/robotec/ros2_ws/build/arm_pkg/prefix_override:/usr/lib/python3/dist-packages/colcon_core/task/python/colcon_distutils_commands:/home/robotec/ros2_ws/install/arm_pkg/lib/python3.10/site-packages:${PYTHONPATH} /usr/bin/python3 -W ignore:setup.py install is deprecated -W ignore:easy_install command is deprecated setup.py egg_info --egg-base ../../build/arm_pkg build --build-base /home/robotec/ros2_ws/build/arm_pkg/build install --record /home/robotec/ros2_ws/build/arm_pkg/install.log --single-version-externally-managed install_data --force
[5.215s] Level 1:colcon.colcon_core.environment:checking '/home/robotec/ros2_ws/install/arm_pkg/lib'
[5.217s] Level 1:colcon.colcon_core.environment:checking '/home/robotec/ros2_ws/install/arm_pkg/bin'
[5.217s] Level 1:colcon.colcon_core.environment:checking '/home/robotec/ros2_ws/install/arm_pkg/lib/pkgconfig/arm_pkg.pc'
[5.217s] Level 1:colcon.colcon_core.environment:checking '/home/robotec/ros2_ws/install/arm_pkg/lib/python3.10/site-packages'
[5.218s] Level 1:colcon.colcon_core.shell:create_environment_hook('arm_pkg', 'pythonpath')
[5.218s] INFO:colcon.colcon_core.shell:Creating environment hook '/home/robotec/ros2_ws/install/arm_pkg/share/arm_pkg/hook/pythonpath.ps1'
[5.222s] INFO:colcon.colcon_core.shell:Creating environment descriptor '/home/robotec/ros2_ws/install/arm_pkg/share/arm_pkg/hook/pythonpath.dsv'
[5.223s] INFO:colcon.colcon_core.shell:Creating environment hook '/home/robotec/ros2_ws/install/arm_pkg/share/arm_pkg/hook/pythonpath.sh'
[5.224s] Level 1:colcon.colcon_core.environment:checking '/home/robotec/ros2_ws/install/arm_pkg/bin'
[5.225s] Level 1:colcon.colcon_core.environment:create_environment_scripts_only(arm_pkg)
[5.228s] INFO:colcon.colcon_core.shell:Creating package script '/home/robotec/ros2_ws/install/arm_pkg/share/arm_pkg/package.ps1'
[5.229s] INFO:colcon.colcon_core.shell:Creating package descriptor '/home/robotec/ros2_ws/install/arm_pkg/share/arm_pkg/package.dsv'
[5.230s] INFO:colcon.colcon_core.shell:Creating package script '/home/robotec/ros2_ws/install/arm_pkg/share/arm_pkg/package.sh'
[5.231s] INFO:colcon.colcon_core.shell:Creating package script '/home/robotec/ros2_ws/install/arm_pkg/share/arm_pkg/package.bash'
[5.232s] INFO:colcon.colcon_core.shell:Creating package script '/home/robotec/ros2_ws/install/arm_pkg/share/arm_pkg/package.zsh'
[5.233s] Level 1:colcon.colcon_core.environment:create_file_with_runtime_dependencies(/home/robotec/ros2_ws/install/arm_pkg/share/colcon-core/packages/arm_pkg)
[5.234s] INFO:colcon.colcon_ros.task.ament_cmake.build:Building ROS package in '/home/robotec/ros2_ws/src/sllidar_ros2' with build type 'ament_cmake'
[5.234s] INFO:colcon.colcon_cmake.task.cmake.build:Building CMake package in '/home/robotec/ros2_ws/src/sllidar_ros2'
[5.235s] INFO:colcon.colcon_core.shell:Skip shell extension 'powershell' for command environment: Not usable outside of PowerShell
[5.235s] DEBUG:colcon.colcon_core.shell:Skip shell extension 'dsv' for command environment
[5.264s] DEBUG:colcon.colcon_core.event_handler.log_command:Invoking command in '/home/robotec/ros2_ws/build/sllidar_ros2': CMAKE_PREFIX_PATH=/home/robotec/ros2_ws/install/odometry_pkg:/home/robotec/ros2_ws/install/arm_pkg:/opt/ros/humble /usr/bin/cmake /home/robotec/ros2_ws/src/sllidar_ros2 -DCMAKE_INSTALL_PREFIX=/home/robotec/ros2_ws/install/sllidar_ros2
[5.778s] DEBUG:colcon.colcon_core.event_handler.log_command:Invoking command in '/home/robotec/ros2_ws/src/odometry_pkg': PYTHONPATH=/home/robotec/ros2_ws/build/odometry_pkg/prefix_override:/usr/lib/python3/dist-packages/colcon_core/task/python/colcon_distutils_commands:/home/robotec/ros2_ws/install/odometry_pkg/lib/python3.10/site-packages:${PYTHONPATH} /usr/bin/python3 -W ignore:setup.py install is deprecated -W ignore:easy_install command is deprecated setup.py egg_info --egg-base ../../build/odometry_pkg build --build-base /home/robotec/ros2_ws/build/odometry_pkg/build install --record /home/robotec/ros2_ws/build/odometry_pkg/install.log --single-version-externally-managed install_data
[5.978s] DEBUG:colcon.colcon_core.event_handler.log_command:Invoked command in '/home/robotec/ros2_ws/build/libuvc' returned '0': /usr/bin/cmake --build /home/robotec/ros2_ws/build/libuvc -- -j4 -l4
[6.003s] DEBUG:colcon.colcon_core.event_handler.log_command:Invoking command in '/home/robotec/ros2_ws/build/libuvc': /usr/bin/cmake --install /home/robotec/ros2_ws/build/libuvc
[6.025s] Level 1:colcon.colcon_core.environment:create_environment_scripts_only(libuvc)
[6.026s] Level 1:colcon.colcon_core.environment:checking '/home/robotec/ros2_ws/install/libuvc' for CMake module files
[6.026s] Level 1:colcon.colcon_core.shell:create_environment_hook('libuvc', 'cmake_module_path')
[6.027s] INFO:colcon.colcon_core.shell:Creating environment hook '/home/robotec/ros2_ws/install/libuvc/share/libuvc/hook/cmake_module_path.ps1'
[6.027s] INFO:colcon.colcon_core.shell:Creating environment descriptor '/home/robotec/ros2_ws/install/libuvc/share/libuvc/hook/cmake_module_path.dsv'
[6.028s] DEBUG:colcon.colcon_core.event_handler.log_command:Invoked command in '/home/robotec/ros2_ws/build/libuvc' returned '0': /usr/bin/cmake --install /home/robotec/ros2_ws/build/libuvc
[6.029s] INFO:colcon.colcon_core.shell:Creating environment hook '/home/robotec/ros2_ws/install/libuvc/share/libuvc/hook/cmake_module_path.sh'
[6.030s] Level 1:colcon.colcon_core.shell:create_environment_hook('libuvc', 'cmake_module_path1')
[6.030s] INFO:colcon.colcon_core.shell:Creating environment hook '/home/robotec/ros2_ws/install/libuvc/share/libuvc/hook/cmake_module_path1.ps1'
[6.031s] INFO:colcon.colcon_core.shell:Creating environment descriptor '/home/robotec/ros2_ws/install/libuvc/share/libuvc/hook/cmake_module_path1.dsv'
[6.032s] INFO:colcon.colcon_core.shell:Creating environment hook '/home/robotec/ros2_ws/install/libuvc/share/libuvc/hook/cmake_module_path1.sh'
[6.033s] Level 1:colcon.colcon_core.environment:checking '/home/robotec/ros2_ws/install/libuvc' for CMake config files
[6.033s] Level 1:colcon.colcon_core.shell:create_environment_hook('libuvc', 'cmake_prefix_path')
[6.034s] INFO:colcon.colcon_core.shell:Creating environment hook '/home/robotec/ros2_ws/install/libuvc/share/libuvc/hook/cmake_prefix_path.ps1'
[6.036s] INFO:colcon.colcon_core.shell:Creating environment descriptor '/home/robotec/ros2_ws/install/libuvc/share/libuvc/hook/cmake_prefix_path.dsv'
[6.036s] INFO:colcon.colcon_core.shell:Creating environment hook '/home/robotec/ros2_ws/install/libuvc/share/libuvc/hook/cmake_prefix_path.sh'
[6.037s] Level 1:colcon.colcon_core.environment:checking '/home/robotec/ros2_ws/install/libuvc/lib'
[6.037s] Level 1:colcon.colcon_core.shell:create_environment_hook('libuvc', 'ld_library_path_lib')
[6.038s] INFO:colcon.colcon_core.shell:Creating environment hook '/home/robotec/ros2_ws/install/libuvc/share/libuvc/hook/ld_library_path_lib.ps1'
[6.039s] INFO:colcon.colcon_core.shell:Creating environment descriptor '/home/robotec/ros2_ws/install/libuvc/share/libuvc/hook/ld_library_path_lib.dsv'
[6.040s] INFO:colcon.colcon_core.shell:Creating environment hook '/home/robotec/ros2_ws/install/libuvc/share/libuvc/hook/ld_library_path_lib.sh'
[6.041s] Level 1:colcon.colcon_core.environment:checking '/home/robotec/ros2_ws/install/libuvc/bin'
[6.041s] Level 1:colcon.colcon_core.environment:checking '/home/robotec/ros2_ws/install/libuvc/lib/pkgconfig/libuvc.pc'
[6.041s] Level 1:colcon.colcon_core.shell:create_environment_hook('libuvc', 'pkg_config')
[6.042s] INFO:colcon.colcon_core.shell:Creating environment hook '/home/robotec/ros2_ws/install/libuvc/share/libuvc/hook/pkg_config.ps1'
[6.043s] INFO:colcon.colcon_core.shell:Creating environment descriptor '/home/robotec/ros2_ws/install/libuvc/share/libuvc/hook/pkg_config.dsv'
[6.043s] INFO:colcon.colcon_core.shell:Creating environment hook '/home/robotec/ros2_ws/install/libuvc/share/libuvc/hook/pkg_config.sh'
[6.044s] Level 1:colcon.colcon_core.environment:checking '/home/robotec/ros2_ws/install/libuvc/lib/python3.10/site-packages'
[6.045s] Level 1:colcon.colcon_core.environment:checking '/home/robotec/ros2_ws/install/libuvc/bin'
[6.046s] INFO:colcon.colcon_core.shell:Creating package script '/home/robotec/ros2_ws/install/libuvc/share/libuvc/package.ps1'
[6.047s] INFO:colcon.colcon_core.shell:Creating package descriptor '/home/robotec/ros2_ws/install/libuvc/share/libuvc/package.dsv'
[6.048s] INFO:colcon.colcon_core.shell:Creating package script '/home/robotec/ros2_ws/install/libuvc/share/libuvc/package.sh'
[6.049s] INFO:colcon.colcon_core.shell:Creating package script '/home/robotec/ros2_ws/install/libuvc/share/libuvc/package.bash'
[6.050s] INFO:colcon.colcon_core.shell:Creating package script '/home/robotec/ros2_ws/install/libuvc/share/libuvc/package.zsh'
[6.051s] Level 1:colcon.colcon_core.environment:create_file_with_runtime_dependencies(/home/robotec/ros2_ws/install/libuvc/share/colcon-core/packages/libuvc)
[6.140s] DEBUG:colcon.colcon_core.event_handler.log_command:Invoked command in '/home/robotec/ros2_ws/build/astra_camera_msgs' returned '0': CMAKE_PREFIX_PATH=/home/robotec/ros2_ws/install/odometry_pkg:/home/robotec/ros2_ws/install/arm_pkg:/opt/ros/humble /usr/bin/cmake /home/robotec/ros2_ws/src/ros2_astra_camera/astra_camera_msgs -DCMAKE_INSTALL_PREFIX=/home/robotec/ros2_ws/install/astra_camera_msgs
[6.142s] DEBUG:colcon.colcon_core.event_handler.log_command:Invoking command in '/home/robotec/ros2_ws/build/astra_camera_msgs': CMAKE_PREFIX_PATH=/home/robotec/ros2_ws/install/odometry_pkg:/home/robotec/ros2_ws/install/arm_pkg:/opt/ros/humble /usr/bin/cmake --build /home/robotec/ros2_ws/build/astra_camera_msgs -- -j4 -l4
[6.561s] Level 1:colcon.colcon_core.environment:checking '/home/robotec/ros2_ws/install/odometry_pkg' for CMake module files
[6.562s] Level 1:colcon.colcon_core.environment:checking '/home/robotec/ros2_ws/install/odometry_pkg' for CMake config files
[6.563s] DEBUG:colcon.colcon_core.event_handler.log_command:Invoked command in '/home/robotec/ros2_ws/src/odometry_pkg' returned '0': PYTHONPATH=/home/robotec/ros2_ws/build/odometry_pkg/prefix_override:/usr/lib/python3/dist-packages/colcon_core/task/python/colcon_distutils_commands:/home/robotec/ros2_ws/install/odometry_pkg/lib/python3.10/site-packages:${PYTHONPATH} /usr/bin/python3 -W ignore:setup.py install is deprecated -W ignore:easy_install command is deprecated setup.py egg_info --egg-base ../../build/odometry_pkg build --build-base /home/robotec/ros2_ws/build/odometry_pkg/build install --record /home/robotec/ros2_ws/build/odometry_pkg/install.log --single-version-externally-managed install_data
[6.565s] Level 1:colcon.colcon_core.environment:checking '/home/robotec/ros2_ws/install/odometry_pkg/lib'
[6.566s] Level 1:colcon.colcon_core.environment:checking '/home/robotec/ros2_ws/install/odometry_pkg/bin'
[6.566s] Level 1:colcon.colcon_core.environment:checking '/home/robotec/ros2_ws/install/odometry_pkg/lib/pkgconfig/odometry_pkg.pc'
[6.566s] Level 1:colcon.colcon_core.environment:checking '/home/robotec/ros2_ws/install/odometry_pkg/lib/python3.10/site-packages'
[6.566s] Level 1:colcon.colcon_core.shell:create_environment_hook('odometry_pkg', 'pythonpath')
[6.567s] INFO:colcon.colcon_core.shell:Creating environment hook '/home/robotec/ros2_ws/install/odometry_pkg/share/odometry_pkg/hook/pythonpath.ps1'
[6.568s] INFO:colcon.colcon_core.shell:Creating environment descriptor '/home/robotec/ros2_ws/install/odometry_pkg/share/odometry_pkg/hook/pythonpath.dsv'
[6.568s] INFO:colcon.colcon_core.shell:Creating environment hook '/home/robotec/ros2_ws/install/odometry_pkg/share/odometry_pkg/hook/pythonpath.sh'
[6.573s] Level 1:colcon.colcon_core.environment:checking '/home/robotec/ros2_ws/install/odometry_pkg/bin'
[6.573s] Level 1:colcon.colcon_core.environment:create_environment_scripts_only(odometry_pkg)
[6.574s] INFO:colcon.colcon_core.shell:Creating package script '/home/robotec/ros2_ws/install/odometry_pkg/share/odometry_pkg/package.ps1'
[6.574s] INFO:colcon.colcon_core.shell:Creating package descriptor '/home/robotec/ros2_ws/install/odometry_pkg/share/odometry_pkg/package.dsv'
[6.577s] INFO:colcon.colcon_core.shell:Creating package script '/home/robotec/ros2_ws/install/odometry_pkg/share/odometry_pkg/package.sh'
[6.577s] INFO:colcon.colcon_core.shell:Creating package script '/home/robotec/ros2_ws/install/odometry_pkg/share/odometry_pkg/package.bash'
[6.578s] INFO:colcon.colcon_core.shell:Creating package script '/home/robotec/ros2_ws/install/odometry_pkg/share/odometry_pkg/package.zsh'
[6.579s] Level 1:colcon.colcon_core.environment:create_file_with_runtime_dependencies(/home/robotec/ros2_ws/install/odometry_pkg/share/colcon-core/packages/odometry_pkg)
[7.570s] DEBUG:colcon.colcon_core.event_handler.log_command:Invoked command in '/home/robotec/ros2_ws/build/sllidar_ros2' returned '0': CMAKE_PREFIX_PATH=/home/robotec/ros2_ws/install/odometry_pkg:/home/robotec/ros2_ws/install/arm_pkg:/opt/ros/humble /usr/bin/cmake /home/robotec/ros2_ws/src/sllidar_ros2 -DCMAKE_INSTALL_PREFIX=/home/robotec/ros2_ws/install/sllidar_ros2
[7.572s] DEBUG:colcon.colcon_core.event_handler.log_command:Invoking command in '/home/robotec/ros2_ws/build/sllidar_ros2': CMAKE_PREFIX_PATH=/home/robotec/ros2_ws/install/odometry_pkg:/home/robotec/ros2_ws/install/arm_pkg:/opt/ros/humble /usr/bin/cmake --build /home/robotec/ros2_ws/build/sllidar_ros2 -- -j4 -l4
[30.759s] DEBUG:colcon.colcon_core.event_handler.log_command:Invoked command in '/home/robotec/ros2_ws/build/astra_camera_msgs' returned '0': CMAKE_PREFIX_PATH=/home/robotec/ros2_ws/install/odometry_pkg:/home/robotec/ros2_ws/install/arm_pkg:/opt/ros/humble /usr/bin/cmake --build /home/robotec/ros2_ws/build/astra_camera_msgs -- -j4 -l4
[30.761s] DEBUG:colcon.colcon_core.event_handler.log_command:Invoking command in '/home/robotec/ros2_ws/build/astra_camera_msgs': CMAKE_PREFIX_PATH=/home/robotec/ros2_ws/install/odometry_pkg:/home/robotec/ros2_ws/install/arm_pkg:/opt/ros/humble /usr/bin/cmake --install /home/robotec/ros2_ws/build/astra_camera_msgs
[30.912s] Level 1:colcon.colcon_core.environment:create_environment_scripts_only(astra_camera_msgs)
[30.913s] Level 1:colcon.colcon_core.environment:checking '/home/robotec/ros2_ws/install/astra_camera_msgs' for CMake module files
[30.914s] DEBUG:colcon.colcon_core.event_handler.log_command:Invoked command in '/home/robotec/ros2_ws/build/astra_camera_msgs' returned '0': CMAKE_PREFIX_PATH=/home/robotec/ros2_ws/install/odometry_pkg:/home/robotec/ros2_ws/install/arm_pkg:/opt/ros/humble /usr/bin/cmake --install /home/robotec/ros2_ws/build/astra_camera_msgs
[30.914s] Level 1:colcon.colcon_core.environment:checking '/home/robotec/ros2_ws/install/astra_camera_msgs' for CMake config files
[30.914s] Level 1:colcon.colcon_core.shell:create_environment_hook('astra_camera_msgs', 'cmake_prefix_path')
[30.915s] INFO:colcon.colcon_core.shell:Creating environment hook '/home/robotec/ros2_ws/install/astra_camera_msgs/share/astra_camera_msgs/hook/cmake_prefix_path.ps1'
[30.916s] INFO:colcon.colcon_core.shell:Creating environment descriptor '/home/robotec/ros2_ws/install/astra_camera_msgs/share/astra_camera_msgs/hook/cmake_prefix_path.dsv'
[30.916s] INFO:colcon.colcon_core.shell:Creating environment hook '/home/robotec/ros2_ws/install/astra_camera_msgs/share/astra_camera_msgs/hook/cmake_prefix_path.sh'
[30.917s] Level 1:colcon.colcon_core.environment:checking '/home/robotec/ros2_ws/install/astra_camera_msgs/lib'
[30.918s] Level 1:colcon.colcon_core.shell:create_environment_hook('astra_camera_msgs', 'ld_library_path_lib')
[30.918s] INFO:colcon.colcon_core.shell:Creating environment hook '/home/robotec/ros2_ws/install/astra_camera_msgs/share/astra_camera_msgs/hook/ld_library_path_lib.ps1'
[30.919s] INFO:colcon.colcon_core.shell:Creating environment descriptor '/home/robotec/ros2_ws/install/astra_camera_msgs/share/astra_camera_msgs/hook/ld_library_path_lib.dsv'
[30.919s] INFO:colcon.colcon_core.shell:Creating environment hook '/home/robotec/ros2_ws/install/astra_camera_msgs/share/astra_camera_msgs/hook/ld_library_path_lib.sh'
[30.920s] Level 1:colcon.colcon_core.environment:checking '/home/robotec/ros2_ws/install/astra_camera_msgs/bin'
[30.920s] Level 1:colcon.colcon_core.environment:checking '/home/robotec/ros2_ws/install/astra_camera_msgs/lib/pkgconfig/astra_camera_msgs.pc'
[30.920s] Level 1:colcon.colcon_core.environment:checking '/home/robotec/ros2_ws/install/astra_camera_msgs/lib/python3.10/site-packages'
[30.921s] Level 1:colcon.colcon_core.environment:checking '/home/robotec/ros2_ws/install/astra_camera_msgs/bin'
[30.921s] INFO:colcon.colcon_core.shell:Creating package script '/home/robotec/ros2_ws/install/astra_camera_msgs/share/astra_camera_msgs/package.ps1'
[30.922s] INFO:colcon.colcon_core.shell:Creating package descriptor '/home/robotec/ros2_ws/install/astra_camera_msgs/share/astra_camera_msgs/package.dsv'
[30.922s] INFO:colcon.colcon_core.shell:Creating package script '/home/robotec/ros2_ws/install/astra_camera_msgs/share/astra_camera_msgs/package.sh'
[30.923s] INFO:colcon.colcon_core.shell:Creating package script '/home/robotec/ros2_ws/install/astra_camera_msgs/share/astra_camera_msgs/package.bash'
[30.923s] INFO:colcon.colcon_core.shell:Creating package script '/home/robotec/ros2_ws/install/astra_camera_msgs/share/astra_camera_msgs/package.zsh'
[30.924s] Level 1:colcon.colcon_core.environment:create_file_with_runtime_dependencies(/home/robotec/ros2_ws/install/astra_camera_msgs/share/colcon-core/packages/astra_camera_msgs)
[30.925s] Level 1:colcon.colcon_core.environment:create_environment_scripts_only(astra_camera_msgs)
[30.925s] Level 1:colcon.colcon_core.environment:checking '/home/robotec/ros2_ws/install/astra_camera_msgs' for CMake module files
[30.925s] Level 1:colcon.colcon_core.environment:checking '/home/robotec/ros2_ws/install/astra_camera_msgs' for CMake config files
[30.926s] Level 1:colcon.colcon_core.shell:create_environment_hook('astra_camera_msgs', 'cmake_prefix_path')
[30.926s] INFO:colcon.colcon_core.shell:Creating environment hook '/home/robotec/ros2_ws/install/astra_camera_msgs/share/astra_camera_msgs/hook/cmake_prefix_path.ps1'
[30.926s] INFO:colcon.colcon_core.shell:Creating environment descriptor '/home/robotec/ros2_ws/install/astra_camera_msgs/share/astra_camera_msgs/hook/cmake_prefix_path.dsv'
[30.927s] INFO:colcon.colcon_core.shell:Creating environment hook '/home/robotec/ros2_ws/install/astra_camera_msgs/share/astra_camera_msgs/hook/cmake_prefix_path.sh'
[30.927s] Level 1:colcon.colcon_core.environment:checking '/home/robotec/ros2_ws/install/astra_camera_msgs/lib'
[30.928s] Level 1:colcon.colcon_core.shell:create_environment_hook('astra_camera_msgs', 'ld_library_path_lib')
[30.928s] INFO:colcon.colcon_core.shell:Creating environment hook '/home/robotec/ros2_ws/install/astra_camera_msgs/share/astra_camera_msgs/hook/ld_library_path_lib.ps1'
[30.928s] INFO:colcon.colcon_core.shell:Creating environment descriptor '/home/robotec/ros2_ws/install/astra_camera_msgs/share/astra_camera_msgs/hook/ld_library_path_lib.dsv'
[30.929s] INFO:colcon.colcon_core.shell:Creating environment hook '/home/robotec/ros2_ws/install/astra_camera_msgs/share/astra_camera_msgs/hook/ld_library_path_lib.sh'
[30.929s] Level 1:colcon.colcon_core.environment:checking '/home/robotec/ros2_ws/install/astra_camera_msgs/bin'
[30.929s] Level 1:colcon.colcon_core.environment:checking '/home/robotec/ros2_ws/install/astra_camera_msgs/lib/pkgconfig/astra_camera_msgs.pc'
[30.930s] Level 1:colcon.colcon_core.environment:checking '/home/robotec/ros2_ws/install/astra_camera_msgs/lib/python3.10/site-packages'
[30.930s] Level 1:colcon.colcon_core.environment:checking '/home/robotec/ros2_ws/install/astra_camera_msgs/bin'
[30.930s] INFO:colcon.colcon_core.shell:Creating package script '/home/robotec/ros2_ws/install/astra_camera_msgs/share/astra_camera_msgs/package.ps1'
[30.931s] INFO:colcon.colcon_core.shell:Creating package descriptor '/home/robotec/ros2_ws/install/astra_camera_msgs/share/astra_camera_msgs/package.dsv'
[30.932s] INFO:colcon.colcon_core.shell:Creating package script '/home/robotec/ros2_ws/install/astra_camera_msgs/share/astra_camera_msgs/package.sh'
[30.932s] INFO:colcon.colcon_core.shell:Creating package script '/home/robotec/ros2_ws/install/astra_camera_msgs/share/astra_camera_msgs/package.bash'
[30.933s] INFO:colcon.colcon_core.shell:Creating package script '/home/robotec/ros2_ws/install/astra_camera_msgs/share/astra_camera_msgs/package.zsh'
[30.933s] Level 1:colcon.colcon_core.environment:create_file_with_runtime_dependencies(/home/robotec/ros2_ws/install/astra_camera_msgs/share/colcon-core/packages/astra_camera_msgs)
[30.934s] INFO:colcon.colcon_ros.task.ament_cmake.build:Building ROS package in '/home/robotec/ros2_ws/src/ros2_astra_camera/astra_camera' with build type 'ament_cmake'
[30.934s] INFO:colcon.colcon_cmake.task.cmake.build:Building CMake package in '/home/robotec/ros2_ws/src/ros2_astra_camera/astra_camera'
[30.934s] INFO:colcon.colcon_core.shell:Skip shell extension 'powershell' for command environment: Not usable outside of PowerShell
[30.934s] DEBUG:colcon.colcon_core.shell:Skip shell extension 'dsv' for command environment
[30.951s] DEBUG:colcon.colcon_core.event_handler.log_command:Invoking command in '/home/robotec/ros2_ws/build/astra_camera': AMENT_PREFIX_PATH=/home/robotec/ros2_ws/install/astra_camera_msgs:${AMENT_PREFIX_PATH} CMAKE_PREFIX_PATH=/home/robotec/ros2_ws/install/astra_camera_msgs:/home/robotec/ros2_ws/install/odometry_pkg:/home/robotec/ros2_ws/install/arm_pkg:/opt/ros/humble LD_LIBRARY_PATH=/home/robotec/ros2_ws/install/astra_camera_msgs/lib:${LD_LIBRARY_PATH} PYTHONPATH=/home/robotec/ros2_ws/install/astra_camera_msgs/local/lib/python3.10/dist-packages:${PYTHONPATH} /usr/bin/cmake /home/robotec/ros2_ws/src/ros2_astra_camera/astra_camera -DCMAKE_INSTALL_PREFIX=/home/robotec/ros2_ws/install/astra_camera
[32.147s] DEBUG:colcon.colcon_core.event_handler.log_command:Invoked command in '/home/robotec/ros2_ws/build/sllidar_ros2' returned '0': CMAKE_PREFIX_PATH=/home/robotec/ros2_ws/install/odometry_pkg:/home/robotec/ros2_ws/install/arm_pkg:/opt/ros/humble /usr/bin/cmake --build /home/robotec/ros2_ws/build/sllidar_ros2 -- -j4 -l4
[32.149s] DEBUG:colcon.colcon_core.event_handler.log_command:Invoking command in '/home/robotec/ros2_ws/build/sllidar_ros2': CMAKE_PREFIX_PATH=/home/robotec/ros2_ws/install/odometry_pkg:/home/robotec/ros2_ws/install/arm_pkg:/opt/ros/humble /usr/bin/cmake --install /home/robotec/ros2_ws/build/sllidar_ros2
[32.175s] Level 1:colcon.colcon_core.environment:create_environment_scripts_only(sllidar_ros2)
[32.175s] Level 1:colcon.colcon_core.environment:checking '/home/robotec/ros2_ws/install/sllidar_ros2' for CMake module files
[32.176s] DEBUG:colcon.colcon_core.event_handler.log_command:Invoked command in '/home/robotec/ros2_ws/build/sllidar_ros2' returned '0': CMAKE_PREFIX_PATH=/home/robotec/ros2_ws/install/odometry_pkg:/home/robotec/ros2_ws/install/arm_pkg:/opt/ros/humble /usr/bin/cmake --install /home/robotec/ros2_ws/build/sllidar_ros2
[32.176s] Level 1:colcon.colcon_core.environment:checking '/home/robotec/ros2_ws/install/sllidar_ros2' for CMake config files
[32.176s] Level 1:colcon.colcon_core.shell:create_environment_hook('sllidar_ros2', 'cmake_prefix_path')
[32.176s] INFO:colcon.colcon_core.shell:Creating environment hook '/home/robotec/ros2_ws/install/sllidar_ros2/share/sllidar_ros2/hook/cmake_prefix_path.ps1'
[32.177s] INFO:colcon.colcon_core.shell:Creating environment descriptor '/home/robotec/ros2_ws/install/sllidar_ros2/share/sllidar_ros2/hook/cmake_prefix_path.dsv'
[32.177s] INFO:colcon.colcon_core.shell:Creating environment hook '/home/robotec/ros2_ws/install/sllidar_ros2/share/sllidar_ros2/hook/cmake_prefix_path.sh'
[32.178s] Level 1:colcon.colcon_core.environment:checking '/home/robotec/ros2_ws/install/sllidar_ros2/lib'
[32.178s] Level 1:colcon.colcon_core.environment:checking '/home/robotec/ros2_ws/install/sllidar_ros2/bin'
[32.178s] Level 1:colcon.colcon_core.environment:checking '/home/robotec/ros2_ws/install/sllidar_ros2/lib/pkgconfig/sllidar_ros2.pc'
[32.178s] Level 1:colcon.colcon_core.environment:checking '/home/robotec/ros2_ws/install/sllidar_ros2/lib/python3.10/site-packages'
[32.179s] Level 1:colcon.colcon_core.environment:checking '/home/robotec/ros2_ws/install/sllidar_ros2/bin'
[32.179s] INFO:colcon.colcon_core.shell:Creating package script '/home/robotec/ros2_ws/install/sllidar_ros2/share/sllidar_ros2/package.ps1'
[32.179s] INFO:colcon.colcon_core.shell:Creating package descriptor '/home/robotec/ros2_ws/install/sllidar_ros2/share/sllidar_ros2/package.dsv'
[32.180s] INFO:colcon.colcon_core.shell:Creating package script '/home/robotec/ros2_ws/install/sllidar_ros2/share/sllidar_ros2/package.sh'
[32.180s] INFO:colcon.colcon_core.shell:Creating package script '/home/robotec/ros2_ws/install/sllidar_ros2/share/sllidar_ros2/package.bash'
[32.181s] INFO:colcon.colcon_core.shell:Creating package script '/home/robotec/ros2_ws/install/sllidar_ros2/share/sllidar_ros2/package.zsh'
[32.181s] Level 1:colcon.colcon_core.environment:create_file_with_runtime_dependencies(/home/robotec/ros2_ws/install/sllidar_ros2/share/colcon-core/packages/sllidar_ros2)
[32.182s] Level 1:colcon.colcon_core.environment:create_environment_scripts_only(sllidar_ros2)
[32.182s] Level 1:colcon.colcon_core.environment:checking '/home/robotec/ros2_ws/install/sllidar_ros2' for CMake module files
[32.183s] Level 1:colcon.colcon_core.environment:checking '/home/robotec/ros2_ws/install/sllidar_ros2' for CMake config files
[32.183s] Level 1:colcon.colcon_core.shell:create_environment_hook('sllidar_ros2', 'cmake_prefix_path')
[32.183s] INFO:colcon.colcon_core.shell:Creating environment hook '/home/robotec/ros2_ws/install/sllidar_ros2/share/sllidar_ros2/hook/cmake_prefix_path.ps1'
[32.184s] INFO:colcon.colcon_core.shell:Creating environment descriptor '/home/robotec/ros2_ws/install/sllidar_ros2/share/sllidar_ros2/hook/cmake_prefix_path.dsv'
[32.184s] INFO:colcon.colcon_core.shell:Creating environment hook '/home/robotec/ros2_ws/install/sllidar_ros2/share/sllidar_ros2/hook/cmake_prefix_path.sh'
[32.185s] Level 1:colcon.colcon_core.environment:checking '/home/robotec/ros2_ws/install/sllidar_ros2/lib'
[32.185s] Level 1:colcon.colcon_core.environment:checking '/home/robotec/ros2_ws/install/sllidar_ros2/bin'
[32.185s] Level 1:colcon.colcon_core.environment:checking '/home/robotec/ros2_ws/install/sllidar_ros2/lib/pkgconfig/sllidar_ros2.pc'
[32.185s] Level 1:colcon.colcon_core.environment:checking '/home/robotec/ros2_ws/install/sllidar_ros2/lib/python3.10/site-packages'
[32.185s] Level 1:colcon.colcon_core.environment:checking '/home/robotec/ros2_ws/install/sllidar_ros2/bin'
[32.186s] INFO:colcon.colcon_core.shell:Creating package script '/home/robotec/ros2_ws/install/sllidar_ros2/share/sllidar_ros2/package.ps1'
[32.186s] INFO:colcon.colcon_core.shell:Creating package descriptor '/home/robotec/ros2_ws/install/sllidar_ros2/share/sllidar_ros2/package.dsv'
[32.187s] INFO:colcon.colcon_core.shell:Creating package script '/home/robotec/ros2_ws/install/sllidar_ros2/share/sllidar_ros2/package.sh'
[32.187s] INFO:colcon.colcon_core.shell:Creating package script '/home/robotec/ros2_ws/install/sllidar_ros2/share/sllidar_ros2/package.bash'
[32.188s] INFO:colcon.colcon_core.shell:Creating package script '/home/robotec/ros2_ws/install/sllidar_ros2/share/sllidar_ros2/package.zsh'
[32.189s] Level 1:colcon.colcon_core.environment:create_file_with_runtime_dependencies(/home/robotec/ros2_ws/install/sllidar_ros2/share/colcon-core/packages/sllidar_ros2)
[33.063s] DEBUG:colcon.colcon_core.event_handler.log_command:Invoked command in '/home/robotec/ros2_ws/build/astra_camera' returned '0': AMENT_PREFIX_PATH=/home/robotec/ros2_ws/install/astra_camera_msgs:${AMENT_PREFIX_PATH} CMAKE_PREFIX_PATH=/home/robotec/ros2_ws/install/astra_camera_msgs:/home/robotec/ros2_ws/install/odometry_pkg:/home/robotec/ros2_ws/install/arm_pkg:/opt/ros/humble LD_LIBRARY_PATH=/home/robotec/ros2_ws/install/astra_camera_msgs/lib:${LD_LIBRARY_PATH} PYTHONPATH=/home/robotec/ros2_ws/install/astra_camera_msgs/local/lib/python3.10/dist-packages:${PYTHONPATH} /usr/bin/cmake /home/robotec/ros2_ws/src/ros2_astra_camera/astra_camera -DCMAKE_INSTALL_PREFIX=/home/robotec/ros2_ws/install/astra_camera
[33.065s] DEBUG:colcon.colcon_core.event_handler.log_command:Invoking command in '/home/robotec/ros2_ws/build/astra_camera': AMENT_PREFIX_PATH=/home/robotec/ros2_ws/install/astra_camera_msgs:${AMENT_PREFIX_PATH} CMAKE_PREFIX_PATH=/home/robotec/ros2_ws/install/astra_camera_msgs:/home/robotec/ros2_ws/install/odometry_pkg:/home/robotec/ros2_ws/install/arm_pkg:/opt/ros/humble LD_LIBRARY_PATH=/home/robotec/ros2_ws/install/astra_camera_msgs/lib:${LD_LIBRARY_PATH} PYTHONPATH=/home/robotec/ros2_ws/install/astra_camera_msgs/local/lib/python3.10/dist-packages:${PYTHONPATH} /usr/bin/cmake --build /home/robotec/ros2_ws/build/astra_camera -- -j4 -l4
[165.686s] DEBUG:colcon.colcon_core.event_handler.log_command:Invoked command in '/home/robotec/ros2_ws/build/astra_camera' returned '0': AMENT_PREFIX_PATH=/home/robotec/ros2_ws/install/astra_camera_msgs:${AMENT_PREFIX_PATH} CMAKE_PREFIX_PATH=/home/robotec/ros2_ws/install/astra_camera_msgs:/home/robotec/ros2_ws/install/odometry_pkg:/home/robotec/ros2_ws/install/arm_pkg:/opt/ros/humble LD_LIBRARY_PATH=/home/robotec/ros2_ws/install/astra_camera_msgs/lib:${LD_LIBRARY_PATH} PYTHONPATH=/home/robotec/ros2_ws/install/astra_camera_msgs/local/lib/python3.10/dist-packages:${PYTHONPATH} /usr/bin/cmake --build /home/robotec/ros2_ws/build/astra_camera -- -j4 -l4
[165.723s] DEBUG:colcon.colcon_core.event_handler.log_command:Invoking command in '/home/robotec/ros2_ws/build/astra_camera': AMENT_PREFIX_PATH=/home/robotec/ros2_ws/install/astra_camera_msgs:${AMENT_PREFIX_PATH} CMAKE_PREFIX_PATH=/home/robotec/ros2_ws/install/astra_camera_msgs:/home/robotec/ros2_ws/install/odometry_pkg:/home/robotec/ros2_ws/install/arm_pkg:/opt/ros/humble LD_LIBRARY_PATH=/home/robotec/ros2_ws/install/astra_camera_msgs/lib:${LD_LIBRARY_PATH} PYTHONPATH=/home/robotec/ros2_ws/install/astra_camera_msgs/local/lib/python3.10/dist-packages:${PYTHONPATH} /usr/bin/cmake --install /home/robotec/ros2_ws/build/astra_camera
[165.823s] Level 1:colcon.colcon_core.environment:create_environment_scripts_only(astra_camera)
[165.838s] Level 1:colcon.colcon_core.environment:checking '/home/robotec/ros2_ws/install/astra_camera' for CMake module files
[165.838s] DEBUG:colcon.colcon_core.event_handler.log_command:Invoked command in '/home/robotec/ros2_ws/build/astra_camera' returned '0': AMENT_PREFIX_PATH=/home/robotec/ros2_ws/install/astra_camera_msgs:${AMENT_PREFIX_PATH} CMAKE_PREFIX_PATH=/home/robotec/ros2_ws/install/astra_camera_msgs:/home/robotec/ros2_ws/install/odometry_pkg:/home/robotec/ros2_ws/install/arm_pkg:/opt/ros/humble LD_LIBRARY_PATH=/home/robotec/ros2_ws/install/astra_camera_msgs/lib:${LD_LIBRARY_PATH} PYTHONPATH=/home/robotec/ros2_ws/install/astra_camera_msgs/local/lib/python3.10/dist-packages:${PYTHONPATH} /usr/bin/cmake --install /home/robotec/ros2_ws/build/astra_camera
[165.841s] Level 1:colcon.colcon_core.environment:checking '/home/robotec/ros2_ws/install/astra_camera' for CMake config files
[165.843s] Level 1:colcon.colcon_core.shell:create_environment_hook('astra_camera', 'cmake_prefix_path')
[165.846s] INFO:colcon.colcon_core.shell:Creating environment hook '/home/robotec/ros2_ws/install/astra_camera/share/astra_camera/hook/cmake_prefix_path.ps1'
[165.861s] INFO:colcon.colcon_core.shell:Creating environment descriptor '/home/robotec/ros2_ws/install/astra_camera/share/astra_camera/hook/cmake_prefix_path.dsv'
[165.865s] INFO:colcon.colcon_core.shell:Creating environment hook '/home/robotec/ros2_ws/install/astra_camera/share/astra_camera/hook/cmake_prefix_path.sh'
[165.870s] Level 1:colcon.colcon_core.environment:checking '/home/robotec/ros2_ws/install/astra_camera/lib'
[165.871s] Level 1:colcon.colcon_core.shell:create_environment_hook('astra_camera', 'ld_library_path_lib')
[165.871s] INFO:colcon.colcon_core.shell:Creating environment hook '/home/robotec/ros2_ws/install/astra_camera/share/astra_camera/hook/ld_library_path_lib.ps1'
[165.871s] INFO:colcon.colcon_core.shell:Creating environment descriptor '/home/robotec/ros2_ws/install/astra_camera/share/astra_camera/hook/ld_library_path_lib.dsv'
[165.872s] INFO:colcon.colcon_core.shell:Creating environment hook '/home/robotec/ros2_ws/install/astra_camera/share/astra_camera/hook/ld_library_path_lib.sh'
[165.873s] Level 1:colcon.colcon_core.environment:checking '/home/robotec/ros2_ws/install/astra_camera/bin'
[165.873s] Level 1:colcon.colcon_core.environment:checking '/home/robotec/ros2_ws/install/astra_camera/lib/pkgconfig/astra_camera.pc'
[165.879s] Level 1:colcon.colcon_core.environment:checking '/home/robotec/ros2_ws/install/astra_camera/lib/python3.10/site-packages'
[165.880s] Level 1:colcon.colcon_core.environment:checking '/home/robotec/ros2_ws/install/astra_camera/bin'
[165.881s] INFO:colcon.colcon_core.shell:Creating package script '/home/robotec/ros2_ws/install/astra_camera/share/astra_camera/package.ps1'
[165.884s] INFO:colcon.colcon_core.shell:Creating package descriptor '/home/robotec/ros2_ws/install/astra_camera/share/astra_camera/package.dsv'
[165.886s] INFO:colcon.colcon_core.shell:Creating package script '/home/robotec/ros2_ws/install/astra_camera/share/astra_camera/package.sh'
[165.887s] INFO:colcon.colcon_core.shell:Creating package script '/home/robotec/ros2_ws/install/astra_camera/share/astra_camera/package.bash'
[165.889s] INFO:colcon.colcon_core.shell:Creating package script '/home/robotec/ros2_ws/install/astra_camera/share/astra_camera/package.zsh'
[165.894s] Level 1:colcon.colcon_core.environment:create_file_with_runtime_dependencies(/home/robotec/ros2_ws/install/astra_camera/share/colcon-core/packages/astra_camera)
[165.898s] Level 1:colcon.colcon_core.environment:create_environment_scripts_only(astra_camera)
[165.898s] Level 1:colcon.colcon_core.environment:checking '/home/robotec/ros2_ws/install/astra_camera' for CMake module files
[165.899s] Level 1:colcon.colcon_core.environment:checking '/home/robotec/ros2_ws/install/astra_camera' for CMake config files
[165.899s] Level 1:colcon.colcon_core.shell:create_environment_hook('astra_camera', 'cmake_prefix_path')
[165.900s] INFO:colcon.colcon_core.shell:Creating environment hook '/home/robotec/ros2_ws/install/astra_camera/share/astra_camera/hook/cmake_prefix_path.ps1'
[165.902s] INFO:colcon.colcon_core.shell:Creating environment descriptor '/home/robotec/ros2_ws/install/astra_camera/share/astra_camera/hook/cmake_prefix_path.dsv'
[165.903s] INFO:colcon.colcon_core.shell:Creating environment hook '/home/robotec/ros2_ws/install/astra_camera/share/astra_camera/hook/cmake_prefix_path.sh'
[165.905s] Level 1:colcon.colcon_core.environment:checking '/home/robotec/ros2_ws/install/astra_camera/lib'
[165.905s] Level 1:colcon.colcon_core.shell:create_environment_hook('astra_camera', 'ld_library_path_lib')
[165.906s] INFO:colcon.colcon_core.shell:Creating environment hook '/home/robotec/ros2_ws/install/astra_camera/share/astra_camera/hook/ld_library_path_lib.ps1'
[165.907s] INFO:colcon.colcon_core.shell:Creating environment descriptor '/home/robotec/ros2_ws/install/astra_camera/share/astra_camera/hook/ld_library_path_lib.dsv'
[165.908s] INFO:colcon.colcon_core.shell:Creating environment hook '/home/robotec/ros2_ws/install/astra_camera/share/astra_camera/hook/ld_library_path_lib.sh'
[165.910s] Level 1:colcon.colcon_core.environment:checking '/home/robotec/ros2_ws/install/astra_camera/bin'
[165.910s] Level 1:colcon.colcon_core.environment:checking '/home/robotec/ros2_ws/install/astra_camera/lib/pkgconfig/astra_camera.pc'
[165.911s] Level 1:colcon.colcon_core.environment:checking '/home/robotec/ros2_ws/install/astra_camera/lib/python3.10/site-packages'
[165.911s] Level 1:colcon.colcon_core.environment:checking '/home/robotec/ros2_ws/install/astra_camera/bin'
[165.912s] INFO:colcon.colcon_core.shell:Creating package script '/home/robotec/ros2_ws/install/astra_camera/share/astra_camera/package.ps1'
[165.914s] INFO:colcon.colcon_core.shell:Creating package descriptor '/home/robotec/ros2_ws/install/astra_camera/share/astra_camera/package.dsv'
[165.916s] INFO:colcon.colcon_core.shell:Creating package script '/home/robotec/ros2_ws/install/astra_camera/share/astra_camera/package.sh'
[165.918s] INFO:colcon.colcon_core.shell:Creating package script '/home/robotec/ros2_ws/install/astra_camera/share/astra_camera/package.bash'
[165.919s] INFO:colcon.colcon_core.shell:Creating package script '/home/robotec/ros2_ws/install/astra_camera/share/astra_camera/package.zsh'
[165.921s] Level 1:colcon.colcon_core.environment:create_file_with_runtime_dependencies(/home/robotec/ros2_ws/install/astra_camera/share/colcon-core/packages/astra_camera)
[165.924s] DEBUG:colcon.colcon_parallel_executor.executor.parallel:closing loop
[165.929s] DEBUG:colcon.colcon_parallel_executor.executor.parallel:loop closed
[165.931s] DEBUG:colcon.colcon_parallel_executor.executor.parallel:run_until_complete finished with '0'
[165.933s] DEBUG:colcon.colcon_core.event_reactor:joining thread
[166.007s] INFO:colcon.colcon_core.plugin_system:Skipping extension 'colcon_notification.desktop_notification.terminal_notifier': Not used on non-Darwin systems
[166.008s] INFO:colcon.colcon_core.plugin_system:Skipping extension 'colcon_notification.desktop_notification.win32': Not used on non-Windows systems
[166.008s] INFO:colcon.colcon_notification.desktop_notification:Sending desktop notification using 'notify2'
[166.222s] DEBUG:colcon.colcon_core.event_reactor:joined thread
[166.227s] INFO:colcon.colcon_core.shell:Creating prefix script '/home/robotec/ros2_ws/install/local_setup.ps1'
[166.230s] INFO:colcon.colcon_core.shell:Creating prefix util module '/home/robotec/ros2_ws/install/_local_setup_util_ps1.py'
[166.235s] INFO:colcon.colcon_core.shell:Creating prefix chain script '/home/robotec/ros2_ws/install/setup.ps1'
[166.239s] INFO:colcon.colcon_core.shell:Creating prefix script '/home/robotec/ros2_ws/install/local_setup.sh'
[166.240s] INFO:colcon.colcon_core.shell:Creating prefix util module '/home/robotec/ros2_ws/install/_local_setup_util_sh.py'
[166.241s] INFO:colcon.colcon_core.shell:Creating prefix chain script '/home/robotec/ros2_ws/install/setup.sh'
[166.243s] INFO:colcon.colcon_core.shell:Creating prefix script '/home/robotec/ros2_ws/install/local_setup.bash'
[166.245s] INFO:colcon.colcon_core.shell:Creating prefix chain script '/home/robotec/ros2_ws/install/setup.bash'
[166.255s] INFO:colcon.colcon_core.shell:Creating prefix script '/home/robotec/ros2_ws/install/local_setup.zsh'
[166.256s] INFO:colcon.colcon_core.shell:Creating prefix chain script '/home/robotec/ros2_ws/install/setup.zsh'
