[0.177s] DEBUG:colcon:Command line arguments: ['/usr/bin/colcon', 'build', '--symlink-install']
[0.177s] DEBUG:colcon:Parsed command line arguments: Namespace(log_base=None, log_level=None, verb_name='build', build_base='build', install_base='install', merge_install=False, symlink_install=True, test_result_base=None, continue_on_error=False, executor='parallel', parallel_workers=4, event_handlers=None, ignore_user_meta=False, metas=['./colcon.meta'], base_paths=['.'], packages_ignore=None, packages_ignore_regex=None, paths=None, packages_up_to=None, packages_up_to_regex=None, packages_above=None, packages_above_and_dependencies=None, packages_above_depth=None, packages_select_by_dep=None, packages_skip_by_dep=None, packages_skip_up_to=None, packages_select_build_failed=False, packages_skip_build_finished=False, packages_select_test_failures=False, packages_skip_test_passed=False, packages_select=None, packages_skip=None, packages_select_regex=None, packages_skip_regex=None, packages_start=None, packages_end=None, allow_overriding=[], cmake_args=None, cmake_target=None, cmake_target_skip_unavailable=False, cmake_clean_cache=False, cmake_clean_first=False, cmake_force_configure=False, ament_cmake_args=None, catkin_cmake_args=None, catkin_skip_building_tests=False, verb_parser=<colcon_defaults.argument_parser.defaults.DefaultArgumentsDecorator object at 0x7d948e3555a0>, verb_extension=<colcon_core.verb.build.BuildVerb object at 0x7d948e4cabc0>, main=<bound method BuildVerb.main of <colcon_core.verb.build.BuildVerb object at 0x7d948e4cabc0>>)
[0.480s] Level 1:colcon.colcon_core.package_discovery:discover_packages(colcon_meta) check parameters
[0.481s] Level 1:colcon.colcon_core.package_discovery:discover_packages(recursive) check parameters
[0.481s] Level 1:colcon.colcon_core.package_discovery:discover_packages(ignore) check parameters
[0.481s] Level 1:colcon.colcon_core.package_discovery:discover_packages(path) check parameters
[0.481s] Level 1:colcon.colcon_core.package_discovery:discover_packages(colcon_meta) discover
[0.482s] Level 1:colcon.colcon_core.package_discovery:discover_packages(recursive) discover
[0.482s] INFO:colcon.colcon_core.package_discovery:Crawling recursively for packages in '/home/robotec/ros2_ws'
[0.482s] Level 1:colcon.colcon_core.package_identification:_identify(.) by extensions ['ignore', 'ignore_ament_install']
[0.482s] Level 1:colcon.colcon_core.package_identification:_identify(.) by extension 'ignore'
[0.483s] Level 1:colcon.colcon_core.package_identification:_identify(.) by extension 'ignore_ament_install'
[0.483s] Level 1:colcon.colcon_core.package_identification:_identify(.) by extensions ['colcon_pkg']
[0.483s] Level 1:colcon.colcon_core.package_identification:_identify(.) by extension 'colcon_pkg'
[0.483s] Level 1:colcon.colcon_core.package_identification:_identify(.) by extensions ['colcon_meta']
[0.483s] Level 1:colcon.colcon_core.package_identification:_identify(.) by extension 'colcon_meta'
[0.483s] Level 1:colcon.colcon_core.package_identification:_identify(.) by extensions ['ros']
[0.483s] Level 1:colcon.colcon_core.package_identification:_identify(.) by extension 'ros'
[0.509s] Level 1:colcon.colcon_core.package_identification:_identify(.) by extensions ['cmake', 'python']
[0.509s] Level 1:colcon.colcon_core.package_identification:_identify(.) by extension 'cmake'
[0.510s] Level 1:colcon.colcon_core.package_identification:_identify(.) by extension 'python'
[0.510s] Level 1:colcon.colcon_core.package_identification:_identify(.) by extensions ['python_setup_py']
[0.510s] Level 1:colcon.colcon_core.package_identification:_identify(.) by extension 'python_setup_py'
[0.510s] Level 1:colcon.colcon_core.package_identification:_identify(build) by extensions ['ignore', 'ignore_ament_install']
[0.510s] Level 1:colcon.colcon_core.package_identification:_identify(build) by extension 'ignore'
[0.510s] Level 1:colcon.colcon_core.package_identification:_identify(build) ignored
[0.511s] Level 1:colcon.colcon_core.package_identification:_identify(install) by extensions ['ignore', 'ignore_ament_install']
[0.511s] Level 1:colcon.colcon_core.package_identification:_identify(install) by extension 'ignore'
[0.511s] Level 1:colcon.colcon_core.package_identification:_identify(install) ignored
[0.511s] Level 1:colcon.colcon_core.package_identification:_identify(log) by extensions ['ignore', 'ignore_ament_install']
[0.511s] Level 1:colcon.colcon_core.package_identification:_identify(log) by extension 'ignore'
[0.511s] Level 1:colcon.colcon_core.package_identification:_identify(log) ignored
[0.511s] Level 1:colcon.colcon_core.package_identification:_identify(src) by extensions ['ignore', 'ignore_ament_install']
[0.512s] Level 1:colcon.colcon_core.package_identification:_identify(src) by extension 'ignore'
[0.512s] Level 1:colcon.colcon_core.package_identification:_identify(src) by extension 'ignore_ament_install'
[0.512s] Level 1:colcon.colcon_core.package_identification:_identify(src) by extensions ['colcon_pkg']
[0.512s] Level 1:colcon.colcon_core.package_identification:_identify(src) by extension 'colcon_pkg'
[0.512s] Level 1:colcon.colcon_core.package_identification:_identify(src) by extensions ['colcon_meta']
[0.512s] Level 1:colcon.colcon_core.package_identification:_identify(src) by extension 'colcon_meta'
[0.512s] Level 1:colcon.colcon_core.package_identification:_identify(src) by extensions ['ros']
[0.512s] Level 1:colcon.colcon_core.package_identification:_identify(src) by extension 'ros'
[0.512s] Level 1:colcon.colcon_core.package_identification:_identify(src) by extensions ['cmake', 'python']
[0.512s] Level 1:colcon.colcon_core.package_identification:_identify(src) by extension 'cmake'
[0.512s] Level 1:colcon.colcon_core.package_identification:_identify(src) by extension 'python'
[0.512s] Level 1:colcon.colcon_core.package_identification:_identify(src) by extensions ['python_setup_py']
[0.512s] Level 1:colcon.colcon_core.package_identification:_identify(src) by extension 'python_setup_py'
[0.512s] Level 1:colcon.colcon_core.package_identification:_identify(src/camera_pkg) by extensions ['ignore', 'ignore_ament_install']
[0.513s] Level 1:colcon.colcon_core.package_identification:_identify(src/camera_pkg) by extension 'ignore'
[0.513s] Level 1:colcon.colcon_core.package_identification:_identify(src/camera_pkg) by extension 'ignore_ament_install'
[0.513s] Level 1:colcon.colcon_core.package_identification:_identify(src/camera_pkg) by extensions ['colcon_pkg']
[0.513s] Level 1:colcon.colcon_core.package_identification:_identify(src/camera_pkg) by extension 'colcon_pkg'
[0.513s] Level 1:colcon.colcon_core.package_identification:_identify(src/camera_pkg) by extensions ['colcon_meta']
[0.513s] Level 1:colcon.colcon_core.package_identification:_identify(src/camera_pkg) by extension 'colcon_meta'
[0.513s] Level 1:colcon.colcon_core.package_identification:_identify(src/camera_pkg) by extensions ['ros']
[0.513s] Level 1:colcon.colcon_core.package_identification:_identify(src/camera_pkg) by extension 'ros'
[0.519s] DEBUG:colcon.colcon_core.package_identification:Package 'src/camera_pkg' with type 'ros.ament_python' and name 'camera_pkg'
[0.520s] Level 1:colcon.colcon_core.package_identification:_identify(src/libuvc) by extensions ['ignore', 'ignore_ament_install']
[0.520s] Level 1:colcon.colcon_core.package_identification:_identify(src/libuvc) by extension 'ignore'
[0.521s] Level 1:colcon.colcon_core.package_identification:_identify(src/libuvc) by extension 'ignore_ament_install'
[0.521s] Level 1:colcon.colcon_core.package_identification:_identify(src/libuvc) by extensions ['colcon_pkg']
[0.521s] Level 1:colcon.colcon_core.package_identification:_identify(src/libuvc) by extension 'colcon_pkg'
[0.521s] Level 1:colcon.colcon_core.package_identification:_identify(src/libuvc) by extensions ['colcon_meta']
[0.521s] Level 1:colcon.colcon_core.package_identification:_identify(src/libuvc) by extension 'colcon_meta'
[0.521s] Level 1:colcon.colcon_core.package_identification:_identify(src/libuvc) by extensions ['ros']
[0.521s] Level 1:colcon.colcon_core.package_identification:_identify(src/libuvc) by extension 'ros'
[0.521s] Level 1:colcon.colcon_core.package_identification:_identify(src/libuvc) by extensions ['cmake', 'python']
[0.522s] Level 1:colcon.colcon_core.package_identification:_identify(src/libuvc) by extension 'cmake'
[0.534s] Level 1:colcon.colcon_core.package_identification:_identify(src/libuvc) by extension 'python'
[0.534s] DEBUG:colcon.colcon_core.package_identification:Package 'src/libuvc' with type 'cmake' and name 'libuvc'
[0.535s] Level 1:colcon.colcon_core.package_identification:_identify(src/odometry) by extensions ['ignore', 'ignore_ament_install']
[0.535s] Level 1:colcon.colcon_core.package_identification:_identify(src/odometry) by extension 'ignore'
[0.535s] Level 1:colcon.colcon_core.package_identification:_identify(src/odometry) by extension 'ignore_ament_install'
[0.535s] Level 1:colcon.colcon_core.package_identification:_identify(src/odometry) by extensions ['colcon_pkg']
[0.535s] Level 1:colcon.colcon_core.package_identification:_identify(src/odometry) by extension 'colcon_pkg'
[0.535s] Level 1:colcon.colcon_core.package_identification:_identify(src/odometry) by extensions ['colcon_meta']
[0.535s] Level 1:colcon.colcon_core.package_identification:_identify(src/odometry) by extension 'colcon_meta'
[0.535s] Level 1:colcon.colcon_core.package_identification:_identify(src/odometry) by extensions ['ros']
[0.535s] Level 1:colcon.colcon_core.package_identification:_identify(src/odometry) by extension 'ros'
[0.538s] DEBUG:colcon.colcon_core.package_identification:Package 'src/odometry' with type 'ros.ament_python' and name 'odometry'
[0.538s] Level 1:colcon.colcon_core.package_identification:_identify(src/ros2_astra_camera) by extensions ['ignore', 'ignore_ament_install']
[0.538s] Level 1:colcon.colcon_core.package_identification:_identify(src/ros2_astra_camera) by extension 'ignore'
[0.538s] Level 1:colcon.colcon_core.package_identification:_identify(src/ros2_astra_camera) by extension 'ignore_ament_install'
[0.538s] Level 1:colcon.colcon_core.package_identification:_identify(src/ros2_astra_camera) by extensions ['colcon_pkg']
[0.538s] Level 1:colcon.colcon_core.package_identification:_identify(src/ros2_astra_camera) by extension 'colcon_pkg'
[0.539s] Level 1:colcon.colcon_core.package_identification:_identify(src/ros2_astra_camera) by extensions ['colcon_meta']
[0.539s] Level 1:colcon.colcon_core.package_identification:_identify(src/ros2_astra_camera) by extension 'colcon_meta'
[0.539s] Level 1:colcon.colcon_core.package_identification:_identify(src/ros2_astra_camera) by extensions ['ros']
[0.539s] Level 1:colcon.colcon_core.package_identification:_identify(src/ros2_astra_camera) by extension 'ros'
[0.539s] Level 1:colcon.colcon_core.package_identification:_identify(src/ros2_astra_camera) by extensions ['cmake', 'python']
[0.539s] Level 1:colcon.colcon_core.package_identification:_identify(src/ros2_astra_camera) by extension 'cmake'
[0.539s] Level 1:colcon.colcon_core.package_identification:_identify(src/ros2_astra_camera) by extension 'python'
[0.539s] Level 1:colcon.colcon_core.package_identification:_identify(src/ros2_astra_camera) by extensions ['python_setup_py']
[0.539s] Level 1:colcon.colcon_core.package_identification:_identify(src/ros2_astra_camera) by extension 'python_setup_py'
[0.540s] Level 1:colcon.colcon_core.package_identification:_identify(src/ros2_astra_camera/astra_camera) by extensions ['ignore', 'ignore_ament_install']
[0.540s] Level 1:colcon.colcon_core.package_identification:_identify(src/ros2_astra_camera/astra_camera) by extension 'ignore'
[0.540s] Level 1:colcon.colcon_core.package_identification:_identify(src/ros2_astra_camera/astra_camera) by extension 'ignore_ament_install'
[0.540s] Level 1:colcon.colcon_core.package_identification:_identify(src/ros2_astra_camera/astra_camera) by extensions ['colcon_pkg']
[0.540s] Level 1:colcon.colcon_core.package_identification:_identify(src/ros2_astra_camera/astra_camera) by extension 'colcon_pkg'
[0.540s] Level 1:colcon.colcon_core.package_identification:_identify(src/ros2_astra_camera/astra_camera) by extensions ['colcon_meta']
[0.540s] Level 1:colcon.colcon_core.package_identification:_identify(src/ros2_astra_camera/astra_camera) by extension 'colcon_meta'
[0.540s] Level 1:colcon.colcon_core.package_identification:_identify(src/ros2_astra_camera/astra_camera) by extensions ['ros']
[0.540s] Level 1:colcon.colcon_core.package_identification:_identify(src/ros2_astra_camera/astra_camera) by extension 'ros'
[0.545s] DEBUG:colcon.colcon_core.package_identification:Package 'src/ros2_astra_camera/astra_camera' with type 'ros.ament_cmake' and name 'astra_camera'
[0.545s] Level 1:colcon.colcon_core.package_identification:_identify(src/ros2_astra_camera/astra_camera_msgs) by extensions ['ignore', 'ignore_ament_install']
[0.546s] Level 1:colcon.colcon_core.package_identification:_identify(src/ros2_astra_camera/astra_camera_msgs) by extension 'ignore'
[0.546s] Level 1:colcon.colcon_core.package_identification:_identify(src/ros2_astra_camera/astra_camera_msgs) by extension 'ignore_ament_install'
[0.546s] Level 1:colcon.colcon_core.package_identification:_identify(src/ros2_astra_camera/astra_camera_msgs) by extensions ['colcon_pkg']
[0.546s] Level 1:colcon.colcon_core.package_identification:_identify(src/ros2_astra_camera/astra_camera_msgs) by extension 'colcon_pkg'
[0.546s] Level 1:colcon.colcon_core.package_identification:_identify(src/ros2_astra_camera/astra_camera_msgs) by extensions ['colcon_meta']
[0.546s] Level 1:colcon.colcon_core.package_identification:_identify(src/ros2_astra_camera/astra_camera_msgs) by extension 'colcon_meta'
[0.546s] Level 1:colcon.colcon_core.package_identification:_identify(src/ros2_astra_camera/astra_camera_msgs) by extensions ['ros']
[0.546s] Level 1:colcon.colcon_core.package_identification:_identify(src/ros2_astra_camera/astra_camera_msgs) by extension 'ros'
[0.548s] DEBUG:colcon.colcon_core.package_identification:Package 'src/ros2_astra_camera/astra_camera_msgs' with type 'ros.ament_cmake' and name 'astra_camera_msgs'
[0.548s] Level 1:colcon.colcon_core.package_identification:_identify(src/sllidar_ros2) by extensions ['ignore', 'ignore_ament_install']
[0.548s] Level 1:colcon.colcon_core.package_identification:_identify(src/sllidar_ros2) by extension 'ignore'
[0.548s] Level 1:colcon.colcon_core.package_identification:_identify(src/sllidar_ros2) by extension 'ignore_ament_install'
[0.549s] Level 1:colcon.colcon_core.package_identification:_identify(src/sllidar_ros2) by extensions ['colcon_pkg']
[0.549s] Level 1:colcon.colcon_core.package_identification:_identify(src/sllidar_ros2) by extension 'colcon_pkg'
[0.549s] Level 1:colcon.colcon_core.package_identification:_identify(src/sllidar_ros2) by extensions ['colcon_meta']
[0.549s] Level 1:colcon.colcon_core.package_identification:_identify(src/sllidar_ros2) by extension 'colcon_meta'
[0.549s] Level 1:colcon.colcon_core.package_identification:_identify(src/sllidar_ros2) by extensions ['ros']
[0.549s] Level 1:colcon.colcon_core.package_identification:_identify(src/sllidar_ros2) by extension 'ros'
[0.550s] DEBUG:colcon.colcon_core.package_identification:Package 'src/sllidar_ros2' with type 'ros.ament_cmake' and name 'sllidar_ros2'
[0.551s] Level 1:colcon.colcon_core.package_discovery:discover_packages(recursive) using defaults
[0.551s] Level 1:colcon.colcon_core.package_discovery:discover_packages(ignore) discover
[0.551s] Level 1:colcon.colcon_core.package_discovery:discover_packages(ignore) using defaults
[0.551s] Level 1:colcon.colcon_core.package_discovery:discover_packages(path) discover
[0.551s] Level 1:colcon.colcon_core.package_discovery:discover_packages(path) using defaults
[0.625s] Level 1:colcon.colcon_core.package_discovery:discover_packages(prefix_path) check parameters
[0.626s] Level 1:colcon.colcon_core.package_discovery:discover_packages(prefix_path) discover
[0.630s] DEBUG:colcon.colcon_installed_package_information.package_discovery:Found 6 installed packages in /home/robotec/ros2_ws/install
[0.633s] DEBUG:colcon.colcon_installed_package_information.package_discovery:Found 335 installed packages in /opt/ros/humble
[0.637s] Level 1:colcon.colcon_core.package_discovery:discover_packages(prefix_path) using defaults
[0.735s] Level 5:colcon.colcon_core.verb:set package 'astra_camera_msgs' build argument 'cmake_args' from command line to 'None'
[0.735s] Level 5:colcon.colcon_core.verb:set package 'astra_camera_msgs' build argument 'cmake_target' from command line to 'None'
[0.735s] Level 5:colcon.colcon_core.verb:set package 'astra_camera_msgs' build argument 'cmake_target_skip_unavailable' from command line to 'False'
[0.735s] Level 5:colcon.colcon_core.verb:set package 'astra_camera_msgs' build argument 'cmake_clean_cache' from command line to 'False'
[0.735s] Level 5:colcon.colcon_core.verb:set package 'astra_camera_msgs' build argument 'cmake_clean_first' from command line to 'False'
[0.735s] Level 5:colcon.colcon_core.verb:set package 'astra_camera_msgs' build argument 'cmake_force_configure' from command line to 'False'
[0.735s] Level 5:colcon.colcon_core.verb:set package 'astra_camera_msgs' build argument 'ament_cmake_args' from command line to 'None'
[0.735s] Level 5:colcon.colcon_core.verb:set package 'astra_camera_msgs' build argument 'catkin_cmake_args' from command line to 'None'
[0.735s] Level 5:colcon.colcon_core.verb:set package 'astra_camera_msgs' build argument 'catkin_skip_building_tests' from command line to 'False'
[0.735s] DEBUG:colcon.colcon_core.verb:Building package 'astra_camera_msgs' with the following arguments: {'ament_cmake_args': None, 'build_base': '/home/robotec/ros2_ws/build/astra_camera_msgs', 'catkin_cmake_args': None, 'catkin_skip_building_tests': False, 'cmake_args': None, 'cmake_clean_cache': False, 'cmake_clean_first': False, 'cmake_force_configure': False, 'cmake_target': None, 'cmake_target_skip_unavailable': False, 'install_base': '/home/robotec/ros2_ws/install/astra_camera_msgs', 'merge_install': False, 'path': '/home/robotec/ros2_ws/src/ros2_astra_camera/astra_camera_msgs', 'symlink_install': True, 'test_result_base': None}
[0.736s] Level 5:colcon.colcon_core.verb:set package 'camera_pkg' build argument 'cmake_args' from command line to 'None'
[0.736s] Level 5:colcon.colcon_core.verb:set package 'camera_pkg' build argument 'cmake_target' from command line to 'None'
[0.736s] Level 5:colcon.colcon_core.verb:set package 'camera_pkg' build argument 'cmake_target_skip_unavailable' from command line to 'False'
[0.736s] Level 5:colcon.colcon_core.verb:set package 'camera_pkg' build argument 'cmake_clean_cache' from command line to 'False'
[0.736s] Level 5:colcon.colcon_core.verb:set package 'camera_pkg' build argument 'cmake_clean_first' from command line to 'False'
[0.736s] Level 5:colcon.colcon_core.verb:set package 'camera_pkg' build argument 'cmake_force_configure' from command line to 'False'
[0.736s] Level 5:colcon.colcon_core.verb:set package 'camera_pkg' build argument 'ament_cmake_args' from command line to 'None'
[0.736s] Level 5:colcon.colcon_core.verb:set package 'camera_pkg' build argument 'catkin_cmake_args' from command line to 'None'
[0.737s] Level 5:colcon.colcon_core.verb:set package 'camera_pkg' build argument 'catkin_skip_building_tests' from command line to 'False'
[0.737s] DEBUG:colcon.colcon_core.verb:Building package 'camera_pkg' with the following arguments: {'ament_cmake_args': None, 'build_base': '/home/robotec/ros2_ws/build/camera_pkg', 'catkin_cmake_args': None, 'catkin_skip_building_tests': False, 'cmake_args': None, 'cmake_clean_cache': False, 'cmake_clean_first': False, 'cmake_force_configure': False, 'cmake_target': None, 'cmake_target_skip_unavailable': False, 'install_base': '/home/robotec/ros2_ws/install/camera_pkg', 'merge_install': False, 'path': '/home/robotec/ros2_ws/src/camera_pkg', 'symlink_install': True, 'test_result_base': None}
[0.737s] Level 5:colcon.colcon_core.verb:set package 'libuvc' build argument 'cmake_args' from command line to 'None'
[0.737s] Level 5:colcon.colcon_core.verb:set package 'libuvc' build argument 'cmake_target' from command line to 'None'
[0.737s] Level 5:colcon.colcon_core.verb:set package 'libuvc' build argument 'cmake_target_skip_unavailable' from command line to 'False'
[0.737s] Level 5:colcon.colcon_core.verb:set package 'libuvc' build argument 'cmake_clean_cache' from command line to 'False'
[0.738s] Level 5:colcon.colcon_core.verb:set package 'libuvc' build argument 'cmake_clean_first' from command line to 'False'
[0.738s] Level 5:colcon.colcon_core.verb:set package 'libuvc' build argument 'cmake_force_configure' from command line to 'False'
[0.738s] Level 5:colcon.colcon_core.verb:set package 'libuvc' build argument 'ament_cmake_args' from command line to 'None'
[0.738s] Level 5:colcon.colcon_core.verb:set package 'libuvc' build argument 'catkin_cmake_args' from command line to 'None'
[0.738s] Level 5:colcon.colcon_core.verb:set package 'libuvc' build argument 'catkin_skip_building_tests' from command line to 'False'
[0.738s] DEBUG:colcon.colcon_core.verb:Building package 'libuvc' with the following arguments: {'ament_cmake_args': None, 'build_base': '/home/robotec/ros2_ws/build/libuvc', 'catkin_cmake_args': None, 'catkin_skip_building_tests': False, 'cmake_args': None, 'cmake_clean_cache': False, 'cmake_clean_first': False, 'cmake_force_configure': False, 'cmake_target': None, 'cmake_target_skip_unavailable': False, 'install_base': '/home/robotec/ros2_ws/install/libuvc', 'merge_install': False, 'path': '/home/robotec/ros2_ws/src/libuvc', 'symlink_install': True, 'test_result_base': None}
[0.739s] Level 5:colcon.colcon_core.verb:set package 'odometry' build argument 'cmake_args' from command line to 'None'
[0.739s] Level 5:colcon.colcon_core.verb:set package 'odometry' build argument 'cmake_target' from command line to 'None'
[0.739s] Level 5:colcon.colcon_core.verb:set package 'odometry' build argument 'cmake_target_skip_unavailable' from command line to 'False'
[0.739s] Level 5:colcon.colcon_core.verb:set package 'odometry' build argument 'cmake_clean_cache' from command line to 'False'
[0.739s] Level 5:colcon.colcon_core.verb:set package 'odometry' build argument 'cmake_clean_first' from command line to 'False'
[0.739s] Level 5:colcon.colcon_core.verb:set package 'odometry' build argument 'cmake_force_configure' from command line to 'False'
[0.739s] Level 5:colcon.colcon_core.verb:set package 'odometry' build argument 'ament_cmake_args' from command line to 'None'
[0.739s] Level 5:colcon.colcon_core.verb:set package 'odometry' build argument 'catkin_cmake_args' from command line to 'None'
[0.739s] Level 5:colcon.colcon_core.verb:set package 'odometry' build argument 'catkin_skip_building_tests' from command line to 'False'
[0.739s] DEBUG:colcon.colcon_core.verb:Building package 'odometry' with the following arguments: {'ament_cmake_args': None, 'build_base': '/home/robotec/ros2_ws/build/odometry', 'catkin_cmake_args': None, 'catkin_skip_building_tests': False, 'cmake_args': None, 'cmake_clean_cache': False, 'cmake_clean_first': False, 'cmake_force_configure': False, 'cmake_target': None, 'cmake_target_skip_unavailable': False, 'install_base': '/home/robotec/ros2_ws/install/odometry', 'merge_install': False, 'path': '/home/robotec/ros2_ws/src/odometry', 'symlink_install': True, 'test_result_base': None}
[0.740s] Level 5:colcon.colcon_core.verb:set package 'sllidar_ros2' build argument 'cmake_args' from command line to 'None'
[0.740s] Level 5:colcon.colcon_core.verb:set package 'sllidar_ros2' build argument 'cmake_target' from command line to 'None'
[0.740s] Level 5:colcon.colcon_core.verb:set package 'sllidar_ros2' build argument 'cmake_target_skip_unavailable' from command line to 'False'
[0.740s] Level 5:colcon.colcon_core.verb:set package 'sllidar_ros2' build argument 'cmake_clean_cache' from command line to 'False'
[0.740s] Level 5:colcon.colcon_core.verb:set package 'sllidar_ros2' build argument 'cmake_clean_first' from command line to 'False'
[0.740s] Level 5:colcon.colcon_core.verb:set package 'sllidar_ros2' build argument 'cmake_force_configure' from command line to 'False'
[0.740s] Level 5:colcon.colcon_core.verb:set package 'sllidar_ros2' build argument 'ament_cmake_args' from command line to 'None'
[0.740s] Level 5:colcon.colcon_core.verb:set package 'sllidar_ros2' build argument 'catkin_cmake_args' from command line to 'None'
[0.740s] Level 5:colcon.colcon_core.verb:set package 'sllidar_ros2' build argument 'catkin_skip_building_tests' from command line to 'False'
[0.740s] DEBUG:colcon.colcon_core.verb:Building package 'sllidar_ros2' with the following arguments: {'ament_cmake_args': None, 'build_base': '/home/robotec/ros2_ws/build/sllidar_ros2', 'catkin_cmake_args': None, 'catkin_skip_building_tests': False, 'cmake_args': None, 'cmake_clean_cache': False, 'cmake_clean_first': False, 'cmake_force_configure': False, 'cmake_target': None, 'cmake_target_skip_unavailable': False, 'install_base': '/home/robotec/ros2_ws/install/sllidar_ros2', 'merge_install': False, 'path': '/home/robotec/ros2_ws/src/sllidar_ros2', 'symlink_install': True, 'test_result_base': None}
[0.741s] Level 5:colcon.colcon_core.verb:set package 'astra_camera' build argument 'cmake_args' from command line to 'None'
[0.741s] Level 5:colcon.colcon_core.verb:set package 'astra_camera' build argument 'cmake_target' from command line to 'None'
[0.741s] Level 5:colcon.colcon_core.verb:set package 'astra_camera' build argument 'cmake_target_skip_unavailable' from command line to 'False'
[0.741s] Level 5:colcon.colcon_core.verb:set package 'astra_camera' build argument 'cmake_clean_cache' from command line to 'False'
[0.741s] Level 5:colcon.colcon_core.verb:set package 'astra_camera' build argument 'cmake_clean_first' from command line to 'False'
[0.741s] Level 5:colcon.colcon_core.verb:set package 'astra_camera' build argument 'cmake_force_configure' from command line to 'False'
[0.741s] Level 5:colcon.colcon_core.verb:set package 'astra_camera' build argument 'ament_cmake_args' from command line to 'None'
[0.741s] Level 5:colcon.colcon_core.verb:set package 'astra_camera' build argument 'catkin_cmake_args' from command line to 'None'
[0.741s] Level 5:colcon.colcon_core.verb:set package 'astra_camera' build argument 'catkin_skip_building_tests' from command line to 'False'
[0.741s] DEBUG:colcon.colcon_core.verb:Building package 'astra_camera' with the following arguments: {'ament_cmake_args': None, 'build_base': '/home/robotec/ros2_ws/build/astra_camera', 'catkin_cmake_args': None, 'catkin_skip_building_tests': False, 'cmake_args': None, 'cmake_clean_cache': False, 'cmake_clean_first': False, 'cmake_force_configure': False, 'cmake_target': None, 'cmake_target_skip_unavailable': False, 'install_base': '/home/robotec/ros2_ws/install/astra_camera', 'merge_install': False, 'path': '/home/robotec/ros2_ws/src/ros2_astra_camera/astra_camera', 'symlink_install': True, 'test_result_base': None}
[0.742s] INFO:colcon.colcon_core.executor:Executing jobs using 'parallel' executor
[0.744s] DEBUG:colcon.colcon_parallel_executor.executor.parallel:run_until_complete
[0.744s] INFO:colcon.colcon_ros.task.ament_cmake.build:Building ROS package in '/home/robotec/ros2_ws/src/ros2_astra_camera/astra_camera_msgs' with build type 'ament_cmake'
[0.745s] INFO:colcon.colcon_cmake.task.cmake.build:Building CMake package in '/home/robotec/ros2_ws/src/ros2_astra_camera/astra_camera_msgs'
[0.749s] INFO:colcon.colcon_core.plugin_system:Skipping extension 'colcon_core.shell.bat': Not used on non-Windows systems
[0.749s] INFO:colcon.colcon_core.shell:Skip shell extension 'powershell' for command environment: Not usable outside of PowerShell
[0.750s] DEBUG:colcon.colcon_core.shell:Skip shell extension 'dsv' for command environment
[0.766s] INFO:colcon.colcon_ros.task.ament_python.build:Building ROS package in '/home/robotec/ros2_ws/src/camera_pkg' with build type 'ament_python'
[0.768s] Level 1:colcon.colcon_core.shell:create_environment_hook('camera_pkg', 'ament_prefix_path')
[0.769s] INFO:colcon.colcon_core.shell:Creating environment hook '/home/robotec/ros2_ws/install/camera_pkg/share/camera_pkg/hook/ament_prefix_path.ps1'
[0.770s] INFO:colcon.colcon_core.shell:Creating environment descriptor '/home/robotec/ros2_ws/install/camera_pkg/share/camera_pkg/hook/ament_prefix_path.dsv'
[0.771s] INFO:colcon.colcon_core.shell:Creating environment hook '/home/robotec/ros2_ws/install/camera_pkg/share/camera_pkg/hook/ament_prefix_path.sh'
[0.773s] INFO:colcon.colcon_core.shell:Skip shell extension 'powershell' for command environment: Not usable outside of PowerShell
[0.773s] DEBUG:colcon.colcon_core.shell:Skip shell extension 'dsv' for command environment
[0.782s] INFO:colcon.colcon_cmake.task.cmake.build:Building CMake package in '/home/robotec/ros2_ws/src/libuvc'
[0.785s] INFO:colcon.colcon_core.shell:Skip shell extension 'powershell' for command environment: Not usable outside of PowerShell
[0.786s] DEBUG:colcon.colcon_core.shell:Skip shell extension 'dsv' for command environment
[0.801s] INFO:colcon.colcon_ros.task.ament_python.build:Building ROS package in '/home/robotec/ros2_ws/src/odometry' with build type 'ament_python'
[0.802s] Level 1:colcon.colcon_core.shell:create_environment_hook('odometry', 'ament_prefix_path')
[0.803s] INFO:colcon.colcon_core.shell:Creating environment hook '/home/robotec/ros2_ws/install/odometry/share/odometry/hook/ament_prefix_path.ps1'
[0.804s] INFO:colcon.colcon_core.shell:Creating environment descriptor '/home/robotec/ros2_ws/install/odometry/share/odometry/hook/ament_prefix_path.dsv'
[0.806s] INFO:colcon.colcon_core.shell:Creating environment hook '/home/robotec/ros2_ws/install/odometry/share/odometry/hook/ament_prefix_path.sh'
[0.807s] INFO:colcon.colcon_core.shell:Skip shell extension 'powershell' for command environment: Not usable outside of PowerShell
[0.807s] DEBUG:colcon.colcon_core.shell:Skip shell extension 'dsv' for command environment
[0.823s] DEBUG:colcon.colcon_core.event_handler.log_command:Invoking command in '/home/robotec/ros2_ws/build/astra_camera_msgs': CMAKE_PREFIX_PATH=${CMAKE_PREFIX_PATH}:/home/robotec/ros2_ws/install/odometry:/home/robotec/ros2_ws/install/camera_pkg:/opt/ros/humble /usr/bin/cmake --build /home/robotec/ros2_ws/build/astra_camera_msgs -- -j4 -l4
[1.840s] INFO:colcon.colcon_core.task.python.build:Building Python package in '/home/robotec/ros2_ws/src/camera_pkg'
[1.841s] INFO:colcon.colcon_core.shell:Skip shell extension 'powershell' for command environment: Not usable outside of PowerShell
[1.841s] DEBUG:colcon.colcon_core.shell:Skip shell extension 'dsv' for command environment
[1.857s] DEBUG:colcon.colcon_core.event_handler.log_command:Invoking command in '/home/robotec/ros2_ws/build/libuvc': /usr/bin/cmake --build /home/robotec/ros2_ws/build/libuvc -- -j4 -l4
[2.501s] INFO:colcon.colcon_core.task.python.build:Building Python package in '/home/robotec/ros2_ws/src/odometry'
[2.502s] INFO:colcon.colcon_core.shell:Skip shell extension 'powershell' for command environment: Not usable outside of PowerShell
[2.502s] DEBUG:colcon.colcon_core.shell:Skip shell extension 'dsv' for command environment
[2.525s] DEBUG:colcon.colcon_core.event_handler.log_command:Invoked command in '/home/robotec/ros2_ws/build/astra_camera_msgs' returned '0': CMAKE_PREFIX_PATH=${CMAKE_PREFIX_PATH}:/home/robotec/ros2_ws/install/odometry:/home/robotec/ros2_ws/install/camera_pkg:/opt/ros/humble /usr/bin/cmake --build /home/robotec/ros2_ws/build/astra_camera_msgs -- -j4 -l4
[2.544s] DEBUG:colcon.colcon_core.event_handler.log_command:Invoking command in '/home/robotec/ros2_ws/build/astra_camera_msgs': CMAKE_PREFIX_PATH=${CMAKE_PREFIX_PATH}:/home/robotec/ros2_ws/install/odometry:/home/robotec/ros2_ws/install/camera_pkg:/opt/ros/humble /usr/bin/cmake --install /home/robotec/ros2_ws/build/astra_camera_msgs
[2.549s] DEBUG:colcon.colcon_core.event_handler.log_command:Invoked command in '/home/robotec/ros2_ws/build/libuvc' returned '0': /usr/bin/cmake --build /home/robotec/ros2_ws/build/libuvc -- -j4 -l4
[2.551s] DEBUG:colcon.colcon_core.event_handler.log_command:Invoking command in '/home/robotec/ros2_ws/build/libuvc': /usr/bin/cmake --install /home/robotec/ros2_ws/build/libuvc
[2.587s] Level 1:colcon.colcon_core.environment:create_environment_scripts_only(libuvc)
[2.601s] Level 1:colcon.colcon_core.environment:checking '/home/robotec/ros2_ws/install/libuvc' for CMake module files
[2.604s] Level 1:colcon.colcon_core.shell:create_environment_hook('libuvc', 'cmake_module_path')
[2.606s] INFO:colcon.colcon_core.shell:Creating environment hook '/home/robotec/ros2_ws/install/libuvc/share/libuvc/hook/cmake_module_path.ps1'
[2.607s] DEBUG:colcon.colcon_core.event_handler.log_command:Invoked command in '/home/robotec/ros2_ws/build/libuvc' returned '0': /usr/bin/cmake --install /home/robotec/ros2_ws/build/libuvc
[2.613s] INFO:colcon.colcon_core.shell:Creating environment descriptor '/home/robotec/ros2_ws/install/libuvc/share/libuvc/hook/cmake_module_path.dsv'
[2.615s] INFO:colcon.colcon_core.shell:Creating environment hook '/home/robotec/ros2_ws/install/libuvc/share/libuvc/hook/cmake_module_path.sh'
[2.622s] Level 1:colcon.colcon_core.shell:create_environment_hook('libuvc', 'cmake_module_path1')
[2.623s] INFO:colcon.colcon_core.shell:Creating environment hook '/home/robotec/ros2_ws/install/libuvc/share/libuvc/hook/cmake_module_path1.ps1'
[2.624s] INFO:colcon.colcon_core.shell:Creating environment descriptor '/home/robotec/ros2_ws/install/libuvc/share/libuvc/hook/cmake_module_path1.dsv'
[2.629s] INFO:colcon.colcon_core.shell:Creating environment hook '/home/robotec/ros2_ws/install/libuvc/share/libuvc/hook/cmake_module_path1.sh'
[2.641s] Level 1:colcon.colcon_core.environment:checking '/home/robotec/ros2_ws/install/libuvc' for CMake config files
[2.643s] Level 1:colcon.colcon_core.shell:create_environment_hook('libuvc', 'cmake_prefix_path')
[2.643s] INFO:colcon.colcon_core.shell:Creating environment hook '/home/robotec/ros2_ws/install/libuvc/share/libuvc/hook/cmake_prefix_path.ps1'
[2.652s] INFO:colcon.colcon_core.shell:Creating environment descriptor '/home/robotec/ros2_ws/install/libuvc/share/libuvc/hook/cmake_prefix_path.dsv'
[2.653s] INFO:colcon.colcon_core.shell:Creating environment hook '/home/robotec/ros2_ws/install/libuvc/share/libuvc/hook/cmake_prefix_path.sh'
[2.658s] Level 1:colcon.colcon_core.environment:checking '/home/robotec/ros2_ws/install/libuvc/lib'
[2.659s] Level 1:colcon.colcon_core.shell:create_environment_hook('libuvc', 'ld_library_path_lib')
[2.660s] INFO:colcon.colcon_core.shell:Creating environment hook '/home/robotec/ros2_ws/install/libuvc/share/libuvc/hook/ld_library_path_lib.ps1'
[2.666s] INFO:colcon.colcon_core.shell:Creating environment descriptor '/home/robotec/ros2_ws/install/libuvc/share/libuvc/hook/ld_library_path_lib.dsv'
[2.667s] INFO:colcon.colcon_core.shell:Creating environment hook '/home/robotec/ros2_ws/install/libuvc/share/libuvc/hook/ld_library_path_lib.sh'
[2.669s] Level 1:colcon.colcon_core.environment:checking '/home/robotec/ros2_ws/install/libuvc/bin'
[2.669s] Level 1:colcon.colcon_core.environment:checking '/home/robotec/ros2_ws/install/libuvc/lib/pkgconfig/libuvc.pc'
[2.669s] Level 1:colcon.colcon_core.shell:create_environment_hook('libuvc', 'pkg_config')
[2.670s] INFO:colcon.colcon_core.shell:Creating environment hook '/home/robotec/ros2_ws/install/libuvc/share/libuvc/hook/pkg_config.ps1'
[2.677s] INFO:colcon.colcon_core.shell:Creating environment descriptor '/home/robotec/ros2_ws/install/libuvc/share/libuvc/hook/pkg_config.dsv'
[2.677s] INFO:colcon.colcon_core.shell:Creating environment hook '/home/robotec/ros2_ws/install/libuvc/share/libuvc/hook/pkg_config.sh'
[2.678s] Level 1:colcon.colcon_core.environment:checking '/home/robotec/ros2_ws/install/libuvc/lib/python3.10/site-packages'
[2.679s] Level 1:colcon.colcon_core.environment:checking '/home/robotec/ros2_ws/install/libuvc/bin'
[2.680s] INFO:colcon.colcon_core.shell:Creating package script '/home/robotec/ros2_ws/install/libuvc/share/libuvc/package.ps1'
[2.685s] INFO:colcon.colcon_core.shell:Creating package descriptor '/home/robotec/ros2_ws/install/libuvc/share/libuvc/package.dsv'
[2.691s] INFO:colcon.colcon_core.shell:Creating package script '/home/robotec/ros2_ws/install/libuvc/share/libuvc/package.sh'
[2.696s] INFO:colcon.colcon_core.shell:Creating package script '/home/robotec/ros2_ws/install/libuvc/share/libuvc/package.bash'
[2.701s] INFO:colcon.colcon_core.shell:Creating package script '/home/robotec/ros2_ws/install/libuvc/share/libuvc/package.zsh'
[2.705s] Level 1:colcon.colcon_core.environment:create_file_with_runtime_dependencies(/home/robotec/ros2_ws/install/libuvc/share/colcon-core/packages/libuvc)
[2.708s] INFO:colcon.colcon_ros.task.ament_cmake.build:Building ROS package in '/home/robotec/ros2_ws/src/sllidar_ros2' with build type 'ament_cmake'
[2.708s] INFO:colcon.colcon_cmake.task.cmake.build:Building CMake package in '/home/robotec/ros2_ws/src/sllidar_ros2'
[2.715s] INFO:colcon.colcon_core.shell:Skip shell extension 'powershell' for command environment: Not usable outside of PowerShell
[2.715s] DEBUG:colcon.colcon_core.shell:Skip shell extension 'dsv' for command environment
[2.751s] DEBUG:colcon.colcon_core.event_handler.log_command:Invoking command in '/home/robotec/ros2_ws/build/sllidar_ros2': CMAKE_PREFIX_PATH=${CMAKE_PREFIX_PATH}:/home/robotec/ros2_ws/install/odometry:/home/robotec/ros2_ws/install/camera_pkg:/opt/ros/humble /usr/bin/cmake --build /home/robotec/ros2_ws/build/sllidar_ros2 -- -j4 -l4
[2.861s] Level 1:colcon.colcon_core.environment:create_environment_scripts_only(astra_camera_msgs)
[2.863s] Level 1:colcon.colcon_core.environment:checking '/home/robotec/ros2_ws/install/astra_camera_msgs' for CMake module files
[2.862s] DEBUG:colcon.colcon_core.event_handler.log_command:Invoked command in '/home/robotec/ros2_ws/build/astra_camera_msgs' returned '0': CMAKE_PREFIX_PATH=${CMAKE_PREFIX_PATH}:/home/robotec/ros2_ws/install/odometry:/home/robotec/ros2_ws/install/camera_pkg:/opt/ros/humble /usr/bin/cmake --install /home/robotec/ros2_ws/build/astra_camera_msgs
[2.864s] Level 1:colcon.colcon_core.environment:checking '/home/robotec/ros2_ws/install/astra_camera_msgs' for CMake config files
[2.865s] Level 1:colcon.colcon_core.shell:create_environment_hook('astra_camera_msgs', 'cmake_prefix_path')
[2.866s] INFO:colcon.colcon_core.shell:Creating environment hook '/home/robotec/ros2_ws/install/astra_camera_msgs/share/astra_camera_msgs/hook/cmake_prefix_path.ps1'
[2.870s] INFO:colcon.colcon_core.shell:Creating environment descriptor '/home/robotec/ros2_ws/install/astra_camera_msgs/share/astra_camera_msgs/hook/cmake_prefix_path.dsv'
[2.870s] INFO:colcon.colcon_core.shell:Creating environment hook '/home/robotec/ros2_ws/install/astra_camera_msgs/share/astra_camera_msgs/hook/cmake_prefix_path.sh'
[2.871s] Level 1:colcon.colcon_core.environment:checking '/home/robotec/ros2_ws/install/astra_camera_msgs/lib'
[2.872s] Level 1:colcon.colcon_core.shell:create_environment_hook('astra_camera_msgs', 'ld_library_path_lib')
[2.872s] INFO:colcon.colcon_core.shell:Creating environment hook '/home/robotec/ros2_ws/install/astra_camera_msgs/share/astra_camera_msgs/hook/ld_library_path_lib.ps1'
[2.873s] INFO:colcon.colcon_core.shell:Creating environment descriptor '/home/robotec/ros2_ws/install/astra_camera_msgs/share/astra_camera_msgs/hook/ld_library_path_lib.dsv'
[2.874s] INFO:colcon.colcon_core.shell:Creating environment hook '/home/robotec/ros2_ws/install/astra_camera_msgs/share/astra_camera_msgs/hook/ld_library_path_lib.sh'
[2.875s] Level 1:colcon.colcon_core.environment:checking '/home/robotec/ros2_ws/install/astra_camera_msgs/bin'
[2.875s] Level 1:colcon.colcon_core.environment:checking '/home/robotec/ros2_ws/install/astra_camera_msgs/lib/pkgconfig/astra_camera_msgs.pc'
[2.875s] Level 1:colcon.colcon_core.environment:checking '/home/robotec/ros2_ws/install/astra_camera_msgs/lib/python3.10/site-packages'
[2.876s] Level 1:colcon.colcon_core.environment:checking '/home/robotec/ros2_ws/install/astra_camera_msgs/bin'
[2.876s] INFO:colcon.colcon_core.shell:Creating package script '/home/robotec/ros2_ws/install/astra_camera_msgs/share/astra_camera_msgs/package.ps1'
[2.877s] INFO:colcon.colcon_core.shell:Creating package descriptor '/home/robotec/ros2_ws/install/astra_camera_msgs/share/astra_camera_msgs/package.dsv'
[2.878s] INFO:colcon.colcon_core.shell:Creating package script '/home/robotec/ros2_ws/install/astra_camera_msgs/share/astra_camera_msgs/package.sh'
[2.879s] INFO:colcon.colcon_core.shell:Creating package script '/home/robotec/ros2_ws/install/astra_camera_msgs/share/astra_camera_msgs/package.bash'
[2.880s] INFO:colcon.colcon_core.shell:Creating package script '/home/robotec/ros2_ws/install/astra_camera_msgs/share/astra_camera_msgs/package.zsh'
[2.881s] Level 1:colcon.colcon_core.environment:create_file_with_runtime_dependencies(/home/robotec/ros2_ws/install/astra_camera_msgs/share/colcon-core/packages/astra_camera_msgs)
[2.882s] Level 1:colcon.colcon_core.environment:create_environment_scripts_only(astra_camera_msgs)
[2.883s] Level 1:colcon.colcon_core.environment:checking '/home/robotec/ros2_ws/install/astra_camera_msgs' for CMake module files
[2.884s] Level 1:colcon.colcon_core.environment:checking '/home/robotec/ros2_ws/install/astra_camera_msgs' for CMake config files
[2.886s] Level 1:colcon.colcon_core.shell:create_environment_hook('astra_camera_msgs', 'cmake_prefix_path')
[2.887s] INFO:colcon.colcon_core.shell:Creating environment hook '/home/robotec/ros2_ws/install/astra_camera_msgs/share/astra_camera_msgs/hook/cmake_prefix_path.ps1'
[2.888s] INFO:colcon.colcon_core.shell:Creating environment descriptor '/home/robotec/ros2_ws/install/astra_camera_msgs/share/astra_camera_msgs/hook/cmake_prefix_path.dsv'
[2.889s] INFO:colcon.colcon_core.shell:Creating environment hook '/home/robotec/ros2_ws/install/astra_camera_msgs/share/astra_camera_msgs/hook/cmake_prefix_path.sh'
[2.890s] Level 1:colcon.colcon_core.environment:checking '/home/robotec/ros2_ws/install/astra_camera_msgs/lib'
[2.890s] Level 1:colcon.colcon_core.shell:create_environment_hook('astra_camera_msgs', 'ld_library_path_lib')
[2.891s] INFO:colcon.colcon_core.shell:Creating environment hook '/home/robotec/ros2_ws/install/astra_camera_msgs/share/astra_camera_msgs/hook/ld_library_path_lib.ps1'
[2.892s] INFO:colcon.colcon_core.shell:Creating environment descriptor '/home/robotec/ros2_ws/install/astra_camera_msgs/share/astra_camera_msgs/hook/ld_library_path_lib.dsv'
[2.896s] INFO:colcon.colcon_core.shell:Creating environment hook '/home/robotec/ros2_ws/install/astra_camera_msgs/share/astra_camera_msgs/hook/ld_library_path_lib.sh'
[2.896s] Level 1:colcon.colcon_core.environment:checking '/home/robotec/ros2_ws/install/astra_camera_msgs/bin'
[2.897s] Level 1:colcon.colcon_core.environment:checking '/home/robotec/ros2_ws/install/astra_camera_msgs/lib/pkgconfig/astra_camera_msgs.pc'
[2.897s] Level 1:colcon.colcon_core.environment:checking '/home/robotec/ros2_ws/install/astra_camera_msgs/lib/python3.10/site-packages'
[2.898s] Level 1:colcon.colcon_core.environment:checking '/home/robotec/ros2_ws/install/astra_camera_msgs/bin'
[2.898s] INFO:colcon.colcon_core.shell:Creating package script '/home/robotec/ros2_ws/install/astra_camera_msgs/share/astra_camera_msgs/package.ps1'
[2.900s] INFO:colcon.colcon_core.shell:Creating package descriptor '/home/robotec/ros2_ws/install/astra_camera_msgs/share/astra_camera_msgs/package.dsv'
[2.901s] INFO:colcon.colcon_core.shell:Creating package script '/home/robotec/ros2_ws/install/astra_camera_msgs/share/astra_camera_msgs/package.sh'
[2.906s] INFO:colcon.colcon_core.shell:Creating package script '/home/robotec/ros2_ws/install/astra_camera_msgs/share/astra_camera_msgs/package.bash'
[2.907s] INFO:colcon.colcon_core.shell:Creating package script '/home/robotec/ros2_ws/install/astra_camera_msgs/share/astra_camera_msgs/package.zsh'
[2.907s] Level 1:colcon.colcon_core.environment:create_file_with_runtime_dependencies(/home/robotec/ros2_ws/install/astra_camera_msgs/share/colcon-core/packages/astra_camera_msgs)
[2.920s] INFO:colcon.colcon_ros.task.ament_cmake.build:Building ROS package in '/home/robotec/ros2_ws/src/ros2_astra_camera/astra_camera' with build type 'ament_cmake'
[2.920s] INFO:colcon.colcon_cmake.task.cmake.build:Building CMake package in '/home/robotec/ros2_ws/src/ros2_astra_camera/astra_camera'
[2.921s] INFO:colcon.colcon_core.shell:Skip shell extension 'powershell' for command environment: Not usable outside of PowerShell
[2.921s] DEBUG:colcon.colcon_core.shell:Skip shell extension 'dsv' for command environment
[2.979s] DEBUG:colcon.colcon_core.event_handler.log_command:Invoking command in '/home/robotec/ros2_ws/build/astra_camera': CMAKE_PREFIX_PATH=/home/robotec/ros2_ws/install/astra_camera_msgs:/home/robotec/ros2_ws/install/sllidar_ros2:/home/robotec/ros2_ws/install/libuvc:/home/robotec/ros2_ws/install/astra_camera:/home/robotec/ros2_ws/install/odometry:/home/robotec/ros2_ws/install/camera_pkg:/opt/ros/humble LD_LIBRARY_PATH=/home/robotec/ros2_ws/install/astra_camera_msgs/lib:/home/robotec/ros2_ws/install/libuvc/lib:/home/robotec/ros2_ws/install/astra_camera/lib:/opt/ros/humble/opt/rviz_ogre_vendor/lib:/opt/ros/humble/lib/x86_64-linux-gnu:/opt/ros/humble/lib /usr/bin/cmake --build /home/robotec/ros2_ws/build/astra_camera -- -j4 -l4
[3.068s] DEBUG:colcon.colcon_core.event_handler.log_command:Invoked command in '/home/robotec/ros2_ws/build/sllidar_ros2' returned '0': CMAKE_PREFIX_PATH=${CMAKE_PREFIX_PATH}:/home/robotec/ros2_ws/install/odometry:/home/robotec/ros2_ws/install/camera_pkg:/opt/ros/humble /usr/bin/cmake --build /home/robotec/ros2_ws/build/sllidar_ros2 -- -j4 -l4
[3.075s] DEBUG:colcon.colcon_core.event_handler.log_command:Invoking command in '/home/robotec/ros2_ws/build/sllidar_ros2': CMAKE_PREFIX_PATH=${CMAKE_PREFIX_PATH}:/home/robotec/ros2_ws/install/odometry:/home/robotec/ros2_ws/install/camera_pkg:/opt/ros/humble /usr/bin/cmake --install /home/robotec/ros2_ws/build/sllidar_ros2
[3.198s] Level 1:colcon.colcon_core.environment:create_environment_scripts_only(sllidar_ros2)
[3.198s] Level 1:colcon.colcon_core.environment:checking '/home/robotec/ros2_ws/install/sllidar_ros2' for CMake module files
[3.199s] Level 1:colcon.colcon_core.environment:checking '/home/robotec/ros2_ws/install/sllidar_ros2' for CMake config files
[3.200s] Level 1:colcon.colcon_core.shell:create_environment_hook('sllidar_ros2', 'cmake_prefix_path')
[3.198s] DEBUG:colcon.colcon_core.event_handler.log_command:Invoked command in '/home/robotec/ros2_ws/build/sllidar_ros2' returned '0': CMAKE_PREFIX_PATH=${CMAKE_PREFIX_PATH}:/home/robotec/ros2_ws/install/odometry:/home/robotec/ros2_ws/install/camera_pkg:/opt/ros/humble /usr/bin/cmake --install /home/robotec/ros2_ws/build/sllidar_ros2
[3.200s] INFO:colcon.colcon_core.shell:Creating environment hook '/home/robotec/ros2_ws/install/sllidar_ros2/share/sllidar_ros2/hook/cmake_prefix_path.ps1'
[3.201s] INFO:colcon.colcon_core.shell:Creating environment descriptor '/home/robotec/ros2_ws/install/sllidar_ros2/share/sllidar_ros2/hook/cmake_prefix_path.dsv'
[3.202s] INFO:colcon.colcon_core.shell:Creating environment hook '/home/robotec/ros2_ws/install/sllidar_ros2/share/sllidar_ros2/hook/cmake_prefix_path.sh'
[3.203s] Level 1:colcon.colcon_core.environment:checking '/home/robotec/ros2_ws/install/sllidar_ros2/lib'
[3.203s] Level 1:colcon.colcon_core.environment:checking '/home/robotec/ros2_ws/install/sllidar_ros2/bin'
[3.203s] Level 1:colcon.colcon_core.environment:checking '/home/robotec/ros2_ws/install/sllidar_ros2/lib/pkgconfig/sllidar_ros2.pc'
[3.203s] Level 1:colcon.colcon_core.environment:checking '/home/robotec/ros2_ws/install/sllidar_ros2/lib/python3.10/site-packages'
[3.204s] Level 1:colcon.colcon_core.environment:checking '/home/robotec/ros2_ws/install/sllidar_ros2/bin'
[3.204s] INFO:colcon.colcon_core.shell:Creating package script '/home/robotec/ros2_ws/install/sllidar_ros2/share/sllidar_ros2/package.ps1'
[3.205s] INFO:colcon.colcon_core.shell:Creating package descriptor '/home/robotec/ros2_ws/install/sllidar_ros2/share/sllidar_ros2/package.dsv'
[3.206s] INFO:colcon.colcon_core.shell:Creating package script '/home/robotec/ros2_ws/install/sllidar_ros2/share/sllidar_ros2/package.sh'
[3.206s] INFO:colcon.colcon_core.shell:Creating package script '/home/robotec/ros2_ws/install/sllidar_ros2/share/sllidar_ros2/package.bash'
[3.207s] INFO:colcon.colcon_core.shell:Creating package script '/home/robotec/ros2_ws/install/sllidar_ros2/share/sllidar_ros2/package.zsh'
[3.209s] Level 1:colcon.colcon_core.environment:create_file_with_runtime_dependencies(/home/robotec/ros2_ws/install/sllidar_ros2/share/colcon-core/packages/sllidar_ros2)
[3.211s] Level 1:colcon.colcon_core.environment:create_environment_scripts_only(sllidar_ros2)
[3.212s] Level 1:colcon.colcon_core.environment:checking '/home/robotec/ros2_ws/install/sllidar_ros2' for CMake module files
[3.213s] Level 1:colcon.colcon_core.environment:checking '/home/robotec/ros2_ws/install/sllidar_ros2' for CMake config files
[3.214s] Level 1:colcon.colcon_core.shell:create_environment_hook('sllidar_ros2', 'cmake_prefix_path')
[3.215s] INFO:colcon.colcon_core.shell:Creating environment hook '/home/robotec/ros2_ws/install/sllidar_ros2/share/sllidar_ros2/hook/cmake_prefix_path.ps1'
[3.224s] INFO:colcon.colcon_core.shell:Creating environment descriptor '/home/robotec/ros2_ws/install/sllidar_ros2/share/sllidar_ros2/hook/cmake_prefix_path.dsv'
[3.232s] INFO:colcon.colcon_core.shell:Creating environment hook '/home/robotec/ros2_ws/install/sllidar_ros2/share/sllidar_ros2/hook/cmake_prefix_path.sh'
[3.234s] Level 1:colcon.colcon_core.environment:checking '/home/robotec/ros2_ws/install/sllidar_ros2/lib'
[3.235s] Level 1:colcon.colcon_core.environment:checking '/home/robotec/ros2_ws/install/sllidar_ros2/bin'
[3.236s] Level 1:colcon.colcon_core.environment:checking '/home/robotec/ros2_ws/install/sllidar_ros2/lib/pkgconfig/sllidar_ros2.pc'
[3.236s] Level 1:colcon.colcon_core.environment:checking '/home/robotec/ros2_ws/install/sllidar_ros2/lib/python3.10/site-packages'
[3.236s] Level 1:colcon.colcon_core.environment:checking '/home/robotec/ros2_ws/install/sllidar_ros2/bin'
[3.237s] INFO:colcon.colcon_core.shell:Creating package script '/home/robotec/ros2_ws/install/sllidar_ros2/share/sllidar_ros2/package.ps1'
[3.238s] INFO:colcon.colcon_core.shell:Creating package descriptor '/home/robotec/ros2_ws/install/sllidar_ros2/share/sllidar_ros2/package.dsv'
[3.238s] INFO:colcon.colcon_core.shell:Creating package script '/home/robotec/ros2_ws/install/sllidar_ros2/share/sllidar_ros2/package.sh'
[3.239s] INFO:colcon.colcon_core.shell:Creating package script '/home/robotec/ros2_ws/install/sllidar_ros2/share/sllidar_ros2/package.bash'
[3.240s] INFO:colcon.colcon_core.shell:Creating package script '/home/robotec/ros2_ws/install/sllidar_ros2/share/sllidar_ros2/package.zsh'
[3.241s] Level 1:colcon.colcon_core.environment:create_file_with_runtime_dependencies(/home/robotec/ros2_ws/install/sllidar_ros2/share/colcon-core/packages/sllidar_ros2)
[3.569s] DEBUG:colcon.colcon_core.event_handler.log_command:Invoked command in '/home/robotec/ros2_ws/build/astra_camera' returned '0': CMAKE_PREFIX_PATH=/home/robotec/ros2_ws/install/astra_camera_msgs:/home/robotec/ros2_ws/install/sllidar_ros2:/home/robotec/ros2_ws/install/libuvc:/home/robotec/ros2_ws/install/astra_camera:/home/robotec/ros2_ws/install/odometry:/home/robotec/ros2_ws/install/camera_pkg:/opt/ros/humble LD_LIBRARY_PATH=/home/robotec/ros2_ws/install/astra_camera_msgs/lib:/home/robotec/ros2_ws/install/libuvc/lib:/home/robotec/ros2_ws/install/astra_camera/lib:/opt/ros/humble/opt/rviz_ogre_vendor/lib:/opt/ros/humble/lib/x86_64-linux-gnu:/opt/ros/humble/lib /usr/bin/cmake --build /home/robotec/ros2_ws/build/astra_camera -- -j4 -l4
[3.581s] DEBUG:colcon.colcon_core.event_handler.log_command:Invoking command in '/home/robotec/ros2_ws/build/astra_camera': CMAKE_PREFIX_PATH=/home/robotec/ros2_ws/install/astra_camera_msgs:/home/robotec/ros2_ws/install/sllidar_ros2:/home/robotec/ros2_ws/install/libuvc:/home/robotec/ros2_ws/install/astra_camera:/home/robotec/ros2_ws/install/odometry:/home/robotec/ros2_ws/install/camera_pkg:/opt/ros/humble LD_LIBRARY_PATH=/home/robotec/ros2_ws/install/astra_camera_msgs/lib:/home/robotec/ros2_ws/install/libuvc/lib:/home/robotec/ros2_ws/install/astra_camera/lib:/opt/ros/humble/opt/rviz_ogre_vendor/lib:/opt/ros/humble/lib/x86_64-linux-gnu:/opt/ros/humble/lib /usr/bin/cmake --install /home/robotec/ros2_ws/build/astra_camera
[3.703s] Level 1:colcon.colcon_core.environment:create_environment_scripts_only(astra_camera)
[3.703s] Level 1:colcon.colcon_core.environment:checking '/home/robotec/ros2_ws/install/astra_camera' for CMake module files
[3.704s] Level 1:colcon.colcon_core.environment:checking '/home/robotec/ros2_ws/install/astra_camera' for CMake config files
[3.705s] Level 1:colcon.colcon_core.shell:create_environment_hook('astra_camera', 'cmake_prefix_path')
[3.705s] INFO:colcon.colcon_core.shell:Creating environment hook '/home/robotec/ros2_ws/install/astra_camera/share/astra_camera/hook/cmake_prefix_path.ps1'
[3.709s] DEBUG:colcon.colcon_core.event_handler.log_command:Invoked command in '/home/robotec/ros2_ws/build/astra_camera' returned '0': CMAKE_PREFIX_PATH=/home/robotec/ros2_ws/install/astra_camera_msgs:/home/robotec/ros2_ws/install/sllidar_ros2:/home/robotec/ros2_ws/install/libuvc:/home/robotec/ros2_ws/install/astra_camera:/home/robotec/ros2_ws/install/odometry:/home/robotec/ros2_ws/install/camera_pkg:/opt/ros/humble LD_LIBRARY_PATH=/home/robotec/ros2_ws/install/astra_camera_msgs/lib:/home/robotec/ros2_ws/install/libuvc/lib:/home/robotec/ros2_ws/install/astra_camera/lib:/opt/ros/humble/opt/rviz_ogre_vendor/lib:/opt/ros/humble/lib/x86_64-linux-gnu:/opt/ros/humble/lib /usr/bin/cmake --install /home/robotec/ros2_ws/build/astra_camera
[3.709s] INFO:colcon.colcon_core.shell:Creating environment descriptor '/home/robotec/ros2_ws/install/astra_camera/share/astra_camera/hook/cmake_prefix_path.dsv'
[3.710s] INFO:colcon.colcon_core.shell:Creating environment hook '/home/robotec/ros2_ws/install/astra_camera/share/astra_camera/hook/cmake_prefix_path.sh'
[3.711s] Level 1:colcon.colcon_core.environment:checking '/home/robotec/ros2_ws/install/astra_camera/lib'
[3.713s] Level 1:colcon.colcon_core.shell:create_environment_hook('astra_camera', 'ld_library_path_lib')
[3.713s] INFO:colcon.colcon_core.shell:Creating environment hook '/home/robotec/ros2_ws/install/astra_camera/share/astra_camera/hook/ld_library_path_lib.ps1'
[3.714s] INFO:colcon.colcon_core.shell:Creating environment descriptor '/home/robotec/ros2_ws/install/astra_camera/share/astra_camera/hook/ld_library_path_lib.dsv'
[3.715s] INFO:colcon.colcon_core.shell:Creating environment hook '/home/robotec/ros2_ws/install/astra_camera/share/astra_camera/hook/ld_library_path_lib.sh'
[3.721s] Level 1:colcon.colcon_core.environment:checking '/home/robotec/ros2_ws/install/astra_camera/bin'
[3.721s] Level 1:colcon.colcon_core.environment:checking '/home/robotec/ros2_ws/install/astra_camera/lib/pkgconfig/astra_camera.pc'
[3.725s] Level 1:colcon.colcon_core.environment:checking '/home/robotec/ros2_ws/install/astra_camera/lib/python3.10/site-packages'
[3.725s] Level 1:colcon.colcon_core.environment:checking '/home/robotec/ros2_ws/install/astra_camera/bin'
[3.726s] INFO:colcon.colcon_core.shell:Creating package script '/home/robotec/ros2_ws/install/astra_camera/share/astra_camera/package.ps1'
[3.726s] INFO:colcon.colcon_core.shell:Creating package descriptor '/home/robotec/ros2_ws/install/astra_camera/share/astra_camera/package.dsv'
[3.730s] INFO:colcon.colcon_core.shell:Creating package script '/home/robotec/ros2_ws/install/astra_camera/share/astra_camera/package.sh'
[3.733s] INFO:colcon.colcon_core.shell:Creating package script '/home/robotec/ros2_ws/install/astra_camera/share/astra_camera/package.bash'
[3.734s] INFO:colcon.colcon_core.shell:Creating package script '/home/robotec/ros2_ws/install/astra_camera/share/astra_camera/package.zsh'
[3.736s] Level 1:colcon.colcon_core.environment:create_file_with_runtime_dependencies(/home/robotec/ros2_ws/install/astra_camera/share/colcon-core/packages/astra_camera)
[3.738s] Level 1:colcon.colcon_core.environment:create_environment_scripts_only(astra_camera)
[3.739s] Level 1:colcon.colcon_core.environment:checking '/home/robotec/ros2_ws/install/astra_camera' for CMake module files
[3.740s] Level 1:colcon.colcon_core.environment:checking '/home/robotec/ros2_ws/install/astra_camera' for CMake config files
[3.740s] Level 1:colcon.colcon_core.shell:create_environment_hook('astra_camera', 'cmake_prefix_path')
[3.740s] INFO:colcon.colcon_core.shell:Creating environment hook '/home/robotec/ros2_ws/install/astra_camera/share/astra_camera/hook/cmake_prefix_path.ps1'
[3.741s] INFO:colcon.colcon_core.shell:Creating environment descriptor '/home/robotec/ros2_ws/install/astra_camera/share/astra_camera/hook/cmake_prefix_path.dsv'
[3.742s] INFO:colcon.colcon_core.shell:Creating environment hook '/home/robotec/ros2_ws/install/astra_camera/share/astra_camera/hook/cmake_prefix_path.sh'
[3.743s] Level 1:colcon.colcon_core.environment:checking '/home/robotec/ros2_ws/install/astra_camera/lib'
[3.743s] Level 1:colcon.colcon_core.shell:create_environment_hook('astra_camera', 'ld_library_path_lib')
[3.746s] INFO:colcon.colcon_core.shell:Creating environment hook '/home/robotec/ros2_ws/install/astra_camera/share/astra_camera/hook/ld_library_path_lib.ps1'
[3.747s] INFO:colcon.colcon_core.shell:Creating environment descriptor '/home/robotec/ros2_ws/install/astra_camera/share/astra_camera/hook/ld_library_path_lib.dsv'
[3.753s] INFO:colcon.colcon_core.shell:Creating environment hook '/home/robotec/ros2_ws/install/astra_camera/share/astra_camera/hook/ld_library_path_lib.sh'
[3.754s] Level 1:colcon.colcon_core.environment:checking '/home/robotec/ros2_ws/install/astra_camera/bin'
[3.754s] Level 1:colcon.colcon_core.environment:checking '/home/robotec/ros2_ws/install/astra_camera/lib/pkgconfig/astra_camera.pc'
[3.754s] Level 1:colcon.colcon_core.environment:checking '/home/robotec/ros2_ws/install/astra_camera/lib/python3.10/site-packages'
[3.755s] Level 1:colcon.colcon_core.environment:checking '/home/robotec/ros2_ws/install/astra_camera/bin'
[3.755s] INFO:colcon.colcon_core.shell:Creating package script '/home/robotec/ros2_ws/install/astra_camera/share/astra_camera/package.ps1'
[3.764s] INFO:colcon.colcon_core.shell:Creating package descriptor '/home/robotec/ros2_ws/install/astra_camera/share/astra_camera/package.dsv'
[3.765s] INFO:colcon.colcon_core.shell:Creating package script '/home/robotec/ros2_ws/install/astra_camera/share/astra_camera/package.sh'
[3.766s] INFO:colcon.colcon_core.shell:Creating package script '/home/robotec/ros2_ws/install/astra_camera/share/astra_camera/package.bash'
[3.768s] INFO:colcon.colcon_core.shell:Creating package script '/home/robotec/ros2_ws/install/astra_camera/share/astra_camera/package.zsh'
[3.769s] Level 1:colcon.colcon_core.environment:create_file_with_runtime_dependencies(/home/robotec/ros2_ws/install/astra_camera/share/colcon-core/packages/astra_camera)
[3.977s] DEBUG:colcon.colcon_core.event_handler.log_command:Invoking command in '/home/robotec/ros2_ws/build/camera_pkg': PYTHONPATH=/home/robotec/ros2_ws/build/camera_pkg/prefix_override:/usr/lib/python3/dist-packages/colcon_core/task/python/colcon_distutils_commands:/home/robotec/ros2_ws/install/camera_pkg/lib/python3.10/site-packages:${PYTHONPATH} /usr/bin/python3 -W ignore:setup.py install is deprecated -W ignore:easy_install command is deprecated setup.py develop --editable --build-directory /home/robotec/ros2_ws/build/camera_pkg/build --no-deps symlink_data
[4.003s] DEBUG:colcon.colcon_core.event_handler.log_command:Invoking command in '/home/robotec/ros2_ws/build/odometry': PYTHONPATH=/home/robotec/ros2_ws/build/odometry/prefix_override:/usr/lib/python3/dist-packages/colcon_core/task/python/colcon_distutils_commands:/home/robotec/ros2_ws/install/odometry/lib/python3.10/site-packages:${PYTHONPATH} /usr/bin/python3 -W ignore:setup.py install is deprecated -W ignore:easy_install command is deprecated setup.py develop --editable --build-directory /home/robotec/ros2_ws/build/odometry/build --no-deps symlink_data
[5.050s] Level 1:colcon.colcon_core.shell:create_environment_hook('camera_pkg', 'pythonpath_develop')
[5.051s] INFO:colcon.colcon_core.shell:Creating environment hook '/home/robotec/ros2_ws/build/camera_pkg/share/camera_pkg/hook/pythonpath_develop.ps1'
[5.053s] DEBUG:colcon.colcon_core.event_handler.log_command:Invoked command in '/home/robotec/ros2_ws/build/camera_pkg' returned '0': PYTHONPATH=/home/robotec/ros2_ws/build/camera_pkg/prefix_override:/usr/lib/python3/dist-packages/colcon_core/task/python/colcon_distutils_commands:/home/robotec/ros2_ws/install/camera_pkg/lib/python3.10/site-packages:${PYTHONPATH} /usr/bin/python3 -W ignore:setup.py install is deprecated -W ignore:easy_install command is deprecated setup.py develop --editable --build-directory /home/robotec/ros2_ws/build/camera_pkg/build --no-deps symlink_data
[5.055s] INFO:colcon.colcon_core.shell:Creating environment descriptor '/home/robotec/ros2_ws/build/camera_pkg/share/camera_pkg/hook/pythonpath_develop.dsv'
[5.056s] INFO:colcon.colcon_core.shell:Creating environment hook '/home/robotec/ros2_ws/build/camera_pkg/share/camera_pkg/hook/pythonpath_develop.sh'
[5.059s] Level 1:colcon.colcon_core.environment:checking '/home/robotec/ros2_ws/install/camera_pkg' for CMake module files
[5.059s] Level 1:colcon.colcon_core.environment:checking '/home/robotec/ros2_ws/install/camera_pkg' for CMake config files
[5.060s] Level 1:colcon.colcon_core.environment:checking '/home/robotec/ros2_ws/install/camera_pkg/lib'
[5.060s] Level 1:colcon.colcon_core.environment:checking '/home/robotec/ros2_ws/install/camera_pkg/bin'
[5.061s] Level 1:colcon.colcon_core.environment:checking '/home/robotec/ros2_ws/install/camera_pkg/lib/pkgconfig/camera_pkg.pc'
[5.063s] Level 1:colcon.colcon_core.environment:checking '/home/robotec/ros2_ws/install/camera_pkg/lib/python3.10/site-packages'
[5.071s] Level 1:colcon.colcon_core.shell:create_environment_hook('camera_pkg', 'pythonpath')
[5.072s] INFO:colcon.colcon_core.shell:Creating environment hook '/home/robotec/ros2_ws/install/camera_pkg/share/camera_pkg/hook/pythonpath.ps1'
[5.075s] INFO:colcon.colcon_core.shell:Creating environment descriptor '/home/robotec/ros2_ws/install/camera_pkg/share/camera_pkg/hook/pythonpath.dsv'
[5.076s] INFO:colcon.colcon_core.shell:Creating environment hook '/home/robotec/ros2_ws/install/camera_pkg/share/camera_pkg/hook/pythonpath.sh'
[5.077s] Level 1:colcon.colcon_core.environment:checking '/home/robotec/ros2_ws/install/camera_pkg/bin'
[5.078s] Level 1:colcon.colcon_core.environment:create_environment_scripts_only(camera_pkg)
[5.078s] INFO:colcon.colcon_core.shell:Creating package script '/home/robotec/ros2_ws/install/camera_pkg/share/camera_pkg/package.ps1'
[5.080s] INFO:colcon.colcon_core.shell:Creating package descriptor '/home/robotec/ros2_ws/install/camera_pkg/share/camera_pkg/package.dsv'
[5.081s] INFO:colcon.colcon_core.shell:Creating package script '/home/robotec/ros2_ws/install/camera_pkg/share/camera_pkg/package.sh'
[5.082s] INFO:colcon.colcon_core.shell:Creating package script '/home/robotec/ros2_ws/install/camera_pkg/share/camera_pkg/package.bash'
[5.083s] INFO:colcon.colcon_core.shell:Creating package script '/home/robotec/ros2_ws/install/camera_pkg/share/camera_pkg/package.zsh'
[5.083s] Level 1:colcon.colcon_core.environment:create_file_with_runtime_dependencies(/home/robotec/ros2_ws/install/camera_pkg/share/colcon-core/packages/camera_pkg)
[5.176s] Level 1:colcon.colcon_core.shell:create_environment_hook('odometry', 'pythonpath_develop')
[5.177s] INFO:colcon.colcon_core.shell:Creating environment hook '/home/robotec/ros2_ws/build/odometry/share/odometry/hook/pythonpath_develop.ps1'
[5.178s] INFO:colcon.colcon_core.shell:Creating environment descriptor '/home/robotec/ros2_ws/build/odometry/share/odometry/hook/pythonpath_develop.dsv'
[5.179s] INFO:colcon.colcon_core.shell:Creating environment hook '/home/robotec/ros2_ws/build/odometry/share/odometry/hook/pythonpath_develop.sh'
[5.180s] DEBUG:colcon.colcon_core.event_handler.log_command:Invoked command in '/home/robotec/ros2_ws/build/odometry' returned '0': PYTHONPATH=/home/robotec/ros2_ws/build/odometry/prefix_override:/usr/lib/python3/dist-packages/colcon_core/task/python/colcon_distutils_commands:/home/robotec/ros2_ws/install/odometry/lib/python3.10/site-packages:${PYTHONPATH} /usr/bin/python3 -W ignore:setup.py install is deprecated -W ignore:easy_install command is deprecated setup.py develop --editable --build-directory /home/robotec/ros2_ws/build/odometry/build --no-deps symlink_data
[5.181s] Level 1:colcon.colcon_core.environment:checking '/home/robotec/ros2_ws/install/odometry' for CMake module files
[5.181s] Level 1:colcon.colcon_core.environment:checking '/home/robotec/ros2_ws/install/odometry' for CMake config files
[5.182s] Level 1:colcon.colcon_core.environment:checking '/home/robotec/ros2_ws/install/odometry/lib'
[5.182s] Level 1:colcon.colcon_core.environment:checking '/home/robotec/ros2_ws/install/odometry/bin'
[5.182s] Level 1:colcon.colcon_core.environment:checking '/home/robotec/ros2_ws/install/odometry/lib/pkgconfig/odometry.pc'
[5.183s] Level 1:colcon.colcon_core.environment:checking '/home/robotec/ros2_ws/install/odometry/lib/python3.10/site-packages'
[5.183s] Level 1:colcon.colcon_core.shell:create_environment_hook('odometry', 'pythonpath')
[5.184s] INFO:colcon.colcon_core.shell:Creating environment hook '/home/robotec/ros2_ws/install/odometry/share/odometry/hook/pythonpath.ps1'
[5.185s] INFO:colcon.colcon_core.shell:Creating environment descriptor '/home/robotec/ros2_ws/install/odometry/share/odometry/hook/pythonpath.dsv'
[5.187s] INFO:colcon.colcon_core.shell:Creating environment hook '/home/robotec/ros2_ws/install/odometry/share/odometry/hook/pythonpath.sh'
[5.188s] Level 1:colcon.colcon_core.environment:checking '/home/robotec/ros2_ws/install/odometry/bin'
[5.188s] Level 1:colcon.colcon_core.environment:create_environment_scripts_only(odometry)
[5.189s] INFO:colcon.colcon_core.shell:Creating package script '/home/robotec/ros2_ws/install/odometry/share/odometry/package.ps1'
[5.190s] INFO:colcon.colcon_core.shell:Creating package descriptor '/home/robotec/ros2_ws/install/odometry/share/odometry/package.dsv'
[5.192s] INFO:colcon.colcon_core.shell:Creating package script '/home/robotec/ros2_ws/install/odometry/share/odometry/package.sh'
[5.193s] INFO:colcon.colcon_core.shell:Creating package script '/home/robotec/ros2_ws/install/odometry/share/odometry/package.bash'
[5.194s] INFO:colcon.colcon_core.shell:Creating package script '/home/robotec/ros2_ws/install/odometry/share/odometry/package.zsh'
[5.195s] Level 1:colcon.colcon_core.environment:create_file_with_runtime_dependencies(/home/robotec/ros2_ws/install/odometry/share/colcon-core/packages/odometry)
[5.196s] DEBUG:colcon.colcon_parallel_executor.executor.parallel:closing loop
[5.196s] DEBUG:colcon.colcon_parallel_executor.executor.parallel:loop closed
[5.196s] DEBUG:colcon.colcon_parallel_executor.executor.parallel:run_until_complete finished with '0'
[5.196s] DEBUG:colcon.colcon_core.event_reactor:joining thread
[5.214s] INFO:colcon.colcon_core.plugin_system:Skipping extension 'colcon_notification.desktop_notification.terminal_notifier': Not used on non-Darwin systems
[5.215s] INFO:colcon.colcon_core.plugin_system:Skipping extension 'colcon_notification.desktop_notification.win32': Not used on non-Windows systems
[5.216s] INFO:colcon.colcon_notification.desktop_notification:Sending desktop notification using 'notify2'
[5.261s] DEBUG:colcon.colcon_core.event_reactor:joined thread
[5.265s] INFO:colcon.colcon_core.shell:Creating prefix script '/home/robotec/ros2_ws/install/local_setup.ps1'
[5.269s] INFO:colcon.colcon_core.shell:Creating prefix util module '/home/robotec/ros2_ws/install/_local_setup_util_ps1.py'
[5.272s] INFO:colcon.colcon_core.shell:Creating prefix chain script '/home/robotec/ros2_ws/install/setup.ps1'
[5.277s] INFO:colcon.colcon_core.shell:Creating prefix script '/home/robotec/ros2_ws/install/local_setup.sh'
[5.280s] INFO:colcon.colcon_core.shell:Creating prefix util module '/home/robotec/ros2_ws/install/_local_setup_util_sh.py'
[5.281s] INFO:colcon.colcon_core.shell:Creating prefix chain script '/home/robotec/ros2_ws/install/setup.sh'
[5.284s] INFO:colcon.colcon_core.shell:Creating prefix script '/home/robotec/ros2_ws/install/local_setup.bash'
[5.288s] INFO:colcon.colcon_core.shell:Creating prefix chain script '/home/robotec/ros2_ws/install/setup.bash'
[5.299s] INFO:colcon.colcon_core.shell:Creating prefix script '/home/robotec/ros2_ws/install/local_setup.zsh'
[5.301s] INFO:colcon.colcon_core.shell:Creating prefix chain script '/home/robotec/ros2_ws/install/setup.zsh'
