[0.704s] Invoking command in '/home/robotec/ros2_ws/src/camera_pkg': PYTHONPATH=/home/robotec/ros2_ws/build/camera_pkg/prefix_override:/usr/lib/python3/dist-packages/colcon_core/task/python/colcon_distutils_commands:/home/robotec/ros2_ws/install/camera_pkg/lib/python3.10/site-packages:${PYTHONPATH} /usr/bin/python3 -W ignore:setup.py install is deprecated -W ignore:easy_install command is deprecated setup.py egg_info --egg-base ../../build/camera_pkg build --build-base /home/robotec/ros2_ws/build/camera_pkg/build install --record /home/robotec/ros2_ws/build/camera_pkg/install.log --single-version-externally-managed install_data
[0.980s] /usr/lib/python3/dist-packages/setuptools/dist.py:723: UserWarning: Usage of dash-separated 'description-file' will not be supported in future versions. Please use the underscore name 'description_file' instead
[0.980s]   warnings.warn(
[0.993s] running egg_info
[0.994s] creating ../../build/camera_pkg/camera_pkg.egg-info
[0.994s] writing ../../build/camera_pkg/camera_pkg.egg-info/PKG-INFO
[0.994s] writing dependency_links to ../../build/camera_pkg/camera_pkg.egg-info/dependency_links.txt
[0.995s] writing entry points to ../../build/camera_pkg/camera_pkg.egg-info/entry_points.txt
[0.995s] writing requirements to ../../build/camera_pkg/camera_pkg.egg-info/requires.txt
[0.995s] writing top-level names to ../../build/camera_pkg/camera_pkg.egg-info/top_level.txt
[0.995s] writing manifest file '../../build/camera_pkg/camera_pkg.egg-info/SOURCES.txt'
[0.997s] reading manifest file '../../build/camera_pkg/camera_pkg.egg-info/SOURCES.txt'
[0.997s] writing manifest file '../../build/camera_pkg/camera_pkg.egg-info/SOURCES.txt'
[0.998s] running build
[0.998s] running build_py
[0.998s] creating /home/robotec/ros2_ws/build/camera_pkg/build
[0.998s] creating /home/robotec/ros2_ws/build/camera_pkg/build/lib
[0.998s] creating /home/robotec/ros2_ws/build/camera_pkg/build/lib/camera_pkg
[0.998s] copying camera_pkg/__init__.py -> /home/robotec/ros2_ws/build/camera_pkg/build/lib/camera_pkg
[0.998s] copying camera_pkg/pixel_to_point3d.py -> /home/robotec/ros2_ws/build/camera_pkg/build/lib/camera_pkg
[0.998s] copying camera_pkg/framepublisher.py -> /home/robotec/ros2_ws/build/camera_pkg/build/lib/camera_pkg
[0.999s] running install
[0.999s] running install_lib
[1.000s] creating /home/robotec/ros2_ws/install/camera_pkg/lib/python3.10/site-packages/camera_pkg
[1.000s] copying /home/robotec/ros2_ws/build/camera_pkg/build/lib/camera_pkg/__init__.py -> /home/robotec/ros2_ws/install/camera_pkg/lib/python3.10/site-packages/camera_pkg
[1.000s] copying /home/robotec/ros2_ws/build/camera_pkg/build/lib/camera_pkg/pixel_to_point3d.py -> /home/robotec/ros2_ws/install/camera_pkg/lib/python3.10/site-packages/camera_pkg
[1.000s] copying /home/robotec/ros2_ws/build/camera_pkg/build/lib/camera_pkg/framepublisher.py -> /home/robotec/ros2_ws/install/camera_pkg/lib/python3.10/site-packages/camera_pkg
[1.001s] byte-compiling /home/robotec/ros2_ws/install/camera_pkg/lib/python3.10/site-packages/camera_pkg/__init__.py to __init__.cpython-310.pyc
[1.001s] byte-compiling /home/robotec/ros2_ws/install/camera_pkg/lib/python3.10/site-packages/camera_pkg/pixel_to_point3d.py to pixel_to_point3d.cpython-310.pyc
[1.002s] byte-compiling /home/robotec/ros2_ws/install/camera_pkg/lib/python3.10/site-packages/camera_pkg/framepublisher.py to framepublisher.cpython-310.pyc
[1.002s] running install_data
[1.003s] creating /home/robotec/ros2_ws/install/camera_pkg/share/ament_index
[1.003s] creating /home/robotec/ros2_ws/install/camera_pkg/share/ament_index/resource_index
[1.003s] creating /home/robotec/ros2_ws/install/camera_pkg/share/ament_index/resource_index/packages
[1.003s] copying resource/camera_pkg -> /home/robotec/ros2_ws/install/camera_pkg/share/ament_index/resource_index/packages
[1.003s] copying package.xml -> /home/robotec/ros2_ws/install/camera_pkg/share/camera_pkg
[1.003s] running install_egg_info
[1.005s] Copying ../../build/camera_pkg/camera_pkg.egg-info to /home/robotec/ros2_ws/install/camera_pkg/lib/python3.10/site-packages/camera_pkg-0.1.0-py3.10.egg-info
[1.006s] running install_scripts
[1.028s] Installing framepublisher script to /home/robotec/ros2_ws/install/camera_pkg/lib/camera_pkg
[1.029s] writing list of installed files to '/home/robotec/ros2_ws/build/camera_pkg/install.log'
[1.066s] Invoked command in '/home/robotec/ros2_ws/src/camera_pkg' returned '0': PYTHONPATH=/home/robotec/ros2_ws/build/camera_pkg/prefix_override:/usr/lib/python3/dist-packages/colcon_core/task/python/colcon_distutils_commands:/home/robotec/ros2_ws/install/camera_pkg/lib/python3.10/site-packages:${PYTHONPATH} /usr/bin/python3 -W ignore:setup.py install is deprecated -W ignore:easy_install command is deprecated setup.py egg_info --egg-base ../../build/camera_pkg build --build-base /home/robotec/ros2_ws/build/camera_pkg/build install --record /home/robotec/ros2_ws/build/camera_pkg/install.log --single-version-externally-managed install_data
