[0.453s] Invoking command in '/home/robotec/ros2_ws/build/libuvc': /usr/bin/cmake --build /home/robotec/ros2_ws/build/libuvc -- -j4 -l4
[0.536s] [ 45%] Built target uvc
[0.541s] [ 90%] Built target uvc_static
[0.567s] [100%] Built target example
[0.877s] Invoked command in '/home/robotec/ros2_ws/build/libuvc' returned '0': /usr/bin/cmake --build /home/robotec/ros2_ws/build/libuvc -- -j4 -l4
[0.894s] Invoking command in '/home/robotec/ros2_ws/build/libuvc': /usr/bin/cmake --install /home/robotec/ros2_ws/build/libuvc
[0.906s] -- Install configuration: "Release"
[0.906s] -- Up-to-date: /home/robotec/ros2_ws/install/libuvc/lib/libuvc.so.0.0.7
[0.907s] -- Up-to-date: /home/robotec/ros2_ws/install/libuvc/lib/libuvc.so.0
[0.907s] -- Up-to-date: /home/robotec/ros2_ws/install/libuvc/lib/libuvc.so
[0.907s] -- Up-to-date: /home/robotec/ros2_ws/install/libuvc/include/libuvc/libuvc.h
[0.908s] -- Up-to-date: /home/robotec/ros2_ws/install/libuvc/include/libuvc/libuvc_config.h
[0.908s] -- Up-to-date: /home/robotec/ros2_ws/install/libuvc/lib/libuvc.a
[0.908s] -- Up-to-date: /home/robotec/ros2_ws/install/libuvc/include/libuvc/libuvc.h
[0.909s] -- Up-to-date: /home/robotec/ros2_ws/install/libuvc/include/libuvc/libuvc_config.h
[0.910s] -- Up-to-date: /home/robotec/ros2_ws/install/libuvc/lib/cmake/libuvc/libuvcTargets.cmake
[0.911s] -- Up-to-date: /home/robotec/ros2_ws/install/libuvc/lib/cmake/libuvc/libuvcTargets-release.cmake
[0.914s] -- Up-to-date: /home/robotec/ros2_ws/install/libuvc/lib/cmake/libuvc/FindLibUSB.cmake
[0.914s] -- Up-to-date: /home/robotec/ros2_ws/install/libuvc/lib/cmake/libuvc/FindJpegPkg.cmake
[0.915s] -- Up-to-date: /home/robotec/ros2_ws/install/libuvc/lib/cmake/libuvc/libuvcConfigVersion.cmake
[0.915s] -- Up-to-date: /home/robotec/ros2_ws/install/libuvc/lib/pkgconfig/libuvc.pc
[0.916s] -- Up-to-date: /home/robotec/ros2_ws/install/libuvc/lib/cmake/libuvc/libuvcConfig.cmake
[0.922s] Invoked command in '/home/robotec/ros2_ws/build/libuvc' returned '0': /usr/bin/cmake --install /home/robotec/ros2_ws/build/libuvc
