[2.850s] Invoking command in '/home/ras4/nuc_ws/src/odometry_pkg': PYTHONPATH=/home/ras4/nuc_ws/src/build/odometry_pkg/prefix_override:/usr/lib/python3/dist-packages/colcon_core/task/python/colcon_distutils_commands:/home/ras4/nuc_ws/src/install/odometry_pkg/lib/python3.10/site-packages:${PYTHONPATH} /usr/bin/python3 -W ignore:setup.py install is deprecated -W ignore:easy_install command is deprecated setup.py egg_info --egg-base ../build/odometry_pkg build --build-base /home/ras4/nuc_ws/src/build/odometry_pkg/build install --record /home/ras4/nuc_ws/src/build/odometry_pkg/install.log --single-version-externally-managed install_data
[3.975s] running egg_info
[3.978s] writing ../build/odometry_pkg/odometry_pkg.egg-info/PKG-INFO
[3.980s] writing dependency_links to ../build/odometry_pkg/odometry_pkg.egg-info/dependency_links.txt
[3.981s] writing entry points to ../build/odometry_pkg/odometry_pkg.egg-info/entry_points.txt
[3.982s] writing requirements to ../build/odometry_pkg/odometry_pkg.egg-info/requires.txt
[3.982s] writing top-level names to ../build/odometry_pkg/odometry_pkg.egg-info/top_level.txt
[3.991s] reading manifest file '../build/odometry_pkg/odometry_pkg.egg-info/SOURCES.txt'
[3.996s] writing manifest file '../build/odometry_pkg/odometry_pkg.egg-info/SOURCES.txt'
[3.996s] running build
[3.996s] running build_py
[4.001s] running install
[4.002s] running install_lib
[4.011s] running install_data
[4.012s] running install_egg_info
[4.020s] removing '/home/ras4/nuc_ws/src/install/odometry_pkg/lib/python3.10/site-packages/odometry_pkg-0.0.0-py3.10.egg-info' (and everything under it)
[4.022s] Copying ../build/odometry_pkg/odometry_pkg.egg-info to /home/ras4/nuc_ws/src/install/odometry_pkg/lib/python3.10/site-packages/odometry_pkg-0.0.0-py3.10.egg-info
[4.028s] running install_scripts
[4.115s] Installing imu_vesc_listener script to /home/ras4/nuc_ws/src/install/odometry_pkg/lib/odometry_pkg
[4.116s] Installing odometry_node script to /home/ras4/nuc_ws/src/install/odometry_pkg/lib/odometry_pkg
[4.117s] Installing rpm_test_publisher script to /home/ras4/nuc_ws/src/install/odometry_pkg/lib/odometry_pkg
[4.118s] Installing rpmtrue_publisher script to /home/ras4/nuc_ws/src/install/odometry_pkg/lib/odometry_pkg
[4.120s] writing list of installed files to '/home/ras4/nuc_ws/src/build/odometry_pkg/install.log'
[4.238s] Invoked command in '/home/ras4/nuc_ws/src/odometry_pkg' returned '0': PYTHONPATH=/home/ras4/nuc_ws/src/build/odometry_pkg/prefix_override:/usr/lib/python3/dist-packages/colcon_core/task/python/colcon_distutils_commands:/home/ras4/nuc_ws/src/install/odometry_pkg/lib/python3.10/site-packages:${PYTHONPATH} /usr/bin/python3 -W ignore:setup.py install is deprecated -W ignore:easy_install command is deprecated setup.py egg_info --egg-base ../build/odometry_pkg build --build-base /home/ras4/nuc_ws/src/build/odometry_pkg/build install --record /home/ras4/nuc_ws/src/build/odometry_pkg/install.log --single-version-externally-managed install_data
