[0.057s] Invoking command in '/home/ras4/nuc_ws/src/build/astra_camera_msgs': CMAKE_PREFIX_PATH=${CMAKE_PREFIX_PATH}:/home/ras4/nuc_ws/install/xbox_control_pkg:/home/ras4/nuc_ws/install/odometry_pkg:/home/ras4/nuc_ws/install/camera_pkg:/home/ras4/nuc_ws/install/arm_pkg:/home/ras4/nuc_ws/src/install/xbox_control_pkg:/home/ras4/nuc_ws/src/install/odometry_pkg:/home/ras4/nuc_ws/src/install/camera_pkg:/home/ras4/nuc_ws/src/install/arm_pkg:/opt/ros/humble /usr/bin/cmake --build /home/ras4/nuc_ws/src/build/astra_camera_msgs -- -j4 -l4
[0.656s] [35m[1mConsolidate compiler generated dependencies of target astra_camera_msgs__rosidl_generator_c[0m
[0.682s] [  1%] Built target astra_camera_msgs__cpp
[0.775s] [35m[1mConsolidate compiler generated dependencies of target astra_camera_msgs__rosidl_typesupport_cpp[0m
[0.783s] [ 12%] Built target astra_camera_msgs__rosidl_generator_c
[0.789s] [ 12%] Built target ament_cmake_python_copy_astra_camera_msgs
[0.874s] [35m[1mConsolidate compiler generated dependencies of target astra_camera_msgs__rosidl_typesupport_fastrtps_cpp[0m
[0.878s] [35m[1mConsolidate compiler generated dependencies of target astra_camera_msgs__rosidl_typesupport_introspection_cpp[0m
[0.917s] [ 24%] Built target astra_camera_msgs__rosidl_typesupport_cpp
[0.969s] [35m[1mConsolidate compiler generated dependencies of target astra_camera_msgs__rosidl_typesupport_fastrtps_c[0m
[0.988s] [ 35%] Built target astra_camera_msgs__rosidl_typesupport_introspection_cpp
[0.998s] [35m[1mConsolidate compiler generated dependencies of target astra_camera_msgs__rosidl_typesupport_introspection_c[0m
[1.021s] [ 47%] Built target astra_camera_msgs__rosidl_typesupport_fastrtps_cpp
[1.074s] [35m[1mConsolidate compiler generated dependencies of target astra_camera_msgs__rosidl_typesupport_c[0m
[1.086s] [ 58%] Built target astra_camera_msgs__rosidl_typesupport_introspection_c
[1.094s] [ 70%] Built target astra_camera_msgs__rosidl_typesupport_fastrtps_c
[1.143s] [ 82%] Built target astra_camera_msgs__rosidl_typesupport_c
[1.246s] [ 82%] Built target astra_camera_msgs
[1.356s] [ 83%] Built target astra_camera_msgs__py
[1.425s] [35m[1mConsolidate compiler generated dependencies of target astra_camera_msgs__rosidl_generator_py[0m
[1.542s] [ 93%] Built target astra_camera_msgs__rosidl_generator_py
[1.598s] [35m[1mConsolidate compiler generated dependencies of target astra_camera_msgs__rosidl_typesupport_fastrtps_c__pyext[0m
[1.604s] [35m[1mConsolidate compiler generated dependencies of target astra_camera_msgs__rosidl_typesupport_introspection_c__pyext[0m
[1.670s] [ 95%] Built target astra_camera_msgs__rosidl_typesupport_fastrtps_c__pyext
[1.678s] [ 97%] Built target astra_camera_msgs__rosidl_typesupport_introspection_c__pyext
[1.726s] [35m[1mConsolidate compiler generated dependencies of target astra_camera_msgs__rosidl_typesupport_c__pyext[0m
[1.794s] [100%] Built target astra_camera_msgs__rosidl_typesupport_c__pyext
[2.288s] running egg_info
[2.292s] writing astra_camera_msgs.egg-info/PKG-INFO
[2.293s] writing dependency_links to astra_camera_msgs.egg-info/dependency_links.txt
[2.294s] writing top-level names to astra_camera_msgs.egg-info/top_level.txt
[2.305s] reading manifest file 'astra_camera_msgs.egg-info/SOURCES.txt'
[2.308s] writing manifest file 'astra_camera_msgs.egg-info/SOURCES.txt'
[2.454s] [100%] Built target ament_cmake_python_build_astra_camera_msgs_egg
[2.505s] Invoked command in '/home/ras4/nuc_ws/src/build/astra_camera_msgs' returned '0': CMAKE_PREFIX_PATH=${CMAKE_PREFIX_PATH}:/home/ras4/nuc_ws/install/xbox_control_pkg:/home/ras4/nuc_ws/install/odometry_pkg:/home/ras4/nuc_ws/install/camera_pkg:/home/ras4/nuc_ws/install/arm_pkg:/home/ras4/nuc_ws/src/install/xbox_control_pkg:/home/ras4/nuc_ws/src/install/odometry_pkg:/home/ras4/nuc_ws/src/install/camera_pkg:/home/ras4/nuc_ws/src/install/arm_pkg:/opt/ros/humble /usr/bin/cmake --build /home/ras4/nuc_ws/src/build/astra_camera_msgs -- -j4 -l4
[2.553s] Invoking command in '/home/ras4/nuc_ws/src/build/astra_camera_msgs': CMAKE_PREFIX_PATH=${CMAKE_PREFIX_PATH}:/home/ras4/nuc_ws/install/xbox_control_pkg:/home/ras4/nuc_ws/install/odometry_pkg:/home/ras4/nuc_ws/install/camera_pkg:/home/ras4/nuc_ws/install/arm_pkg:/home/ras4/nuc_ws/src/install/xbox_control_pkg:/home/ras4/nuc_ws/src/install/odometry_pkg:/home/ras4/nuc_ws/src/install/camera_pkg:/home/ras4/nuc_ws/src/install/arm_pkg:/opt/ros/humble /usr/bin/cmake --install /home/ras4/nuc_ws/src/build/astra_camera_msgs
[2.586s] -- Install configuration: ""
[2.589s] -- Up-to-date: /home/ras4/nuc_ws/src/install/astra_camera_msgs/share/ament_index/resource_index/rosidl_interfaces/astra_camera_msgs
[2.590s] -- Up-to-date: /home/ras4/nuc_ws/src/install/astra_camera_msgs/include/astra_camera_msgs/astra_camera_msgs
[2.591s] -- Up-to-date: /home/ras4/nuc_ws/src/install/astra_camera_msgs/include/astra_camera_msgs/astra_camera_msgs/srv
[2.592s] -- Up-to-date: /home/ras4/nuc_ws/src/install/astra_camera_msgs/include/astra_camera_msgs/astra_camera_msgs/srv/detail
[2.593s] -- Up-to-date: /home/ras4/nuc_ws/src/install/astra_camera_msgs/include/astra_camera_msgs/astra_camera_msgs/srv/detail/set_int32__functions.h
[2.594s] -- Up-to-date: /home/ras4/nuc_ws/src/install/astra_camera_msgs/include/astra_camera_msgs/astra_camera_msgs/srv/detail/get_device_info__functions.h
[2.594s] -- Up-to-date: /home/ras4/nuc_ws/src/install/astra_camera_msgs/include/astra_camera_msgs/astra_camera_msgs/srv/detail/get_string__type_support.h
[2.595s] -- Up-to-date: /home/ras4/nuc_ws/src/install/astra_camera_msgs/include/astra_camera_msgs/astra_camera_msgs/srv/detail/get_camera_params__functions.c
[2.595s] -- Up-to-date: /home/ras4/nuc_ws/src/install/astra_camera_msgs/include/astra_camera_msgs/astra_camera_msgs/srv/detail/get_device_info__struct.h
[2.596s] -- Up-to-date: /home/ras4/nuc_ws/src/install/astra_camera_msgs/include/astra_camera_msgs/astra_camera_msgs/srv/detail/get_camera_info__type_support.h
[2.596s] -- Up-to-date: /home/ras4/nuc_ws/src/install/astra_camera_msgs/include/astra_camera_msgs/astra_camera_msgs/srv/detail/get_string__functions.h
[2.597s] -- Up-to-date: /home/ras4/nuc_ws/src/install/astra_camera_msgs/include/astra_camera_msgs/astra_camera_msgs/srv/detail/get_int32__functions.c
[2.597s] -- Up-to-date: /home/ras4/nuc_ws/src/install/astra_camera_msgs/include/astra_camera_msgs/astra_camera_msgs/srv/detail/get_string__functions.c
[2.597s] -- Up-to-date: /home/ras4/nuc_ws/src/install/astra_camera_msgs/include/astra_camera_msgs/astra_camera_msgs/srv/detail/set_int32__struct.h
[2.598s] -- Up-to-date: /home/ras4/nuc_ws/src/install/astra_camera_msgs/include/astra_camera_msgs/astra_camera_msgs/srv/detail/get_int32__functions.h
[2.598s] -- Up-to-date: /home/ras4/nuc_ws/src/install/astra_camera_msgs/include/astra_camera_msgs/astra_camera_msgs/srv/detail/get_camera_info__functions.h
[2.599s] -- Up-to-date: /home/ras4/nuc_ws/src/install/astra_camera_msgs/include/astra_camera_msgs/astra_camera_msgs/srv/detail/get_camera_params__struct.h
[2.599s] -- Up-to-date: /home/ras4/nuc_ws/src/install/astra_camera_msgs/include/astra_camera_msgs/astra_camera_msgs/srv/detail/get_string__struct.h
[2.600s] -- Up-to-date: /home/ras4/nuc_ws/src/install/astra_camera_msgs/include/astra_camera_msgs/astra_camera_msgs/srv/detail/get_device_info__functions.c
[2.600s] -- Up-to-date: /home/ras4/nuc_ws/src/install/astra_camera_msgs/include/astra_camera_msgs/astra_camera_msgs/srv/detail/get_camera_info__struct.h
[2.601s] -- Up-to-date: /home/ras4/nuc_ws/src/install/astra_camera_msgs/include/astra_camera_msgs/astra_camera_msgs/srv/detail/get_int32__struct.h
[2.601s] -- Up-to-date: /home/ras4/nuc_ws/src/install/astra_camera_msgs/include/astra_camera_msgs/astra_camera_msgs/srv/detail/set_int32__type_support.h
[2.602s] -- Up-to-date: /home/ras4/nuc_ws/src/install/astra_camera_msgs/include/astra_camera_msgs/astra_camera_msgs/srv/detail/get_camera_params__type_support.h
[2.602s] -- Up-to-date: /home/ras4/nuc_ws/src/install/astra_camera_msgs/include/astra_camera_msgs/astra_camera_msgs/srv/detail/get_device_info__type_support.h
[2.602s] -- Up-to-date: /home/ras4/nuc_ws/src/install/astra_camera_msgs/include/astra_camera_msgs/astra_camera_msgs/srv/detail/get_camera_params__functions.h
[2.603s] -- Up-to-date: /home/ras4/nuc_ws/src/install/astra_camera_msgs/include/astra_camera_msgs/astra_camera_msgs/srv/detail/get_camera_info__functions.c
[2.603s] -- Up-to-date: /home/ras4/nuc_ws/src/install/astra_camera_msgs/include/astra_camera_msgs/astra_camera_msgs/srv/detail/set_int32__functions.c
[2.604s] -- Up-to-date: /home/ras4/nuc_ws/src/install/astra_camera_msgs/include/astra_camera_msgs/astra_camera_msgs/srv/detail/get_int32__type_support.h
[2.604s] -- Up-to-date: /home/ras4/nuc_ws/src/install/astra_camera_msgs/include/astra_camera_msgs/astra_camera_msgs/srv/get_int32.h
[2.605s] -- Up-to-date: /home/ras4/nuc_ws/src/install/astra_camera_msgs/include/astra_camera_msgs/astra_camera_msgs/srv/get_camera_info.h
[2.605s] -- Up-to-date: /home/ras4/nuc_ws/src/install/astra_camera_msgs/include/astra_camera_msgs/astra_camera_msgs/srv/get_string.h
[2.606s] -- Up-to-date: /home/ras4/nuc_ws/src/install/astra_camera_msgs/include/astra_camera_msgs/astra_camera_msgs/srv/get_camera_params.h
[2.606s] -- Up-to-date: /home/ras4/nuc_ws/src/install/astra_camera_msgs/include/astra_camera_msgs/astra_camera_msgs/srv/get_device_info.h
[2.607s] -- Up-to-date: /home/ras4/nuc_ws/src/install/astra_camera_msgs/include/astra_camera_msgs/astra_camera_msgs/srv/set_int32.h
[2.607s] -- Up-to-date: /home/ras4/nuc_ws/src/install/astra_camera_msgs/include/astra_camera_msgs/astra_camera_msgs/msg
[2.608s] -- Up-to-date: /home/ras4/nuc_ws/src/install/astra_camera_msgs/include/astra_camera_msgs/astra_camera_msgs/msg/rosidl_generator_c__visibility_control.h
[2.609s] -- Up-to-date: /home/ras4/nuc_ws/src/install/astra_camera_msgs/include/astra_camera_msgs/astra_camera_msgs/msg/device_info.h
[2.609s] -- Up-to-date: /home/ras4/nuc_ws/src/install/astra_camera_msgs/include/astra_camera_msgs/astra_camera_msgs/msg/metadata.h
[2.610s] -- Up-to-date: /home/ras4/nuc_ws/src/install/astra_camera_msgs/include/astra_camera_msgs/astra_camera_msgs/msg/extrinsics.h
[2.611s] -- Up-to-date: /home/ras4/nuc_ws/src/install/astra_camera_msgs/include/astra_camera_msgs/astra_camera_msgs/msg/detail
[2.612s] -- Up-to-date: /home/ras4/nuc_ws/src/install/astra_camera_msgs/include/astra_camera_msgs/astra_camera_msgs/msg/detail/metadata__struct.h
[2.612s] -- Up-to-date: /home/ras4/nuc_ws/src/install/astra_camera_msgs/include/astra_camera_msgs/astra_camera_msgs/msg/detail/device_info__struct.h
[2.613s] -- Up-to-date: /home/ras4/nuc_ws/src/install/astra_camera_msgs/include/astra_camera_msgs/astra_camera_msgs/msg/detail/extrinsics__functions.h
[2.614s] -- Up-to-date: /home/ras4/nuc_ws/src/install/astra_camera_msgs/include/astra_camera_msgs/astra_camera_msgs/msg/detail/device_info__type_support.h
[2.614s] -- Up-to-date: /home/ras4/nuc_ws/src/install/astra_camera_msgs/include/astra_camera_msgs/astra_camera_msgs/msg/detail/metadata__functions.c
[2.615s] -- Up-to-date: /home/ras4/nuc_ws/src/install/astra_camera_msgs/include/astra_camera_msgs/astra_camera_msgs/msg/detail/device_info__functions.c
[2.615s] -- Up-to-date: /home/ras4/nuc_ws/src/install/astra_camera_msgs/include/astra_camera_msgs/astra_camera_msgs/msg/detail/extrinsics__functions.c
[2.616s] -- Up-to-date: /home/ras4/nuc_ws/src/install/astra_camera_msgs/include/astra_camera_msgs/astra_camera_msgs/msg/detail/device_info__functions.h
[2.616s] -- Up-to-date: /home/ras4/nuc_ws/src/install/astra_camera_msgs/include/astra_camera_msgs/astra_camera_msgs/msg/detail/metadata__functions.h
[2.616s] -- Up-to-date: /home/ras4/nuc_ws/src/install/astra_camera_msgs/include/astra_camera_msgs/astra_camera_msgs/msg/detail/metadata__type_support.h
[2.616s] -- Up-to-date: /home/ras4/nuc_ws/src/install/astra_camera_msgs/include/astra_camera_msgs/astra_camera_msgs/msg/detail/extrinsics__type_support.h
[2.617s] -- Up-to-date: /home/ras4/nuc_ws/src/install/astra_camera_msgs/include/astra_camera_msgs/astra_camera_msgs/msg/detail/extrinsics__struct.h
[2.617s] -- Up-to-date: /home/ras4/nuc_ws/src/install/astra_camera_msgs/share/astra_camera_msgs/environment/library_path.sh
[2.617s] -- Up-to-date: /home/ras4/nuc_ws/src/install/astra_camera_msgs/share/astra_camera_msgs/environment/library_path.dsv
[2.618s] -- Up-to-date: /home/ras4/nuc_ws/src/install/astra_camera_msgs/lib/libastra_camera_msgs__rosidl_generator_c.so
[2.618s] -- Up-to-date: /home/ras4/nuc_ws/src/install/astra_camera_msgs/include/astra_camera_msgs/astra_camera_msgs
[2.619s] -- Up-to-date: /home/ras4/nuc_ws/src/install/astra_camera_msgs/include/astra_camera_msgs/astra_camera_msgs/srv
[2.619s] -- Up-to-date: /home/ras4/nuc_ws/src/install/astra_camera_msgs/include/astra_camera_msgs/astra_camera_msgs/srv/detail
[2.620s] -- Up-to-date: /home/ras4/nuc_ws/src/install/astra_camera_msgs/include/astra_camera_msgs/astra_camera_msgs/srv/detail/get_camera_info__rosidl_typesupport_fastrtps_c.h
[2.620s] -- Up-to-date: /home/ras4/nuc_ws/src/install/astra_camera_msgs/include/astra_camera_msgs/astra_camera_msgs/srv/detail/get_string__rosidl_typesupport_fastrtps_c.h
[2.620s] -- Up-to-date: /home/ras4/nuc_ws/src/install/astra_camera_msgs/include/astra_camera_msgs/astra_camera_msgs/srv/detail/get_camera_params__rosidl_typesupport_fastrtps_c.h
[2.621s] -- Up-to-date: /home/ras4/nuc_ws/src/install/astra_camera_msgs/include/astra_camera_msgs/astra_camera_msgs/srv/detail/get_int32__rosidl_typesupport_fastrtps_c.h
[2.621s] -- Up-to-date: /home/ras4/nuc_ws/src/install/astra_camera_msgs/include/astra_camera_msgs/astra_camera_msgs/srv/detail/get_device_info__rosidl_typesupport_fastrtps_c.h
[2.622s] -- Up-to-date: /home/ras4/nuc_ws/src/install/astra_camera_msgs/include/astra_camera_msgs/astra_camera_msgs/srv/detail/set_int32__rosidl_typesupport_fastrtps_c.h
[2.622s] -- Up-to-date: /home/ras4/nuc_ws/src/install/astra_camera_msgs/include/astra_camera_msgs/astra_camera_msgs/msg
[2.622s] -- Up-to-date: /home/ras4/nuc_ws/src/install/astra_camera_msgs/include/astra_camera_msgs/astra_camera_msgs/msg/detail
[2.623s] -- Up-to-date: /home/ras4/nuc_ws/src/install/astra_camera_msgs/include/astra_camera_msgs/astra_camera_msgs/msg/detail/metadata__rosidl_typesupport_fastrtps_c.h
[2.623s] -- Up-to-date: /home/ras4/nuc_ws/src/install/astra_camera_msgs/include/astra_camera_msgs/astra_camera_msgs/msg/detail/device_info__rosidl_typesupport_fastrtps_c.h
[2.624s] -- Up-to-date: /home/ras4/nuc_ws/src/install/astra_camera_msgs/include/astra_camera_msgs/astra_camera_msgs/msg/detail/extrinsics__rosidl_typesupport_fastrtps_c.h
[2.624s] -- Up-to-date: /home/ras4/nuc_ws/src/install/astra_camera_msgs/include/astra_camera_msgs/astra_camera_msgs/msg/rosidl_typesupport_fastrtps_c__visibility_control.h
[2.627s] -- Up-to-date: /home/ras4/nuc_ws/src/install/astra_camera_msgs/lib/libastra_camera_msgs__rosidl_typesupport_fastrtps_c.so
[2.628s] -- Up-to-date: /home/ras4/nuc_ws/src/install/astra_camera_msgs/include/astra_camera_msgs/astra_camera_msgs
[2.629s] -- Up-to-date: /home/ras4/nuc_ws/src/install/astra_camera_msgs/include/astra_camera_msgs/astra_camera_msgs/srv
[2.629s] -- Up-to-date: /home/ras4/nuc_ws/src/install/astra_camera_msgs/include/astra_camera_msgs/astra_camera_msgs/srv/detail
[2.629s] -- Up-to-date: /home/ras4/nuc_ws/src/install/astra_camera_msgs/include/astra_camera_msgs/astra_camera_msgs/srv/detail/get_string__rosidl_typesupport_introspection_c.h
[2.630s] -- Up-to-date: /home/ras4/nuc_ws/src/install/astra_camera_msgs/include/astra_camera_msgs/astra_camera_msgs/srv/detail/set_int32__type_support.c
[2.630s] -- Up-to-date: /home/ras4/nuc_ws/src/install/astra_camera_msgs/include/astra_camera_msgs/astra_camera_msgs/srv/detail/get_camera_info__type_support.c
[2.631s] -- Up-to-date: /home/ras4/nuc_ws/src/install/astra_camera_msgs/include/astra_camera_msgs/astra_camera_msgs/srv/detail/get_int32__type_support.c
[2.631s] -- Up-to-date: /home/ras4/nuc_ws/src/install/astra_camera_msgs/include/astra_camera_msgs/astra_camera_msgs/srv/detail/get_device_info__rosidl_typesupport_introspection_c.h
[2.632s] -- Up-to-date: /home/ras4/nuc_ws/src/install/astra_camera_msgs/include/astra_camera_msgs/astra_camera_msgs/srv/detail/set_int32__rosidl_typesupport_introspection_c.h
[2.632s] -- Up-to-date: /home/ras4/nuc_ws/src/install/astra_camera_msgs/include/astra_camera_msgs/astra_camera_msgs/srv/detail/get_device_info__type_support.c
[2.632s] -- Up-to-date: /home/ras4/nuc_ws/src/install/astra_camera_msgs/include/astra_camera_msgs/astra_camera_msgs/srv/detail/get_int32__rosidl_typesupport_introspection_c.h
[2.633s] -- Up-to-date: /home/ras4/nuc_ws/src/install/astra_camera_msgs/include/astra_camera_msgs/astra_camera_msgs/srv/detail/get_camera_params__rosidl_typesupport_introspection_c.h
[2.633s] -- Up-to-date: /home/ras4/nuc_ws/src/install/astra_camera_msgs/include/astra_camera_msgs/astra_camera_msgs/srv/detail/get_camera_params__type_support.c
[2.634s] -- Up-to-date: /home/ras4/nuc_ws/src/install/astra_camera_msgs/include/astra_camera_msgs/astra_camera_msgs/srv/detail/get_camera_info__rosidl_typesupport_introspection_c.h
[2.634s] -- Up-to-date: /home/ras4/nuc_ws/src/install/astra_camera_msgs/include/astra_camera_msgs/astra_camera_msgs/srv/detail/get_string__type_support.c
[2.634s] -- Up-to-date: /home/ras4/nuc_ws/src/install/astra_camera_msgs/include/astra_camera_msgs/astra_camera_msgs/msg
[2.635s] -- Up-to-date: /home/ras4/nuc_ws/src/install/astra_camera_msgs/include/astra_camera_msgs/astra_camera_msgs/msg/detail
[2.635s] -- Up-to-date: /home/ras4/nuc_ws/src/install/astra_camera_msgs/include/astra_camera_msgs/astra_camera_msgs/msg/detail/extrinsics__rosidl_typesupport_introspection_c.h
[2.636s] -- Up-to-date: /home/ras4/nuc_ws/src/install/astra_camera_msgs/include/astra_camera_msgs/astra_camera_msgs/msg/detail/metadata__type_support.c
[2.636s] -- Up-to-date: /home/ras4/nuc_ws/src/install/astra_camera_msgs/include/astra_camera_msgs/astra_camera_msgs/msg/detail/device_info__type_support.c
[2.636s] -- Up-to-date: /home/ras4/nuc_ws/src/install/astra_camera_msgs/include/astra_camera_msgs/astra_camera_msgs/msg/detail/extrinsics__type_support.c
[2.637s] -- Up-to-date: /home/ras4/nuc_ws/src/install/astra_camera_msgs/include/astra_camera_msgs/astra_camera_msgs/msg/detail/metadata__rosidl_typesupport_introspection_c.h
[2.637s] -- Up-to-date: /home/ras4/nuc_ws/src/install/astra_camera_msgs/include/astra_camera_msgs/astra_camera_msgs/msg/detail/device_info__rosidl_typesupport_introspection_c.h
[2.638s] -- Up-to-date: /home/ras4/nuc_ws/src/install/astra_camera_msgs/include/astra_camera_msgs/astra_camera_msgs/msg/rosidl_typesupport_introspection_c__visibility_control.h
[2.640s] -- Up-to-date: /home/ras4/nuc_ws/src/install/astra_camera_msgs/lib/libastra_camera_msgs__rosidl_typesupport_introspection_c.so
[2.644s] -- Up-to-date: /home/ras4/nuc_ws/src/install/astra_camera_msgs/lib/libastra_camera_msgs__rosidl_typesupport_c.so
[2.645s] -- Up-to-date: /home/ras4/nuc_ws/src/install/astra_camera_msgs/include/astra_camera_msgs/astra_camera_msgs
[2.645s] -- Up-to-date: /home/ras4/nuc_ws/src/install/astra_camera_msgs/include/astra_camera_msgs/astra_camera_msgs/srv
[2.646s] -- Up-to-date: /home/ras4/nuc_ws/src/install/astra_camera_msgs/include/astra_camera_msgs/astra_camera_msgs/srv/get_string.hpp
[2.646s] -- Up-to-date: /home/ras4/nuc_ws/src/install/astra_camera_msgs/include/astra_camera_msgs/astra_camera_msgs/srv/get_int32.hpp
[2.647s] -- Up-to-date: /home/ras4/nuc_ws/src/install/astra_camera_msgs/include/astra_camera_msgs/astra_camera_msgs/srv/set_int32.hpp
[2.647s] -- Up-to-date: /home/ras4/nuc_ws/src/install/astra_camera_msgs/include/astra_camera_msgs/astra_camera_msgs/srv/get_device_info.hpp
[2.647s] -- Up-to-date: /home/ras4/nuc_ws/src/install/astra_camera_msgs/include/astra_camera_msgs/astra_camera_msgs/srv/get_camera_info.hpp
[2.648s] -- Up-to-date: /home/ras4/nuc_ws/src/install/astra_camera_msgs/include/astra_camera_msgs/astra_camera_msgs/srv/detail
[2.648s] -- Up-to-date: /home/ras4/nuc_ws/src/install/astra_camera_msgs/include/astra_camera_msgs/astra_camera_msgs/srv/detail/get_int32__type_support.hpp
[2.648s] -- Up-to-date: /home/ras4/nuc_ws/src/install/astra_camera_msgs/include/astra_camera_msgs/astra_camera_msgs/srv/detail/set_int32__type_support.hpp
[2.649s] -- Up-to-date: /home/ras4/nuc_ws/src/install/astra_camera_msgs/include/astra_camera_msgs/astra_camera_msgs/srv/detail/get_camera_params__struct.hpp
[2.649s] -- Up-to-date: /home/ras4/nuc_ws/src/install/astra_camera_msgs/include/astra_camera_msgs/astra_camera_msgs/srv/detail/get_camera_params__builder.hpp
[2.650s] -- Up-to-date: /home/ras4/nuc_ws/src/install/astra_camera_msgs/include/astra_camera_msgs/astra_camera_msgs/srv/detail/set_int32__traits.hpp
[2.650s] -- Up-to-date: /home/ras4/nuc_ws/src/install/astra_camera_msgs/include/astra_camera_msgs/astra_camera_msgs/srv/detail/get_string__builder.hpp
[2.651s] -- Up-to-date: /home/ras4/nuc_ws/src/install/astra_camera_msgs/include/astra_camera_msgs/astra_camera_msgs/srv/detail/get_device_info__traits.hpp
[2.651s] -- Up-to-date: /home/ras4/nuc_ws/src/install/astra_camera_msgs/include/astra_camera_msgs/astra_camera_msgs/srv/detail/get_device_info__struct.hpp
[2.652s] -- Up-to-date: /home/ras4/nuc_ws/src/install/astra_camera_msgs/include/astra_camera_msgs/astra_camera_msgs/srv/detail/set_int32__builder.hpp
[2.652s] -- Up-to-date: /home/ras4/nuc_ws/src/install/astra_camera_msgs/include/astra_camera_msgs/astra_camera_msgs/srv/detail/get_camera_info__traits.hpp
[2.652s] -- Up-to-date: /home/ras4/nuc_ws/src/install/astra_camera_msgs/include/astra_camera_msgs/astra_camera_msgs/srv/detail/get_camera_info__builder.hpp
[2.653s] -- Up-to-date: /home/ras4/nuc_ws/src/install/astra_camera_msgs/include/astra_camera_msgs/astra_camera_msgs/srv/detail/get_string__traits.hpp
[2.653s] -- Up-to-date: /home/ras4/nuc_ws/src/install/astra_camera_msgs/include/astra_camera_msgs/astra_camera_msgs/srv/detail/get_int32__struct.hpp
[2.654s] -- Up-to-date: /home/ras4/nuc_ws/src/install/astra_camera_msgs/include/astra_camera_msgs/astra_camera_msgs/srv/detail/get_string__type_support.hpp
[2.654s] -- Up-to-date: /home/ras4/nuc_ws/src/install/astra_camera_msgs/include/astra_camera_msgs/astra_camera_msgs/srv/detail/get_camera_info__struct.hpp
[2.654s] -- Up-to-date: /home/ras4/nuc_ws/src/install/astra_camera_msgs/include/astra_camera_msgs/astra_camera_msgs/srv/detail/get_device_info__builder.hpp
[2.655s] -- Up-to-date: /home/ras4/nuc_ws/src/install/astra_camera_msgs/include/astra_camera_msgs/astra_camera_msgs/srv/detail/get_device_info__type_support.hpp
[2.655s] -- Up-to-date: /home/ras4/nuc_ws/src/install/astra_camera_msgs/include/astra_camera_msgs/astra_camera_msgs/srv/detail/get_camera_params__type_support.hpp
[2.656s] -- Up-to-date: /home/ras4/nuc_ws/src/install/astra_camera_msgs/include/astra_camera_msgs/astra_camera_msgs/srv/detail/get_int32__traits.hpp
[2.656s] -- Up-to-date: /home/ras4/nuc_ws/src/install/astra_camera_msgs/include/astra_camera_msgs/astra_camera_msgs/srv/detail/get_int32__builder.hpp
[2.657s] -- Up-to-date: /home/ras4/nuc_ws/src/install/astra_camera_msgs/include/astra_camera_msgs/astra_camera_msgs/srv/detail/get_camera_params__traits.hpp
[2.657s] -- Up-to-date: /home/ras4/nuc_ws/src/install/astra_camera_msgs/include/astra_camera_msgs/astra_camera_msgs/srv/detail/get_camera_info__type_support.hpp
[2.658s] -- Up-to-date: /home/ras4/nuc_ws/src/install/astra_camera_msgs/include/astra_camera_msgs/astra_camera_msgs/srv/detail/get_string__struct.hpp
[2.658s] -- Up-to-date: /home/ras4/nuc_ws/src/install/astra_camera_msgs/include/astra_camera_msgs/astra_camera_msgs/srv/detail/set_int32__struct.hpp
[2.659s] -- Up-to-date: /home/ras4/nuc_ws/src/install/astra_camera_msgs/include/astra_camera_msgs/astra_camera_msgs/srv/get_camera_params.hpp
[2.659s] -- Up-to-date: /home/ras4/nuc_ws/src/install/astra_camera_msgs/include/astra_camera_msgs/astra_camera_msgs/msg
[2.659s] -- Up-to-date: /home/ras4/nuc_ws/src/install/astra_camera_msgs/include/astra_camera_msgs/astra_camera_msgs/msg/rosidl_generator_cpp__visibility_control.hpp
[2.660s] -- Up-to-date: /home/ras4/nuc_ws/src/install/astra_camera_msgs/include/astra_camera_msgs/astra_camera_msgs/msg/metadata.hpp
[2.660s] -- Up-to-date: /home/ras4/nuc_ws/src/install/astra_camera_msgs/include/astra_camera_msgs/astra_camera_msgs/msg/detail
[2.661s] -- Up-to-date: /home/ras4/nuc_ws/src/install/astra_camera_msgs/include/astra_camera_msgs/astra_camera_msgs/msg/detail/metadata__struct.hpp
[2.661s] -- Up-to-date: /home/ras4/nuc_ws/src/install/astra_camera_msgs/include/astra_camera_msgs/astra_camera_msgs/msg/detail/extrinsics__type_support.hpp
[2.662s] -- Up-to-date: /home/ras4/nuc_ws/src/install/astra_camera_msgs/include/astra_camera_msgs/astra_camera_msgs/msg/detail/metadata__type_support.hpp
[2.662s] -- Up-to-date: /home/ras4/nuc_ws/src/install/astra_camera_msgs/include/astra_camera_msgs/astra_camera_msgs/msg/detail/device_info__builder.hpp
[2.662s] -- Up-to-date: /home/ras4/nuc_ws/src/install/astra_camera_msgs/include/astra_camera_msgs/astra_camera_msgs/msg/detail/extrinsics__builder.hpp
[2.663s] -- Up-to-date: /home/ras4/nuc_ws/src/install/astra_camera_msgs/include/astra_camera_msgs/astra_camera_msgs/msg/detail/device_info__traits.hpp
[2.663s] -- Up-to-date: /home/ras4/nuc_ws/src/install/astra_camera_msgs/include/astra_camera_msgs/astra_camera_msgs/msg/detail/extrinsics__struct.hpp
[2.664s] -- Up-to-date: /home/ras4/nuc_ws/src/install/astra_camera_msgs/include/astra_camera_msgs/astra_camera_msgs/msg/detail/extrinsics__traits.hpp
[2.664s] -- Up-to-date: /home/ras4/nuc_ws/src/install/astra_camera_msgs/include/astra_camera_msgs/astra_camera_msgs/msg/detail/device_info__struct.hpp
[2.664s] -- Up-to-date: /home/ras4/nuc_ws/src/install/astra_camera_msgs/include/astra_camera_msgs/astra_camera_msgs/msg/detail/metadata__builder.hpp
[2.665s] -- Up-to-date: /home/ras4/nuc_ws/src/install/astra_camera_msgs/include/astra_camera_msgs/astra_camera_msgs/msg/detail/metadata__traits.hpp
[2.665s] -- Up-to-date: /home/ras4/nuc_ws/src/install/astra_camera_msgs/include/astra_camera_msgs/astra_camera_msgs/msg/detail/device_info__type_support.hpp
[2.665s] -- Up-to-date: /home/ras4/nuc_ws/src/install/astra_camera_msgs/include/astra_camera_msgs/astra_camera_msgs/msg/device_info.hpp
[2.666s] -- Up-to-date: /home/ras4/nuc_ws/src/install/astra_camera_msgs/include/astra_camera_msgs/astra_camera_msgs/msg/extrinsics.hpp
[2.666s] -- Up-to-date: /home/ras4/nuc_ws/src/install/astra_camera_msgs/include/astra_camera_msgs/astra_camera_msgs
[2.666s] -- Up-to-date: /home/ras4/nuc_ws/src/install/astra_camera_msgs/include/astra_camera_msgs/astra_camera_msgs/srv
[2.667s] -- Up-to-date: /home/ras4/nuc_ws/src/install/astra_camera_msgs/include/astra_camera_msgs/astra_camera_msgs/srv/detail
[2.667s] -- Up-to-date: /home/ras4/nuc_ws/src/install/astra_camera_msgs/include/astra_camera_msgs/astra_camera_msgs/srv/detail/get_string__rosidl_typesupport_fastrtps_cpp.hpp
[2.667s] -- Up-to-date: /home/ras4/nuc_ws/src/install/astra_camera_msgs/include/astra_camera_msgs/astra_camera_msgs/srv/detail/get_camera_params__rosidl_typesupport_fastrtps_cpp.hpp
[2.668s] -- Up-to-date: /home/ras4/nuc_ws/src/install/astra_camera_msgs/include/astra_camera_msgs/astra_camera_msgs/srv/detail/set_int32__rosidl_typesupport_fastrtps_cpp.hpp
[2.668s] -- Up-to-date: /home/ras4/nuc_ws/src/install/astra_camera_msgs/include/astra_camera_msgs/astra_camera_msgs/srv/detail/dds_fastrtps
[2.668s] -- Up-to-date: /home/ras4/nuc_ws/src/install/astra_camera_msgs/include/astra_camera_msgs/astra_camera_msgs/srv/detail/get_device_info__rosidl_typesupport_fastrtps_cpp.hpp
[2.669s] -- Up-to-date: /home/ras4/nuc_ws/src/install/astra_camera_msgs/include/astra_camera_msgs/astra_camera_msgs/srv/detail/get_camera_info__rosidl_typesupport_fastrtps_cpp.hpp
[2.669s] -- Up-to-date: /home/ras4/nuc_ws/src/install/astra_camera_msgs/include/astra_camera_msgs/astra_camera_msgs/srv/detail/get_int32__rosidl_typesupport_fastrtps_cpp.hpp
[2.670s] -- Up-to-date: /home/ras4/nuc_ws/src/install/astra_camera_msgs/include/astra_camera_msgs/astra_camera_msgs/msg
[2.670s] -- Up-to-date: /home/ras4/nuc_ws/src/install/astra_camera_msgs/include/astra_camera_msgs/astra_camera_msgs/msg/rosidl_typesupport_fastrtps_cpp__visibility_control.h
[2.670s] -- Up-to-date: /home/ras4/nuc_ws/src/install/astra_camera_msgs/include/astra_camera_msgs/astra_camera_msgs/msg/detail
[2.671s] -- Up-to-date: /home/ras4/nuc_ws/src/install/astra_camera_msgs/include/astra_camera_msgs/astra_camera_msgs/msg/detail/metadata__rosidl_typesupport_fastrtps_cpp.hpp
[2.671s] -- Up-to-date: /home/ras4/nuc_ws/src/install/astra_camera_msgs/include/astra_camera_msgs/astra_camera_msgs/msg/detail/dds_fastrtps
[2.671s] -- Up-to-date: /home/ras4/nuc_ws/src/install/astra_camera_msgs/include/astra_camera_msgs/astra_camera_msgs/msg/detail/device_info__rosidl_typesupport_fastrtps_cpp.hpp
[2.672s] -- Up-to-date: /home/ras4/nuc_ws/src/install/astra_camera_msgs/include/astra_camera_msgs/astra_camera_msgs/msg/detail/extrinsics__rosidl_typesupport_fastrtps_cpp.hpp
[2.673s] -- Up-to-date: /home/ras4/nuc_ws/src/install/astra_camera_msgs/lib/libastra_camera_msgs__rosidl_typesupport_fastrtps_cpp.so
[2.674s] -- Up-to-date: /home/ras4/nuc_ws/src/install/astra_camera_msgs/include/astra_camera_msgs/astra_camera_msgs
[2.675s] -- Up-to-date: /home/ras4/nuc_ws/src/install/astra_camera_msgs/include/astra_camera_msgs/astra_camera_msgs/srv
[2.675s] -- Up-to-date: /home/ras4/nuc_ws/src/install/astra_camera_msgs/include/astra_camera_msgs/astra_camera_msgs/srv/detail
[2.676s] -- Up-to-date: /home/ras4/nuc_ws/src/install/astra_camera_msgs/include/astra_camera_msgs/astra_camera_msgs/srv/detail/get_camera_params__rosidl_typesupport_introspection_cpp.hpp
[2.676s] -- Up-to-date: /home/ras4/nuc_ws/src/install/astra_camera_msgs/include/astra_camera_msgs/astra_camera_msgs/srv/detail/get_string__rosidl_typesupport_introspection_cpp.hpp
[2.677s] -- Up-to-date: /home/ras4/nuc_ws/src/install/astra_camera_msgs/include/astra_camera_msgs/astra_camera_msgs/srv/detail/get_device_info__type_support.cpp
[2.677s] -- Up-to-date: /home/ras4/nuc_ws/src/install/astra_camera_msgs/include/astra_camera_msgs/astra_camera_msgs/srv/detail/get_int32__rosidl_typesupport_introspection_cpp.hpp
[2.677s] -- Up-to-date: /home/ras4/nuc_ws/src/install/astra_camera_msgs/include/astra_camera_msgs/astra_camera_msgs/srv/detail/get_device_info__rosidl_typesupport_introspection_cpp.hpp
[2.678s] -- Up-to-date: /home/ras4/nuc_ws/src/install/astra_camera_msgs/include/astra_camera_msgs/astra_camera_msgs/srv/detail/get_string__type_support.cpp
[2.678s] -- Up-to-date: /home/ras4/nuc_ws/src/install/astra_camera_msgs/include/astra_camera_msgs/astra_camera_msgs/srv/detail/get_camera_params__type_support.cpp
[2.678s] -- Up-to-date: /home/ras4/nuc_ws/src/install/astra_camera_msgs/include/astra_camera_msgs/astra_camera_msgs/srv/detail/set_int32__rosidl_typesupport_introspection_cpp.hpp
[2.679s] -- Up-to-date: /home/ras4/nuc_ws/src/install/astra_camera_msgs/include/astra_camera_msgs/astra_camera_msgs/srv/detail/get_camera_info__type_support.cpp
[2.679s] -- Up-to-date: /home/ras4/nuc_ws/src/install/astra_camera_msgs/include/astra_camera_msgs/astra_camera_msgs/srv/detail/get_camera_info__rosidl_typesupport_introspection_cpp.hpp
[2.680s] -- Up-to-date: /home/ras4/nuc_ws/src/install/astra_camera_msgs/include/astra_camera_msgs/astra_camera_msgs/srv/detail/set_int32__type_support.cpp
[2.681s] -- Up-to-date: /home/ras4/nuc_ws/src/install/astra_camera_msgs/include/astra_camera_msgs/astra_camera_msgs/srv/detail/get_int32__type_support.cpp
[2.681s] -- Up-to-date: /home/ras4/nuc_ws/src/install/astra_camera_msgs/include/astra_camera_msgs/astra_camera_msgs/msg
[2.681s] -- Up-to-date: /home/ras4/nuc_ws/src/install/astra_camera_msgs/include/astra_camera_msgs/astra_camera_msgs/msg/detail
[2.682s] -- Up-to-date: /home/ras4/nuc_ws/src/install/astra_camera_msgs/include/astra_camera_msgs/astra_camera_msgs/msg/detail/extrinsics__type_support.cpp
[2.682s] -- Up-to-date: /home/ras4/nuc_ws/src/install/astra_camera_msgs/include/astra_camera_msgs/astra_camera_msgs/msg/detail/device_info__rosidl_typesupport_introspection_cpp.hpp
[2.683s] -- Up-to-date: /home/ras4/nuc_ws/src/install/astra_camera_msgs/include/astra_camera_msgs/astra_camera_msgs/msg/detail/metadata__type_support.cpp
[2.683s] -- Up-to-date: /home/ras4/nuc_ws/src/install/astra_camera_msgs/include/astra_camera_msgs/astra_camera_msgs/msg/detail/metadata__rosidl_typesupport_introspection_cpp.hpp
[2.684s] -- Up-to-date: /home/ras4/nuc_ws/src/install/astra_camera_msgs/include/astra_camera_msgs/astra_camera_msgs/msg/detail/extrinsics__rosidl_typesupport_introspection_cpp.hpp
[2.684s] -- Up-to-date: /home/ras4/nuc_ws/src/install/astra_camera_msgs/include/astra_camera_msgs/astra_camera_msgs/msg/detail/device_info__type_support.cpp
[2.686s] -- Up-to-date: /home/ras4/nuc_ws/src/install/astra_camera_msgs/lib/libastra_camera_msgs__rosidl_typesupport_introspection_cpp.so
[2.690s] -- Up-to-date: /home/ras4/nuc_ws/src/install/astra_camera_msgs/lib/libastra_camera_msgs__rosidl_typesupport_cpp.so
[2.692s] -- Up-to-date: /home/ras4/nuc_ws/src/install/astra_camera_msgs/share/astra_camera_msgs/environment/pythonpath.sh
[2.692s] -- Up-to-date: /home/ras4/nuc_ws/src/install/astra_camera_msgs/share/astra_camera_msgs/environment/pythonpath.dsv
[2.693s] -- Up-to-date: /home/ras4/nuc_ws/src/install/astra_camera_msgs/local/lib/python3.10/dist-packages/astra_camera_msgs-1.0.1-py3.10.egg-info
[2.693s] -- Installing: /home/ras4/nuc_ws/src/install/astra_camera_msgs/local/lib/python3.10/dist-packages/astra_camera_msgs-1.0.1-py3.10.egg-info/PKG-INFO
[2.695s] -- Installing: /home/ras4/nuc_ws/src/install/astra_camera_msgs/local/lib/python3.10/dist-packages/astra_camera_msgs-1.0.1-py3.10.egg-info/top_level.txt
[2.696s] -- Installing: /home/ras4/nuc_ws/src/install/astra_camera_msgs/local/lib/python3.10/dist-packages/astra_camera_msgs-1.0.1-py3.10.egg-info/dependency_links.txt
[2.698s] -- Installing: /home/ras4/nuc_ws/src/install/astra_camera_msgs/local/lib/python3.10/dist-packages/astra_camera_msgs-1.0.1-py3.10.egg-info/SOURCES.txt
[2.700s] -- Up-to-date: /home/ras4/nuc_ws/src/install/astra_camera_msgs/local/lib/python3.10/dist-packages/astra_camera_msgs
[2.701s] -- Up-to-date: /home/ras4/nuc_ws/src/install/astra_camera_msgs/local/lib/python3.10/dist-packages/astra_camera_msgs/astra_camera_msgs_s__rosidl_typesupport_fastrtps_c.cpython-310-aarch64-linux-gnu.so
[2.701s] -- Up-to-date: /home/ras4/nuc_ws/src/install/astra_camera_msgs/local/lib/python3.10/dist-packages/astra_camera_msgs/srv
[2.702s] -- Up-to-date: /home/ras4/nuc_ws/src/install/astra_camera_msgs/local/lib/python3.10/dist-packages/astra_camera_msgs/srv/_get_string.py
[2.702s] -- Up-to-date: /home/ras4/nuc_ws/src/install/astra_camera_msgs/local/lib/python3.10/dist-packages/astra_camera_msgs/srv/_get_camera_params.py
[2.703s] -- Up-to-date: /home/ras4/nuc_ws/src/install/astra_camera_msgs/local/lib/python3.10/dist-packages/astra_camera_msgs/srv/_get_int32_s.c
[2.703s] -- Up-to-date: /home/ras4/nuc_ws/src/install/astra_camera_msgs/local/lib/python3.10/dist-packages/astra_camera_msgs/srv/_set_int32_s.c
[2.704s] -- Up-to-date: /home/ras4/nuc_ws/src/install/astra_camera_msgs/local/lib/python3.10/dist-packages/astra_camera_msgs/srv/_get_camera_info.py
[2.704s] -- Up-to-date: /home/ras4/nuc_ws/src/install/astra_camera_msgs/local/lib/python3.10/dist-packages/astra_camera_msgs/srv/_get_int32.py
[2.705s] -- Up-to-date: /home/ras4/nuc_ws/src/install/astra_camera_msgs/local/lib/python3.10/dist-packages/astra_camera_msgs/srv/__init__.py
[2.705s] -- Up-to-date: /home/ras4/nuc_ws/src/install/astra_camera_msgs/local/lib/python3.10/dist-packages/astra_camera_msgs/srv/_get_string_s.c
[2.705s] -- Up-to-date: /home/ras4/nuc_ws/src/install/astra_camera_msgs/local/lib/python3.10/dist-packages/astra_camera_msgs/srv/_get_device_info.py
[2.706s] -- Up-to-date: /home/ras4/nuc_ws/src/install/astra_camera_msgs/local/lib/python3.10/dist-packages/astra_camera_msgs/srv/_set_int32.py
[2.706s] -- Up-to-date: /home/ras4/nuc_ws/src/install/astra_camera_msgs/local/lib/python3.10/dist-packages/astra_camera_msgs/srv/_get_device_info_s.c
[2.707s] -- Up-to-date: /home/ras4/nuc_ws/src/install/astra_camera_msgs/local/lib/python3.10/dist-packages/astra_camera_msgs/srv/_get_camera_info_s.c
[2.707s] -- Up-to-date: /home/ras4/nuc_ws/src/install/astra_camera_msgs/local/lib/python3.10/dist-packages/astra_camera_msgs/srv/_get_camera_params_s.c
[2.708s] -- Up-to-date: /home/ras4/nuc_ws/src/install/astra_camera_msgs/local/lib/python3.10/dist-packages/astra_camera_msgs/msg
[2.708s] -- Up-to-date: /home/ras4/nuc_ws/src/install/astra_camera_msgs/local/lib/python3.10/dist-packages/astra_camera_msgs/msg/_extrinsics_s.c
[2.709s] -- Up-to-date: /home/ras4/nuc_ws/src/install/astra_camera_msgs/local/lib/python3.10/dist-packages/astra_camera_msgs/msg/_metadata.py
[2.710s] -- Up-to-date: /home/ras4/nuc_ws/src/install/astra_camera_msgs/local/lib/python3.10/dist-packages/astra_camera_msgs/msg/__init__.py
[2.711s] -- Up-to-date: /home/ras4/nuc_ws/src/install/astra_camera_msgs/local/lib/python3.10/dist-packages/astra_camera_msgs/msg/_device_info.py
[2.711s] -- Up-to-date: /home/ras4/nuc_ws/src/install/astra_camera_msgs/local/lib/python3.10/dist-packages/astra_camera_msgs/msg/_metadata_s.c
[2.712s] -- Up-to-date: /home/ras4/nuc_ws/src/install/astra_camera_msgs/local/lib/python3.10/dist-packages/astra_camera_msgs/msg/_device_info_s.c
[2.713s] -- Up-to-date: /home/ras4/nuc_ws/src/install/astra_camera_msgs/local/lib/python3.10/dist-packages/astra_camera_msgs/msg/_extrinsics.py
[2.714s] -- Up-to-date: /home/ras4/nuc_ws/src/install/astra_camera_msgs/local/lib/python3.10/dist-packages/astra_camera_msgs/astra_camera_msgs_s__rosidl_typesupport_c.cpython-310-aarch64-linux-gnu.so
[2.714s] -- Up-to-date: /home/ras4/nuc_ws/src/install/astra_camera_msgs/local/lib/python3.10/dist-packages/astra_camera_msgs/astra_camera_msgs_s__rosidl_typesupport_introspection_c.cpython-310-aarch64-linux-gnu.so
[2.715s] -- Up-to-date: /home/ras4/nuc_ws/src/install/astra_camera_msgs/local/lib/python3.10/dist-packages/astra_camera_msgs/_astra_camera_msgs_s.ep.rosidl_typesupport_fastrtps_c.c
[2.715s] -- Up-to-date: /home/ras4/nuc_ws/src/install/astra_camera_msgs/local/lib/python3.10/dist-packages/astra_camera_msgs/_astra_camera_msgs_s.ep.rosidl_typesupport_introspection_c.c
[2.715s] -- Up-to-date: /home/ras4/nuc_ws/src/install/astra_camera_msgs/local/lib/python3.10/dist-packages/astra_camera_msgs/__init__.py
[2.716s] -- Up-to-date: /home/ras4/nuc_ws/src/install/astra_camera_msgs/local/lib/python3.10/dist-packages/astra_camera_msgs/libastra_camera_msgs__rosidl_generator_py.so
[2.716s] -- Up-to-date: /home/ras4/nuc_ws/src/install/astra_camera_msgs/local/lib/python3.10/dist-packages/astra_camera_msgs/_astra_camera_msgs_s.ep.rosidl_typesupport_c.c
[2.901s] Listing '/home/ras4/nuc_ws/src/install/astra_camera_msgs/local/lib/python3.10/dist-packages/astra_camera_msgs'...
[2.902s] Listing '/home/ras4/nuc_ws/src/install/astra_camera_msgs/local/lib/python3.10/dist-packages/astra_camera_msgs/msg'...
[2.903s] Listing '/home/ras4/nuc_ws/src/install/astra_camera_msgs/local/lib/python3.10/dist-packages/astra_camera_msgs/srv'...
[2.931s] -- Up-to-date: /home/ras4/nuc_ws/src/install/astra_camera_msgs/local/lib/python3.10/dist-packages/astra_camera_msgs/astra_camera_msgs_s__rosidl_typesupport_fastrtps_c.cpython-310-aarch64-linux-gnu.so
[2.936s] -- Up-to-date: /home/ras4/nuc_ws/src/install/astra_camera_msgs/local/lib/python3.10/dist-packages/astra_camera_msgs/astra_camera_msgs_s__rosidl_typesupport_introspection_c.cpython-310-aarch64-linux-gnu.so
[2.941s] -- Up-to-date: /home/ras4/nuc_ws/src/install/astra_camera_msgs/local/lib/python3.10/dist-packages/astra_camera_msgs/astra_camera_msgs_s__rosidl_typesupport_c.cpython-310-aarch64-linux-gnu.so
[2.946s] -- Up-to-date: /home/ras4/nuc_ws/src/install/astra_camera_msgs/lib/libastra_camera_msgs__rosidl_generator_py.so
[2.948s] -- Up-to-date: /home/ras4/nuc_ws/src/install/astra_camera_msgs/share/astra_camera_msgs/msg/DeviceInfo.idl
[2.949s] -- Up-to-date: /home/ras4/nuc_ws/src/install/astra_camera_msgs/share/astra_camera_msgs/msg/Extrinsics.idl
[2.949s] -- Up-to-date: /home/ras4/nuc_ws/src/install/astra_camera_msgs/share/astra_camera_msgs/msg/Metadata.idl
[2.950s] -- Up-to-date: /home/ras4/nuc_ws/src/install/astra_camera_msgs/share/astra_camera_msgs/srv/GetDeviceInfo.idl
[2.951s] -- Up-to-date: /home/ras4/nuc_ws/src/install/astra_camera_msgs/share/astra_camera_msgs/srv/GetCameraInfo.idl
[2.951s] -- Up-to-date: /home/ras4/nuc_ws/src/install/astra_camera_msgs/share/astra_camera_msgs/srv/GetCameraParams.idl
[2.952s] -- Up-to-date: /home/ras4/nuc_ws/src/install/astra_camera_msgs/share/astra_camera_msgs/srv/GetInt32.idl
[2.953s] -- Up-to-date: /home/ras4/nuc_ws/src/install/astra_camera_msgs/share/astra_camera_msgs/srv/GetString.idl
[2.953s] -- Up-to-date: /home/ras4/nuc_ws/src/install/astra_camera_msgs/share/astra_camera_msgs/srv/SetInt32.idl
[2.954s] -- Up-to-date: /home/ras4/nuc_ws/src/install/astra_camera_msgs/share/astra_camera_msgs/msg/DeviceInfo.msg
[2.954s] -- Up-to-date: /home/ras4/nuc_ws/src/install/astra_camera_msgs/share/astra_camera_msgs/msg/Extrinsics.msg
[2.955s] -- Up-to-date: /home/ras4/nuc_ws/src/install/astra_camera_msgs/share/astra_camera_msgs/msg/Metadata.msg
[2.955s] -- Up-to-date: /home/ras4/nuc_ws/src/install/astra_camera_msgs/share/astra_camera_msgs/srv/GetDeviceInfo.srv
[2.956s] -- Up-to-date: /home/ras4/nuc_ws/src/install/astra_camera_msgs/share/astra_camera_msgs/srv/GetDeviceInfo_Request.msg
[2.956s] -- Up-to-date: /home/ras4/nuc_ws/src/install/astra_camera_msgs/share/astra_camera_msgs/srv/GetDeviceInfo_Response.msg
[2.957s] -- Up-to-date: /home/ras4/nuc_ws/src/install/astra_camera_msgs/share/astra_camera_msgs/srv/GetCameraInfo.srv
[2.957s] -- Up-to-date: /home/ras4/nuc_ws/src/install/astra_camera_msgs/share/astra_camera_msgs/srv/GetCameraInfo_Request.msg
[2.958s] -- Up-to-date: /home/ras4/nuc_ws/src/install/astra_camera_msgs/share/astra_camera_msgs/srv/GetCameraInfo_Response.msg
[2.958s] -- Up-to-date: /home/ras4/nuc_ws/src/install/astra_camera_msgs/share/astra_camera_msgs/srv/GetCameraParams.srv
[2.959s] -- Up-to-date: /home/ras4/nuc_ws/src/install/astra_camera_msgs/share/astra_camera_msgs/srv/GetCameraParams_Request.msg
[2.959s] -- Up-to-date: /home/ras4/nuc_ws/src/install/astra_camera_msgs/share/astra_camera_msgs/srv/GetCameraParams_Response.msg
[2.960s] -- Up-to-date: /home/ras4/nuc_ws/src/install/astra_camera_msgs/share/astra_camera_msgs/srv/GetInt32.srv
[2.960s] -- Up-to-date: /home/ras4/nuc_ws/src/install/astra_camera_msgs/share/astra_camera_msgs/srv/GetInt32_Request.msg
[2.961s] -- Up-to-date: /home/ras4/nuc_ws/src/install/astra_camera_msgs/share/astra_camera_msgs/srv/GetInt32_Response.msg
[2.961s] -- Up-to-date: /home/ras4/nuc_ws/src/install/astra_camera_msgs/share/astra_camera_msgs/srv/GetString.srv
[2.962s] -- Up-to-date: /home/ras4/nuc_ws/src/install/astra_camera_msgs/share/astra_camera_msgs/srv/GetString_Request.msg
[2.962s] -- Up-to-date: /home/ras4/nuc_ws/src/install/astra_camera_msgs/share/astra_camera_msgs/srv/GetString_Response.msg
[2.963s] -- Up-to-date: /home/ras4/nuc_ws/src/install/astra_camera_msgs/share/astra_camera_msgs/srv/SetInt32.srv
[2.963s] -- Up-to-date: /home/ras4/nuc_ws/src/install/astra_camera_msgs/share/astra_camera_msgs/srv/SetInt32_Request.msg
[2.964s] -- Up-to-date: /home/ras4/nuc_ws/src/install/astra_camera_msgs/share/astra_camera_msgs/srv/SetInt32_Response.msg
[2.964s] -- Up-to-date: /home/ras4/nuc_ws/src/install/astra_camera_msgs/share/ament_index/resource_index/package_run_dependencies/astra_camera_msgs
[2.965s] -- Up-to-date: /home/ras4/nuc_ws/src/install/astra_camera_msgs/share/ament_index/resource_index/parent_prefix_path/astra_camera_msgs
[2.966s] -- Up-to-date: /home/ras4/nuc_ws/src/install/astra_camera_msgs/share/astra_camera_msgs/environment/ament_prefix_path.sh
[2.967s] -- Up-to-date: /home/ras4/nuc_ws/src/install/astra_camera_msgs/share/astra_camera_msgs/environment/ament_prefix_path.dsv
[2.967s] -- Up-to-date: /home/ras4/nuc_ws/src/install/astra_camera_msgs/share/astra_camera_msgs/environment/path.sh
[2.968s] -- Up-to-date: /home/ras4/nuc_ws/src/install/astra_camera_msgs/share/astra_camera_msgs/environment/path.dsv
[2.968s] -- Up-to-date: /home/ras4/nuc_ws/src/install/astra_camera_msgs/share/astra_camera_msgs/local_setup.bash
[2.969s] -- Up-to-date: /home/ras4/nuc_ws/src/install/astra_camera_msgs/share/astra_camera_msgs/local_setup.sh
[2.969s] -- Up-to-date: /home/ras4/nuc_ws/src/install/astra_camera_msgs/share/astra_camera_msgs/local_setup.zsh
[2.970s] -- Up-to-date: /home/ras4/nuc_ws/src/install/astra_camera_msgs/share/astra_camera_msgs/local_setup.dsv
[2.970s] -- Installing: /home/ras4/nuc_ws/src/install/astra_camera_msgs/share/astra_camera_msgs/package.dsv
[2.973s] -- Up-to-date: /home/ras4/nuc_ws/src/install/astra_camera_msgs/share/ament_index/resource_index/packages/astra_camera_msgs
[2.976s] -- Up-to-date: /home/ras4/nuc_ws/src/install/astra_camera_msgs/share/astra_camera_msgs/cmake/export_astra_camera_msgs__rosidl_generator_cExport.cmake
[2.977s] -- Up-to-date: /home/ras4/nuc_ws/src/install/astra_camera_msgs/share/astra_camera_msgs/cmake/export_astra_camera_msgs__rosidl_generator_cExport-noconfig.cmake
[2.979s] -- Up-to-date: /home/ras4/nuc_ws/src/install/astra_camera_msgs/share/astra_camera_msgs/cmake/export_astra_camera_msgs__rosidl_typesupport_fastrtps_cExport.cmake
[2.980s] -- Up-to-date: /home/ras4/nuc_ws/src/install/astra_camera_msgs/share/astra_camera_msgs/cmake/export_astra_camera_msgs__rosidl_typesupport_fastrtps_cExport-noconfig.cmake
[2.982s] -- Up-to-date: /home/ras4/nuc_ws/src/install/astra_camera_msgs/share/astra_camera_msgs/cmake/astra_camera_msgs__rosidl_typesupport_introspection_cExport.cmake
[2.983s] -- Up-to-date: /home/ras4/nuc_ws/src/install/astra_camera_msgs/share/astra_camera_msgs/cmake/astra_camera_msgs__rosidl_typesupport_introspection_cExport-noconfig.cmake
[2.985s] -- Up-to-date: /home/ras4/nuc_ws/src/install/astra_camera_msgs/share/astra_camera_msgs/cmake/astra_camera_msgs__rosidl_typesupport_cExport.cmake
[2.985s] -- Up-to-date: /home/ras4/nuc_ws/src/install/astra_camera_msgs/share/astra_camera_msgs/cmake/astra_camera_msgs__rosidl_typesupport_cExport-noconfig.cmake
[2.988s] -- Up-to-date: /home/ras4/nuc_ws/src/install/astra_camera_msgs/share/astra_camera_msgs/cmake/export_astra_camera_msgs__rosidl_generator_cppExport.cmake
[2.990s] -- Up-to-date: /home/ras4/nuc_ws/src/install/astra_camera_msgs/share/astra_camera_msgs/cmake/export_astra_camera_msgs__rosidl_typesupport_fastrtps_cppExport.cmake
[2.990s] -- Up-to-date: /home/ras4/nuc_ws/src/install/astra_camera_msgs/share/astra_camera_msgs/cmake/export_astra_camera_msgs__rosidl_typesupport_fastrtps_cppExport-noconfig.cmake
[2.993s] -- Up-to-date: /home/ras4/nuc_ws/src/install/astra_camera_msgs/share/astra_camera_msgs/cmake/astra_camera_msgs__rosidl_typesupport_introspection_cppExport.cmake
[2.994s] -- Up-to-date: /home/ras4/nuc_ws/src/install/astra_camera_msgs/share/astra_camera_msgs/cmake/astra_camera_msgs__rosidl_typesupport_introspection_cppExport-noconfig.cmake
[2.996s] -- Up-to-date: /home/ras4/nuc_ws/src/install/astra_camera_msgs/share/astra_camera_msgs/cmake/astra_camera_msgs__rosidl_typesupport_cppExport.cmake
[2.996s] -- Up-to-date: /home/ras4/nuc_ws/src/install/astra_camera_msgs/share/astra_camera_msgs/cmake/astra_camera_msgs__rosidl_typesupport_cppExport-noconfig.cmake
[2.999s] -- Up-to-date: /home/ras4/nuc_ws/src/install/astra_camera_msgs/share/astra_camera_msgs/cmake/export_astra_camera_msgs__rosidl_generator_pyExport.cmake
[2.999s] -- Up-to-date: /home/ras4/nuc_ws/src/install/astra_camera_msgs/share/astra_camera_msgs/cmake/export_astra_camera_msgs__rosidl_generator_pyExport-noconfig.cmake
[3.000s] -- Up-to-date: /home/ras4/nuc_ws/src/install/astra_camera_msgs/share/astra_camera_msgs/cmake/rosidl_cmake-extras.cmake
[3.001s] -- Up-to-date: /home/ras4/nuc_ws/src/install/astra_camera_msgs/share/astra_camera_msgs/cmake/ament_cmake_export_dependencies-extras.cmake
[3.001s] -- Up-to-date: /home/ras4/nuc_ws/src/install/astra_camera_msgs/share/astra_camera_msgs/cmake/ament_cmake_export_include_directories-extras.cmake
[3.002s] -- Up-to-date: /home/ras4/nuc_ws/src/install/astra_camera_msgs/share/astra_camera_msgs/cmake/ament_cmake_export_libraries-extras.cmake
[3.003s] -- Up-to-date: /home/ras4/nuc_ws/src/install/astra_camera_msgs/share/astra_camera_msgs/cmake/ament_cmake_export_targets-extras.cmake
[3.003s] -- Up-to-date: /home/ras4/nuc_ws/src/install/astra_camera_msgs/share/astra_camera_msgs/cmake/rosidl_cmake_export_typesupport_targets-extras.cmake
[3.004s] -- Up-to-date: /home/ras4/nuc_ws/src/install/astra_camera_msgs/share/astra_camera_msgs/cmake/rosidl_cmake_export_typesupport_libraries-extras.cmake
[3.004s] -- Up-to-date: /home/ras4/nuc_ws/src/install/astra_camera_msgs/share/astra_camera_msgs/cmake/astra_camera_msgsConfig.cmake
[3.005s] -- Up-to-date: /home/ras4/nuc_ws/src/install/astra_camera_msgs/share/astra_camera_msgs/cmake/astra_camera_msgsConfig-version.cmake
[3.006s] -- Up-to-date: /home/ras4/nuc_ws/src/install/astra_camera_msgs/share/astra_camera_msgs/package.xml
[3.017s] Invoked command in '/home/ras4/nuc_ws/src/build/astra_camera_msgs' returned '0': CMAKE_PREFIX_PATH=${CMAKE_PREFIX_PATH}:/home/ras4/nuc_ws/install/xbox_control_pkg:/home/ras4/nuc_ws/install/odometry_pkg:/home/ras4/nuc_ws/install/camera_pkg:/home/ras4/nuc_ws/install/arm_pkg:/home/ras4/nuc_ws/src/install/xbox_control_pkg:/home/ras4/nuc_ws/src/install/odometry_pkg:/home/ras4/nuc_ws/src/install/camera_pkg:/home/ras4/nuc_ws/src/install/arm_pkg:/opt/ros/humble /usr/bin/cmake --install /home/ras4/nuc_ws/src/build/astra_camera_msgs
