/home/ras4/nuc_ws/install/odometry_pkg/lib/python3.10/site-packages/odometry_pkg/controller.py
/home/ras4/nuc_ws/install/odometry_pkg/lib/python3.10/site-packages/odometry_pkg/rpmtrue_publisher.py
/home/ras4/nuc_ws/install/odometry_pkg/lib/python3.10/site-packages/odometry_pkg/__init__.py
/home/ras4/nuc_ws/install/odometry_pkg/lib/python3.10/site-packages/odometry_pkg/odometry_node.py
/home/ras4/nuc_ws/install/odometry_pkg/lib/python3.10/site-packages/odometry_pkg/efk.py
/home/ras4/nuc_ws/install/odometry_pkg/lib/python3.10/site-packages/odometry_pkg/utils.py
/home/ras4/nuc_ws/install/odometry_pkg/lib/python3.10/site-packages/odometry_pkg/__pycache__/controller.cpython-310.pyc
/home/ras4/nuc_ws/install/odometry_pkg/lib/python3.10/site-packages/odometry_pkg/__pycache__/rpmtrue_publisher.cpython-310.pyc
/home/ras4/nuc_ws/install/odometry_pkg/lib/python3.10/site-packages/odometry_pkg/__pycache__/__init__.cpython-310.pyc
/home/ras4/nuc_ws/install/odometry_pkg/lib/python3.10/site-packages/odometry_pkg/__pycache__/odometry_node.cpython-310.pyc
/home/ras4/nuc_ws/install/odometry_pkg/lib/python3.10/site-packages/odometry_pkg/__pycache__/efk.cpython-310.pyc
/home/ras4/nuc_ws/install/odometry_pkg/lib/python3.10/site-packages/odometry_pkg/__pycache__/utils.cpython-310.pyc
/home/ras4/nuc_ws/install/odometry_pkg/share/ament_index/resource_index/packages/odometry_pkg
/home/ras4/nuc_ws/install/odometry_pkg/share/odometry_pkg/package.xml
/home/ras4/nuc_ws/install/odometry_pkg/lib/python3.10/site-packages/odometry_pkg-0.0.0-py3.10.egg-info/zip-safe
/home/ras4/nuc_ws/install/odometry_pkg/lib/python3.10/site-packages/odometry_pkg-0.0.0-py3.10.egg-info/PKG-INFO
/home/ras4/nuc_ws/install/odometry_pkg/lib/python3.10/site-packages/odometry_pkg-0.0.0-py3.10.egg-info/top_level.txt
/home/ras4/nuc_ws/install/odometry_pkg/lib/python3.10/site-packages/odometry_pkg-0.0.0-py3.10.egg-info/requires.txt
/home/ras4/nuc_ws/install/odometry_pkg/lib/python3.10/site-packages/odometry_pkg-0.0.0-py3.10.egg-info/entry_points.txt
/home/ras4/nuc_ws/install/odometry_pkg/lib/python3.10/site-packages/odometry_pkg-0.0.0-py3.10.egg-info/dependency_links.txt
/home/ras4/nuc_ws/install/odometry_pkg/lib/python3.10/site-packages/odometry_pkg-0.0.0-py3.10.egg-info/SOURCES.txt
/home/ras4/nuc_ws/install/odometry_pkg/lib/odometry_pkg/imu_vesc_listener
/home/ras4/nuc_ws/install/odometry_pkg/lib/odometry_pkg/odometry_node
/home/ras4/nuc_ws/install/odometry_pkg/lib/odometry_pkg/rpm_test_publisher
/home/ras4/nuc_ws/install/odometry_pkg/lib/odometry_pkg/rpmtrue_publisher
