[2.316s] Invoking command in '/home/ras4/nuc_ws/src/camera_pkg': PYTHONPATH=/home/ras4/nuc_ws/build/camera_pkg/prefix_override:/usr/lib/python3/dist-packages/colcon_core/task/python/colcon_distutils_commands:/home/ras4/nuc_ws/install/camera_pkg/lib/python3.10/site-packages:${PYTHONPATH} /usr/bin/python3 -W ignore:setup.py install is deprecated -W ignore:easy_install command is deprecated setup.py egg_info --egg-base ../../build/camera_pkg build --build-base /home/ras4/nuc_ws/build/camera_pkg/build install --record /home/ras4/nuc_ws/build/camera_pkg/install.log --single-version-externally-managed install_data
[3.179s] /usr/lib/python3/dist-packages/setuptools/dist.py:723: UserWarning: Usage of dash-separated 'description-file' will not be supported in future versions. Please use the underscore name 'description_file' instead
[3.179s]   warnings.warn(
[3.224s] running egg_info
[3.226s] creating ../../build/camera_pkg/camera_pkg.egg-info
[3.227s] writing ../../build/camera_pkg/camera_pkg.egg-info/PKG-INFO
[3.228s] writing dependency_links to ../../build/camera_pkg/camera_pkg.egg-info/dependency_links.txt
[3.228s] writing entry points to ../../build/camera_pkg/camera_pkg.egg-info/entry_points.txt
[3.229s] writing requirements to ../../build/camera_pkg/camera_pkg.egg-info/requires.txt
[3.229s] writing top-level names to ../../build/camera_pkg/camera_pkg.egg-info/top_level.txt
[3.230s] writing manifest file '../../build/camera_pkg/camera_pkg.egg-info/SOURCES.txt'
[3.237s] reading manifest file '../../build/camera_pkg/camera_pkg.egg-info/SOURCES.txt'
[3.241s] writing manifest file '../../build/camera_pkg/camera_pkg.egg-info/SOURCES.txt'
[3.242s] running build
[3.242s] running build_py
[3.243s] creating /home/ras4/nuc_ws/build/camera_pkg/build
[3.243s] creating /home/ras4/nuc_ws/build/camera_pkg/build/lib
[3.244s] creating /home/ras4/nuc_ws/build/camera_pkg/build/lib/camera_pkg
[3.244s] copying camera_pkg/framepublisher.py -> /home/ras4/nuc_ws/build/camera_pkg/build/lib/camera_pkg
[3.245s] copying camera_pkg/pixel_to_point3d.py -> /home/ras4/nuc_ws/build/camera_pkg/build/lib/camera_pkg
[3.246s] copying camera_pkg/__init__.py -> /home/ras4/nuc_ws/build/camera_pkg/build/lib/camera_pkg
[3.248s] running install
[3.249s] running install_lib
[3.253s] creating /home/ras4/nuc_ws/install/camera_pkg/lib/python3.10/site-packages/camera_pkg
[3.253s] copying /home/ras4/nuc_ws/build/camera_pkg/build/lib/camera_pkg/framepublisher.py -> /home/ras4/nuc_ws/install/camera_pkg/lib/python3.10/site-packages/camera_pkg
[3.254s] copying /home/ras4/nuc_ws/build/camera_pkg/build/lib/camera_pkg/pixel_to_point3d.py -> /home/ras4/nuc_ws/install/camera_pkg/lib/python3.10/site-packages/camera_pkg
[3.255s] copying /home/ras4/nuc_ws/build/camera_pkg/build/lib/camera_pkg/__init__.py -> /home/ras4/nuc_ws/install/camera_pkg/lib/python3.10/site-packages/camera_pkg
[3.257s] byte-compiling /home/ras4/nuc_ws/install/camera_pkg/lib/python3.10/site-packages/camera_pkg/framepublisher.py to framepublisher.cpython-310.pyc
[3.261s] byte-compiling /home/ras4/nuc_ws/install/camera_pkg/lib/python3.10/site-packages/camera_pkg/pixel_to_point3d.py to pixel_to_point3d.cpython-310.pyc
[3.264s] byte-compiling /home/ras4/nuc_ws/install/camera_pkg/lib/python3.10/site-packages/camera_pkg/__init__.py to __init__.cpython-310.pyc
[3.265s] running install_data
[3.266s] creating /home/ras4/nuc_ws/install/camera_pkg/share/ament_index
[3.266s] creating /home/ras4/nuc_ws/install/camera_pkg/share/ament_index/resource_index
[3.267s] creating /home/ras4/nuc_ws/install/camera_pkg/share/ament_index/resource_index/packages
[3.269s] copying resource/camera_pkg -> /home/ras4/nuc_ws/install/camera_pkg/share/ament_index/resource_index/packages
[3.270s] copying package.xml -> /home/ras4/nuc_ws/install/camera_pkg/share/camera_pkg
[3.271s] creating /home/ras4/nuc_ws/install/camera_pkg/share/camera_pkg/launch
[3.271s] copying launch/camera.launch.py -> /home/ras4/nuc_ws/install/camera_pkg/share/camera_pkg/launch
[3.272s] running install_egg_info
[3.278s] Copying ../../build/camera_pkg/camera_pkg.egg-info to /home/ras4/nuc_ws/install/camera_pkg/lib/python3.10/site-packages/camera_pkg-0.1.0-py3.10.egg-info
[3.284s] running install_scripts
[3.364s] Installing framepublisher script to /home/ras4/nuc_ws/install/camera_pkg/lib/camera_pkg
[3.365s] Installing pixel_to_point3d script to /home/ras4/nuc_ws/install/camera_pkg/lib/camera_pkg
[3.366s] writing list of installed files to '/home/ras4/nuc_ws/build/camera_pkg/install.log'
[3.482s] Invoked command in '/home/ras4/nuc_ws/src/camera_pkg' returned '0': PYTHONPATH=/home/ras4/nuc_ws/build/camera_pkg/prefix_override:/usr/lib/python3/dist-packages/colcon_core/task/python/colcon_distutils_commands:/home/ras4/nuc_ws/install/camera_pkg/lib/python3.10/site-packages:${PYTHONPATH} /usr/bin/python3 -W ignore:setup.py install is deprecated -W ignore:easy_install command is deprecated setup.py egg_info --egg-base ../../build/camera_pkg build --build-base /home/ras4/nuc_ws/build/camera_pkg/build install --record /home/ras4/nuc_ws/build/camera_pkg/install.log --single-version-externally-managed install_data
