[1.691s] Invoking command in '/home/robotec/ros2_ws/src/arm_pkg': PYTHONPATH=/home/robotec/ros2_ws/build/arm_pkg/prefix_override:/usr/lib/python3/dist-packages/colcon_core/task/python/colcon_distutils_commands:/home/robotec/ros2_ws/install/arm_pkg/lib/python3.10/site-packages:${PYTHONPATH} /usr/bin/python3 -W ignore:setup.py install is deprecated -W ignore:easy_install command is deprecated setup.py egg_info --egg-base ../../build/arm_pkg build --build-base /home/robotec/ros2_ws/build/arm_pkg/build install --record /home/robotec/ros2_ws/build/arm_pkg/install.log --single-version-externally-managed install_data
[2.246s] running egg_info
[2.247s] writing ../../build/arm_pkg/arm_pkg.egg-info/PKG-INFO
[2.248s] writing dependency_links to ../../build/arm_pkg/arm_pkg.egg-info/dependency_links.txt
[2.249s] writing entry points to ../../build/arm_pkg/arm_pkg.egg-info/entry_points.txt
[2.250s] writing requirements to ../../build/arm_pkg/arm_pkg.egg-info/requires.txt
[2.250s] writing top-level names to ../../build/arm_pkg/arm_pkg.egg-info/top_level.txt
[2.254s] reading manifest file '../../build/arm_pkg/arm_pkg.egg-info/SOURCES.txt'
[2.257s] writing manifest file '../../build/arm_pkg/arm_pkg.egg-info/SOURCES.txt'
[2.257s] running build
[2.257s] running build_py
[2.259s] running install
[2.259s] running install_lib
[2.262s] running install_data
[2.263s] running install_egg_info
[2.267s] removing '/home/robotec/ros2_ws/install/arm_pkg/lib/python3.10/site-packages/arm_pkg-0.0.0-py3.10.egg-info' (and everything under it)
[2.269s] Copying ../../build/arm_pkg/arm_pkg.egg-info to /home/robotec/ros2_ws/install/arm_pkg/lib/python3.10/site-packages/arm_pkg-0.0.0-py3.10.egg-info
[2.270s] running install_scripts
[2.311s] Installing clicked_point_subscriber script to /home/robotec/ros2_ws/install/arm_pkg/lib/arm_pkg
[2.312s] writing list of installed files to '/home/robotec/ros2_ws/build/arm_pkg/install.log'
[2.503s] Invoked command in '/home/robotec/ros2_ws/src/arm_pkg' returned '0': PYTHONPATH=/home/robotec/ros2_ws/build/arm_pkg/prefix_override:/usr/lib/python3/dist-packages/colcon_core/task/python/colcon_distutils_commands:/home/robotec/ros2_ws/install/arm_pkg/lib/python3.10/site-packages:${PYTHONPATH} /usr/bin/python3 -W ignore:setup.py install is deprecated -W ignore:easy_install command is deprecated setup.py egg_info --egg-base ../../build/arm_pkg build --build-base /home/robotec/ros2_ws/build/arm_pkg/build install --record /home/robotec/ros2_ws/build/arm_pkg/install.log --single-version-externally-managed install_data
