/usr/lib/python3/dist-packages/setuptools/dist.py:723: UserWarning: Usage of dash-separated 'description-file' will not be supported in future versions. Please use the underscore name 'description_file' instead
  warnings.warn(
running egg_info
writing ../../build/camera_pkg/camera_pkg.egg-info/PKG-INFO
writing dependency_links to ../../build/camera_pkg/camera_pkg.egg-info/dependency_links.txt
writing entry points to ../../build/camera_pkg/camera_pkg.egg-info/entry_points.txt
writing requirements to ../../build/camera_pkg/camera_pkg.egg-info/requires.txt
writing top-level names to ../../build/camera_pkg/camera_pkg.egg-info/top_level.txt
reading manifest file '../../build/camera_pkg/camera_pkg.egg-info/SOURCES.txt'
writing manifest file '../../build/camera_pkg/camera_pkg.egg-info/SOURCES.txt'
running build
running build_py
running install
running install_lib
running install_data
running install_egg_info
removing '/home/ras4/nuc_ws/install/camera_pkg/lib/python3.10/site-packages/camera_pkg-0.1.0-py3.10.egg-info' (and everything under it)
Copying ../../build/camera_pkg/camera_pkg.egg-info to /home/ras4/nuc_ws/install/camera_pkg/lib/python3.10/site-packages/camera_pkg-0.1.0-py3.10.egg-info
running install_scripts
Installing framepublisher script to /home/ras4/nuc_ws/install/camera_pkg/lib/camera_pkg
Installing pixel_to_point3d script to /home/ras4/nuc_ws/install/camera_pkg/lib/camera_pkg
writing list of installed files to '/home/ras4/nuc_ws/build/camera_pkg/install.log'
