[2.927s] Invoking command in '/home/ras4/nuc_ws/src/xbox_control_pkg': PYTHONPATH=/home/ras4/nuc_ws/build/xbox_control_pkg/prefix_override:/usr/lib/python3/dist-packages/colcon_core/task/python/colcon_distutils_commands:/home/ras4/nuc_ws/install/xbox_control_pkg/lib/python3.10/site-packages:${PYTHONPATH} /usr/bin/python3 -W ignore:setup.py install is deprecated -W ignore:easy_install command is deprecated setup.py egg_info --egg-base ../../build/xbox_control_pkg build --build-base /home/ras4/nuc_ws/build/xbox_control_pkg/build install --record /home/ras4/nuc_ws/build/xbox_control_pkg/install.log --single-version-externally-managed install_data
[4.014s] running egg_info
[4.017s] writing ../../build/xbox_control_pkg/xbox_control_pkg.egg-info/PKG-INFO
[4.018s] writing dependency_links to ../../build/xbox_control_pkg/xbox_control_pkg.egg-info/dependency_links.txt
[4.020s] writing entry points to ../../build/xbox_control_pkg/xbox_control_pkg.egg-info/entry_points.txt
[4.021s] writing requirements to ../../build/xbox_control_pkg/xbox_control_pkg.egg-info/requires.txt
[4.022s] writing top-level names to ../../build/xbox_control_pkg/xbox_control_pkg.egg-info/top_level.txt
[4.030s] reading manifest file '../../build/xbox_control_pkg/xbox_control_pkg.egg-info/SOURCES.txt'
[4.035s] writing manifest file '../../build/xbox_control_pkg/xbox_control_pkg.egg-info/SOURCES.txt'
[4.035s] running build
[4.036s] running build_py
[4.038s] copying xbox_control_pkg/xbox_control_node.py -> /home/ras4/nuc_ws/build/xbox_control_pkg/build/lib/xbox_control_pkg
[4.039s] running install
[4.041s] running install_lib
[4.044s] copying /home/ras4/nuc_ws/build/xbox_control_pkg/build/lib/xbox_control_pkg/xbox_control_node.py -> /home/ras4/nuc_ws/install/xbox_control_pkg/lib/python3.10/site-packages/xbox_control_pkg
[4.048s] byte-compiling /home/ras4/nuc_ws/install/xbox_control_pkg/lib/python3.10/site-packages/xbox_control_pkg/xbox_control_node.py to xbox_control_node.cpython-310.pyc
[4.055s] running install_data
[4.056s] copying package.xml -> /home/ras4/nuc_ws/install/xbox_control_pkg/share/xbox_control_pkg
[4.057s] running install_egg_info
[4.065s] removing '/home/ras4/nuc_ws/install/xbox_control_pkg/lib/python3.10/site-packages/xbox_control_pkg-0.0.0-py3.10.egg-info' (and everything under it)
[4.068s] Copying ../../build/xbox_control_pkg/xbox_control_pkg.egg-info to /home/ras4/nuc_ws/install/xbox_control_pkg/lib/python3.10/site-packages/xbox_control_pkg-0.0.0-py3.10.egg-info
[4.074s] running install_scripts
[4.158s] Installing control_rizz_node script to /home/ras4/nuc_ws/install/xbox_control_pkg/lib/xbox_control_pkg
[4.159s] Installing xbox_control_node script to /home/ras4/nuc_ws/install/xbox_control_pkg/lib/xbox_control_pkg
[4.162s] writing list of installed files to '/home/ras4/nuc_ws/build/xbox_control_pkg/install.log'
[4.284s] Invoked command in '/home/ras4/nuc_ws/src/xbox_control_pkg' returned '0': PYTHONPATH=/home/ras4/nuc_ws/build/xbox_control_pkg/prefix_override:/usr/lib/python3/dist-packages/colcon_core/task/python/colcon_distutils_commands:/home/ras4/nuc_ws/install/xbox_control_pkg/lib/python3.10/site-packages:${PYTHONPATH} /usr/bin/python3 -W ignore:setup.py install is deprecated -W ignore:easy_install command is deprecated setup.py egg_info --egg-base ../../build/xbox_control_pkg build --build-base /home/ras4/nuc_ws/build/xbox_control_pkg/build install --record /home/ras4/nuc_ws/build/xbox_control_pkg/install.log --single-version-externally-managed install_data
