[2.457s] Invoking command in '/home/ras4/nuc_ws/src/odometry_pkg': PYTHONPATH=/home/ras4/nuc_ws/build/odometry_pkg/prefix_override:/usr/lib/python3/dist-packages/colcon_core/task/python/colcon_distutils_commands:/home/ras4/nuc_ws/install/odometry_pkg/lib/python3.10/site-packages:${PYTHONPATH} /usr/bin/python3 -W ignore:setup.py install is deprecated -W ignore:easy_install command is deprecated setup.py egg_info --egg-base ../../build/odometry_pkg build --build-base /home/ras4/nuc_ws/build/odometry_pkg/build install --record /home/ras4/nuc_ws/build/odometry_pkg/install.log --single-version-externally-managed install_data
[3.419s] running egg_info
[3.422s] writing ../../build/odometry_pkg/odometry_pkg.egg-info/PKG-INFO
[3.423s] writing dependency_links to ../../build/odometry_pkg/odometry_pkg.egg-info/dependency_links.txt
[3.424s] writing entry points to ../../build/odometry_pkg/odometry_pkg.egg-info/entry_points.txt
[3.425s] writing requirements to ../../build/odometry_pkg/odometry_pkg.egg-info/requires.txt
[3.426s] writing top-level names to ../../build/odometry_pkg/odometry_pkg.egg-info/top_level.txt
[3.433s] reading manifest file '../../build/odometry_pkg/odometry_pkg.egg-info/SOURCES.txt'
[3.438s] writing manifest file '../../build/odometry_pkg/odometry_pkg.egg-info/SOURCES.txt'
[3.439s] running build
[3.439s] running build_py
[3.441s] running install
[3.443s] running install_lib
[3.450s] running install_data
[3.451s] running install_egg_info
[3.458s] removing '/home/ras4/nuc_ws/install/odometry_pkg/lib/python3.10/site-packages/odometry_pkg-0.0.0-py3.10.egg-info' (and everything under it)
[3.459s] Copying ../../build/odometry_pkg/odometry_pkg.egg-info to /home/ras4/nuc_ws/install/odometry_pkg/lib/python3.10/site-packages/odometry_pkg-0.0.0-py3.10.egg-info
[3.464s] running install_scripts
[3.549s] Installing imu_vesc_listener script to /home/ras4/nuc_ws/install/odometry_pkg/lib/odometry_pkg
[3.550s] Installing odometry_node script to /home/ras4/nuc_ws/install/odometry_pkg/lib/odometry_pkg
[3.551s] Installing rpm_test_publisher script to /home/ras4/nuc_ws/install/odometry_pkg/lib/odometry_pkg
[3.551s] Installing rpmtrue_publisher script to /home/ras4/nuc_ws/install/odometry_pkg/lib/odometry_pkg
[3.553s] writing list of installed files to '/home/ras4/nuc_ws/build/odometry_pkg/install.log'
[3.670s] Invoked command in '/home/ras4/nuc_ws/src/odometry_pkg' returned '0': PYTHONPATH=/home/ras4/nuc_ws/build/odometry_pkg/prefix_override:/usr/lib/python3/dist-packages/colcon_core/task/python/colcon_distutils_commands:/home/ras4/nuc_ws/install/odometry_pkg/lib/python3.10/site-packages:${PYTHONPATH} /usr/bin/python3 -W ignore:setup.py install is deprecated -W ignore:easy_install command is deprecated setup.py egg_info --egg-base ../../build/odometry_pkg build --build-base /home/ras4/nuc_ws/build/odometry_pkg/build install --record /home/ras4/nuc_ws/build/odometry_pkg/install.log --single-version-externally-managed install_data
